

================================================================
== Vitis HLS Report for 'ccsds_wavelet_transform'
================================================================
* Date:           Tue May  5 16:58:43 2026

* Version:        2025.2 (Build 6295257 on Nov 14 2025)
* Project:        proj_wavelet
* Solution:       solution (Vivado IP Flow Target)
* Product family: zynq
* Target device:  xc7z020-clg484-1


================================================================
== Performance Estimates
================================================================
+ Timing: 
    * Summary: 
    +--------+----------+----------+------------+
    |  Clock |  Target  | Estimated| Uncertainty|
    +--------+----------+----------+------------+
    |ap_clk  |  10.00 ns|  8.608 ns|     2.70 ns|
    +--------+----------+----------+------------+

+ Latency: 
    * Summary: 
    +---------+---------+----------+----------+-----+-----+---------+
    |  Latency (cycles) |  Latency (absolute) |  Interval | Pipeline|
    |   min   |   max   |    min   |    max   | min | max |   Type  |
    +---------+---------+----------+----------+-----+-----+---------+
    |        ?|        ?|         ?|         ?|    ?|    ?|       no|
    +---------+---------+----------+----------+-----+-----+---------+

    + Detail: 
        * Instance: 
        +------------------------------------------------------------+--------------------------------------------------+---------+---------+----------+----------+-----+-----+-------------------+
        |                                                            |                                                  |  Latency (cycles) |  Latency (absolute) |  Interval |      Pipeline     |
        |                          Instance                          |                      Module                      |   min   |   max   |    min   |    max   | min | max |        Type       |
        +------------------------------------------------------------+--------------------------------------------------+---------+---------+----------+----------+-----+-----+-------------------+
        |grp_ccsds_wavelet_transform_Pipeline_VITIS_LOOP_55_1_fu_76  |ccsds_wavelet_transform_Pipeline_VITIS_LOOP_55_1  |        ?|        ?|         ?|         ?|    0|    0|  loop pipeline stp|
        +------------------------------------------------------------+--------------------------------------------------+---------+---------+----------+----------+-----+-----+-------------------+

        * Loop: 
        N/A



================================================================
== Utilization Estimates
================================================================
* Summary: 
+-----------------+---------+-----+--------+-------+-----+
|       Name      | BRAM_18K| DSP |   FF   |  LUT  | URAM|
+-----------------+---------+-----+--------+-------+-----+
|DSP              |        -|    -|       -|      -|    -|
|Expression       |        -|    -|       0|     39|    -|
|FIFO             |        -|    -|       -|      -|    -|
|Instance         |        4|   28|    7868|   9521|    -|
|Memory           |        -|    -|       -|      -|    -|
|Multiplexer      |        -|    -|       0|     65|    -|
|Register         |        -|    -|     196|      -|    -|
+-----------------+---------+-----+--------+-------+-----+
|Total            |        4|   28|    8064|   9625|    0|
+-----------------+---------+-----+--------+-------+-----+
|Available        |      280|  220|  106400|  53200|    0|
+-----------------+---------+-----+--------+-------+-----+
|Utilization (%)  |        1|   12|       7|     18|    0|
+-----------------+---------+-----+--------+-------+-----+

+ Detail: 
    * Instance: 
    +------------------------------------------------------------+--------------------------------------------------+---------+----+------+------+-----+
    |                          Instance                          |                      Module                      | BRAM_18K| DSP|  FF  |  LUT | URAM|
    +------------------------------------------------------------+--------------------------------------------------+---------+----+------+------+-----+
    |grp_ccsds_wavelet_transform_Pipeline_VITIS_LOOP_55_1_fu_76  |ccsds_wavelet_transform_Pipeline_VITIS_LOOP_55_1  |        0|  28|  6264|  7467|    0|
    |control_s_axi_U                                             |control_s_axi                                     |        0|   0|   214|   360|    0|
    |gmem0_m_axi_U                                               |gmem0_m_axi                                       |        4|   0|   725|   843|    0|
    |gmem1_m_axi_U                                               |gmem1_m_axi                                       |        0|   0|   665|   851|    0|
    +------------------------------------------------------------+--------------------------------------------------+---------+----+------+------+-----+
    |Total                                                       |                                                  |        4|  28|  7868|  9521|    0|
    +------------------------------------------------------------+--------------------------------------------------+---------+----+------+------+-----+

    * DSP: 
    N/A

    * Memory: 
    N/A

    * FIFO: 
    N/A

    * Expression: 
    +-------------------+----------+----+---+----+------------+------------+
    |   Variable Name   | Operation| DSP| FF| LUT| Bitwidth P0| Bitwidth P1|
    +-------------------+----------+----+---+----+------------+------------+
    |add_ln65_fu_93_p2  |         +|   0|  0|  39|          32|           2|
    +-------------------+----------+----+---+----+------------+------------+
    |Total              |          |   0|  0|  39|          32|           2|
    +-------------------+----------+----+---+----+------------+------------+

    * Multiplexer: 
    +-----------------+----+-----------+-----+-----------+
    |       Name      | LUT| Input Size| Bits| Total Bits|
    +-----------------+----+-----------+-----+-----------+
    |ap_NS_fsm        |  20|          4|    1|          4|
    |gmem0_0_ARVALID  |   9|          2|    1|          2|
    |gmem0_0_RREADY   |   9|          2|    1|          2|
    |gmem1_0_AWVALID  |   9|          2|    1|          2|
    |gmem1_0_BREADY   |   9|          2|    1|          2|
    |gmem1_0_WVALID   |   9|          2|    1|          2|
    +-----------------+----+-----------+-----+-----------+
    |Total            |  65|         14|    6|         14|
    +-----------------+----+-----------+-----+-----------+

    * Register: 
    +-------------------------------------------------------------------------+----+----+-----+-----------+
    |                                   Name                                  | FF | LUT| Bits| Const Bits|
    +-------------------------------------------------------------------------+----+----+-----+-----------+
    |A_read_reg_111                                                           |  64|   0|   64|          0|
    |B_read_reg_106                                                           |  64|   0|   64|          0|
    |add_ln65_reg_116                                                         |  32|   0|   32|          0|
    |ap_CS_fsm                                                                |   3|   0|    3|          0|
    |grp_ccsds_wavelet_transform_Pipeline_VITIS_LOOP_55_1_fu_76_ap_start_reg  |   1|   0|    1|          0|
    |size_read_reg_100                                                        |  32|   0|   32|          0|
    +-------------------------------------------------------------------------+----+----+-----+-----------+
    |Total                                                                    | 196|   0|  196|          0|
    +-------------------------------------------------------------------------+----+----+-----+-----------+



================================================================
== Interface
================================================================
* Summary: 
+-----------------------+-----+-----+------------+-------------------------+--------------+
|       RTL Ports       | Dir | Bits|  Protocol  |      Source Object      |    C Type    |
+-----------------------+-----+-----+------------+-------------------------+--------------+
|s_axi_control_AWVALID  |   in|    1|       s_axi|                  control|        scalar|
|s_axi_control_AWREADY  |  out|    1|       s_axi|                  control|        scalar|
|s_axi_control_AWADDR   |   in|    6|       s_axi|                  control|        scalar|
|s_axi_control_WVALID   |   in|    1|       s_axi|                  control|        scalar|
|s_axi_control_WREADY   |  out|    1|       s_axi|                  control|        scalar|
|s_axi_control_WDATA    |   in|   32|       s_axi|                  control|        scalar|
|s_axi_control_WSTRB    |   in|    4|       s_axi|                  control|        scalar|
|s_axi_control_ARVALID  |   in|    1|       s_axi|                  control|        scalar|
|s_axi_control_ARREADY  |  out|    1|       s_axi|                  control|        scalar|
|s_axi_control_ARADDR   |   in|    6|       s_axi|                  control|        scalar|
|s_axi_control_RVALID   |  out|    1|       s_axi|                  control|        scalar|
|s_axi_control_RREADY   |   in|    1|       s_axi|                  control|        scalar|
|s_axi_control_RDATA    |  out|   32|       s_axi|                  control|        scalar|
|s_axi_control_RRESP    |  out|    2|       s_axi|                  control|        scalar|
|s_axi_control_BVALID   |  out|    1|       s_axi|                  control|        scalar|
|s_axi_control_BREADY   |   in|    1|       s_axi|                  control|        scalar|
|s_axi_control_BRESP    |  out|    2|       s_axi|                  control|        scalar|
|ap_clk                 |   in|    1|  ap_ctrl_hs|  ccsds_wavelet_transform|  return value|
|ap_rst_n               |   in|    1|  ap_ctrl_hs|  ccsds_wavelet_transform|  return value|
|interrupt              |  out|    1|  ap_ctrl_hs|  ccsds_wavelet_transform|  return value|
|m_axi_gmem0_AWVALID    |  out|    1|       m_axi|                    gmem0|       pointer|
|m_axi_gmem0_AWREADY    |   in|    1|       m_axi|                    gmem0|       pointer|
|m_axi_gmem0_AWADDR     |  out|   64|       m_axi|                    gmem0|       pointer|
|m_axi_gmem0_AWID       |  out|    1|       m_axi|                    gmem0|       pointer|
|m_axi_gmem0_AWLEN      |  out|    8|       m_axi|                    gmem0|       pointer|
|m_axi_gmem0_AWSIZE     |  out|    3|       m_axi|                    gmem0|       pointer|
|m_axi_gmem0_AWBURST    |  out|    2|       m_axi|                    gmem0|       pointer|
|m_axi_gmem0_AWLOCK     |  out|    2|       m_axi|                    gmem0|       pointer|
|m_axi_gmem0_AWCACHE    |  out|    4|       m_axi|                    gmem0|       pointer|
|m_axi_gmem0_AWPROT     |  out|    3|       m_axi|                    gmem0|       pointer|
|m_axi_gmem0_AWQOS      |  out|    4|       m_axi|                    gmem0|       pointer|
|m_axi_gmem0_AWREGION   |  out|    4|       m_axi|                    gmem0|       pointer|
|m_axi_gmem0_AWUSER     |  out|    1|       m_axi|                    gmem0|       pointer|
|m_axi_gmem0_WVALID     |  out|    1|       m_axi|                    gmem0|       pointer|
|m_axi_gmem0_WREADY     |   in|    1|       m_axi|                    gmem0|       pointer|
|m_axi_gmem0_WDATA      |  out|   64|       m_axi|                    gmem0|       pointer|
|m_axi_gmem0_WSTRB      |  out|    8|       m_axi|                    gmem0|       pointer|
|m_axi_gmem0_WLAST      |  out|    1|       m_axi|                    gmem0|       pointer|
|m_axi_gmem0_WID        |  out|    1|       m_axi|                    gmem0|       pointer|
|m_axi_gmem0_WUSER      |  out|    1|       m_axi|                    gmem0|       pointer|
|m_axi_gmem0_ARVALID    |  out|    1|       m_axi|                    gmem0|       pointer|
|m_axi_gmem0_ARREADY    |   in|    1|       m_axi|                    gmem0|       pointer|
|m_axi_gmem0_ARADDR     |  out|   64|       m_axi|                    gmem0|       pointer|
|m_axi_gmem0_ARID       |  out|    1|       m_axi|                    gmem0|       pointer|
|m_axi_gmem0_ARLEN      |  out|    8|       m_axi|                    gmem0|       pointer|
|m_axi_gmem0_ARSIZE     |  out|    3|       m_axi|                    gmem0|       pointer|
|m_axi_gmem0_ARBURST    |  out|    2|       m_axi|                    gmem0|       pointer|
|m_axi_gmem0_ARLOCK     |  out|    2|       m_axi|                    gmem0|       pointer|
|m_axi_gmem0_ARCACHE    |  out|    4|       m_axi|                    gmem0|       pointer|
|m_axi_gmem0_ARPROT     |  out|    3|       m_axi|                    gmem0|       pointer|
|m_axi_gmem0_ARQOS      |  out|    4|       m_axi|                    gmem0|       pointer|
|m_axi_gmem0_ARREGION   |  out|    4|       m_axi|                    gmem0|       pointer|
|m_axi_gmem0_ARUSER     |  out|    1|       m_axi|                    gmem0|       pointer|
|m_axi_gmem0_RVALID     |   in|    1|       m_axi|                    gmem0|       pointer|
|m_axi_gmem0_RREADY     |  out|    1|       m_axi|                    gmem0|       pointer|
|m_axi_gmem0_RDATA      |   in|   64|       m_axi|                    gmem0|       pointer|
|m_axi_gmem0_RLAST      |   in|    1|       m_axi|                    gmem0|       pointer|
|m_axi_gmem0_RID        |   in|    1|       m_axi|                    gmem0|       pointer|
|m_axi_gmem0_RUSER      |   in|    1|       m_axi|                    gmem0|       pointer|
|m_axi_gmem0_RRESP      |   in|    2|       m_axi|                    gmem0|       pointer|
|m_axi_gmem0_BVALID     |   in|    1|       m_axi|                    gmem0|       pointer|
|m_axi_gmem0_BREADY     |  out|    1|       m_axi|                    gmem0|       pointer|
|m_axi_gmem0_BRESP      |   in|    2|       m_axi|                    gmem0|       pointer|
|m_axi_gmem0_BID        |   in|    1|       m_axi|                    gmem0|       pointer|
|m_axi_gmem0_BUSER      |   in|    1|       m_axi|                    gmem0|       pointer|
|m_axi_gmem1_AWVALID    |  out|    1|       m_axi|                    gmem1|       pointer|
|m_axi_gmem1_AWREADY    |   in|    1|       m_axi|                    gmem1|       pointer|
|m_axi_gmem1_AWADDR     |  out|   64|       m_axi|                    gmem1|       pointer|
|m_axi_gmem1_AWID       |  out|    1|       m_axi|                    gmem1|       pointer|
|m_axi_gmem1_AWLEN      |  out|    8|       m_axi|                    gmem1|       pointer|
|m_axi_gmem1_AWSIZE     |  out|    3|       m_axi|                    gmem1|       pointer|
|m_axi_gmem1_AWBURST    |  out|    2|       m_axi|                    gmem1|       pointer|
|m_axi_gmem1_AWLOCK     |  out|    2|       m_axi|                    gmem1|       pointer|
|m_axi_gmem1_AWCACHE    |  out|    4|       m_axi|                    gmem1|       pointer|
|m_axi_gmem1_AWPROT     |  out|    3|       m_axi|                    gmem1|       pointer|
|m_axi_gmem1_AWQOS      |  out|    4|       m_axi|                    gmem1|       pointer|
|m_axi_gmem1_AWREGION   |  out|    4|       m_axi|                    gmem1|       pointer|
|m_axi_gmem1_AWUSER     |  out|    1|       m_axi|                    gmem1|       pointer|
|m_axi_gmem1_WVALID     |  out|    1|       m_axi|                    gmem1|       pointer|
|m_axi_gmem1_WREADY     |   in|    1|       m_axi|                    gmem1|       pointer|
|m_axi_gmem1_WDATA      |  out|   64|       m_axi|                    gmem1|       pointer|
|m_axi_gmem1_WSTRB      |  out|    8|       m_axi|                    gmem1|       pointer|
|m_axi_gmem1_WLAST      |  out|    1|       m_axi|                    gmem1|       pointer|
|m_axi_gmem1_WID        |  out|    1|       m_axi|                    gmem1|       pointer|
|m_axi_gmem1_WUSER      |  out|    1|       m_axi|                    gmem1|       pointer|
|m_axi_gmem1_ARVALID    |  out|    1|       m_axi|                    gmem1|       pointer|
|m_axi_gmem1_ARREADY    |   in|    1|       m_axi|                    gmem1|       pointer|
|m_axi_gmem1_ARADDR     |  out|   64|       m_axi|                    gmem1|       pointer|
|m_axi_gmem1_ARID       |  out|    1|       m_axi|                    gmem1|       pointer|
|m_axi_gmem1_ARLEN      |  out|    8|       m_axi|                    gmem1|       pointer|
|m_axi_gmem1_ARSIZE     |  out|    3|       m_axi|                    gmem1|       pointer|
|m_axi_gmem1_ARBURST    |  out|    2|       m_axi|                    gmem1|       pointer|
|m_axi_gmem1_ARLOCK     |  out|    2|       m_axi|                    gmem1|       pointer|
|m_axi_gmem1_ARCACHE    |  out|    4|       m_axi|                    gmem1|       pointer|
|m_axi_gmem1_ARPROT     |  out|    3|       m_axi|                    gmem1|       pointer|
|m_axi_gmem1_ARQOS      |  out|    4|       m_axi|                    gmem1|       pointer|
|m_axi_gmem1_ARREGION   |  out|    4|       m_axi|                    gmem1|       pointer|
|m_axi_gmem1_ARUSER     |  out|    1|       m_axi|                    gmem1|       pointer|
|m_axi_gmem1_RVALID     |   in|    1|       m_axi|                    gmem1|       pointer|
|m_axi_gmem1_RREADY     |  out|    1|       m_axi|                    gmem1|       pointer|
|m_axi_gmem1_RDATA      |   in|   64|       m_axi|                    gmem1|       pointer|
|m_axi_gmem1_RLAST      |   in|    1|       m_axi|                    gmem1|       pointer|
|m_axi_gmem1_RID        |   in|    1|       m_axi|                    gmem1|       pointer|
|m_axi_gmem1_RUSER      |   in|    1|       m_axi|                    gmem1|       pointer|
|m_axi_gmem1_RRESP      |   in|    2|       m_axi|                    gmem1|       pointer|
|m_axi_gmem1_BVALID     |   in|    1|       m_axi|                    gmem1|       pointer|
|m_axi_gmem1_BREADY     |  out|    1|       m_axi|                    gmem1|       pointer|
|m_axi_gmem1_BRESP      |   in|    2|       m_axi|                    gmem1|       pointer|
|m_axi_gmem1_BID        |   in|    1|       m_axi|                    gmem1|       pointer|
|m_axi_gmem1_BUSER      |   in|    1|       m_axi|                    gmem1|       pointer|
+-----------------------+-----+-----+------------+-------------------------+--------------+

============================================================
+ Verbose Summary: Synthesis Manager
============================================================
InlineROM: 1
ExposeGlobal: 0
============================================================
+ Verbose Summary: CDFG Model
============================================================
IsTopModel: 1
ResetActiveHigh: 1
IsCombinational: 2
IsDatapathOnly: 2
HasWiredReturn: 1
HasMFsm: 0
HasVarLatency: 1
IsPipeline: 0
IsRtlPipelined: 0
IsInstanceOverlapped: 0
IsDontTouch: 0
HasImplIP: 0
IsGatedGlobalClock: 0


============================================================
+ Verbose Summary: Schedule
============================================================
* Number of FSM states : 3
* Pipeline : 0
* Dataflow Pipeline: 0

* FSM state transitions: 
1 --> 2 
2 --> 3 
3 --> 

* FSM state operations: 

State 1 <SV = 0> <Delay = 1.00>
ST_1 : Operation 4 [1/1] (1.00ns)   --->   "%size_read = read i32 @_ssdm_op_Read.s_axilite.i32, i32 %size" [cpu_functions.cpp:3]   --->   Operation 4 'read' 'size_read' <Predicate = true> <Delay = 1.00> <CoreInst = "s_axilite">   --->   Core 112 's_axilite' <Latency = 0> <II = 1> <Delay = 1.00> <Adapter> <Opcode : 'read' 'write'>
ST_1 : Operation 5 [1/1] (1.00ns)   --->   "%B_read = read i64 @_ssdm_op_Read.s_axilite.i64, i64 %B" [cpu_functions.cpp:3]   --->   Operation 5 'read' 'B_read' <Predicate = true> <Delay = 1.00> <CoreInst = "s_axilite">   --->   Core 112 's_axilite' <Latency = 0> <II = 1> <Delay = 1.00> <Adapter> <Opcode : 'read' 'write'>
ST_1 : Operation 6 [1/1] (1.00ns)   --->   "%A_read = read i64 @_ssdm_op_Read.s_axilite.i64, i64 %A" [cpu_functions.cpp:3]   --->   Operation 6 'read' 'A_read' <Predicate = true> <Delay = 1.00> <CoreInst = "s_axilite">   --->   Core 112 's_axilite' <Latency = 0> <II = 1> <Delay = 1.00> <Adapter> <Opcode : 'read' 'write'>

State 2 <SV = 1> <Delay = 6.92>
ST_2 : Operation 7 [1/1] (0.00ns) (grouped into LUT with out node add_ln65)   --->   "%full_size = shl i32 %size_read, i32 1" [cpu_functions.cpp:49]   --->   Operation 7 'shl' 'full_size' <Predicate = true> <Delay = 0.00>
ST_2 : Operation 8 [1/1] (2.55ns) (out node of the LUT)   --->   "%add_ln65 = add i32 %full_size, i32 4294967295" [cpu_functions.cpp:65]   --->   Operation 8 'add' 'add_ln65' <Predicate = true> <Delay = 2.55> <CoreInst = "Adder">   --->   Core 1 'Adder' <Latency = 0> <II = 1> <Delay = 2.55> <FuncUnit> <Opcode : 'add' 'sub'> <InPorts = 2> <OutPorts = 1>
ST_2 : Operation 9 [2/2] (4.37ns)   --->   "%call_ln3 = call void @ccsds_wavelet_transform_Pipeline_VITIS_LOOP_55_1, i64 %gmem1, i64 %gmem0, i32 %size_read, i32 %add_ln65, i64 %A_read, i64 %B_read" [cpu_functions.cpp:3]   --->   Operation 9 'call' 'call_ln3' <Predicate = true> <Delay = 4.37> <CoreType = "Generic">   --->   Generic Core

State 3 <SV = 2> <Delay = 0.00>
ST_3 : Operation 10 [1/1] (0.00ns)   --->   "%spectopmodule_ln3 = spectopmodule void @_ssdm_op_SpecTopModule, void @empty_11" [cpu_functions.cpp:3]   --->   Operation 10 'spectopmodule' 'spectopmodule_ln3' <Predicate = true> <Delay = 0.00>
ST_3 : Operation 11 [1/1] (0.00ns)   --->   "%specinterface_ln0 = specinterface void @_ssdm_op_SpecInterface, i64 %gmem0, void @empty, i32 0, i32 0, void @empty_0, i32 0, i32 0, void @empty_1, void @empty_2, void @empty_0, i32 16, i32 16, i32 16, i32 16, void @empty_0, void @empty_0, i32 4294967295, i32 0, i32 0, i32 8"   --->   Operation 11 'specinterface' 'specinterface_ln0' <Predicate = true> <Delay = 0.00>
ST_3 : Operation 12 [1/1] (0.00ns)   --->   "%specbitsmap_ln0 = specbitsmap void @_ssdm_op_SpecBitsMap, i64 %gmem0"   --->   Operation 12 'specbitsmap' 'specbitsmap_ln0' <Predicate = true> <Delay = 0.00>
ST_3 : Operation 13 [1/1] (0.00ns)   --->   "%specinterface_ln0 = specinterface void @_ssdm_op_SpecInterface, i64 %gmem1, void @empty, i32 0, i32 0, void @empty_0, i32 0, i32 0, void @empty_3, void @empty_2, void @empty_0, i32 16, i32 16, i32 16, i32 16, void @empty_0, void @empty_0, i32 4294967295, i32 0, i32 0, i32 8"   --->   Operation 13 'specinterface' 'specinterface_ln0' <Predicate = true> <Delay = 0.00>
ST_3 : Operation 14 [1/1] (0.00ns)   --->   "%specbitsmap_ln0 = specbitsmap void @_ssdm_op_SpecBitsMap, i64 %gmem1"   --->   Operation 14 'specbitsmap' 'specbitsmap_ln0' <Predicate = true> <Delay = 0.00>
ST_3 : Operation 15 [1/1] (0.00ns)   --->   "%specinterface_ln0 = specinterface void @_ssdm_op_SpecInterface, i64 %A, void @empty_4, i32 0, i32 0, void @empty_0, i32 0, i32 0, void @empty_5, void @empty_6, void @empty_0, i32 0, i32 0, i32 0, i32 0, void @empty_0, void @empty_7, i32 4294967295, i32 0, i32 0, i32 0"   --->   Operation 15 'specinterface' 'specinterface_ln0' <Predicate = true> <Delay = 0.00>
ST_3 : Operation 16 [1/1] (0.00ns)   --->   "%specinterface_ln0 = specinterface void @_ssdm_op_SpecInterface, i64 %A, void @empty_8, i32 0, i32 0, void @empty_0, i32 0, i32 0, void @empty_0, void @empty_0, void @empty_0, i32 0, i32 0, i32 0, i32 0, void @empty_0, void @empty_7, i32 4294967295, i32 0, i32 0, i32 0"   --->   Operation 16 'specinterface' 'specinterface_ln0' <Predicate = true> <Delay = 0.00>
ST_3 : Operation 17 [1/1] (0.00ns)   --->   "%specinterface_ln0 = specinterface void @_ssdm_op_SpecInterface, i64 %B, void @empty_4, i32 0, i32 0, void @empty_0, i32 0, i32 0, void @empty_5, void @empty_9, void @empty_0, i32 0, i32 0, i32 0, i32 0, void @empty_0, void @empty_7, i32 4294967295, i32 0, i32 0, i32 0"   --->   Operation 17 'specinterface' 'specinterface_ln0' <Predicate = true> <Delay = 0.00>
ST_3 : Operation 18 [1/1] (0.00ns)   --->   "%specinterface_ln0 = specinterface void @_ssdm_op_SpecInterface, i64 %B, void @empty_8, i32 0, i32 0, void @empty_0, i32 0, i32 0, void @empty_0, void @empty_0, void @empty_0, i32 0, i32 0, i32 0, i32 0, void @empty_0, void @empty_7, i32 4294967295, i32 0, i32 0, i32 0"   --->   Operation 18 'specinterface' 'specinterface_ln0' <Predicate = true> <Delay = 0.00>
ST_3 : Operation 19 [1/1] (0.00ns)   --->   "%specbitsmap_ln0 = specbitsmap void @_ssdm_op_SpecBitsMap, i32 %size"   --->   Operation 19 'specbitsmap' 'specbitsmap_ln0' <Predicate = true> <Delay = 0.00>
ST_3 : Operation 20 [1/1] (0.00ns)   --->   "%specinterface_ln0 = specinterface void @_ssdm_op_SpecInterface, i32 %size, void @empty_4, i32 4294967295, i32 4294967295, void @empty_0, i32 0, i32 0, void @empty_5, void @empty_10, void @empty_0, i32 0, i32 0, i32 0, i32 0, void @empty_0, void @empty_0, i32 4294967295, i32 0, i32 0, i32 0"   --->   Operation 20 'specinterface' 'specinterface_ln0' <Predicate = true> <Delay = 0.00>
ST_3 : Operation 21 [1/1] (0.00ns)   --->   "%specinterface_ln0 = specinterface void @_ssdm_op_SpecInterface, i32 %size, void @empty_8, i32 0, i32 0, void @empty_0, i32 0, i32 0, void @empty_0, void @empty_0, void @empty_0, i32 0, i32 0, i32 0, i32 0, void @empty_0, void @empty_0, i32 4294967295, i32 0, i32 0, i32 0"   --->   Operation 21 'specinterface' 'specinterface_ln0' <Predicate = true> <Delay = 0.00>
ST_3 : Operation 22 [1/1] (0.00ns)   --->   "%specinterface_ln0 = specinterface void @_ssdm_op_SpecInterface, i32 0, void @empty_4, i32 0, i32 0, void @empty_0, i32 0, i32 0, void @empty_5, void @empty_0, void @empty_0, i32 0, i32 0, i32 0, i32 0, void @empty_0, void @empty_0, i32 0, i32 0, i32 0, i32 0"   --->   Operation 22 'specinterface' 'specinterface_ln0' <Predicate = true> <Delay = 0.00>
ST_3 : Operation 23 [1/2] (0.00ns)   --->   "%call_ln3 = call void @ccsds_wavelet_transform_Pipeline_VITIS_LOOP_55_1, i64 %gmem1, i64 %gmem0, i32 %size_read, i32 %add_ln65, i64 %A_read, i64 %B_read" [cpu_functions.cpp:3]   --->   Operation 23 'call' 'call_ln3' <Predicate = true> <Delay = 0.00> <CoreType = "Generic">   --->   Generic Core
ST_3 : Operation 24 [1/1] (0.00ns)   --->   "%ret_ln95 = ret" [cpu_functions.cpp:95]   --->   Operation 24 'ret' 'ret_ln95' <Predicate = true> <Delay = 0.00>


============================================================
+ Verbose Summary: Binding
============================================================
STG Binding: 
---------------- STG Properties BEGIN ----------------
- Is combinational: 0
- Is one-state seq: 0
- Is datapath-only: 0
- Is pipelined: 0
- Is top level: 1
Port [ Return ] is wired: 1; IO mode=ap_ctrl_hs:ce=0
Port [ gmem0]:  wired=1; compound=1; hidden=0; nouse=0; global=0; static=0; extern=0; dir=0; type=4; pingpong=0; private_global=0; IO mode=m_axi:ce=0
Port [ gmem1]:  wired=1; compound=1; hidden=0; nouse=0; global=0; static=0; extern=0; dir=1; type=4; pingpong=0; private_global=0; IO mode=m_axi:ce=0
Port [ A]:  wired=1; compound=0; hidden=0; nouse=0; global=0; static=0; extern=0; dir=0; type=0; pingpong=0; private_global=0; IO mode=ap_none:ce=0
Port [ B]:  wired=1; compound=0; hidden=0; nouse=0; global=0; static=0; extern=0; dir=0; type=0; pingpong=0; private_global=0; IO mode=ap_none:ce=0
Port [ size]:  wired=1; compound=0; hidden=0; nouse=0; global=0; static=0; extern=0; dir=0; type=0; pingpong=0; private_global=0; IO mode=ap_none:ce=0
---------------- STG Properties END ------------------

---------------- Datapath Model BEGIN ----------------

<LifeTime>
<method=bitvector/>
size_read         (read         ) [ 0011]
B_read            (read         ) [ 0011]
A_read            (read         ) [ 0011]
full_size         (shl          ) [ 0000]
add_ln65          (add          ) [ 0001]
spectopmodule_ln3 (spectopmodule) [ 0000]
specinterface_ln0 (specinterface) [ 0000]
specbitsmap_ln0   (specbitsmap  ) [ 0000]
specinterface_ln0 (specinterface) [ 0000]
specbitsmap_ln0   (specbitsmap  ) [ 0000]
specinterface_ln0 (specinterface) [ 0000]
specinterface_ln0 (specinterface) [ 0000]
specinterface_ln0 (specinterface) [ 0000]
specinterface_ln0 (specinterface) [ 0000]
specbitsmap_ln0   (specbitsmap  ) [ 0000]
specinterface_ln0 (specinterface) [ 0000]
specinterface_ln0 (specinterface) [ 0000]
specinterface_ln0 (specinterface) [ 0000]
call_ln3          (call         ) [ 0000]
ret_ln95          (ret          ) [ 0000]
</LifeTime>

<model>

<comp_list>
<comp id="0" class="1000" name="gmem0">
<pin_list>
<pin id="1" dir="1" index="0" bw="1" slack="0"/>
</pin_list>
<bind>
<StgValue><ssdm name="gmem0"/><MemPortTyVec>0 </MemPortTyVec>
</StgValue>
</bind>
</comp>

<comp id="2" class="1000" name="gmem1">
<pin_list>
<pin id="3" dir="1" index="0" bw="1" slack="0"/>
</pin_list>
<bind>
<StgValue><ssdm name="gmem1"/><MemPortTyVec>1 </MemPortTyVec>
</StgValue>
</bind>
</comp>

<comp id="4" class="1000" name="A">
<pin_list>
<pin id="5" dir="1" index="0" bw="1" slack="0"/>
</pin_list>
<bind>
<StgValue><ssdm name="A"/></StgValue>
</bind>
</comp>

<comp id="6" class="1000" name="B">
<pin_list>
<pin id="7" dir="1" index="0" bw="1" slack="0"/>
</pin_list>
<bind>
<StgValue><ssdm name="B"/></StgValue>
</bind>
</comp>

<comp id="8" class="1000" name="size">
<pin_list>
<pin id="9" dir="1" index="0" bw="1" slack="0"/>
</pin_list>
<bind>
<StgValue><ssdm name="size"/></StgValue>
</bind>
</comp>

<comp id="10" class="1001" name="const_10">
<pin_list>
<pin id="11" dir="1" index="0" bw="1" slack="0"/>
</pin_list>
<bind>
<StgValue><ssdm name="_ssdm_op_Read.s_axilite.i32"/></StgValue>
</bind>
</comp>

<comp id="12" class="1001" name="const_12">
<pin_list>
<pin id="13" dir="1" index="0" bw="1" slack="0"/>
</pin_list>
<bind>
<StgValue><ssdm name="_ssdm_op_Read.s_axilite.i64"/></StgValue>
</bind>
</comp>

<comp id="14" class="1001" name="const_14">
<pin_list>
<pin id="15" dir="1" index="0" bw="1" slack="0"/>
</pin_list>
<bind>
<StgValue><ssdm name=""/></StgValue>
</bind>
</comp>

<comp id="16" class="1001" name="const_16">
<pin_list>
<pin id="17" dir="1" index="0" bw="1" slack="0"/>
</pin_list>
<bind>
<StgValue><ssdm name=""/></StgValue>
</bind>
</comp>

<comp id="18" class="1001" name="const_18">
<pin_list>
<pin id="19" dir="1" index="0" bw="1" slack="0"/>
</pin_list>
<bind>
<StgValue><ssdm name="ccsds_wavelet_transform_Pipeline_VITIS_LOOP_55_1"/></StgValue>
</bind>
</comp>

<comp id="20" class="1001" name="const_20">
<pin_list>
<pin id="21" dir="1" index="0" bw="1" slack="2147483647"/>
</pin_list>
<bind>
<StgValue><ssdm name="_ssdm_op_SpecTopModule"/></StgValue>
</bind>
</comp>

<comp id="22" class="1001" name="const_22">
<pin_list>
<pin id="23" dir="1" index="0" bw="1" slack="2147483647"/>
</pin_list>
<bind>
<StgValue><ssdm name="empty_11"/></StgValue>
</bind>
</comp>

<comp id="24" class="1001" name="const_24">
<pin_list>
<pin id="25" dir="1" index="0" bw="1" slack="2147483647"/>
</pin_list>
<bind>
<StgValue><ssdm name="_ssdm_op_SpecInterface"/></StgValue>
</bind>
</comp>

<comp id="26" class="1001" name="const_26">
<pin_list>
<pin id="27" dir="1" index="0" bw="1" slack="2147483647"/>
</pin_list>
<bind>
<StgValue><ssdm name="empty"/></StgValue>
</bind>
</comp>

<comp id="28" class="1001" name="const_28">
<pin_list>
<pin id="29" dir="1" index="0" bw="1" slack="2147483647"/>
</pin_list>
<bind>
<StgValue><ssdm name=""/></StgValue>
</bind>
</comp>

<comp id="30" class="1001" name="const_30">
<pin_list>
<pin id="31" dir="1" index="0" bw="1" slack="2147483647"/>
</pin_list>
<bind>
<StgValue><ssdm name="empty_0"/></StgValue>
</bind>
</comp>

<comp id="32" class="1001" name="const_32">
<pin_list>
<pin id="33" dir="1" index="0" bw="1" slack="2147483647"/>
</pin_list>
<bind>
<StgValue><ssdm name="empty_1"/></StgValue>
</bind>
</comp>

<comp id="34" class="1001" name="const_34">
<pin_list>
<pin id="35" dir="1" index="0" bw="1" slack="2147483647"/>
</pin_list>
<bind>
<StgValue><ssdm name="empty_2"/></StgValue>
</bind>
</comp>

<comp id="36" class="1001" name="const_36">
<pin_list>
<pin id="37" dir="1" index="0" bw="1" slack="2147483647"/>
</pin_list>
<bind>
<StgValue><ssdm name=""/></StgValue>
</bind>
</comp>

<comp id="38" class="1001" name="const_38">
<pin_list>
<pin id="39" dir="1" index="0" bw="1" slack="2147483647"/>
</pin_list>
<bind>
<StgValue><ssdm name=""/></StgValue>
</bind>
</comp>

<comp id="40" class="1001" name="const_40">
<pin_list>
<pin id="41" dir="1" index="0" bw="1" slack="2147483647"/>
</pin_list>
<bind>
<StgValue><ssdm name="_ssdm_op_SpecBitsMap"/></StgValue>
</bind>
</comp>

<comp id="42" class="1001" name="const_42">
<pin_list>
<pin id="43" dir="1" index="0" bw="1" slack="2147483647"/>
</pin_list>
<bind>
<StgValue><ssdm name="empty_3"/></StgValue>
</bind>
</comp>

<comp id="44" class="1001" name="const_44">
<pin_list>
<pin id="45" dir="1" index="0" bw="1" slack="2147483647"/>
</pin_list>
<bind>
<StgValue><ssdm name="empty_4"/></StgValue>
</bind>
</comp>

<comp id="46" class="1001" name="const_46">
<pin_list>
<pin id="47" dir="1" index="0" bw="1" slack="2147483647"/>
</pin_list>
<bind>
<StgValue><ssdm name="empty_5"/></StgValue>
</bind>
</comp>

<comp id="48" class="1001" name="const_48">
<pin_list>
<pin id="49" dir="1" index="0" bw="1" slack="2147483647"/>
</pin_list>
<bind>
<StgValue><ssdm name="empty_6"/></StgValue>
</bind>
</comp>

<comp id="50" class="1001" name="const_50">
<pin_list>
<pin id="51" dir="1" index="0" bw="1" slack="2147483647"/>
</pin_list>
<bind>
<StgValue><ssdm name="empty_7"/></StgValue>
</bind>
</comp>

<comp id="52" class="1001" name="const_52">
<pin_list>
<pin id="53" dir="1" index="0" bw="1" slack="2147483647"/>
</pin_list>
<bind>
<StgValue><ssdm name="empty_8"/></StgValue>
</bind>
</comp>

<comp id="54" class="1001" name="const_54">
<pin_list>
<pin id="55" dir="1" index="0" bw="1" slack="2147483647"/>
</pin_list>
<bind>
<StgValue><ssdm name="empty_9"/></StgValue>
</bind>
</comp>

<comp id="56" class="1001" name="const_56">
<pin_list>
<pin id="57" dir="1" index="0" bw="1" slack="2147483647"/>
</pin_list>
<bind>
<StgValue><ssdm name="empty_10"/></StgValue>
</bind>
</comp>

<comp id="58" class="1004" name="size_read_read_fu_58">
<pin_list>
<pin id="59" dir="0" index="0" bw="32" slack="0"/>
<pin id="60" dir="0" index="1" bw="32" slack="0"/>
<pin id="61" dir="1" index="2" bw="32" slack="1"/>
</pin_list>
<bind>
<opcode="read(1150) " fcode="read"/>
<opset="size_read/1 "/>
</bind>
</comp>

<comp id="64" class="1004" name="B_read_read_fu_64">
<pin_list>
<pin id="65" dir="0" index="0" bw="64" slack="0"/>
<pin id="66" dir="0" index="1" bw="64" slack="0"/>
<pin id="67" dir="1" index="2" bw="64" slack="1"/>
</pin_list>
<bind>
<opcode="read(1150) " fcode="read"/>
<opset="B_read/1 "/>
</bind>
</comp>

<comp id="70" class="1004" name="A_read_read_fu_70">
<pin_list>
<pin id="71" dir="0" index="0" bw="64" slack="0"/>
<pin id="72" dir="0" index="1" bw="64" slack="0"/>
<pin id="73" dir="1" index="2" bw="64" slack="1"/>
</pin_list>
<bind>
<opcode="read(1150) " fcode="read"/>
<opset="A_read/1 "/>
</bind>
</comp>

<comp id="76" class="1004" name="grp_ccsds_wavelet_transform_Pipeline_VITIS_LOOP_55_1_fu_76">
<pin_list>
<pin id="77" dir="0" index="0" bw="0" slack="0"/>
<pin id="78" dir="0" index="1" bw="64" slack="0"/>
<pin id="79" dir="0" index="2" bw="64" slack="0"/>
<pin id="80" dir="0" index="3" bw="32" slack="1"/>
<pin id="81" dir="0" index="4" bw="32" slack="0"/>
<pin id="82" dir="0" index="5" bw="64" slack="1"/>
<pin id="83" dir="0" index="6" bw="64" slack="1"/>
<pin id="84" dir="1" index="7" bw="0" slack="2147483647"/>
</pin_list>
<bind>
<opcode="call(48) " fcode="call"/>
<opset="call_ln3/2 "/>
</bind>
</comp>

<comp id="88" class="1004" name="full_size_fu_88">
<pin_list>
<pin id="89" dir="0" index="0" bw="32" slack="1"/>
<pin id="90" dir="0" index="1" bw="1" slack="0"/>
<pin id="91" dir="1" index="2" bw="32" slack="0"/>
</pin_list>
<bind>
<opcode="shl(20) " fcode="shl"/>
<opset="full_size/2 "/>
</bind>
</comp>

<comp id="93" class="1004" name="add_ln65_fu_93">
<pin_list>
<pin id="94" dir="0" index="0" bw="32" slack="0"/>
<pin id="95" dir="0" index="1" bw="1" slack="0"/>
<pin id="96" dir="1" index="2" bw="32" slack="0"/>
</pin_list>
<bind>
<opcode="add(8) " fcode="add"/>
<opset="add_ln65/2 "/>
</bind>
</comp>

<comp id="100" class="1005" name="size_read_reg_100">
<pin_list>
<pin id="101" dir="0" index="0" bw="32" slack="1"/>
<pin id="102" dir="1" index="1" bw="32" slack="1"/>
</pin_list>
<bind>
<opset="size_read "/>
</bind>
</comp>

<comp id="106" class="1005" name="B_read_reg_106">
<pin_list>
<pin id="107" dir="0" index="0" bw="64" slack="1"/>
<pin id="108" dir="1" index="1" bw="64" slack="1"/>
</pin_list>
<bind>
<opset="B_read "/>
</bind>
</comp>

<comp id="111" class="1005" name="A_read_reg_111">
<pin_list>
<pin id="112" dir="0" index="0" bw="64" slack="1"/>
<pin id="113" dir="1" index="1" bw="64" slack="1"/>
</pin_list>
<bind>
<opset="A_read "/>
</bind>
</comp>

<comp id="116" class="1005" name="add_ln65_reg_116">
<pin_list>
<pin id="117" dir="0" index="0" bw="32" slack="1"/>
<pin id="118" dir="1" index="1" bw="32" slack="1"/>
</pin_list>
<bind>
<opset="add_ln65 "/>
</bind>
</comp>

</comp_list>

<net_list>
<net id="62"><net_src comp="10" pin="0"/><net_sink comp="58" pin=0"/></net>

<net id="63"><net_src comp="8" pin="0"/><net_sink comp="58" pin=1"/></net>

<net id="68"><net_src comp="12" pin="0"/><net_sink comp="64" pin=0"/></net>

<net id="69"><net_src comp="6" pin="0"/><net_sink comp="64" pin=1"/></net>

<net id="74"><net_src comp="12" pin="0"/><net_sink comp="70" pin=0"/></net>

<net id="75"><net_src comp="4" pin="0"/><net_sink comp="70" pin=1"/></net>

<net id="85"><net_src comp="18" pin="0"/><net_sink comp="76" pin=0"/></net>

<net id="86"><net_src comp="2" pin="0"/><net_sink comp="76" pin=1"/></net>

<net id="87"><net_src comp="0" pin="0"/><net_sink comp="76" pin=2"/></net>

<net id="92"><net_src comp="14" pin="0"/><net_sink comp="88" pin=1"/></net>

<net id="97"><net_src comp="88" pin="2"/><net_sink comp="93" pin=0"/></net>

<net id="98"><net_src comp="16" pin="0"/><net_sink comp="93" pin=1"/></net>

<net id="99"><net_src comp="93" pin="2"/><net_sink comp="76" pin=4"/></net>

<net id="103"><net_src comp="58" pin="2"/><net_sink comp="100" pin=0"/></net>

<net id="104"><net_src comp="100" pin="1"/><net_sink comp="88" pin=0"/></net>

<net id="105"><net_src comp="100" pin="1"/><net_sink comp="76" pin=3"/></net>

<net id="109"><net_src comp="64" pin="2"/><net_sink comp="106" pin=0"/></net>

<net id="110"><net_src comp="106" pin="1"/><net_sink comp="76" pin=6"/></net>

<net id="114"><net_src comp="70" pin="2"/><net_sink comp="111" pin=0"/></net>

<net id="115"><net_src comp="111" pin="1"/><net_sink comp="76" pin=5"/></net>

<net id="119"><net_src comp="93" pin="2"/><net_sink comp="116" pin=0"/></net>

<net id="120"><net_src comp="116" pin="1"/><net_sink comp="76" pin=4"/></net>

</net_list>

</model> 
---------------- Datapath Model END ------------------

* FSMD analyzer results:
  - Output states:
	Port: gmem1 | {2 3 }
 - Input state : 
	Port: ccsds_wavelet_transform : gmem0 | {2 3 }
	Port: ccsds_wavelet_transform : A | {1 }
	Port: ccsds_wavelet_transform : B | {1 }
	Port: ccsds_wavelet_transform : size | {1 }
  - Chain level:
	State 1
	State 2
		call_ln3 : 1
	State 3


============================================================
+ Verbose Summary: Datapath Resource usage 
============================================================

* Functional unit list:
|----------|------------------------------------------------------------|---------|---------|---------|---------|
| Operation|                       Functional Unit                      |   DSP   |  Delay  |    FF   |   LUT   |
|----------|------------------------------------------------------------|---------|---------|---------|---------|
|   call   | grp_ccsds_wavelet_transform_Pipeline_VITIS_LOOP_55_1_fu_76 |    28   | 29.7488 |   6715  |   6809  |
|----------|------------------------------------------------------------|---------|---------|---------|---------|
|    add   |                       add_ln65_fu_93                       |    0    |    0    |    0    |    39   |
|----------|------------------------------------------------------------|---------|---------|---------|---------|
|          |                    size_read_read_fu_58                    |    0    |    0    |    0    |    0    |
|   read   |                      B_read_read_fu_64                     |    0    |    0    |    0    |    0    |
|          |                      A_read_read_fu_70                     |    0    |    0    |    0    |    0    |
|----------|------------------------------------------------------------|---------|---------|---------|---------|
|    shl   |                       full_size_fu_88                      |    0    |    0    |    0    |    0    |
|----------|------------------------------------------------------------|---------|---------|---------|---------|
|   Total  |                                                            |    28   | 29.7488 |   6715  |   6848  |
|----------|------------------------------------------------------------|---------|---------|---------|---------|

Memories:
N/A

* Register list:
+-----------------+--------+
|                 |   FF   |
+-----------------+--------+
|  A_read_reg_111 |   64   |
|  B_read_reg_106 |   64   |
| add_ln65_reg_116|   32   |
|size_read_reg_100|   32   |
+-----------------+--------+
|      Total      |   192  |
+-----------------+--------+

* Multiplexer (MUX) list: 
|------------------------------------------------------------|------|------|------|--------||---------||---------||---------|
|                            Comp                            |  Pin | Size |  BW  | S x BW ||  Delay  ||    FF   ||   LUT   |
|------------------------------------------------------------|------|------|------|--------||---------||---------||---------|
| grp_ccsds_wavelet_transform_Pipeline_VITIS_LOOP_55_1_fu_76 |  p4  |   2  |  32  |   64   ||    0    ||    9    |
|------------------------------------------------------------|------|------|------|--------||---------||---------||---------|
|                            Total                           |      |      |      |   64   ||  1.588  ||    0    ||    9    |
|------------------------------------------------------------|------|------|------|--------||---------||---------||---------|



* Summary:
+-----------+--------+--------+--------+--------+
|           |   DSP  |  Delay |   FF   |   LUT  |
+-----------+--------+--------+--------+--------+
|  Function |   28   |   29   |  6715  |  6848  |
|   Memory  |    -   |    -   |    -   |    -   |
|Multiplexer|    -   |    1   |    0   |    9   |
|  Register |    -   |    -   |   192  |    -   |
+-----------+--------+--------+--------+--------+
|   Total   |   28   |   31   |  6907  |  6857  |
+-----------+--------+--------+--------+--------+
