

================================================================
== Vitis HLS Report for 'ccsds_wavelet_transform_Pipeline_VITIS_LOOP_33_2'
================================================================
* Date:           Tue May  5 16:51:51 2026

* Version:        2025.2 (Build 6295257 on Nov 14 2025)
* Project:        proj_wavelet
* Solution:       solution (Vivado IP Flow Target)
* Product family: zynq
* Target device:  xc7z020-clg484-1


================================================================
== Performance Estimates
================================================================
+ Timing: 
    * Summary: 
    +--------+----------+----------+------------+
    |  Clock |  Target  | Estimated| Uncertainty|
    +--------+----------+----------+------------+
    |ap_clk  |  10.00 ns|  7.300 ns|     2.70 ns|
    +--------+----------+----------+------------+

+ Latency: 
    * Summary: 
    +---------+---------+----------+----------+-----+-----+-------------------+
    |  Latency (cycles) |  Latency (absolute) |  Interval |      Pipeline     |
    |   min   |   max   |    min   |    max   | min | max |        Type       |
    +---------+---------+----------+----------+-----+-----+-------------------+
    |        ?|        ?|         ?|         ?|    0|    0|  loop pipeline stp|
    +---------+---------+----------+----------+-----+-----+-------------------+

    + Detail: 
        * Instance: 
        N/A

        * Loop: 
        +-------------------+---------+---------+----------+-----------+-----------+------+----------+
        |                   |  Latency (cycles) | Iteration|  Initiation Interval  | Trip |          |
        |     Loop Name     |   min   |   max   |  Latency |  achieved |   target  | Count| Pipelined|
        +-------------------+---------+---------+----------+-----------+-----------+------+----------+
        |- VITIS_LOOP_33_2  |        ?|        ?|        42|         40|          1|     ?|       yes|
        +-------------------+---------+---------+----------+-----------+-----------+------+----------+

============================================================
+ Verbose Summary: Synthesis Manager
============================================================
InlineROM: 1
ExposeGlobal: 0
============================================================
+ Verbose Summary: CDFG Model
============================================================
IsTopModel: 0
ResetActiveHigh: 1
IsCombinational: 0
IsDatapathOnly: 0
HasWiredReturn: 1
HasMFsm: 2
HasVarLatency: 1
IsPipeline: 0
IsRtlPipelined: 0
IsInstanceOverlapped: 0
IsDontTouch: 0
HasImplIP: 0
IsGatedGlobalClock: 0

+ Individual pipeline summary: 
  * Pipeline-0: initiation interval (II) = 40, depth = 42


============================================================
+ Verbose Summary: Schedule
============================================================
* Number of FSM states : 42
* Pipeline : 1
  Pipeline-0 : II = 40, D = 42, States = { 1 2 3 4 5 6 7 8 9 10 11 12 13 14 15 16 17 18 19 20 21 22 23 24 25 26 27 28 29 30 31 32 33 34 35 36 37 38 39 40 41 42 }
* Dataflow Pipeline: 0

* FSM state transitions: 
1 --> 2 
2 --> 3 
3 --> 4 
4 --> 5 
5 --> 6 
6 --> 7 
7 --> 8 
8 --> 9 
9 --> 10 
10 --> 11 
11 --> 12 
12 --> 13 
13 --> 14 
14 --> 15 
15 --> 16 
16 --> 17 
17 --> 18 
18 --> 19 
19 --> 20 
20 --> 21 
21 --> 22 
22 --> 23 
23 --> 24 
24 --> 25 
25 --> 26 
26 --> 27 
27 --> 28 
28 --> 29 
29 --> 30 
30 --> 31 
31 --> 32 
32 --> 33 
33 --> 34 
34 --> 35 
35 --> 36 
36 --> 37 
37 --> 38 
38 --> 39 
39 --> 40 
40 --> 41 
41 --> 42 
42 --> 

* FSM state operations: 

State 1 <SV = 0> <Delay = 5.10>
ST_1 : Operation 45 [1/1] (0.00ns)   --->   "%i_1 = alloca i32 1" [cpu_functions.cpp:33]   --->   Operation 45 'alloca' 'i_1' <Predicate = true> <Delay = 0.00>
ST_1 : Operation 46 [1/1] (0.00ns)   --->   "%A_read = read i64 @_ssdm_op_Read.ap_auto.i64, i64 %A"   --->   Operation 46 'read' 'A_read' <Predicate = true> <Delay = 0.00>
ST_1 : Operation 47 [1/1] (0.00ns)   --->   "%sext_ln36_1_read = read i62 @_ssdm_op_Read.ap_auto.i62, i62 %sext_ln36_1"   --->   Operation 47 'read' 'sext_ln36_1_read' <Predicate = true> <Delay = 0.00>
ST_1 : Operation 48 [1/1] (0.00ns)   --->   "%gmem0_load_read = read i32 @_ssdm_op_Read.ap_auto.i32, i32 %gmem0_load"   --->   Operation 48 'read' 'gmem0_load_read' <Predicate = true> <Delay = 0.00>
ST_1 : Operation 49 [1/1] (0.00ns)   --->   "%B_read = read i64 @_ssdm_op_Read.ap_auto.i64, i64 %B"   --->   Operation 49 'read' 'B_read' <Predicate = true> <Delay = 0.00>
ST_1 : Operation 50 [1/1] (0.00ns)   --->   "%size_read = read i32 @_ssdm_op_Read.ap_auto.i32, i32 %size"   --->   Operation 50 'read' 'size_read' <Predicate = true> <Delay = 0.00>
ST_1 : Operation 51 [1/1] (0.00ns)   --->   "%sext_ln36_1_cast = sext i62 %sext_ln36_1_read"   --->   Operation 51 'sext' 'sext_ln36_1_cast' <Predicate = true> <Delay = 0.00>
ST_1 : Operation 52 [1/1] (0.00ns)   --->   "%specinterface_ln0 = specinterface void @_ssdm_op_SpecInterface, i32 %gmem1, void @empty, i32 0, i32 0, void @empty_12, i32 0, i32 0, void @empty_2, void @empty_1, void @empty_12, i32 16, i32 16, i32 16, i32 16, void @empty_12, void @empty_12, i32 4294967295, i32 0, i32 0, i32 4"   --->   Operation 52 'specinterface' 'specinterface_ln0' <Predicate = true> <Delay = 0.00>
ST_1 : Operation 53 [1/1] (0.00ns)   --->   "%specinterface_ln0 = specinterface void @_ssdm_op_SpecInterface, i32 %gmem0, void @empty, i32 0, i32 0, void @empty_12, i32 0, i32 0, void @empty_0, void @empty_1, void @empty_12, i32 16, i32 16, i32 16, i32 16, void @empty_12, void @empty_12, i32 4294967295, i32 0, i32 0, i32 4"   --->   Operation 53 'specinterface' 'specinterface_ln0' <Predicate = true> <Delay = 0.00>
ST_1 : Operation 54 [1/1] (1.58ns)   --->   "%store_ln33 = store i32 0, i32 %i_1" [cpu_functions.cpp:33]   --->   Operation 54 'store' 'store_ln33' <Predicate = true> <Delay = 1.58>
ST_1 : Operation 55 [1/1] (0.00ns)   --->   "%br_ln0 = br void %for.body108"   --->   Operation 55 'br' 'br_ln0' <Predicate = true> <Delay = 0.00>
ST_1 : Operation 56 [1/1] (0.00ns)   --->   "%i = load i32 %i_1" [cpu_functions.cpp:40]   --->   Operation 56 'load' 'i' <Predicate = true> <Delay = 0.00>
ST_1 : Operation 57 [1/1] (2.55ns)   --->   "%icmp_ln33 = icmp_eq  i32 %i, i32 %size_read" [cpu_functions.cpp:33]   --->   Operation 57 'icmp' 'icmp_ln33' <Predicate = true> <Delay = 2.55> <CoreInst = "Cmp">   --->   Core 9 'Cmp' <Latency = 0> <II = 1> <Delay = 2.55> <FuncUnit> <Opcode : 'seteq' 'setne' 'setle' 'setge' 'setlt' 'setgt'> <InPorts = 2> <OutPorts = 1>
ST_1 : Operation 58 [1/1] (0.00ns)   --->   "%gmem1_addr = getelementptr i32 %gmem1, i64 %sext_ln36_1_cast" [cpu_functions.cpp:36]   --->   Operation 58 'getelementptr' 'gmem1_addr' <Predicate = (!icmp_ln33)> <Delay = 0.00>
ST_1 : Operation 59 [1/1] (0.00ns)   --->   "%specpipeline_ln33 = specpipeline void @_ssdm_op_SpecPipeline, i32 4294967295, i32 0, i32 0, i32 0, i32 4294967295, void @empty_12" [cpu_functions.cpp:33]   --->   Operation 59 'specpipeline' 'specpipeline_ln33' <Predicate = (!icmp_ln33)> <Delay = 0.00>
ST_1 : Operation 60 [1/1] (0.00ns)   --->   "%specloopname_ln33 = specloopname void @_ssdm_op_SpecLoopName, void @empty_10" [cpu_functions.cpp:33]   --->   Operation 60 'specloopname' 'specloopname_ln33' <Predicate = (!icmp_ln33)> <Delay = 0.00>
ST_1 : Operation 61 [1/1] (2.55ns)   --->   "%icmp_ln35 = icmp_eq  i32 %i, i32 0" [cpu_functions.cpp:35]   --->   Operation 61 'icmp' 'icmp_ln35' <Predicate = (!icmp_ln33)> <Delay = 2.55> <CoreInst = "Cmp">   --->   Core 9 'Cmp' <Latency = 0> <II = 1> <Delay = 2.55> <FuncUnit> <Opcode : 'seteq' 'setne' 'setle' 'setge' 'setlt' 'setgt'> <InPorts = 2> <OutPorts = 1>
ST_1 : Operation 62 [1/1] (0.00ns)   --->   "%br_ln35 = br i1 %icmp_ln35, void %if.else118, void %if.then110" [cpu_functions.cpp:35]   --->   Operation 62 'br' 'br_ln35' <Predicate = (!icmp_ln33)> <Delay = 0.00>
ST_1 : Operation 63 [1/1] (0.00ns)   --->   "%trunc_ln40 = trunc i32 %i" [cpu_functions.cpp:40]   --->   Operation 63 'trunc' 'trunc_ln40' <Predicate = (!icmp_ln33 & !icmp_ln35)> <Delay = 0.00>
ST_1 : Operation 64 [1/1] (0.00ns)   --->   "%shl_ln40_1 = bitconcatenate i34 @_ssdm_op_BitConcatenate.i34.i31.i3, i31 %trunc_ln40, i3 0" [cpu_functions.cpp:40]   --->   Operation 64 'bitconcatenate' 'shl_ln40_1' <Predicate = (!icmp_ln33 & !icmp_ln35)> <Delay = 0.00>
ST_1 : Operation 65 [1/1] (0.00ns)   --->   "%zext_ln40 = zext i34 %shl_ln40_1" [cpu_functions.cpp:40]   --->   Operation 65 'zext' 'zext_ln40' <Predicate = (!icmp_ln33 & !icmp_ln35)> <Delay = 0.00>
ST_1 : Operation 66 [1/1] (3.52ns)   --->   "%add_ln40 = add i64 %zext_ln40, i64 %A_read" [cpu_functions.cpp:40]   --->   Operation 66 'add' 'add_ln40' <Predicate = (!icmp_ln33 & !icmp_ln35)> <Delay = 3.52> <CoreInst = "Adder">   --->   Core 1 'Adder' <Latency = 0> <II = 1> <Delay = 3.52> <FuncUnit> <Opcode : 'add' 'sub'> <InPorts = 2> <OutPorts = 1>
ST_1 : Operation 67 [1/1] (0.00ns)   --->   "%trunc_ln4 = partselect i62 @_ssdm_op_PartSelect.i62.i64.i32.i32, i64 %add_ln40, i32 2, i32 63" [cpu_functions.cpp:40]   --->   Operation 67 'partselect' 'trunc_ln4' <Predicate = (!icmp_ln33 & !icmp_ln35)> <Delay = 0.00>
ST_1 : Operation 68 [1/1] (0.00ns)   --->   "%sext_ln40 = sext i62 %trunc_ln4" [cpu_functions.cpp:40]   --->   Operation 68 'sext' 'sext_ln40' <Predicate = (!icmp_ln33 & !icmp_ln35)> <Delay = 0.00>
ST_1 : Operation 69 [1/1] (0.00ns)   --->   "%gmem0_addr_5 = getelementptr i32 %gmem0, i64 %sext_ln40" [cpu_functions.cpp:40]   --->   Operation 69 'getelementptr' 'gmem0_addr_5' <Predicate = (!icmp_ln33 & !icmp_ln35)> <Delay = 0.00>
ST_1 : Operation 70 [1/1] (2.55ns)   --->   "%add_ln40_1 = add i32 %i, i32 %size_read" [cpu_functions.cpp:40]   --->   Operation 70 'add' 'add_ln40_1' <Predicate = (!icmp_ln33 & !icmp_ln35)> <Delay = 2.55> <CoreInst = "Adder">   --->   Core 1 'Adder' <Latency = 0> <II = 1> <Delay = 2.55> <FuncUnit> <Opcode : 'add' 'sub'> <InPorts = 2> <OutPorts = 1>

State 2 <SV = 1> <Delay = 6.07>
ST_2 : Operation 71 [1/1] (0.00ns)   --->   "%specbitsmap_ln0 = specbitsmap void @_ssdm_op_SpecBitsMap, i32 %gmem1"   --->   Operation 71 'specbitsmap' 'specbitsmap_ln0' <Predicate = true> <Delay = 0.00>
ST_2 : Operation 72 [1/1] (0.00ns)   --->   "%specbitsmap_ln0 = specbitsmap void @_ssdm_op_SpecBitsMap, i32 %gmem0"   --->   Operation 72 'specbitsmap' 'specbitsmap_ln0' <Predicate = true> <Delay = 0.00>
ST_2 : Operation 73 [1/1] (2.55ns)   --->   "%add_ln33 = add i32 %i, i32 1" [cpu_functions.cpp:33]   --->   Operation 73 'add' 'add_ln33' <Predicate = true> <Delay = 2.55> <CoreInst = "Adder">   --->   Core 1 'Adder' <Latency = 0> <II = 1> <Delay = 2.55> <FuncUnit> <Opcode : 'add' 'sub'> <InPorts = 2> <OutPorts = 1>
ST_2 : Operation 74 [1/1] (0.00ns)   --->   "%br_ln33 = br i1 %icmp_ln33, void %for.body108.split, void %for.end141.exitStub" [cpu_functions.cpp:33]   --->   Operation 74 'br' 'br_ln33' <Predicate = true> <Delay = 0.00>
ST_2 : Operation 75 [8/8] (7.30ns)   --->   "%gmem0_load_3_req = readreq i1 @_ssdm_op_ReadReq.m_axi.i32P1A, i32 %gmem0_addr_5, i64 1" [cpu_functions.cpp:40]   --->   Operation 75 'readreq' 'gmem0_load_3_req' <Predicate = (!icmp_ln33 & !icmp_ln35)> <Delay = 7.30> <CoreInst = "m_axi">   --->   Core 111 'm_axi' <Latency = 6> <II = 1> <Delay = 1.00> <Adapter> <Opcode : 'readrequnaligned' 'writerequnaligned' 'read' 'write' 'readreq' 'writereq' 'writeresp'>
ST_2 : Operation 76 [1/1] (2.55ns)   --->   "%add_ln40_2 = add i32 %add_ln40_1, i32 4294967295" [cpu_functions.cpp:40]   --->   Operation 76 'add' 'add_ln40_2' <Predicate = (!icmp_ln33 & !icmp_ln35)> <Delay = 2.55> <CoreInst = "Adder">   --->   Core 1 'Adder' <Latency = 0> <II = 1> <Delay = 2.55> <FuncUnit> <Opcode : 'add' 'sub'> <InPorts = 2> <OutPorts = 1>
ST_2 : Operation 77 [1/1] (0.00ns)   --->   "%shl_ln40_2 = bitconcatenate i34 @_ssdm_op_BitConcatenate.i34.i32.i2, i32 %add_ln40_2, i2 0" [cpu_functions.cpp:40]   --->   Operation 77 'bitconcatenate' 'shl_ln40_2' <Predicate = (!icmp_ln33 & !icmp_ln35)> <Delay = 0.00>
ST_2 : Operation 78 [1/1] (0.00ns)   --->   "%zext_ln40_1 = zext i34 %shl_ln40_2" [cpu_functions.cpp:40]   --->   Operation 78 'zext' 'zext_ln40_1' <Predicate = (!icmp_ln33 & !icmp_ln35)> <Delay = 0.00>
ST_2 : Operation 79 [1/1] (3.52ns)   --->   "%add_ln40_3 = add i64 %zext_ln40_1, i64 %B_read" [cpu_functions.cpp:40]   --->   Operation 79 'add' 'add_ln40_3' <Predicate = (!icmp_ln33 & !icmp_ln35)> <Delay = 3.52> <CoreInst = "Adder">   --->   Core 1 'Adder' <Latency = 0> <II = 1> <Delay = 3.52> <FuncUnit> <Opcode : 'add' 'sub'> <InPorts = 2> <OutPorts = 1>
ST_2 : Operation 80 [1/1] (0.00ns)   --->   "%trunc_ln40_1 = partselect i62 @_ssdm_op_PartSelect.i62.i64.i32.i32, i64 %add_ln40_3, i32 2, i32 63" [cpu_functions.cpp:40]   --->   Operation 80 'partselect' 'trunc_ln40_1' <Predicate = (!icmp_ln33 & !icmp_ln35)> <Delay = 0.00>
ST_2 : Operation 81 [1/1] (0.00ns)   --->   "%sext_ln40_1 = sext i62 %trunc_ln40_1" [cpu_functions.cpp:40]   --->   Operation 81 'sext' 'sext_ln40_1' <Predicate = (!icmp_ln33 & !icmp_ln35)> <Delay = 0.00>
ST_2 : Operation 82 [1/1] (0.00ns)   --->   "%gmem1_addr_1 = getelementptr i32 %gmem1, i64 %sext_ln40_1" [cpu_functions.cpp:40]   --->   Operation 82 'getelementptr' 'gmem1_addr_1' <Predicate = (!icmp_ln33 & !icmp_ln35)> <Delay = 0.00>
ST_2 : Operation 83 [1/1] (0.00ns)   --->   "%shl_ln40_3 = bitconcatenate i34 @_ssdm_op_BitConcatenate.i34.i32.i2, i32 %add_ln40_1, i2 0" [cpu_functions.cpp:40]   --->   Operation 83 'bitconcatenate' 'shl_ln40_3' <Predicate = (!icmp_ln33 & !icmp_ln35)> <Delay = 0.00>
ST_2 : Operation 84 [1/1] (0.00ns)   --->   "%zext_ln40_2 = zext i34 %shl_ln40_3" [cpu_functions.cpp:40]   --->   Operation 84 'zext' 'zext_ln40_2' <Predicate = (!icmp_ln33 & !icmp_ln35)> <Delay = 0.00>
ST_2 : Operation 85 [1/1] (3.52ns)   --->   "%add_ln40_4 = add i64 %zext_ln40_2, i64 %B_read" [cpu_functions.cpp:40]   --->   Operation 85 'add' 'add_ln40_4' <Predicate = (!icmp_ln33 & !icmp_ln35)> <Delay = 3.52> <CoreInst = "Adder">   --->   Core 1 'Adder' <Latency = 0> <II = 1> <Delay = 3.52> <FuncUnit> <Opcode : 'add' 'sub'> <InPorts = 2> <OutPorts = 1>
ST_2 : Operation 86 [1/1] (0.00ns)   --->   "%trunc_ln40_2 = partselect i62 @_ssdm_op_PartSelect.i62.i64.i32.i32, i64 %add_ln40_4, i32 2, i32 63" [cpu_functions.cpp:40]   --->   Operation 86 'partselect' 'trunc_ln40_2' <Predicate = (!icmp_ln33 & !icmp_ln35)> <Delay = 0.00>
ST_2 : Operation 87 [1/1] (0.00ns)   --->   "%sext_ln40_2 = sext i62 %trunc_ln40_2" [cpu_functions.cpp:40]   --->   Operation 87 'sext' 'sext_ln40_2' <Predicate = (!icmp_ln33 & !icmp_ln35)> <Delay = 0.00>
ST_2 : Operation 88 [1/1] (0.00ns)   --->   "%gmem1_addr_2 = getelementptr i32 %gmem1, i64 %sext_ln40_2" [cpu_functions.cpp:40]   --->   Operation 88 'getelementptr' 'gmem1_addr_2' <Predicate = (!icmp_ln33 & !icmp_ln35)> <Delay = 0.00>
ST_2 : Operation 89 [1/1] (0.00ns)   --->   "%shl_ln4 = bitconcatenate i34 @_ssdm_op_BitConcatenate.i34.i32.i2, i32 %i, i2 0" [cpu_functions.cpp:43]   --->   Operation 89 'bitconcatenate' 'shl_ln4' <Predicate = (!icmp_ln33)> <Delay = 0.00>
ST_2 : Operation 90 [1/1] (0.00ns)   --->   "%zext_ln43 = zext i34 %shl_ln4" [cpu_functions.cpp:43]   --->   Operation 90 'zext' 'zext_ln43' <Predicate = (!icmp_ln33)> <Delay = 0.00>
ST_2 : Operation 91 [1/1] (3.52ns)   --->   "%add_ln43 = add i64 %zext_ln43, i64 %B_read" [cpu_functions.cpp:43]   --->   Operation 91 'add' 'add_ln43' <Predicate = (!icmp_ln33)> <Delay = 3.52> <CoreInst = "Adder">   --->   Core 1 'Adder' <Latency = 0> <II = 1> <Delay = 3.52> <FuncUnit> <Opcode : 'add' 'sub'> <InPorts = 2> <OutPorts = 1>
ST_2 : Operation 92 [1/1] (0.00ns)   --->   "%trunc_ln6 = partselect i62 @_ssdm_op_PartSelect.i62.i64.i32.i32, i64 %add_ln43, i32 2, i32 63" [cpu_functions.cpp:43]   --->   Operation 92 'partselect' 'trunc_ln6' <Predicate = (!icmp_ln33)> <Delay = 0.00>
ST_2 : Operation 93 [1/1] (0.00ns)   --->   "%sext_ln43 = sext i62 %trunc_ln6" [cpu_functions.cpp:43]   --->   Operation 93 'sext' 'sext_ln43' <Predicate = (!icmp_ln33)> <Delay = 0.00>
ST_2 : Operation 94 [1/1] (0.00ns)   --->   "%gmem1_addr_3 = getelementptr i32 %gmem1, i64 %sext_ln43" [cpu_functions.cpp:43]   --->   Operation 94 'getelementptr' 'gmem1_addr_3' <Predicate = (!icmp_ln33)> <Delay = 0.00>
ST_2 : Operation 95 [1/1] (1.58ns)   --->   "%store_ln33 = store i32 %add_ln33, i32 %i_1" [cpu_functions.cpp:33]   --->   Operation 95 'store' 'store_ln33' <Predicate = (!icmp_ln33)> <Delay = 1.58>
ST_2 : Operation 227 [1/1] (1.58ns)   --->   "%ret_ln0 = ret"   --->   Operation 227 'ret' 'ret_ln0' <Predicate = (icmp_ln33)> <Delay = 1.58>

State 3 <SV = 2> <Delay = 0.00>
ST_3 : Operation 96 [7/8] (7.30ns)   --->   "%gmem0_load_3_req = readreq i1 @_ssdm_op_ReadReq.m_axi.i32P1A, i32 %gmem0_addr_5, i64 1" [cpu_functions.cpp:40]   --->   Operation 96 'readreq' 'gmem0_load_3_req' <Predicate = (!icmp_ln33 & !icmp_ln35)> <Delay = 7.30> <CoreInst = "m_axi">   --->   Core 111 'm_axi' <Latency = 6> <II = 1> <Delay = 1.00> <Adapter> <Opcode : 'readrequnaligned' 'writerequnaligned' 'read' 'write' 'readreq' 'writereq' 'writeresp'>
ST_3 : Operation 97 [8/8] (7.30ns)   --->   "%gmem1_load_1_req = readreq i1 @_ssdm_op_ReadReq.m_axi.i32P1A, i32 %gmem1_addr_1, i64 1" [cpu_functions.cpp:40]   --->   Operation 97 'readreq' 'gmem1_load_1_req' <Predicate = (!icmp_ln33 & !icmp_ln35)> <Delay = 7.30> <CoreInst = "m_axi">   --->   Core 111 'm_axi' <Latency = 6> <II = 1> <Delay = 1.00> <Adapter> <Opcode : 'readrequnaligned' 'writerequnaligned' 'read' 'write' 'readreq' 'writereq' 'writeresp'>
ST_3 : Operation 98 [8/8] (7.30ns)   --->   "%gmem1_load_req = readreq i1 @_ssdm_op_ReadReq.m_axi.i32P1A, i32 %gmem1_addr, i64 1" [cpu_functions.cpp:36]   --->   Operation 98 'readreq' 'gmem1_load_req' <Predicate = (!icmp_ln33 & icmp_ln35)> <Delay = 7.30> <CoreInst = "m_axi">   --->   Core 111 'm_axi' <Latency = 6> <II = 1> <Delay = 1.00> <Adapter> <Opcode : 'readrequnaligned' 'writerequnaligned' 'read' 'write' 'readreq' 'writereq' 'writeresp'>

State 4 <SV = 3> <Delay = 0.00>
ST_4 : Operation 99 [6/8] (7.30ns)   --->   "%gmem0_load_3_req = readreq i1 @_ssdm_op_ReadReq.m_axi.i32P1A, i32 %gmem0_addr_5, i64 1" [cpu_functions.cpp:40]   --->   Operation 99 'readreq' 'gmem0_load_3_req' <Predicate = (!icmp_ln33 & !icmp_ln35)> <Delay = 7.30> <CoreInst = "m_axi">   --->   Core 111 'm_axi' <Latency = 6> <II = 1> <Delay = 1.00> <Adapter> <Opcode : 'readrequnaligned' 'writerequnaligned' 'read' 'write' 'readreq' 'writereq' 'writeresp'>
ST_4 : Operation 100 [7/8] (7.30ns)   --->   "%gmem1_load_1_req = readreq i1 @_ssdm_op_ReadReq.m_axi.i32P1A, i32 %gmem1_addr_1, i64 1" [cpu_functions.cpp:40]   --->   Operation 100 'readreq' 'gmem1_load_1_req' <Predicate = (!icmp_ln33 & !icmp_ln35)> <Delay = 7.30> <CoreInst = "m_axi">   --->   Core 111 'm_axi' <Latency = 6> <II = 1> <Delay = 1.00> <Adapter> <Opcode : 'readrequnaligned' 'writerequnaligned' 'read' 'write' 'readreq' 'writereq' 'writeresp'>
ST_4 : Operation 101 [8/8] (7.30ns)   --->   "%gmem1_load_2_req = readreq i1 @_ssdm_op_ReadReq.m_axi.i32P1A, i32 %gmem1_addr_2, i64 1" [cpu_functions.cpp:40]   --->   Operation 101 'readreq' 'gmem1_load_2_req' <Predicate = (!icmp_ln33 & !icmp_ln35)> <Delay = 7.30> <CoreInst = "m_axi">   --->   Core 111 'm_axi' <Latency = 6> <II = 1> <Delay = 1.00> <Adapter> <Opcode : 'readrequnaligned' 'writerequnaligned' 'read' 'write' 'readreq' 'writereq' 'writeresp'>
ST_4 : Operation 102 [7/8] (7.30ns)   --->   "%gmem1_load_req = readreq i1 @_ssdm_op_ReadReq.m_axi.i32P1A, i32 %gmem1_addr, i64 1" [cpu_functions.cpp:36]   --->   Operation 102 'readreq' 'gmem1_load_req' <Predicate = (!icmp_ln33 & icmp_ln35)> <Delay = 7.30> <CoreInst = "m_axi">   --->   Core 111 'm_axi' <Latency = 6> <II = 1> <Delay = 1.00> <Adapter> <Opcode : 'readrequnaligned' 'writerequnaligned' 'read' 'write' 'readreq' 'writereq' 'writeresp'>

State 5 <SV = 4> <Delay = 0.00>
ST_5 : Operation 103 [5/8] (7.30ns)   --->   "%gmem0_load_3_req = readreq i1 @_ssdm_op_ReadReq.m_axi.i32P1A, i32 %gmem0_addr_5, i64 1" [cpu_functions.cpp:40]   --->   Operation 103 'readreq' 'gmem0_load_3_req' <Predicate = (!icmp_ln33 & !icmp_ln35)> <Delay = 7.30> <CoreInst = "m_axi">   --->   Core 111 'm_axi' <Latency = 6> <II = 1> <Delay = 1.00> <Adapter> <Opcode : 'readrequnaligned' 'writerequnaligned' 'read' 'write' 'readreq' 'writereq' 'writeresp'>
ST_5 : Operation 104 [6/8] (7.30ns)   --->   "%gmem1_load_1_req = readreq i1 @_ssdm_op_ReadReq.m_axi.i32P1A, i32 %gmem1_addr_1, i64 1" [cpu_functions.cpp:40]   --->   Operation 104 'readreq' 'gmem1_load_1_req' <Predicate = (!icmp_ln33 & !icmp_ln35)> <Delay = 7.30> <CoreInst = "m_axi">   --->   Core 111 'm_axi' <Latency = 6> <II = 1> <Delay = 1.00> <Adapter> <Opcode : 'readrequnaligned' 'writerequnaligned' 'read' 'write' 'readreq' 'writereq' 'writeresp'>
ST_5 : Operation 105 [7/8] (7.30ns)   --->   "%gmem1_load_2_req = readreq i1 @_ssdm_op_ReadReq.m_axi.i32P1A, i32 %gmem1_addr_2, i64 1" [cpu_functions.cpp:40]   --->   Operation 105 'readreq' 'gmem1_load_2_req' <Predicate = (!icmp_ln33 & !icmp_ln35)> <Delay = 7.30> <CoreInst = "m_axi">   --->   Core 111 'm_axi' <Latency = 6> <II = 1> <Delay = 1.00> <Adapter> <Opcode : 'readrequnaligned' 'writerequnaligned' 'read' 'write' 'readreq' 'writereq' 'writeresp'>
ST_5 : Operation 106 [6/8] (7.30ns)   --->   "%gmem1_load_req = readreq i1 @_ssdm_op_ReadReq.m_axi.i32P1A, i32 %gmem1_addr, i64 1" [cpu_functions.cpp:36]   --->   Operation 106 'readreq' 'gmem1_load_req' <Predicate = (!icmp_ln33 & icmp_ln35)> <Delay = 7.30> <CoreInst = "m_axi">   --->   Core 111 'm_axi' <Latency = 6> <II = 1> <Delay = 1.00> <Adapter> <Opcode : 'readrequnaligned' 'writerequnaligned' 'read' 'write' 'readreq' 'writereq' 'writeresp'>

State 6 <SV = 5> <Delay = 0.00>
ST_6 : Operation 107 [4/8] (7.30ns)   --->   "%gmem0_load_3_req = readreq i1 @_ssdm_op_ReadReq.m_axi.i32P1A, i32 %gmem0_addr_5, i64 1" [cpu_functions.cpp:40]   --->   Operation 107 'readreq' 'gmem0_load_3_req' <Predicate = (!icmp_ln33 & !icmp_ln35)> <Delay = 7.30> <CoreInst = "m_axi">   --->   Core 111 'm_axi' <Latency = 6> <II = 1> <Delay = 1.00> <Adapter> <Opcode : 'readrequnaligned' 'writerequnaligned' 'read' 'write' 'readreq' 'writereq' 'writeresp'>
ST_6 : Operation 108 [5/8] (7.30ns)   --->   "%gmem1_load_1_req = readreq i1 @_ssdm_op_ReadReq.m_axi.i32P1A, i32 %gmem1_addr_1, i64 1" [cpu_functions.cpp:40]   --->   Operation 108 'readreq' 'gmem1_load_1_req' <Predicate = (!icmp_ln33 & !icmp_ln35)> <Delay = 7.30> <CoreInst = "m_axi">   --->   Core 111 'm_axi' <Latency = 6> <II = 1> <Delay = 1.00> <Adapter> <Opcode : 'readrequnaligned' 'writerequnaligned' 'read' 'write' 'readreq' 'writereq' 'writeresp'>
ST_6 : Operation 109 [6/8] (7.30ns)   --->   "%gmem1_load_2_req = readreq i1 @_ssdm_op_ReadReq.m_axi.i32P1A, i32 %gmem1_addr_2, i64 1" [cpu_functions.cpp:40]   --->   Operation 109 'readreq' 'gmem1_load_2_req' <Predicate = (!icmp_ln33 & !icmp_ln35)> <Delay = 7.30> <CoreInst = "m_axi">   --->   Core 111 'm_axi' <Latency = 6> <II = 1> <Delay = 1.00> <Adapter> <Opcode : 'readrequnaligned' 'writerequnaligned' 'read' 'write' 'readreq' 'writereq' 'writeresp'>
ST_6 : Operation 110 [5/8] (7.30ns)   --->   "%gmem1_load_req = readreq i1 @_ssdm_op_ReadReq.m_axi.i32P1A, i32 %gmem1_addr, i64 1" [cpu_functions.cpp:36]   --->   Operation 110 'readreq' 'gmem1_load_req' <Predicate = (!icmp_ln33 & icmp_ln35)> <Delay = 7.30> <CoreInst = "m_axi">   --->   Core 111 'm_axi' <Latency = 6> <II = 1> <Delay = 1.00> <Adapter> <Opcode : 'readrequnaligned' 'writerequnaligned' 'read' 'write' 'readreq' 'writereq' 'writeresp'>

State 7 <SV = 6> <Delay = 0.00>
ST_7 : Operation 111 [3/8] (7.30ns)   --->   "%gmem0_load_3_req = readreq i1 @_ssdm_op_ReadReq.m_axi.i32P1A, i32 %gmem0_addr_5, i64 1" [cpu_functions.cpp:40]   --->   Operation 111 'readreq' 'gmem0_load_3_req' <Predicate = (!icmp_ln33 & !icmp_ln35)> <Delay = 7.30> <CoreInst = "m_axi">   --->   Core 111 'm_axi' <Latency = 6> <II = 1> <Delay = 1.00> <Adapter> <Opcode : 'readrequnaligned' 'writerequnaligned' 'read' 'write' 'readreq' 'writereq' 'writeresp'>
ST_7 : Operation 112 [4/8] (7.30ns)   --->   "%gmem1_load_1_req = readreq i1 @_ssdm_op_ReadReq.m_axi.i32P1A, i32 %gmem1_addr_1, i64 1" [cpu_functions.cpp:40]   --->   Operation 112 'readreq' 'gmem1_load_1_req' <Predicate = (!icmp_ln33 & !icmp_ln35)> <Delay = 7.30> <CoreInst = "m_axi">   --->   Core 111 'm_axi' <Latency = 6> <II = 1> <Delay = 1.00> <Adapter> <Opcode : 'readrequnaligned' 'writerequnaligned' 'read' 'write' 'readreq' 'writereq' 'writeresp'>
ST_7 : Operation 113 [5/8] (7.30ns)   --->   "%gmem1_load_2_req = readreq i1 @_ssdm_op_ReadReq.m_axi.i32P1A, i32 %gmem1_addr_2, i64 1" [cpu_functions.cpp:40]   --->   Operation 113 'readreq' 'gmem1_load_2_req' <Predicate = (!icmp_ln33 & !icmp_ln35)> <Delay = 7.30> <CoreInst = "m_axi">   --->   Core 111 'm_axi' <Latency = 6> <II = 1> <Delay = 1.00> <Adapter> <Opcode : 'readrequnaligned' 'writerequnaligned' 'read' 'write' 'readreq' 'writereq' 'writeresp'>
ST_7 : Operation 114 [4/8] (7.30ns)   --->   "%gmem1_load_req = readreq i1 @_ssdm_op_ReadReq.m_axi.i32P1A, i32 %gmem1_addr, i64 1" [cpu_functions.cpp:36]   --->   Operation 114 'readreq' 'gmem1_load_req' <Predicate = (!icmp_ln33 & icmp_ln35)> <Delay = 7.30> <CoreInst = "m_axi">   --->   Core 111 'm_axi' <Latency = 6> <II = 1> <Delay = 1.00> <Adapter> <Opcode : 'readrequnaligned' 'writerequnaligned' 'read' 'write' 'readreq' 'writereq' 'writeresp'>

State 8 <SV = 7> <Delay = 0.00>
ST_8 : Operation 115 [2/8] (7.30ns)   --->   "%gmem0_load_3_req = readreq i1 @_ssdm_op_ReadReq.m_axi.i32P1A, i32 %gmem0_addr_5, i64 1" [cpu_functions.cpp:40]   --->   Operation 115 'readreq' 'gmem0_load_3_req' <Predicate = (!icmp_ln33 & !icmp_ln35)> <Delay = 7.30> <CoreInst = "m_axi">   --->   Core 111 'm_axi' <Latency = 6> <II = 1> <Delay = 1.00> <Adapter> <Opcode : 'readrequnaligned' 'writerequnaligned' 'read' 'write' 'readreq' 'writereq' 'writeresp'>
ST_8 : Operation 116 [3/8] (7.30ns)   --->   "%gmem1_load_1_req = readreq i1 @_ssdm_op_ReadReq.m_axi.i32P1A, i32 %gmem1_addr_1, i64 1" [cpu_functions.cpp:40]   --->   Operation 116 'readreq' 'gmem1_load_1_req' <Predicate = (!icmp_ln33 & !icmp_ln35)> <Delay = 7.30> <CoreInst = "m_axi">   --->   Core 111 'm_axi' <Latency = 6> <II = 1> <Delay = 1.00> <Adapter> <Opcode : 'readrequnaligned' 'writerequnaligned' 'read' 'write' 'readreq' 'writereq' 'writeresp'>
ST_8 : Operation 117 [4/8] (7.30ns)   --->   "%gmem1_load_2_req = readreq i1 @_ssdm_op_ReadReq.m_axi.i32P1A, i32 %gmem1_addr_2, i64 1" [cpu_functions.cpp:40]   --->   Operation 117 'readreq' 'gmem1_load_2_req' <Predicate = (!icmp_ln33 & !icmp_ln35)> <Delay = 7.30> <CoreInst = "m_axi">   --->   Core 111 'm_axi' <Latency = 6> <II = 1> <Delay = 1.00> <Adapter> <Opcode : 'readrequnaligned' 'writerequnaligned' 'read' 'write' 'readreq' 'writereq' 'writeresp'>
ST_8 : Operation 118 [3/8] (7.30ns)   --->   "%gmem1_load_req = readreq i1 @_ssdm_op_ReadReq.m_axi.i32P1A, i32 %gmem1_addr, i64 1" [cpu_functions.cpp:36]   --->   Operation 118 'readreq' 'gmem1_load_req' <Predicate = (!icmp_ln33 & icmp_ln35)> <Delay = 7.30> <CoreInst = "m_axi">   --->   Core 111 'm_axi' <Latency = 6> <II = 1> <Delay = 1.00> <Adapter> <Opcode : 'readrequnaligned' 'writerequnaligned' 'read' 'write' 'readreq' 'writereq' 'writeresp'>

State 9 <SV = 8> <Delay = 7.30>
ST_9 : Operation 119 [1/8] ( I:7.30ns O:7.30ns )   --->   "%gmem0_load_3_req = readreq i1 @_ssdm_op_ReadReq.m_axi.i32P1A, i32 %gmem0_addr_5, i64 1" [cpu_functions.cpp:40]   --->   Operation 119 'readreq' 'gmem0_load_3_req' <Predicate = (!icmp_ln33 & !icmp_ln35)> <Delay = 7.30> <CoreInst = "m_axi">   --->   Core 111 'm_axi' <Latency = 6> <II = 1> <Delay = 1.00> <Adapter> <Opcode : 'readrequnaligned' 'writerequnaligned' 'read' 'write' 'readreq' 'writereq' 'writeresp'>
ST_9 : Operation 120 [2/8] (7.30ns)   --->   "%gmem1_load_1_req = readreq i1 @_ssdm_op_ReadReq.m_axi.i32P1A, i32 %gmem1_addr_1, i64 1" [cpu_functions.cpp:40]   --->   Operation 120 'readreq' 'gmem1_load_1_req' <Predicate = (!icmp_ln33 & !icmp_ln35)> <Delay = 7.30> <CoreInst = "m_axi">   --->   Core 111 'm_axi' <Latency = 6> <II = 1> <Delay = 1.00> <Adapter> <Opcode : 'readrequnaligned' 'writerequnaligned' 'read' 'write' 'readreq' 'writereq' 'writeresp'>
ST_9 : Operation 121 [3/8] (7.30ns)   --->   "%gmem1_load_2_req = readreq i1 @_ssdm_op_ReadReq.m_axi.i32P1A, i32 %gmem1_addr_2, i64 1" [cpu_functions.cpp:40]   --->   Operation 121 'readreq' 'gmem1_load_2_req' <Predicate = (!icmp_ln33 & !icmp_ln35)> <Delay = 7.30> <CoreInst = "m_axi">   --->   Core 111 'm_axi' <Latency = 6> <II = 1> <Delay = 1.00> <Adapter> <Opcode : 'readrequnaligned' 'writerequnaligned' 'read' 'write' 'readreq' 'writereq' 'writeresp'>
ST_9 : Operation 122 [2/8] (7.30ns)   --->   "%gmem1_load_req = readreq i1 @_ssdm_op_ReadReq.m_axi.i32P1A, i32 %gmem1_addr, i64 1" [cpu_functions.cpp:36]   --->   Operation 122 'readreq' 'gmem1_load_req' <Predicate = (!icmp_ln33 & icmp_ln35)> <Delay = 7.30> <CoreInst = "m_axi">   --->   Core 111 'm_axi' <Latency = 6> <II = 1> <Delay = 1.00> <Adapter> <Opcode : 'readrequnaligned' 'writerequnaligned' 'read' 'write' 'readreq' 'writereq' 'writeresp'>

State 10 <SV = 9> <Delay = 7.30>
ST_10 : Operation 123 [1/1] ( I:7.30ns O:7.30ns )   --->   "%gmem0_addr_5_read = read i32 @_ssdm_op_Read.m_axi.i32P1A, i32 %gmem0_addr_5" [cpu_functions.cpp:40]   --->   Operation 123 'read' 'gmem0_addr_5_read' <Predicate = (!icmp_ln33 & !icmp_ln35)> <Delay = 7.30> <CoreInst = "m_axi">   --->   Core 111 'm_axi' <Latency = 3> <II = 1> <Delay = 1.00> <Adapter> <Opcode : 'readrequnaligned' 'writerequnaligned' 'read' 'write' 'readreq' 'writereq' 'writeresp'>
ST_10 : Operation 124 [1/8] ( I:7.30ns O:7.30ns )   --->   "%gmem1_load_1_req = readreq i1 @_ssdm_op_ReadReq.m_axi.i32P1A, i32 %gmem1_addr_1, i64 1" [cpu_functions.cpp:40]   --->   Operation 124 'readreq' 'gmem1_load_1_req' <Predicate = (!icmp_ln33 & !icmp_ln35)> <Delay = 7.30> <CoreInst = "m_axi">   --->   Core 111 'm_axi' <Latency = 6> <II = 1> <Delay = 1.00> <Adapter> <Opcode : 'readrequnaligned' 'writerequnaligned' 'read' 'write' 'readreq' 'writereq' 'writeresp'>
ST_10 : Operation 125 [2/8] (7.30ns)   --->   "%gmem1_load_2_req = readreq i1 @_ssdm_op_ReadReq.m_axi.i32P1A, i32 %gmem1_addr_2, i64 1" [cpu_functions.cpp:40]   --->   Operation 125 'readreq' 'gmem1_load_2_req' <Predicate = (!icmp_ln33 & !icmp_ln35)> <Delay = 7.30> <CoreInst = "m_axi">   --->   Core 111 'm_axi' <Latency = 6> <II = 1> <Delay = 1.00> <Adapter> <Opcode : 'readrequnaligned' 'writerequnaligned' 'read' 'write' 'readreq' 'writereq' 'writeresp'>
ST_10 : Operation 126 [1/8] ( I:7.30ns O:7.30ns )   --->   "%gmem1_load_req = readreq i1 @_ssdm_op_ReadReq.m_axi.i32P1A, i32 %gmem1_addr, i64 1" [cpu_functions.cpp:36]   --->   Operation 126 'readreq' 'gmem1_load_req' <Predicate = (!icmp_ln33 & icmp_ln35)> <Delay = 7.30> <CoreInst = "m_axi">   --->   Core 111 'm_axi' <Latency = 6> <II = 1> <Delay = 1.00> <Adapter> <Opcode : 'readrequnaligned' 'writerequnaligned' 'read' 'write' 'readreq' 'writereq' 'writeresp'>

State 11 <SV = 10> <Delay = 7.30>
ST_11 : Operation 127 [1/1] ( I:7.30ns O:7.30ns )   --->   "%gmem1_addr_1_read = read i32 @_ssdm_op_Read.m_axi.i32P1A, i32 %gmem1_addr_1" [cpu_functions.cpp:40]   --->   Operation 127 'read' 'gmem1_addr_1_read' <Predicate = (!icmp_ln33 & !icmp_ln35)> <Delay = 7.30> <CoreInst = "m_axi">   --->   Core 111 'm_axi' <Latency = 3> <II = 1> <Delay = 1.00> <Adapter> <Opcode : 'readrequnaligned' 'writerequnaligned' 'read' 'write' 'readreq' 'writereq' 'writeresp'>
ST_11 : Operation 128 [1/8] ( I:7.30ns O:7.30ns )   --->   "%gmem1_load_2_req = readreq i1 @_ssdm_op_ReadReq.m_axi.i32P1A, i32 %gmem1_addr_2, i64 1" [cpu_functions.cpp:40]   --->   Operation 128 'readreq' 'gmem1_load_2_req' <Predicate = (!icmp_ln33 & !icmp_ln35)> <Delay = 7.30> <CoreInst = "m_axi">   --->   Core 111 'm_axi' <Latency = 6> <II = 1> <Delay = 1.00> <Adapter> <Opcode : 'readrequnaligned' 'writerequnaligned' 'read' 'write' 'readreq' 'writereq' 'writeresp'>
ST_11 : Operation 129 [1/1] ( I:7.30ns O:7.30ns )   --->   "%gmem1_addr_read = read i32 @_ssdm_op_Read.m_axi.i32P1A, i32 %gmem1_addr" [cpu_functions.cpp:36]   --->   Operation 129 'read' 'gmem1_addr_read' <Predicate = (!icmp_ln33 & icmp_ln35)> <Delay = 7.30> <CoreInst = "m_axi">   --->   Core 111 'm_axi' <Latency = 3> <II = 1> <Delay = 1.00> <Adapter> <Opcode : 'readrequnaligned' 'writerequnaligned' 'read' 'write' 'readreq' 'writereq' 'writeresp'>

State 12 <SV = 11> <Delay = 7.30>
ST_12 : Operation 130 [1/1] ( I:7.30ns O:7.30ns )   --->   "%gmem1_addr_2_read = read i32 @_ssdm_op_Read.m_axi.i32P1A, i32 %gmem1_addr_2" [cpu_functions.cpp:40]   --->   Operation 130 'read' 'gmem1_addr_2_read' <Predicate = (!icmp_ln33 & !icmp_ln35)> <Delay = 7.30> <CoreInst = "m_axi">   --->   Core 111 'm_axi' <Latency = 3> <II = 1> <Delay = 1.00> <Adapter> <Opcode : 'readrequnaligned' 'writerequnaligned' 'read' 'write' 'readreq' 'writereq' 'writeresp'>
ST_12 : Operation 131 [6/6] (6.28ns)   --->   "%conv3 = sitodp i32 %gmem1_addr_read" [cpu_functions.cpp:36]   --->   Operation 131 'sitodp' 'conv3' <Predicate = (!icmp_ln33 & icmp_ln35)> <Delay = 6.28> <CoreInst = "Int2Double">   --->   Core 66 'Int2Double' <Latency = 5> <II = 1> <Delay = 6.28> <FuncUnit> <Opcode : 'uitodp' 'sitodp'> <InPorts = 1> <OutPorts = 1>

State 13 <SV = 12> <Delay = 6.28>
ST_13 : Operation 132 [1/1] (2.55ns)   --->   "%add_ln40_5 = add i32 %gmem1_addr_2_read, i32 %gmem1_addr_1_read" [cpu_functions.cpp:40]   --->   Operation 132 'add' 'add_ln40_5' <Predicate = (!icmp_ln33 & !icmp_ln35)> <Delay = 2.55> <CoreInst = "Adder">   --->   Core 1 'Adder' <Latency = 0> <II = 1> <Delay = 2.55> <FuncUnit> <Opcode : 'add' 'sub'> <InPorts = 2> <OutPorts = 1>
ST_13 : Operation 133 [5/6] (6.28ns)   --->   "%conv3 = sitodp i32 %gmem1_addr_read" [cpu_functions.cpp:36]   --->   Operation 133 'sitodp' 'conv3' <Predicate = (!icmp_ln33 & icmp_ln35)> <Delay = 6.28> <CoreInst = "Int2Double">   --->   Core 66 'Int2Double' <Latency = 5> <II = 1> <Delay = 6.28> <FuncUnit> <Opcode : 'uitodp' 'sitodp'> <InPorts = 1> <OutPorts = 1>

State 14 <SV = 13> <Delay = 6.28>
ST_14 : Operation 134 [6/6] (6.28ns)   --->   "%conv4 = sitodp i32 %add_ln40_5" [cpu_functions.cpp:40]   --->   Operation 134 'sitodp' 'conv4' <Predicate = (!icmp_ln33 & !icmp_ln35)> <Delay = 6.28> <CoreInst = "Int2Double">   --->   Core 66 'Int2Double' <Latency = 5> <II = 1> <Delay = 6.28> <FuncUnit> <Opcode : 'uitodp' 'sitodp'> <InPorts = 1> <OutPorts = 1>
ST_14 : Operation 135 [4/6] (6.28ns)   --->   "%conv3 = sitodp i32 %gmem1_addr_read" [cpu_functions.cpp:36]   --->   Operation 135 'sitodp' 'conv3' <Predicate = (!icmp_ln33 & icmp_ln35)> <Delay = 6.28> <CoreInst = "Int2Double">   --->   Core 66 'Int2Double' <Latency = 5> <II = 1> <Delay = 6.28> <FuncUnit> <Opcode : 'uitodp' 'sitodp'> <InPorts = 1> <OutPorts = 1>

State 15 <SV = 14> <Delay = 6.28>
ST_15 : Operation 136 [5/6] (6.28ns)   --->   "%conv4 = sitodp i32 %add_ln40_5" [cpu_functions.cpp:40]   --->   Operation 136 'sitodp' 'conv4' <Predicate = (!icmp_ln33 & !icmp_ln35)> <Delay = 6.28> <CoreInst = "Int2Double">   --->   Core 66 'Int2Double' <Latency = 5> <II = 1> <Delay = 6.28> <FuncUnit> <Opcode : 'uitodp' 'sitodp'> <InPorts = 1> <OutPorts = 1>
ST_15 : Operation 137 [3/6] (6.28ns)   --->   "%conv3 = sitodp i32 %gmem1_addr_read" [cpu_functions.cpp:36]   --->   Operation 137 'sitodp' 'conv3' <Predicate = (!icmp_ln33 & icmp_ln35)> <Delay = 6.28> <CoreInst = "Int2Double">   --->   Core 66 'Int2Double' <Latency = 5> <II = 1> <Delay = 6.28> <FuncUnit> <Opcode : 'uitodp' 'sitodp'> <InPorts = 1> <OutPorts = 1>

State 16 <SV = 15> <Delay = 6.28>
ST_16 : Operation 138 [4/6] (6.28ns)   --->   "%conv4 = sitodp i32 %add_ln40_5" [cpu_functions.cpp:40]   --->   Operation 138 'sitodp' 'conv4' <Predicate = (!icmp_ln33 & !icmp_ln35)> <Delay = 6.28> <CoreInst = "Int2Double">   --->   Core 66 'Int2Double' <Latency = 5> <II = 1> <Delay = 6.28> <FuncUnit> <Opcode : 'uitodp' 'sitodp'> <InPorts = 1> <OutPorts = 1>
ST_16 : Operation 139 [2/6] (6.28ns)   --->   "%conv3 = sitodp i32 %gmem1_addr_read" [cpu_functions.cpp:36]   --->   Operation 139 'sitodp' 'conv3' <Predicate = (!icmp_ln33 & icmp_ln35)> <Delay = 6.28> <CoreInst = "Int2Double">   --->   Core 66 'Int2Double' <Latency = 5> <II = 1> <Delay = 6.28> <FuncUnit> <Opcode : 'uitodp' 'sitodp'> <InPorts = 1> <OutPorts = 1>

State 17 <SV = 16> <Delay = 6.28>
ST_17 : Operation 140 [3/6] (6.28ns)   --->   "%conv4 = sitodp i32 %add_ln40_5" [cpu_functions.cpp:40]   --->   Operation 140 'sitodp' 'conv4' <Predicate = (!icmp_ln33 & !icmp_ln35)> <Delay = 6.28> <CoreInst = "Int2Double">   --->   Core 66 'Int2Double' <Latency = 5> <II = 1> <Delay = 6.28> <FuncUnit> <Opcode : 'uitodp' 'sitodp'> <InPorts = 1> <OutPorts = 1>
ST_17 : Operation 141 [1/6] (6.28ns)   --->   "%conv3 = sitodp i32 %gmem1_addr_read" [cpu_functions.cpp:36]   --->   Operation 141 'sitodp' 'conv3' <Predicate = (!icmp_ln33 & icmp_ln35)> <Delay = 6.28> <CoreInst = "Int2Double">   --->   Core 66 'Int2Double' <Latency = 5> <II = 1> <Delay = 6.28> <FuncUnit> <Opcode : 'uitodp' 'sitodp'> <InPorts = 1> <OutPorts = 1>

State 18 <SV = 17> <Delay = 6.71>
ST_18 : Operation 142 [2/6] (6.28ns)   --->   "%conv4 = sitodp i32 %add_ln40_5" [cpu_functions.cpp:40]   --->   Operation 142 'sitodp' 'conv4' <Predicate = (!icmp_ln33 & !icmp_ln35)> <Delay = 6.28> <CoreInst = "Int2Double">   --->   Core 66 'Int2Double' <Latency = 5> <II = 1> <Delay = 6.28> <FuncUnit> <Opcode : 'uitodp' 'sitodp'> <InPorts = 1> <OutPorts = 1>
ST_18 : Operation 143 [7/7] (6.71ns)   --->   "%div = dmul i64 %conv3, i64 0.5" [cpu_functions.cpp:36]   --->   Operation 143 'dmul' 'div' <Predicate = (!icmp_ln33 & icmp_ln35)> <Delay = 6.71> <CoreInst = "DMul_maxdsp">   --->   Core 49 'DMul_maxdsp' <Latency = 6> <II = 1> <Delay = 6.71> <FuncUnit> <Opcode : 'dmul'> <InPorts = 2> <OutPorts = 1>

State 19 <SV = 18> <Delay = 6.71>
ST_19 : Operation 144 [1/6] (6.28ns)   --->   "%conv4 = sitodp i32 %add_ln40_5" [cpu_functions.cpp:40]   --->   Operation 144 'sitodp' 'conv4' <Predicate = (!icmp_ln33 & !icmp_ln35)> <Delay = 6.28> <CoreInst = "Int2Double">   --->   Core 66 'Int2Double' <Latency = 5> <II = 1> <Delay = 6.28> <FuncUnit> <Opcode : 'uitodp' 'sitodp'> <InPorts = 1> <OutPorts = 1>
ST_19 : Operation 145 [6/7] (6.71ns)   --->   "%div = dmul i64 %conv3, i64 0.5" [cpu_functions.cpp:36]   --->   Operation 145 'dmul' 'div' <Predicate = (!icmp_ln33 & icmp_ln35)> <Delay = 6.71> <CoreInst = "DMul_maxdsp">   --->   Core 49 'DMul_maxdsp' <Latency = 6> <II = 1> <Delay = 6.71> <FuncUnit> <Opcode : 'dmul'> <InPorts = 2> <OutPorts = 1>

State 20 <SV = 19> <Delay = 6.71>
ST_20 : Operation 146 [7/7] (6.71ns)   --->   "%div1 = dmul i64 %conv4, i64 0.25" [cpu_functions.cpp:40]   --->   Operation 146 'dmul' 'div1' <Predicate = (!icmp_ln33 & !icmp_ln35)> <Delay = 6.71> <CoreInst = "DMul_maxdsp">   --->   Core 49 'DMul_maxdsp' <Latency = 6> <II = 1> <Delay = 6.71> <FuncUnit> <Opcode : 'dmul'> <InPorts = 2> <OutPorts = 1>
ST_20 : Operation 147 [5/7] (6.71ns)   --->   "%div = dmul i64 %conv3, i64 0.5" [cpu_functions.cpp:36]   --->   Operation 147 'dmul' 'div' <Predicate = (!icmp_ln33 & icmp_ln35)> <Delay = 6.71> <CoreInst = "DMul_maxdsp">   --->   Core 49 'DMul_maxdsp' <Latency = 6> <II = 1> <Delay = 6.71> <FuncUnit> <Opcode : 'dmul'> <InPorts = 2> <OutPorts = 1>

State 21 <SV = 20> <Delay = 6.71>
ST_21 : Operation 148 [6/7] (6.71ns)   --->   "%div1 = dmul i64 %conv4, i64 0.25" [cpu_functions.cpp:40]   --->   Operation 148 'dmul' 'div1' <Predicate = (!icmp_ln33 & !icmp_ln35)> <Delay = 6.71> <CoreInst = "DMul_maxdsp">   --->   Core 49 'DMul_maxdsp' <Latency = 6> <II = 1> <Delay = 6.71> <FuncUnit> <Opcode : 'dmul'> <InPorts = 2> <OutPorts = 1>
ST_21 : Operation 149 [4/7] (6.71ns)   --->   "%div = dmul i64 %conv3, i64 0.5" [cpu_functions.cpp:36]   --->   Operation 149 'dmul' 'div' <Predicate = (!icmp_ln33 & icmp_ln35)> <Delay = 6.71> <CoreInst = "DMul_maxdsp">   --->   Core 49 'DMul_maxdsp' <Latency = 6> <II = 1> <Delay = 6.71> <FuncUnit> <Opcode : 'dmul'> <InPorts = 2> <OutPorts = 1>

State 22 <SV = 21> <Delay = 6.71>
ST_22 : Operation 150 [5/7] (6.71ns)   --->   "%div1 = dmul i64 %conv4, i64 0.25" [cpu_functions.cpp:40]   --->   Operation 150 'dmul' 'div1' <Predicate = (!icmp_ln33 & !icmp_ln35)> <Delay = 6.71> <CoreInst = "DMul_maxdsp">   --->   Core 49 'DMul_maxdsp' <Latency = 6> <II = 1> <Delay = 6.71> <FuncUnit> <Opcode : 'dmul'> <InPorts = 2> <OutPorts = 1>
ST_22 : Operation 151 [3/7] (6.71ns)   --->   "%div = dmul i64 %conv3, i64 0.5" [cpu_functions.cpp:36]   --->   Operation 151 'dmul' 'div' <Predicate = (!icmp_ln33 & icmp_ln35)> <Delay = 6.71> <CoreInst = "DMul_maxdsp">   --->   Core 49 'DMul_maxdsp' <Latency = 6> <II = 1> <Delay = 6.71> <FuncUnit> <Opcode : 'dmul'> <InPorts = 2> <OutPorts = 1>

State 23 <SV = 22> <Delay = 6.71>
ST_23 : Operation 152 [4/7] (6.71ns)   --->   "%div1 = dmul i64 %conv4, i64 0.25" [cpu_functions.cpp:40]   --->   Operation 152 'dmul' 'div1' <Predicate = (!icmp_ln33 & !icmp_ln35)> <Delay = 6.71> <CoreInst = "DMul_maxdsp">   --->   Core 49 'DMul_maxdsp' <Latency = 6> <II = 1> <Delay = 6.71> <FuncUnit> <Opcode : 'dmul'> <InPorts = 2> <OutPorts = 1>
ST_23 : Operation 153 [2/7] (6.71ns)   --->   "%div = dmul i64 %conv3, i64 0.5" [cpu_functions.cpp:36]   --->   Operation 153 'dmul' 'div' <Predicate = (!icmp_ln33 & icmp_ln35)> <Delay = 6.71> <CoreInst = "DMul_maxdsp">   --->   Core 49 'DMul_maxdsp' <Latency = 6> <II = 1> <Delay = 6.71> <FuncUnit> <Opcode : 'dmul'> <InPorts = 2> <OutPorts = 1>

State 24 <SV = 23> <Delay = 6.71>
ST_24 : Operation 154 [3/7] (6.71ns)   --->   "%div1 = dmul i64 %conv4, i64 0.25" [cpu_functions.cpp:40]   --->   Operation 154 'dmul' 'div1' <Predicate = (!icmp_ln33 & !icmp_ln35)> <Delay = 6.71> <CoreInst = "DMul_maxdsp">   --->   Core 49 'DMul_maxdsp' <Latency = 6> <II = 1> <Delay = 6.71> <FuncUnit> <Opcode : 'dmul'> <InPorts = 2> <OutPorts = 1>
ST_24 : Operation 155 [1/7] (6.71ns)   --->   "%div = dmul i64 %conv3, i64 0.5" [cpu_functions.cpp:36]   --->   Operation 155 'dmul' 'div' <Predicate = (!icmp_ln33 & icmp_ln35)> <Delay = 6.71> <CoreInst = "DMul_maxdsp">   --->   Core 49 'DMul_maxdsp' <Latency = 6> <II = 1> <Delay = 6.71> <FuncUnit> <Opcode : 'dmul'> <InPorts = 2> <OutPorts = 1>

State 25 <SV = 24> <Delay = 7.29>
ST_25 : Operation 156 [2/7] (6.71ns)   --->   "%div1 = dmul i64 %conv4, i64 0.25" [cpu_functions.cpp:40]   --->   Operation 156 'dmul' 'div1' <Predicate = (!icmp_ln33 & !icmp_ln35)> <Delay = 6.71> <CoreInst = "DMul_maxdsp">   --->   Core 49 'DMul_maxdsp' <Latency = 6> <II = 1> <Delay = 6.71> <FuncUnit> <Opcode : 'dmul'> <InPorts = 2> <OutPorts = 1>
ST_25 : Operation 157 [7/7] (7.29ns)   --->   "%dc = dsub i64 0.5, i64 %div" [cpu_functions.cpp:36]   --->   Operation 157 'dsub' 'dc' <Predicate = (!icmp_ln33 & icmp_ln35)> <Delay = 7.29> <CoreInst = "DAddSub_fulldsp">   --->   Core 37 'DAddSub_fulldsp' <Latency = 6> <II = 1> <Delay = 7.29> <FuncUnit> <Opcode : 'dadd' 'dsub'> <InPorts = 2> <OutPorts = 1>

State 26 <SV = 25> <Delay = 7.29>
ST_26 : Operation 158 [1/7] (6.71ns)   --->   "%div1 = dmul i64 %conv4, i64 0.25" [cpu_functions.cpp:40]   --->   Operation 158 'dmul' 'div1' <Predicate = (!icmp_ln33 & !icmp_ln35)> <Delay = 6.71> <CoreInst = "DMul_maxdsp">   --->   Core 49 'DMul_maxdsp' <Latency = 6> <II = 1> <Delay = 6.71> <FuncUnit> <Opcode : 'dmul'> <InPorts = 2> <OutPorts = 1>
ST_26 : Operation 159 [6/7] (7.29ns)   --->   "%dc = dsub i64 0.5, i64 %div" [cpu_functions.cpp:36]   --->   Operation 159 'dsub' 'dc' <Predicate = (!icmp_ln33 & icmp_ln35)> <Delay = 7.29> <CoreInst = "DAddSub_fulldsp">   --->   Core 37 'DAddSub_fulldsp' <Latency = 6> <II = 1> <Delay = 7.29> <FuncUnit> <Opcode : 'dadd' 'dsub'> <InPorts = 2> <OutPorts = 1>

State 27 <SV = 26> <Delay = 7.29>
ST_27 : Operation 160 [7/7] (7.29ns)   --->   "%dc_4 = dsub i64 0.5, i64 %div1" [cpu_functions.cpp:40]   --->   Operation 160 'dsub' 'dc_4' <Predicate = (!icmp_ln33 & !icmp_ln35)> <Delay = 7.29> <CoreInst = "DAddSub_fulldsp">   --->   Core 37 'DAddSub_fulldsp' <Latency = 6> <II = 1> <Delay = 7.29> <FuncUnit> <Opcode : 'dadd' 'dsub'> <InPorts = 2> <OutPorts = 1>
ST_27 : Operation 161 [5/7] (7.29ns)   --->   "%dc = dsub i64 0.5, i64 %div" [cpu_functions.cpp:36]   --->   Operation 161 'dsub' 'dc' <Predicate = (!icmp_ln33 & icmp_ln35)> <Delay = 7.29> <CoreInst = "DAddSub_fulldsp">   --->   Core 37 'DAddSub_fulldsp' <Latency = 6> <II = 1> <Delay = 7.29> <FuncUnit> <Opcode : 'dadd' 'dsub'> <InPorts = 2> <OutPorts = 1>

State 28 <SV = 27> <Delay = 7.29>
ST_28 : Operation 162 [6/7] (7.29ns)   --->   "%dc_4 = dsub i64 0.5, i64 %div1" [cpu_functions.cpp:40]   --->   Operation 162 'dsub' 'dc_4' <Predicate = (!icmp_ln33 & !icmp_ln35)> <Delay = 7.29> <CoreInst = "DAddSub_fulldsp">   --->   Core 37 'DAddSub_fulldsp' <Latency = 6> <II = 1> <Delay = 7.29> <FuncUnit> <Opcode : 'dadd' 'dsub'> <InPorts = 2> <OutPorts = 1>
ST_28 : Operation 163 [4/7] (7.29ns)   --->   "%dc = dsub i64 0.5, i64 %div" [cpu_functions.cpp:36]   --->   Operation 163 'dsub' 'dc' <Predicate = (!icmp_ln33 & icmp_ln35)> <Delay = 7.29> <CoreInst = "DAddSub_fulldsp">   --->   Core 37 'DAddSub_fulldsp' <Latency = 6> <II = 1> <Delay = 7.29> <FuncUnit> <Opcode : 'dadd' 'dsub'> <InPorts = 2> <OutPorts = 1>

State 29 <SV = 28> <Delay = 7.29>
ST_29 : Operation 164 [5/7] (7.29ns)   --->   "%dc_4 = dsub i64 0.5, i64 %div1" [cpu_functions.cpp:40]   --->   Operation 164 'dsub' 'dc_4' <Predicate = (!icmp_ln33 & !icmp_ln35)> <Delay = 7.29> <CoreInst = "DAddSub_fulldsp">   --->   Core 37 'DAddSub_fulldsp' <Latency = 6> <II = 1> <Delay = 7.29> <FuncUnit> <Opcode : 'dadd' 'dsub'> <InPorts = 2> <OutPorts = 1>
ST_29 : Operation 165 [3/7] (7.29ns)   --->   "%dc = dsub i64 0.5, i64 %div" [cpu_functions.cpp:36]   --->   Operation 165 'dsub' 'dc' <Predicate = (!icmp_ln33 & icmp_ln35)> <Delay = 7.29> <CoreInst = "DAddSub_fulldsp">   --->   Core 37 'DAddSub_fulldsp' <Latency = 6> <II = 1> <Delay = 7.29> <FuncUnit> <Opcode : 'dadd' 'dsub'> <InPorts = 2> <OutPorts = 1>

State 30 <SV = 29> <Delay = 7.29>
ST_30 : Operation 166 [4/7] (7.29ns)   --->   "%dc_4 = dsub i64 0.5, i64 %div1" [cpu_functions.cpp:40]   --->   Operation 166 'dsub' 'dc_4' <Predicate = (!icmp_ln33 & !icmp_ln35)> <Delay = 7.29> <CoreInst = "DAddSub_fulldsp">   --->   Core 37 'DAddSub_fulldsp' <Latency = 6> <II = 1> <Delay = 7.29> <FuncUnit> <Opcode : 'dadd' 'dsub'> <InPorts = 2> <OutPorts = 1>
ST_30 : Operation 167 [2/7] (7.29ns)   --->   "%dc = dsub i64 0.5, i64 %div" [cpu_functions.cpp:36]   --->   Operation 167 'dsub' 'dc' <Predicate = (!icmp_ln33 & icmp_ln35)> <Delay = 7.29> <CoreInst = "DAddSub_fulldsp">   --->   Core 37 'DAddSub_fulldsp' <Latency = 6> <II = 1> <Delay = 7.29> <FuncUnit> <Opcode : 'dadd' 'dsub'> <InPorts = 2> <OutPorts = 1>

State 31 <SV = 30> <Delay = 7.29>
ST_31 : Operation 168 [3/7] (7.29ns)   --->   "%dc_4 = dsub i64 0.5, i64 %div1" [cpu_functions.cpp:40]   --->   Operation 168 'dsub' 'dc_4' <Predicate = (!icmp_ln33 & !icmp_ln35)> <Delay = 7.29> <CoreInst = "DAddSub_fulldsp">   --->   Core 37 'DAddSub_fulldsp' <Latency = 6> <II = 1> <Delay = 7.29> <FuncUnit> <Opcode : 'dadd' 'dsub'> <InPorts = 2> <OutPorts = 1>
ST_31 : Operation 169 [1/7] (7.29ns)   --->   "%dc = dsub i64 0.5, i64 %div" [cpu_functions.cpp:36]   --->   Operation 169 'dsub' 'dc' <Predicate = (!icmp_ln33 & icmp_ln35)> <Delay = 7.29> <CoreInst = "DAddSub_fulldsp">   --->   Core 37 'DAddSub_fulldsp' <Latency = 6> <II = 1> <Delay = 7.29> <FuncUnit> <Opcode : 'dadd' 'dsub'> <InPorts = 2> <OutPorts = 1>

State 32 <SV = 31> <Delay = 7.29>
ST_32 : Operation 170 [2/7] (7.29ns)   --->   "%dc_4 = dsub i64 0.5, i64 %div1" [cpu_functions.cpp:40]   --->   Operation 170 'dsub' 'dc_4' <Predicate = (!icmp_ln33 & !icmp_ln35)> <Delay = 7.29> <CoreInst = "DAddSub_fulldsp">   --->   Core 37 'DAddSub_fulldsp' <Latency = 6> <II = 1> <Delay = 7.29> <FuncUnit> <Opcode : 'dadd' 'dsub'> <InPorts = 2> <OutPorts = 1>
ST_32 : Operation 171 [1/1] (0.00ns)   --->   "%data = bitcast i64 %dc" [/wrk/ci/prod/2025.2/hls_product/continuous/666/2025.2/src/shared/hls/clib/src/hls/utils/x_hls_utils.h:459->/wrk/ci/prod/2025.2/hls_product/continuous/666/2025.2/src/shared/hls/clib/hlsmath/include/FloatingPoint/hls_case_IEEE754.h:13->/wrk/ci/prod/2025.2/hls_product/continuous/666/2025.2/src/shared/hls/clib/hlsmath/include/FloatingPoint/hls_case_IEEE754.h:117->/wrk/ci/prod/2025.2/hls_product/continuous/666/2025.2/src/shared/hls/clib/hlsmath/src/lib_floatconversion.cpp:55->cpu_functions.cpp:36]   --->   Operation 171 'bitcast' 'data' <Predicate = (!icmp_ln33 & icmp_ln35)> <Delay = 0.00>
ST_32 : Operation 172 [1/1] (0.00ns)   --->   "%xs_exp_2 = partselect i11 @_ssdm_op_PartSelect.i11.i64.i32, i64 %data, i32 52" [/wrk/ci/prod/2025.2/hls_product/continuous/666/2025.2/src/shared/hls/clib/src/hls/utils/x_hls_utils.h:461->/wrk/ci/prod/2025.2/hls_product/continuous/666/2025.2/src/shared/hls/clib/hlsmath/include/FloatingPoint/hls_case_IEEE754.h:13->/wrk/ci/prod/2025.2/hls_product/continuous/666/2025.2/src/shared/hls/clib/hlsmath/include/FloatingPoint/hls_case_IEEE754.h:117->/wrk/ci/prod/2025.2/hls_product/continuous/666/2025.2/src/shared/hls/clib/hlsmath/src/lib_floatconversion.cpp:55->cpu_functions.cpp:36]   --->   Operation 172 'partselect' 'xs_exp_2' <Predicate = (!icmp_ln33 & icmp_ln35)> <Delay = 0.00>
ST_32 : Operation 173 [1/1] (0.00ns)   --->   "%trunc_ln505 = trunc i64 %data" [/wrk/ci/prod/2025.2/hls_product/continuous/666/2025.2/src/shared/hls/clib/src/hls/utils/x_hls_utils.h:505->/wrk/ci/prod/2025.2/hls_product/continuous/666/2025.2/src/shared/hls/clib/hlsmath/include/FloatingPoint/hls_case_IEEE754.h:15->/wrk/ci/prod/2025.2/hls_product/continuous/666/2025.2/src/shared/hls/clib/hlsmath/include/FloatingPoint/hls_case_IEEE754.h:117->/wrk/ci/prod/2025.2/hls_product/continuous/666/2025.2/src/shared/hls/clib/hlsmath/src/lib_floatconversion.cpp:55->cpu_functions.cpp:36]   --->   Operation 173 'trunc' 'trunc_ln505' <Predicate = (!icmp_ln33 & icmp_ln35)> <Delay = 0.00>
ST_32 : Operation 174 [1/1] (0.00ns)   --->   "%mantissa = bitconcatenate i54 @_ssdm_op_BitConcatenate.i54.i1.i52.i1, i1 1, i52 %trunc_ln505, i1 0" [/wrk/ci/prod/2025.2/hls_product/continuous/666/2025.2/src/shared/hls/clib/hlsmath/include/FloatingPoint/hls_case_IEEE754.h:15->/wrk/ci/prod/2025.2/hls_product/continuous/666/2025.2/src/shared/hls/clib/hlsmath/include/FloatingPoint/hls_case_IEEE754.h:117->/wrk/ci/prod/2025.2/hls_product/continuous/666/2025.2/src/shared/hls/clib/hlsmath/src/lib_floatconversion.cpp:55->cpu_functions.cpp:36]   --->   Operation 174 'bitconcatenate' 'mantissa' <Predicate = (!icmp_ln33 & icmp_ln35)> <Delay = 0.00>
ST_32 : Operation 175 [1/1] (0.00ns)   --->   "%zext_ln15 = zext i54 %mantissa" [/wrk/ci/prod/2025.2/hls_product/continuous/666/2025.2/src/shared/hls/clib/hlsmath/include/FloatingPoint/hls_case_IEEE754.h:15->/wrk/ci/prod/2025.2/hls_product/continuous/666/2025.2/src/shared/hls/clib/hlsmath/include/FloatingPoint/hls_case_IEEE754.h:117->/wrk/ci/prod/2025.2/hls_product/continuous/666/2025.2/src/shared/hls/clib/hlsmath/src/lib_floatconversion.cpp:55->cpu_functions.cpp:36]   --->   Operation 175 'zext' 'zext_ln15' <Predicate = (!icmp_ln33 & icmp_ln35)> <Delay = 0.00>
ST_32 : Operation 176 [1/1] (0.00ns)   --->   "%zext_ln486_2 = zext i11 %xs_exp_2" [/wrk/ci/prod/2025.2/hls_product/continuous/666/2025.2/src/shared/hls/clib/src/hls/utils/x_hls_utils.h:486->/wrk/ci/prod/2025.2/hls_product/continuous/666/2025.2/src/shared/hls/clib/hlsmath/include/FloatingPoint/hls_case_IEEE754.h:18->/wrk/ci/prod/2025.2/hls_product/continuous/666/2025.2/src/shared/hls/clib/hlsmath/include/FloatingPoint/hls_case_IEEE754.h:117->/wrk/ci/prod/2025.2/hls_product/continuous/666/2025.2/src/shared/hls/clib/hlsmath/src/lib_floatconversion.cpp:55->cpu_functions.cpp:36]   --->   Operation 176 'zext' 'zext_ln486_2' <Predicate = (!icmp_ln33 & icmp_ln35)> <Delay = 0.00>
ST_32 : Operation 177 [1/1] (1.63ns)   --->   "%add_ln486_2 = add i12 %zext_ln486_2, i12 3073" [/wrk/ci/prod/2025.2/hls_product/continuous/666/2025.2/src/shared/hls/clib/src/hls/utils/x_hls_utils.h:486->/wrk/ci/prod/2025.2/hls_product/continuous/666/2025.2/src/shared/hls/clib/hlsmath/include/FloatingPoint/hls_case_IEEE754.h:18->/wrk/ci/prod/2025.2/hls_product/continuous/666/2025.2/src/shared/hls/clib/hlsmath/include/FloatingPoint/hls_case_IEEE754.h:117->/wrk/ci/prod/2025.2/hls_product/continuous/666/2025.2/src/shared/hls/clib/hlsmath/src/lib_floatconversion.cpp:55->cpu_functions.cpp:36]   --->   Operation 177 'add' 'add_ln486_2' <Predicate = (!icmp_ln33 & icmp_ln35)> <Delay = 1.63> <CoreInst = "Adder">   --->   Core 1 'Adder' <Latency = 0> <II = 1> <Delay = 1.63> <FuncUnit> <Opcode : 'add' 'sub'> <InPorts = 2> <OutPorts = 1>
ST_32 : Operation 178 [1/1] (0.00ns)   --->   "%tmp = bitselect i1 @_ssdm_op_BitSelect.i1.i12.i32, i12 %add_ln486_2, i32 11" [/wrk/ci/prod/2025.2/hls_product/continuous/666/2025.2/src/shared/hls/clib/hlsmath/include/FloatingPoint/hls_case_IEEE754.h:18->/wrk/ci/prod/2025.2/hls_product/continuous/666/2025.2/src/shared/hls/clib/hlsmath/include/FloatingPoint/hls_case_IEEE754.h:117->/wrk/ci/prod/2025.2/hls_product/continuous/666/2025.2/src/shared/hls/clib/hlsmath/src/lib_floatconversion.cpp:55->cpu_functions.cpp:36]   --->   Operation 178 'bitselect' 'tmp' <Predicate = (!icmp_ln33 & icmp_ln35)> <Delay = 0.00>
ST_32 : Operation 179 [1/1] (1.63ns)   --->   "%sub_ln18_2 = sub i11 1023, i11 %xs_exp_2" [/wrk/ci/prod/2025.2/hls_product/continuous/666/2025.2/src/shared/hls/clib/hlsmath/include/FloatingPoint/hls_case_IEEE754.h:18->/wrk/ci/prod/2025.2/hls_product/continuous/666/2025.2/src/shared/hls/clib/hlsmath/include/FloatingPoint/hls_case_IEEE754.h:117->/wrk/ci/prod/2025.2/hls_product/continuous/666/2025.2/src/shared/hls/clib/hlsmath/src/lib_floatconversion.cpp:55->cpu_functions.cpp:36]   --->   Operation 179 'sub' 'sub_ln18_2' <Predicate = (!icmp_ln33 & icmp_ln35)> <Delay = 1.63> <CoreInst = "Adder">   --->   Core 1 'Adder' <Latency = 0> <II = 1> <Delay = 1.63> <FuncUnit> <Opcode : 'add' 'sub'> <InPorts = 2> <OutPorts = 1>
ST_32 : Operation 180 [1/1] (0.00ns)   --->   "%sext_ln18_4 = sext i11 %sub_ln18_2" [/wrk/ci/prod/2025.2/hls_product/continuous/666/2025.2/src/shared/hls/clib/hlsmath/include/FloatingPoint/hls_case_IEEE754.h:18->/wrk/ci/prod/2025.2/hls_product/continuous/666/2025.2/src/shared/hls/clib/hlsmath/include/FloatingPoint/hls_case_IEEE754.h:117->/wrk/ci/prod/2025.2/hls_product/continuous/666/2025.2/src/shared/hls/clib/hlsmath/src/lib_floatconversion.cpp:55->cpu_functions.cpp:36]   --->   Operation 180 'sext' 'sext_ln18_4' <Predicate = (!icmp_ln33 & icmp_ln35)> <Delay = 0.00>
ST_32 : Operation 181 [1/1] (0.69ns)   --->   "%select_ln18_4 = select i1 %tmp, i12 %sext_ln18_4, i12 %add_ln486_2" [/wrk/ci/prod/2025.2/hls_product/continuous/666/2025.2/src/shared/hls/clib/hlsmath/include/FloatingPoint/hls_case_IEEE754.h:18->/wrk/ci/prod/2025.2/hls_product/continuous/666/2025.2/src/shared/hls/clib/hlsmath/include/FloatingPoint/hls_case_IEEE754.h:117->/wrk/ci/prod/2025.2/hls_product/continuous/666/2025.2/src/shared/hls/clib/hlsmath/src/lib_floatconversion.cpp:55->cpu_functions.cpp:36]   --->   Operation 181 'select' 'select_ln18_4' <Predicate = (!icmp_ln33 & icmp_ln35)> <Delay = 0.69> <CoreInst = "Sel">   --->   Core 73 'Sel' <Latency = 0> <II = 1> <Delay = 0.69> <FuncUnit> <Opcode : 'select'> <InPorts = 3> <OutPorts = 1>
ST_32 : Operation 182 [1/1] (0.00ns)   --->   "%sext_ln18 = sext i12 %select_ln18_4" [/wrk/ci/prod/2025.2/hls_product/continuous/666/2025.2/src/shared/hls/clib/hlsmath/include/FloatingPoint/hls_case_IEEE754.h:18->/wrk/ci/prod/2025.2/hls_product/continuous/666/2025.2/src/shared/hls/clib/hlsmath/include/FloatingPoint/hls_case_IEEE754.h:117->/wrk/ci/prod/2025.2/hls_product/continuous/666/2025.2/src/shared/hls/clib/hlsmath/src/lib_floatconversion.cpp:55->cpu_functions.cpp:36]   --->   Operation 182 'sext' 'sext_ln18' <Predicate = (!icmp_ln33 & icmp_ln35)> <Delay = 0.00>
ST_32 : Operation 183 [1/1] (0.00ns)   --->   "%zext_ln18 = zext i32 %sext_ln18" [/wrk/ci/prod/2025.2/hls_product/continuous/666/2025.2/src/shared/hls/clib/hlsmath/include/FloatingPoint/hls_case_IEEE754.h:18->/wrk/ci/prod/2025.2/hls_product/continuous/666/2025.2/src/shared/hls/clib/hlsmath/include/FloatingPoint/hls_case_IEEE754.h:117->/wrk/ci/prod/2025.2/hls_product/continuous/666/2025.2/src/shared/hls/clib/hlsmath/src/lib_floatconversion.cpp:55->cpu_functions.cpp:36]   --->   Operation 183 'zext' 'zext_ln18' <Predicate = (!icmp_ln33 & icmp_ln35)> <Delay = 0.00>
ST_32 : Operation 184 [1/1] (4.61ns)   --->   "%lshr_ln18_2 = lshr i137 %zext_ln15, i137 %zext_ln18" [/wrk/ci/prod/2025.2/hls_product/continuous/666/2025.2/src/shared/hls/clib/hlsmath/include/FloatingPoint/hls_case_IEEE754.h:18->/wrk/ci/prod/2025.2/hls_product/continuous/666/2025.2/src/shared/hls/clib/hlsmath/include/FloatingPoint/hls_case_IEEE754.h:117->/wrk/ci/prod/2025.2/hls_product/continuous/666/2025.2/src/shared/hls/clib/hlsmath/src/lib_floatconversion.cpp:55->cpu_functions.cpp:36]   --->   Operation 184 'lshr' 'lshr_ln18_2' <Predicate = (!icmp_ln33 & icmp_ln35)> <Delay = 4.61> <CoreInst = "Shifter">   --->   Core 75 'Shifter' <Latency = 0> <II = 1> <Delay = 4.61> <FuncUnit> <Opcode : 'shl' 'lshr' 'ashr'> <InPorts = 2> <OutPorts = 1>
ST_32 : Operation 185 [1/1] (0.00ns)   --->   "%tmp_6 = partselect i32 @_ssdm_op_PartSelect.i32.i137.i32.i32, i137 %lshr_ln18_2, i32 53, i32 84" [/wrk/ci/prod/2025.2/hls_product/continuous/666/2025.2/src/shared/hls/clib/hlsmath/include/FloatingPoint/hls_case_IEEE754.h:21->/wrk/ci/prod/2025.2/hls_product/continuous/666/2025.2/src/shared/hls/clib/hlsmath/include/FloatingPoint/hls_case_IEEE754.h:117->/wrk/ci/prod/2025.2/hls_product/continuous/666/2025.2/src/shared/hls/clib/hlsmath/src/lib_floatconversion.cpp:55->cpu_functions.cpp:36]   --->   Operation 185 'partselect' 'tmp_6' <Predicate = (!icmp_ln33 & icmp_ln35)> <Delay = 0.00>

State 33 <SV = 32> <Delay = 7.29>
ST_33 : Operation 186 [1/7] (7.29ns)   --->   "%dc_4 = dsub i64 0.5, i64 %div1" [cpu_functions.cpp:40]   --->   Operation 186 'dsub' 'dc_4' <Predicate = (!icmp_ln33 & !icmp_ln35)> <Delay = 7.29> <CoreInst = "DAddSub_fulldsp">   --->   Core 37 'DAddSub_fulldsp' <Latency = 6> <II = 1> <Delay = 7.29> <FuncUnit> <Opcode : 'dadd' 'dsub'> <InPorts = 2> <OutPorts = 1>
ST_33 : Operation 187 [1/1] (4.61ns)   --->   "%shl_ln18_2 = shl i137 %zext_ln15, i137 %zext_ln18" [/wrk/ci/prod/2025.2/hls_product/continuous/666/2025.2/src/shared/hls/clib/hlsmath/include/FloatingPoint/hls_case_IEEE754.h:18->/wrk/ci/prod/2025.2/hls_product/continuous/666/2025.2/src/shared/hls/clib/hlsmath/include/FloatingPoint/hls_case_IEEE754.h:117->/wrk/ci/prod/2025.2/hls_product/continuous/666/2025.2/src/shared/hls/clib/hlsmath/src/lib_floatconversion.cpp:55->cpu_functions.cpp:36]   --->   Operation 187 'shl' 'shl_ln18_2' <Predicate = (!icmp_ln33 & icmp_ln35 & !tmp)> <Delay = 4.61> <CoreInst = "Shifter">   --->   Core 75 'Shifter' <Latency = 0> <II = 1> <Delay = 4.61> <FuncUnit> <Opcode : 'shl' 'lshr' 'ashr'> <InPorts = 2> <OutPorts = 1>
ST_33 : Operation 188 [1/1] (0.00ns)   --->   "%tmp_7 = partselect i32 @_ssdm_op_PartSelect.i32.i137.i32.i32, i137 %shl_ln18_2, i32 53, i32 84" [/wrk/ci/prod/2025.2/hls_product/continuous/666/2025.2/src/shared/hls/clib/hlsmath/include/FloatingPoint/hls_case_IEEE754.h:21->/wrk/ci/prod/2025.2/hls_product/continuous/666/2025.2/src/shared/hls/clib/hlsmath/include/FloatingPoint/hls_case_IEEE754.h:117->/wrk/ci/prod/2025.2/hls_product/continuous/666/2025.2/src/shared/hls/clib/hlsmath/src/lib_floatconversion.cpp:55->cpu_functions.cpp:36]   --->   Operation 188 'partselect' 'tmp_7' <Predicate = (!icmp_ln33 & icmp_ln35 & !tmp)> <Delay = 0.00>
ST_33 : Operation 189 [1/1] (0.69ns)   --->   "%val = select i1 %tmp, i32 %tmp_6, i32 %tmp_7" [/wrk/ci/prod/2025.2/hls_product/continuous/666/2025.2/src/shared/hls/clib/hlsmath/include/FloatingPoint/hls_case_IEEE754.h:18->/wrk/ci/prod/2025.2/hls_product/continuous/666/2025.2/src/shared/hls/clib/hlsmath/include/FloatingPoint/hls_case_IEEE754.h:117->/wrk/ci/prod/2025.2/hls_product/continuous/666/2025.2/src/shared/hls/clib/hlsmath/src/lib_floatconversion.cpp:55->cpu_functions.cpp:36]   --->   Operation 189 'select' 'val' <Predicate = (!icmp_ln33 & icmp_ln35)> <Delay = 0.69> <CoreInst = "Sel">   --->   Core 73 'Sel' <Latency = 0> <II = 1> <Delay = 0.69> <FuncUnit> <Opcode : 'select'> <InPorts = 3> <OutPorts = 1>

State 34 <SV = 33> <Delay = 6.94>
ST_34 : Operation 190 [1/1] (0.00ns)   --->   "%data_4 = bitcast i64 %dc_4" [/wrk/ci/prod/2025.2/hls_product/continuous/666/2025.2/src/shared/hls/clib/src/hls/utils/x_hls_utils.h:459->/wrk/ci/prod/2025.2/hls_product/continuous/666/2025.2/src/shared/hls/clib/hlsmath/include/FloatingPoint/hls_case_IEEE754.h:13->/wrk/ci/prod/2025.2/hls_product/continuous/666/2025.2/src/shared/hls/clib/hlsmath/include/FloatingPoint/hls_case_IEEE754.h:117->/wrk/ci/prod/2025.2/hls_product/continuous/666/2025.2/src/shared/hls/clib/hlsmath/src/lib_floatconversion.cpp:55->cpu_functions.cpp:40]   --->   Operation 190 'bitcast' 'data_4' <Predicate = (!icmp_ln33 & !icmp_ln35)> <Delay = 0.00>
ST_34 : Operation 191 [1/1] (0.00ns)   --->   "%xs_exp_3 = partselect i11 @_ssdm_op_PartSelect.i11.i64.i32, i64 %data_4, i32 52" [/wrk/ci/prod/2025.2/hls_product/continuous/666/2025.2/src/shared/hls/clib/src/hls/utils/x_hls_utils.h:461->/wrk/ci/prod/2025.2/hls_product/continuous/666/2025.2/src/shared/hls/clib/hlsmath/include/FloatingPoint/hls_case_IEEE754.h:13->/wrk/ci/prod/2025.2/hls_product/continuous/666/2025.2/src/shared/hls/clib/hlsmath/include/FloatingPoint/hls_case_IEEE754.h:117->/wrk/ci/prod/2025.2/hls_product/continuous/666/2025.2/src/shared/hls/clib/hlsmath/src/lib_floatconversion.cpp:55->cpu_functions.cpp:40]   --->   Operation 191 'partselect' 'xs_exp_3' <Predicate = (!icmp_ln33 & !icmp_ln35)> <Delay = 0.00>
ST_34 : Operation 192 [1/1] (0.00ns)   --->   "%trunc_ln505_4 = trunc i64 %data_4" [/wrk/ci/prod/2025.2/hls_product/continuous/666/2025.2/src/shared/hls/clib/src/hls/utils/x_hls_utils.h:505->/wrk/ci/prod/2025.2/hls_product/continuous/666/2025.2/src/shared/hls/clib/hlsmath/include/FloatingPoint/hls_case_IEEE754.h:15->/wrk/ci/prod/2025.2/hls_product/continuous/666/2025.2/src/shared/hls/clib/hlsmath/include/FloatingPoint/hls_case_IEEE754.h:117->/wrk/ci/prod/2025.2/hls_product/continuous/666/2025.2/src/shared/hls/clib/hlsmath/src/lib_floatconversion.cpp:55->cpu_functions.cpp:40]   --->   Operation 192 'trunc' 'trunc_ln505_4' <Predicate = (!icmp_ln33 & !icmp_ln35)> <Delay = 0.00>
ST_34 : Operation 193 [1/1] (0.00ns)   --->   "%mantissa_4 = bitconcatenate i54 @_ssdm_op_BitConcatenate.i54.i1.i52.i1, i1 1, i52 %trunc_ln505_4, i1 0" [/wrk/ci/prod/2025.2/hls_product/continuous/666/2025.2/src/shared/hls/clib/hlsmath/include/FloatingPoint/hls_case_IEEE754.h:15->/wrk/ci/prod/2025.2/hls_product/continuous/666/2025.2/src/shared/hls/clib/hlsmath/include/FloatingPoint/hls_case_IEEE754.h:117->/wrk/ci/prod/2025.2/hls_product/continuous/666/2025.2/src/shared/hls/clib/hlsmath/src/lib_floatconversion.cpp:55->cpu_functions.cpp:40]   --->   Operation 193 'bitconcatenate' 'mantissa_4' <Predicate = (!icmp_ln33 & !icmp_ln35)> <Delay = 0.00>
ST_34 : Operation 194 [1/1] (0.00ns)   --->   "%zext_ln15_4 = zext i54 %mantissa_4" [/wrk/ci/prod/2025.2/hls_product/continuous/666/2025.2/src/shared/hls/clib/hlsmath/include/FloatingPoint/hls_case_IEEE754.h:15->/wrk/ci/prod/2025.2/hls_product/continuous/666/2025.2/src/shared/hls/clib/hlsmath/include/FloatingPoint/hls_case_IEEE754.h:117->/wrk/ci/prod/2025.2/hls_product/continuous/666/2025.2/src/shared/hls/clib/hlsmath/src/lib_floatconversion.cpp:55->cpu_functions.cpp:40]   --->   Operation 194 'zext' 'zext_ln15_4' <Predicate = (!icmp_ln33 & !icmp_ln35)> <Delay = 0.00>
ST_34 : Operation 195 [1/1] (0.00ns)   --->   "%zext_ln486_3 = zext i11 %xs_exp_3" [/wrk/ci/prod/2025.2/hls_product/continuous/666/2025.2/src/shared/hls/clib/src/hls/utils/x_hls_utils.h:486->/wrk/ci/prod/2025.2/hls_product/continuous/666/2025.2/src/shared/hls/clib/hlsmath/include/FloatingPoint/hls_case_IEEE754.h:18->/wrk/ci/prod/2025.2/hls_product/continuous/666/2025.2/src/shared/hls/clib/hlsmath/include/FloatingPoint/hls_case_IEEE754.h:117->/wrk/ci/prod/2025.2/hls_product/continuous/666/2025.2/src/shared/hls/clib/hlsmath/src/lib_floatconversion.cpp:55->cpu_functions.cpp:40]   --->   Operation 195 'zext' 'zext_ln486_3' <Predicate = (!icmp_ln33 & !icmp_ln35)> <Delay = 0.00>
ST_34 : Operation 196 [1/1] (1.63ns)   --->   "%add_ln486_3 = add i12 %zext_ln486_3, i12 3073" [/wrk/ci/prod/2025.2/hls_product/continuous/666/2025.2/src/shared/hls/clib/src/hls/utils/x_hls_utils.h:486->/wrk/ci/prod/2025.2/hls_product/continuous/666/2025.2/src/shared/hls/clib/hlsmath/include/FloatingPoint/hls_case_IEEE754.h:18->/wrk/ci/prod/2025.2/hls_product/continuous/666/2025.2/src/shared/hls/clib/hlsmath/include/FloatingPoint/hls_case_IEEE754.h:117->/wrk/ci/prod/2025.2/hls_product/continuous/666/2025.2/src/shared/hls/clib/hlsmath/src/lib_floatconversion.cpp:55->cpu_functions.cpp:40]   --->   Operation 196 'add' 'add_ln486_3' <Predicate = (!icmp_ln33 & !icmp_ln35)> <Delay = 1.63> <CoreInst = "Adder">   --->   Core 1 'Adder' <Latency = 0> <II = 1> <Delay = 1.63> <FuncUnit> <Opcode : 'add' 'sub'> <InPorts = 2> <OutPorts = 1>
ST_34 : Operation 197 [1/1] (0.00ns)   --->   "%tmp_12 = bitselect i1 @_ssdm_op_BitSelect.i1.i12.i32, i12 %add_ln486_3, i32 11" [/wrk/ci/prod/2025.2/hls_product/continuous/666/2025.2/src/shared/hls/clib/hlsmath/include/FloatingPoint/hls_case_IEEE754.h:18->/wrk/ci/prod/2025.2/hls_product/continuous/666/2025.2/src/shared/hls/clib/hlsmath/include/FloatingPoint/hls_case_IEEE754.h:117->/wrk/ci/prod/2025.2/hls_product/continuous/666/2025.2/src/shared/hls/clib/hlsmath/src/lib_floatconversion.cpp:55->cpu_functions.cpp:40]   --->   Operation 197 'bitselect' 'tmp_12' <Predicate = (!icmp_ln33 & !icmp_ln35)> <Delay = 0.00>
ST_34 : Operation 198 [1/1] (1.63ns)   --->   "%sub_ln18_3 = sub i11 1023, i11 %xs_exp_3" [/wrk/ci/prod/2025.2/hls_product/continuous/666/2025.2/src/shared/hls/clib/hlsmath/include/FloatingPoint/hls_case_IEEE754.h:18->/wrk/ci/prod/2025.2/hls_product/continuous/666/2025.2/src/shared/hls/clib/hlsmath/include/FloatingPoint/hls_case_IEEE754.h:117->/wrk/ci/prod/2025.2/hls_product/continuous/666/2025.2/src/shared/hls/clib/hlsmath/src/lib_floatconversion.cpp:55->cpu_functions.cpp:40]   --->   Operation 198 'sub' 'sub_ln18_3' <Predicate = (!icmp_ln33 & !icmp_ln35)> <Delay = 1.63> <CoreInst = "Adder">   --->   Core 1 'Adder' <Latency = 0> <II = 1> <Delay = 1.63> <FuncUnit> <Opcode : 'add' 'sub'> <InPorts = 2> <OutPorts = 1>
ST_34 : Operation 199 [1/1] (0.00ns)   --->   "%sext_ln18_6 = sext i11 %sub_ln18_3" [/wrk/ci/prod/2025.2/hls_product/continuous/666/2025.2/src/shared/hls/clib/hlsmath/include/FloatingPoint/hls_case_IEEE754.h:18->/wrk/ci/prod/2025.2/hls_product/continuous/666/2025.2/src/shared/hls/clib/hlsmath/include/FloatingPoint/hls_case_IEEE754.h:117->/wrk/ci/prod/2025.2/hls_product/continuous/666/2025.2/src/shared/hls/clib/hlsmath/src/lib_floatconversion.cpp:55->cpu_functions.cpp:40]   --->   Operation 199 'sext' 'sext_ln18_6' <Predicate = (!icmp_ln33 & !icmp_ln35)> <Delay = 0.00>
ST_34 : Operation 200 [1/1] (0.69ns)   --->   "%select_ln18_6 = select i1 %tmp_12, i12 %sext_ln18_6, i12 %add_ln486_3" [/wrk/ci/prod/2025.2/hls_product/continuous/666/2025.2/src/shared/hls/clib/hlsmath/include/FloatingPoint/hls_case_IEEE754.h:18->/wrk/ci/prod/2025.2/hls_product/continuous/666/2025.2/src/shared/hls/clib/hlsmath/include/FloatingPoint/hls_case_IEEE754.h:117->/wrk/ci/prod/2025.2/hls_product/continuous/666/2025.2/src/shared/hls/clib/hlsmath/src/lib_floatconversion.cpp:55->cpu_functions.cpp:40]   --->   Operation 200 'select' 'select_ln18_6' <Predicate = (!icmp_ln33 & !icmp_ln35)> <Delay = 0.69> <CoreInst = "Sel">   --->   Core 73 'Sel' <Latency = 0> <II = 1> <Delay = 0.69> <FuncUnit> <Opcode : 'select'> <InPorts = 3> <OutPorts = 1>
ST_34 : Operation 201 [1/1] (0.00ns)   --->   "%sext_ln18_8 = sext i12 %select_ln18_6" [/wrk/ci/prod/2025.2/hls_product/continuous/666/2025.2/src/shared/hls/clib/hlsmath/include/FloatingPoint/hls_case_IEEE754.h:18->/wrk/ci/prod/2025.2/hls_product/continuous/666/2025.2/src/shared/hls/clib/hlsmath/include/FloatingPoint/hls_case_IEEE754.h:117->/wrk/ci/prod/2025.2/hls_product/continuous/666/2025.2/src/shared/hls/clib/hlsmath/src/lib_floatconversion.cpp:55->cpu_functions.cpp:40]   --->   Operation 201 'sext' 'sext_ln18_8' <Predicate = (!icmp_ln33 & !icmp_ln35)> <Delay = 0.00>
ST_34 : Operation 202 [1/1] (0.00ns)   --->   "%zext_ln18_4 = zext i32 %sext_ln18_8" [/wrk/ci/prod/2025.2/hls_product/continuous/666/2025.2/src/shared/hls/clib/hlsmath/include/FloatingPoint/hls_case_IEEE754.h:18->/wrk/ci/prod/2025.2/hls_product/continuous/666/2025.2/src/shared/hls/clib/hlsmath/include/FloatingPoint/hls_case_IEEE754.h:117->/wrk/ci/prod/2025.2/hls_product/continuous/666/2025.2/src/shared/hls/clib/hlsmath/src/lib_floatconversion.cpp:55->cpu_functions.cpp:40]   --->   Operation 202 'zext' 'zext_ln18_4' <Predicate = (!icmp_ln33 & !icmp_ln35)> <Delay = 0.00>
ST_34 : Operation 203 [1/1] (4.61ns)   --->   "%lshr_ln18_3 = lshr i137 %zext_ln15_4, i137 %zext_ln18_4" [/wrk/ci/prod/2025.2/hls_product/continuous/666/2025.2/src/shared/hls/clib/hlsmath/include/FloatingPoint/hls_case_IEEE754.h:18->/wrk/ci/prod/2025.2/hls_product/continuous/666/2025.2/src/shared/hls/clib/hlsmath/include/FloatingPoint/hls_case_IEEE754.h:117->/wrk/ci/prod/2025.2/hls_product/continuous/666/2025.2/src/shared/hls/clib/hlsmath/src/lib_floatconversion.cpp:55->cpu_functions.cpp:40]   --->   Operation 203 'lshr' 'lshr_ln18_3' <Predicate = (!icmp_ln33 & !icmp_ln35)> <Delay = 4.61> <CoreInst = "Shifter">   --->   Core 75 'Shifter' <Latency = 0> <II = 1> <Delay = 4.61> <FuncUnit> <Opcode : 'shl' 'lshr' 'ashr'> <InPorts = 2> <OutPorts = 1>
ST_34 : Operation 204 [1/1] (0.00ns)   --->   "%tmp_9 = partselect i32 @_ssdm_op_PartSelect.i32.i137.i32.i32, i137 %lshr_ln18_3, i32 53, i32 84" [/wrk/ci/prod/2025.2/hls_product/continuous/666/2025.2/src/shared/hls/clib/hlsmath/include/FloatingPoint/hls_case_IEEE754.h:21->/wrk/ci/prod/2025.2/hls_product/continuous/666/2025.2/src/shared/hls/clib/hlsmath/include/FloatingPoint/hls_case_IEEE754.h:117->/wrk/ci/prod/2025.2/hls_product/continuous/666/2025.2/src/shared/hls/clib/hlsmath/src/lib_floatconversion.cpp:55->cpu_functions.cpp:40]   --->   Operation 204 'partselect' 'tmp_9' <Predicate = (!icmp_ln33 & !icmp_ln35)> <Delay = 0.00>
ST_34 : Operation 205 [1/1] (0.00ns) (grouped into LUT with out node sum_value_low)   --->   "%xs_sign = bitselect i1 @_ssdm_op_BitSelect.i1.i64.i32, i64 %data, i32 63" [/wrk/ci/prod/2025.2/hls_product/continuous/666/2025.2/src/shared/hls/clib/src/hls/utils/x_hls_utils.h:460->/wrk/ci/prod/2025.2/hls_product/continuous/666/2025.2/src/shared/hls/clib/hlsmath/include/FloatingPoint/hls_case_IEEE754.h:13->/wrk/ci/prod/2025.2/hls_product/continuous/666/2025.2/src/shared/hls/clib/hlsmath/include/FloatingPoint/hls_case_IEEE754.h:117->/wrk/ci/prod/2025.2/hls_product/continuous/666/2025.2/src/shared/hls/clib/hlsmath/src/lib_floatconversion.cpp:55->cpu_functions.cpp:36]   --->   Operation 205 'bitselect' 'xs_sign' <Predicate = (!icmp_ln33 & icmp_ln35)> <Delay = 0.00>
ST_34 : Operation 206 [1/1] (2.55ns)   --->   "%result_12 = sub i32 0, i32 %val" [/wrk/ci/prod/2025.2/hls_product/continuous/666/2025.2/src/shared/hls/clib/hlsmath/include/FloatingPoint/hls_case_IEEE754.h:59->/wrk/ci/prod/2025.2/hls_product/continuous/666/2025.2/src/shared/hls/clib/hlsmath/include/FloatingPoint/hls_case_IEEE754.h:117->/wrk/ci/prod/2025.2/hls_product/continuous/666/2025.2/src/shared/hls/clib/hlsmath/src/lib_floatconversion.cpp:55->cpu_functions.cpp:36]   --->   Operation 206 'sub' 'result_12' <Predicate = (!icmp_ln33 & icmp_ln35)> <Delay = 2.55> <CoreInst = "Adder">   --->   Core 1 'Adder' <Latency = 0> <II = 1> <Delay = 2.55> <FuncUnit> <Opcode : 'add' 'sub'> <InPorts = 2> <OutPorts = 1>
ST_34 : Operation 207 [1/1] (0.00ns) (grouped into LUT with out node sum_value_low)   --->   "%result_13 = select i1 %xs_sign, i32 %result_12, i32 %val" [/wrk/ci/prod/2025.2/hls_product/continuous/666/2025.2/src/shared/hls/clib/hlsmath/include/FloatingPoint/hls_case_IEEE754.h:59->/wrk/ci/prod/2025.2/hls_product/continuous/666/2025.2/src/shared/hls/clib/hlsmath/include/FloatingPoint/hls_case_IEEE754.h:117->/wrk/ci/prod/2025.2/hls_product/continuous/666/2025.2/src/shared/hls/clib/hlsmath/src/lib_floatconversion.cpp:55->cpu_functions.cpp:36]   --->   Operation 207 'select' 'result_13' <Predicate = (!icmp_ln33 & icmp_ln35)> <Delay = 0.00> <CoreInst = "Sel">   --->   Core 73 'Sel' <Latency = 0> <II = 1> <Delay = 0.69> <FuncUnit> <Opcode : 'select'> <InPorts = 3> <OutPorts = 1>
ST_34 : Operation 208 [1/1] (2.55ns) (out node of the LUT)   --->   "%sum_value_low = sub i32 %gmem0_load_read, i32 %result_13" [cpu_functions.cpp:36]   --->   Operation 208 'sub' 'sum_value_low' <Predicate = (!icmp_ln33 & icmp_ln35)> <Delay = 2.55> <CoreInst = "Adder">   --->   Core 1 'Adder' <Latency = 0> <II = 1> <Delay = 2.55> <FuncUnit> <Opcode : 'add' 'sub'> <InPorts = 2> <OutPorts = 1>
ST_34 : Operation 209 [1/1] (1.58ns)   --->   "%br_ln37 = br void %for.inc139" [cpu_functions.cpp:37]   --->   Operation 209 'br' 'br_ln37' <Predicate = (!icmp_ln33 & icmp_ln35)> <Delay = 1.58>

State 35 <SV = 34> <Delay = 5.31>
ST_35 : Operation 210 [1/1] (4.61ns)   --->   "%shl_ln18_3 = shl i137 %zext_ln15_4, i137 %zext_ln18_4" [/wrk/ci/prod/2025.2/hls_product/continuous/666/2025.2/src/shared/hls/clib/hlsmath/include/FloatingPoint/hls_case_IEEE754.h:18->/wrk/ci/prod/2025.2/hls_product/continuous/666/2025.2/src/shared/hls/clib/hlsmath/include/FloatingPoint/hls_case_IEEE754.h:117->/wrk/ci/prod/2025.2/hls_product/continuous/666/2025.2/src/shared/hls/clib/hlsmath/src/lib_floatconversion.cpp:55->cpu_functions.cpp:40]   --->   Operation 210 'shl' 'shl_ln18_3' <Predicate = (!icmp_ln33 & !icmp_ln35 & !tmp_12)> <Delay = 4.61> <CoreInst = "Shifter">   --->   Core 75 'Shifter' <Latency = 0> <II = 1> <Delay = 4.61> <FuncUnit> <Opcode : 'shl' 'lshr' 'ashr'> <InPorts = 2> <OutPorts = 1>
ST_35 : Operation 211 [1/1] (0.00ns)   --->   "%tmp_s = partselect i32 @_ssdm_op_PartSelect.i32.i137.i32.i32, i137 %shl_ln18_3, i32 53, i32 84" [/wrk/ci/prod/2025.2/hls_product/continuous/666/2025.2/src/shared/hls/clib/hlsmath/include/FloatingPoint/hls_case_IEEE754.h:21->/wrk/ci/prod/2025.2/hls_product/continuous/666/2025.2/src/shared/hls/clib/hlsmath/include/FloatingPoint/hls_case_IEEE754.h:117->/wrk/ci/prod/2025.2/hls_product/continuous/666/2025.2/src/shared/hls/clib/hlsmath/src/lib_floatconversion.cpp:55->cpu_functions.cpp:40]   --->   Operation 211 'partselect' 'tmp_s' <Predicate = (!icmp_ln33 & !icmp_ln35 & !tmp_12)> <Delay = 0.00>
ST_35 : Operation 212 [1/1] (0.69ns)   --->   "%val_4 = select i1 %tmp_12, i32 %tmp_9, i32 %tmp_s" [/wrk/ci/prod/2025.2/hls_product/continuous/666/2025.2/src/shared/hls/clib/hlsmath/include/FloatingPoint/hls_case_IEEE754.h:18->/wrk/ci/prod/2025.2/hls_product/continuous/666/2025.2/src/shared/hls/clib/hlsmath/include/FloatingPoint/hls_case_IEEE754.h:117->/wrk/ci/prod/2025.2/hls_product/continuous/666/2025.2/src/shared/hls/clib/hlsmath/src/lib_floatconversion.cpp:55->cpu_functions.cpp:40]   --->   Operation 212 'select' 'val_4' <Predicate = (!icmp_ln33 & !icmp_ln35)> <Delay = 0.69> <CoreInst = "Sel">   --->   Core 73 'Sel' <Latency = 0> <II = 1> <Delay = 0.69> <FuncUnit> <Opcode : 'select'> <InPorts = 3> <OutPorts = 1>

State 36 <SV = 35> <Delay = 7.30>
ST_36 : Operation 213 [1/1] (0.00ns) (grouped into LUT with out node sum_value_low_1)   --->   "%xs_sign_4 = bitselect i1 @_ssdm_op_BitSelect.i1.i64.i32, i64 %data_4, i32 63" [/wrk/ci/prod/2025.2/hls_product/continuous/666/2025.2/src/shared/hls/clib/src/hls/utils/x_hls_utils.h:460->/wrk/ci/prod/2025.2/hls_product/continuous/666/2025.2/src/shared/hls/clib/hlsmath/include/FloatingPoint/hls_case_IEEE754.h:13->/wrk/ci/prod/2025.2/hls_product/continuous/666/2025.2/src/shared/hls/clib/hlsmath/include/FloatingPoint/hls_case_IEEE754.h:117->/wrk/ci/prod/2025.2/hls_product/continuous/666/2025.2/src/shared/hls/clib/hlsmath/src/lib_floatconversion.cpp:55->cpu_functions.cpp:40]   --->   Operation 213 'bitselect' 'xs_sign_4' <Predicate = (!icmp_ln33 & !icmp_ln35)> <Delay = 0.00>
ST_36 : Operation 214 [1/1] (2.55ns)   --->   "%result_15 = sub i32 0, i32 %val_4" [/wrk/ci/prod/2025.2/hls_product/continuous/666/2025.2/src/shared/hls/clib/hlsmath/include/FloatingPoint/hls_case_IEEE754.h:59->/wrk/ci/prod/2025.2/hls_product/continuous/666/2025.2/src/shared/hls/clib/hlsmath/include/FloatingPoint/hls_case_IEEE754.h:117->/wrk/ci/prod/2025.2/hls_product/continuous/666/2025.2/src/shared/hls/clib/hlsmath/src/lib_floatconversion.cpp:55->cpu_functions.cpp:40]   --->   Operation 214 'sub' 'result_15' <Predicate = (!icmp_ln33 & !icmp_ln35)> <Delay = 2.55> <CoreInst = "Adder">   --->   Core 1 'Adder' <Latency = 0> <II = 1> <Delay = 2.55> <FuncUnit> <Opcode : 'add' 'sub'> <InPorts = 2> <OutPorts = 1>
ST_36 : Operation 215 [1/1] (0.00ns) (grouped into LUT with out node sum_value_low_1)   --->   "%result_16 = select i1 %xs_sign_4, i32 %result_15, i32 %val_4" [/wrk/ci/prod/2025.2/hls_product/continuous/666/2025.2/src/shared/hls/clib/hlsmath/include/FloatingPoint/hls_case_IEEE754.h:59->/wrk/ci/prod/2025.2/hls_product/continuous/666/2025.2/src/shared/hls/clib/hlsmath/include/FloatingPoint/hls_case_IEEE754.h:117->/wrk/ci/prod/2025.2/hls_product/continuous/666/2025.2/src/shared/hls/clib/hlsmath/src/lib_floatconversion.cpp:55->cpu_functions.cpp:40]   --->   Operation 215 'select' 'result_16' <Predicate = (!icmp_ln33 & !icmp_ln35)> <Delay = 0.00> <CoreInst = "Sel">   --->   Core 73 'Sel' <Latency = 0> <II = 1> <Delay = 0.69> <FuncUnit> <Opcode : 'select'> <InPorts = 3> <OutPorts = 1>
ST_36 : Operation 216 [1/1] (2.55ns) (out node of the LUT)   --->   "%sum_value_low_1 = sub i32 %gmem0_addr_5_read, i32 %result_16" [cpu_functions.cpp:40]   --->   Operation 216 'sub' 'sum_value_low_1' <Predicate = (!icmp_ln33 & !icmp_ln35)> <Delay = 2.55> <CoreInst = "Adder">   --->   Core 1 'Adder' <Latency = 0> <II = 1> <Delay = 2.55> <FuncUnit> <Opcode : 'add' 'sub'> <InPorts = 2> <OutPorts = 1>
ST_36 : Operation 217 [1/1] (1.58ns)   --->   "%br_ln0 = br void %for.inc139"   --->   Operation 217 'br' 'br_ln0' <Predicate = (!icmp_ln33 & !icmp_ln35)> <Delay = 1.58>
ST_36 : Operation 218 [1/1] ( I:7.30ns O:7.30ns )   --->   "%gmem1_addr_4_req = writereq i1 @_ssdm_op_WriteReq.m_axi.i32P1A, i32 %gmem1_addr_3, i64 1" [cpu_functions.cpp:43]   --->   Operation 218 'writereq' 'gmem1_addr_4_req' <Predicate = (!icmp_ln33)> <Delay = 7.30> <CoreInst = "m_axi">   --->   Core 111 'm_axi' <Latency = 9> <II = 1> <Delay = 1.00> <Adapter> <Opcode : 'readrequnaligned' 'writerequnaligned' 'read' 'write' 'readreq' 'writereq' 'writeresp'>

State 37 <SV = 36> <Delay = 7.30>
ST_37 : Operation 219 [1/1] (0.00ns)   --->   "%sum_value_low_2 = phi i32 %sum_value_low, void %if.then110, i32 %sum_value_low_1, void %if.else118"   --->   Operation 219 'phi' 'sum_value_low_2' <Predicate = (!icmp_ln33)> <Delay = 0.00>
ST_37 : Operation 220 [1/1] ( I:7.30ns O:7.30ns )   --->   "%write_ln43 = write void @_ssdm_op_Write.m_axi.i32P1A, i32 %gmem1_addr_3, i32 %sum_value_low_2, i4 15" [cpu_functions.cpp:43]   --->   Operation 220 'write' 'write_ln43' <Predicate = (!icmp_ln33)> <Delay = 7.30> <CoreInst = "m_axi">   --->   Core 111 'm_axi' <Latency = 5> <II = 1> <Delay = 1.00> <Adapter> <Opcode : 'readrequnaligned' 'writerequnaligned' 'read' 'write' 'readreq' 'writereq' 'writeresp'>

State 38 <SV = 37> <Delay = 0.00>
ST_38 : Operation 221 [5/5] (7.30ns)   --->   "%gmem1_addr_4_resp = writeresp i1 @_ssdm_op_WriteResp.m_axi.i32P1A, i32 %gmem1_addr_3" [cpu_functions.cpp:43]   --->   Operation 221 'writeresp' 'gmem1_addr_4_resp' <Predicate = (!icmp_ln33)> <Delay = 7.30> <CoreInst = "m_axi">   --->   Core 111 'm_axi' <Latency = 3> <II = 1> <Delay = 1.00> <Adapter> <Opcode : 'readrequnaligned' 'writerequnaligned' 'read' 'write' 'readreq' 'writereq' 'writeresp'>

State 39 <SV = 38> <Delay = 0.00>
ST_39 : Operation 222 [4/5] (7.30ns)   --->   "%gmem1_addr_4_resp = writeresp i1 @_ssdm_op_WriteResp.m_axi.i32P1A, i32 %gmem1_addr_3" [cpu_functions.cpp:43]   --->   Operation 222 'writeresp' 'gmem1_addr_4_resp' <Predicate = (!icmp_ln33)> <Delay = 7.30> <CoreInst = "m_axi">   --->   Core 111 'm_axi' <Latency = 3> <II = 1> <Delay = 1.00> <Adapter> <Opcode : 'readrequnaligned' 'writerequnaligned' 'read' 'write' 'readreq' 'writereq' 'writeresp'>

State 40 <SV = 39> <Delay = 0.00>
ST_40 : Operation 223 [3/5] (7.30ns)   --->   "%gmem1_addr_4_resp = writeresp i1 @_ssdm_op_WriteResp.m_axi.i32P1A, i32 %gmem1_addr_3" [cpu_functions.cpp:43]   --->   Operation 223 'writeresp' 'gmem1_addr_4_resp' <Predicate = (!icmp_ln33)> <Delay = 7.30> <CoreInst = "m_axi">   --->   Core 111 'm_axi' <Latency = 3> <II = 1> <Delay = 1.00> <Adapter> <Opcode : 'readrequnaligned' 'writerequnaligned' 'read' 'write' 'readreq' 'writereq' 'writeresp'>

State 41 <SV = 40> <Delay = 0.00>
ST_41 : Operation 224 [2/5] (7.30ns)   --->   "%gmem1_addr_4_resp = writeresp i1 @_ssdm_op_WriteResp.m_axi.i32P1A, i32 %gmem1_addr_3" [cpu_functions.cpp:43]   --->   Operation 224 'writeresp' 'gmem1_addr_4_resp' <Predicate = true> <Delay = 7.30> <CoreInst = "m_axi">   --->   Core 111 'm_axi' <Latency = 3> <II = 1> <Delay = 1.00> <Adapter> <Opcode : 'readrequnaligned' 'writerequnaligned' 'read' 'write' 'readreq' 'writereq' 'writeresp'>

State 42 <SV = 41> <Delay = 7.30>
ST_42 : Operation 225 [1/5] ( I:7.30ns O:7.30ns )   --->   "%gmem1_addr_4_resp = writeresp i1 @_ssdm_op_WriteResp.m_axi.i32P1A, i32 %gmem1_addr_3" [cpu_functions.cpp:43]   --->   Operation 225 'writeresp' 'gmem1_addr_4_resp' <Predicate = true> <Delay = 7.30> <CoreInst = "m_axi">   --->   Core 111 'm_axi' <Latency = 3> <II = 1> <Delay = 1.00> <Adapter> <Opcode : 'readrequnaligned' 'writerequnaligned' 'read' 'write' 'readreq' 'writereq' 'writeresp'>
ST_42 : Operation 226 [1/1] (0.00ns)   --->   "%br_ln33 = br void %for.body108" [cpu_functions.cpp:33]   --->   Operation 226 'br' 'br_ln33' <Predicate = true> <Delay = 0.00>


============================================================
+ Verbose Summary: Timing violations
============================================================
Target clock period: 10.000ns, clock uncertainty: 2.700ns.

 <State 1>: 5.108ns
The critical path consists of the following:
	'store' operation ('store_ln33', cpu_functions.cpp:33) of constant 0 32 bit on local variable 'i', cpu_functions.cpp:33 [17]  (1.588 ns)
	'load' operation 32 bit ('i', cpu_functions.cpp:40) on local variable 'i', cpu_functions.cpp:33 [20]  (0.000 ns)
	'add' operation 64 bit ('add_ln40', cpu_functions.cpp:40) [36]  (3.520 ns)

 <State 2>: 6.072ns
The critical path consists of the following:
	'add' operation 32 bit ('add_ln40_2', cpu_functions.cpp:40) [43]  (2.552 ns)
	'add' operation 64 bit ('add_ln40_3', cpu_functions.cpp:40) [46]  (3.520 ns)

 <State 3>: 0.000ns
The critical path consists of the following:

 <State 4>: 0.000ns
The critical path consists of the following:

 <State 5>: 0.000ns
The critical path consists of the following:

 <State 6>: 0.000ns
The critical path consists of the following:

 <State 7>: 0.000ns
The critical path consists of the following:

 <State 8>: 0.000ns
The critical path consists of the following:

 <State 9>: 7.300ns
The critical path consists of the following:
	bus request operation ('gmem0_load_3_req', cpu_functions.cpp:40) on port 'gmem0' (cpu_functions.cpp:40) [40]  (7.300 ns)

 <State 10>: 7.300ns
The critical path consists of the following:
	bus request operation ('gmem1_load_req', cpu_functions.cpp:36) on port 'gmem1' (cpu_functions.cpp:36) [88]  (7.300 ns)

 <State 11>: 7.300ns
The critical path consists of the following:
	bus read operation ('gmem1_addr_read', cpu_functions.cpp:36) on port 'gmem1' (cpu_functions.cpp:36) [89]  (7.300 ns)

 <State 12>: 7.300ns
The critical path consists of the following:
	bus read operation ('gmem1_addr_2_read', cpu_functions.cpp:40) on port 'gmem1' (cpu_functions.cpp:40) [59]  (7.300 ns)

 <State 13>: 6.282ns
The critical path consists of the following:
	'sitodp' operation 64 bit ('conv3', cpu_functions.cpp:36) [90]  (6.282 ns)

 <State 14>: 6.282ns
The critical path consists of the following:
	'sitodp' operation 64 bit ('conv3', cpu_functions.cpp:36) [90]  (6.282 ns)

 <State 15>: 6.282ns
The critical path consists of the following:
	'sitodp' operation 64 bit ('conv3', cpu_functions.cpp:36) [90]  (6.282 ns)

 <State 16>: 6.282ns
The critical path consists of the following:
	'sitodp' operation 64 bit ('conv3', cpu_functions.cpp:36) [90]  (6.282 ns)

 <State 17>: 6.282ns
The critical path consists of the following:
	'sitodp' operation 64 bit ('conv3', cpu_functions.cpp:36) [90]  (6.282 ns)

 <State 18>: 6.719ns
The critical path consists of the following:
	'dmul' operation 64 bit ('div', cpu_functions.cpp:36) [91]  (6.719 ns)

 <State 19>: 6.719ns
The critical path consists of the following:
	'dmul' operation 64 bit ('div', cpu_functions.cpp:36) [91]  (6.719 ns)

 <State 20>: 6.719ns
The critical path consists of the following:
	'dmul' operation 64 bit ('div', cpu_functions.cpp:36) [91]  (6.719 ns)

 <State 21>: 6.719ns
The critical path consists of the following:
	'dmul' operation 64 bit ('div', cpu_functions.cpp:36) [91]  (6.719 ns)

 <State 22>: 6.719ns
The critical path consists of the following:
	'dmul' operation 64 bit ('div', cpu_functions.cpp:36) [91]  (6.719 ns)

 <State 23>: 6.719ns
The critical path consists of the following:
	'dmul' operation 64 bit ('div', cpu_functions.cpp:36) [91]  (6.719 ns)

 <State 24>: 6.719ns
The critical path consists of the following:
	'dmul' operation 64 bit ('div', cpu_functions.cpp:36) [91]  (6.719 ns)

 <State 25>: 7.297ns
The critical path consists of the following:
	'dsub' operation 64 bit ('x', cpu_functions.cpp:36) [92]  (7.297 ns)

 <State 26>: 7.297ns
The critical path consists of the following:
	'dsub' operation 64 bit ('x', cpu_functions.cpp:36) [92]  (7.297 ns)

 <State 27>: 7.297ns
The critical path consists of the following:
	'dsub' operation 64 bit ('x', cpu_functions.cpp:36) [92]  (7.297 ns)

 <State 28>: 7.297ns
The critical path consists of the following:
	'dsub' operation 64 bit ('x', cpu_functions.cpp:36) [92]  (7.297 ns)

 <State 29>: 7.297ns
The critical path consists of the following:
	'dsub' operation 64 bit ('x', cpu_functions.cpp:36) [92]  (7.297 ns)

 <State 30>: 7.297ns
The critical path consists of the following:
	'dsub' operation 64 bit ('x', cpu_functions.cpp:36) [92]  (7.297 ns)

 <State 31>: 7.297ns
The critical path consists of the following:
	'dsub' operation 64 bit ('x', cpu_functions.cpp:36) [92]  (7.297 ns)

 <State 32>: 7.297ns
The critical path consists of the following:
	'dsub' operation 64 bit ('x', cpu_functions.cpp:40) [63]  (7.297 ns)

 <State 33>: 7.297ns
The critical path consists of the following:
	'dsub' operation 64 bit ('x', cpu_functions.cpp:40) [63]  (7.297 ns)

 <State 34>: 6.948ns
The critical path consists of the following:
	'add' operation 12 bit ('add_ln486_3', /wrk/ci/prod/2025.2/hls_product/continuous/666/2025.2/src/shared/hls/clib/src/hls/utils/x_hls_utils.h:486->/wrk/ci/prod/2025.2/hls_product/continuous/666/2025.2/src/shared/hls/clib/hlsmath/include/FloatingPoint/hls_case_IEEE754.h:18->/wrk/ci/prod/2025.2/hls_product/continuous/666/2025.2/src/shared/hls/clib/hlsmath/include/FloatingPoint/hls_case_IEEE754.h:117->/wrk/ci/prod/2025.2/hls_product/continuous/666/2025.2/src/shared/hls/clib/hlsmath/src/lib_floatconversion.cpp:55->cpu_functions.cpp:40) [71]  (1.639 ns)
	'select' operation 12 bit ('select_ln18_6', /wrk/ci/prod/2025.2/hls_product/continuous/666/2025.2/src/shared/hls/clib/hlsmath/include/FloatingPoint/hls_case_IEEE754.h:18->/wrk/ci/prod/2025.2/hls_product/continuous/666/2025.2/src/shared/hls/clib/hlsmath/include/FloatingPoint/hls_case_IEEE754.h:117->/wrk/ci/prod/2025.2/hls_product/continuous/666/2025.2/src/shared/hls/clib/hlsmath/src/lib_floatconversion.cpp:55->cpu_functions.cpp:40) [75]  (0.697 ns)
	'lshr' operation 137 bit ('lshr_ln18_3', /wrk/ci/prod/2025.2/hls_product/continuous/666/2025.2/src/shared/hls/clib/hlsmath/include/FloatingPoint/hls_case_IEEE754.h:18->/wrk/ci/prod/2025.2/hls_product/continuous/666/2025.2/src/shared/hls/clib/hlsmath/include/FloatingPoint/hls_case_IEEE754.h:117->/wrk/ci/prod/2025.2/hls_product/continuous/666/2025.2/src/shared/hls/clib/hlsmath/src/lib_floatconversion.cpp:55->cpu_functions.cpp:40) [78]  (4.612 ns)

 <State 35>: 5.310ns
The critical path consists of the following:
	'shl' operation 137 bit ('shl_ln18_3', /wrk/ci/prod/2025.2/hls_product/continuous/666/2025.2/src/shared/hls/clib/hlsmath/include/FloatingPoint/hls_case_IEEE754.h:18->/wrk/ci/prod/2025.2/hls_product/continuous/666/2025.2/src/shared/hls/clib/hlsmath/include/FloatingPoint/hls_case_IEEE754.h:117->/wrk/ci/prod/2025.2/hls_product/continuous/666/2025.2/src/shared/hls/clib/hlsmath/src/lib_floatconversion.cpp:55->cpu_functions.cpp:40) [79]  (4.612 ns)
	'select' operation 32 bit ('val', /wrk/ci/prod/2025.2/hls_product/continuous/666/2025.2/src/shared/hls/clib/hlsmath/include/FloatingPoint/hls_case_IEEE754.h:18->/wrk/ci/prod/2025.2/hls_product/continuous/666/2025.2/src/shared/hls/clib/hlsmath/include/FloatingPoint/hls_case_IEEE754.h:117->/wrk/ci/prod/2025.2/hls_product/continuous/666/2025.2/src/shared/hls/clib/hlsmath/src/lib_floatconversion.cpp:55->cpu_functions.cpp:40) [82]  (0.698 ns)

 <State 36>: 7.300ns
The critical path consists of the following:
	bus request operation ('gmem1_addr_4_req', cpu_functions.cpp:43) on port 'gmem1' (cpu_functions.cpp:43) [124]  (7.300 ns)

 <State 37>: 7.300ns
The critical path consists of the following:
	'phi' operation 32 bit ('sum_value_low') with incoming values : ('sum_value_low', cpu_functions.cpp:40) ('sum_value_low', cpu_functions.cpp:36) [117]  (0.000 ns)
	bus write operation ('write_ln43', cpu_functions.cpp:43) on port 'gmem1' (cpu_functions.cpp:43) [125]  (7.300 ns)

 <State 38>: 0.000ns
The critical path consists of the following:

 <State 39>: 0.000ns
The critical path consists of the following:

 <State 40>: 0.000ns
The critical path consists of the following:

 <State 41>: 0.000ns
The critical path consists of the following:

 <State 42>: 7.300ns
The critical path consists of the following:
	bus response operation ('gmem1_addr_4_resp', cpu_functions.cpp:43) on port 'gmem1' (cpu_functions.cpp:43) [126]  (7.300 ns)


============================================================
+ Verbose Summary: Binding
============================================================
N/A
* FSMD analyzer results:
  - Output states:
 - Input state : 
  - Chain level:
	State 1
	State 2
	State 3
	State 4
	State 5
	State 6
	State 7
	State 8
	State 9
	State 10
	State 11
	State 12
	State 13
	State 14
	State 15
	State 16
	State 17
	State 18
	State 19
	State 20
	State 21
	State 22
	State 23
	State 24
	State 25
	State 26
	State 27
	State 28
	State 29
	State 30
	State 31
	State 32
	State 33
	State 34
	State 35
	State 36
	State 37
	State 38
	State 39
	State 40
	State 41
	State 42


============================================================
+ Verbose Summary: Datapath Resource usage 
============================================================
N/A
