  **** HLS Build v2025.2 6295257
Sourcing Tcl script '/home/albasg/Documentos/semestre-2/pd/project/GPU4S_Bench/gpu4s_benchmark/wavelet_transform/cpu_functions/run_hls.tcl'
INFO: [HLS 200-1510] Running: open_project proj_wavelet 
WARNING: [HLS 200-2182] The 'proj_wavelet' project will not automatically appear within Vitis IDE workspaces and is meant only for TCL batch use.  Please use open_component instead of open_project/open_solution to generate Vitis IDE compatible component files and directory structure.
Resolution: For help on HLS 200-2182 see docs.amd.com/access/sources/dita/topic?Doc_Version=2025.2%20English&url=ug1448-hls-guidance&resourceid=200-2182.html
INFO: [HLS 200-10] Opening solution '/home/albasg/Documentos/semestre-2/pd/project/GPU4S_Bench/gpu4s_benchmark/wavelet_transform/cpu_functions/proj_wavelet'.
INFO: [HLS 200-1510] Running: set_top ccsds_wavelet_transform 
INFO: [HLS 200-1510] Running: add_files cpu_functions.cpp -cflags -DINT 
INFO: [HLS 200-10] Adding design file 'cpu_functions.cpp' to the project
INFO: [HLS 200-1510] Running: open_solution solution 
INFO: [HLS 200-10] Opening solution '/home/albasg/Documentos/semestre-2/pd/project/GPU4S_Bench/gpu4s_benchmark/wavelet_transform/cpu_functions/proj_wavelet/solution'.
INFO: [SYN 201-201] Setting up clock 'default' with a period of 10ns.
INFO: [HLS 200-1611] Setting target device to 'xc7z020-clg484-1'
INFO: [HLS 200-1505] Using flow_target 'vivado'
Resolution: For help on HLS 200-1505 see docs.amd.com/access/sources/dita/topic?Doc_Version=2025.2%20English&url=ug1448-hls-guidance&resourceid=200-1505.html
INFO: [HLS 200-1510] Running: set_part xc7z020clg484-1 
INFO: [HLS 200-1510] Running: create_clock -period 10.0 -name default 
INFO: [HLS 200-1510] Running: set_directive_interface -mode m_axi -bundle gmem0 ccsds_wavelet_transform A 
INFO: [HLS 200-1510] Running: set_directive_interface -mode m_axi -bundle gmem1 ccsds_wavelet_transform B 
INFO: [HLS 200-1510] Running: set_directive_interface -mode s_axilite ccsds_wavelet_transform size 
INFO: [HLS 200-1510] Running: set_directive_interface -mode s_axilite ccsds_wavelet_transform return 
INFO: [HLS 200-1510] Running: csynth_design 
INFO: [HLS 200-111] Finished File checks and directory preparation: CPU user time: 0.42 seconds. CPU system time: 0.1 seconds. Elapsed time: 0.52 seconds; current allocated memory: 309.984 MB.
INFO: [HLS 200-2191] C-Synthesis will use clang-16 as the compiler
INFO: [HLS 200-10] Analyzing design file 'cpu_functions.cpp' ... 
INFO: [HLS 200-111] Finished Source Code Analysis and Preprocessing: CPU user time: 2.83 seconds. CPU system time: 0.64 seconds. Elapsed time: 3.47 seconds; current allocated memory: 310.781 MB.
INFO: [HLS 200-777] Using interface defaults for 'Vivado' flow target.
INFO: [HLS 200-1995] There were 13,012 instructions in the design after the 'Compile/Link' phase of compilation. See the Design Size Report for more details (/home/albasg/Documentos/semestre-2/pd/project/GPU4S_Bench/gpu4s_benchmark/wavelet_transform/cpu_functions/proj_wavelet/solution/syn/report/csynth_design_size.rpt:2)
INFO: [HLS 200-1995] There were 1,105 instructions in the design after the 'Unroll/Inline (step 1)' phase of compilation. See the Design Size Report for more details (/home/albasg/Documentos/semestre-2/pd/project/GPU4S_Bench/gpu4s_benchmark/wavelet_transform/cpu_functions/proj_wavelet/solution/syn/report/csynth_design_size.rpt:2)
INFO: [HLS 200-1995] There were 490 instructions in the design after the 'Unroll/Inline (step 2)' phase of compilation. See the Design Size Report for more details (/home/albasg/Documentos/semestre-2/pd/project/GPU4S_Bench/gpu4s_benchmark/wavelet_transform/cpu_functions/proj_wavelet/solution/syn/report/csynth_design_size.rpt:2)
INFO: [HLS 200-1995] There were 482 instructions in the design after the 'Unroll/Inline (step 3)' phase of compilation. See the Design Size Report for more details (/home/albasg/Documentos/semestre-2/pd/project/GPU4S_Bench/gpu4s_benchmark/wavelet_transform/cpu_functions/proj_wavelet/solution/syn/report/csynth_design_size.rpt:2)
INFO: [HLS 200-1995] There were 314 instructions in the design after the 'Unroll/Inline (step 4)' phase of compilation. See the Design Size Report for more details (/home/albasg/Documentos/semestre-2/pd/project/GPU4S_Bench/gpu4s_benchmark/wavelet_transform/cpu_functions/proj_wavelet/solution/syn/report/csynth_design_size.rpt:2)
INFO: [HLS 200-1995] There were 312 instructions in the design after the 'Array/Struct (step 1)' phase of compilation. See the Design Size Report for more details (/home/albasg/Documentos/semestre-2/pd/project/GPU4S_Bench/gpu4s_benchmark/wavelet_transform/cpu_functions/proj_wavelet/solution/syn/report/csynth_design_size.rpt:2)
INFO: [HLS 200-1995] There were 312 instructions in the design after the 'Array/Struct (step 2)' phase of compilation. See the Design Size Report for more details (/home/albasg/Documentos/semestre-2/pd/project/GPU4S_Bench/gpu4s_benchmark/wavelet_transform/cpu_functions/proj_wavelet/solution/syn/report/csynth_design_size.rpt:2)
INFO: [HLS 200-1995] There were 312 instructions in the design after the 'Array/Struct (step 3)' phase of compilation. See the Design Size Report for more details (/home/albasg/Documentos/semestre-2/pd/project/GPU4S_Bench/gpu4s_benchmark/wavelet_transform/cpu_functions/proj_wavelet/solution/syn/report/csynth_design_size.rpt:2)
INFO: [HLS 200-1995] There were 312 instructions in the design after the 'Array/Struct (step 4)' phase of compilation. See the Design Size Report for more details (/home/albasg/Documentos/semestre-2/pd/project/GPU4S_Bench/gpu4s_benchmark/wavelet_transform/cpu_functions/proj_wavelet/solution/syn/report/csynth_design_size.rpt:2)
INFO: [HLS 200-1995] There were 309 instructions in the design after the 'Array/Struct (step 5)' phase of compilation. See the Design Size Report for more details (/home/albasg/Documentos/semestre-2/pd/project/GPU4S_Bench/gpu4s_benchmark/wavelet_transform/cpu_functions/proj_wavelet/solution/syn/report/csynth_design_size.rpt:2)
INFO: [HLS 200-1995] There were 308 instructions in the design after the 'Performance (step 1)' phase of compilation. See the Design Size Report for more details (/home/albasg/Documentos/semestre-2/pd/project/GPU4S_Bench/gpu4s_benchmark/wavelet_transform/cpu_functions/proj_wavelet/solution/syn/report/csynth_design_size.rpt:2)
INFO: [HLS 200-1995] There were 308 instructions in the design after the 'Performance (step 2)' phase of compilation. See the Design Size Report for more details (/home/albasg/Documentos/semestre-2/pd/project/GPU4S_Bench/gpu4s_benchmark/wavelet_transform/cpu_functions/proj_wavelet/solution/syn/report/csynth_design_size.rpt:2)
INFO: [HLS 200-1995] There were 307 instructions in the design after the 'Performance (step 3)' phase of compilation. See the Design Size Report for more details (/home/albasg/Documentos/semestre-2/pd/project/GPU4S_Bench/gpu4s_benchmark/wavelet_transform/cpu_functions/proj_wavelet/solution/syn/report/csynth_design_size.rpt:2)
INFO: [HLS 200-1995] There were 307 instructions in the design after the 'Performance (step 4)' phase of compilation. See the Design Size Report for more details (/home/albasg/Documentos/semestre-2/pd/project/GPU4S_Bench/gpu4s_benchmark/wavelet_transform/cpu_functions/proj_wavelet/solution/syn/report/csynth_design_size.rpt:2)
INFO: [HLS 200-1995] There were 357 instructions in the design after the 'HW Transforms (step 1)' phase of compilation. See the Design Size Report for more details (/home/albasg/Documentos/semestre-2/pd/project/GPU4S_Bench/gpu4s_benchmark/wavelet_transform/cpu_functions/proj_wavelet/solution/syn/report/csynth_design_size.rpt:2)
INFO: [HLS 200-1995] There were 353 instructions in the design after the 'HW Transforms (step 2)' phase of compilation. See the Design Size Report for more details (/home/albasg/Documentos/semestre-2/pd/project/GPU4S_Bench/gpu4s_benchmark/wavelet_transform/cpu_functions/proj_wavelet/solution/syn/report/csynth_design_size.rpt:2)
INFO: [HLS 214-178] Inlining function 'fp_struct<double>::fp_struct(double)' into 'int generic_cast_IEEE754<int, (ap_q_mode)6, double>(double, bool, hls::enable_if<std::numeric_limits<int>::is_signed, bool>::type)' (/wrk/ci/prod/2025.2/hls_product/continuous/666/2025.2/src/shared/hls/clib/hlsmath/include/FloatingPoint/hls_case_IEEE754.h:12:0)
INFO: [HLS 214-178] Inlining function 'fp_struct<double>::mantissa() const' into 'int generic_cast_IEEE754<int, (ap_q_mode)6, double>(double, bool, hls::enable_if<std::numeric_limits<int>::is_signed, bool>::type)' (/wrk/ci/prod/2025.2/hls_product/continuous/666/2025.2/src/shared/hls/clib/hlsmath/include/FloatingPoint/hls_case_IEEE754.h:12:0)
INFO: [HLS 214-178] Inlining function 'fp_struct<double>::expv() const' into 'int generic_cast_IEEE754<int, (ap_q_mode)6, double>(double, bool, hls::enable_if<std::numeric_limits<int>::is_signed, bool>::type)' (/wrk/ci/prod/2025.2/hls_product/continuous/666/2025.2/src/shared/hls/clib/hlsmath/include/FloatingPoint/hls_case_IEEE754.h:12:0)
INFO: [HLS 214-178] Inlining function 'fp_struct<double>::__signbit() const' into 'int generic_cast_IEEE754<int, (ap_q_mode)6, double>(double, bool, hls::enable_if<std::numeric_limits<int>::is_signed, bool>::type)' (/wrk/ci/prod/2025.2/hls_product/continuous/666/2025.2/src/shared/hls/clib/hlsmath/include/FloatingPoint/hls_case_IEEE754.h:12:0)
INFO: [HLS 214-178] Inlining function 'int generic_cast_IEEE754<int, (ap_q_mode)6, double>(double, bool, hls::enable_if<std::numeric_limits<int>::is_signed, bool>::type)' into 'int generic_cast_IEEE754<int, double>(double, bool)' (/wrk/ci/prod/2025.2/hls_product/continuous/666/2025.2/src/shared/hls/clib/hlsmath/include/FloatingPoint/hls_case_IEEE754.h:116:0)
INFO: [HLS 214-178] Inlining function 'int generic_cast_IEEE754<int, double>(double, bool)' into '__hls_fptosi_double_i32' (/wrk/ci/prod/2025.2/hls_product/continuous/666/2025.2/src/shared/hls/clib/hlsmath/src/lib_floatconversion.cpp:55:0)
INFO: [HLS 214-376] Pipelining loop< VITIS_LOOP_9_1> at cpu_functions.cpp:9:18 due to pipeline_loops threshold
INFO: [HLS 214-376] Pipelining loop< VITIS_LOOP_33_2> at cpu_functions.cpp:33:19 due to pipeline_loops threshold
INFO: [HLS 214-115] Multiple burst writes of variable length and bit width 32 in loop 'VITIS_LOOP_9_1'(cpu_functions.cpp:9:18) has been inferred on bundle 'gmem1'. These burst requests might be further partitioned into multiple requests during RTL generation, based on max_read_burst_length or max_write_burst_length settings. (cpu_functions.cpp:9:18)
INFO: [HLS 214-115] Multiple burst reads of length 3 and bit width 32 has been inferred on bundle 'gmem0'. These burst requests might be further partitioned into multiple requests during RTL generation, based on max_read_burst_length or max_write_burst_length settings. (cpu_functions.cpp:13:21)
INFO: [HLS 214-115] Multiple burst reads of length 3 and bit width 32 has been inferred on bundle 'gmem0'. These burst requests might be further partitioned into multiple requests during RTL generation, based on max_read_burst_length or max_write_burst_length settings. (cpu_functions.cpp:16:21)
INFO: [HLS 214-115] Multiple burst reads of length 2 and bit width 32 has been inferred on bundle 'gmem0'. These burst requests might be further partitioned into multiple requests during RTL generation, based on max_read_burst_length or max_write_burst_length settings. (cpu_functions.cpp:19:21)
INFO: [HLS 214-115] Multiple burst reads of length 3 and bit width 32 has been inferred on bundle 'gmem0'. These burst requests might be further partitioned into multiple requests during RTL generation, based on max_read_burst_length or max_write_burst_length settings. (cpu_functions.cpp:23:21)
INFO: [HLS 200-111] Finished Compiling Optimization and Transform: CPU user time: 3.61 seconds. CPU system time: 0.56 seconds. Elapsed time: 8.55 seconds; current allocated memory: 321.793 MB.
INFO: [HLS 200-111] Finished Checking Pragmas: CPU user time: 0 seconds. CPU system time: 0 seconds. Elapsed time: 0 seconds; current allocated memory: 321.793 MB.
INFO: [HLS 200-10] Starting code transformations ...
INFO: [HLS 200-111] Finished Standard Transforms: CPU user time: 0.03 seconds. CPU system time: 0.01 seconds. Elapsed time: 0.03 seconds; current allocated memory: 322.676 MB.
INFO: [HLS 200-10] Checking synthesizability ...
INFO: [XFORM 203-602] Inlining function '__hls_fptosi_double_i32' into 'ccsds_wavelet_transform' (cpu_functions.cpp:13) automatically.
INFO: [HLS 200-111] Finished Checking Synthesizability: CPU user time: 0.05 seconds. CPU system time: 0 seconds. Elapsed time: 0.05 seconds; current allocated memory: 324.934 MB.
INFO: [XFORM 203-602] Inlining function '__hls_fptosi_double_i32' into 'ccsds_wavelet_transform' (cpu_functions.cpp:13) automatically.
INFO: [HLS 200-111] Finished Loop, function and other optimizations: CPU user time: 0.14 seconds. CPU system time: 0.02 seconds. Elapsed time: 0.16 seconds; current allocated memory: 349.410 MB.
INFO: [HLS 200-111] Finished Architecture Synthesis: CPU user time: 0.18 seconds. CPU system time: 0 seconds. Elapsed time: 0.19 seconds; current allocated memory: 362.727 MB.
INFO: [HLS 200-10] Starting hardware synthesis ...
INFO: [HLS 200-10] Synthesizing 'ccsds_wavelet_transform' ...
INFO: [HLS 200-10] ----------------------------------------------------------------
INFO: [HLS 200-42] -- Implementing module 'ccsds_wavelet_transform_Pipeline_VITIS_LOOP_9_1' 
INFO: [HLS 200-10] ----------------------------------------------------------------
INFO: [SCHED 204-11] Starting scheduling ...
INFO: [SCHED 204-61] Pipelining loop 'VITIS_LOOP_9_1'.
WARNING: [HLS 200-448] Lower bound of II is 5 due to multiple bus read operation ('gmem0_addr_5_read', cpu_functions.cpp:23) on port 'gmem0' (cpu_functions.cpp:23), bus read operation ('gmem0_addr_5_read_1', cpu_functions.cpp:23) on port 'gmem0' (cpu_functions.cpp:23), bus read operation ('gmem0_addr_5_read_2', cpu_functions.cpp:23) on port 'gmem0' (cpu_functions.cpp:23), bus read operation ('gmem0_addr_6_read', cpu_functions.cpp:23) on port 'gmem0' (cpu_functions.cpp:23), bus read operation ('gmem0_addr_7_read', cpu_functions.cpp:23) on port 'gmem0' (cpu_functions.cpp:23) accessing 'gmem0' m_axi read
INFO: [HLS 200-1470] Pipelining result : Target II = NA, Final II = 5, Depth = 46, loop 'VITIS_LOOP_9_1'
INFO: [SCHED 204-11] Finished scheduling.
INFO: [HLS 200-111] Finished Scheduling: CPU user time: 0.17 seconds. CPU system time: 0.04 seconds. Elapsed time: 0.19 seconds; current allocated memory: 364.062 MB.
INFO: [BIND 205-100] Starting micro-architecture generation ...
INFO: [BIND 205-101] Performing variable lifetime analysis.
INFO: [BIND 205-101] Exploring resource sharing.
INFO: [BIND 205-101] Binding ...
INFO: [BIND 205-100] Finished micro-architecture generation.
INFO: [HLS 200-111] Finished Binding: CPU user time: 0.06 seconds. CPU system time: 0 seconds. Elapsed time: 0.06 seconds; current allocated memory: 364.062 MB.
INFO: [HLS 200-10] ----------------------------------------------------------------
INFO: [HLS 200-42] -- Implementing module 'ccsds_wavelet_transform_Pipeline_VITIS_LOOP_33_2' 
INFO: [HLS 200-10] ----------------------------------------------------------------
INFO: [SCHED 204-11] Starting scheduling ...
INFO: [SCHED 204-61] Pipelining loop 'VITIS_LOOP_33_2'.
WARNING: [HLS 200-448] Lower bound of II is 2 due to multiple bus read operation ('gmem1_addr_1_read', cpu_functions.cpp:40) on port 'gmem1' (cpu_functions.cpp:40), bus read operation ('gmem1_addr_2_read', cpu_functions.cpp:40) on port 'gmem1' (cpu_functions.cpp:40) accessing 'gmem1' m_axi read
WARNING: [HLS 200-880] The II Violation in module 'ccsds_wavelet_transform_Pipeline_VITIS_LOOP_33_2' (loop 'VITIS_LOOP_33_2'): Unable to enforce a carried dependence constraint (II = 2, distance = 1, offset = 1) between bus response operation ('gmem1_addr_4_resp', cpu_functions.cpp:43) on port 'gmem1' (cpu_functions.cpp:43) and bus request operation ('gmem1_load_1_req', cpu_functions.cpp:40) on port 'gmem1' (cpu_functions.cpp:40).
Resolution: For help on HLS 200-880 see docs.amd.com/access/sources/dita/topic?Doc_Version=2025.2%20English&url=ug1448-hls-guidance&resourceid=200-880.html
WARNING: [HLS 200-880] The II Violation in module 'ccsds_wavelet_transform_Pipeline_VITIS_LOOP_33_2' (loop 'VITIS_LOOP_33_2'): Unable to enforce a carried dependence constraint (II = 3, distance = 1, offset = 1) between bus response operation ('gmem1_addr_4_resp', cpu_functions.cpp:43) on port 'gmem1' (cpu_functions.cpp:43) and bus request operation ('gmem1_load_1_req', cpu_functions.cpp:40) on port 'gmem1' (cpu_functions.cpp:40).
Resolution: For help on HLS 200-880 see docs.amd.com/access/sources/dita/topic?Doc_Version=2025.2%20English&url=ug1448-hls-guidance&resourceid=200-880.html
WARNING: [HLS 200-880] The II Violation in module 'ccsds_wavelet_transform_Pipeline_VITIS_LOOP_33_2' (loop 'VITIS_LOOP_33_2'): Unable to enforce a carried dependence constraint (II = 4, distance = 1, offset = 1) between bus response operation ('gmem1_addr_4_resp', cpu_functions.cpp:43) on port 'gmem1' (cpu_functions.cpp:43) and bus request operation ('gmem1_load_1_req', cpu_functions.cpp:40) on port 'gmem1' (cpu_functions.cpp:40).
Resolution: For help on HLS 200-880 see docs.amd.com/access/sources/dita/topic?Doc_Version=2025.2%20English&url=ug1448-hls-guidance&resourceid=200-880.html
WARNING: [HLS 200-880] The II Violation in module 'ccsds_wavelet_transform_Pipeline_VITIS_LOOP_33_2' (loop 'VITIS_LOOP_33_2'): Unable to enforce a carried dependence constraint (II = 5, distance = 1, offset = 1) between bus response operation ('gmem1_addr_4_resp', cpu_functions.cpp:43) on port 'gmem1' (cpu_functions.cpp:43) and bus request operation ('gmem1_load_1_req', cpu_functions.cpp:40) on port 'gmem1' (cpu_functions.cpp:40).
Resolution: For help on HLS 200-880 see docs.amd.com/access/sources/dita/topic?Doc_Version=2025.2%20English&url=ug1448-hls-guidance&resourceid=200-880.html
WARNING: [HLS 200-880] The II Violation in module 'ccsds_wavelet_transform_Pipeline_VITIS_LOOP_33_2' (loop 'VITIS_LOOP_33_2'): Unable to enforce a carried dependence constraint (II = 36, distance = 1, offset = 1) between bus response operation ('gmem1_addr_4_resp', cpu_functions.cpp:43) on port 'gmem1' (cpu_functions.cpp:43) and bus request operation ('gmem1_load_1_req', cpu_functions.cpp:40) on port 'gmem1' (cpu_functions.cpp:40).
Resolution: For help on HLS 200-880 see docs.amd.com/access/sources/dita/topic?Doc_Version=2025.2%20English&url=ug1448-hls-guidance&resourceid=200-880.html
WARNING: [HLS 200-880] The II Violation in module 'ccsds_wavelet_transform_Pipeline_VITIS_LOOP_33_2' (loop 'VITIS_LOOP_33_2'): Unable to enforce a carried dependence constraint (II = 38, distance = 1, offset = 1) between bus response operation ('gmem1_addr_4_resp', cpu_functions.cpp:43) on port 'gmem1' (cpu_functions.cpp:43) and bus request operation ('gmem1_load_1_req', cpu_functions.cpp:40) on port 'gmem1' (cpu_functions.cpp:40).
Resolution: For help on HLS 200-880 see docs.amd.com/access/sources/dita/topic?Doc_Version=2025.2%20English&url=ug1448-hls-guidance&resourceid=200-880.html
WARNING: [HLS 200-880] The II Violation in module 'ccsds_wavelet_transform_Pipeline_VITIS_LOOP_33_2' (loop 'VITIS_LOOP_33_2'): Unable to enforce a carried dependence constraint (II = 39, distance = 1, offset = 1) between bus response operation ('gmem1_addr_4_resp', cpu_functions.cpp:43) on port 'gmem1' (cpu_functions.cpp:43) and bus request operation ('gmem1_load_1_req', cpu_functions.cpp:40) on port 'gmem1' (cpu_functions.cpp:40).
Resolution: For help on HLS 200-880 see docs.amd.com/access/sources/dita/topic?Doc_Version=2025.2%20English&url=ug1448-hls-guidance&resourceid=200-880.html
INFO: [HLS 200-1470] Pipelining result : Target II = NA, Final II = 40, Depth = 42, loop 'VITIS_LOOP_33_2'
INFO: [SCHED 204-11] Finished scheduling.
INFO: [HLS 200-111] Finished Scheduling: CPU user time: 0.1 seconds. CPU system time: 0 seconds. Elapsed time: 0.11 seconds; current allocated memory: 364.062 MB.
INFO: [BIND 205-100] Starting micro-architecture generation ...
INFO: [BIND 205-101] Performing variable lifetime analysis.
INFO: [BIND 205-101] Exploring resource sharing.
INFO: [BIND 205-101] Binding ...
INFO: [BIND 205-100] Finished micro-architecture generation.
INFO: [HLS 200-111] Finished Binding: CPU user time: 0.03 seconds. CPU system time: 0.01 seconds. Elapsed time: 0.03 seconds; current allocated memory: 364.062 MB.
INFO: [HLS 200-10] ----------------------------------------------------------------
INFO: [HLS 200-42] -- Implementing module 'ccsds_wavelet_transform' 
INFO: [HLS 200-10] ----------------------------------------------------------------
INFO: [SCHED 204-11] Starting scheduling ...
INFO: [SCHED 204-11] Finished scheduling.
INFO: [HLS 200-111] Finished Scheduling: CPU user time: 0.04 seconds. CPU system time: 0 seconds. Elapsed time: 0.05 seconds; current allocated memory: 364.387 MB.
INFO: [BIND 205-100] Starting micro-architecture generation ...
INFO: [BIND 205-101] Performing variable lifetime analysis.
INFO: [BIND 205-101] Exploring resource sharing.
INFO: [BIND 205-101] Binding ...
INFO: [BIND 205-100] Finished micro-architecture generation.
INFO: [HLS 200-111] Finished Binding: CPU user time: 0.02 seconds. CPU system time: 0 seconds. Elapsed time: 0.02 seconds; current allocated memory: 364.387 MB.
INFO: [HLS 200-10] ----------------------------------------------------------------
INFO: [HLS 200-10] -- Generating RTL for module 'ccsds_wavelet_transform_Pipeline_VITIS_LOOP_9_1' 
INFO: [HLS 200-10] ----------------------------------------------------------------
INFO: [HLS 200-1030] Apply Unified Pipeline Control on module 'ccsds_wavelet_transform_Pipeline_VITIS_LOOP_9_1' pipeline 'VITIS_LOOP_9_1' pipeline type 'loop pipeline'
WARNING: [RTGEN 206-101] Setting dangling out port 'ccsds_wavelet_transform_Pipeline_VITIS_LOOP_9_1/m_axi_gmem1_0_AWVALID' to 0.
WARNING: [RTGEN 206-101] Setting dangling out port 'ccsds_wavelet_transform_Pipeline_VITIS_LOOP_9_1/m_axi_gmem1_0_AWADDR' to 0.
WARNING: [RTGEN 206-101] Setting dangling out port 'ccsds_wavelet_transform_Pipeline_VITIS_LOOP_9_1/m_axi_gmem1_0_AWID' to 0.
WARNING: [RTGEN 206-101] Setting dangling out port 'ccsds_wavelet_transform_Pipeline_VITIS_LOOP_9_1/m_axi_gmem1_0_AWLEN' to 0.
WARNING: [RTGEN 206-101] Setting dangling out port 'ccsds_wavelet_transform_Pipeline_VITIS_LOOP_9_1/m_axi_gmem1_0_AWSIZE' to 0.
WARNING: [RTGEN 206-101] Setting dangling out port 'ccsds_wavelet_transform_Pipeline_VITIS_LOOP_9_1/m_axi_gmem1_0_AWBURST' to 0.
WARNING: [RTGEN 206-101] Setting dangling out port 'ccsds_wavelet_transform_Pipeline_VITIS_LOOP_9_1/m_axi_gmem1_0_AWLOCK' to 0.
WARNING: [RTGEN 206-101] Setting dangling out port 'ccsds_wavelet_transform_Pipeline_VITIS_LOOP_9_1/m_axi_gmem1_0_AWCACHE' to 0.
WARNING: [RTGEN 206-101] Setting dangling out port 'ccsds_wavelet_transform_Pipeline_VITIS_LOOP_9_1/m_axi_gmem1_0_AWPROT' to 0.
WARNING: [RTGEN 206-101] Setting dangling out port 'ccsds_wavelet_transform_Pipeline_VITIS_LOOP_9_1/m_axi_gmem1_0_AWQOS' to 0.
WARNING: [RTGEN 206-101] Setting dangling out port 'ccsds_wavelet_transform_Pipeline_VITIS_LOOP_9_1/m_axi_gmem1_0_AWREGION' to 0.
WARNING: [RTGEN 206-101] Setting dangling out port 'ccsds_wavelet_transform_Pipeline_VITIS_LOOP_9_1/m_axi_gmem1_0_AWUSER' to 0.
WARNING: [RTGEN 206-101] Setting dangling out port 'ccsds_wavelet_transform_Pipeline_VITIS_LOOP_9_1/m_axi_gmem1_0_BREADY' to 0.
INFO: [RTGEN 206-100] Generating core module 'dadd_64ns_64ns_64_7_full_dsp_1': 1 instance(s).
INFO: [RTGEN 206-100] Generating core module 'dadddsub_64ns_64ns_64_7_full_dsp_1': 1 instance(s).
INFO: [RTGEN 206-100] Generating core module 'dmul_64ns_64ns_64_7_max_dsp_1': 2 instance(s).
INFO: [RTGEN 206-100] Generating core module 'sitodp_32ns_64_6_no_dsp_1': 2 instance(s).
INFO: [RTGEN 206-100] Finished creating RTL model for 'ccsds_wavelet_transform_Pipeline_VITIS_LOOP_9_1'.
INFO: [HLS 200-111] Finished Creating RTL model: CPU user time: 0.12 seconds. CPU system time: 0 seconds. Elapsed time: 0.13 seconds; current allocated memory: 367.340 MB.
INFO: [HLS 200-10] ----------------------------------------------------------------
INFO: [HLS 200-10] -- Generating RTL for module 'ccsds_wavelet_transform_Pipeline_VITIS_LOOP_33_2' 
INFO: [HLS 200-10] ----------------------------------------------------------------
INFO: [HLS 200-1030] Apply Unified Pipeline Control on module 'ccsds_wavelet_transform_Pipeline_VITIS_LOOP_33_2' pipeline 'VITIS_LOOP_33_2' pipeline type 'loop pipeline'
INFO: [RTGEN 206-100] Generating core module 'dadddsub_64ns_64ns_64_7_full_dsp_1': 1 instance(s).
INFO: [RTGEN 206-100] Generating core module 'dmul_64ns_64ns_64_7_max_dsp_1': 1 instance(s).
INFO: [RTGEN 206-100] Generating core module 'sitodp_32ns_64_6_no_dsp_1': 1 instance(s).
INFO: [RTGEN 206-100] Finished creating RTL model for 'ccsds_wavelet_transform_Pipeline_VITIS_LOOP_33_2'.
INFO: [HLS 200-111] Finished Creating RTL model: CPU user time: 0.21 seconds. CPU system time: 0.02 seconds. Elapsed time: 0.22 seconds; current allocated memory: 373.012 MB.
INFO: [HLS 200-10] ----------------------------------------------------------------
INFO: [HLS 200-10] -- Generating RTL for module 'ccsds_wavelet_transform' 
INFO: [HLS 200-10] ----------------------------------------------------------------
WARNING: [RTGEN 206-101] Design contains AXI ports. Reset is fixed to synchronous and active low.
INFO: [RTGEN 206-500] Setting interface mode on port 'ccsds_wavelet_transform/gmem0' to 'm_axi'.
INFO: [RTGEN 206-500] Setting interface mode on port 'ccsds_wavelet_transform/gmem1' to 'm_axi'.
INFO: [RTGEN 206-500] Setting interface mode on port 'ccsds_wavelet_transform/A' to 's_axilite & ap_none'.
INFO: [RTGEN 206-500] Setting interface mode on port 'ccsds_wavelet_transform/B' to 's_axilite & ap_none'.
INFO: [RTGEN 206-500] Setting interface mode on port 'ccsds_wavelet_transform/size' to 's_axilite & ap_none'.
INFO: [RTGEN 206-500] Setting interface mode on function 'ccsds_wavelet_transform' to 's_axilite & ap_ctrl_hs'.
INFO: [RTGEN 206-100] Bundling port 'A', 'B', 'size' to AXI-Lite port control.
INFO: [RTGEN 206-100] Generating core module 'dadddsub_64ns_64ns_64_7_full_dsp_1': 1 instance(s).
INFO: [RTGEN 206-100] Generating core module 'dmul_64ns_64ns_64_7_max_dsp_1': 1 instance(s).
INFO: [RTGEN 206-100] Generating core module 'sitodp_32ns_64_6_no_dsp_1': 1 instance(s).
INFO: [RTGEN 206-100] Finished creating RTL model for 'ccsds_wavelet_transform'.
INFO: [HLS 200-111] Finished Creating RTL model: CPU user time: 0.17 seconds. CPU system time: 0.01 seconds. Elapsed time: 0.19 seconds; current allocated memory: 378.348 MB.
INFO: [HLS 200-111] Finished Generating all RTL models: CPU user time: 0.35 seconds. CPU system time: 0.02 seconds. Elapsed time: 0.37 seconds; current allocated memory: 380.875 MB.
INFO: [HLS 200-1603] Design has inferred MAXI bursts and missed bursts, see Vitis HLS GUI synthesis summary report for detailed information.
INFO: [HLS 200-2225] Wrote inferred directives to file /home/albasg/Documentos/semestre-2/pd/project/GPU4S_Bench/gpu4s_benchmark/wavelet_transform/cpu_functions/proj_wavelet/solution/syn/inferred_directives.ini
INFO: [HLS 200-111] Finished Updating report files: CPU user time: 0.64 seconds. CPU system time: 0.06 seconds. Elapsed time: 0.69 seconds; current allocated memory: 387.074 MB.
INFO: [VHDL 208-304] Generating VHDL RTL for ccsds_wavelet_transform.
INFO: [VLOG 209-307] Generating Verilog RTL for ccsds_wavelet_transform.
INFO: [HLS 200-790] **** Loop Constraint Status: All loop constraints were NOT satisfied.
INFO: [HLS 200-789] **** Estimated Fmax: 117.15 MHz
INFO: [HLS 200-2161] Finished Command csynth_design Elapsed time: 00:00:15; Allocated memory: 77.090 MB.
INFO: [HLS 200-112] Total CPU user time: 10.76 seconds. Total CPU system time: 1.88 seconds. Total elapsed time: 16.79 seconds; peak allocated memory: 387.074 MB.
INFO: [vitis-run 60-791] Total elapsed time: 0h 0m 18s
INFO: [vitis-run 60-1662] Stopping dispatch session having empty uuid.
