

================================================================
== Vitis HLS Report for 'correlation_2D_Pipeline_VITIS_LOOP_9_1_VITIS_LOOP_10_2'
================================================================
* Date:           Mon May  4 23:40:55 2026

* Version:        2025.2 (Build 6295257 on Nov 14 2025)
* Project:        proj_correlation_2D
* Solution:       fsolution (Vivado IP Flow Target)
* Product family: zynq
* Target device:  xc7z020-clg484-1


================================================================
== Performance Estimates
================================================================
+ Timing: 
    * Summary: 
    +--------+----------+----------+------------+
    |  Clock |  Target  | Estimated| Uncertainty|
    +--------+----------+----------+------------+
    |ap_clk  |  10.00 ns|  7.297 ns|     2.70 ns|
    +--------+----------+----------+------------+

+ Latency: 
    * Summary: 
    +---------+---------+----------+----------+-----+-----+-------------------+
    |  Latency (cycles) |  Latency (absolute) |  Interval |      Pipeline     |
    |   min   |   max   |    min   |    max   | min | max |        Type       |
    +---------+---------+----------+----------+-----+-----+-------------------+
    |        ?|        ?|         ?|         ?|    0|    0|  loop pipeline stp|
    +---------+---------+----------+----------+-----+-----+-------------------+

    + Detail: 
        * Instance: 
        N/A

        * Loop: 
        +----------------------------------+---------+---------+----------+-----------+-----------+------+----------+
        |                                  |  Latency (cycles) | Iteration|  Initiation Interval  | Trip |          |
        |             Loop Name            |   min   |   max   |  Latency |  achieved |   target  | Count| Pipelined|
        +----------------------------------+---------+---------+----------+-----------+-----------+------+----------+
        |- VITIS_LOOP_9_1_VITIS_LOOP_10_2  |        ?|        ?|         9|          8|          1|     ?|       yes|
        +----------------------------------+---------+---------+----------+-----------+-----------+------+----------+

============================================================
+ Verbose Summary: Synthesis Manager
============================================================
InlineROM: 1
ExposeGlobal: 0
============================================================
+ Verbose Summary: CDFG Model
============================================================
IsTopModel: 0
ResetActiveHigh: 1
IsCombinational: 0
IsDatapathOnly: 0
HasWiredReturn: 1
HasMFsm: 2
HasVarLatency: 1
IsPipeline: 0
IsRtlPipelined: 0
IsInstanceOverlapped: 0
IsDontTouch: 0
HasImplIP: 0
IsGatedGlobalClock: 0

+ Individual pipeline summary: 
  * Pipeline-0: initiation interval (II) = 8, depth = 10


============================================================
+ Verbose Summary: Schedule
============================================================
* Number of FSM states : 10
* Pipeline : 1
  Pipeline-0 : II = 8, D = 10, States = { 1 2 3 4 5 6 7 8 9 10 }
* Dataflow Pipeline: 0

* FSM state transitions: 
1 --> 2 
2 --> 3 
3 --> 4 
4 --> 5 
5 --> 6 
6 --> 7 
7 --> 8 
8 --> 9 
9 --> 10 
10 --> 

* FSM state operations: 

State 1 <SV = 0> <Delay = 1.58>
ST_1 : Operation 12 [1/1] (0.00ns)   --->   "%suma_valores_1 = alloca i32 1" [cpu_functions.cpp:4->cpu_functions.cpp:21]   --->   Operation 12 'alloca' 'suma_valores_1' <Predicate = true> <Delay = 0.00>
ST_1 : Operation 13 [1/1] (0.00ns)   --->   "%indvar_flatten = alloca i32 1"   --->   Operation 13 'alloca' 'indvar_flatten' <Predicate = true> <Delay = 0.00>
ST_1 : Operation 14 [1/1] (0.00ns)   --->   "%conv_i_read = read i64 @_ssdm_op_Read.ap_auto.double, i64 %conv_i"   --->   Operation 14 'read' 'conv_i_read' <Predicate = true> <Delay = 0.00>
ST_1 : Operation 15 [1/1] (0.00ns)   --->   "%mul_ln20_read = read i63 @_ssdm_op_Read.ap_auto.i63, i63 %mul_ln20"   --->   Operation 15 'read' 'mul_ln20_read' <Predicate = true> <Delay = 0.00>
ST_1 : Operation 16 [1/1] (1.58ns)   --->   "%store_ln0 = store i63 0, i63 %indvar_flatten"   --->   Operation 16 'store' 'store_ln0' <Predicate = true> <Delay = 1.58>
ST_1 : Operation 17 [1/1] (1.58ns)   --->   "%store_ln4 = store i64 0, i64 %suma_valores_1" [cpu_functions.cpp:4->cpu_functions.cpp:21]   --->   Operation 17 'store' 'store_ln4' <Predicate = true> <Delay = 1.58>
ST_1 : Operation 18 [1/1] (0.00ns)   --->   "%br_ln0 = br void %for.inc.i"   --->   Operation 18 'br' 'br_ln0' <Predicate = true> <Delay = 0.00>

State 2 <SV = 1> <Delay = 3.49>
ST_2 : Operation 19 [1/1] (0.00ns)   --->   "%indvar_flatten_load = load i63 %indvar_flatten" [cpu_functions.cpp:9->cpu_functions.cpp:21]   --->   Operation 19 'load' 'indvar_flatten_load' <Predicate = true> <Delay = 0.00>
ST_2 : Operation 20 [1/1] (3.49ns)   --->   "%icmp_ln9 = icmp_eq  i63 %indvar_flatten_load, i63 %mul_ln20_read" [cpu_functions.cpp:9->cpu_functions.cpp:21]   --->   Operation 20 'icmp' 'icmp_ln9' <Predicate = true> <Delay = 3.49> <CoreInst = "Cmp">   --->   Core 9 'Cmp' <Latency = 0> <II = 1> <Delay = 3.49> <FuncUnit> <Opcode : 'seteq' 'setne' 'setle' 'setge' 'setlt' 'setgt'> <InPorts = 2> <OutPorts = 1>
ST_2 : Operation 21 [1/1] (3.49ns)   --->   "%add_ln9 = add i63 %indvar_flatten_load, i63 1" [cpu_functions.cpp:9->cpu_functions.cpp:21]   --->   Operation 21 'add' 'add_ln9' <Predicate = true> <Delay = 3.49> <CoreInst = "Adder">   --->   Core 1 'Adder' <Latency = 0> <II = 1> <Delay = 3.49> <FuncUnit> <Opcode : 'add' 'sub'> <InPorts = 2> <OutPorts = 1>
ST_2 : Operation 22 [1/1] (0.00ns)   --->   "%br_ln9 = br i1 %icmp_ln9, void %for.inc6.i, void %_Z21get_mean_value_matrixPKfi.exit.exitStub" [cpu_functions.cpp:9->cpu_functions.cpp:21]   --->   Operation 22 'br' 'br_ln9' <Predicate = true> <Delay = 0.00>
ST_2 : Operation 36 [1/1] (0.00ns)   --->   "%suma_valores_1_load_1 = load i64 %suma_valores_1"   --->   Operation 36 'load' 'suma_valores_1_load_1' <Predicate = (icmp_ln9)> <Delay = 0.00>
ST_2 : Operation 37 [1/1] (0.00ns)   --->   "%write_ln0 = write void @_ssdm_op_Write.ap_auto.doubleP0A, i64 %suma_valores_1_out, i64 %suma_valores_1_load_1"   --->   Operation 37 'write' 'write_ln0' <Predicate = (icmp_ln9)> <Delay = 0.00>
ST_2 : Operation 38 [1/1] (1.58ns)   --->   "%ret_ln0 = ret"   --->   Operation 38 'ret' 'ret_ln0' <Predicate = (icmp_ln9)> <Delay = 1.58>

State 3 <SV = 2> <Delay = 7.29>
ST_3 : Operation 23 [1/1] (0.00ns)   --->   "%suma_valores_1_load = load i64 %suma_valores_1" [cpu_functions.cpp:11->cpu_functions.cpp:21]   --->   Operation 23 'load' 'suma_valores_1_load' <Predicate = (!icmp_ln9)> <Delay = 0.00>
ST_3 : Operation 24 [7/7] (7.29ns)   --->   "%suma_valores = dadd i64 %suma_valores_1_load, i64 %conv_i_read" [cpu_functions.cpp:11->cpu_functions.cpp:21]   --->   Operation 24 'dadd' 'suma_valores' <Predicate = (!icmp_ln9)> <Delay = 7.29> <CoreInst = "DAddSub_fulldsp">   --->   Core 37 'DAddSub_fulldsp' <Latency = 6> <II = 1> <Delay = 7.29> <FuncUnit> <Opcode : 'dadd' 'dsub'> <InPorts = 2> <OutPorts = 1>
ST_3 : Operation 25 [1/1] (1.58ns)   --->   "%store_ln9 = store i63 %add_ln9, i63 %indvar_flatten" [cpu_functions.cpp:9->cpu_functions.cpp:21]   --->   Operation 25 'store' 'store_ln9' <Predicate = (!icmp_ln9)> <Delay = 1.58>

State 4 <SV = 3> <Delay = 7.29>
ST_4 : Operation 26 [6/7] (7.29ns)   --->   "%suma_valores = dadd i64 %suma_valores_1_load, i64 %conv_i_read" [cpu_functions.cpp:11->cpu_functions.cpp:21]   --->   Operation 26 'dadd' 'suma_valores' <Predicate = (!icmp_ln9)> <Delay = 7.29> <CoreInst = "DAddSub_fulldsp">   --->   Core 37 'DAddSub_fulldsp' <Latency = 6> <II = 1> <Delay = 7.29> <FuncUnit> <Opcode : 'dadd' 'dsub'> <InPorts = 2> <OutPorts = 1>

State 5 <SV = 4> <Delay = 7.29>
ST_5 : Operation 27 [5/7] (7.29ns)   --->   "%suma_valores = dadd i64 %suma_valores_1_load, i64 %conv_i_read" [cpu_functions.cpp:11->cpu_functions.cpp:21]   --->   Operation 27 'dadd' 'suma_valores' <Predicate = (!icmp_ln9)> <Delay = 7.29> <CoreInst = "DAddSub_fulldsp">   --->   Core 37 'DAddSub_fulldsp' <Latency = 6> <II = 1> <Delay = 7.29> <FuncUnit> <Opcode : 'dadd' 'dsub'> <InPorts = 2> <OutPorts = 1>

State 6 <SV = 5> <Delay = 7.29>
ST_6 : Operation 28 [4/7] (7.29ns)   --->   "%suma_valores = dadd i64 %suma_valores_1_load, i64 %conv_i_read" [cpu_functions.cpp:11->cpu_functions.cpp:21]   --->   Operation 28 'dadd' 'suma_valores' <Predicate = (!icmp_ln9)> <Delay = 7.29> <CoreInst = "DAddSub_fulldsp">   --->   Core 37 'DAddSub_fulldsp' <Latency = 6> <II = 1> <Delay = 7.29> <FuncUnit> <Opcode : 'dadd' 'dsub'> <InPorts = 2> <OutPorts = 1>

State 7 <SV = 6> <Delay = 7.29>
ST_7 : Operation 29 [3/7] (7.29ns)   --->   "%suma_valores = dadd i64 %suma_valores_1_load, i64 %conv_i_read" [cpu_functions.cpp:11->cpu_functions.cpp:21]   --->   Operation 29 'dadd' 'suma_valores' <Predicate = (!icmp_ln9)> <Delay = 7.29> <CoreInst = "DAddSub_fulldsp">   --->   Core 37 'DAddSub_fulldsp' <Latency = 6> <II = 1> <Delay = 7.29> <FuncUnit> <Opcode : 'dadd' 'dsub'> <InPorts = 2> <OutPorts = 1>

State 8 <SV = 7> <Delay = 7.29>
ST_8 : Operation 30 [2/7] (7.29ns)   --->   "%suma_valores = dadd i64 %suma_valores_1_load, i64 %conv_i_read" [cpu_functions.cpp:11->cpu_functions.cpp:21]   --->   Operation 30 'dadd' 'suma_valores' <Predicate = (!icmp_ln9)> <Delay = 7.29> <CoreInst = "DAddSub_fulldsp">   --->   Core 37 'DAddSub_fulldsp' <Latency = 6> <II = 1> <Delay = 7.29> <FuncUnit> <Opcode : 'dadd' 'dsub'> <InPorts = 2> <OutPorts = 1>

State 9 <SV = 8> <Delay = 7.29>
ST_9 : Operation 31 [1/7] (7.29ns)   --->   "%suma_valores = dadd i64 %suma_valores_1_load, i64 %conv_i_read" [cpu_functions.cpp:11->cpu_functions.cpp:21]   --->   Operation 31 'dadd' 'suma_valores' <Predicate = (!icmp_ln9)> <Delay = 7.29> <CoreInst = "DAddSub_fulldsp">   --->   Core 37 'DAddSub_fulldsp' <Latency = 6> <II = 1> <Delay = 7.29> <FuncUnit> <Opcode : 'dadd' 'dsub'> <InPorts = 2> <OutPorts = 1>

State 10 <SV = 9> <Delay = 1.58>
ST_10 : Operation 32 [1/1] (0.00ns)   --->   "%specloopname_ln0 = specloopname void @_ssdm_op_SpecLoopName, void @VITIS_LOOP_9_1_VITIS_LOOP_10_2_str"   --->   Operation 32 'specloopname' 'specloopname_ln0' <Predicate = true> <Delay = 0.00>
ST_10 : Operation 33 [1/1] (0.00ns)   --->   "%specpipeline_ln4 = specpipeline void @_ssdm_op_SpecPipeline, i32 4294967295, i32 0, i32 0, i32 0, i32 4294967295, void @empty_0" [cpu_functions.cpp:4->cpu_functions.cpp:21]   --->   Operation 33 'specpipeline' 'specpipeline_ln4' <Predicate = true> <Delay = 0.00>
ST_10 : Operation 34 [1/1] (1.58ns)   --->   "%store_ln4 = store i64 %suma_valores, i64 %suma_valores_1" [cpu_functions.cpp:4->cpu_functions.cpp:21]   --->   Operation 34 'store' 'store_ln4' <Predicate = true> <Delay = 1.58>
ST_10 : Operation 35 [1/1] (0.00ns)   --->   "%br_ln10 = br void %for.inc.i" [cpu_functions.cpp:10->cpu_functions.cpp:21]   --->   Operation 35 'br' 'br_ln10' <Predicate = true> <Delay = 0.00>


============================================================
+ Verbose Summary: Binding
============================================================
STG Binding: 
---------------- STG Properties BEGIN ----------------
- Is combinational: 0
- Is one-state seq: 0
- Is datapath-only: 0
- Is pipelined: 0
- Is top level: 0
Port [ Return ] is wired: 1; IO mode=ap_ctrl_hs:ce=0
Port [ mul_ln20]:  wired=1; compound=0; hidden=0; nouse=0; global=0; static=0; extern=0; dir=0; type=0; pingpong=0; private_global=0; IO mode=ap_none:ce=0
Port [ conv_i]:  wired=1; compound=0; hidden=0; nouse=0; global=0; static=0; extern=0; dir=0; type=0; pingpong=0; private_global=0; IO mode=ap_none:ce=0
Port [ suma_valores_1_out]:  wired=1; compound=0; hidden=0; nouse=0; global=0; static=0; extern=0; dir=1; type=0; pingpong=0; private_global=0; IO mode=ap_vld:ce=0
---------------- STG Properties END ------------------

---------------- Datapath Model BEGIN ----------------

<LifeTime>
<method=bitvector/>
suma_valores_1        (alloca      ) [ 01111111111]
indvar_flatten        (alloca      ) [ 01110000000]
conv_i_read           (read        ) [ 01111111110]
mul_ln20_read         (read        ) [ 00100000000]
store_ln0             (store       ) [ 00000000000]
store_ln4             (store       ) [ 00000000000]
br_ln0                (br          ) [ 00000000000]
indvar_flatten_load   (load        ) [ 00000000000]
icmp_ln9              (icmp        ) [ 01111111110]
add_ln9               (add         ) [ 00010000000]
br_ln9                (br          ) [ 00000000000]
suma_valores_1_load   (load        ) [ 01001111110]
store_ln9             (store       ) [ 00000000000]
suma_valores          (dadd        ) [ 00100000001]
specloopname_ln0      (specloopname) [ 00000000000]
specpipeline_ln4      (specpipeline) [ 00000000000]
store_ln4             (store       ) [ 00000000000]
br_ln10               (br          ) [ 00000000000]
suma_valores_1_load_1 (load        ) [ 00000000000]
write_ln0             (write       ) [ 00000000000]
ret_ln0               (ret         ) [ 00000000000]
</LifeTime>

<model>

<comp_list>
<comp id="0" class="1000" name="mul_ln20">
<pin_list>
<pin id="1" dir="1" index="0" bw="1" slack="0"/>
</pin_list>
<bind>
<StgValue><ssdm name="mul_ln20"/></StgValue>
</bind>
</comp>

<comp id="2" class="1000" name="conv_i">
<pin_list>
<pin id="3" dir="1" index="0" bw="1" slack="0"/>
</pin_list>
<bind>
<StgValue><ssdm name="conv_i"/></StgValue>
</bind>
</comp>

<comp id="4" class="1000" name="suma_valores_1_out">
<pin_list>
<pin id="5" dir="1" index="0" bw="1" slack="0"/>
</pin_list>
<bind>
<StgValue><ssdm name="suma_valores_1_out"/></StgValue>
</bind>
</comp>

<comp id="6" class="1001" name="const_6">
<pin_list>
<pin id="7" dir="1" index="0" bw="1" slack="0"/>
</pin_list>
<bind>
<StgValue><ssdm name=""/></StgValue>
</bind>
</comp>

<comp id="8" class="1001" name="const_8">
<pin_list>
<pin id="9" dir="1" index="0" bw="1" slack="0"/>
</pin_list>
<bind>
<StgValue><ssdm name="_ssdm_op_Read.ap_auto.double"/></StgValue>
</bind>
</comp>

<comp id="10" class="1001" name="const_10">
<pin_list>
<pin id="11" dir="1" index="0" bw="1" slack="0"/>
</pin_list>
<bind>
<StgValue><ssdm name="_ssdm_op_Read.ap_auto.i63"/></StgValue>
</bind>
</comp>

<comp id="12" class="1001" name="const_12">
<pin_list>
<pin id="13" dir="1" index="0" bw="1" slack="0"/>
</pin_list>
<bind>
<StgValue><ssdm name=""/></StgValue>
</bind>
</comp>

<comp id="14" class="1001" name="const_14">
<pin_list>
<pin id="15" dir="1" index="0" bw="1" slack="0"/>
</pin_list>
<bind>
<StgValue><ssdm name=""/></StgValue>
</bind>
</comp>

<comp id="16" class="1001" name="const_16">
<pin_list>
<pin id="17" dir="1" index="0" bw="1" slack="0"/>
</pin_list>
<bind>
<StgValue><ssdm name=""/></StgValue>
</bind>
</comp>

<comp id="18" class="1001" name="const_18">
<pin_list>
<pin id="19" dir="1" index="0" bw="1" slack="2147483647"/>
</pin_list>
<bind>
<StgValue><ssdm name="_ssdm_op_SpecLoopName"/></StgValue>
</bind>
</comp>

<comp id="20" class="1001" name="const_20">
<pin_list>
<pin id="21" dir="1" index="0" bw="1" slack="2147483647"/>
</pin_list>
<bind>
<StgValue><ssdm name="VITIS_LOOP_9_1_VITIS_LOOP_10_2_str"/></StgValue>
</bind>
</comp>

<comp id="22" class="1001" name="const_22">
<pin_list>
<pin id="23" dir="1" index="0" bw="1" slack="2147483647"/>
</pin_list>
<bind>
<StgValue><ssdm name="_ssdm_op_SpecPipeline"/></StgValue>
</bind>
</comp>

<comp id="24" class="1001" name="const_24">
<pin_list>
<pin id="25" dir="1" index="0" bw="1" slack="2147483647"/>
</pin_list>
<bind>
<StgValue><ssdm name=""/></StgValue>
</bind>
</comp>

<comp id="26" class="1001" name="const_26">
<pin_list>
<pin id="27" dir="1" index="0" bw="1" slack="2147483647"/>
</pin_list>
<bind>
<StgValue><ssdm name=""/></StgValue>
</bind>
</comp>

<comp id="28" class="1001" name="const_28">
<pin_list>
<pin id="29" dir="1" index="0" bw="1" slack="2147483647"/>
</pin_list>
<bind>
<StgValue><ssdm name="empty_0"/></StgValue>
</bind>
</comp>

<comp id="30" class="1001" name="const_30">
<pin_list>
<pin id="31" dir="1" index="0" bw="1" slack="0"/>
</pin_list>
<bind>
<StgValue><ssdm name="_ssdm_op_Write.ap_auto.doubleP0A"/></StgValue>
</bind>
</comp>

<comp id="32" class="1004" name="suma_valores_1_fu_32">
<pin_list>
<pin id="33" dir="0" index="0" bw="1" slack="0"/>
<pin id="34" dir="1" index="1" bw="64" slack="0"/>
</pin_list>
<bind>
<opcode="alloca(26) " fcode="alloca"/>
<opset="suma_valores_1/1 "/>
</bind>
</comp>

<comp id="36" class="1004" name="indvar_flatten_fu_36">
<pin_list>
<pin id="37" dir="0" index="0" bw="1" slack="0"/>
<pin id="38" dir="1" index="1" bw="63" slack="0"/>
</pin_list>
<bind>
<opcode="alloca(26) " fcode="alloca"/>
<opset="indvar_flatten/1 "/>
</bind>
</comp>

<comp id="40" class="1004" name="conv_i_read_read_fu_40">
<pin_list>
<pin id="41" dir="0" index="0" bw="64" slack="0"/>
<pin id="42" dir="0" index="1" bw="64" slack="0"/>
<pin id="43" dir="1" index="2" bw="64" slack="2"/>
</pin_list>
<bind>
<opcode="read(1150) " fcode="read"/>
<opset="conv_i_read/1 "/>
</bind>
</comp>

<comp id="46" class="1004" name="mul_ln20_read_read_fu_46">
<pin_list>
<pin id="47" dir="0" index="0" bw="63" slack="0"/>
<pin id="48" dir="0" index="1" bw="63" slack="0"/>
<pin id="49" dir="1" index="2" bw="63" slack="1"/>
</pin_list>
<bind>
<opcode="read(1150) " fcode="read"/>
<opset="mul_ln20_read/1 "/>
</bind>
</comp>

<comp id="52" class="1004" name="write_ln0_write_fu_52">
<pin_list>
<pin id="53" dir="0" index="0" bw="0" slack="0"/>
<pin id="54" dir="0" index="1" bw="64" slack="0"/>
<pin id="55" dir="0" index="2" bw="64" slack="0"/>
<pin id="56" dir="1" index="3" bw="0" slack="2147483647"/>
</pin_list>
<bind>
<opcode="write(1151) " fcode="write"/>
<opset="write_ln0/2 "/>
</bind>
</comp>

<comp id="59" class="1004" name="grp_fu_59">
<pin_list>
<pin id="60" dir="0" index="0" bw="64" slack="0"/>
<pin id="61" dir="0" index="1" bw="64" slack="2"/>
<pin id="62" dir="1" index="2" bw="64" slack="1"/>
</pin_list>
<bind>
<opcode="dadd(508) " fcode="dadd"/>
<opset="suma_valores/3 "/>
</bind>
</comp>

<comp id="63" class="1004" name="store_ln0_store_fu_63">
<pin_list>
<pin id="64" dir="0" index="0" bw="1" slack="0"/>
<pin id="65" dir="0" index="1" bw="63" slack="0"/>
<pin id="66" dir="1" index="2" bw="0" slack="2147483647"/>
</pin_list>
<bind>
<opcode="store(28) " fcode="store"/>
<opset="store_ln0/1 "/>
</bind>
</comp>

<comp id="68" class="1004" name="store_ln4_store_fu_68">
<pin_list>
<pin id="69" dir="0" index="0" bw="64" slack="0"/>
<pin id="70" dir="0" index="1" bw="64" slack="0"/>
<pin id="71" dir="1" index="2" bw="0" slack="2147483647"/>
</pin_list>
<bind>
<opcode="store(28) " fcode="store"/>
<opset="store_ln4/1 "/>
</bind>
</comp>

<comp id="73" class="1004" name="indvar_flatten_load_load_fu_73">
<pin_list>
<pin id="74" dir="0" index="0" bw="63" slack="1"/>
<pin id="75" dir="1" index="1" bw="63" slack="0"/>
</pin_list>
<bind>
<opcode="load(27) " fcode="load"/>
<opset="indvar_flatten_load/2 "/>
</bind>
</comp>

<comp id="76" class="1004" name="icmp_ln9_fu_76">
<pin_list>
<pin id="77" dir="0" index="0" bw="63" slack="0"/>
<pin id="78" dir="0" index="1" bw="63" slack="1"/>
<pin id="79" dir="1" index="2" bw="1" slack="1"/>
</pin_list>
<bind>
<opcode="icmp(45) " fcode="icmp"/>
<opset="icmp_ln9/2 "/>
</bind>
</comp>

<comp id="81" class="1004" name="add_ln9_fu_81">
<pin_list>
<pin id="82" dir="0" index="0" bw="63" slack="0"/>
<pin id="83" dir="0" index="1" bw="1" slack="0"/>
<pin id="84" dir="1" index="2" bw="63" slack="1"/>
</pin_list>
<bind>
<opcode="add(8) " fcode="add"/>
<opset="add_ln9/2 "/>
</bind>
</comp>

<comp id="87" class="1004" name="suma_valores_1_load_load_fu_87">
<pin_list>
<pin id="88" dir="0" index="0" bw="64" slack="2"/>
<pin id="89" dir="1" index="1" bw="64" slack="0"/>
</pin_list>
<bind>
<opcode="load(27) " fcode="load"/>
<opset="suma_valores_1_load/3 "/>
</bind>
</comp>

<comp id="91" class="1004" name="store_ln9_store_fu_91">
<pin_list>
<pin id="92" dir="0" index="0" bw="63" slack="1"/>
<pin id="93" dir="0" index="1" bw="63" slack="2"/>
<pin id="94" dir="1" index="2" bw="0" slack="2147483647"/>
</pin_list>
<bind>
<opcode="store(28) " fcode="store"/>
<opset="store_ln9/3 "/>
</bind>
</comp>

<comp id="95" class="1004" name="store_ln4_store_fu_95">
<pin_list>
<pin id="96" dir="0" index="0" bw="64" slack="1"/>
<pin id="97" dir="0" index="1" bw="64" slack="9"/>
<pin id="98" dir="1" index="2" bw="0" slack="2147483647"/>
</pin_list>
<bind>
<opcode="store(28) " fcode="store"/>
<opset="store_ln4/10 "/>
</bind>
</comp>

<comp id="99" class="1004" name="suma_valores_1_load_1_load_fu_99">
<pin_list>
<pin id="100" dir="0" index="0" bw="64" slack="1"/>
<pin id="101" dir="1" index="1" bw="64" slack="0"/>
</pin_list>
<bind>
<opcode="load(27) " fcode="load"/>
<opset="suma_valores_1_load_1/2 "/>
</bind>
</comp>

<comp id="103" class="1005" name="suma_valores_1_reg_103">
<pin_list>
<pin id="104" dir="0" index="0" bw="64" slack="0"/>
<pin id="105" dir="1" index="1" bw="64" slack="0"/>
</pin_list>
<bind>
<opset="suma_valores_1 "/>
</bind>
</comp>

<comp id="111" class="1005" name="indvar_flatten_reg_111">
<pin_list>
<pin id="112" dir="0" index="0" bw="63" slack="0"/>
<pin id="113" dir="1" index="1" bw="63" slack="0"/>
</pin_list>
<bind>
<opset="indvar_flatten "/>
</bind>
</comp>

<comp id="118" class="1005" name="conv_i_read_reg_118">
<pin_list>
<pin id="119" dir="0" index="0" bw="64" slack="2"/>
<pin id="120" dir="1" index="1" bw="64" slack="2"/>
</pin_list>
<bind>
<opset="conv_i_read "/>
</bind>
</comp>

<comp id="123" class="1005" name="mul_ln20_read_reg_123">
<pin_list>
<pin id="124" dir="0" index="0" bw="63" slack="1"/>
<pin id="125" dir="1" index="1" bw="63" slack="1"/>
</pin_list>
<bind>
<opset="mul_ln20_read "/>
</bind>
</comp>

<comp id="128" class="1005" name="icmp_ln9_reg_128">
<pin_list>
<pin id="129" dir="0" index="0" bw="1" slack="1"/>
<pin id="130" dir="1" index="1" bw="1" slack="2147483647"/>
</pin_list>
<bind>
<opset="icmp_ln9 "/>
</bind>
</comp>

<comp id="132" class="1005" name="add_ln9_reg_132">
<pin_list>
<pin id="133" dir="0" index="0" bw="63" slack="1"/>
<pin id="134" dir="1" index="1" bw="63" slack="1"/>
</pin_list>
<bind>
<opset="add_ln9 "/>
</bind>
</comp>

<comp id="137" class="1005" name="suma_valores_1_load_reg_137">
<pin_list>
<pin id="138" dir="0" index="0" bw="64" slack="1"/>
<pin id="139" dir="1" index="1" bw="64" slack="1"/>
</pin_list>
<bind>
<opset="suma_valores_1_load "/>
</bind>
</comp>

<comp id="142" class="1005" name="suma_valores_reg_142">
<pin_list>
<pin id="143" dir="0" index="0" bw="64" slack="1"/>
<pin id="144" dir="1" index="1" bw="64" slack="1"/>
</pin_list>
<bind>
<opset="suma_valores "/>
</bind>
</comp>

</comp_list>

<net_list>
<net id="35"><net_src comp="6" pin="0"/><net_sink comp="32" pin=0"/></net>

<net id="39"><net_src comp="6" pin="0"/><net_sink comp="36" pin=0"/></net>

<net id="44"><net_src comp="8" pin="0"/><net_sink comp="40" pin=0"/></net>

<net id="45"><net_src comp="2" pin="0"/><net_sink comp="40" pin=1"/></net>

<net id="50"><net_src comp="10" pin="0"/><net_sink comp="46" pin=0"/></net>

<net id="51"><net_src comp="0" pin="0"/><net_sink comp="46" pin=1"/></net>

<net id="57"><net_src comp="30" pin="0"/><net_sink comp="52" pin=0"/></net>

<net id="58"><net_src comp="4" pin="0"/><net_sink comp="52" pin=1"/></net>

<net id="67"><net_src comp="12" pin="0"/><net_sink comp="63" pin=0"/></net>

<net id="72"><net_src comp="14" pin="0"/><net_sink comp="68" pin=0"/></net>

<net id="80"><net_src comp="73" pin="1"/><net_sink comp="76" pin=0"/></net>

<net id="85"><net_src comp="73" pin="1"/><net_sink comp="81" pin=0"/></net>

<net id="86"><net_src comp="16" pin="0"/><net_sink comp="81" pin=1"/></net>

<net id="90"><net_src comp="87" pin="1"/><net_sink comp="59" pin=0"/></net>

<net id="102"><net_src comp="99" pin="1"/><net_sink comp="52" pin=2"/></net>

<net id="106"><net_src comp="32" pin="1"/><net_sink comp="103" pin=0"/></net>

<net id="107"><net_src comp="103" pin="1"/><net_sink comp="68" pin=1"/></net>

<net id="108"><net_src comp="103" pin="1"/><net_sink comp="87" pin=0"/></net>

<net id="109"><net_src comp="103" pin="1"/><net_sink comp="95" pin=1"/></net>

<net id="110"><net_src comp="103" pin="1"/><net_sink comp="99" pin=0"/></net>

<net id="114"><net_src comp="36" pin="1"/><net_sink comp="111" pin=0"/></net>

<net id="115"><net_src comp="111" pin="1"/><net_sink comp="63" pin=1"/></net>

<net id="116"><net_src comp="111" pin="1"/><net_sink comp="73" pin=0"/></net>

<net id="117"><net_src comp="111" pin="1"/><net_sink comp="91" pin=1"/></net>

<net id="121"><net_src comp="40" pin="2"/><net_sink comp="118" pin=0"/></net>

<net id="122"><net_src comp="118" pin="1"/><net_sink comp="59" pin=1"/></net>

<net id="126"><net_src comp="46" pin="2"/><net_sink comp="123" pin=0"/></net>

<net id="127"><net_src comp="123" pin="1"/><net_sink comp="76" pin=1"/></net>

<net id="131"><net_src comp="76" pin="2"/><net_sink comp="128" pin=0"/></net>

<net id="135"><net_src comp="81" pin="2"/><net_sink comp="132" pin=0"/></net>

<net id="136"><net_src comp="132" pin="1"/><net_sink comp="91" pin=0"/></net>

<net id="140"><net_src comp="87" pin="1"/><net_sink comp="137" pin=0"/></net>

<net id="141"><net_src comp="137" pin="1"/><net_sink comp="59" pin=0"/></net>

<net id="145"><net_src comp="59" pin="2"/><net_sink comp="142" pin=0"/></net>

<net id="146"><net_src comp="142" pin="1"/><net_sink comp="95" pin=0"/></net>

</net_list>

</model> 
---------------- Datapath Model END ------------------

* FSMD analyzer results:
  - Output states:
	Port: suma_valores_1_out | {2 }
 - Input state : 
	Port: correlation_2D_Pipeline_VITIS_LOOP_9_1_VITIS_LOOP_10_2 : mul_ln20 | {1 }
	Port: correlation_2D_Pipeline_VITIS_LOOP_9_1_VITIS_LOOP_10_2 : conv_i | {1 }
  - Chain level:
	State 1
		store_ln0 : 1
		store_ln4 : 1
	State 2
		icmp_ln9 : 1
		add_ln9 : 1
		br_ln9 : 2
		write_ln0 : 1
	State 3
		suma_valores : 1
	State 4
	State 5
	State 6
	State 7
	State 8
	State 9
	State 10


============================================================
+ Verbose Summary: Datapath Resource usage 
============================================================

* Functional unit list:
|----------|--------------------------|---------|---------|---------|
| Operation|      Functional Unit     |   DSP   |    FF   |   LUT   |
|----------|--------------------------|---------|---------|---------|
|   dadd   |         grp_fu_59        |    3    |   630   |   1141  |
|----------|--------------------------|---------|---------|---------|
|   icmp   |      icmp_ln9_fu_76      |    0    |    0    |    70   |
|----------|--------------------------|---------|---------|---------|
|    add   |       add_ln9_fu_81      |    0    |    0    |    70   |
|----------|--------------------------|---------|---------|---------|
|   read   |  conv_i_read_read_fu_40  |    0    |    0    |    0    |
|          | mul_ln20_read_read_fu_46 |    0    |    0    |    0    |
|----------|--------------------------|---------|---------|---------|
|   write  |   write_ln0_write_fu_52  |    0    |    0    |    0    |
|----------|--------------------------|---------|---------|---------|
|   Total  |                          |    3    |   630   |   1281  |
|----------|--------------------------|---------|---------|---------|

Memories:
N/A

* Register list:
+---------------------------+--------+
|                           |   FF   |
+---------------------------+--------+
|      add_ln9_reg_132      |   63   |
|    conv_i_read_reg_118    |   64   |
|      icmp_ln9_reg_128     |    1   |
|   indvar_flatten_reg_111  |   63   |
|   mul_ln20_read_reg_123   |   63   |
|suma_valores_1_load_reg_137|   64   |
|   suma_valores_1_reg_103  |   64   |
|    suma_valores_reg_142   |   64   |
+---------------------------+--------+
|           Total           |   446  |
+---------------------------+--------+

* Multiplexer (MUX) list: 
|-----------|------|------|------|--------||---------||---------||---------|
|    Comp   |  Pin | Size |  BW  | S x BW ||  Delay  ||    FF   ||   LUT   |
|-----------|------|------|------|--------||---------||---------||---------|
| grp_fu_59 |  p0  |   2  |  64  |   128  ||    0    ||    9    |
|-----------|------|------|------|--------||---------||---------||---------|
|   Total   |      |      |      |   128  ||  1.588  ||    0    ||    9    |
|-----------|------|------|------|--------||---------||---------||---------|



* Summary:
+-----------+--------+--------+--------+--------+
|           |   DSP  |  Delay |   FF   |   LUT  |
+-----------+--------+--------+--------+--------+
|  Function |    3   |    -   |   630  |  1281  |
|   Memory  |    -   |    -   |    -   |    -   |
|Multiplexer|    -   |    1   |    0   |    9   |
|  Register |    -   |    -   |   446  |    -   |
+-----------+--------+--------+--------+--------+
|   Total   |    3   |    1   |  1076  |  1290  |
+-----------+--------+--------+--------+--------+
