

================================================================
== Vitis HLS Report for 'correlation_2D_Pipeline_VITIS_LOOP_9_1_VITIS_LOOP_10_21'
================================================================
* Date:           Mon May  4 23:40:55 2026

* Version:        2025.2 (Build 6295257 on Nov 14 2025)
* Project:        proj_correlation_2D
* Solution:       fsolution (Vivado IP Flow Target)
* Product family: zynq
* Target device:  xc7z020-clg484-1


================================================================
== Performance Estimates
================================================================
+ Timing: 
    * Summary: 
    +--------+----------+----------+------------+
    |  Clock |  Target  | Estimated| Uncertainty|
    +--------+----------+----------+------------+
    |ap_clk  |  10.00 ns|  7.297 ns|     2.70 ns|
    +--------+----------+----------+------------+

+ Latency: 
    * Summary: 
    +---------+---------+----------+----------+-----+-----+-------------------+
    |  Latency (cycles) |  Latency (absolute) |  Interval |      Pipeline     |
    |   min   |   max   |    min   |    max   | min | max |        Type       |
    +---------+---------+----------+----------+-----+-----+-------------------+
    |        ?|        ?|         ?|         ?|    0|    0|  loop pipeline stp|
    +---------+---------+----------+----------+-----+-----+-------------------+

    + Detail: 
        * Instance: 
        N/A

        * Loop: 
        +----------------------------------+---------+---------+----------+-----------+-----------+------+----------+
        |                                  |  Latency (cycles) | Iteration|  Initiation Interval  | Trip |          |
        |             Loop Name            |   min   |   max   |  Latency |  achieved |   target  | Count| Pipelined|
        +----------------------------------+---------+---------+----------+-----------+-----------+------+----------+
        |- VITIS_LOOP_9_1_VITIS_LOOP_10_2  |        ?|        ?|         9|          8|          1|     ?|       yes|
        +----------------------------------+---------+---------+----------+-----------+-----------+------+----------+

============================================================
+ Verbose Summary: Synthesis Manager
============================================================
InlineROM: 1
ExposeGlobal: 0
============================================================
+ Verbose Summary: CDFG Model
============================================================
IsTopModel: 0
ResetActiveHigh: 1
IsCombinational: 0
IsDatapathOnly: 0
HasWiredReturn: 1
HasMFsm: 2
HasVarLatency: 1
IsPipeline: 0
IsRtlPipelined: 0
IsInstanceOverlapped: 0
IsDontTouch: 0
HasImplIP: 0
IsGatedGlobalClock: 0

+ Individual pipeline summary: 
  * Pipeline-0: initiation interval (II) = 8, depth = 10


============================================================
+ Verbose Summary: Schedule
============================================================
* Number of FSM states : 10
* Pipeline : 1
  Pipeline-0 : II = 8, D = 10, States = { 1 2 3 4 5 6 7 8 9 10 }
* Dataflow Pipeline: 0

* FSM state transitions: 
1 --> 2 
2 --> 3 
3 --> 4 
4 --> 5 
5 --> 6 
6 --> 7 
7 --> 8 
8 --> 9 
9 --> 10 
10 --> 

* FSM state operations: 

State 1 <SV = 0> <Delay = 1.58>
ST_1 : Operation 12 [1/1] (0.00ns)   --->   "%suma_valores = alloca i32 1" [cpu_functions.cpp:4->cpu_functions.cpp:22]   --->   Operation 12 'alloca' 'suma_valores' <Predicate = true> <Delay = 0.00>
ST_1 : Operation 13 [1/1] (0.00ns)   --->   "%indvar_flatten7 = alloca i32 1"   --->   Operation 13 'alloca' 'indvar_flatten7' <Predicate = true> <Delay = 0.00>
ST_1 : Operation 14 [1/1] (0.00ns)   --->   "%conv_i1_read = read i64 @_ssdm_op_Read.ap_auto.double, i64 %conv_i1"   --->   Operation 14 'read' 'conv_i1_read' <Predicate = true> <Delay = 0.00>
ST_1 : Operation 15 [1/1] (0.00ns)   --->   "%mul_ln20_read = read i63 @_ssdm_op_Read.ap_auto.i63, i63 %mul_ln20"   --->   Operation 15 'read' 'mul_ln20_read' <Predicate = true> <Delay = 0.00>
ST_1 : Operation 16 [1/1] (1.58ns)   --->   "%store_ln0 = store i63 0, i63 %indvar_flatten7"   --->   Operation 16 'store' 'store_ln0' <Predicate = true> <Delay = 1.58>
ST_1 : Operation 17 [1/1] (1.58ns)   --->   "%store_ln4 = store i64 0, i64 %suma_valores" [cpu_functions.cpp:4->cpu_functions.cpp:22]   --->   Operation 17 'store' 'store_ln4' <Predicate = true> <Delay = 1.58>
ST_1 : Operation 18 [1/1] (0.00ns)   --->   "%br_ln0 = br void %for.inc.i37"   --->   Operation 18 'br' 'br_ln0' <Predicate = true> <Delay = 0.00>

State 2 <SV = 1> <Delay = 3.49>
ST_2 : Operation 19 [1/1] (0.00ns)   --->   "%indvar_flatten7_load = load i63 %indvar_flatten7" [cpu_functions.cpp:9->cpu_functions.cpp:22]   --->   Operation 19 'load' 'indvar_flatten7_load' <Predicate = true> <Delay = 0.00>
ST_2 : Operation 20 [1/1] (3.49ns)   --->   "%icmp_ln9 = icmp_eq  i63 %indvar_flatten7_load, i63 %mul_ln20_read" [cpu_functions.cpp:9->cpu_functions.cpp:22]   --->   Operation 20 'icmp' 'icmp_ln9' <Predicate = true> <Delay = 3.49> <CoreInst = "Cmp">   --->   Core 9 'Cmp' <Latency = 0> <II = 1> <Delay = 3.49> <FuncUnit> <Opcode : 'seteq' 'setne' 'setle' 'setge' 'setlt' 'setgt'> <InPorts = 2> <OutPorts = 1>
ST_2 : Operation 21 [1/1] (3.49ns)   --->   "%add_ln9 = add i63 %indvar_flatten7_load, i63 1" [cpu_functions.cpp:9->cpu_functions.cpp:22]   --->   Operation 21 'add' 'add_ln9' <Predicate = true> <Delay = 3.49> <CoreInst = "Adder">   --->   Core 1 'Adder' <Latency = 0> <II = 1> <Delay = 3.49> <FuncUnit> <Opcode : 'add' 'sub'> <InPorts = 2> <OutPorts = 1>
ST_2 : Operation 22 [1/1] (0.00ns)   --->   "%br_ln9 = br i1 %icmp_ln9, void %for.inc6.i40, void %_Z21get_mean_value_matrixPKfi.exit47.exitStub" [cpu_functions.cpp:9->cpu_functions.cpp:22]   --->   Operation 22 'br' 'br_ln9' <Predicate = true> <Delay = 0.00>
ST_2 : Operation 36 [1/1] (0.00ns)   --->   "%suma_valores_load = load i64 %suma_valores"   --->   Operation 36 'load' 'suma_valores_load' <Predicate = (icmp_ln9)> <Delay = 0.00>
ST_2 : Operation 37 [1/1] (0.00ns)   --->   "%write_ln0 = write void @_ssdm_op_Write.ap_auto.doubleP0A, i64 %suma_valores_3_out, i64 %suma_valores_load"   --->   Operation 37 'write' 'write_ln0' <Predicate = (icmp_ln9)> <Delay = 0.00>
ST_2 : Operation 38 [1/1] (1.58ns)   --->   "%ret_ln0 = ret"   --->   Operation 38 'ret' 'ret_ln0' <Predicate = (icmp_ln9)> <Delay = 1.58>

State 3 <SV = 2> <Delay = 7.29>
ST_3 : Operation 23 [1/1] (0.00ns)   --->   "%suma_valores_load_1 = load i64 %suma_valores" [cpu_functions.cpp:11->cpu_functions.cpp:22]   --->   Operation 23 'load' 'suma_valores_load_1' <Predicate = (!icmp_ln9)> <Delay = 0.00>
ST_3 : Operation 24 [7/7] (7.29ns)   --->   "%suma_valores_1 = dadd i64 %suma_valores_load_1, i64 %conv_i1_read" [cpu_functions.cpp:11->cpu_functions.cpp:22]   --->   Operation 24 'dadd' 'suma_valores_1' <Predicate = (!icmp_ln9)> <Delay = 7.29> <CoreInst = "DAddSub_fulldsp">   --->   Core 37 'DAddSub_fulldsp' <Latency = 6> <II = 1> <Delay = 7.29> <FuncUnit> <Opcode : 'dadd' 'dsub'> <InPorts = 2> <OutPorts = 1>
ST_3 : Operation 25 [1/1] (1.58ns)   --->   "%store_ln9 = store i63 %add_ln9, i63 %indvar_flatten7" [cpu_functions.cpp:9->cpu_functions.cpp:22]   --->   Operation 25 'store' 'store_ln9' <Predicate = (!icmp_ln9)> <Delay = 1.58>

State 4 <SV = 3> <Delay = 7.29>
ST_4 : Operation 26 [6/7] (7.29ns)   --->   "%suma_valores_1 = dadd i64 %suma_valores_load_1, i64 %conv_i1_read" [cpu_functions.cpp:11->cpu_functions.cpp:22]   --->   Operation 26 'dadd' 'suma_valores_1' <Predicate = (!icmp_ln9)> <Delay = 7.29> <CoreInst = "DAddSub_fulldsp">   --->   Core 37 'DAddSub_fulldsp' <Latency = 6> <II = 1> <Delay = 7.29> <FuncUnit> <Opcode : 'dadd' 'dsub'> <InPorts = 2> <OutPorts = 1>

State 5 <SV = 4> <Delay = 7.29>
ST_5 : Operation 27 [5/7] (7.29ns)   --->   "%suma_valores_1 = dadd i64 %suma_valores_load_1, i64 %conv_i1_read" [cpu_functions.cpp:11->cpu_functions.cpp:22]   --->   Operation 27 'dadd' 'suma_valores_1' <Predicate = (!icmp_ln9)> <Delay = 7.29> <CoreInst = "DAddSub_fulldsp">   --->   Core 37 'DAddSub_fulldsp' <Latency = 6> <II = 1> <Delay = 7.29> <FuncUnit> <Opcode : 'dadd' 'dsub'> <InPorts = 2> <OutPorts = 1>

State 6 <SV = 5> <Delay = 7.29>
ST_6 : Operation 28 [4/7] (7.29ns)   --->   "%suma_valores_1 = dadd i64 %suma_valores_load_1, i64 %conv_i1_read" [cpu_functions.cpp:11->cpu_functions.cpp:22]   --->   Operation 28 'dadd' 'suma_valores_1' <Predicate = (!icmp_ln9)> <Delay = 7.29> <CoreInst = "DAddSub_fulldsp">   --->   Core 37 'DAddSub_fulldsp' <Latency = 6> <II = 1> <Delay = 7.29> <FuncUnit> <Opcode : 'dadd' 'dsub'> <InPorts = 2> <OutPorts = 1>

State 7 <SV = 6> <Delay = 7.29>
ST_7 : Operation 29 [3/7] (7.29ns)   --->   "%suma_valores_1 = dadd i64 %suma_valores_load_1, i64 %conv_i1_read" [cpu_functions.cpp:11->cpu_functions.cpp:22]   --->   Operation 29 'dadd' 'suma_valores_1' <Predicate = (!icmp_ln9)> <Delay = 7.29> <CoreInst = "DAddSub_fulldsp">   --->   Core 37 'DAddSub_fulldsp' <Latency = 6> <II = 1> <Delay = 7.29> <FuncUnit> <Opcode : 'dadd' 'dsub'> <InPorts = 2> <OutPorts = 1>

State 8 <SV = 7> <Delay = 7.29>
ST_8 : Operation 30 [2/7] (7.29ns)   --->   "%suma_valores_1 = dadd i64 %suma_valores_load_1, i64 %conv_i1_read" [cpu_functions.cpp:11->cpu_functions.cpp:22]   --->   Operation 30 'dadd' 'suma_valores_1' <Predicate = (!icmp_ln9)> <Delay = 7.29> <CoreInst = "DAddSub_fulldsp">   --->   Core 37 'DAddSub_fulldsp' <Latency = 6> <II = 1> <Delay = 7.29> <FuncUnit> <Opcode : 'dadd' 'dsub'> <InPorts = 2> <OutPorts = 1>

State 9 <SV = 8> <Delay = 7.29>
ST_9 : Operation 31 [1/7] (7.29ns)   --->   "%suma_valores_1 = dadd i64 %suma_valores_load_1, i64 %conv_i1_read" [cpu_functions.cpp:11->cpu_functions.cpp:22]   --->   Operation 31 'dadd' 'suma_valores_1' <Predicate = (!icmp_ln9)> <Delay = 7.29> <CoreInst = "DAddSub_fulldsp">   --->   Core 37 'DAddSub_fulldsp' <Latency = 6> <II = 1> <Delay = 7.29> <FuncUnit> <Opcode : 'dadd' 'dsub'> <InPorts = 2> <OutPorts = 1>

State 10 <SV = 9> <Delay = 1.58>
ST_10 : Operation 32 [1/1] (0.00ns)   --->   "%specloopname_ln0 = specloopname void @_ssdm_op_SpecLoopName, void @VITIS_LOOP_9_1_VITIS_LOOP_10_2_str"   --->   Operation 32 'specloopname' 'specloopname_ln0' <Predicate = true> <Delay = 0.00>
ST_10 : Operation 33 [1/1] (0.00ns)   --->   "%specpipeline_ln4 = specpipeline void @_ssdm_op_SpecPipeline, i32 4294967295, i32 0, i32 0, i32 0, i32 4294967295, void @empty_0" [cpu_functions.cpp:4->cpu_functions.cpp:22]   --->   Operation 33 'specpipeline' 'specpipeline_ln4' <Predicate = true> <Delay = 0.00>
ST_10 : Operation 34 [1/1] (1.58ns)   --->   "%store_ln4 = store i64 %suma_valores_1, i64 %suma_valores" [cpu_functions.cpp:4->cpu_functions.cpp:22]   --->   Operation 34 'store' 'store_ln4' <Predicate = true> <Delay = 1.58>
ST_10 : Operation 35 [1/1] (0.00ns)   --->   "%br_ln10 = br void %for.inc.i37" [cpu_functions.cpp:10->cpu_functions.cpp:22]   --->   Operation 35 'br' 'br_ln10' <Predicate = true> <Delay = 0.00>


============================================================
+ Verbose Summary: Timing violations
============================================================
Target clock period: 10.000ns, clock uncertainty: 2.700ns.

 <State 1>: 1.588ns
The critical path consists of the following:
	'alloca' operation 63 bit ('indvar_flatten7') [5]  (0.000 ns)
	'store' operation ('store_ln0') of constant 0 63 bit on local variable 'indvar_flatten7' [8]  (1.588 ns)

 <State 2>: 3.494ns
The critical path consists of the following:
	'load' operation 63 bit ('indvar_flatten7_load', cpu_functions.cpp:9->cpu_functions.cpp:22) on local variable 'indvar_flatten7' [12]  (0.000 ns)
	'icmp' operation 1 bit ('icmp_ln9', cpu_functions.cpp:9->cpu_functions.cpp:22) [13]  (3.494 ns)

 <State 3>: 7.297ns
The critical path consists of the following:
	'load' operation 64 bit ('suma_valores_load_1', cpu_functions.cpp:11->cpu_functions.cpp:22) on local variable 'suma_valores', cpu_functions.cpp:4->cpu_functions.cpp:22 [17]  (0.000 ns)
	'dadd' operation 64 bit ('suma_valores_1', cpu_functions.cpp:11->cpu_functions.cpp:22) [20]  (7.297 ns)

 <State 4>: 7.297ns
The critical path consists of the following:
	'dadd' operation 64 bit ('suma_valores_1', cpu_functions.cpp:11->cpu_functions.cpp:22) [20]  (7.297 ns)

 <State 5>: 7.297ns
The critical path consists of the following:
	'dadd' operation 64 bit ('suma_valores_1', cpu_functions.cpp:11->cpu_functions.cpp:22) [20]  (7.297 ns)

 <State 6>: 7.297ns
The critical path consists of the following:
	'dadd' operation 64 bit ('suma_valores_1', cpu_functions.cpp:11->cpu_functions.cpp:22) [20]  (7.297 ns)

 <State 7>: 7.297ns
The critical path consists of the following:
	'dadd' operation 64 bit ('suma_valores_1', cpu_functions.cpp:11->cpu_functions.cpp:22) [20]  (7.297 ns)

 <State 8>: 7.297ns
The critical path consists of the following:
	'dadd' operation 64 bit ('suma_valores_1', cpu_functions.cpp:11->cpu_functions.cpp:22) [20]  (7.297 ns)

 <State 9>: 7.297ns
The critical path consists of the following:
	'dadd' operation 64 bit ('suma_valores_1', cpu_functions.cpp:11->cpu_functions.cpp:22) [20]  (7.297 ns)

 <State 10>: 1.588ns
The critical path consists of the following:
	'store' operation ('store_ln4', cpu_functions.cpp:4->cpu_functions.cpp:22) of variable 'suma_valores_1', cpu_functions.cpp:11->cpu_functions.cpp:22 64 bit on local variable 'suma_valores', cpu_functions.cpp:4->cpu_functions.cpp:22 [22]  (1.588 ns)


============================================================
+ Verbose Summary: Binding
============================================================
N/A
* FSMD analyzer results:
  - Output states:
 - Input state : 
  - Chain level:
	State 1
	State 2
	State 3
	State 4
	State 5
	State 6
	State 7
	State 8
	State 9
	State 10


============================================================
+ Verbose Summary: Datapath Resource usage 
============================================================
N/A
