

================================================================
== Vitis HLS Report for 'correlation_2D_Pipeline_VITIS_LOOP_31_1_VITIS_LOOP_32_2'
================================================================
* Date:           Mon May  4 23:40:55 2026

* Version:        2025.2 (Build 6295257 on Nov 14 2025)
* Project:        proj_correlation_2D
* Solution:       fsolution (Vivado IP Flow Target)
* Product family: zynq
* Target device:  xc7z020-clg484-1


================================================================
== Performance Estimates
================================================================
+ Timing: 
    * Summary: 
    +--------+----------+----------+------------+
    |  Clock |  Target  | Estimated| Uncertainty|
    +--------+----------+----------+------------+
    |ap_clk  |  10.00 ns|  7.256 ns|     2.70 ns|
    +--------+----------+----------+------------+

+ Latency: 
    * Summary: 
    +---------+---------+----------+----------+-----+-----+-------------------+
    |  Latency (cycles) |  Latency (absolute) |  Interval |      Pipeline     |
    |   min   |   max   |    min   |    max   | min | max |        Type       |
    +---------+---------+----------+----------+-----+-----+-------------------+
    |        ?|        ?|         ?|         ?|    0|    0|  loop pipeline stp|
    +---------+---------+----------+----------+-----+-----+-------------------+

    + Detail: 
        * Instance: 
        N/A

        * Loop: 
        +-----------------------------------+---------+---------+----------+-----------+-----------+------+----------+
        |                                   |  Latency (cycles) | Iteration|  Initiation Interval  | Trip |          |
        |             Loop Name             |   min   |   max   |  Latency |  achieved |   target  | Count| Pipelined|
        +-----------------------------------+---------+---------+----------+-----------+-----------+------+----------+
        |- VITIS_LOOP_31_1_VITIS_LOOP_32_2  |        ?|        ?|         9|          6|          1|     ?|       yes|
        +-----------------------------------+---------+---------+----------+-----------+-----------+------+----------+

============================================================
+ Verbose Summary: Synthesis Manager
============================================================
InlineROM: 1
ExposeGlobal: 0
============================================================
+ Verbose Summary: CDFG Model
============================================================
IsTopModel: 0
ResetActiveHigh: 1
IsCombinational: 0
IsDatapathOnly: 0
HasWiredReturn: 1
HasMFsm: 2
HasVarLatency: 1
IsPipeline: 0
IsRtlPipelined: 0
IsInstanceOverlapped: 0
IsDontTouch: 0
HasImplIP: 0
IsGatedGlobalClock: 0

+ Individual pipeline summary: 
  * Pipeline-0: initiation interval (II) = 6, depth = 10


============================================================
+ Verbose Summary: Schedule
============================================================
* Number of FSM states : 10
* Pipeline : 1
  Pipeline-0 : II = 6, D = 10, States = { 1 2 3 4 5 6 7 8 9 10 }
* Dataflow Pipeline: 0

* FSM state transitions: 
1 --> 2 
2 --> 3 
3 --> 4 
4 --> 5 
5 --> 6 
6 --> 7 
7 --> 8 
8 --> 9 
9 --> 10 
10 --> 

* FSM state operations: 

State 1 <SV = 0> <Delay = 1.58>
ST_1 : Operation 12 [1/1] (0.00ns)   --->   "%acumulate_value_a_a_1 = alloca i32 1" [cpu_functions.cpp:26]   --->   Operation 12 'alloca' 'acumulate_value_a_a_1' <Predicate = true> <Delay = 0.00>
ST_1 : Operation 13 [1/1] (0.00ns)   --->   "%acumulate_value_a_b_1 = alloca i32 1" [cpu_functions.cpp:25]   --->   Operation 13 'alloca' 'acumulate_value_a_b_1' <Predicate = true> <Delay = 0.00>
ST_1 : Operation 14 [1/1] (0.00ns)   --->   "%acumulate_value_b_b_1 = alloca i32 1" [cpu_functions.cpp:27]   --->   Operation 14 'alloca' 'acumulate_value_b_b_1' <Predicate = true> <Delay = 0.00>
ST_1 : Operation 15 [1/1] (0.00ns)   --->   "%indvar_flatten15 = alloca i32 1"   --->   Operation 15 'alloca' 'indvar_flatten15' <Predicate = true> <Delay = 0.00>
ST_1 : Operation 16 [1/1] (0.00ns)   --->   "%mul2_read = read i32 @_ssdm_op_Read.ap_auto.float, i32 %mul2"   --->   Operation 16 'read' 'mul2_read' <Predicate = true> <Delay = 0.00>
ST_1 : Operation 17 [1/1] (0.00ns)   --->   "%mul1_read = read i32 @_ssdm_op_Read.ap_auto.float, i32 %mul1"   --->   Operation 17 'read' 'mul1_read' <Predicate = true> <Delay = 0.00>
ST_1 : Operation 18 [1/1] (0.00ns)   --->   "%mul_read = read i32 @_ssdm_op_Read.ap_auto.float, i32 %mul"   --->   Operation 18 'read' 'mul_read' <Predicate = true> <Delay = 0.00>
ST_1 : Operation 19 [1/1] (0.00ns)   --->   "%mul_ln20_read = read i63 @_ssdm_op_Read.ap_auto.i63, i63 %mul_ln20"   --->   Operation 19 'read' 'mul_ln20_read' <Predicate = true> <Delay = 0.00>
ST_1 : Operation 20 [1/1] (1.58ns)   --->   "%store_ln0 = store i63 0, i63 %indvar_flatten15"   --->   Operation 20 'store' 'store_ln0' <Predicate = true> <Delay = 1.58>
ST_1 : Operation 21 [1/1] (1.58ns)   --->   "%store_ln27 = store i32 0, i32 %acumulate_value_b_b_1" [cpu_functions.cpp:27]   --->   Operation 21 'store' 'store_ln27' <Predicate = true> <Delay = 1.58>
ST_1 : Operation 22 [1/1] (1.58ns)   --->   "%store_ln25 = store i32 0, i32 %acumulate_value_a_b_1" [cpu_functions.cpp:25]   --->   Operation 22 'store' 'store_ln25' <Predicate = true> <Delay = 1.58>
ST_1 : Operation 23 [1/1] (1.58ns)   --->   "%store_ln26 = store i32 0, i32 %acumulate_value_a_a_1" [cpu_functions.cpp:26]   --->   Operation 23 'store' 'store_ln26' <Predicate = true> <Delay = 1.58>
ST_1 : Operation 24 [1/1] (0.00ns)   --->   "%br_ln0 = br void %for.inc"   --->   Operation 24 'br' 'br_ln0' <Predicate = true> <Delay = 0.00>

State 2 <SV = 1> <Delay = 3.49>
ST_2 : Operation 25 [1/1] (0.00ns)   --->   "%indvar_flatten15_load = load i63 %indvar_flatten15" [cpu_functions.cpp:31]   --->   Operation 25 'load' 'indvar_flatten15_load' <Predicate = true> <Delay = 0.00>
ST_2 : Operation 26 [1/1] (3.49ns)   --->   "%icmp_ln31 = icmp_eq  i63 %indvar_flatten15_load, i63 %mul_ln20_read" [cpu_functions.cpp:31]   --->   Operation 26 'icmp' 'icmp_ln31' <Predicate = true> <Delay = 3.49> <CoreInst = "Cmp">   --->   Core 9 'Cmp' <Latency = 0> <II = 1> <Delay = 3.49> <FuncUnit> <Opcode : 'seteq' 'setne' 'setle' 'setge' 'setlt' 'setgt'> <InPorts = 2> <OutPorts = 1>
ST_2 : Operation 27 [1/1] (3.49ns)   --->   "%add_ln31 = add i63 %indvar_flatten15_load, i63 1" [cpu_functions.cpp:31]   --->   Operation 27 'add' 'add_ln31' <Predicate = true> <Delay = 3.49> <CoreInst = "Adder">   --->   Core 1 'Adder' <Latency = 0> <II = 1> <Delay = 3.49> <FuncUnit> <Opcode : 'add' 'sub'> <InPorts = 2> <OutPorts = 1>
ST_2 : Operation 28 [1/1] (0.00ns)   --->   "%br_ln31 = br i1 %icmp_ln31, void %for.inc17, void %for.end19.exitStub" [cpu_functions.cpp:31]   --->   Operation 28 'br' 'br_ln31' <Predicate = true> <Delay = 0.00>

State 3 <SV = 2> <Delay = 7.25>
ST_3 : Operation 29 [1/1] (0.00ns)   --->   "%acumulate_value_a_b_1_load = load i32 %acumulate_value_a_b_1" [cpu_functions.cpp:35]   --->   Operation 29 'load' 'acumulate_value_a_b_1_load' <Predicate = (!icmp_ln31)> <Delay = 0.00>
ST_3 : Operation 30 [5/5] (7.25ns)   --->   "%acumulate_value_a_b = fadd i32 %acumulate_value_a_b_1_load, i32 %mul_read" [cpu_functions.cpp:35]   --->   Operation 30 'fadd' 'acumulate_value_a_b' <Predicate = (!icmp_ln31)> <Delay = 7.25> <CoreInst = "FAddSub_fulldsp">   --->   Core 18 'FAddSub_fulldsp' <Latency = 4> <II = 1> <Delay = 7.25> <FuncUnit> <Opcode : 'fadd' 'fsub'> <InPorts = 2> <OutPorts = 1>
ST_3 : Operation 31 [1/1] (1.58ns)   --->   "%store_ln31 = store i63 %add_ln31, i63 %indvar_flatten15" [cpu_functions.cpp:31]   --->   Operation 31 'store' 'store_ln31' <Predicate = (!icmp_ln31)> <Delay = 1.58>

State 4 <SV = 3> <Delay = 7.25>
ST_4 : Operation 32 [1/1] (0.00ns)   --->   "%acumulate_value_a_a_1_load = load i32 %acumulate_value_a_a_1" [cpu_functions.cpp:36]   --->   Operation 32 'load' 'acumulate_value_a_a_1_load' <Predicate = (!icmp_ln31)> <Delay = 0.00>
ST_4 : Operation 33 [4/5] (7.25ns)   --->   "%acumulate_value_a_b = fadd i32 %acumulate_value_a_b_1_load, i32 %mul_read" [cpu_functions.cpp:35]   --->   Operation 33 'fadd' 'acumulate_value_a_b' <Predicate = (!icmp_ln31)> <Delay = 7.25> <CoreInst = "FAddSub_fulldsp">   --->   Core 18 'FAddSub_fulldsp' <Latency = 4> <II = 1> <Delay = 7.25> <FuncUnit> <Opcode : 'fadd' 'fsub'> <InPorts = 2> <OutPorts = 1>
ST_4 : Operation 34 [5/5] (7.25ns)   --->   "%acumulate_value_a_a = fadd i32 %acumulate_value_a_a_1_load, i32 %mul1_read" [cpu_functions.cpp:36]   --->   Operation 34 'fadd' 'acumulate_value_a_a' <Predicate = (!icmp_ln31)> <Delay = 7.25> <CoreInst = "FAddSub_fulldsp">   --->   Core 18 'FAddSub_fulldsp' <Latency = 4> <II = 1> <Delay = 7.25> <FuncUnit> <Opcode : 'fadd' 'fsub'> <InPorts = 2> <OutPorts = 1>
ST_4 : Operation 54 [1/1] (0.00ns)   --->   "%acumulate_value_a_a_1_load_1 = load i32 %acumulate_value_a_a_1"   --->   Operation 54 'load' 'acumulate_value_a_a_1_load_1' <Predicate = (icmp_ln31)> <Delay = 0.00>
ST_4 : Operation 55 [1/1] (0.00ns)   --->   "%acumulate_value_a_b_1_load_1 = load i32 %acumulate_value_a_b_1"   --->   Operation 55 'load' 'acumulate_value_a_b_1_load_1' <Predicate = (icmp_ln31)> <Delay = 0.00>
ST_4 : Operation 56 [1/1] (0.00ns)   --->   "%acumulate_value_b_b_1_load_1 = load i32 %acumulate_value_b_b_1"   --->   Operation 56 'load' 'acumulate_value_b_b_1_load_1' <Predicate = (icmp_ln31)> <Delay = 0.00>
ST_4 : Operation 57 [1/1] (0.00ns)   --->   "%write_ln0 = write void @_ssdm_op_Write.ap_auto.floatP0A, i32 %acumulate_value_b_b_1_out, i32 %acumulate_value_b_b_1_load_1"   --->   Operation 57 'write' 'write_ln0' <Predicate = (icmp_ln31)> <Delay = 0.00>
ST_4 : Operation 58 [1/1] (0.00ns)   --->   "%write_ln0 = write void @_ssdm_op_Write.ap_auto.floatP0A, i32 %acumulate_value_a_b_1_out, i32 %acumulate_value_a_b_1_load_1"   --->   Operation 58 'write' 'write_ln0' <Predicate = (icmp_ln31)> <Delay = 0.00>
ST_4 : Operation 59 [1/1] (0.00ns)   --->   "%write_ln0 = write void @_ssdm_op_Write.ap_auto.floatP0A, i32 %acumulate_value_a_a_1_out, i32 %acumulate_value_a_a_1_load_1"   --->   Operation 59 'write' 'write_ln0' <Predicate = (icmp_ln31)> <Delay = 0.00>
ST_4 : Operation 60 [1/1] (1.58ns)   --->   "%ret_ln0 = ret"   --->   Operation 60 'ret' 'ret_ln0' <Predicate = (icmp_ln31)> <Delay = 1.58>

State 5 <SV = 4> <Delay = 7.25>
ST_5 : Operation 35 [1/1] (0.00ns)   --->   "%acumulate_value_b_b_1_load = load i32 %acumulate_value_b_b_1" [cpu_functions.cpp:37]   --->   Operation 35 'load' 'acumulate_value_b_b_1_load' <Predicate = (!icmp_ln31)> <Delay = 0.00>
ST_5 : Operation 36 [3/5] (7.25ns)   --->   "%acumulate_value_a_b = fadd i32 %acumulate_value_a_b_1_load, i32 %mul_read" [cpu_functions.cpp:35]   --->   Operation 36 'fadd' 'acumulate_value_a_b' <Predicate = (!icmp_ln31)> <Delay = 7.25> <CoreInst = "FAddSub_fulldsp">   --->   Core 18 'FAddSub_fulldsp' <Latency = 4> <II = 1> <Delay = 7.25> <FuncUnit> <Opcode : 'fadd' 'fsub'> <InPorts = 2> <OutPorts = 1>
ST_5 : Operation 37 [4/5] (7.25ns)   --->   "%acumulate_value_a_a = fadd i32 %acumulate_value_a_a_1_load, i32 %mul1_read" [cpu_functions.cpp:36]   --->   Operation 37 'fadd' 'acumulate_value_a_a' <Predicate = (!icmp_ln31)> <Delay = 7.25> <CoreInst = "FAddSub_fulldsp">   --->   Core 18 'FAddSub_fulldsp' <Latency = 4> <II = 1> <Delay = 7.25> <FuncUnit> <Opcode : 'fadd' 'fsub'> <InPorts = 2> <OutPorts = 1>
ST_5 : Operation 38 [5/5] (7.25ns)   --->   "%acumulate_value_b_b = fadd i32 %acumulate_value_b_b_1_load, i32 %mul2_read" [cpu_functions.cpp:37]   --->   Operation 38 'fadd' 'acumulate_value_b_b' <Predicate = (!icmp_ln31)> <Delay = 7.25> <CoreInst = "FAddSub_fulldsp">   --->   Core 18 'FAddSub_fulldsp' <Latency = 4> <II = 1> <Delay = 7.25> <FuncUnit> <Opcode : 'fadd' 'fsub'> <InPorts = 2> <OutPorts = 1>

State 6 <SV = 5> <Delay = 7.25>
ST_6 : Operation 39 [2/5] (7.25ns)   --->   "%acumulate_value_a_b = fadd i32 %acumulate_value_a_b_1_load, i32 %mul_read" [cpu_functions.cpp:35]   --->   Operation 39 'fadd' 'acumulate_value_a_b' <Predicate = (!icmp_ln31)> <Delay = 7.25> <CoreInst = "FAddSub_fulldsp">   --->   Core 18 'FAddSub_fulldsp' <Latency = 4> <II = 1> <Delay = 7.25> <FuncUnit> <Opcode : 'fadd' 'fsub'> <InPorts = 2> <OutPorts = 1>
ST_6 : Operation 40 [3/5] (7.25ns)   --->   "%acumulate_value_a_a = fadd i32 %acumulate_value_a_a_1_load, i32 %mul1_read" [cpu_functions.cpp:36]   --->   Operation 40 'fadd' 'acumulate_value_a_a' <Predicate = (!icmp_ln31)> <Delay = 7.25> <CoreInst = "FAddSub_fulldsp">   --->   Core 18 'FAddSub_fulldsp' <Latency = 4> <II = 1> <Delay = 7.25> <FuncUnit> <Opcode : 'fadd' 'fsub'> <InPorts = 2> <OutPorts = 1>
ST_6 : Operation 41 [4/5] (7.25ns)   --->   "%acumulate_value_b_b = fadd i32 %acumulate_value_b_b_1_load, i32 %mul2_read" [cpu_functions.cpp:37]   --->   Operation 41 'fadd' 'acumulate_value_b_b' <Predicate = (!icmp_ln31)> <Delay = 7.25> <CoreInst = "FAddSub_fulldsp">   --->   Core 18 'FAddSub_fulldsp' <Latency = 4> <II = 1> <Delay = 7.25> <FuncUnit> <Opcode : 'fadd' 'fsub'> <InPorts = 2> <OutPorts = 1>

State 7 <SV = 6> <Delay = 7.25>
ST_7 : Operation 42 [1/5] (7.25ns)   --->   "%acumulate_value_a_b = fadd i32 %acumulate_value_a_b_1_load, i32 %mul_read" [cpu_functions.cpp:35]   --->   Operation 42 'fadd' 'acumulate_value_a_b' <Predicate = (!icmp_ln31)> <Delay = 7.25> <CoreInst = "FAddSub_fulldsp">   --->   Core 18 'FAddSub_fulldsp' <Latency = 4> <II = 1> <Delay = 7.25> <FuncUnit> <Opcode : 'fadd' 'fsub'> <InPorts = 2> <OutPorts = 1>
ST_7 : Operation 43 [2/5] (7.25ns)   --->   "%acumulate_value_a_a = fadd i32 %acumulate_value_a_a_1_load, i32 %mul1_read" [cpu_functions.cpp:36]   --->   Operation 43 'fadd' 'acumulate_value_a_a' <Predicate = (!icmp_ln31)> <Delay = 7.25> <CoreInst = "FAddSub_fulldsp">   --->   Core 18 'FAddSub_fulldsp' <Latency = 4> <II = 1> <Delay = 7.25> <FuncUnit> <Opcode : 'fadd' 'fsub'> <InPorts = 2> <OutPorts = 1>
ST_7 : Operation 44 [3/5] (7.25ns)   --->   "%acumulate_value_b_b = fadd i32 %acumulate_value_b_b_1_load, i32 %mul2_read" [cpu_functions.cpp:37]   --->   Operation 44 'fadd' 'acumulate_value_b_b' <Predicate = (!icmp_ln31)> <Delay = 7.25> <CoreInst = "FAddSub_fulldsp">   --->   Core 18 'FAddSub_fulldsp' <Latency = 4> <II = 1> <Delay = 7.25> <FuncUnit> <Opcode : 'fadd' 'fsub'> <InPorts = 2> <OutPorts = 1>

State 8 <SV = 7> <Delay = 7.25>
ST_8 : Operation 45 [1/5] (7.25ns)   --->   "%acumulate_value_a_a = fadd i32 %acumulate_value_a_a_1_load, i32 %mul1_read" [cpu_functions.cpp:36]   --->   Operation 45 'fadd' 'acumulate_value_a_a' <Predicate = true> <Delay = 7.25> <CoreInst = "FAddSub_fulldsp">   --->   Core 18 'FAddSub_fulldsp' <Latency = 4> <II = 1> <Delay = 7.25> <FuncUnit> <Opcode : 'fadd' 'fsub'> <InPorts = 2> <OutPorts = 1>
ST_8 : Operation 46 [2/5] (7.25ns)   --->   "%acumulate_value_b_b = fadd i32 %acumulate_value_b_b_1_load, i32 %mul2_read" [cpu_functions.cpp:37]   --->   Operation 46 'fadd' 'acumulate_value_b_b' <Predicate = true> <Delay = 7.25> <CoreInst = "FAddSub_fulldsp">   --->   Core 18 'FAddSub_fulldsp' <Latency = 4> <II = 1> <Delay = 7.25> <FuncUnit> <Opcode : 'fadd' 'fsub'> <InPorts = 2> <OutPorts = 1>
ST_8 : Operation 47 [1/1] (1.58ns)   --->   "%store_ln25 = store i32 %acumulate_value_a_b, i32 %acumulate_value_a_b_1" [cpu_functions.cpp:25]   --->   Operation 47 'store' 'store_ln25' <Predicate = true> <Delay = 1.58>

State 9 <SV = 8> <Delay = 7.25>
ST_9 : Operation 48 [1/5] (7.25ns)   --->   "%acumulate_value_b_b = fadd i32 %acumulate_value_b_b_1_load, i32 %mul2_read" [cpu_functions.cpp:37]   --->   Operation 48 'fadd' 'acumulate_value_b_b' <Predicate = true> <Delay = 7.25> <CoreInst = "FAddSub_fulldsp">   --->   Core 18 'FAddSub_fulldsp' <Latency = 4> <II = 1> <Delay = 7.25> <FuncUnit> <Opcode : 'fadd' 'fsub'> <InPorts = 2> <OutPorts = 1>
ST_9 : Operation 49 [1/1] (1.58ns)   --->   "%store_ln26 = store i32 %acumulate_value_a_a, i32 %acumulate_value_a_a_1" [cpu_functions.cpp:26]   --->   Operation 49 'store' 'store_ln26' <Predicate = true> <Delay = 1.58>

State 10 <SV = 9> <Delay = 1.58>
ST_10 : Operation 50 [1/1] (0.00ns)   --->   "%specloopname_ln0 = specloopname void @_ssdm_op_SpecLoopName, void @VITIS_LOOP_31_1_VITIS_LOOP_32_2_str"   --->   Operation 50 'specloopname' 'specloopname_ln0' <Predicate = true> <Delay = 0.00>
ST_10 : Operation 51 [1/1] (0.00ns)   --->   "%specpipeline_ln26 = specpipeline void @_ssdm_op_SpecPipeline, i32 4294967295, i32 0, i32 0, i32 0, i32 4294967295, void @empty_0" [cpu_functions.cpp:26]   --->   Operation 51 'specpipeline' 'specpipeline_ln26' <Predicate = true> <Delay = 0.00>
ST_10 : Operation 52 [1/1] (1.58ns)   --->   "%store_ln27 = store i32 %acumulate_value_b_b, i32 %acumulate_value_b_b_1" [cpu_functions.cpp:27]   --->   Operation 52 'store' 'store_ln27' <Predicate = true> <Delay = 1.58>
ST_10 : Operation 53 [1/1] (0.00ns)   --->   "%br_ln32 = br void %for.inc" [cpu_functions.cpp:32]   --->   Operation 53 'br' 'br_ln32' <Predicate = true> <Delay = 0.00>


============================================================
+ Verbose Summary: Timing violations
============================================================
Target clock period: 10.000ns, clock uncertainty: 2.700ns.

 <State 1>: 1.588ns
The critical path consists of the following:
	'alloca' operation 63 bit ('indvar_flatten15') [11]  (0.000 ns)
	'store' operation ('store_ln0') of constant 0 63 bit on local variable 'indvar_flatten15' [16]  (1.588 ns)

 <State 2>: 3.494ns
The critical path consists of the following:
	'load' operation 63 bit ('indvar_flatten15_load', cpu_functions.cpp:31) on local variable 'indvar_flatten15' [22]  (0.000 ns)
	'icmp' operation 1 bit ('icmp_ln31', cpu_functions.cpp:31) [23]  (3.494 ns)

 <State 3>: 7.256ns
The critical path consists of the following:
	'load' operation 32 bit ('acumulate_value_a_b_1_load', cpu_functions.cpp:35) on local variable 'acumulate_value_a_b', cpu_functions.cpp:25 [28]  (0.000 ns)
	'fadd' operation 32 bit ('acumulate_value_a_b', cpu_functions.cpp:35) [32]  (7.256 ns)

 <State 4>: 7.256ns
The critical path consists of the following:
	'fadd' operation 32 bit ('acumulate_value_a_b', cpu_functions.cpp:35) [32]  (7.256 ns)

 <State 5>: 7.256ns
The critical path consists of the following:
	'fadd' operation 32 bit ('acumulate_value_a_b', cpu_functions.cpp:35) [32]  (7.256 ns)

 <State 6>: 7.256ns
The critical path consists of the following:
	'fadd' operation 32 bit ('acumulate_value_a_b', cpu_functions.cpp:35) [32]  (7.256 ns)

 <State 7>: 7.256ns
The critical path consists of the following:
	'fadd' operation 32 bit ('acumulate_value_a_b', cpu_functions.cpp:35) [32]  (7.256 ns)

 <State 8>: 7.256ns
The critical path consists of the following:
	'fadd' operation 32 bit ('acumulate_value_a_a', cpu_functions.cpp:36) [33]  (7.256 ns)

 <State 9>: 7.256ns
The critical path consists of the following:
	'fadd' operation 32 bit ('acumulate_value_b_b', cpu_functions.cpp:37) [34]  (7.256 ns)

 <State 10>: 1.588ns
The critical path consists of the following:
	'store' operation ('store_ln27', cpu_functions.cpp:27) of variable 'acumulate_value_b_b', cpu_functions.cpp:37 32 bit on local variable 'acumulate_value_b_b', cpu_functions.cpp:27 [36]  (1.588 ns)


============================================================
+ Verbose Summary: Binding
============================================================
N/A
* FSMD analyzer results:
  - Output states:
 - Input state : 
  - Chain level:
	State 1
	State 2
	State 3
	State 4
	State 5
	State 6
	State 7
	State 8
	State 9
	State 10


============================================================
+ Verbose Summary: Datapath Resource usage 
============================================================
N/A
