

================================================================
== Vitis HLS Report for 'correlation_2D'
================================================================
* Date:           Mon May  4 23:40:55 2026

* Version:        2025.2 (Build 6295257 on Nov 14 2025)
* Project:        proj_correlation_2D
* Solution:       fsolution (Vivado IP Flow Target)
* Product family: zynq
* Target device:  xc7z020-clg484-1


================================================================
== Performance Estimates
================================================================
+ Timing: 
    * Summary: 
    +--------+----------+----------+------------+
    |  Clock |  Target  | Estimated| Uncertainty|
    +--------+----------+----------+------------+
    |ap_clk  |  10.00 ns|  7.297 ns|     2.70 ns|
    +--------+----------+----------+------------+

+ Latency: 
    * Summary: 
    +---------+---------+----------+----------+-----+-----+---------+
    |  Latency (cycles) |  Latency (absolute) |  Interval | Pipeline|
    |   min   |   max   |    min   |    max   | min | max |   Type  |
    +---------+---------+----------+----------+-----+-----+---------+
    |        ?|        ?|         ?|         ?|    ?|    ?|       no|
    +---------+---------+----------+----------+-----+-----+---------+

    + Detail: 
        * Instance: 
        N/A

        * Loop: 
        N/A

============================================================
+ Verbose Summary: Synthesis Manager
============================================================
InlineROM: 1
ExposeGlobal: 0
============================================================
+ Verbose Summary: CDFG Model
============================================================
IsTopModel: 1
ResetActiveHigh: 1
IsCombinational: 0
IsDatapathOnly: 0
HasWiredReturn: 1
HasMFsm: 0
HasVarLatency: 1
IsPipeline: 0
IsRtlPipelined: 0
IsInstanceOverlapped: 0
IsDontTouch: 0
HasImplIP: 0
IsGatedGlobalClock: 0


============================================================
+ Verbose Summary: Schedule
============================================================
* Number of FSM states : 70
* Pipeline : 0
* Dataflow Pipeline: 0

* FSM state transitions: 
1 --> 2 
2 --> 3 
3 --> 4 
4 --> 5 
5 --> 6 
6 --> 7 
7 --> 8 
8 --> 9 
9 --> 10 
10 --> 11 
11 --> 12 
12 --> 13 
13 --> 14 
14 --> 15 
15 --> 16 
16 --> 17 
17 --> 18 
18 --> 19 
19 --> 20 
20 --> 21 
21 --> 22 
22 --> 23 
23 --> 24 
24 --> 25 
25 --> 26 
26 --> 27 
27 --> 28 
28 --> 29 
29 --> 30 
30 --> 31 
31 --> 32 
32 --> 33 
33 --> 34 
34 --> 35 
35 --> 36 
36 --> 37 
37 --> 38 
38 --> 39 
39 --> 40 
40 --> 41 
41 --> 42 
42 --> 43 
43 --> 44 
44 --> 45 
45 --> 46 
46 --> 47 
47 --> 48 
48 --> 49 
49 --> 50 
50 --> 51 
51 --> 52 
52 --> 53 
53 --> 54 
54 --> 55 
55 --> 56 
56 --> 57 
57 --> 58 
58 --> 59 
59 --> 60 
60 --> 61 
61 --> 62 
62 --> 63 
63 --> 64 
64 --> 65 
65 --> 66 
66 --> 67 
67 --> 68 
68 --> 69 
69 --> 70 
70 --> 

* FSM state operations: 

State 1 <SV = 0> <Delay = 6.91>
ST_1 : Operation 71 [1/1] (0.00ns)   --->   "%size_read = read i32 @_ssdm_op_Read.ap_auto.i32, i32 %size"   --->   Operation 71 'read' 'size_read' <Predicate = true> <Delay = 0.00>
ST_1 : Operation 72 [1/1] (0.00ns)   --->   "%empty = trunc i32 %size_read"   --->   Operation 72 'trunc' 'empty' <Predicate = true> <Delay = 0.00>
ST_1 : Operation 73 [1/1] (0.00ns)   --->   "%acumulate_value_a_a_1_loc = alloca i64 1"   --->   Operation 73 'alloca' 'acumulate_value_a_a_1_loc' <Predicate = true> <Delay = 0.00>
ST_1 : Operation 74 [1/1] (0.00ns)   --->   "%acumulate_value_a_b_1_loc = alloca i64 1"   --->   Operation 74 'alloca' 'acumulate_value_a_b_1_loc' <Predicate = true> <Delay = 0.00>
ST_1 : Operation 75 [1/1] (0.00ns)   --->   "%acumulate_value_b_b_1_loc = alloca i64 1"   --->   Operation 75 'alloca' 'acumulate_value_b_b_1_loc' <Predicate = true> <Delay = 0.00>
ST_1 : Operation 76 [1/1] (0.00ns)   --->   "%suma_valores_3_loc = alloca i64 1"   --->   Operation 76 'alloca' 'suma_valores_3_loc' <Predicate = true> <Delay = 0.00>
ST_1 : Operation 77 [1/1] (0.00ns)   --->   "%suma_valores_1_loc = alloca i64 1"   --->   Operation 77 'alloca' 'suma_valores_1_loc' <Predicate = true> <Delay = 0.00>
ST_1 : Operation 78 [2/2] (6.91ns)   --->   "%mul_ln15 = mul i32 %size_read, i32 %size_read" [cpu_functions.cpp:15->cpu_functions.cpp:21]   --->   Operation 78 'mul' 'mul_ln15' <Predicate = true> <Delay = 6.91> <CoreInst = "Multiplier">   --->   Core 3 'Multiplier' <Latency = 1> <II = 1> <Delay = 6.91> <FuncUnit> <Opcode : 'mul'> <InPorts = 2> <OutPorts = 1>

State 2 <SV = 1> <Delay = 6.91>
ST_2 : Operation 79 [1/2] (6.91ns)   --->   "%mul_ln15 = mul i32 %size_read, i32 %size_read" [cpu_functions.cpp:15->cpu_functions.cpp:21]   --->   Operation 79 'mul' 'mul_ln15' <Predicate = true> <Delay = 6.91> <CoreInst = "Multiplier">   --->   Core 3 'Multiplier' <Latency = 1> <II = 1> <Delay = 6.91> <FuncUnit> <Opcode : 'mul'> <InPorts = 2> <OutPorts = 1>

State 3 <SV = 2> <Delay = 6.41>
ST_3 : Operation 80 [1/1] (2.55ns)   --->   "%empty_5 = icmp_sgt  i32 %size_read, i32 0"   --->   Operation 80 'icmp' 'empty_5' <Predicate = true> <Delay = 2.55> <CoreInst = "Cmp">   --->   Core 9 'Cmp' <Latency = 0> <II = 1> <Delay = 2.55> <FuncUnit> <Opcode : 'seteq' 'setne' 'setle' 'setge' 'setlt' 'setgt'> <InPorts = 2> <OutPorts = 1>
ST_3 : Operation 81 [1/1] (0.73ns)   --->   "%smax = select i1 %empty_5, i31 %empty, i31 0"   --->   Operation 81 'select' 'smax' <Predicate = true> <Delay = 0.73> <CoreInst = "Sel">   --->   Core 73 'Sel' <Latency = 0> <II = 1> <Delay = 0.73> <FuncUnit> <Opcode : 'select'> <InPorts = 3> <OutPorts = 1>
ST_3 : Operation 82 [6/6] (6.41ns)   --->   "%conv11_i = sitofp i32 %mul_ln15" [cpu_functions.cpp:15->cpu_functions.cpp:21]   --->   Operation 82 'sitofp' 'conv11_i' <Predicate = true> <Delay = 6.41> <CoreInst = "Int2Float">   --->   Core 62 'Int2Float' <Latency = 5> <II = 1> <Delay = 6.41> <FuncUnit> <Opcode : 'uitofp' 'sitofp'> <InPorts = 1> <OutPorts = 1>

State 4 <SV = 3> <Delay = 6.91>
ST_4 : Operation 83 [1/1] (0.00ns)   --->   "%A_read = read i32 @_ssdm_op_Read.ap_auto.i32P0A, i32 %A" [cpu_functions.cpp:11->cpu_functions.cpp:21]   --->   Operation 83 'read' 'A_read' <Predicate = true> <Delay = 0.00>
ST_4 : Operation 84 [1/1] (0.00ns)   --->   "%bitcast_ln11 = bitcast i32 %A_read" [cpu_functions.cpp:11->cpu_functions.cpp:21]   --->   Operation 84 'bitcast' 'bitcast_ln11' <Predicate = true> <Delay = 0.00>
ST_4 : Operation 85 [2/2] (4.43ns)   --->   "%conv_i = fpext i32 %bitcast_ln11" [cpu_functions.cpp:11->cpu_functions.cpp:21]   --->   Operation 85 'fpext' 'conv_i' <Predicate = true> <Delay = 4.43> <CoreInst = "Float2Double">   --->   Core 64 'Float2Double' <Latency = 1> <II = 1> <Delay = 4.43> <FuncUnit> <Opcode : 'fpext'> <InPorts = 1> <OutPorts = 1>
ST_4 : Operation 86 [1/1] (0.00ns)   --->   "%zext_ln20 = zext i31 %smax" [cpu_functions.cpp:20]   --->   Operation 86 'zext' 'zext_ln20' <Predicate = true> <Delay = 0.00>
ST_4 : Operation 87 [1/1] (0.00ns)   --->   "%zext_ln20_1 = zext i32 %size_read" [cpu_functions.cpp:20]   --->   Operation 87 'zext' 'zext_ln20_1' <Predicate = true> <Delay = 0.00>
ST_4 : Operation 88 [2/2] (6.91ns)   --->   "%mul_ln20 = mul i63 %zext_ln20, i63 %zext_ln20_1" [cpu_functions.cpp:20]   --->   Operation 88 'mul' 'mul_ln20' <Predicate = true> <Delay = 6.91> <CoreInst = "Multiplier">   --->   Core 3 'Multiplier' <Latency = 1> <II = 1> <Delay = 6.91> <FuncUnit> <Opcode : 'mul'> <InPorts = 2> <OutPorts = 1>
ST_4 : Operation 89 [5/6] (6.41ns)   --->   "%conv11_i = sitofp i32 %mul_ln15" [cpu_functions.cpp:15->cpu_functions.cpp:21]   --->   Operation 89 'sitofp' 'conv11_i' <Predicate = true> <Delay = 6.41> <CoreInst = "Int2Float">   --->   Core 62 'Int2Float' <Latency = 5> <II = 1> <Delay = 6.41> <FuncUnit> <Opcode : 'uitofp' 'sitofp'> <InPorts = 1> <OutPorts = 1>
ST_4 : Operation 90 [1/1] (0.00ns)   --->   "%B_read = read i32 @_ssdm_op_Read.ap_auto.i32P0A, i32 %B" [cpu_functions.cpp:11->cpu_functions.cpp:22]   --->   Operation 90 'read' 'B_read' <Predicate = true> <Delay = 0.00>
ST_4 : Operation 91 [1/1] (0.00ns)   --->   "%bitcast_ln11_1 = bitcast i32 %B_read" [cpu_functions.cpp:11->cpu_functions.cpp:22]   --->   Operation 91 'bitcast' 'bitcast_ln11_1' <Predicate = true> <Delay = 0.00>
ST_4 : Operation 92 [2/2] (4.43ns)   --->   "%conv_i1 = fpext i32 %bitcast_ln11_1" [cpu_functions.cpp:11->cpu_functions.cpp:22]   --->   Operation 92 'fpext' 'conv_i1' <Predicate = true> <Delay = 4.43> <CoreInst = "Float2Double">   --->   Core 64 'Float2Double' <Latency = 1> <II = 1> <Delay = 4.43> <FuncUnit> <Opcode : 'fpext'> <InPorts = 1> <OutPorts = 1>

State 5 <SV = 4> <Delay = 6.91>
ST_5 : Operation 93 [1/2] (4.43ns)   --->   "%conv_i = fpext i32 %bitcast_ln11" [cpu_functions.cpp:11->cpu_functions.cpp:21]   --->   Operation 93 'fpext' 'conv_i' <Predicate = true> <Delay = 4.43> <CoreInst = "Float2Double">   --->   Core 64 'Float2Double' <Latency = 1> <II = 1> <Delay = 4.43> <FuncUnit> <Opcode : 'fpext'> <InPorts = 1> <OutPorts = 1>
ST_5 : Operation 94 [1/2] (6.91ns)   --->   "%mul_ln20 = mul i63 %zext_ln20, i63 %zext_ln20_1" [cpu_functions.cpp:20]   --->   Operation 94 'mul' 'mul_ln20' <Predicate = true> <Delay = 6.91> <CoreInst = "Multiplier">   --->   Core 3 'Multiplier' <Latency = 1> <II = 1> <Delay = 6.91> <FuncUnit> <Opcode : 'mul'> <InPorts = 2> <OutPorts = 1>
ST_5 : Operation 95 [2/2] (0.00ns)   --->   "%call_ln20 = call void @correlation_2D_Pipeline_VITIS_LOOP_9_1_VITIS_LOOP_10_2, i63 %mul_ln20, i64 %conv_i, i64 %suma_valores_1_loc" [cpu_functions.cpp:20]   --->   Operation 95 'call' 'call_ln20' <Predicate = true> <Delay = 0.00> <CoreType = "Generic">   --->   Generic Core
ST_5 : Operation 96 [4/6] (6.41ns)   --->   "%conv11_i = sitofp i32 %mul_ln15" [cpu_functions.cpp:15->cpu_functions.cpp:21]   --->   Operation 96 'sitofp' 'conv11_i' <Predicate = true> <Delay = 6.41> <CoreInst = "Int2Float">   --->   Core 62 'Int2Float' <Latency = 5> <II = 1> <Delay = 6.41> <FuncUnit> <Opcode : 'uitofp' 'sitofp'> <InPorts = 1> <OutPorts = 1>
ST_5 : Operation 97 [1/2] (4.43ns)   --->   "%conv_i1 = fpext i32 %bitcast_ln11_1" [cpu_functions.cpp:11->cpu_functions.cpp:22]   --->   Operation 97 'fpext' 'conv_i1' <Predicate = true> <Delay = 4.43> <CoreInst = "Float2Double">   --->   Core 64 'Float2Double' <Latency = 1> <II = 1> <Delay = 4.43> <FuncUnit> <Opcode : 'fpext'> <InPorts = 1> <OutPorts = 1>
ST_5 : Operation 98 [2/2] (0.00ns)   --->   "%call_ln20 = call void @correlation_2D_Pipeline_VITIS_LOOP_9_1_VITIS_LOOP_10_21, i63 %mul_ln20, i64 %conv_i1, i64 %suma_valores_3_loc" [cpu_functions.cpp:20]   --->   Operation 98 'call' 'call_ln20' <Predicate = true> <Delay = 0.00> <CoreType = "Generic">   --->   Generic Core

State 6 <SV = 5> <Delay = 6.41>
ST_6 : Operation 99 [1/2] (5.08ns)   --->   "%call_ln20 = call void @correlation_2D_Pipeline_VITIS_LOOP_9_1_VITIS_LOOP_10_2, i63 %mul_ln20, i64 %conv_i, i64 %suma_valores_1_loc" [cpu_functions.cpp:20]   --->   Operation 99 'call' 'call_ln20' <Predicate = true> <Delay = 5.08> <CoreType = "Generic">   --->   Generic Core
ST_6 : Operation 100 [3/6] (6.41ns)   --->   "%conv11_i = sitofp i32 %mul_ln15" [cpu_functions.cpp:15->cpu_functions.cpp:21]   --->   Operation 100 'sitofp' 'conv11_i' <Predicate = true> <Delay = 6.41> <CoreInst = "Int2Float">   --->   Core 62 'Int2Float' <Latency = 5> <II = 1> <Delay = 6.41> <FuncUnit> <Opcode : 'uitofp' 'sitofp'> <InPorts = 1> <OutPorts = 1>
ST_6 : Operation 101 [1/2] (5.08ns)   --->   "%call_ln20 = call void @correlation_2D_Pipeline_VITIS_LOOP_9_1_VITIS_LOOP_10_21, i63 %mul_ln20, i64 %conv_i1, i64 %suma_valores_3_loc" [cpu_functions.cpp:20]   --->   Operation 101 'call' 'call_ln20' <Predicate = true> <Delay = 5.08> <CoreType = "Generic">   --->   Generic Core

State 7 <SV = 6> <Delay = 6.41>
ST_7 : Operation 102 [1/1] (0.00ns)   --->   "%suma_valores_1_loc_load = load i64 %suma_valores_1_loc"   --->   Operation 102 'load' 'suma_valores_1_loc_load' <Predicate = true> <Delay = 0.00>
ST_7 : Operation 103 [2/6] (6.41ns)   --->   "%conv11_i = sitofp i32 %mul_ln15" [cpu_functions.cpp:15->cpu_functions.cpp:21]   --->   Operation 103 'sitofp' 'conv11_i' <Predicate = true> <Delay = 6.41> <CoreInst = "Int2Float">   --->   Core 62 'Int2Float' <Latency = 5> <II = 1> <Delay = 6.41> <FuncUnit> <Opcode : 'uitofp' 'sitofp'> <InPorts = 1> <OutPorts = 1>
ST_7 : Operation 104 [1/1] (0.00ns)   --->   "%suma_valores_3_loc_load = load i64 %suma_valores_3_loc"   --->   Operation 104 'load' 'suma_valores_3_loc_load' <Predicate = true> <Delay = 0.00>
ST_7 : Operation 105 [2/2] (5.20ns)   --->   "%conv9_i = fptrunc i64 %suma_valores_1_loc_load" [cpu_functions.cpp:15->cpu_functions.cpp:21]   --->   Operation 105 'fptrunc' 'conv9_i' <Predicate = true> <Delay = 5.20> <CoreInst = "Double2Float">   --->   Core 67 'Double2Float' <Latency = 1> <II = 1> <Delay = 5.20> <FuncUnit> <Opcode : 'fptrunc'> <InPorts = 1> <OutPorts = 1>
ST_7 : Operation 106 [2/2] (5.20ns)   --->   "%conv9_i1 = fptrunc i64 %suma_valores_3_loc_load" [cpu_functions.cpp:15->cpu_functions.cpp:22]   --->   Operation 106 'fptrunc' 'conv9_i1' <Predicate = true> <Delay = 5.20> <CoreInst = "Double2Float">   --->   Core 67 'Double2Float' <Latency = 1> <II = 1> <Delay = 5.20> <FuncUnit> <Opcode : 'fptrunc'> <InPorts = 1> <OutPorts = 1>

State 8 <SV = 7> <Delay = 6.41>
ST_8 : Operation 107 [1/6] (6.41ns)   --->   "%conv11_i = sitofp i32 %mul_ln15" [cpu_functions.cpp:15->cpu_functions.cpp:21]   --->   Operation 107 'sitofp' 'conv11_i' <Predicate = true> <Delay = 6.41> <CoreInst = "Int2Float">   --->   Core 62 'Int2Float' <Latency = 5> <II = 1> <Delay = 6.41> <FuncUnit> <Opcode : 'uitofp' 'sitofp'> <InPorts = 1> <OutPorts = 1>
ST_8 : Operation 108 [1/2] (5.20ns)   --->   "%conv9_i = fptrunc i64 %suma_valores_1_loc_load" [cpu_functions.cpp:15->cpu_functions.cpp:21]   --->   Operation 108 'fptrunc' 'conv9_i' <Predicate = true> <Delay = 5.20> <CoreInst = "Double2Float">   --->   Core 67 'Double2Float' <Latency = 1> <II = 1> <Delay = 5.20> <FuncUnit> <Opcode : 'fptrunc'> <InPorts = 1> <OutPorts = 1>
ST_8 : Operation 109 [1/2] (5.20ns)   --->   "%conv9_i1 = fptrunc i64 %suma_valores_3_loc_load" [cpu_functions.cpp:15->cpu_functions.cpp:22]   --->   Operation 109 'fptrunc' 'conv9_i1' <Predicate = true> <Delay = 5.20> <CoreInst = "Double2Float">   --->   Core 67 'Double2Float' <Latency = 1> <II = 1> <Delay = 5.20> <FuncUnit> <Opcode : 'fptrunc'> <InPorts = 1> <OutPorts = 1>

State 9 <SV = 8> <Delay = 6.07>
ST_9 : Operation 110 [16/16] (6.07ns)   --->   "%mean_a_matrix = fdiv i32 %conv9_i, i32 %conv11_i" [cpu_functions.cpp:15->cpu_functions.cpp:21]   --->   Operation 110 'fdiv' 'mean_a_matrix' <Predicate = true> <Delay = 6.07> <CoreInst = "FDiv">   --->   Core 20 'FDiv' <Latency = 15> <II = 1> <Delay = 6.07> <FuncUnit> <Opcode : 'fdiv' 'frem'> <InPorts = 2> <OutPorts = 1>
ST_9 : Operation 111 [16/16] (6.07ns)   --->   "%mean_b_matrix = fdiv i32 %conv9_i1, i32 %conv11_i" [cpu_functions.cpp:15->cpu_functions.cpp:22]   --->   Operation 111 'fdiv' 'mean_b_matrix' <Predicate = true> <Delay = 6.07> <CoreInst = "FDiv">   --->   Core 20 'FDiv' <Latency = 15> <II = 1> <Delay = 6.07> <FuncUnit> <Opcode : 'fdiv' 'frem'> <InPorts = 2> <OutPorts = 1>

State 10 <SV = 9> <Delay = 6.07>
ST_10 : Operation 112 [15/16] (6.07ns)   --->   "%mean_a_matrix = fdiv i32 %conv9_i, i32 %conv11_i" [cpu_functions.cpp:15->cpu_functions.cpp:21]   --->   Operation 112 'fdiv' 'mean_a_matrix' <Predicate = true> <Delay = 6.07> <CoreInst = "FDiv">   --->   Core 20 'FDiv' <Latency = 15> <II = 1> <Delay = 6.07> <FuncUnit> <Opcode : 'fdiv' 'frem'> <InPorts = 2> <OutPorts = 1>
ST_10 : Operation 113 [15/16] (6.07ns)   --->   "%mean_b_matrix = fdiv i32 %conv9_i1, i32 %conv11_i" [cpu_functions.cpp:15->cpu_functions.cpp:22]   --->   Operation 113 'fdiv' 'mean_b_matrix' <Predicate = true> <Delay = 6.07> <CoreInst = "FDiv">   --->   Core 20 'FDiv' <Latency = 15> <II = 1> <Delay = 6.07> <FuncUnit> <Opcode : 'fdiv' 'frem'> <InPorts = 2> <OutPorts = 1>

State 11 <SV = 10> <Delay = 6.07>
ST_11 : Operation 114 [14/16] (6.07ns)   --->   "%mean_a_matrix = fdiv i32 %conv9_i, i32 %conv11_i" [cpu_functions.cpp:15->cpu_functions.cpp:21]   --->   Operation 114 'fdiv' 'mean_a_matrix' <Predicate = true> <Delay = 6.07> <CoreInst = "FDiv">   --->   Core 20 'FDiv' <Latency = 15> <II = 1> <Delay = 6.07> <FuncUnit> <Opcode : 'fdiv' 'frem'> <InPorts = 2> <OutPorts = 1>
ST_11 : Operation 115 [14/16] (6.07ns)   --->   "%mean_b_matrix = fdiv i32 %conv9_i1, i32 %conv11_i" [cpu_functions.cpp:15->cpu_functions.cpp:22]   --->   Operation 115 'fdiv' 'mean_b_matrix' <Predicate = true> <Delay = 6.07> <CoreInst = "FDiv">   --->   Core 20 'FDiv' <Latency = 15> <II = 1> <Delay = 6.07> <FuncUnit> <Opcode : 'fdiv' 'frem'> <InPorts = 2> <OutPorts = 1>

State 12 <SV = 11> <Delay = 6.07>
ST_12 : Operation 116 [13/16] (6.07ns)   --->   "%mean_a_matrix = fdiv i32 %conv9_i, i32 %conv11_i" [cpu_functions.cpp:15->cpu_functions.cpp:21]   --->   Operation 116 'fdiv' 'mean_a_matrix' <Predicate = true> <Delay = 6.07> <CoreInst = "FDiv">   --->   Core 20 'FDiv' <Latency = 15> <II = 1> <Delay = 6.07> <FuncUnit> <Opcode : 'fdiv' 'frem'> <InPorts = 2> <OutPorts = 1>
ST_12 : Operation 117 [13/16] (6.07ns)   --->   "%mean_b_matrix = fdiv i32 %conv9_i1, i32 %conv11_i" [cpu_functions.cpp:15->cpu_functions.cpp:22]   --->   Operation 117 'fdiv' 'mean_b_matrix' <Predicate = true> <Delay = 6.07> <CoreInst = "FDiv">   --->   Core 20 'FDiv' <Latency = 15> <II = 1> <Delay = 6.07> <FuncUnit> <Opcode : 'fdiv' 'frem'> <InPorts = 2> <OutPorts = 1>

State 13 <SV = 12> <Delay = 6.07>
ST_13 : Operation 118 [12/16] (6.07ns)   --->   "%mean_a_matrix = fdiv i32 %conv9_i, i32 %conv11_i" [cpu_functions.cpp:15->cpu_functions.cpp:21]   --->   Operation 118 'fdiv' 'mean_a_matrix' <Predicate = true> <Delay = 6.07> <CoreInst = "FDiv">   --->   Core 20 'FDiv' <Latency = 15> <II = 1> <Delay = 6.07> <FuncUnit> <Opcode : 'fdiv' 'frem'> <InPorts = 2> <OutPorts = 1>
ST_13 : Operation 119 [12/16] (6.07ns)   --->   "%mean_b_matrix = fdiv i32 %conv9_i1, i32 %conv11_i" [cpu_functions.cpp:15->cpu_functions.cpp:22]   --->   Operation 119 'fdiv' 'mean_b_matrix' <Predicate = true> <Delay = 6.07> <CoreInst = "FDiv">   --->   Core 20 'FDiv' <Latency = 15> <II = 1> <Delay = 6.07> <FuncUnit> <Opcode : 'fdiv' 'frem'> <InPorts = 2> <OutPorts = 1>

State 14 <SV = 13> <Delay = 6.07>
ST_14 : Operation 120 [11/16] (6.07ns)   --->   "%mean_a_matrix = fdiv i32 %conv9_i, i32 %conv11_i" [cpu_functions.cpp:15->cpu_functions.cpp:21]   --->   Operation 120 'fdiv' 'mean_a_matrix' <Predicate = true> <Delay = 6.07> <CoreInst = "FDiv">   --->   Core 20 'FDiv' <Latency = 15> <II = 1> <Delay = 6.07> <FuncUnit> <Opcode : 'fdiv' 'frem'> <InPorts = 2> <OutPorts = 1>
ST_14 : Operation 121 [11/16] (6.07ns)   --->   "%mean_b_matrix = fdiv i32 %conv9_i1, i32 %conv11_i" [cpu_functions.cpp:15->cpu_functions.cpp:22]   --->   Operation 121 'fdiv' 'mean_b_matrix' <Predicate = true> <Delay = 6.07> <CoreInst = "FDiv">   --->   Core 20 'FDiv' <Latency = 15> <II = 1> <Delay = 6.07> <FuncUnit> <Opcode : 'fdiv' 'frem'> <InPorts = 2> <OutPorts = 1>

State 15 <SV = 14> <Delay = 6.07>
ST_15 : Operation 122 [10/16] (6.07ns)   --->   "%mean_a_matrix = fdiv i32 %conv9_i, i32 %conv11_i" [cpu_functions.cpp:15->cpu_functions.cpp:21]   --->   Operation 122 'fdiv' 'mean_a_matrix' <Predicate = true> <Delay = 6.07> <CoreInst = "FDiv">   --->   Core 20 'FDiv' <Latency = 15> <II = 1> <Delay = 6.07> <FuncUnit> <Opcode : 'fdiv' 'frem'> <InPorts = 2> <OutPorts = 1>
ST_15 : Operation 123 [10/16] (6.07ns)   --->   "%mean_b_matrix = fdiv i32 %conv9_i1, i32 %conv11_i" [cpu_functions.cpp:15->cpu_functions.cpp:22]   --->   Operation 123 'fdiv' 'mean_b_matrix' <Predicate = true> <Delay = 6.07> <CoreInst = "FDiv">   --->   Core 20 'FDiv' <Latency = 15> <II = 1> <Delay = 6.07> <FuncUnit> <Opcode : 'fdiv' 'frem'> <InPorts = 2> <OutPorts = 1>

State 16 <SV = 15> <Delay = 6.07>
ST_16 : Operation 124 [9/16] (6.07ns)   --->   "%mean_a_matrix = fdiv i32 %conv9_i, i32 %conv11_i" [cpu_functions.cpp:15->cpu_functions.cpp:21]   --->   Operation 124 'fdiv' 'mean_a_matrix' <Predicate = true> <Delay = 6.07> <CoreInst = "FDiv">   --->   Core 20 'FDiv' <Latency = 15> <II = 1> <Delay = 6.07> <FuncUnit> <Opcode : 'fdiv' 'frem'> <InPorts = 2> <OutPorts = 1>
ST_16 : Operation 125 [9/16] (6.07ns)   --->   "%mean_b_matrix = fdiv i32 %conv9_i1, i32 %conv11_i" [cpu_functions.cpp:15->cpu_functions.cpp:22]   --->   Operation 125 'fdiv' 'mean_b_matrix' <Predicate = true> <Delay = 6.07> <CoreInst = "FDiv">   --->   Core 20 'FDiv' <Latency = 15> <II = 1> <Delay = 6.07> <FuncUnit> <Opcode : 'fdiv' 'frem'> <InPorts = 2> <OutPorts = 1>

State 17 <SV = 16> <Delay = 6.07>
ST_17 : Operation 126 [8/16] (6.07ns)   --->   "%mean_a_matrix = fdiv i32 %conv9_i, i32 %conv11_i" [cpu_functions.cpp:15->cpu_functions.cpp:21]   --->   Operation 126 'fdiv' 'mean_a_matrix' <Predicate = true> <Delay = 6.07> <CoreInst = "FDiv">   --->   Core 20 'FDiv' <Latency = 15> <II = 1> <Delay = 6.07> <FuncUnit> <Opcode : 'fdiv' 'frem'> <InPorts = 2> <OutPorts = 1>
ST_17 : Operation 127 [8/16] (6.07ns)   --->   "%mean_b_matrix = fdiv i32 %conv9_i1, i32 %conv11_i" [cpu_functions.cpp:15->cpu_functions.cpp:22]   --->   Operation 127 'fdiv' 'mean_b_matrix' <Predicate = true> <Delay = 6.07> <CoreInst = "FDiv">   --->   Core 20 'FDiv' <Latency = 15> <II = 1> <Delay = 6.07> <FuncUnit> <Opcode : 'fdiv' 'frem'> <InPorts = 2> <OutPorts = 1>

State 18 <SV = 17> <Delay = 6.07>
ST_18 : Operation 128 [7/16] (6.07ns)   --->   "%mean_a_matrix = fdiv i32 %conv9_i, i32 %conv11_i" [cpu_functions.cpp:15->cpu_functions.cpp:21]   --->   Operation 128 'fdiv' 'mean_a_matrix' <Predicate = true> <Delay = 6.07> <CoreInst = "FDiv">   --->   Core 20 'FDiv' <Latency = 15> <II = 1> <Delay = 6.07> <FuncUnit> <Opcode : 'fdiv' 'frem'> <InPorts = 2> <OutPorts = 1>
ST_18 : Operation 129 [7/16] (6.07ns)   --->   "%mean_b_matrix = fdiv i32 %conv9_i1, i32 %conv11_i" [cpu_functions.cpp:15->cpu_functions.cpp:22]   --->   Operation 129 'fdiv' 'mean_b_matrix' <Predicate = true> <Delay = 6.07> <CoreInst = "FDiv">   --->   Core 20 'FDiv' <Latency = 15> <II = 1> <Delay = 6.07> <FuncUnit> <Opcode : 'fdiv' 'frem'> <InPorts = 2> <OutPorts = 1>

State 19 <SV = 18> <Delay = 6.07>
ST_19 : Operation 130 [6/16] (6.07ns)   --->   "%mean_a_matrix = fdiv i32 %conv9_i, i32 %conv11_i" [cpu_functions.cpp:15->cpu_functions.cpp:21]   --->   Operation 130 'fdiv' 'mean_a_matrix' <Predicate = true> <Delay = 6.07> <CoreInst = "FDiv">   --->   Core 20 'FDiv' <Latency = 15> <II = 1> <Delay = 6.07> <FuncUnit> <Opcode : 'fdiv' 'frem'> <InPorts = 2> <OutPorts = 1>
ST_19 : Operation 131 [6/16] (6.07ns)   --->   "%mean_b_matrix = fdiv i32 %conv9_i1, i32 %conv11_i" [cpu_functions.cpp:15->cpu_functions.cpp:22]   --->   Operation 131 'fdiv' 'mean_b_matrix' <Predicate = true> <Delay = 6.07> <CoreInst = "FDiv">   --->   Core 20 'FDiv' <Latency = 15> <II = 1> <Delay = 6.07> <FuncUnit> <Opcode : 'fdiv' 'frem'> <InPorts = 2> <OutPorts = 1>

State 20 <SV = 19> <Delay = 6.07>
ST_20 : Operation 132 [5/16] (6.07ns)   --->   "%mean_a_matrix = fdiv i32 %conv9_i, i32 %conv11_i" [cpu_functions.cpp:15->cpu_functions.cpp:21]   --->   Operation 132 'fdiv' 'mean_a_matrix' <Predicate = true> <Delay = 6.07> <CoreInst = "FDiv">   --->   Core 20 'FDiv' <Latency = 15> <II = 1> <Delay = 6.07> <FuncUnit> <Opcode : 'fdiv' 'frem'> <InPorts = 2> <OutPorts = 1>
ST_20 : Operation 133 [5/16] (6.07ns)   --->   "%mean_b_matrix = fdiv i32 %conv9_i1, i32 %conv11_i" [cpu_functions.cpp:15->cpu_functions.cpp:22]   --->   Operation 133 'fdiv' 'mean_b_matrix' <Predicate = true> <Delay = 6.07> <CoreInst = "FDiv">   --->   Core 20 'FDiv' <Latency = 15> <II = 1> <Delay = 6.07> <FuncUnit> <Opcode : 'fdiv' 'frem'> <InPorts = 2> <OutPorts = 1>

State 21 <SV = 20> <Delay = 6.07>
ST_21 : Operation 134 [4/16] (6.07ns)   --->   "%mean_a_matrix = fdiv i32 %conv9_i, i32 %conv11_i" [cpu_functions.cpp:15->cpu_functions.cpp:21]   --->   Operation 134 'fdiv' 'mean_a_matrix' <Predicate = true> <Delay = 6.07> <CoreInst = "FDiv">   --->   Core 20 'FDiv' <Latency = 15> <II = 1> <Delay = 6.07> <FuncUnit> <Opcode : 'fdiv' 'frem'> <InPorts = 2> <OutPorts = 1>
ST_21 : Operation 135 [4/16] (6.07ns)   --->   "%mean_b_matrix = fdiv i32 %conv9_i1, i32 %conv11_i" [cpu_functions.cpp:15->cpu_functions.cpp:22]   --->   Operation 135 'fdiv' 'mean_b_matrix' <Predicate = true> <Delay = 6.07> <CoreInst = "FDiv">   --->   Core 20 'FDiv' <Latency = 15> <II = 1> <Delay = 6.07> <FuncUnit> <Opcode : 'fdiv' 'frem'> <InPorts = 2> <OutPorts = 1>

State 22 <SV = 21> <Delay = 6.07>
ST_22 : Operation 136 [3/16] (6.07ns)   --->   "%mean_a_matrix = fdiv i32 %conv9_i, i32 %conv11_i" [cpu_functions.cpp:15->cpu_functions.cpp:21]   --->   Operation 136 'fdiv' 'mean_a_matrix' <Predicate = true> <Delay = 6.07> <CoreInst = "FDiv">   --->   Core 20 'FDiv' <Latency = 15> <II = 1> <Delay = 6.07> <FuncUnit> <Opcode : 'fdiv' 'frem'> <InPorts = 2> <OutPorts = 1>
ST_22 : Operation 137 [3/16] (6.07ns)   --->   "%mean_b_matrix = fdiv i32 %conv9_i1, i32 %conv11_i" [cpu_functions.cpp:15->cpu_functions.cpp:22]   --->   Operation 137 'fdiv' 'mean_b_matrix' <Predicate = true> <Delay = 6.07> <CoreInst = "FDiv">   --->   Core 20 'FDiv' <Latency = 15> <II = 1> <Delay = 6.07> <FuncUnit> <Opcode : 'fdiv' 'frem'> <InPorts = 2> <OutPorts = 1>

State 23 <SV = 22> <Delay = 6.07>
ST_23 : Operation 138 [2/16] (6.07ns)   --->   "%mean_a_matrix = fdiv i32 %conv9_i, i32 %conv11_i" [cpu_functions.cpp:15->cpu_functions.cpp:21]   --->   Operation 138 'fdiv' 'mean_a_matrix' <Predicate = true> <Delay = 6.07> <CoreInst = "FDiv">   --->   Core 20 'FDiv' <Latency = 15> <II = 1> <Delay = 6.07> <FuncUnit> <Opcode : 'fdiv' 'frem'> <InPorts = 2> <OutPorts = 1>
ST_23 : Operation 139 [2/16] (6.07ns)   --->   "%mean_b_matrix = fdiv i32 %conv9_i1, i32 %conv11_i" [cpu_functions.cpp:15->cpu_functions.cpp:22]   --->   Operation 139 'fdiv' 'mean_b_matrix' <Predicate = true> <Delay = 6.07> <CoreInst = "FDiv">   --->   Core 20 'FDiv' <Latency = 15> <II = 1> <Delay = 6.07> <FuncUnit> <Opcode : 'fdiv' 'frem'> <InPorts = 2> <OutPorts = 1>

State 24 <SV = 23> <Delay = 6.07>
ST_24 : Operation 140 [1/16] (6.07ns)   --->   "%mean_a_matrix = fdiv i32 %conv9_i, i32 %conv11_i" [cpu_functions.cpp:15->cpu_functions.cpp:21]   --->   Operation 140 'fdiv' 'mean_a_matrix' <Predicate = true> <Delay = 6.07> <CoreInst = "FDiv">   --->   Core 20 'FDiv' <Latency = 15> <II = 1> <Delay = 6.07> <FuncUnit> <Opcode : 'fdiv' 'frem'> <InPorts = 2> <OutPorts = 1>
ST_24 : Operation 141 [1/16] (6.07ns)   --->   "%mean_b_matrix = fdiv i32 %conv9_i1, i32 %conv11_i" [cpu_functions.cpp:15->cpu_functions.cpp:22]   --->   Operation 141 'fdiv' 'mean_b_matrix' <Predicate = true> <Delay = 6.07> <CoreInst = "FDiv">   --->   Core 20 'FDiv' <Latency = 15> <II = 1> <Delay = 6.07> <FuncUnit> <Opcode : 'fdiv' 'frem'> <InPorts = 2> <OutPorts = 1>

State 25 <SV = 24> <Delay = 7.25>
ST_25 : Operation 142 [5/5] (7.25ns)   --->   "%result_mean_a = fsub i32 %bitcast_ln11, i32 %mean_a_matrix" [cpu_functions.cpp:33]   --->   Operation 142 'fsub' 'result_mean_a' <Predicate = true> <Delay = 7.25> <CoreInst = "FAddSub_fulldsp">   --->   Core 18 'FAddSub_fulldsp' <Latency = 4> <II = 1> <Delay = 7.25> <FuncUnit> <Opcode : 'fadd' 'fsub'> <InPorts = 2> <OutPorts = 1>
ST_25 : Operation 143 [5/5] (7.25ns)   --->   "%result_mean_b = fsub i32 %bitcast_ln11_1, i32 %mean_b_matrix" [cpu_functions.cpp:34]   --->   Operation 143 'fsub' 'result_mean_b' <Predicate = true> <Delay = 7.25> <CoreInst = "FAddSub_fulldsp">   --->   Core 18 'FAddSub_fulldsp' <Latency = 4> <II = 1> <Delay = 7.25> <FuncUnit> <Opcode : 'fadd' 'fsub'> <InPorts = 2> <OutPorts = 1>

State 26 <SV = 25> <Delay = 7.25>
ST_26 : Operation 144 [4/5] (7.25ns)   --->   "%result_mean_a = fsub i32 %bitcast_ln11, i32 %mean_a_matrix" [cpu_functions.cpp:33]   --->   Operation 144 'fsub' 'result_mean_a' <Predicate = true> <Delay = 7.25> <CoreInst = "FAddSub_fulldsp">   --->   Core 18 'FAddSub_fulldsp' <Latency = 4> <II = 1> <Delay = 7.25> <FuncUnit> <Opcode : 'fadd' 'fsub'> <InPorts = 2> <OutPorts = 1>
ST_26 : Operation 145 [4/5] (7.25ns)   --->   "%result_mean_b = fsub i32 %bitcast_ln11_1, i32 %mean_b_matrix" [cpu_functions.cpp:34]   --->   Operation 145 'fsub' 'result_mean_b' <Predicate = true> <Delay = 7.25> <CoreInst = "FAddSub_fulldsp">   --->   Core 18 'FAddSub_fulldsp' <Latency = 4> <II = 1> <Delay = 7.25> <FuncUnit> <Opcode : 'fadd' 'fsub'> <InPorts = 2> <OutPorts = 1>

State 27 <SV = 26> <Delay = 7.25>
ST_27 : Operation 146 [3/5] (7.25ns)   --->   "%result_mean_a = fsub i32 %bitcast_ln11, i32 %mean_a_matrix" [cpu_functions.cpp:33]   --->   Operation 146 'fsub' 'result_mean_a' <Predicate = true> <Delay = 7.25> <CoreInst = "FAddSub_fulldsp">   --->   Core 18 'FAddSub_fulldsp' <Latency = 4> <II = 1> <Delay = 7.25> <FuncUnit> <Opcode : 'fadd' 'fsub'> <InPorts = 2> <OutPorts = 1>
ST_27 : Operation 147 [3/5] (7.25ns)   --->   "%result_mean_b = fsub i32 %bitcast_ln11_1, i32 %mean_b_matrix" [cpu_functions.cpp:34]   --->   Operation 147 'fsub' 'result_mean_b' <Predicate = true> <Delay = 7.25> <CoreInst = "FAddSub_fulldsp">   --->   Core 18 'FAddSub_fulldsp' <Latency = 4> <II = 1> <Delay = 7.25> <FuncUnit> <Opcode : 'fadd' 'fsub'> <InPorts = 2> <OutPorts = 1>

State 28 <SV = 27> <Delay = 7.25>
ST_28 : Operation 148 [2/5] (7.25ns)   --->   "%result_mean_a = fsub i32 %bitcast_ln11, i32 %mean_a_matrix" [cpu_functions.cpp:33]   --->   Operation 148 'fsub' 'result_mean_a' <Predicate = true> <Delay = 7.25> <CoreInst = "FAddSub_fulldsp">   --->   Core 18 'FAddSub_fulldsp' <Latency = 4> <II = 1> <Delay = 7.25> <FuncUnit> <Opcode : 'fadd' 'fsub'> <InPorts = 2> <OutPorts = 1>
ST_28 : Operation 149 [2/5] (7.25ns)   --->   "%result_mean_b = fsub i32 %bitcast_ln11_1, i32 %mean_b_matrix" [cpu_functions.cpp:34]   --->   Operation 149 'fsub' 'result_mean_b' <Predicate = true> <Delay = 7.25> <CoreInst = "FAddSub_fulldsp">   --->   Core 18 'FAddSub_fulldsp' <Latency = 4> <II = 1> <Delay = 7.25> <FuncUnit> <Opcode : 'fadd' 'fsub'> <InPorts = 2> <OutPorts = 1>

State 29 <SV = 28> <Delay = 7.25>
ST_29 : Operation 150 [1/5] (7.25ns)   --->   "%result_mean_a = fsub i32 %bitcast_ln11, i32 %mean_a_matrix" [cpu_functions.cpp:33]   --->   Operation 150 'fsub' 'result_mean_a' <Predicate = true> <Delay = 7.25> <CoreInst = "FAddSub_fulldsp">   --->   Core 18 'FAddSub_fulldsp' <Latency = 4> <II = 1> <Delay = 7.25> <FuncUnit> <Opcode : 'fadd' 'fsub'> <InPorts = 2> <OutPorts = 1>
ST_29 : Operation 151 [1/5] (7.25ns)   --->   "%result_mean_b = fsub i32 %bitcast_ln11_1, i32 %mean_b_matrix" [cpu_functions.cpp:34]   --->   Operation 151 'fsub' 'result_mean_b' <Predicate = true> <Delay = 7.25> <CoreInst = "FAddSub_fulldsp">   --->   Core 18 'FAddSub_fulldsp' <Latency = 4> <II = 1> <Delay = 7.25> <FuncUnit> <Opcode : 'fadd' 'fsub'> <InPorts = 2> <OutPorts = 1>

State 30 <SV = 29> <Delay = 5.70>
ST_30 : Operation 152 [4/4] (5.70ns)   --->   "%mul = fmul i32 %result_mean_a, i32 %result_mean_b" [cpu_functions.cpp:35]   --->   Operation 152 'fmul' 'mul' <Predicate = true> <Delay = 5.70> <CoreInst = "FMul_maxdsp">   --->   Core 30 'FMul_maxdsp' <Latency = 3> <II = 1> <Delay = 5.70> <FuncUnit> <Opcode : 'fmul'> <InPorts = 2> <OutPorts = 1>
ST_30 : Operation 153 [4/4] (5.70ns)   --->   "%mul1 = fmul i32 %result_mean_a, i32 %result_mean_a" [cpu_functions.cpp:36]   --->   Operation 153 'fmul' 'mul1' <Predicate = true> <Delay = 5.70> <CoreInst = "FMul_maxdsp">   --->   Core 30 'FMul_maxdsp' <Latency = 3> <II = 1> <Delay = 5.70> <FuncUnit> <Opcode : 'fmul'> <InPorts = 2> <OutPorts = 1>
ST_30 : Operation 154 [4/4] (5.70ns)   --->   "%mul2 = fmul i32 %result_mean_b, i32 %result_mean_b" [cpu_functions.cpp:37]   --->   Operation 154 'fmul' 'mul2' <Predicate = true> <Delay = 5.70> <CoreInst = "FMul_maxdsp">   --->   Core 30 'FMul_maxdsp' <Latency = 3> <II = 1> <Delay = 5.70> <FuncUnit> <Opcode : 'fmul'> <InPorts = 2> <OutPorts = 1>

State 31 <SV = 30> <Delay = 5.70>
ST_31 : Operation 155 [3/4] (5.70ns)   --->   "%mul = fmul i32 %result_mean_a, i32 %result_mean_b" [cpu_functions.cpp:35]   --->   Operation 155 'fmul' 'mul' <Predicate = true> <Delay = 5.70> <CoreInst = "FMul_maxdsp">   --->   Core 30 'FMul_maxdsp' <Latency = 3> <II = 1> <Delay = 5.70> <FuncUnit> <Opcode : 'fmul'> <InPorts = 2> <OutPorts = 1>
ST_31 : Operation 156 [3/4] (5.70ns)   --->   "%mul1 = fmul i32 %result_mean_a, i32 %result_mean_a" [cpu_functions.cpp:36]   --->   Operation 156 'fmul' 'mul1' <Predicate = true> <Delay = 5.70> <CoreInst = "FMul_maxdsp">   --->   Core 30 'FMul_maxdsp' <Latency = 3> <II = 1> <Delay = 5.70> <FuncUnit> <Opcode : 'fmul'> <InPorts = 2> <OutPorts = 1>
ST_31 : Operation 157 [3/4] (5.70ns)   --->   "%mul2 = fmul i32 %result_mean_b, i32 %result_mean_b" [cpu_functions.cpp:37]   --->   Operation 157 'fmul' 'mul2' <Predicate = true> <Delay = 5.70> <CoreInst = "FMul_maxdsp">   --->   Core 30 'FMul_maxdsp' <Latency = 3> <II = 1> <Delay = 5.70> <FuncUnit> <Opcode : 'fmul'> <InPorts = 2> <OutPorts = 1>

State 32 <SV = 31> <Delay = 5.70>
ST_32 : Operation 158 [2/4] (5.70ns)   --->   "%mul = fmul i32 %result_mean_a, i32 %result_mean_b" [cpu_functions.cpp:35]   --->   Operation 158 'fmul' 'mul' <Predicate = true> <Delay = 5.70> <CoreInst = "FMul_maxdsp">   --->   Core 30 'FMul_maxdsp' <Latency = 3> <II = 1> <Delay = 5.70> <FuncUnit> <Opcode : 'fmul'> <InPorts = 2> <OutPorts = 1>
ST_32 : Operation 159 [2/4] (5.70ns)   --->   "%mul1 = fmul i32 %result_mean_a, i32 %result_mean_a" [cpu_functions.cpp:36]   --->   Operation 159 'fmul' 'mul1' <Predicate = true> <Delay = 5.70> <CoreInst = "FMul_maxdsp">   --->   Core 30 'FMul_maxdsp' <Latency = 3> <II = 1> <Delay = 5.70> <FuncUnit> <Opcode : 'fmul'> <InPorts = 2> <OutPorts = 1>
ST_32 : Operation 160 [2/4] (5.70ns)   --->   "%mul2 = fmul i32 %result_mean_b, i32 %result_mean_b" [cpu_functions.cpp:37]   --->   Operation 160 'fmul' 'mul2' <Predicate = true> <Delay = 5.70> <CoreInst = "FMul_maxdsp">   --->   Core 30 'FMul_maxdsp' <Latency = 3> <II = 1> <Delay = 5.70> <FuncUnit> <Opcode : 'fmul'> <InPorts = 2> <OutPorts = 1>

State 33 <SV = 32> <Delay = 5.70>
ST_33 : Operation 161 [1/4] (5.70ns)   --->   "%mul = fmul i32 %result_mean_a, i32 %result_mean_b" [cpu_functions.cpp:35]   --->   Operation 161 'fmul' 'mul' <Predicate = true> <Delay = 5.70> <CoreInst = "FMul_maxdsp">   --->   Core 30 'FMul_maxdsp' <Latency = 3> <II = 1> <Delay = 5.70> <FuncUnit> <Opcode : 'fmul'> <InPorts = 2> <OutPorts = 1>
ST_33 : Operation 162 [1/4] (5.70ns)   --->   "%mul1 = fmul i32 %result_mean_a, i32 %result_mean_a" [cpu_functions.cpp:36]   --->   Operation 162 'fmul' 'mul1' <Predicate = true> <Delay = 5.70> <CoreInst = "FMul_maxdsp">   --->   Core 30 'FMul_maxdsp' <Latency = 3> <II = 1> <Delay = 5.70> <FuncUnit> <Opcode : 'fmul'> <InPorts = 2> <OutPorts = 1>
ST_33 : Operation 163 [1/4] (5.70ns)   --->   "%mul2 = fmul i32 %result_mean_b, i32 %result_mean_b" [cpu_functions.cpp:37]   --->   Operation 163 'fmul' 'mul2' <Predicate = true> <Delay = 5.70> <CoreInst = "FMul_maxdsp">   --->   Core 30 'FMul_maxdsp' <Latency = 3> <II = 1> <Delay = 5.70> <FuncUnit> <Opcode : 'fmul'> <InPorts = 2> <OutPorts = 1>
ST_33 : Operation 164 [2/2] (0.00ns)   --->   "%call_ln20 = call void @correlation_2D_Pipeline_VITIS_LOOP_31_1_VITIS_LOOP_32_2, i63 %mul_ln20, i32 %mul, i32 %mul1, i32 %mul2, i32 %acumulate_value_b_b_1_loc, i32 %acumulate_value_a_b_1_loc, i32 %acumulate_value_a_a_1_loc" [cpu_functions.cpp:20]   --->   Operation 164 'call' 'call_ln20' <Predicate = true> <Delay = 0.00> <CoreType = "Generic">   --->   Generic Core

State 34 <SV = 33> <Delay = 0.00>
ST_34 : Operation 165 [1/2] (0.00ns)   --->   "%call_ln20 = call void @correlation_2D_Pipeline_VITIS_LOOP_31_1_VITIS_LOOP_32_2, i63 %mul_ln20, i32 %mul, i32 %mul1, i32 %mul2, i32 %acumulate_value_b_b_1_loc, i32 %acumulate_value_a_b_1_loc, i32 %acumulate_value_a_a_1_loc" [cpu_functions.cpp:20]   --->   Operation 165 'call' 'call_ln20' <Predicate = true> <Delay = 0.00> <CoreType = "Generic">   --->   Generic Core

State 35 <SV = 34> <Delay = 5.70>
ST_35 : Operation 166 [1/1] (0.00ns)   --->   "%acumulate_value_b_b_1_loc_load = load i32 %acumulate_value_b_b_1_loc"   --->   Operation 166 'load' 'acumulate_value_b_b_1_loc_load' <Predicate = true> <Delay = 0.00>
ST_35 : Operation 167 [1/1] (0.00ns)   --->   "%acumulate_value_a_a_1_loc_load = load i32 %acumulate_value_a_a_1_loc"   --->   Operation 167 'load' 'acumulate_value_a_a_1_loc_load' <Predicate = true> <Delay = 0.00>
ST_35 : Operation 168 [4/4] (5.70ns)   --->   "%mul3 = fmul i32 %acumulate_value_a_a_1_loc_load, i32 %acumulate_value_b_b_1_loc_load" [cpu_functions.cpp:41]   --->   Operation 168 'fmul' 'mul3' <Predicate = true> <Delay = 5.70> <CoreInst = "FMul_maxdsp">   --->   Core 30 'FMul_maxdsp' <Latency = 3> <II = 1> <Delay = 5.70> <FuncUnit> <Opcode : 'fmul'> <InPorts = 2> <OutPorts = 1>

State 36 <SV = 35> <Delay = 5.70>
ST_36 : Operation 169 [3/4] (5.70ns)   --->   "%mul3 = fmul i32 %acumulate_value_a_a_1_loc_load, i32 %acumulate_value_b_b_1_loc_load" [cpu_functions.cpp:41]   --->   Operation 169 'fmul' 'mul3' <Predicate = true> <Delay = 5.70> <CoreInst = "FMul_maxdsp">   --->   Core 30 'FMul_maxdsp' <Latency = 3> <II = 1> <Delay = 5.70> <FuncUnit> <Opcode : 'fmul'> <InPorts = 2> <OutPorts = 1>

State 37 <SV = 36> <Delay = 5.70>
ST_37 : Operation 170 [2/4] (5.70ns)   --->   "%mul3 = fmul i32 %acumulate_value_a_a_1_loc_load, i32 %acumulate_value_b_b_1_loc_load" [cpu_functions.cpp:41]   --->   Operation 170 'fmul' 'mul3' <Predicate = true> <Delay = 5.70> <CoreInst = "FMul_maxdsp">   --->   Core 30 'FMul_maxdsp' <Latency = 3> <II = 1> <Delay = 5.70> <FuncUnit> <Opcode : 'fmul'> <InPorts = 2> <OutPorts = 1>

State 38 <SV = 37> <Delay = 5.70>
ST_38 : Operation 171 [1/4] (5.70ns)   --->   "%mul3 = fmul i32 %acumulate_value_a_a_1_loc_load, i32 %acumulate_value_b_b_1_loc_load" [cpu_functions.cpp:41]   --->   Operation 171 'fmul' 'mul3' <Predicate = true> <Delay = 5.70> <CoreInst = "FMul_maxdsp">   --->   Core 30 'FMul_maxdsp' <Latency = 3> <II = 1> <Delay = 5.70> <FuncUnit> <Opcode : 'fmul'> <InPorts = 2> <OutPorts = 1>

State 39 <SV = 38> <Delay = 6.23>
ST_39 : Operation 172 [16/16] (6.23ns)   --->   "%conv = fsqrt i32 @llvm.sqrt.f32, i32 %mul3" [cpu_functions.cpp:41]   --->   Operation 172 'fsqrt' 'conv' <Predicate = true> <Delay = 6.23> <CoreInst = "FSqrt">   --->   Core 35 'FSqrt' <Latency = 15> <II = 1> <Delay = 6.23> <FuncUnit> <Opcode : 'fsqrt'> <InPorts = 1> <OutPorts = 1>

State 40 <SV = 39> <Delay = 6.23>
ST_40 : Operation 173 [15/16] (6.23ns)   --->   "%conv = fsqrt i32 @llvm.sqrt.f32, i32 %mul3" [cpu_functions.cpp:41]   --->   Operation 173 'fsqrt' 'conv' <Predicate = true> <Delay = 6.23> <CoreInst = "FSqrt">   --->   Core 35 'FSqrt' <Latency = 15> <II = 1> <Delay = 6.23> <FuncUnit> <Opcode : 'fsqrt'> <InPorts = 1> <OutPorts = 1>

State 41 <SV = 40> <Delay = 6.23>
ST_41 : Operation 174 [14/16] (6.23ns)   --->   "%conv = fsqrt i32 @llvm.sqrt.f32, i32 %mul3" [cpu_functions.cpp:41]   --->   Operation 174 'fsqrt' 'conv' <Predicate = true> <Delay = 6.23> <CoreInst = "FSqrt">   --->   Core 35 'FSqrt' <Latency = 15> <II = 1> <Delay = 6.23> <FuncUnit> <Opcode : 'fsqrt'> <InPorts = 1> <OutPorts = 1>

State 42 <SV = 41> <Delay = 6.23>
ST_42 : Operation 175 [13/16] (6.23ns)   --->   "%conv = fsqrt i32 @llvm.sqrt.f32, i32 %mul3" [cpu_functions.cpp:41]   --->   Operation 175 'fsqrt' 'conv' <Predicate = true> <Delay = 6.23> <CoreInst = "FSqrt">   --->   Core 35 'FSqrt' <Latency = 15> <II = 1> <Delay = 6.23> <FuncUnit> <Opcode : 'fsqrt'> <InPorts = 1> <OutPorts = 1>

State 43 <SV = 42> <Delay = 6.23>
ST_43 : Operation 176 [12/16] (6.23ns)   --->   "%conv = fsqrt i32 @llvm.sqrt.f32, i32 %mul3" [cpu_functions.cpp:41]   --->   Operation 176 'fsqrt' 'conv' <Predicate = true> <Delay = 6.23> <CoreInst = "FSqrt">   --->   Core 35 'FSqrt' <Latency = 15> <II = 1> <Delay = 6.23> <FuncUnit> <Opcode : 'fsqrt'> <InPorts = 1> <OutPorts = 1>

State 44 <SV = 43> <Delay = 6.23>
ST_44 : Operation 177 [11/16] (6.23ns)   --->   "%conv = fsqrt i32 @llvm.sqrt.f32, i32 %mul3" [cpu_functions.cpp:41]   --->   Operation 177 'fsqrt' 'conv' <Predicate = true> <Delay = 6.23> <CoreInst = "FSqrt">   --->   Core 35 'FSqrt' <Latency = 15> <II = 1> <Delay = 6.23> <FuncUnit> <Opcode : 'fsqrt'> <InPorts = 1> <OutPorts = 1>

State 45 <SV = 44> <Delay = 6.23>
ST_45 : Operation 178 [10/16] (6.23ns)   --->   "%conv = fsqrt i32 @llvm.sqrt.f32, i32 %mul3" [cpu_functions.cpp:41]   --->   Operation 178 'fsqrt' 'conv' <Predicate = true> <Delay = 6.23> <CoreInst = "FSqrt">   --->   Core 35 'FSqrt' <Latency = 15> <II = 1> <Delay = 6.23> <FuncUnit> <Opcode : 'fsqrt'> <InPorts = 1> <OutPorts = 1>

State 46 <SV = 45> <Delay = 6.23>
ST_46 : Operation 179 [9/16] (6.23ns)   --->   "%conv = fsqrt i32 @llvm.sqrt.f32, i32 %mul3" [cpu_functions.cpp:41]   --->   Operation 179 'fsqrt' 'conv' <Predicate = true> <Delay = 6.23> <CoreInst = "FSqrt">   --->   Core 35 'FSqrt' <Latency = 15> <II = 1> <Delay = 6.23> <FuncUnit> <Opcode : 'fsqrt'> <InPorts = 1> <OutPorts = 1>

State 47 <SV = 46> <Delay = 6.23>
ST_47 : Operation 180 [8/16] (6.23ns)   --->   "%conv = fsqrt i32 @llvm.sqrt.f32, i32 %mul3" [cpu_functions.cpp:41]   --->   Operation 180 'fsqrt' 'conv' <Predicate = true> <Delay = 6.23> <CoreInst = "FSqrt">   --->   Core 35 'FSqrt' <Latency = 15> <II = 1> <Delay = 6.23> <FuncUnit> <Opcode : 'fsqrt'> <InPorts = 1> <OutPorts = 1>

State 48 <SV = 47> <Delay = 6.23>
ST_48 : Operation 181 [7/16] (6.23ns)   --->   "%conv = fsqrt i32 @llvm.sqrt.f32, i32 %mul3" [cpu_functions.cpp:41]   --->   Operation 181 'fsqrt' 'conv' <Predicate = true> <Delay = 6.23> <CoreInst = "FSqrt">   --->   Core 35 'FSqrt' <Latency = 15> <II = 1> <Delay = 6.23> <FuncUnit> <Opcode : 'fsqrt'> <InPorts = 1> <OutPorts = 1>

State 49 <SV = 48> <Delay = 6.23>
ST_49 : Operation 182 [6/16] (6.23ns)   --->   "%conv = fsqrt i32 @llvm.sqrt.f32, i32 %mul3" [cpu_functions.cpp:41]   --->   Operation 182 'fsqrt' 'conv' <Predicate = true> <Delay = 6.23> <CoreInst = "FSqrt">   --->   Core 35 'FSqrt' <Latency = 15> <II = 1> <Delay = 6.23> <FuncUnit> <Opcode : 'fsqrt'> <InPorts = 1> <OutPorts = 1>

State 50 <SV = 49> <Delay = 6.23>
ST_50 : Operation 183 [5/16] (6.23ns)   --->   "%conv = fsqrt i32 @llvm.sqrt.f32, i32 %mul3" [cpu_functions.cpp:41]   --->   Operation 183 'fsqrt' 'conv' <Predicate = true> <Delay = 6.23> <CoreInst = "FSqrt">   --->   Core 35 'FSqrt' <Latency = 15> <II = 1> <Delay = 6.23> <FuncUnit> <Opcode : 'fsqrt'> <InPorts = 1> <OutPorts = 1>

State 51 <SV = 50> <Delay = 6.23>
ST_51 : Operation 184 [4/16] (6.23ns)   --->   "%conv = fsqrt i32 @llvm.sqrt.f32, i32 %mul3" [cpu_functions.cpp:41]   --->   Operation 184 'fsqrt' 'conv' <Predicate = true> <Delay = 6.23> <CoreInst = "FSqrt">   --->   Core 35 'FSqrt' <Latency = 15> <II = 1> <Delay = 6.23> <FuncUnit> <Opcode : 'fsqrt'> <InPorts = 1> <OutPorts = 1>

State 52 <SV = 51> <Delay = 6.23>
ST_52 : Operation 185 [3/16] (6.23ns)   --->   "%conv = fsqrt i32 @llvm.sqrt.f32, i32 %mul3" [cpu_functions.cpp:41]   --->   Operation 185 'fsqrt' 'conv' <Predicate = true> <Delay = 6.23> <CoreInst = "FSqrt">   --->   Core 35 'FSqrt' <Latency = 15> <II = 1> <Delay = 6.23> <FuncUnit> <Opcode : 'fsqrt'> <InPorts = 1> <OutPorts = 1>

State 53 <SV = 52> <Delay = 6.23>
ST_53 : Operation 186 [2/16] (6.23ns)   --->   "%conv = fsqrt i32 @llvm.sqrt.f32, i32 %mul3" [cpu_functions.cpp:41]   --->   Operation 186 'fsqrt' 'conv' <Predicate = true> <Delay = 6.23> <CoreInst = "FSqrt">   --->   Core 35 'FSqrt' <Latency = 15> <II = 1> <Delay = 6.23> <FuncUnit> <Opcode : 'fsqrt'> <InPorts = 1> <OutPorts = 1>

State 54 <SV = 53> <Delay = 6.23>
ST_54 : Operation 187 [1/16] (6.23ns)   --->   "%conv = fsqrt i32 @llvm.sqrt.f32, i32 %mul3" [cpu_functions.cpp:41]   --->   Operation 187 'fsqrt' 'conv' <Predicate = true> <Delay = 6.23> <CoreInst = "FSqrt">   --->   Core 35 'FSqrt' <Latency = 15> <II = 1> <Delay = 6.23> <FuncUnit> <Opcode : 'fsqrt'> <InPorts = 1> <OutPorts = 1>

State 55 <SV = 54> <Delay = 6.07>
ST_55 : Operation 188 [1/1] (0.00ns)   --->   "%acumulate_value_a_b_1_loc_load = load i32 %acumulate_value_a_b_1_loc"   --->   Operation 188 'load' 'acumulate_value_a_b_1_loc_load' <Predicate = true> <Delay = 0.00>
ST_55 : Operation 189 [16/16] (6.07ns)   --->   "%div = fdiv i32 %acumulate_value_a_b_1_loc_load, i32 %conv" [cpu_functions.cpp:41]   --->   Operation 189 'fdiv' 'div' <Predicate = true> <Delay = 6.07> <CoreInst = "FDiv">   --->   Core 20 'FDiv' <Latency = 15> <II = 1> <Delay = 6.07> <FuncUnit> <Opcode : 'fdiv' 'frem'> <InPorts = 2> <OutPorts = 1>

State 56 <SV = 55> <Delay = 6.07>
ST_56 : Operation 190 [15/16] (6.07ns)   --->   "%div = fdiv i32 %acumulate_value_a_b_1_loc_load, i32 %conv" [cpu_functions.cpp:41]   --->   Operation 190 'fdiv' 'div' <Predicate = true> <Delay = 6.07> <CoreInst = "FDiv">   --->   Core 20 'FDiv' <Latency = 15> <II = 1> <Delay = 6.07> <FuncUnit> <Opcode : 'fdiv' 'frem'> <InPorts = 2> <OutPorts = 1>

State 57 <SV = 56> <Delay = 6.07>
ST_57 : Operation 191 [14/16] (6.07ns)   --->   "%div = fdiv i32 %acumulate_value_a_b_1_loc_load, i32 %conv" [cpu_functions.cpp:41]   --->   Operation 191 'fdiv' 'div' <Predicate = true> <Delay = 6.07> <CoreInst = "FDiv">   --->   Core 20 'FDiv' <Latency = 15> <II = 1> <Delay = 6.07> <FuncUnit> <Opcode : 'fdiv' 'frem'> <InPorts = 2> <OutPorts = 1>

State 58 <SV = 57> <Delay = 6.07>
ST_58 : Operation 192 [13/16] (6.07ns)   --->   "%div = fdiv i32 %acumulate_value_a_b_1_loc_load, i32 %conv" [cpu_functions.cpp:41]   --->   Operation 192 'fdiv' 'div' <Predicate = true> <Delay = 6.07> <CoreInst = "FDiv">   --->   Core 20 'FDiv' <Latency = 15> <II = 1> <Delay = 6.07> <FuncUnit> <Opcode : 'fdiv' 'frem'> <InPorts = 2> <OutPorts = 1>

State 59 <SV = 58> <Delay = 6.07>
ST_59 : Operation 193 [12/16] (6.07ns)   --->   "%div = fdiv i32 %acumulate_value_a_b_1_loc_load, i32 %conv" [cpu_functions.cpp:41]   --->   Operation 193 'fdiv' 'div' <Predicate = true> <Delay = 6.07> <CoreInst = "FDiv">   --->   Core 20 'FDiv' <Latency = 15> <II = 1> <Delay = 6.07> <FuncUnit> <Opcode : 'fdiv' 'frem'> <InPorts = 2> <OutPorts = 1>

State 60 <SV = 59> <Delay = 6.07>
ST_60 : Operation 194 [11/16] (6.07ns)   --->   "%div = fdiv i32 %acumulate_value_a_b_1_loc_load, i32 %conv" [cpu_functions.cpp:41]   --->   Operation 194 'fdiv' 'div' <Predicate = true> <Delay = 6.07> <CoreInst = "FDiv">   --->   Core 20 'FDiv' <Latency = 15> <II = 1> <Delay = 6.07> <FuncUnit> <Opcode : 'fdiv' 'frem'> <InPorts = 2> <OutPorts = 1>

State 61 <SV = 60> <Delay = 6.07>
ST_61 : Operation 195 [10/16] (6.07ns)   --->   "%div = fdiv i32 %acumulate_value_a_b_1_loc_load, i32 %conv" [cpu_functions.cpp:41]   --->   Operation 195 'fdiv' 'div' <Predicate = true> <Delay = 6.07> <CoreInst = "FDiv">   --->   Core 20 'FDiv' <Latency = 15> <II = 1> <Delay = 6.07> <FuncUnit> <Opcode : 'fdiv' 'frem'> <InPorts = 2> <OutPorts = 1>

State 62 <SV = 61> <Delay = 6.07>
ST_62 : Operation 196 [9/16] (6.07ns)   --->   "%div = fdiv i32 %acumulate_value_a_b_1_loc_load, i32 %conv" [cpu_functions.cpp:41]   --->   Operation 196 'fdiv' 'div' <Predicate = true> <Delay = 6.07> <CoreInst = "FDiv">   --->   Core 20 'FDiv' <Latency = 15> <II = 1> <Delay = 6.07> <FuncUnit> <Opcode : 'fdiv' 'frem'> <InPorts = 2> <OutPorts = 1>

State 63 <SV = 62> <Delay = 6.07>
ST_63 : Operation 197 [8/16] (6.07ns)   --->   "%div = fdiv i32 %acumulate_value_a_b_1_loc_load, i32 %conv" [cpu_functions.cpp:41]   --->   Operation 197 'fdiv' 'div' <Predicate = true> <Delay = 6.07> <CoreInst = "FDiv">   --->   Core 20 'FDiv' <Latency = 15> <II = 1> <Delay = 6.07> <FuncUnit> <Opcode : 'fdiv' 'frem'> <InPorts = 2> <OutPorts = 1>

State 64 <SV = 63> <Delay = 6.07>
ST_64 : Operation 198 [7/16] (6.07ns)   --->   "%div = fdiv i32 %acumulate_value_a_b_1_loc_load, i32 %conv" [cpu_functions.cpp:41]   --->   Operation 198 'fdiv' 'div' <Predicate = true> <Delay = 6.07> <CoreInst = "FDiv">   --->   Core 20 'FDiv' <Latency = 15> <II = 1> <Delay = 6.07> <FuncUnit> <Opcode : 'fdiv' 'frem'> <InPorts = 2> <OutPorts = 1>

State 65 <SV = 64> <Delay = 6.07>
ST_65 : Operation 199 [6/16] (6.07ns)   --->   "%div = fdiv i32 %acumulate_value_a_b_1_loc_load, i32 %conv" [cpu_functions.cpp:41]   --->   Operation 199 'fdiv' 'div' <Predicate = true> <Delay = 6.07> <CoreInst = "FDiv">   --->   Core 20 'FDiv' <Latency = 15> <II = 1> <Delay = 6.07> <FuncUnit> <Opcode : 'fdiv' 'frem'> <InPorts = 2> <OutPorts = 1>

State 66 <SV = 65> <Delay = 6.07>
ST_66 : Operation 200 [5/16] (6.07ns)   --->   "%div = fdiv i32 %acumulate_value_a_b_1_loc_load, i32 %conv" [cpu_functions.cpp:41]   --->   Operation 200 'fdiv' 'div' <Predicate = true> <Delay = 6.07> <CoreInst = "FDiv">   --->   Core 20 'FDiv' <Latency = 15> <II = 1> <Delay = 6.07> <FuncUnit> <Opcode : 'fdiv' 'frem'> <InPorts = 2> <OutPorts = 1>

State 67 <SV = 66> <Delay = 6.07>
ST_67 : Operation 201 [4/16] (6.07ns)   --->   "%div = fdiv i32 %acumulate_value_a_b_1_loc_load, i32 %conv" [cpu_functions.cpp:41]   --->   Operation 201 'fdiv' 'div' <Predicate = true> <Delay = 6.07> <CoreInst = "FDiv">   --->   Core 20 'FDiv' <Latency = 15> <II = 1> <Delay = 6.07> <FuncUnit> <Opcode : 'fdiv' 'frem'> <InPorts = 2> <OutPorts = 1>

State 68 <SV = 67> <Delay = 6.07>
ST_68 : Operation 202 [3/16] (6.07ns)   --->   "%div = fdiv i32 %acumulate_value_a_b_1_loc_load, i32 %conv" [cpu_functions.cpp:41]   --->   Operation 202 'fdiv' 'div' <Predicate = true> <Delay = 6.07> <CoreInst = "FDiv">   --->   Core 20 'FDiv' <Latency = 15> <II = 1> <Delay = 6.07> <FuncUnit> <Opcode : 'fdiv' 'frem'> <InPorts = 2> <OutPorts = 1>

State 69 <SV = 68> <Delay = 6.07>
ST_69 : Operation 203 [2/16] (6.07ns)   --->   "%div = fdiv i32 %acumulate_value_a_b_1_loc_load, i32 %conv" [cpu_functions.cpp:41]   --->   Operation 203 'fdiv' 'div' <Predicate = true> <Delay = 6.07> <CoreInst = "FDiv">   --->   Core 20 'FDiv' <Latency = 15> <II = 1> <Delay = 6.07> <FuncUnit> <Opcode : 'fdiv' 'frem'> <InPorts = 2> <OutPorts = 1>

State 70 <SV = 69> <Delay = 6.07>
ST_70 : Operation 204 [1/1] (0.00ns)   --->   "%spectopmodule_ln20 = spectopmodule void @_ssdm_op_SpecTopModule, void @empty_1" [cpu_functions.cpp:20]   --->   Operation 204 'spectopmodule' 'spectopmodule_ln20' <Predicate = true> <Delay = 0.00>
ST_70 : Operation 205 [1/1] (0.00ns)   --->   "%specbitsmap_ln0 = specbitsmap void @_ssdm_op_SpecBitsMap, i32 %A"   --->   Operation 205 'specbitsmap' 'specbitsmap_ln0' <Predicate = true> <Delay = 0.00>
ST_70 : Operation 206 [1/1] (0.00ns)   --->   "%specinterface_ln0 = specinterface void @_ssdm_op_SpecInterface, i32 %A, void @empty, i32 0, i32 0, void @empty_0, i32 0, i32 0, void @empty_0, void @empty_0, void @empty_0, i32 0, i32 0, i32 0, i32 0, void @empty_0, void @empty_0, i32 4294967295, i32 0, i32 0, i32 0"   --->   Operation 206 'specinterface' 'specinterface_ln0' <Predicate = true> <Delay = 0.00>
ST_70 : Operation 207 [1/1] (0.00ns)   --->   "%specbitsmap_ln0 = specbitsmap void @_ssdm_op_SpecBitsMap, i32 %B"   --->   Operation 207 'specbitsmap' 'specbitsmap_ln0' <Predicate = true> <Delay = 0.00>
ST_70 : Operation 208 [1/1] (0.00ns)   --->   "%specinterface_ln0 = specinterface void @_ssdm_op_SpecInterface, i32 %B, void @empty, i32 0, i32 0, void @empty_0, i32 0, i32 0, void @empty_0, void @empty_0, void @empty_0, i32 0, i32 0, i32 0, i32 0, void @empty_0, void @empty_0, i32 4294967295, i32 0, i32 0, i32 0"   --->   Operation 208 'specinterface' 'specinterface_ln0' <Predicate = true> <Delay = 0.00>
ST_70 : Operation 209 [1/1] (0.00ns)   --->   "%specbitsmap_ln0 = specbitsmap void @_ssdm_op_SpecBitsMap, i32 %R"   --->   Operation 209 'specbitsmap' 'specbitsmap_ln0' <Predicate = true> <Delay = 0.00>
ST_70 : Operation 210 [1/1] (0.00ns)   --->   "%specinterface_ln0 = specinterface void @_ssdm_op_SpecInterface, i32 %R, void @empty, i32 0, i32 0, void @empty_0, i32 0, i32 0, void @empty_0, void @empty_0, void @empty_0, i32 0, i32 0, i32 0, i32 0, void @empty_0, void @empty_0, i32 4294967295, i32 0, i32 0, i32 0"   --->   Operation 210 'specinterface' 'specinterface_ln0' <Predicate = true> <Delay = 0.00>
ST_70 : Operation 211 [1/1] (0.00ns)   --->   "%specbitsmap_ln0 = specbitsmap void @_ssdm_op_SpecBitsMap, i32 %size"   --->   Operation 211 'specbitsmap' 'specbitsmap_ln0' <Predicate = true> <Delay = 0.00>
ST_70 : Operation 212 [1/1] (0.00ns)   --->   "%specinterface_ln0 = specinterface void @_ssdm_op_SpecInterface, i32 %size, void @empty, i32 0, i32 0, void @empty_0, i32 0, i32 0, void @empty_0, void @empty_0, void @empty_0, i32 0, i32 0, i32 0, i32 0, void @empty_0, void @empty_0, i32 4294967295, i32 0, i32 0, i32 0"   --->   Operation 212 'specinterface' 'specinterface_ln0' <Predicate = true> <Delay = 0.00>
ST_70 : Operation 213 [1/16] (6.07ns)   --->   "%div = fdiv i32 %acumulate_value_a_b_1_loc_load, i32 %conv" [cpu_functions.cpp:41]   --->   Operation 213 'fdiv' 'div' <Predicate = true> <Delay = 6.07> <CoreInst = "FDiv">   --->   Core 20 'FDiv' <Latency = 15> <II = 1> <Delay = 6.07> <FuncUnit> <Opcode : 'fdiv' 'frem'> <InPorts = 2> <OutPorts = 1>
ST_70 : Operation 214 [1/1] (0.00ns)   --->   "%bitcast_ln41 = bitcast i32 %div" [cpu_functions.cpp:41]   --->   Operation 214 'bitcast' 'bitcast_ln41' <Predicate = true> <Delay = 0.00>
ST_70 : Operation 215 [1/1] (0.00ns)   --->   "%write_ln41 = write void @_ssdm_op_Write.ap_auto.i32P0A, i32 %R, i32 %bitcast_ln41" [cpu_functions.cpp:41]   --->   Operation 215 'write' 'write_ln41' <Predicate = true> <Delay = 0.00>
ST_70 : Operation 216 [1/1] (0.00ns)   --->   "%ret_ln44 = ret" [cpu_functions.cpp:44]   --->   Operation 216 'ret' 'ret_ln44' <Predicate = true> <Delay = 0.00>


============================================================
+ Verbose Summary: Timing violations
============================================================
Target clock period: 10.000ns, clock uncertainty: 2.700ns.

 <State 1>: 6.912ns
The critical path consists of the following:
	wire read operation ('size') on port 'size' [5]  (0.000 ns)
	'mul' operation 32 bit ('mul_ln15', cpu_functions.cpp:15->cpu_functions.cpp:21) [31]  (6.912 ns)

 <State 2>: 6.912ns
The critical path consists of the following:
	'mul' operation 32 bit ('mul_ln15', cpu_functions.cpp:15->cpu_functions.cpp:21) [31]  (6.912 ns)

 <State 3>: 6.413ns
The critical path consists of the following:
	'sitofp' operation 32 bit ('conv11_i', cpu_functions.cpp:15->cpu_functions.cpp:21) [32]  (6.413 ns)

 <State 4>: 6.912ns
The critical path consists of the following:
	'mul' operation 63 bit ('mul_ln20', cpu_functions.cpp:20) [28]  (6.912 ns)

 <State 5>: 6.912ns
The critical path consists of the following:
	'mul' operation 63 bit ('mul_ln20', cpu_functions.cpp:20) [28]  (6.912 ns)

 <State 6>: 6.413ns
The critical path consists of the following:
	'sitofp' operation 32 bit ('conv11_i', cpu_functions.cpp:15->cpu_functions.cpp:21) [32]  (6.413 ns)

 <State 7>: 6.413ns
The critical path consists of the following:
	'sitofp' operation 32 bit ('conv11_i', cpu_functions.cpp:15->cpu_functions.cpp:21) [32]  (6.413 ns)

 <State 8>: 6.413ns
The critical path consists of the following:
	'sitofp' operation 32 bit ('conv11_i', cpu_functions.cpp:15->cpu_functions.cpp:21) [32]  (6.413 ns)

 <State 9>: 6.075ns
The critical path consists of the following:
	'fdiv' operation 32 bit ('mean_a_matrix', cpu_functions.cpp:15->cpu_functions.cpp:21) [39]  (6.075 ns)

 <State 10>: 6.075ns
The critical path consists of the following:
	'fdiv' operation 32 bit ('mean_a_matrix', cpu_functions.cpp:15->cpu_functions.cpp:21) [39]  (6.075 ns)

 <State 11>: 6.075ns
The critical path consists of the following:
	'fdiv' operation 32 bit ('mean_a_matrix', cpu_functions.cpp:15->cpu_functions.cpp:21) [39]  (6.075 ns)

 <State 12>: 6.075ns
The critical path consists of the following:
	'fdiv' operation 32 bit ('mean_a_matrix', cpu_functions.cpp:15->cpu_functions.cpp:21) [39]  (6.075 ns)

 <State 13>: 6.075ns
The critical path consists of the following:
	'fdiv' operation 32 bit ('mean_a_matrix', cpu_functions.cpp:15->cpu_functions.cpp:21) [39]  (6.075 ns)

 <State 14>: 6.075ns
The critical path consists of the following:
	'fdiv' operation 32 bit ('mean_a_matrix', cpu_functions.cpp:15->cpu_functions.cpp:21) [39]  (6.075 ns)

 <State 15>: 6.075ns
The critical path consists of the following:
	'fdiv' operation 32 bit ('mean_a_matrix', cpu_functions.cpp:15->cpu_functions.cpp:21) [39]  (6.075 ns)

 <State 16>: 6.075ns
The critical path consists of the following:
	'fdiv' operation 32 bit ('mean_a_matrix', cpu_functions.cpp:15->cpu_functions.cpp:21) [39]  (6.075 ns)

 <State 17>: 6.075ns
The critical path consists of the following:
	'fdiv' operation 32 bit ('mean_a_matrix', cpu_functions.cpp:15->cpu_functions.cpp:21) [39]  (6.075 ns)

 <State 18>: 6.075ns
The critical path consists of the following:
	'fdiv' operation 32 bit ('mean_a_matrix', cpu_functions.cpp:15->cpu_functions.cpp:21) [39]  (6.075 ns)

 <State 19>: 6.075ns
The critical path consists of the following:
	'fdiv' operation 32 bit ('mean_a_matrix', cpu_functions.cpp:15->cpu_functions.cpp:21) [39]  (6.075 ns)

 <State 20>: 6.075ns
The critical path consists of the following:
	'fdiv' operation 32 bit ('mean_a_matrix', cpu_functions.cpp:15->cpu_functions.cpp:21) [39]  (6.075 ns)

 <State 21>: 6.075ns
The critical path consists of the following:
	'fdiv' operation 32 bit ('mean_a_matrix', cpu_functions.cpp:15->cpu_functions.cpp:21) [39]  (6.075 ns)

 <State 22>: 6.075ns
The critical path consists of the following:
	'fdiv' operation 32 bit ('mean_a_matrix', cpu_functions.cpp:15->cpu_functions.cpp:21) [39]  (6.075 ns)

 <State 23>: 6.075ns
The critical path consists of the following:
	'fdiv' operation 32 bit ('mean_a_matrix', cpu_functions.cpp:15->cpu_functions.cpp:21) [39]  (6.075 ns)

 <State 24>: 6.075ns
The critical path consists of the following:
	'fdiv' operation 32 bit ('mean_a_matrix', cpu_functions.cpp:15->cpu_functions.cpp:21) [39]  (6.075 ns)

 <State 25>: 7.256ns
The critical path consists of the following:
	'fsub' operation 32 bit ('result_mean_a', cpu_functions.cpp:33) [42]  (7.256 ns)

 <State 26>: 7.256ns
The critical path consists of the following:
	'fsub' operation 32 bit ('result_mean_a', cpu_functions.cpp:33) [42]  (7.256 ns)

 <State 27>: 7.256ns
The critical path consists of the following:
	'fsub' operation 32 bit ('result_mean_a', cpu_functions.cpp:33) [42]  (7.256 ns)

 <State 28>: 7.256ns
The critical path consists of the following:
	'fsub' operation 32 bit ('result_mean_a', cpu_functions.cpp:33) [42]  (7.256 ns)

 <State 29>: 7.256ns
The critical path consists of the following:
	'fsub' operation 32 bit ('result_mean_a', cpu_functions.cpp:33) [42]  (7.256 ns)

 <State 30>: 5.702ns
The critical path consists of the following:
	'fmul' operation 32 bit ('mul', cpu_functions.cpp:35) [44]  (5.702 ns)

 <State 31>: 5.702ns
The critical path consists of the following:
	'fmul' operation 32 bit ('mul', cpu_functions.cpp:35) [44]  (5.702 ns)

 <State 32>: 5.702ns
The critical path consists of the following:
	'fmul' operation 32 bit ('mul', cpu_functions.cpp:35) [44]  (5.702 ns)

 <State 33>: 5.702ns
The critical path consists of the following:
	'fmul' operation 32 bit ('mul', cpu_functions.cpp:35) [44]  (5.702 ns)

 <State 34>: 0.000ns
The critical path consists of the following:

 <State 35>: 5.702ns
The critical path consists of the following:
	'load' operation 32 bit ('acumulate_value_b_b_1_loc_load') on local variable 'acumulate_value_b_b_1_loc' [48]  (0.000 ns)
	'fmul' operation 32 bit ('mul3', cpu_functions.cpp:41) [51]  (5.702 ns)

 <State 36>: 5.702ns
The critical path consists of the following:
	'fmul' operation 32 bit ('mul3', cpu_functions.cpp:41) [51]  (5.702 ns)

 <State 37>: 5.702ns
The critical path consists of the following:
	'fmul' operation 32 bit ('mul3', cpu_functions.cpp:41) [51]  (5.702 ns)

 <State 38>: 5.702ns
The critical path consists of the following:
	'fmul' operation 32 bit ('mul3', cpu_functions.cpp:41) [51]  (5.702 ns)

 <State 39>: 6.237ns
The critical path consists of the following:
	'fsqrt' operation 32 bit ('conv', cpu_functions.cpp:41) [52]  (6.237 ns)

 <State 40>: 6.237ns
The critical path consists of the following:
	'fsqrt' operation 32 bit ('conv', cpu_functions.cpp:41) [52]  (6.237 ns)

 <State 41>: 6.237ns
The critical path consists of the following:
	'fsqrt' operation 32 bit ('conv', cpu_functions.cpp:41) [52]  (6.237 ns)

 <State 42>: 6.237ns
The critical path consists of the following:
	'fsqrt' operation 32 bit ('conv', cpu_functions.cpp:41) [52]  (6.237 ns)

 <State 43>: 6.237ns
The critical path consists of the following:
	'fsqrt' operation 32 bit ('conv', cpu_functions.cpp:41) [52]  (6.237 ns)

 <State 44>: 6.237ns
The critical path consists of the following:
	'fsqrt' operation 32 bit ('conv', cpu_functions.cpp:41) [52]  (6.237 ns)

 <State 45>: 6.237ns
The critical path consists of the following:
	'fsqrt' operation 32 bit ('conv', cpu_functions.cpp:41) [52]  (6.237 ns)

 <State 46>: 6.237ns
The critical path consists of the following:
	'fsqrt' operation 32 bit ('conv', cpu_functions.cpp:41) [52]  (6.237 ns)

 <State 47>: 6.237ns
The critical path consists of the following:
	'fsqrt' operation 32 bit ('conv', cpu_functions.cpp:41) [52]  (6.237 ns)

 <State 48>: 6.237ns
The critical path consists of the following:
	'fsqrt' operation 32 bit ('conv', cpu_functions.cpp:41) [52]  (6.237 ns)

 <State 49>: 6.237ns
The critical path consists of the following:
	'fsqrt' operation 32 bit ('conv', cpu_functions.cpp:41) [52]  (6.237 ns)

 <State 50>: 6.237ns
The critical path consists of the following:
	'fsqrt' operation 32 bit ('conv', cpu_functions.cpp:41) [52]  (6.237 ns)

 <State 51>: 6.237ns
The critical path consists of the following:
	'fsqrt' operation 32 bit ('conv', cpu_functions.cpp:41) [52]  (6.237 ns)

 <State 52>: 6.237ns
The critical path consists of the following:
	'fsqrt' operation 32 bit ('conv', cpu_functions.cpp:41) [52]  (6.237 ns)

 <State 53>: 6.237ns
The critical path consists of the following:
	'fsqrt' operation 32 bit ('conv', cpu_functions.cpp:41) [52]  (6.237 ns)

 <State 54>: 6.237ns
The critical path consists of the following:
	'fsqrt' operation 32 bit ('conv', cpu_functions.cpp:41) [52]  (6.237 ns)

 <State 55>: 6.075ns
The critical path consists of the following:
	'load' operation 32 bit ('acumulate_value_a_b_1_loc_load') on local variable 'acumulate_value_a_b_1_loc' [49]  (0.000 ns)
	'fdiv' operation 32 bit ('div', cpu_functions.cpp:41) [53]  (6.075 ns)

 <State 56>: 6.075ns
The critical path consists of the following:
	'fdiv' operation 32 bit ('div', cpu_functions.cpp:41) [53]  (6.075 ns)

 <State 57>: 6.075ns
The critical path consists of the following:
	'fdiv' operation 32 bit ('div', cpu_functions.cpp:41) [53]  (6.075 ns)

 <State 58>: 6.075ns
The critical path consists of the following:
	'fdiv' operation 32 bit ('div', cpu_functions.cpp:41) [53]  (6.075 ns)

 <State 59>: 6.075ns
The critical path consists of the following:
	'fdiv' operation 32 bit ('div', cpu_functions.cpp:41) [53]  (6.075 ns)

 <State 60>: 6.075ns
The critical path consists of the following:
	'fdiv' operation 32 bit ('div', cpu_functions.cpp:41) [53]  (6.075 ns)

 <State 61>: 6.075ns
The critical path consists of the following:
	'fdiv' operation 32 bit ('div', cpu_functions.cpp:41) [53]  (6.075 ns)

 <State 62>: 6.075ns
The critical path consists of the following:
	'fdiv' operation 32 bit ('div', cpu_functions.cpp:41) [53]  (6.075 ns)

 <State 63>: 6.075ns
The critical path consists of the following:
	'fdiv' operation 32 bit ('div', cpu_functions.cpp:41) [53]  (6.075 ns)

 <State 64>: 6.075ns
The critical path consists of the following:
	'fdiv' operation 32 bit ('div', cpu_functions.cpp:41) [53]  (6.075 ns)

 <State 65>: 6.075ns
The critical path consists of the following:
	'fdiv' operation 32 bit ('div', cpu_functions.cpp:41) [53]  (6.075 ns)

 <State 66>: 6.075ns
The critical path consists of the following:
	'fdiv' operation 32 bit ('div', cpu_functions.cpp:41) [53]  (6.075 ns)

 <State 67>: 6.075ns
The critical path consists of the following:
	'fdiv' operation 32 bit ('div', cpu_functions.cpp:41) [53]  (6.075 ns)

 <State 68>: 6.075ns
The critical path consists of the following:
	'fdiv' operation 32 bit ('div', cpu_functions.cpp:41) [53]  (6.075 ns)

 <State 69>: 6.075ns
The critical path consists of the following:
	'fdiv' operation 32 bit ('div', cpu_functions.cpp:41) [53]  (6.075 ns)

 <State 70>: 6.075ns
The critical path consists of the following:
	'fdiv' operation 32 bit ('div', cpu_functions.cpp:41) [53]  (6.075 ns)


============================================================
+ Verbose Summary: Binding
============================================================
N/A
* FSMD analyzer results:
  - Output states:
 - Input state : 
  - Chain level:
	State 1
	State 2
	State 3
	State 4
	State 5
	State 6
	State 7
	State 8
	State 9
	State 10
	State 11
	State 12
	State 13
	State 14
	State 15
	State 16
	State 17
	State 18
	State 19
	State 20
	State 21
	State 22
	State 23
	State 24
	State 25
	State 26
	State 27
	State 28
	State 29
	State 30
	State 31
	State 32
	State 33
	State 34
	State 35
	State 36
	State 37
	State 38
	State 39
	State 40
	State 41
	State 42
	State 43
	State 44
	State 45
	State 46
	State 47
	State 48
	State 49
	State 50
	State 51
	State 52
	State 53
	State 54
	State 55
	State 56
	State 57
	State 58
	State 59
	State 60
	State 61
	State 62
	State 63
	State 64
	State 65
	State 66
	State 67
	State 68
	State 69
	State 70


============================================================
+ Verbose Summary: Datapath Resource usage 
============================================================
N/A
