

================================================================
== Vitis HLS Report for 'correlation_2D_Pipeline_VITIS_LOOP_31_1_VITIS_LOOP_32_2'
================================================================
* Date:           Mon May  4 23:40:55 2026

* Version:        2025.2 (Build 6295257 on Nov 14 2025)
* Project:        proj_correlation_2D
* Solution:       fsolution (Vivado IP Flow Target)
* Product family: zynq
* Target device:  xc7z020-clg484-1


================================================================
== Performance Estimates
================================================================
+ Timing: 
    * Summary: 
    +--------+----------+----------+------------+
    |  Clock |  Target  | Estimated| Uncertainty|
    +--------+----------+----------+------------+
    |ap_clk  |  10.00 ns|  7.256 ns|     2.70 ns|
    +--------+----------+----------+------------+

+ Latency: 
    * Summary: 
    +---------+---------+----------+----------+-----+-----+-------------------+
    |  Latency (cycles) |  Latency (absolute) |  Interval |      Pipeline     |
    |   min   |   max   |    min   |    max   | min | max |        Type       |
    +---------+---------+----------+----------+-----+-----+-------------------+
    |        ?|        ?|         ?|         ?|    0|    0|  loop pipeline stp|
    +---------+---------+----------+----------+-----+-----+-------------------+

    + Detail: 
        * Instance: 
        N/A

        * Loop: 
        +-----------------------------------+---------+---------+----------+-----------+-----------+------+----------+
        |                                   |  Latency (cycles) | Iteration|  Initiation Interval  | Trip |          |
        |             Loop Name             |   min   |   max   |  Latency |  achieved |   target  | Count| Pipelined|
        +-----------------------------------+---------+---------+----------+-----------+-----------+------+----------+
        |- VITIS_LOOP_31_1_VITIS_LOOP_32_2  |        ?|        ?|         9|          6|          1|     ?|       yes|
        +-----------------------------------+---------+---------+----------+-----------+-----------+------+----------+

============================================================
+ Verbose Summary: Synthesis Manager
============================================================
InlineROM: 1
ExposeGlobal: 0
============================================================
+ Verbose Summary: CDFG Model
============================================================
IsTopModel: 0
ResetActiveHigh: 1
IsCombinational: 0
IsDatapathOnly: 0
HasWiredReturn: 1
HasMFsm: 2
HasVarLatency: 1
IsPipeline: 0
IsRtlPipelined: 0
IsInstanceOverlapped: 0
IsDontTouch: 0
HasImplIP: 0
IsGatedGlobalClock: 0

+ Individual pipeline summary: 
  * Pipeline-0: initiation interval (II) = 6, depth = 10


============================================================
+ Verbose Summary: Schedule
============================================================
* Number of FSM states : 10
* Pipeline : 1
  Pipeline-0 : II = 6, D = 10, States = { 1 2 3 4 5 6 7 8 9 10 }
* Dataflow Pipeline: 0

* FSM state transitions: 
1 --> 2 
2 --> 3 
3 --> 4 
4 --> 5 
5 --> 6 
6 --> 7 
7 --> 8 
8 --> 9 
9 --> 10 
10 --> 

* FSM state operations: 

State 1 <SV = 0> <Delay = 1.58>
ST_1 : Operation 12 [1/1] (0.00ns)   --->   "%acumulate_value_a_a_1 = alloca i32 1" [cpu_functions.cpp:26]   --->   Operation 12 'alloca' 'acumulate_value_a_a_1' <Predicate = true> <Delay = 0.00>
ST_1 : Operation 13 [1/1] (0.00ns)   --->   "%acumulate_value_a_b_1 = alloca i32 1" [cpu_functions.cpp:25]   --->   Operation 13 'alloca' 'acumulate_value_a_b_1' <Predicate = true> <Delay = 0.00>
ST_1 : Operation 14 [1/1] (0.00ns)   --->   "%acumulate_value_b_b_1 = alloca i32 1" [cpu_functions.cpp:27]   --->   Operation 14 'alloca' 'acumulate_value_b_b_1' <Predicate = true> <Delay = 0.00>
ST_1 : Operation 15 [1/1] (0.00ns)   --->   "%indvar_flatten15 = alloca i32 1"   --->   Operation 15 'alloca' 'indvar_flatten15' <Predicate = true> <Delay = 0.00>
ST_1 : Operation 16 [1/1] (0.00ns)   --->   "%mul2_read = read i32 @_ssdm_op_Read.ap_auto.float, i32 %mul2"   --->   Operation 16 'read' 'mul2_read' <Predicate = true> <Delay = 0.00>
ST_1 : Operation 17 [1/1] (0.00ns)   --->   "%mul1_read = read i32 @_ssdm_op_Read.ap_auto.float, i32 %mul1"   --->   Operation 17 'read' 'mul1_read' <Predicate = true> <Delay = 0.00>
ST_1 : Operation 18 [1/1] (0.00ns)   --->   "%mul_read = read i32 @_ssdm_op_Read.ap_auto.float, i32 %mul"   --->   Operation 18 'read' 'mul_read' <Predicate = true> <Delay = 0.00>
ST_1 : Operation 19 [1/1] (0.00ns)   --->   "%mul_ln20_read = read i63 @_ssdm_op_Read.ap_auto.i63, i63 %mul_ln20"   --->   Operation 19 'read' 'mul_ln20_read' <Predicate = true> <Delay = 0.00>
ST_1 : Operation 20 [1/1] (1.58ns)   --->   "%store_ln0 = store i63 0, i63 %indvar_flatten15"   --->   Operation 20 'store' 'store_ln0' <Predicate = true> <Delay = 1.58>
ST_1 : Operation 21 [1/1] (1.58ns)   --->   "%store_ln27 = store i32 0, i32 %acumulate_value_b_b_1" [cpu_functions.cpp:27]   --->   Operation 21 'store' 'store_ln27' <Predicate = true> <Delay = 1.58>
ST_1 : Operation 22 [1/1] (1.58ns)   --->   "%store_ln25 = store i32 0, i32 %acumulate_value_a_b_1" [cpu_functions.cpp:25]   --->   Operation 22 'store' 'store_ln25' <Predicate = true> <Delay = 1.58>
ST_1 : Operation 23 [1/1] (1.58ns)   --->   "%store_ln26 = store i32 0, i32 %acumulate_value_a_a_1" [cpu_functions.cpp:26]   --->   Operation 23 'store' 'store_ln26' <Predicate = true> <Delay = 1.58>
ST_1 : Operation 24 [1/1] (0.00ns)   --->   "%br_ln0 = br void %for.inc"   --->   Operation 24 'br' 'br_ln0' <Predicate = true> <Delay = 0.00>

State 2 <SV = 1> <Delay = 3.49>
ST_2 : Operation 25 [1/1] (0.00ns)   --->   "%indvar_flatten15_load = load i63 %indvar_flatten15" [cpu_functions.cpp:31]   --->   Operation 25 'load' 'indvar_flatten15_load' <Predicate = true> <Delay = 0.00>
ST_2 : Operation 26 [1/1] (3.49ns)   --->   "%icmp_ln31 = icmp_eq  i63 %indvar_flatten15_load, i63 %mul_ln20_read" [cpu_functions.cpp:31]   --->   Operation 26 'icmp' 'icmp_ln31' <Predicate = true> <Delay = 3.49> <CoreInst = "Cmp">   --->   Core 9 'Cmp' <Latency = 0> <II = 1> <Delay = 3.49> <FuncUnit> <Opcode : 'seteq' 'setne' 'setle' 'setge' 'setlt' 'setgt'> <InPorts = 2> <OutPorts = 1>
ST_2 : Operation 27 [1/1] (3.49ns)   --->   "%add_ln31 = add i63 %indvar_flatten15_load, i63 1" [cpu_functions.cpp:31]   --->   Operation 27 'add' 'add_ln31' <Predicate = true> <Delay = 3.49> <CoreInst = "Adder">   --->   Core 1 'Adder' <Latency = 0> <II = 1> <Delay = 3.49> <FuncUnit> <Opcode : 'add' 'sub'> <InPorts = 2> <OutPorts = 1>
ST_2 : Operation 28 [1/1] (0.00ns)   --->   "%br_ln31 = br i1 %icmp_ln31, void %for.inc17, void %for.end19.exitStub" [cpu_functions.cpp:31]   --->   Operation 28 'br' 'br_ln31' <Predicate = true> <Delay = 0.00>

State 3 <SV = 2> <Delay = 7.25>
ST_3 : Operation 29 [1/1] (0.00ns)   --->   "%acumulate_value_a_b_1_load = load i32 %acumulate_value_a_b_1" [cpu_functions.cpp:35]   --->   Operation 29 'load' 'acumulate_value_a_b_1_load' <Predicate = (!icmp_ln31)> <Delay = 0.00>
ST_3 : Operation 30 [5/5] (7.25ns)   --->   "%acumulate_value_a_b = fadd i32 %acumulate_value_a_b_1_load, i32 %mul_read" [cpu_functions.cpp:35]   --->   Operation 30 'fadd' 'acumulate_value_a_b' <Predicate = (!icmp_ln31)> <Delay = 7.25> <CoreInst = "FAddSub_fulldsp">   --->   Core 18 'FAddSub_fulldsp' <Latency = 4> <II = 1> <Delay = 7.25> <FuncUnit> <Opcode : 'fadd' 'fsub'> <InPorts = 2> <OutPorts = 1>
ST_3 : Operation 31 [1/1] (1.58ns)   --->   "%store_ln31 = store i63 %add_ln31, i63 %indvar_flatten15" [cpu_functions.cpp:31]   --->   Operation 31 'store' 'store_ln31' <Predicate = (!icmp_ln31)> <Delay = 1.58>

State 4 <SV = 3> <Delay = 7.25>
ST_4 : Operation 32 [1/1] (0.00ns)   --->   "%acumulate_value_a_a_1_load = load i32 %acumulate_value_a_a_1" [cpu_functions.cpp:36]   --->   Operation 32 'load' 'acumulate_value_a_a_1_load' <Predicate = (!icmp_ln31)> <Delay = 0.00>
ST_4 : Operation 33 [4/5] (7.25ns)   --->   "%acumulate_value_a_b = fadd i32 %acumulate_value_a_b_1_load, i32 %mul_read" [cpu_functions.cpp:35]   --->   Operation 33 'fadd' 'acumulate_value_a_b' <Predicate = (!icmp_ln31)> <Delay = 7.25> <CoreInst = "FAddSub_fulldsp">   --->   Core 18 'FAddSub_fulldsp' <Latency = 4> <II = 1> <Delay = 7.25> <FuncUnit> <Opcode : 'fadd' 'fsub'> <InPorts = 2> <OutPorts = 1>
ST_4 : Operation 34 [5/5] (7.25ns)   --->   "%acumulate_value_a_a = fadd i32 %acumulate_value_a_a_1_load, i32 %mul1_read" [cpu_functions.cpp:36]   --->   Operation 34 'fadd' 'acumulate_value_a_a' <Predicate = (!icmp_ln31)> <Delay = 7.25> <CoreInst = "FAddSub_fulldsp">   --->   Core 18 'FAddSub_fulldsp' <Latency = 4> <II = 1> <Delay = 7.25> <FuncUnit> <Opcode : 'fadd' 'fsub'> <InPorts = 2> <OutPorts = 1>
ST_4 : Operation 54 [1/1] (0.00ns)   --->   "%acumulate_value_a_a_1_load_1 = load i32 %acumulate_value_a_a_1"   --->   Operation 54 'load' 'acumulate_value_a_a_1_load_1' <Predicate = (icmp_ln31)> <Delay = 0.00>
ST_4 : Operation 55 [1/1] (0.00ns)   --->   "%acumulate_value_a_b_1_load_1 = load i32 %acumulate_value_a_b_1"   --->   Operation 55 'load' 'acumulate_value_a_b_1_load_1' <Predicate = (icmp_ln31)> <Delay = 0.00>
ST_4 : Operation 56 [1/1] (0.00ns)   --->   "%acumulate_value_b_b_1_load_1 = load i32 %acumulate_value_b_b_1"   --->   Operation 56 'load' 'acumulate_value_b_b_1_load_1' <Predicate = (icmp_ln31)> <Delay = 0.00>
ST_4 : Operation 57 [1/1] (0.00ns)   --->   "%write_ln0 = write void @_ssdm_op_Write.ap_auto.floatP0A, i32 %acumulate_value_b_b_1_out, i32 %acumulate_value_b_b_1_load_1"   --->   Operation 57 'write' 'write_ln0' <Predicate = (icmp_ln31)> <Delay = 0.00>
ST_4 : Operation 58 [1/1] (0.00ns)   --->   "%write_ln0 = write void @_ssdm_op_Write.ap_auto.floatP0A, i32 %acumulate_value_a_b_1_out, i32 %acumulate_value_a_b_1_load_1"   --->   Operation 58 'write' 'write_ln0' <Predicate = (icmp_ln31)> <Delay = 0.00>
ST_4 : Operation 59 [1/1] (0.00ns)   --->   "%write_ln0 = write void @_ssdm_op_Write.ap_auto.floatP0A, i32 %acumulate_value_a_a_1_out, i32 %acumulate_value_a_a_1_load_1"   --->   Operation 59 'write' 'write_ln0' <Predicate = (icmp_ln31)> <Delay = 0.00>
ST_4 : Operation 60 [1/1] (1.58ns)   --->   "%ret_ln0 = ret"   --->   Operation 60 'ret' 'ret_ln0' <Predicate = (icmp_ln31)> <Delay = 1.58>

State 5 <SV = 4> <Delay = 7.25>
ST_5 : Operation 35 [1/1] (0.00ns)   --->   "%acumulate_value_b_b_1_load = load i32 %acumulate_value_b_b_1" [cpu_functions.cpp:37]   --->   Operation 35 'load' 'acumulate_value_b_b_1_load' <Predicate = (!icmp_ln31)> <Delay = 0.00>
ST_5 : Operation 36 [3/5] (7.25ns)   --->   "%acumulate_value_a_b = fadd i32 %acumulate_value_a_b_1_load, i32 %mul_read" [cpu_functions.cpp:35]   --->   Operation 36 'fadd' 'acumulate_value_a_b' <Predicate = (!icmp_ln31)> <Delay = 7.25> <CoreInst = "FAddSub_fulldsp">   --->   Core 18 'FAddSub_fulldsp' <Latency = 4> <II = 1> <Delay = 7.25> <FuncUnit> <Opcode : 'fadd' 'fsub'> <InPorts = 2> <OutPorts = 1>
ST_5 : Operation 37 [4/5] (7.25ns)   --->   "%acumulate_value_a_a = fadd i32 %acumulate_value_a_a_1_load, i32 %mul1_read" [cpu_functions.cpp:36]   --->   Operation 37 'fadd' 'acumulate_value_a_a' <Predicate = (!icmp_ln31)> <Delay = 7.25> <CoreInst = "FAddSub_fulldsp">   --->   Core 18 'FAddSub_fulldsp' <Latency = 4> <II = 1> <Delay = 7.25> <FuncUnit> <Opcode : 'fadd' 'fsub'> <InPorts = 2> <OutPorts = 1>
ST_5 : Operation 38 [5/5] (7.25ns)   --->   "%acumulate_value_b_b = fadd i32 %acumulate_value_b_b_1_load, i32 %mul2_read" [cpu_functions.cpp:37]   --->   Operation 38 'fadd' 'acumulate_value_b_b' <Predicate = (!icmp_ln31)> <Delay = 7.25> <CoreInst = "FAddSub_fulldsp">   --->   Core 18 'FAddSub_fulldsp' <Latency = 4> <II = 1> <Delay = 7.25> <FuncUnit> <Opcode : 'fadd' 'fsub'> <InPorts = 2> <OutPorts = 1>

State 6 <SV = 5> <Delay = 7.25>
ST_6 : Operation 39 [2/5] (7.25ns)   --->   "%acumulate_value_a_b = fadd i32 %acumulate_value_a_b_1_load, i32 %mul_read" [cpu_functions.cpp:35]   --->   Operation 39 'fadd' 'acumulate_value_a_b' <Predicate = (!icmp_ln31)> <Delay = 7.25> <CoreInst = "FAddSub_fulldsp">   --->   Core 18 'FAddSub_fulldsp' <Latency = 4> <II = 1> <Delay = 7.25> <FuncUnit> <Opcode : 'fadd' 'fsub'> <InPorts = 2> <OutPorts = 1>
ST_6 : Operation 40 [3/5] (7.25ns)   --->   "%acumulate_value_a_a = fadd i32 %acumulate_value_a_a_1_load, i32 %mul1_read" [cpu_functions.cpp:36]   --->   Operation 40 'fadd' 'acumulate_value_a_a' <Predicate = (!icmp_ln31)> <Delay = 7.25> <CoreInst = "FAddSub_fulldsp">   --->   Core 18 'FAddSub_fulldsp' <Latency = 4> <II = 1> <Delay = 7.25> <FuncUnit> <Opcode : 'fadd' 'fsub'> <InPorts = 2> <OutPorts = 1>
ST_6 : Operation 41 [4/5] (7.25ns)   --->   "%acumulate_value_b_b = fadd i32 %acumulate_value_b_b_1_load, i32 %mul2_read" [cpu_functions.cpp:37]   --->   Operation 41 'fadd' 'acumulate_value_b_b' <Predicate = (!icmp_ln31)> <Delay = 7.25> <CoreInst = "FAddSub_fulldsp">   --->   Core 18 'FAddSub_fulldsp' <Latency = 4> <II = 1> <Delay = 7.25> <FuncUnit> <Opcode : 'fadd' 'fsub'> <InPorts = 2> <OutPorts = 1>

State 7 <SV = 6> <Delay = 7.25>
ST_7 : Operation 42 [1/5] (7.25ns)   --->   "%acumulate_value_a_b = fadd i32 %acumulate_value_a_b_1_load, i32 %mul_read" [cpu_functions.cpp:35]   --->   Operation 42 'fadd' 'acumulate_value_a_b' <Predicate = (!icmp_ln31)> <Delay = 7.25> <CoreInst = "FAddSub_fulldsp">   --->   Core 18 'FAddSub_fulldsp' <Latency = 4> <II = 1> <Delay = 7.25> <FuncUnit> <Opcode : 'fadd' 'fsub'> <InPorts = 2> <OutPorts = 1>
ST_7 : Operation 43 [2/5] (7.25ns)   --->   "%acumulate_value_a_a = fadd i32 %acumulate_value_a_a_1_load, i32 %mul1_read" [cpu_functions.cpp:36]   --->   Operation 43 'fadd' 'acumulate_value_a_a' <Predicate = (!icmp_ln31)> <Delay = 7.25> <CoreInst = "FAddSub_fulldsp">   --->   Core 18 'FAddSub_fulldsp' <Latency = 4> <II = 1> <Delay = 7.25> <FuncUnit> <Opcode : 'fadd' 'fsub'> <InPorts = 2> <OutPorts = 1>
ST_7 : Operation 44 [3/5] (7.25ns)   --->   "%acumulate_value_b_b = fadd i32 %acumulate_value_b_b_1_load, i32 %mul2_read" [cpu_functions.cpp:37]   --->   Operation 44 'fadd' 'acumulate_value_b_b' <Predicate = (!icmp_ln31)> <Delay = 7.25> <CoreInst = "FAddSub_fulldsp">   --->   Core 18 'FAddSub_fulldsp' <Latency = 4> <II = 1> <Delay = 7.25> <FuncUnit> <Opcode : 'fadd' 'fsub'> <InPorts = 2> <OutPorts = 1>

State 8 <SV = 7> <Delay = 7.25>
ST_8 : Operation 45 [1/5] (7.25ns)   --->   "%acumulate_value_a_a = fadd i32 %acumulate_value_a_a_1_load, i32 %mul1_read" [cpu_functions.cpp:36]   --->   Operation 45 'fadd' 'acumulate_value_a_a' <Predicate = true> <Delay = 7.25> <CoreInst = "FAddSub_fulldsp">   --->   Core 18 'FAddSub_fulldsp' <Latency = 4> <II = 1> <Delay = 7.25> <FuncUnit> <Opcode : 'fadd' 'fsub'> <InPorts = 2> <OutPorts = 1>
ST_8 : Operation 46 [2/5] (7.25ns)   --->   "%acumulate_value_b_b = fadd i32 %acumulate_value_b_b_1_load, i32 %mul2_read" [cpu_functions.cpp:37]   --->   Operation 46 'fadd' 'acumulate_value_b_b' <Predicate = true> <Delay = 7.25> <CoreInst = "FAddSub_fulldsp">   --->   Core 18 'FAddSub_fulldsp' <Latency = 4> <II = 1> <Delay = 7.25> <FuncUnit> <Opcode : 'fadd' 'fsub'> <InPorts = 2> <OutPorts = 1>
ST_8 : Operation 47 [1/1] (1.58ns)   --->   "%store_ln25 = store i32 %acumulate_value_a_b, i32 %acumulate_value_a_b_1" [cpu_functions.cpp:25]   --->   Operation 47 'store' 'store_ln25' <Predicate = true> <Delay = 1.58>

State 9 <SV = 8> <Delay = 7.25>
ST_9 : Operation 48 [1/5] (7.25ns)   --->   "%acumulate_value_b_b = fadd i32 %acumulate_value_b_b_1_load, i32 %mul2_read" [cpu_functions.cpp:37]   --->   Operation 48 'fadd' 'acumulate_value_b_b' <Predicate = true> <Delay = 7.25> <CoreInst = "FAddSub_fulldsp">   --->   Core 18 'FAddSub_fulldsp' <Latency = 4> <II = 1> <Delay = 7.25> <FuncUnit> <Opcode : 'fadd' 'fsub'> <InPorts = 2> <OutPorts = 1>
ST_9 : Operation 49 [1/1] (1.58ns)   --->   "%store_ln26 = store i32 %acumulate_value_a_a, i32 %acumulate_value_a_a_1" [cpu_functions.cpp:26]   --->   Operation 49 'store' 'store_ln26' <Predicate = true> <Delay = 1.58>

State 10 <SV = 9> <Delay = 1.58>
ST_10 : Operation 50 [1/1] (0.00ns)   --->   "%specloopname_ln0 = specloopname void @_ssdm_op_SpecLoopName, void @VITIS_LOOP_31_1_VITIS_LOOP_32_2_str"   --->   Operation 50 'specloopname' 'specloopname_ln0' <Predicate = true> <Delay = 0.00>
ST_10 : Operation 51 [1/1] (0.00ns)   --->   "%specpipeline_ln26 = specpipeline void @_ssdm_op_SpecPipeline, i32 4294967295, i32 0, i32 0, i32 0, i32 4294967295, void @empty_0" [cpu_functions.cpp:26]   --->   Operation 51 'specpipeline' 'specpipeline_ln26' <Predicate = true> <Delay = 0.00>
ST_10 : Operation 52 [1/1] (1.58ns)   --->   "%store_ln27 = store i32 %acumulate_value_b_b, i32 %acumulate_value_b_b_1" [cpu_functions.cpp:27]   --->   Operation 52 'store' 'store_ln27' <Predicate = true> <Delay = 1.58>
ST_10 : Operation 53 [1/1] (0.00ns)   --->   "%br_ln32 = br void %for.inc" [cpu_functions.cpp:32]   --->   Operation 53 'br' 'br_ln32' <Predicate = true> <Delay = 0.00>


============================================================
+ Verbose Summary: Binding
============================================================
STG Binding: 
---------------- STG Properties BEGIN ----------------
- Is combinational: 0
- Is one-state seq: 0
- Is datapath-only: 0
- Is pipelined: 0
- Is top level: 0
Port [ Return ] is wired: 1; IO mode=ap_ctrl_hs:ce=0
Port [ mul_ln20]:  wired=1; compound=0; hidden=0; nouse=0; global=0; static=0; extern=0; dir=0; type=0; pingpong=0; private_global=0; IO mode=ap_none:ce=0
Port [ mul]:  wired=1; compound=0; hidden=0; nouse=0; global=0; static=0; extern=0; dir=0; type=0; pingpong=0; private_global=0; IO mode=ap_none:ce=0
Port [ mul1]:  wired=1; compound=0; hidden=0; nouse=0; global=0; static=0; extern=0; dir=0; type=0; pingpong=0; private_global=0; IO mode=ap_none:ce=0
Port [ mul2]:  wired=1; compound=0; hidden=0; nouse=0; global=0; static=0; extern=0; dir=0; type=0; pingpong=0; private_global=0; IO mode=ap_none:ce=0
Port [ acumulate_value_b_b_1_out]:  wired=1; compound=0; hidden=0; nouse=0; global=0; static=0; extern=0; dir=1; type=0; pingpong=0; private_global=0; IO mode=ap_vld:ce=0
Port [ acumulate_value_a_b_1_out]:  wired=1; compound=0; hidden=0; nouse=0; global=0; static=0; extern=0; dir=1; type=0; pingpong=0; private_global=0; IO mode=ap_vld:ce=0
Port [ acumulate_value_a_a_1_out]:  wired=1; compound=0; hidden=0; nouse=0; global=0; static=0; extern=0; dir=1; type=0; pingpong=0; private_global=0; IO mode=ap_vld:ce=0
---------------- STG Properties END ------------------

---------------- Datapath Model BEGIN ----------------

<LifeTime>
<method=bitvector/>
acumulate_value_a_a_1        (alloca      ) [ 01111111110]
acumulate_value_a_b_1        (alloca      ) [ 01111111100]
acumulate_value_b_b_1        (alloca      ) [ 01111111111]
indvar_flatten15             (alloca      ) [ 01110000000]
mul2_read                    (read        ) [ 01111111110]
mul1_read                    (read        ) [ 01111111100]
mul_read                     (read        ) [ 01111111000]
mul_ln20_read                (read        ) [ 00100000000]
store_ln0                    (store       ) [ 00000000000]
store_ln27                   (store       ) [ 00000000000]
store_ln25                   (store       ) [ 00000000000]
store_ln26                   (store       ) [ 00000000000]
br_ln0                       (br          ) [ 00000000000]
indvar_flatten15_load        (load        ) [ 00000000000]
icmp_ln31                    (icmp        ) [ 01011111000]
add_ln31                     (add         ) [ 00010000000]
br_ln31                      (br          ) [ 00000000000]
acumulate_value_a_b_1_load   (load        ) [ 01001111000]
store_ln31                   (store       ) [ 00000000000]
acumulate_value_a_a_1_load   (load        ) [ 01100111100]
acumulate_value_b_b_1_load   (load        ) [ 01110011110]
acumulate_value_a_b          (fadd        ) [ 00100000100]
acumulate_value_a_a          (fadd        ) [ 00010000010]
store_ln25                   (store       ) [ 00000000000]
acumulate_value_b_b          (fadd        ) [ 00001000001]
store_ln26                   (store       ) [ 00000000000]
specloopname_ln0             (specloopname) [ 00000000000]
specpipeline_ln26            (specpipeline) [ 00000000000]
store_ln27                   (store       ) [ 00000000000]
br_ln32                      (br          ) [ 00000000000]
acumulate_value_a_a_1_load_1 (load        ) [ 00000000000]
acumulate_value_a_b_1_load_1 (load        ) [ 00000000000]
acumulate_value_b_b_1_load_1 (load        ) [ 00000000000]
write_ln0                    (write       ) [ 00000000000]
write_ln0                    (write       ) [ 00000000000]
write_ln0                    (write       ) [ 00000000000]
ret_ln0                      (ret         ) [ 00000000000]
</LifeTime>

<model>

<comp_list>
<comp id="0" class="1000" name="mul_ln20">
<pin_list>
<pin id="1" dir="1" index="0" bw="1" slack="0"/>
</pin_list>
<bind>
<StgValue><ssdm name="mul_ln20"/></StgValue>
</bind>
</comp>

<comp id="2" class="1000" name="mul">
<pin_list>
<pin id="3" dir="1" index="0" bw="1" slack="0"/>
</pin_list>
<bind>
<StgValue><ssdm name="mul"/></StgValue>
</bind>
</comp>

<comp id="4" class="1000" name="mul1">
<pin_list>
<pin id="5" dir="1" index="0" bw="1" slack="0"/>
</pin_list>
<bind>
<StgValue><ssdm name="mul1"/></StgValue>
</bind>
</comp>

<comp id="6" class="1000" name="mul2">
<pin_list>
<pin id="7" dir="1" index="0" bw="1" slack="0"/>
</pin_list>
<bind>
<StgValue><ssdm name="mul2"/></StgValue>
</bind>
</comp>

<comp id="8" class="1000" name="acumulate_value_b_b_1_out">
<pin_list>
<pin id="9" dir="1" index="0" bw="1" slack="0"/>
</pin_list>
<bind>
<StgValue><ssdm name="acumulate_value_b_b_1_out"/></StgValue>
</bind>
</comp>

<comp id="10" class="1000" name="acumulate_value_a_b_1_out">
<pin_list>
<pin id="11" dir="1" index="0" bw="1" slack="0"/>
</pin_list>
<bind>
<StgValue><ssdm name="acumulate_value_a_b_1_out"/></StgValue>
</bind>
</comp>

<comp id="12" class="1000" name="acumulate_value_a_a_1_out">
<pin_list>
<pin id="13" dir="1" index="0" bw="1" slack="0"/>
</pin_list>
<bind>
<StgValue><ssdm name="acumulate_value_a_a_1_out"/></StgValue>
</bind>
</comp>

<comp id="14" class="1001" name="const_14">
<pin_list>
<pin id="15" dir="1" index="0" bw="1" slack="0"/>
</pin_list>
<bind>
<StgValue><ssdm name=""/></StgValue>
</bind>
</comp>

<comp id="16" class="1001" name="const_16">
<pin_list>
<pin id="17" dir="1" index="0" bw="1" slack="0"/>
</pin_list>
<bind>
<StgValue><ssdm name="_ssdm_op_Read.ap_auto.float"/></StgValue>
</bind>
</comp>

<comp id="18" class="1001" name="const_18">
<pin_list>
<pin id="19" dir="1" index="0" bw="1" slack="0"/>
</pin_list>
<bind>
<StgValue><ssdm name="_ssdm_op_Read.ap_auto.i63"/></StgValue>
</bind>
</comp>

<comp id="20" class="1001" name="const_20">
<pin_list>
<pin id="21" dir="1" index="0" bw="1" slack="0"/>
</pin_list>
<bind>
<StgValue><ssdm name=""/></StgValue>
</bind>
</comp>

<comp id="22" class="1001" name="const_22">
<pin_list>
<pin id="23" dir="1" index="0" bw="1" slack="0"/>
</pin_list>
<bind>
<StgValue><ssdm name=""/></StgValue>
</bind>
</comp>

<comp id="24" class="1001" name="const_24">
<pin_list>
<pin id="25" dir="1" index="0" bw="1" slack="0"/>
</pin_list>
<bind>
<StgValue><ssdm name=""/></StgValue>
</bind>
</comp>

<comp id="26" class="1001" name="const_26">
<pin_list>
<pin id="27" dir="1" index="0" bw="1" slack="2147483647"/>
</pin_list>
<bind>
<StgValue><ssdm name="_ssdm_op_SpecLoopName"/></StgValue>
</bind>
</comp>

<comp id="28" class="1001" name="const_28">
<pin_list>
<pin id="29" dir="1" index="0" bw="1" slack="2147483647"/>
</pin_list>
<bind>
<StgValue><ssdm name="VITIS_LOOP_31_1_VITIS_LOOP_32_2_str"/></StgValue>
</bind>
</comp>

<comp id="30" class="1001" name="const_30">
<pin_list>
<pin id="31" dir="1" index="0" bw="1" slack="2147483647"/>
</pin_list>
<bind>
<StgValue><ssdm name="_ssdm_op_SpecPipeline"/></StgValue>
</bind>
</comp>

<comp id="32" class="1001" name="const_32">
<pin_list>
<pin id="33" dir="1" index="0" bw="1" slack="2147483647"/>
</pin_list>
<bind>
<StgValue><ssdm name=""/></StgValue>
</bind>
</comp>

<comp id="34" class="1001" name="const_34">
<pin_list>
<pin id="35" dir="1" index="0" bw="1" slack="2147483647"/>
</pin_list>
<bind>
<StgValue><ssdm name=""/></StgValue>
</bind>
</comp>

<comp id="36" class="1001" name="const_36">
<pin_list>
<pin id="37" dir="1" index="0" bw="1" slack="2147483647"/>
</pin_list>
<bind>
<StgValue><ssdm name="empty_0"/></StgValue>
</bind>
</comp>

<comp id="38" class="1001" name="const_38">
<pin_list>
<pin id="39" dir="1" index="0" bw="1" slack="0"/>
</pin_list>
<bind>
<StgValue><ssdm name="_ssdm_op_Write.ap_auto.floatP0A"/></StgValue>
</bind>
</comp>

<comp id="40" class="1004" name="acumulate_value_a_a_1_fu_40">
<pin_list>
<pin id="41" dir="0" index="0" bw="1" slack="0"/>
<pin id="42" dir="1" index="1" bw="32" slack="0"/>
</pin_list>
<bind>
<opcode="alloca(26) " fcode="alloca"/>
<opset="acumulate_value_a_a_1/1 "/>
</bind>
</comp>

<comp id="44" class="1004" name="acumulate_value_a_b_1_fu_44">
<pin_list>
<pin id="45" dir="0" index="0" bw="1" slack="0"/>
<pin id="46" dir="1" index="1" bw="32" slack="0"/>
</pin_list>
<bind>
<opcode="alloca(26) " fcode="alloca"/>
<opset="acumulate_value_a_b_1/1 "/>
</bind>
</comp>

<comp id="48" class="1004" name="acumulate_value_b_b_1_fu_48">
<pin_list>
<pin id="49" dir="0" index="0" bw="1" slack="0"/>
<pin id="50" dir="1" index="1" bw="32" slack="0"/>
</pin_list>
<bind>
<opcode="alloca(26) " fcode="alloca"/>
<opset="acumulate_value_b_b_1/1 "/>
</bind>
</comp>

<comp id="52" class="1004" name="indvar_flatten15_fu_52">
<pin_list>
<pin id="53" dir="0" index="0" bw="1" slack="0"/>
<pin id="54" dir="1" index="1" bw="63" slack="0"/>
</pin_list>
<bind>
<opcode="alloca(26) " fcode="alloca"/>
<opset="indvar_flatten15/1 "/>
</bind>
</comp>

<comp id="56" class="1004" name="mul2_read_read_fu_56">
<pin_list>
<pin id="57" dir="0" index="0" bw="32" slack="0"/>
<pin id="58" dir="0" index="1" bw="32" slack="0"/>
<pin id="59" dir="1" index="2" bw="32" slack="4"/>
</pin_list>
<bind>
<opcode="read(1150) " fcode="read"/>
<opset="mul2_read/1 "/>
</bind>
</comp>

<comp id="62" class="1004" name="mul1_read_read_fu_62">
<pin_list>
<pin id="63" dir="0" index="0" bw="32" slack="0"/>
<pin id="64" dir="0" index="1" bw="32" slack="0"/>
<pin id="65" dir="1" index="2" bw="32" slack="3"/>
</pin_list>
<bind>
<opcode="read(1150) " fcode="read"/>
<opset="mul1_read/1 "/>
</bind>
</comp>

<comp id="68" class="1004" name="mul_read_read_fu_68">
<pin_list>
<pin id="69" dir="0" index="0" bw="32" slack="0"/>
<pin id="70" dir="0" index="1" bw="32" slack="0"/>
<pin id="71" dir="1" index="2" bw="32" slack="2"/>
</pin_list>
<bind>
<opcode="read(1150) " fcode="read"/>
<opset="mul_read/1 "/>
</bind>
</comp>

<comp id="74" class="1004" name="mul_ln20_read_read_fu_74">
<pin_list>
<pin id="75" dir="0" index="0" bw="63" slack="0"/>
<pin id="76" dir="0" index="1" bw="63" slack="0"/>
<pin id="77" dir="1" index="2" bw="63" slack="1"/>
</pin_list>
<bind>
<opcode="read(1150) " fcode="read"/>
<opset="mul_ln20_read/1 "/>
</bind>
</comp>

<comp id="80" class="1004" name="write_ln0_write_fu_80">
<pin_list>
<pin id="81" dir="0" index="0" bw="0" slack="0"/>
<pin id="82" dir="0" index="1" bw="32" slack="0"/>
<pin id="83" dir="0" index="2" bw="32" slack="0"/>
<pin id="84" dir="1" index="3" bw="0" slack="2147483647"/>
</pin_list>
<bind>
<opcode="write(1151) " fcode="write"/>
<opset="write_ln0/4 "/>
</bind>
</comp>

<comp id="87" class="1004" name="write_ln0_write_fu_87">
<pin_list>
<pin id="88" dir="0" index="0" bw="0" slack="0"/>
<pin id="89" dir="0" index="1" bw="32" slack="0"/>
<pin id="90" dir="0" index="2" bw="32" slack="0"/>
<pin id="91" dir="1" index="3" bw="0" slack="2147483647"/>
</pin_list>
<bind>
<opcode="write(1151) " fcode="write"/>
<opset="write_ln0/4 "/>
</bind>
</comp>

<comp id="94" class="1004" name="write_ln0_write_fu_94">
<pin_list>
<pin id="95" dir="0" index="0" bw="0" slack="0"/>
<pin id="96" dir="0" index="1" bw="32" slack="0"/>
<pin id="97" dir="0" index="2" bw="32" slack="0"/>
<pin id="98" dir="1" index="3" bw="0" slack="2147483647"/>
</pin_list>
<bind>
<opcode="write(1151) " fcode="write"/>
<opset="write_ln0/4 "/>
</bind>
</comp>

<comp id="101" class="1004" name="grp_fu_101">
<pin_list>
<pin id="102" dir="0" index="0" bw="32" slack="0"/>
<pin id="103" dir="0" index="1" bw="32" slack="2"/>
<pin id="104" dir="1" index="2" bw="32" slack="1"/>
</pin_list>
<bind>
<opcode="fadd(9) " fcode="fadd"/>
<opset="acumulate_value_a_b/3 acumulate_value_a_a/4 acumulate_value_b_b/5 "/>
</bind>
</comp>

<comp id="105" class="1005" name="reg_105">
<pin_list>
<pin id="106" dir="0" index="0" bw="32" slack="1"/>
<pin id="107" dir="1" index="1" bw="32" slack="1"/>
</pin_list>
<bind>
<opset="acumulate_value_a_b acumulate_value_a_a acumulate_value_b_b "/>
</bind>
</comp>

<comp id="109" class="1004" name="store_ln0_store_fu_109">
<pin_list>
<pin id="110" dir="0" index="0" bw="1" slack="0"/>
<pin id="111" dir="0" index="1" bw="63" slack="0"/>
<pin id="112" dir="1" index="2" bw="0" slack="2147483647"/>
</pin_list>
<bind>
<opcode="store(28) " fcode="store"/>
<opset="store_ln0/1 "/>
</bind>
</comp>

<comp id="114" class="1004" name="store_ln27_store_fu_114">
<pin_list>
<pin id="115" dir="0" index="0" bw="32" slack="0"/>
<pin id="116" dir="0" index="1" bw="32" slack="0"/>
<pin id="117" dir="1" index="2" bw="0" slack="2147483647"/>
</pin_list>
<bind>
<opcode="store(28) " fcode="store"/>
<opset="store_ln27/1 "/>
</bind>
</comp>

<comp id="119" class="1004" name="store_ln25_store_fu_119">
<pin_list>
<pin id="120" dir="0" index="0" bw="32" slack="0"/>
<pin id="121" dir="0" index="1" bw="32" slack="0"/>
<pin id="122" dir="1" index="2" bw="0" slack="2147483647"/>
</pin_list>
<bind>
<opcode="store(28) " fcode="store"/>
<opset="store_ln25/1 "/>
</bind>
</comp>

<comp id="124" class="1004" name="store_ln26_store_fu_124">
<pin_list>
<pin id="125" dir="0" index="0" bw="32" slack="0"/>
<pin id="126" dir="0" index="1" bw="32" slack="0"/>
<pin id="127" dir="1" index="2" bw="0" slack="2147483647"/>
</pin_list>
<bind>
<opcode="store(28) " fcode="store"/>
<opset="store_ln26/1 "/>
</bind>
</comp>

<comp id="129" class="1004" name="indvar_flatten15_load_load_fu_129">
<pin_list>
<pin id="130" dir="0" index="0" bw="63" slack="1"/>
<pin id="131" dir="1" index="1" bw="63" slack="0"/>
</pin_list>
<bind>
<opcode="load(27) " fcode="load"/>
<opset="indvar_flatten15_load/2 "/>
</bind>
</comp>

<comp id="132" class="1004" name="icmp_ln31_fu_132">
<pin_list>
<pin id="133" dir="0" index="0" bw="63" slack="0"/>
<pin id="134" dir="0" index="1" bw="63" slack="1"/>
<pin id="135" dir="1" index="2" bw="1" slack="1"/>
</pin_list>
<bind>
<opcode="icmp(45) " fcode="icmp"/>
<opset="icmp_ln31/2 "/>
</bind>
</comp>

<comp id="137" class="1004" name="add_ln31_fu_137">
<pin_list>
<pin id="138" dir="0" index="0" bw="63" slack="0"/>
<pin id="139" dir="0" index="1" bw="1" slack="0"/>
<pin id="140" dir="1" index="2" bw="63" slack="1"/>
</pin_list>
<bind>
<opcode="add(8) " fcode="add"/>
<opset="add_ln31/2 "/>
</bind>
</comp>

<comp id="143" class="1004" name="acumulate_value_a_b_1_load_load_fu_143">
<pin_list>
<pin id="144" dir="0" index="0" bw="32" slack="2"/>
<pin id="145" dir="1" index="1" bw="32" slack="0"/>
</pin_list>
<bind>
<opcode="load(27) " fcode="load"/>
<opset="acumulate_value_a_b_1_load/3 "/>
</bind>
</comp>

<comp id="147" class="1004" name="store_ln31_store_fu_147">
<pin_list>
<pin id="148" dir="0" index="0" bw="63" slack="1"/>
<pin id="149" dir="0" index="1" bw="63" slack="2"/>
<pin id="150" dir="1" index="2" bw="0" slack="2147483647"/>
</pin_list>
<bind>
<opcode="store(28) " fcode="store"/>
<opset="store_ln31/3 "/>
</bind>
</comp>

<comp id="151" class="1004" name="acumulate_value_a_a_1_load_load_fu_151">
<pin_list>
<pin id="152" dir="0" index="0" bw="32" slack="3"/>
<pin id="153" dir="1" index="1" bw="32" slack="0"/>
</pin_list>
<bind>
<opcode="load(27) " fcode="load"/>
<opset="acumulate_value_a_a_1_load/4 "/>
</bind>
</comp>

<comp id="155" class="1004" name="acumulate_value_b_b_1_load_load_fu_155">
<pin_list>
<pin id="156" dir="0" index="0" bw="32" slack="4"/>
<pin id="157" dir="1" index="1" bw="32" slack="0"/>
</pin_list>
<bind>
<opcode="load(27) " fcode="load"/>
<opset="acumulate_value_b_b_1_load/5 "/>
</bind>
</comp>

<comp id="159" class="1004" name="store_ln25_store_fu_159">
<pin_list>
<pin id="160" dir="0" index="0" bw="32" slack="1"/>
<pin id="161" dir="0" index="1" bw="32" slack="7"/>
<pin id="162" dir="1" index="2" bw="0" slack="2147483647"/>
</pin_list>
<bind>
<opcode="store(28) " fcode="store"/>
<opset="store_ln25/8 "/>
</bind>
</comp>

<comp id="164" class="1004" name="store_ln26_store_fu_164">
<pin_list>
<pin id="165" dir="0" index="0" bw="32" slack="1"/>
<pin id="166" dir="0" index="1" bw="32" slack="8"/>
<pin id="167" dir="1" index="2" bw="0" slack="2147483647"/>
</pin_list>
<bind>
<opcode="store(28) " fcode="store"/>
<opset="store_ln26/9 "/>
</bind>
</comp>

<comp id="169" class="1004" name="store_ln27_store_fu_169">
<pin_list>
<pin id="170" dir="0" index="0" bw="32" slack="1"/>
<pin id="171" dir="0" index="1" bw="32" slack="9"/>
<pin id="172" dir="1" index="2" bw="0" slack="2147483647"/>
</pin_list>
<bind>
<opcode="store(28) " fcode="store"/>
<opset="store_ln27/10 "/>
</bind>
</comp>

<comp id="174" class="1004" name="acumulate_value_a_a_1_load_1_load_fu_174">
<pin_list>
<pin id="175" dir="0" index="0" bw="32" slack="3"/>
<pin id="176" dir="1" index="1" bw="32" slack="0"/>
</pin_list>
<bind>
<opcode="load(27) " fcode="load"/>
<opset="acumulate_value_a_a_1_load_1/4 "/>
</bind>
</comp>

<comp id="178" class="1004" name="acumulate_value_a_b_1_load_1_load_fu_178">
<pin_list>
<pin id="179" dir="0" index="0" bw="32" slack="3"/>
<pin id="180" dir="1" index="1" bw="32" slack="0"/>
</pin_list>
<bind>
<opcode="load(27) " fcode="load"/>
<opset="acumulate_value_a_b_1_load_1/4 "/>
</bind>
</comp>

<comp id="182" class="1004" name="acumulate_value_b_b_1_load_1_load_fu_182">
<pin_list>
<pin id="183" dir="0" index="0" bw="32" slack="3"/>
<pin id="184" dir="1" index="1" bw="32" slack="0"/>
</pin_list>
<bind>
<opcode="load(27) " fcode="load"/>
<opset="acumulate_value_b_b_1_load_1/4 "/>
</bind>
</comp>

<comp id="186" class="1005" name="acumulate_value_a_a_1_reg_186">
<pin_list>
<pin id="187" dir="0" index="0" bw="32" slack="0"/>
<pin id="188" dir="1" index="1" bw="32" slack="0"/>
</pin_list>
<bind>
<opset="acumulate_value_a_a_1 "/>
</bind>
</comp>

<comp id="194" class="1005" name="acumulate_value_a_b_1_reg_194">
<pin_list>
<pin id="195" dir="0" index="0" bw="32" slack="0"/>
<pin id="196" dir="1" index="1" bw="32" slack="0"/>
</pin_list>
<bind>
<opset="acumulate_value_a_b_1 "/>
</bind>
</comp>

<comp id="202" class="1005" name="acumulate_value_b_b_1_reg_202">
<pin_list>
<pin id="203" dir="0" index="0" bw="32" slack="0"/>
<pin id="204" dir="1" index="1" bw="32" slack="0"/>
</pin_list>
<bind>
<opset="acumulate_value_b_b_1 "/>
</bind>
</comp>

<comp id="210" class="1005" name="indvar_flatten15_reg_210">
<pin_list>
<pin id="211" dir="0" index="0" bw="63" slack="0"/>
<pin id="212" dir="1" index="1" bw="63" slack="0"/>
</pin_list>
<bind>
<opset="indvar_flatten15 "/>
</bind>
</comp>

<comp id="217" class="1005" name="mul2_read_reg_217">
<pin_list>
<pin id="218" dir="0" index="0" bw="32" slack="4"/>
<pin id="219" dir="1" index="1" bw="32" slack="4"/>
</pin_list>
<bind>
<opset="mul2_read "/>
</bind>
</comp>

<comp id="222" class="1005" name="mul1_read_reg_222">
<pin_list>
<pin id="223" dir="0" index="0" bw="32" slack="3"/>
<pin id="224" dir="1" index="1" bw="32" slack="3"/>
</pin_list>
<bind>
<opset="mul1_read "/>
</bind>
</comp>

<comp id="227" class="1005" name="mul_read_reg_227">
<pin_list>
<pin id="228" dir="0" index="0" bw="32" slack="2"/>
<pin id="229" dir="1" index="1" bw="32" slack="2"/>
</pin_list>
<bind>
<opset="mul_read "/>
</bind>
</comp>

<comp id="232" class="1005" name="mul_ln20_read_reg_232">
<pin_list>
<pin id="233" dir="0" index="0" bw="63" slack="1"/>
<pin id="234" dir="1" index="1" bw="63" slack="1"/>
</pin_list>
<bind>
<opset="mul_ln20_read "/>
</bind>
</comp>

<comp id="237" class="1005" name="icmp_ln31_reg_237">
<pin_list>
<pin id="238" dir="0" index="0" bw="1" slack="1"/>
<pin id="239" dir="1" index="1" bw="1" slack="2147483647"/>
</pin_list>
<bind>
<opset="icmp_ln31 "/>
</bind>
</comp>

<comp id="241" class="1005" name="add_ln31_reg_241">
<pin_list>
<pin id="242" dir="0" index="0" bw="63" slack="1"/>
<pin id="243" dir="1" index="1" bw="63" slack="1"/>
</pin_list>
<bind>
<opset="add_ln31 "/>
</bind>
</comp>

<comp id="246" class="1005" name="acumulate_value_a_b_1_load_reg_246">
<pin_list>
<pin id="247" dir="0" index="0" bw="32" slack="1"/>
<pin id="248" dir="1" index="1" bw="32" slack="1"/>
</pin_list>
<bind>
<opset="acumulate_value_a_b_1_load "/>
</bind>
</comp>

<comp id="251" class="1005" name="acumulate_value_a_a_1_load_reg_251">
<pin_list>
<pin id="252" dir="0" index="0" bw="32" slack="1"/>
<pin id="253" dir="1" index="1" bw="32" slack="1"/>
</pin_list>
<bind>
<opset="acumulate_value_a_a_1_load "/>
</bind>
</comp>

<comp id="256" class="1005" name="acumulate_value_b_b_1_load_reg_256">
<pin_list>
<pin id="257" dir="0" index="0" bw="32" slack="1"/>
<pin id="258" dir="1" index="1" bw="32" slack="1"/>
</pin_list>
<bind>
<opset="acumulate_value_b_b_1_load "/>
</bind>
</comp>

</comp_list>

<net_list>
<net id="43"><net_src comp="14" pin="0"/><net_sink comp="40" pin=0"/></net>

<net id="47"><net_src comp="14" pin="0"/><net_sink comp="44" pin=0"/></net>

<net id="51"><net_src comp="14" pin="0"/><net_sink comp="48" pin=0"/></net>

<net id="55"><net_src comp="14" pin="0"/><net_sink comp="52" pin=0"/></net>

<net id="60"><net_src comp="16" pin="0"/><net_sink comp="56" pin=0"/></net>

<net id="61"><net_src comp="6" pin="0"/><net_sink comp="56" pin=1"/></net>

<net id="66"><net_src comp="16" pin="0"/><net_sink comp="62" pin=0"/></net>

<net id="67"><net_src comp="4" pin="0"/><net_sink comp="62" pin=1"/></net>

<net id="72"><net_src comp="16" pin="0"/><net_sink comp="68" pin=0"/></net>

<net id="73"><net_src comp="2" pin="0"/><net_sink comp="68" pin=1"/></net>

<net id="78"><net_src comp="18" pin="0"/><net_sink comp="74" pin=0"/></net>

<net id="79"><net_src comp="0" pin="0"/><net_sink comp="74" pin=1"/></net>

<net id="85"><net_src comp="38" pin="0"/><net_sink comp="80" pin=0"/></net>

<net id="86"><net_src comp="8" pin="0"/><net_sink comp="80" pin=1"/></net>

<net id="92"><net_src comp="38" pin="0"/><net_sink comp="87" pin=0"/></net>

<net id="93"><net_src comp="10" pin="0"/><net_sink comp="87" pin=1"/></net>

<net id="99"><net_src comp="38" pin="0"/><net_sink comp="94" pin=0"/></net>

<net id="100"><net_src comp="12" pin="0"/><net_sink comp="94" pin=1"/></net>

<net id="108"><net_src comp="101" pin="2"/><net_sink comp="105" pin=0"/></net>

<net id="113"><net_src comp="20" pin="0"/><net_sink comp="109" pin=0"/></net>

<net id="118"><net_src comp="22" pin="0"/><net_sink comp="114" pin=0"/></net>

<net id="123"><net_src comp="22" pin="0"/><net_sink comp="119" pin=0"/></net>

<net id="128"><net_src comp="22" pin="0"/><net_sink comp="124" pin=0"/></net>

<net id="136"><net_src comp="129" pin="1"/><net_sink comp="132" pin=0"/></net>

<net id="141"><net_src comp="129" pin="1"/><net_sink comp="137" pin=0"/></net>

<net id="142"><net_src comp="24" pin="0"/><net_sink comp="137" pin=1"/></net>

<net id="146"><net_src comp="143" pin="1"/><net_sink comp="101" pin=0"/></net>

<net id="154"><net_src comp="151" pin="1"/><net_sink comp="101" pin=0"/></net>

<net id="158"><net_src comp="155" pin="1"/><net_sink comp="101" pin=0"/></net>

<net id="163"><net_src comp="105" pin="1"/><net_sink comp="159" pin=0"/></net>

<net id="168"><net_src comp="105" pin="1"/><net_sink comp="164" pin=0"/></net>

<net id="173"><net_src comp="105" pin="1"/><net_sink comp="169" pin=0"/></net>

<net id="177"><net_src comp="174" pin="1"/><net_sink comp="94" pin=2"/></net>

<net id="181"><net_src comp="178" pin="1"/><net_sink comp="87" pin=2"/></net>

<net id="185"><net_src comp="182" pin="1"/><net_sink comp="80" pin=2"/></net>

<net id="189"><net_src comp="40" pin="1"/><net_sink comp="186" pin=0"/></net>

<net id="190"><net_src comp="186" pin="1"/><net_sink comp="124" pin=1"/></net>

<net id="191"><net_src comp="186" pin="1"/><net_sink comp="151" pin=0"/></net>

<net id="192"><net_src comp="186" pin="1"/><net_sink comp="164" pin=1"/></net>

<net id="193"><net_src comp="186" pin="1"/><net_sink comp="174" pin=0"/></net>

<net id="197"><net_src comp="44" pin="1"/><net_sink comp="194" pin=0"/></net>

<net id="198"><net_src comp="194" pin="1"/><net_sink comp="119" pin=1"/></net>

<net id="199"><net_src comp="194" pin="1"/><net_sink comp="143" pin=0"/></net>

<net id="200"><net_src comp="194" pin="1"/><net_sink comp="159" pin=1"/></net>

<net id="201"><net_src comp="194" pin="1"/><net_sink comp="178" pin=0"/></net>

<net id="205"><net_src comp="48" pin="1"/><net_sink comp="202" pin=0"/></net>

<net id="206"><net_src comp="202" pin="1"/><net_sink comp="114" pin=1"/></net>

<net id="207"><net_src comp="202" pin="1"/><net_sink comp="155" pin=0"/></net>

<net id="208"><net_src comp="202" pin="1"/><net_sink comp="169" pin=1"/></net>

<net id="209"><net_src comp="202" pin="1"/><net_sink comp="182" pin=0"/></net>

<net id="213"><net_src comp="52" pin="1"/><net_sink comp="210" pin=0"/></net>

<net id="214"><net_src comp="210" pin="1"/><net_sink comp="109" pin=1"/></net>

<net id="215"><net_src comp="210" pin="1"/><net_sink comp="129" pin=0"/></net>

<net id="216"><net_src comp="210" pin="1"/><net_sink comp="147" pin=1"/></net>

<net id="220"><net_src comp="56" pin="2"/><net_sink comp="217" pin=0"/></net>

<net id="221"><net_src comp="217" pin="1"/><net_sink comp="101" pin=1"/></net>

<net id="225"><net_src comp="62" pin="2"/><net_sink comp="222" pin=0"/></net>

<net id="226"><net_src comp="222" pin="1"/><net_sink comp="101" pin=1"/></net>

<net id="230"><net_src comp="68" pin="2"/><net_sink comp="227" pin=0"/></net>

<net id="231"><net_src comp="227" pin="1"/><net_sink comp="101" pin=1"/></net>

<net id="235"><net_src comp="74" pin="2"/><net_sink comp="232" pin=0"/></net>

<net id="236"><net_src comp="232" pin="1"/><net_sink comp="132" pin=1"/></net>

<net id="240"><net_src comp="132" pin="2"/><net_sink comp="237" pin=0"/></net>

<net id="244"><net_src comp="137" pin="2"/><net_sink comp="241" pin=0"/></net>

<net id="245"><net_src comp="241" pin="1"/><net_sink comp="147" pin=0"/></net>

<net id="249"><net_src comp="143" pin="1"/><net_sink comp="246" pin=0"/></net>

<net id="250"><net_src comp="246" pin="1"/><net_sink comp="101" pin=0"/></net>

<net id="254"><net_src comp="151" pin="1"/><net_sink comp="251" pin=0"/></net>

<net id="255"><net_src comp="251" pin="1"/><net_sink comp="101" pin=0"/></net>

<net id="259"><net_src comp="155" pin="1"/><net_sink comp="256" pin=0"/></net>

<net id="260"><net_src comp="256" pin="1"/><net_sink comp="101" pin=0"/></net>

</net_list>

</model> 
---------------- Datapath Model END ------------------

* FSMD analyzer results:
  - Output states:
	Port: acumulate_value_b_b_1_out | {4 }
	Port: acumulate_value_a_b_1_out | {4 }
	Port: acumulate_value_a_a_1_out | {4 }
 - Input state : 
	Port: correlation_2D_Pipeline_VITIS_LOOP_31_1_VITIS_LOOP_32_2 : mul_ln20 | {1 }
	Port: correlation_2D_Pipeline_VITIS_LOOP_31_1_VITIS_LOOP_32_2 : mul | {1 }
	Port: correlation_2D_Pipeline_VITIS_LOOP_31_1_VITIS_LOOP_32_2 : mul1 | {1 }
	Port: correlation_2D_Pipeline_VITIS_LOOP_31_1_VITIS_LOOP_32_2 : mul2 | {1 }
  - Chain level:
	State 1
		store_ln0 : 1
		store_ln27 : 1
		store_ln25 : 1
		store_ln26 : 1
	State 2
		icmp_ln31 : 1
		add_ln31 : 1
		br_ln31 : 2
	State 3
		acumulate_value_a_b : 1
	State 4
		acumulate_value_a_a : 1
		write_ln0 : 1
		write_ln0 : 1
		write_ln0 : 1
	State 5
		acumulate_value_b_b : 1
	State 6
	State 7
	State 8
	State 9
	State 10


============================================================
+ Verbose Summary: Datapath Resource usage 
============================================================

* Functional unit list:
|----------|--------------------------|---------|---------|---------|
| Operation|      Functional Unit     |   DSP   |    FF   |   LUT   |
|----------|--------------------------|---------|---------|---------|
|   fadd   |        grp_fu_101        |    2    |   205   |   390   |
|----------|--------------------------|---------|---------|---------|
|   icmp   |     icmp_ln31_fu_132     |    0    |    0    |    70   |
|----------|--------------------------|---------|---------|---------|
|    add   |      add_ln31_fu_137     |    0    |    0    |    70   |
|----------|--------------------------|---------|---------|---------|
|          |   mul2_read_read_fu_56   |    0    |    0    |    0    |
|   read   |   mul1_read_read_fu_62   |    0    |    0    |    0    |
|          |    mul_read_read_fu_68   |    0    |    0    |    0    |
|          | mul_ln20_read_read_fu_74 |    0    |    0    |    0    |
|----------|--------------------------|---------|---------|---------|
|          |   write_ln0_write_fu_80  |    0    |    0    |    0    |
|   write  |   write_ln0_write_fu_87  |    0    |    0    |    0    |
|          |   write_ln0_write_fu_94  |    0    |    0    |    0    |
|----------|--------------------------|---------|---------|---------|
|   Total  |                          |    2    |   205   |   530   |
|----------|--------------------------|---------|---------|---------|

Memories:
N/A

* Register list:
+----------------------------------+--------+
|                                  |   FF   |
+----------------------------------+--------+
|acumulate_value_a_a_1_load_reg_251|   32   |
|   acumulate_value_a_a_1_reg_186  |   32   |
|acumulate_value_a_b_1_load_reg_246|   32   |
|   acumulate_value_a_b_1_reg_194  |   32   |
|acumulate_value_b_b_1_load_reg_256|   32   |
|   acumulate_value_b_b_1_reg_202  |   32   |
|         add_ln31_reg_241         |   63   |
|         icmp_ln31_reg_237        |    1   |
|     indvar_flatten15_reg_210     |   63   |
|         mul1_read_reg_222        |   32   |
|         mul2_read_reg_217        |   32   |
|       mul_ln20_read_reg_232      |   63   |
|         mul_read_reg_227         |   32   |
|              reg_105             |   32   |
+----------------------------------+--------+
|               Total              |   510  |
+----------------------------------+--------+

* Multiplexer (MUX) list: 
|------------|------|------|------|--------||---------||---------||---------|
|    Comp    |  Pin | Size |  BW  | S x BW ||  Delay  ||    FF   ||   LUT   |
|------------|------|------|------|--------||---------||---------||---------|
| grp_fu_101 |  p0  |   6  |  32  |   192  ||    0    ||    31   |
| grp_fu_101 |  p1  |   3  |  32  |   96   ||    0    ||    14   |
|------------|------|------|------|--------||---------||---------||---------|
|    Total   |      |      |      |   288  ||  3.7725 ||    0    ||    45   |
|------------|------|------|------|--------||---------||---------||---------|



* Summary:
+-----------+--------+--------+--------+--------+
|           |   DSP  |  Delay |   FF   |   LUT  |
+-----------+--------+--------+--------+--------+
|  Function |    2   |    -   |   205  |   530  |
|   Memory  |    -   |    -   |    -   |    -   |
|Multiplexer|    -   |    3   |    0   |   45   |
|  Register |    -   |    -   |   510  |    -   |
+-----------+--------+--------+--------+--------+
|   Total   |    2   |    3   |   715  |   575  |
+-----------+--------+--------+--------+--------+
