

================================================================
== Vitis HLS Report for 'vector_convolution'
================================================================
* Date:           Tue May  5 11:47:44 2026

* Version:        2025.2 (Build 6295257 on Nov 14 2025)
* Project:        proj_fir
* Solution:       fsolution (Vivado IP Flow Target)
* Product family: zynq
* Target device:  xc7z020-clg484-1


================================================================
== Performance Estimates
================================================================
+ Timing: 
    * Summary: 
    +--------+----------+----------+------------+
    |  Clock |  Target  | Estimated| Uncertainty|
    +--------+----------+----------+------------+
    |ap_clk  |  10.00 ns|  7.256 ns|     2.70 ns|
    +--------+----------+----------+------------+

+ Latency: 
    * Summary: 
    +---------+---------+----------+----------+-----+-----+---------+
    |  Latency (cycles) |  Latency (absolute) |  Interval | Pipeline|
    |   min   |   max   |    min   |    max   | min | max |   Type  |
    +---------+---------+----------+----------+-----+-----+---------+
    |        ?|        ?|         ?|         ?|    ?|    ?|       no|
    +---------+---------+----------+----------+-----+-----+---------+

    + Detail: 
        * Instance: 
        +-----------------------------------------------------------------------+-------------------------------------------------------------+---------+---------+----------+----------+-----+-----+-------------------+
        |                                                                       |                                                             |  Latency (cycles) |  Latency (absolute) |  Interval |      Pipeline     |
        |                                Instance                               |                            Module                           |   min   |   max   |    min   |    max   | min | max |        Type       |
        +-----------------------------------------------------------------------+-------------------------------------------------------------+---------+---------+----------+----------+-----+-----+-------------------+
        |grp_vector_convolution_Pipeline_VITIS_LOOP_43_1_VITIS_LOOP_45_2_fu_56  |vector_convolution_Pipeline_VITIS_LOOP_43_1_VITIS_LOOP_45_2  |        ?|        ?|         ?|         ?|    0|    0|  loop pipeline stp|
        +-----------------------------------------------------------------------+-------------------------------------------------------------+---------+---------+----------+----------+-----+-----+-------------------+

        * Loop: 
        N/A

============================================================
+ Verbose Summary: Synthesis Manager
============================================================
InlineROM: 1
ExposeGlobal: 0
============================================================
+ Verbose Summary: CDFG Model
============================================================
IsTopModel: 1
ResetActiveHigh: 1
IsCombinational: 0
IsDatapathOnly: 0
HasWiredReturn: 1
HasMFsm: 0
HasVarLatency: 1
IsPipeline: 0
IsRtlPipelined: 0
IsInstanceOverlapped: 0
IsDontTouch: 0
HasImplIP: 0
IsGatedGlobalClock: 0


============================================================
+ Verbose Summary: Schedule
============================================================
* Number of FSM states : 5
* Pipeline : 0
* Dataflow Pipeline: 0

* FSM state transitions: 
1 --> 2 
2 --> 3 
3 --> 4 
4 --> 5 
5 --> 

* FSM state operations: 

State 1 <SV = 0> <Delay = 4.37>
ST_1 : Operation 6 [1/1] (0.00ns)   --->   "%kernel_size_read = read i32 @_ssdm_op_Read.ap_auto.i32, i32 %kernel_size" [cpu_functions.cpp:40]   --->   Operation 6 'read' 'kernel_size_read' <Predicate = true> <Delay = 0.00>
ST_1 : Operation 7 [1/1] (0.00ns)   --->   "%size_read = read i32 @_ssdm_op_Read.ap_auto.i32, i32 %size" [cpu_functions.cpp:40]   --->   Operation 7 'read' 'size_read' <Predicate = true> <Delay = 0.00>
ST_1 : Operation 8 [1/1] (0.00ns) (grouped into TernaryAdder)   --->   "%add_ln43 = add i32 %kernel_size_read, i32 %size_read" [cpu_functions.cpp:43]   --->   Operation 8 'add' 'add_ln43' <Predicate = true> <Delay = 0.00> <CoreInst = "TAddSub">   --->   Core 10 'TAddSub' <Latency = 0> <II = 1> <Delay = 2.18> <IPBlock> <Opcode : 'add' 'sub'> <InPorts = 3> <OutPorts = 1> <Sync> <CReg>
ST_1 : Operation 9 [1/1] (4.37ns) (root node of TernaryAdder)   --->   "%add_ln43_1 = add i32 %add_ln43, i32 4294967295" [cpu_functions.cpp:43]   --->   Operation 9 'add' 'add_ln43_1' <Predicate = true> <Delay = 4.37> <CoreInst = "TAddSub">   --->   Core 10 'TAddSub' <Latency = 0> <II = 1> <Delay = 2.18> <IPBlock> <Opcode : 'add' 'sub'> <InPorts = 3> <OutPorts = 1> <Sync> <CReg>

State 2 <SV = 1> <Delay = 6.91>
ST_2 : Operation 10 [1/1] (0.00ns)   --->   "%zext_ln40 = zext i32 %add_ln43_1" [cpu_functions.cpp:40]   --->   Operation 10 'zext' 'zext_ln40' <Predicate = true> <Delay = 0.00>
ST_2 : Operation 11 [1/1] (0.00ns)   --->   "%zext_ln40_1 = zext i32 %kernel_size_read" [cpu_functions.cpp:40]   --->   Operation 11 'zext' 'zext_ln40_1' <Predicate = true> <Delay = 0.00>
ST_2 : Operation 12 [2/2] (6.91ns)   --->   "%mul_ln40 = mul i64 %zext_ln40, i64 %zext_ln40_1" [cpu_functions.cpp:40]   --->   Operation 12 'mul' 'mul_ln40' <Predicate = true> <Delay = 6.91> <CoreInst = "Multiplier">   --->   Core 3 'Multiplier' <Latency = 1> <II = 1> <Delay = 6.91> <FuncUnit> <Opcode : 'mul'> <InPorts = 2> <OutPorts = 1>

State 3 <SV = 2> <Delay = 6.91>
ST_3 : Operation 13 [1/2] (6.91ns)   --->   "%mul_ln40 = mul i64 %zext_ln40, i64 %zext_ln40_1" [cpu_functions.cpp:40]   --->   Operation 13 'mul' 'mul_ln40' <Predicate = true> <Delay = 6.91> <CoreInst = "Multiplier">   --->   Core 3 'Multiplier' <Latency = 1> <II = 1> <Delay = 6.91> <FuncUnit> <Opcode : 'mul'> <InPorts = 2> <OutPorts = 1>

State 4 <SV = 3> <Delay = 7.25>
ST_4 : Operation 14 [1/1] (0.00ns)   --->   "%kernel_read = read i32 @_ssdm_op_Read.ap_auto.i32P0A, i32 %kernel" [cpu_functions.cpp:49]   --->   Operation 14 'read' 'kernel_read' <Predicate = true> <Delay = 0.00>
ST_4 : Operation 15 [1/1] (0.00ns)   --->   "%bitcast_ln49 = bitcast i32 %kernel_read" [cpu_functions.cpp:49]   --->   Operation 15 'bitcast' 'bitcast_ln49' <Predicate = true> <Delay = 0.00>
ST_4 : Operation 16 [1/1] (0.00ns)   --->   "%A_read = read i32 @_ssdm_op_Read.ap_auto.i32P0A, i32 %A" [cpu_functions.cpp:49]   --->   Operation 16 'read' 'A_read' <Predicate = true> <Delay = 0.00>
ST_4 : Operation 17 [1/1] (0.00ns)   --->   "%bitcast_ln49_1 = bitcast i32 %A_read" [cpu_functions.cpp:49]   --->   Operation 17 'bitcast' 'bitcast_ln49_1' <Predicate = true> <Delay = 0.00>
ST_4 : Operation 18 [2/2] (7.25ns)   --->   "%call_ln40 = call void @vector_convolution_Pipeline_VITIS_LOOP_43_1_VITIS_LOOP_45_2, i64 %mul_ln40, i32 %kernel_size_read, i32 %size_read, i32 %bitcast_ln49, i32 %bitcast_ln49_1, i32 %B" [cpu_functions.cpp:40]   --->   Operation 18 'call' 'call_ln40' <Predicate = true> <Delay = 7.25> <CoreType = "Generic">   --->   Generic Core

State 5 <SV = 4> <Delay = 7.25>
ST_5 : Operation 19 [1/1] (0.00ns)   --->   "%spectopmodule_ln40 = spectopmodule void @_ssdm_op_SpecTopModule, void @empty_1" [cpu_functions.cpp:40]   --->   Operation 19 'spectopmodule' 'spectopmodule_ln40' <Predicate = true> <Delay = 0.00>
ST_5 : Operation 20 [1/1] (0.00ns)   --->   "%specbitsmap_ln0 = specbitsmap void @_ssdm_op_SpecBitsMap, i32 %A"   --->   Operation 20 'specbitsmap' 'specbitsmap_ln0' <Predicate = true> <Delay = 0.00>
ST_5 : Operation 21 [1/1] (0.00ns)   --->   "%specinterface_ln0 = specinterface void @_ssdm_op_SpecInterface, i32 %A, void @empty, i32 0, i32 0, void @empty_0, i32 0, i32 0, void @empty_0, void @empty_0, void @empty_0, i32 0, i32 0, i32 0, i32 0, void @empty_0, void @empty_0, i32 4294967295, i32 0, i32 0, i32 0"   --->   Operation 21 'specinterface' 'specinterface_ln0' <Predicate = true> <Delay = 0.00>
ST_5 : Operation 22 [1/1] (0.00ns)   --->   "%specbitsmap_ln0 = specbitsmap void @_ssdm_op_SpecBitsMap, i32 %kernel"   --->   Operation 22 'specbitsmap' 'specbitsmap_ln0' <Predicate = true> <Delay = 0.00>
ST_5 : Operation 23 [1/1] (0.00ns)   --->   "%specinterface_ln0 = specinterface void @_ssdm_op_SpecInterface, i32 %kernel, void @empty, i32 0, i32 0, void @empty_0, i32 0, i32 0, void @empty_0, void @empty_0, void @empty_0, i32 0, i32 0, i32 0, i32 0, void @empty_0, void @empty_0, i32 4294967295, i32 0, i32 0, i32 0"   --->   Operation 23 'specinterface' 'specinterface_ln0' <Predicate = true> <Delay = 0.00>
ST_5 : Operation 24 [1/1] (0.00ns)   --->   "%specbitsmap_ln0 = specbitsmap void @_ssdm_op_SpecBitsMap, i32 %B"   --->   Operation 24 'specbitsmap' 'specbitsmap_ln0' <Predicate = true> <Delay = 0.00>
ST_5 : Operation 25 [1/1] (0.00ns)   --->   "%specinterface_ln0 = specinterface void @_ssdm_op_SpecInterface, i32 %B, void @empty, i32 0, i32 0, void @empty_0, i32 0, i32 0, void @empty_0, void @empty_0, void @empty_0, i32 0, i32 0, i32 0, i32 0, void @empty_0, void @empty_0, i32 4294967295, i32 0, i32 0, i32 0"   --->   Operation 25 'specinterface' 'specinterface_ln0' <Predicate = true> <Delay = 0.00>
ST_5 : Operation 26 [1/1] (0.00ns)   --->   "%specbitsmap_ln0 = specbitsmap void @_ssdm_op_SpecBitsMap, i32 %size"   --->   Operation 26 'specbitsmap' 'specbitsmap_ln0' <Predicate = true> <Delay = 0.00>
ST_5 : Operation 27 [1/1] (0.00ns)   --->   "%specinterface_ln0 = specinterface void @_ssdm_op_SpecInterface, i32 %size, void @empty, i32 0, i32 0, void @empty_0, i32 0, i32 0, void @empty_0, void @empty_0, void @empty_0, i32 0, i32 0, i32 0, i32 0, void @empty_0, void @empty_0, i32 4294967295, i32 0, i32 0, i32 0"   --->   Operation 27 'specinterface' 'specinterface_ln0' <Predicate = true> <Delay = 0.00>
ST_5 : Operation 28 [1/1] (0.00ns)   --->   "%specbitsmap_ln0 = specbitsmap void @_ssdm_op_SpecBitsMap, i32 %kernel_size"   --->   Operation 28 'specbitsmap' 'specbitsmap_ln0' <Predicate = true> <Delay = 0.00>
ST_5 : Operation 29 [1/1] (0.00ns)   --->   "%specinterface_ln0 = specinterface void @_ssdm_op_SpecInterface, i32 %kernel_size, void @empty, i32 0, i32 0, void @empty_0, i32 0, i32 0, void @empty_0, void @empty_0, void @empty_0, i32 0, i32 0, i32 0, i32 0, void @empty_0, void @empty_0, i32 4294967295, i32 0, i32 0, i32 0"   --->   Operation 29 'specinterface' 'specinterface_ln0' <Predicate = true> <Delay = 0.00>
ST_5 : Operation 30 [1/2] (7.25ns)   --->   "%call_ln40 = call void @vector_convolution_Pipeline_VITIS_LOOP_43_1_VITIS_LOOP_45_2, i64 %mul_ln40, i32 %kernel_size_read, i32 %size_read, i32 %bitcast_ln49, i32 %bitcast_ln49_1, i32 %B" [cpu_functions.cpp:40]   --->   Operation 30 'call' 'call_ln40' <Predicate = true> <Delay = 7.25> <CoreType = "Generic">   --->   Generic Core
ST_5 : Operation 31 [1/1] (0.00ns)   --->   "%ret_ln53 = ret" [cpu_functions.cpp:53]   --->   Operation 31 'ret' 'ret_ln53' <Predicate = true> <Delay = 0.00>


============================================================
+ Verbose Summary: Binding
============================================================
STG Binding: 
---------------- STG Properties BEGIN ----------------
- Is combinational: 0
- Is one-state seq: 0
- Is datapath-only: 0
- Is pipelined: 0
- Is top level: 1
Port [ Return ] is wired: 1; IO mode=ap_ctrl_hs:ce=0
Port [ A]:  wired=1; compound=0; hidden=0; nouse=0; global=0; static=0; extern=0; dir=0; type=0; pingpong=0; private_global=0; IO mode=ap_none:ce=0
Port [ kernel]:  wired=1; compound=0; hidden=0; nouse=0; global=0; static=0; extern=0; dir=0; type=0; pingpong=0; private_global=0; IO mode=ap_none:ce=0
Port [ B]:  wired=1; compound=0; hidden=0; nouse=0; global=0; static=0; extern=0; dir=2; type=0; pingpong=0; private_global=0; IO mode=ap_ovld:ce=0
Port [ size]:  wired=1; compound=0; hidden=0; nouse=0; global=0; static=0; extern=0; dir=0; type=0; pingpong=0; private_global=0; IO mode=ap_none:ce=0
Port [ kernel_size]:  wired=1; compound=0; hidden=0; nouse=0; global=0; static=0; extern=0; dir=0; type=0; pingpong=0; private_global=0; IO mode=ap_none:ce=0
---------------- STG Properties END ------------------

---------------- Datapath Model BEGIN ----------------

<LifeTime>
<method=bitvector/>
kernel_size_read   (read         ) [ 001111]
size_read          (read         ) [ 001111]
add_ln43           (add          ) [ 000000]
add_ln43_1         (add          ) [ 001000]
zext_ln40          (zext         ) [ 000100]
zext_ln40_1        (zext         ) [ 000100]
mul_ln40           (mul          ) [ 000011]
kernel_read        (read         ) [ 000000]
bitcast_ln49       (bitcast      ) [ 000001]
A_read             (read         ) [ 000000]
bitcast_ln49_1     (bitcast      ) [ 000001]
spectopmodule_ln40 (spectopmodule) [ 000000]
specbitsmap_ln0    (specbitsmap  ) [ 000000]
specinterface_ln0  (specinterface) [ 000000]
specbitsmap_ln0    (specbitsmap  ) [ 000000]
specinterface_ln0  (specinterface) [ 000000]
specbitsmap_ln0    (specbitsmap  ) [ 000000]
specinterface_ln0  (specinterface) [ 000000]
specbitsmap_ln0    (specbitsmap  ) [ 000000]
specinterface_ln0  (specinterface) [ 000000]
specbitsmap_ln0    (specbitsmap  ) [ 000000]
specinterface_ln0  (specinterface) [ 000000]
call_ln40          (call         ) [ 000000]
ret_ln53           (ret          ) [ 000000]
</LifeTime>

<model>

<comp_list>
<comp id="0" class="1000" name="A">
<pin_list>
<pin id="1" dir="1" index="0" bw="1" slack="0"/>
</pin_list>
<bind>
<StgValue><ssdm name="A"/></StgValue>
</bind>
</comp>

<comp id="2" class="1000" name="kernel">
<pin_list>
<pin id="3" dir="1" index="0" bw="1" slack="0"/>
</pin_list>
<bind>
<StgValue><ssdm name="kernel"/></StgValue>
</bind>
</comp>

<comp id="4" class="1000" name="B">
<pin_list>
<pin id="5" dir="1" index="0" bw="1" slack="0"/>
</pin_list>
<bind>
<StgValue><ssdm name="B"/></StgValue>
</bind>
</comp>

<comp id="6" class="1000" name="size">
<pin_list>
<pin id="7" dir="1" index="0" bw="1" slack="0"/>
</pin_list>
<bind>
<StgValue><ssdm name="size"/></StgValue>
</bind>
</comp>

<comp id="8" class="1000" name="kernel_size">
<pin_list>
<pin id="9" dir="1" index="0" bw="1" slack="0"/>
</pin_list>
<bind>
<StgValue><ssdm name="kernel_size"/></StgValue>
</bind>
</comp>

<comp id="10" class="1001" name="const_10">
<pin_list>
<pin id="11" dir="1" index="0" bw="1" slack="0"/>
</pin_list>
<bind>
<StgValue><ssdm name="_ssdm_op_Read.ap_auto.i32"/></StgValue>
</bind>
</comp>

<comp id="12" class="1001" name="const_12">
<pin_list>
<pin id="13" dir="1" index="0" bw="1" slack="0"/>
</pin_list>
<bind>
<StgValue><ssdm name=""/></StgValue>
</bind>
</comp>

<comp id="14" class="1001" name="const_14">
<pin_list>
<pin id="15" dir="1" index="0" bw="1" slack="0"/>
</pin_list>
<bind>
<StgValue><ssdm name="_ssdm_op_Read.ap_auto.i32P0A"/></StgValue>
</bind>
</comp>

<comp id="16" class="1001" name="const_16">
<pin_list>
<pin id="17" dir="1" index="0" bw="1" slack="0"/>
</pin_list>
<bind>
<StgValue><ssdm name="vector_convolution_Pipeline_VITIS_LOOP_43_1_VITIS_LOOP_45_2"/></StgValue>
</bind>
</comp>

<comp id="18" class="1001" name="const_18">
<pin_list>
<pin id="19" dir="1" index="0" bw="1" slack="2147483647"/>
</pin_list>
<bind>
<StgValue><ssdm name="_ssdm_op_SpecTopModule"/></StgValue>
</bind>
</comp>

<comp id="20" class="1001" name="const_20">
<pin_list>
<pin id="21" dir="1" index="0" bw="1" slack="2147483647"/>
</pin_list>
<bind>
<StgValue><ssdm name="empty_1"/></StgValue>
</bind>
</comp>

<comp id="22" class="1001" name="const_22">
<pin_list>
<pin id="23" dir="1" index="0" bw="1" slack="2147483647"/>
</pin_list>
<bind>
<StgValue><ssdm name="_ssdm_op_SpecBitsMap"/></StgValue>
</bind>
</comp>

<comp id="24" class="1001" name="const_24">
<pin_list>
<pin id="25" dir="1" index="0" bw="1" slack="2147483647"/>
</pin_list>
<bind>
<StgValue><ssdm name="_ssdm_op_SpecInterface"/></StgValue>
</bind>
</comp>

<comp id="26" class="1001" name="const_26">
<pin_list>
<pin id="27" dir="1" index="0" bw="1" slack="2147483647"/>
</pin_list>
<bind>
<StgValue><ssdm name="empty"/></StgValue>
</bind>
</comp>

<comp id="28" class="1001" name="const_28">
<pin_list>
<pin id="29" dir="1" index="0" bw="1" slack="2147483647"/>
</pin_list>
<bind>
<StgValue><ssdm name=""/></StgValue>
</bind>
</comp>

<comp id="30" class="1001" name="const_30">
<pin_list>
<pin id="31" dir="1" index="0" bw="1" slack="2147483647"/>
</pin_list>
<bind>
<StgValue><ssdm name="empty_0"/></StgValue>
</bind>
</comp>

<comp id="32" class="1004" name="kernel_size_read_read_fu_32">
<pin_list>
<pin id="33" dir="0" index="0" bw="32" slack="0"/>
<pin id="34" dir="0" index="1" bw="32" slack="0"/>
<pin id="35" dir="1" index="2" bw="32" slack="0"/>
</pin_list>
<bind>
<opcode="read(1150) " fcode="read"/>
<opset="kernel_size_read/1 "/>
</bind>
</comp>

<comp id="38" class="1004" name="size_read_read_fu_38">
<pin_list>
<pin id="39" dir="0" index="0" bw="32" slack="0"/>
<pin id="40" dir="0" index="1" bw="32" slack="0"/>
<pin id="41" dir="1" index="2" bw="32" slack="0"/>
</pin_list>
<bind>
<opcode="read(1150) " fcode="read"/>
<opset="size_read/1 "/>
</bind>
</comp>

<comp id="44" class="1004" name="kernel_read_read_fu_44">
<pin_list>
<pin id="45" dir="0" index="0" bw="32" slack="0"/>
<pin id="46" dir="0" index="1" bw="32" slack="0"/>
<pin id="47" dir="1" index="2" bw="32" slack="0"/>
</pin_list>
<bind>
<opcode="read(1150) " fcode="read"/>
<opset="kernel_read/4 "/>
</bind>
</comp>

<comp id="50" class="1004" name="A_read_read_fu_50">
<pin_list>
<pin id="51" dir="0" index="0" bw="32" slack="0"/>
<pin id="52" dir="0" index="1" bw="32" slack="0"/>
<pin id="53" dir="1" index="2" bw="32" slack="0"/>
</pin_list>
<bind>
<opcode="read(1150) " fcode="read"/>
<opset="A_read/4 "/>
</bind>
</comp>

<comp id="56" class="1004" name="grp_vector_convolution_Pipeline_VITIS_LOOP_43_1_VITIS_LOOP_45_2_fu_56">
<pin_list>
<pin id="57" dir="0" index="0" bw="0" slack="0"/>
<pin id="58" dir="0" index="1" bw="64" slack="1"/>
<pin id="59" dir="0" index="2" bw="32" slack="3"/>
<pin id="60" dir="0" index="3" bw="32" slack="3"/>
<pin id="61" dir="0" index="4" bw="32" slack="0"/>
<pin id="62" dir="0" index="5" bw="32" slack="0"/>
<pin id="63" dir="0" index="6" bw="32" slack="0"/>
<pin id="64" dir="1" index="7" bw="0" slack="2147483647"/>
</pin_list>
<bind>
<opcode="call(48) " fcode="call"/>
<opset="call_ln40/4 "/>
</bind>
</comp>

<comp id="67" class="1004" name="grp_fu_67">
<pin_list>
<pin id="68" dir="0" index="0" bw="32" slack="0"/>
<pin id="69" dir="0" index="1" bw="32" slack="0"/>
<pin id="70" dir="1" index="2" bw="64" slack="1"/>
</pin_list>
<bind>
<opcode="mul(12) " fcode="mul"/>
<opset="mul_ln40/2 "/>
</bind>
</comp>

<comp id="71" class="1004" name="add_ln43_fu_71">
<pin_list>
<pin id="72" dir="0" index="0" bw="32" slack="0"/>
<pin id="73" dir="0" index="1" bw="32" slack="0"/>
<pin id="74" dir="1" index="2" bw="32" slack="0"/>
</pin_list>
<bind>
<opcode="add(8) " fcode="add"/>
<opset="add_ln43/1 "/>
</bind>
</comp>

<comp id="77" class="1004" name="add_ln43_1_fu_77">
<pin_list>
<pin id="78" dir="0" index="0" bw="32" slack="0"/>
<pin id="79" dir="0" index="1" bw="1" slack="0"/>
<pin id="80" dir="1" index="2" bw="32" slack="1"/>
</pin_list>
<bind>
<opcode="add(8) " fcode="add"/>
<opset="add_ln43_1/1 "/>
</bind>
</comp>

<comp id="83" class="1004" name="zext_ln40_fu_83">
<pin_list>
<pin id="84" dir="0" index="0" bw="32" slack="1"/>
<pin id="85" dir="1" index="1" bw="64" slack="0"/>
</pin_list>
<bind>
<opcode="zext(34) " fcode="zext"/>
<opset="zext_ln40/2 "/>
</bind>
</comp>

<comp id="87" class="1004" name="zext_ln40_1_fu_87">
<pin_list>
<pin id="88" dir="0" index="0" bw="32" slack="1"/>
<pin id="89" dir="1" index="1" bw="64" slack="0"/>
</pin_list>
<bind>
<opcode="zext(34) " fcode="zext"/>
<opset="zext_ln40_1/2 "/>
</bind>
</comp>

<comp id="91" class="1004" name="bitcast_ln49_fu_91">
<pin_list>
<pin id="92" dir="0" index="0" bw="32" slack="0"/>
<pin id="93" dir="1" index="1" bw="32" slack="0"/>
</pin_list>
<bind>
<opcode="bitcast(44) " fcode="bitcast"/>
<opset="bitcast_ln49/4 "/>
</bind>
</comp>

<comp id="96" class="1004" name="bitcast_ln49_1_fu_96">
<pin_list>
<pin id="97" dir="0" index="0" bw="32" slack="0"/>
<pin id="98" dir="1" index="1" bw="32" slack="0"/>
</pin_list>
<bind>
<opcode="bitcast(44) " fcode="bitcast"/>
<opset="bitcast_ln49_1/4 "/>
</bind>
</comp>

<comp id="101" class="1005" name="kernel_size_read_reg_101">
<pin_list>
<pin id="102" dir="0" index="0" bw="32" slack="1"/>
<pin id="103" dir="1" index="1" bw="32" slack="1"/>
</pin_list>
<bind>
<opset="kernel_size_read "/>
</bind>
</comp>

<comp id="107" class="1005" name="size_read_reg_107">
<pin_list>
<pin id="108" dir="0" index="0" bw="32" slack="3"/>
<pin id="109" dir="1" index="1" bw="32" slack="3"/>
</pin_list>
<bind>
<opset="size_read "/>
</bind>
</comp>

<comp id="112" class="1005" name="add_ln43_1_reg_112">
<pin_list>
<pin id="113" dir="0" index="0" bw="32" slack="1"/>
<pin id="114" dir="1" index="1" bw="32" slack="1"/>
</pin_list>
<bind>
<opset="add_ln43_1 "/>
</bind>
</comp>

<comp id="117" class="1005" name="zext_ln40_reg_117">
<pin_list>
<pin id="118" dir="0" index="0" bw="64" slack="1"/>
<pin id="119" dir="1" index="1" bw="64" slack="1"/>
</pin_list>
<bind>
<opset="zext_ln40 "/>
</bind>
</comp>

<comp id="122" class="1005" name="zext_ln40_1_reg_122">
<pin_list>
<pin id="123" dir="0" index="0" bw="64" slack="1"/>
<pin id="124" dir="1" index="1" bw="64" slack="1"/>
</pin_list>
<bind>
<opset="zext_ln40_1 "/>
</bind>
</comp>

<comp id="127" class="1005" name="mul_ln40_reg_127">
<pin_list>
<pin id="128" dir="0" index="0" bw="64" slack="1"/>
<pin id="129" dir="1" index="1" bw="64" slack="1"/>
</pin_list>
<bind>
<opset="mul_ln40 "/>
</bind>
</comp>

<comp id="132" class="1005" name="bitcast_ln49_reg_132">
<pin_list>
<pin id="133" dir="0" index="0" bw="32" slack="1"/>
<pin id="134" dir="1" index="1" bw="32" slack="1"/>
</pin_list>
<bind>
<opset="bitcast_ln49 "/>
</bind>
</comp>

<comp id="137" class="1005" name="bitcast_ln49_1_reg_137">
<pin_list>
<pin id="138" dir="0" index="0" bw="32" slack="1"/>
<pin id="139" dir="1" index="1" bw="32" slack="1"/>
</pin_list>
<bind>
<opset="bitcast_ln49_1 "/>
</bind>
</comp>

</comp_list>

<net_list>
<net id="36"><net_src comp="10" pin="0"/><net_sink comp="32" pin=0"/></net>

<net id="37"><net_src comp="8" pin="0"/><net_sink comp="32" pin=1"/></net>

<net id="42"><net_src comp="10" pin="0"/><net_sink comp="38" pin=0"/></net>

<net id="43"><net_src comp="6" pin="0"/><net_sink comp="38" pin=1"/></net>

<net id="48"><net_src comp="14" pin="0"/><net_sink comp="44" pin=0"/></net>

<net id="49"><net_src comp="2" pin="0"/><net_sink comp="44" pin=1"/></net>

<net id="54"><net_src comp="14" pin="0"/><net_sink comp="50" pin=0"/></net>

<net id="55"><net_src comp="0" pin="0"/><net_sink comp="50" pin=1"/></net>

<net id="65"><net_src comp="16" pin="0"/><net_sink comp="56" pin=0"/></net>

<net id="66"><net_src comp="4" pin="0"/><net_sink comp="56" pin=6"/></net>

<net id="75"><net_src comp="32" pin="2"/><net_sink comp="71" pin=0"/></net>

<net id="76"><net_src comp="38" pin="2"/><net_sink comp="71" pin=1"/></net>

<net id="81"><net_src comp="71" pin="2"/><net_sink comp="77" pin=0"/></net>

<net id="82"><net_src comp="12" pin="0"/><net_sink comp="77" pin=1"/></net>

<net id="86"><net_src comp="83" pin="1"/><net_sink comp="67" pin=0"/></net>

<net id="90"><net_src comp="87" pin="1"/><net_sink comp="67" pin=1"/></net>

<net id="94"><net_src comp="44" pin="2"/><net_sink comp="91" pin=0"/></net>

<net id="95"><net_src comp="91" pin="1"/><net_sink comp="56" pin=4"/></net>

<net id="99"><net_src comp="50" pin="2"/><net_sink comp="96" pin=0"/></net>

<net id="100"><net_src comp="96" pin="1"/><net_sink comp="56" pin=5"/></net>

<net id="104"><net_src comp="32" pin="2"/><net_sink comp="101" pin=0"/></net>

<net id="105"><net_src comp="101" pin="1"/><net_sink comp="87" pin=0"/></net>

<net id="106"><net_src comp="101" pin="1"/><net_sink comp="56" pin=2"/></net>

<net id="110"><net_src comp="38" pin="2"/><net_sink comp="107" pin=0"/></net>

<net id="111"><net_src comp="107" pin="1"/><net_sink comp="56" pin=3"/></net>

<net id="115"><net_src comp="77" pin="2"/><net_sink comp="112" pin=0"/></net>

<net id="116"><net_src comp="112" pin="1"/><net_sink comp="83" pin=0"/></net>

<net id="120"><net_src comp="83" pin="1"/><net_sink comp="117" pin=0"/></net>

<net id="121"><net_src comp="117" pin="1"/><net_sink comp="67" pin=0"/></net>

<net id="125"><net_src comp="87" pin="1"/><net_sink comp="122" pin=0"/></net>

<net id="126"><net_src comp="122" pin="1"/><net_sink comp="67" pin=1"/></net>

<net id="130"><net_src comp="67" pin="2"/><net_sink comp="127" pin=0"/></net>

<net id="131"><net_src comp="127" pin="1"/><net_sink comp="56" pin=1"/></net>

<net id="135"><net_src comp="91" pin="1"/><net_sink comp="132" pin=0"/></net>

<net id="136"><net_src comp="132" pin="1"/><net_sink comp="56" pin=4"/></net>

<net id="140"><net_src comp="96" pin="1"/><net_sink comp="137" pin=0"/></net>

<net id="141"><net_src comp="137" pin="1"/><net_sink comp="56" pin=5"/></net>

</net_list>

</model> 
---------------- Datapath Model END ------------------

* FSMD analyzer results:
  - Output states:
	Port: B | {4 5 }
 - Input state : 
	Port: vector_convolution : A | {4 }
	Port: vector_convolution : kernel | {4 }
	Port: vector_convolution : B | {4 5 }
	Port: vector_convolution : size | {1 }
	Port: vector_convolution : kernel_size | {1 }
  - Chain level:
	State 1
		add_ln43_1 : 1
	State 2
		mul_ln40 : 1
	State 3
	State 4
		call_ln40 : 1
	State 5


============================================================
+ Verbose Summary: Datapath Resource usage 
============================================================

* Functional unit list:
|----------|-----------------------------------------------------------------------|---------|---------|---------|---------|
| Operation|                            Functional Unit                            |   DSP   |  Delay  |    FF   |   LUT   |
|----------|-----------------------------------------------------------------------|---------|---------|---------|---------|
|   call   | grp_vector_convolution_Pipeline_VITIS_LOOP_43_1_VITIS_LOOP_45_2_fu_56 |    5    |  1.588  |   830   |   1185  |
|----------|-----------------------------------------------------------------------|---------|---------|---------|---------|
|    mul   |                               grp_fu_67                               |    4    |    0    |   165   |    50   |
|----------|-----------------------------------------------------------------------|---------|---------|---------|---------|
|    add   |                             add_ln43_fu_71                            |    0    |    0    |    0    |    32   |
|          |                            add_ln43_1_fu_77                           |    0    |    0    |    0    |    32   |
|----------|-----------------------------------------------------------------------|---------|---------|---------|---------|
|          |                      kernel_size_read_read_fu_32                      |    0    |    0    |    0    |    0    |
|   read   |                          size_read_read_fu_38                         |    0    |    0    |    0    |    0    |
|          |                         kernel_read_read_fu_44                        |    0    |    0    |    0    |    0    |
|          |                           A_read_read_fu_50                           |    0    |    0    |    0    |    0    |
|----------|-----------------------------------------------------------------------|---------|---------|---------|---------|
|   zext   |                            zext_ln40_fu_83                            |    0    |    0    |    0    |    0    |
|          |                           zext_ln40_1_fu_87                           |    0    |    0    |    0    |    0    |
|----------|-----------------------------------------------------------------------|---------|---------|---------|---------|
|   Total  |                                                                       |    9    |  1.588  |   995   |   1299  |
|----------|-----------------------------------------------------------------------|---------|---------|---------|---------|

Memories:
N/A

* Register list:
+------------------------+--------+
|                        |   FF   |
+------------------------+--------+
|   add_ln43_1_reg_112   |   32   |
| bitcast_ln49_1_reg_137 |   32   |
|  bitcast_ln49_reg_132  |   32   |
|kernel_size_read_reg_101|   32   |
|    mul_ln40_reg_127    |   64   |
|    size_read_reg_107   |   32   |
|   zext_ln40_1_reg_122  |   64   |
|    zext_ln40_reg_117   |   64   |
+------------------------+--------+
|          Total         |   352  |
+------------------------+--------+

* Multiplexer (MUX) list: 
|-----------------------------------------------------------------------|------|------|------|--------||---------||---------||---------|
|                                  Comp                                 |  Pin | Size |  BW  | S x BW ||  Delay  ||    FF   ||   LUT   |
|-----------------------------------------------------------------------|------|------|------|--------||---------||---------||---------|
| grp_vector_convolution_Pipeline_VITIS_LOOP_43_1_VITIS_LOOP_45_2_fu_56 |  p4  |   2  |  32  |   64   ||    0    ||    9    |
| grp_vector_convolution_Pipeline_VITIS_LOOP_43_1_VITIS_LOOP_45_2_fu_56 |  p5  |   2  |  32  |   64   ||    0    ||    9    |
|                               grp_fu_67                               |  p0  |   2  |  32  |   64   ||    0    ||    9    |
|                               grp_fu_67                               |  p1  |   2  |  32  |   64   ||    0    ||    9    |
|-----------------------------------------------------------------------|------|------|------|--------||---------||---------||---------|
|                                 Total                                 |      |      |      |   256  ||  6.352  ||    0    ||    36   |
|-----------------------------------------------------------------------|------|------|------|--------||---------||---------||---------|



* Summary:
+-----------+--------+--------+--------+--------+
|           |   DSP  |  Delay |   FF   |   LUT  |
+-----------+--------+--------+--------+--------+
|  Function |    9   |    1   |   995  |  1299  |
|   Memory  |    -   |    -   |    -   |    -   |
|Multiplexer|    -   |    6   |    0   |   36   |
|  Register |    -   |    -   |   352  |    -   |
+-----------+--------+--------+--------+--------+
|   Total   |    9   |    7   |  1347  |  1335  |
+-----------+--------+--------+--------+--------+
