

================================================================
== Vitis HLS Report for 'vector_convolution_Pipeline_VITIS_LOOP_43_1_VITIS_LOOP_45_2'
================================================================
* Date:           Tue May  5 11:47:44 2026

* Version:        2025.2 (Build 6295257 on Nov 14 2025)
* Project:        proj_fir
* Solution:       fsolution (Vivado IP Flow Target)
* Product family: zynq
* Target device:  xc7z020-clg484-1


================================================================
== Performance Estimates
================================================================
+ Timing: 
    * Summary: 
    +--------+----------+----------+------------+
    |  Clock |  Target  | Estimated| Uncertainty|
    +--------+----------+----------+------------+
    |ap_clk  |  10.00 ns|  7.256 ns|     2.70 ns|
    +--------+----------+----------+------------+

+ Latency: 
    * Summary: 
    +---------+---------+----------+----------+-----+-----+-------------------+
    |  Latency (cycles) |  Latency (absolute) |  Interval |      Pipeline     |
    |   min   |   max   |    min   |    max   | min | max |        Type       |
    +---------+---------+----------+----------+-----+-----+-------------------+
    |        ?|        ?|         ?|         ?|    0|    0|  loop pipeline stp|
    +---------+---------+----------+----------+-----+-----+-------------------+

    + Detail: 
        * Instance: 
        N/A

        * Loop: 
        +-----------------------------------+---------+---------+----------+-----------+-----------+------+----------+
        |                                   |  Latency (cycles) | Iteration|  Initiation Interval  | Trip |          |
        |             Loop Name             |   min   |   max   |  Latency |  achieved |   target  | Count| Pipelined|
        +-----------------------------------+---------+---------+----------+-----------+-----------+------+----------+
        |- VITIS_LOOP_43_1_VITIS_LOOP_45_2  |        ?|        ?|        10|          5|          1|     ?|       yes|
        +-----------------------------------+---------+---------+----------+-----------+-----------+------+----------+

============================================================
+ Verbose Summary: Synthesis Manager
============================================================
InlineROM: 1
ExposeGlobal: 0
============================================================
+ Verbose Summary: CDFG Model
============================================================
IsTopModel: 0
ResetActiveHigh: 1
IsCombinational: 0
IsDatapathOnly: 0
HasWiredReturn: 1
HasMFsm: 2
HasVarLatency: 1
IsPipeline: 0
IsRtlPipelined: 0
IsInstanceOverlapped: 0
IsDontTouch: 0
HasImplIP: 0
IsGatedGlobalClock: 0

+ Individual pipeline summary: 
  * Pipeline-0: initiation interval (II) = 5, depth = 11


============================================================
+ Verbose Summary: Schedule
============================================================
* Number of FSM states : 11
* Pipeline : 1
  Pipeline-0 : II = 5, D = 11, States = { 1 2 3 4 5 6 7 8 9 10 11 }
* Dataflow Pipeline: 0

* FSM state transitions: 
1 --> 2 
2 --> 3 
3 --> 4 
4 --> 5 
5 --> 6 
6 --> 7 
7 --> 8 
8 --> 9 
9 --> 10 
10 --> 11 
11 --> 

* FSM state operations: 

State 1 <SV = 0> <Delay = 1.58>
ST_1 : Operation 13 [1/1] (0.00ns)   --->   "%j = alloca i32 1" [cpu_functions.cpp:45]   --->   Operation 13 'alloca' 'j' <Predicate = true> <Delay = 0.00>
ST_1 : Operation 14 [1/1] (0.00ns)   --->   "%i = alloca i32 1" [cpu_functions.cpp:43]   --->   Operation 14 'alloca' 'i' <Predicate = true> <Delay = 0.00>
ST_1 : Operation 15 [1/1] (0.00ns)   --->   "%indvar_flatten = alloca i32 1"   --->   Operation 15 'alloca' 'indvar_flatten' <Predicate = true> <Delay = 0.00>
ST_1 : Operation 16 [1/1] (0.00ns)   --->   "%bitcast_ln49_1_read = read i32 @_ssdm_op_Read.ap_auto.float, i32 %bitcast_ln49_1"   --->   Operation 16 'read' 'bitcast_ln49_1_read' <Predicate = true> <Delay = 0.00>
ST_1 : Operation 17 [1/1] (0.00ns)   --->   "%bitcast_ln49_read = read i32 @_ssdm_op_Read.ap_auto.float, i32 %bitcast_ln49"   --->   Operation 17 'read' 'bitcast_ln49_read' <Predicate = true> <Delay = 0.00>
ST_1 : Operation 18 [1/1] (0.00ns)   --->   "%size_read = read i32 @_ssdm_op_Read.ap_auto.i32, i32 %size"   --->   Operation 18 'read' 'size_read' <Predicate = true> <Delay = 0.00>
ST_1 : Operation 19 [1/1] (0.00ns)   --->   "%kernel_size_read = read i32 @_ssdm_op_Read.ap_auto.i32, i32 %kernel_size"   --->   Operation 19 'read' 'kernel_size_read' <Predicate = true> <Delay = 0.00>
ST_1 : Operation 20 [1/1] (0.00ns)   --->   "%mul_ln40_read = read i64 @_ssdm_op_Read.ap_auto.i64, i64 %mul_ln40"   --->   Operation 20 'read' 'mul_ln40_read' <Predicate = true> <Delay = 0.00>
ST_1 : Operation 21 [1/1] (1.58ns)   --->   "%store_ln0 = store i64 0, i64 %indvar_flatten"   --->   Operation 21 'store' 'store_ln0' <Predicate = true> <Delay = 1.58>
ST_1 : Operation 22 [1/1] (1.58ns)   --->   "%store_ln43 = store i32 0, i32 %i" [cpu_functions.cpp:43]   --->   Operation 22 'store' 'store_ln43' <Predicate = true> <Delay = 1.58>
ST_1 : Operation 23 [1/1] (1.58ns)   --->   "%store_ln45 = store i32 0, i32 %j" [cpu_functions.cpp:45]   --->   Operation 23 'store' 'store_ln45' <Predicate = true> <Delay = 1.58>
ST_1 : Operation 24 [1/1] (0.00ns)   --->   "%br_ln0 = br void %for.body4"   --->   Operation 24 'br' 'br_ln0' <Predicate = true> <Delay = 0.00>

State 2 <SV = 1> <Delay = 5.10>
ST_2 : Operation 25 [1/1] (0.00ns)   --->   "%indvar_flatten_load = load i64 %indvar_flatten" [cpu_functions.cpp:43]   --->   Operation 25 'load' 'indvar_flatten_load' <Predicate = true> <Delay = 0.00>
ST_2 : Operation 26 [1/1] (3.52ns)   --->   "%icmp_ln43 = icmp_eq  i64 %indvar_flatten_load, i64 %mul_ln40_read" [cpu_functions.cpp:43]   --->   Operation 26 'icmp' 'icmp_ln43' <Predicate = true> <Delay = 3.52> <CoreInst = "Cmp">   --->   Core 9 'Cmp' <Latency = 0> <II = 1> <Delay = 3.52> <FuncUnit> <Opcode : 'seteq' 'setne' 'setle' 'setge' 'setlt' 'setgt'> <InPorts = 2> <OutPorts = 1>
ST_2 : Operation 27 [1/1] (0.00ns)   --->   "%br_ln43 = br i1 %icmp_ln43, void %for.inc23, void %for.end25.exitStub" [cpu_functions.cpp:43]   --->   Operation 27 'br' 'br_ln43' <Predicate = true> <Delay = 0.00>
ST_2 : Operation 28 [1/1] (0.00ns)   --->   "%j_load = load i32 %j" [cpu_functions.cpp:45]   --->   Operation 28 'load' 'j_load' <Predicate = (!icmp_ln43)> <Delay = 0.00>
ST_2 : Operation 29 [1/1] (0.00ns)   --->   "%i_load = load i32 %i" [cpu_functions.cpp:43]   --->   Operation 29 'load' 'i_load' <Predicate = (!icmp_ln43)> <Delay = 0.00>
ST_2 : Operation 30 [1/1] (3.52ns)   --->   "%add_ln43 = add i64 %indvar_flatten_load, i64 1" [cpu_functions.cpp:43]   --->   Operation 30 'add' 'add_ln43' <Predicate = (!icmp_ln43)> <Delay = 3.52> <CoreInst = "Adder">   --->   Core 1 'Adder' <Latency = 0> <II = 1> <Delay = 3.52> <FuncUnit> <Opcode : 'add' 'sub'> <InPorts = 2> <OutPorts = 1>
ST_2 : Operation 31 [1/1] (2.55ns)   --->   "%icmp_ln45 = icmp_eq  i32 %j_load, i32 %kernel_size_read" [cpu_functions.cpp:45]   --->   Operation 31 'icmp' 'icmp_ln45' <Predicate = (!icmp_ln43)> <Delay = 2.55> <CoreInst = "Cmp">   --->   Core 9 'Cmp' <Latency = 0> <II = 1> <Delay = 2.55> <FuncUnit> <Opcode : 'seteq' 'setne' 'setle' 'setge' 'setlt' 'setgt'> <InPorts = 2> <OutPorts = 1>
ST_2 : Operation 32 [1/1] (0.69ns)   --->   "%select_ln43 = select i1 %icmp_ln45, i32 0, i32 %j_load" [cpu_functions.cpp:43]   --->   Operation 32 'select' 'select_ln43' <Predicate = (!icmp_ln43)> <Delay = 0.69> <CoreInst = "Sel">   --->   Core 73 'Sel' <Latency = 0> <II = 1> <Delay = 0.69> <FuncUnit> <Opcode : 'select'> <InPorts = 3> <OutPorts = 1>
ST_2 : Operation 33 [1/1] (2.55ns)   --->   "%add_ln43_1 = add i32 %i_load, i32 1" [cpu_functions.cpp:43]   --->   Operation 33 'add' 'add_ln43_1' <Predicate = (!icmp_ln43)> <Delay = 2.55> <CoreInst = "Adder">   --->   Core 1 'Adder' <Latency = 0> <II = 1> <Delay = 2.55> <FuncUnit> <Opcode : 'add' 'sub'> <InPorts = 2> <OutPorts = 1>
ST_2 : Operation 34 [1/1] (0.69ns)   --->   "%select_ln43_1 = select i1 %icmp_ln45, i32 %add_ln43_1, i32 %i_load" [cpu_functions.cpp:43]   --->   Operation 34 'select' 'select_ln43_1' <Predicate = (!icmp_ln43)> <Delay = 0.69> <CoreInst = "Sel">   --->   Core 73 'Sel' <Latency = 0> <II = 1> <Delay = 0.69> <FuncUnit> <Opcode : 'select'> <InPorts = 3> <OutPorts = 1>
ST_2 : Operation 35 [1/1] (2.55ns)   --->   "%sub_ln47 = sub i32 1, i32 %kernel_size_read" [cpu_functions.cpp:47]   --->   Operation 35 'sub' 'sub_ln47' <Predicate = (!icmp_ln43)> <Delay = 2.55> <CoreInst = "Adder">   --->   Core 1 'Adder' <Latency = 0> <II = 1> <Delay = 2.55> <FuncUnit> <Opcode : 'add' 'sub'> <InPorts = 2> <OutPorts = 1>
ST_2 : Operation 36 [1/1] (1.58ns)   --->   "%store_ln43 = store i64 %add_ln43, i64 %indvar_flatten" [cpu_functions.cpp:43]   --->   Operation 36 'store' 'store_ln43' <Predicate = (!icmp_ln43)> <Delay = 1.58>
ST_2 : Operation 37 [1/1] (1.58ns)   --->   "%store_ln43 = store i32 %select_ln43_1, i32 %i" [cpu_functions.cpp:43]   --->   Operation 37 'store' 'store_ln43' <Predicate = (!icmp_ln43)> <Delay = 1.58>

State 3 <SV = 2> <Delay = 6.92>
ST_3 : Operation 38 [1/1] (0.00ns)   --->   "%specloopname_ln0 = specloopname void @_ssdm_op_SpecLoopName, void @VITIS_LOOP_43_1_VITIS_LOOP_45_2_str"   --->   Operation 38 'specloopname' 'specloopname_ln0' <Predicate = (!icmp_ln43)> <Delay = 0.00>
ST_3 : Operation 39 [1/1] (0.00ns)   --->   "%specpipeline_ln45 = specpipeline void @_ssdm_op_SpecPipeline, i32 4294967295, i32 0, i32 0, i32 0, i32 4294967295, void @empty_0" [cpu_functions.cpp:45]   --->   Operation 39 'specpipeline' 'specpipeline_ln45' <Predicate = (!icmp_ln43)> <Delay = 0.00>
ST_3 : Operation 40 [1/1] (0.00ns) (grouped into TernaryAdder)   --->   "%add_ln47 = add i32 %select_ln43, i32 %sub_ln47" [cpu_functions.cpp:47]   --->   Operation 40 'add' 'add_ln47' <Predicate = (!icmp_ln43)> <Delay = 0.00> <CoreInst = "TAddSub">   --->   Core 10 'TAddSub' <Latency = 0> <II = 1> <Delay = 2.18> <IPBlock> <Opcode : 'add' 'sub'> <InPorts = 3> <OutPorts = 1> <Sync> <CReg>
ST_3 : Operation 41 [1/1] (4.37ns) (root node of TernaryAdder)   --->   "%add_ln47_1 = add i32 %add_ln47, i32 %select_ln43_1" [cpu_functions.cpp:47]   --->   Operation 41 'add' 'add_ln47_1' <Predicate = (!icmp_ln43)> <Delay = 4.37> <CoreInst = "TAddSub">   --->   Core 10 'TAddSub' <Latency = 0> <II = 1> <Delay = 2.18> <IPBlock> <Opcode : 'add' 'sub'> <InPorts = 3> <OutPorts = 1> <Sync> <CReg>
ST_3 : Operation 42 [1/1] (2.55ns)   --->   "%icmp_ln47 = icmp_ult  i32 %add_ln47_1, i32 %size_read" [cpu_functions.cpp:47]   --->   Operation 42 'icmp' 'icmp_ln47' <Predicate = (!icmp_ln43)> <Delay = 2.55> <CoreInst = "Cmp">   --->   Core 9 'Cmp' <Latency = 0> <II = 1> <Delay = 2.55> <FuncUnit> <Opcode : 'seteq' 'setne' 'setle' 'setge' 'setlt' 'setgt'> <InPorts = 2> <OutPorts = 1>
ST_3 : Operation 43 [1/1] (0.00ns)   --->   "%br_ln47 = br i1 %icmp_ln47, void %for.inc, void %if.then" [cpu_functions.cpp:47]   --->   Operation 43 'br' 'br_ln47' <Predicate = (!icmp_ln43)> <Delay = 0.00>
ST_3 : Operation 44 [4/4] (5.70ns)   --->   "%mul = fmul i32 %bitcast_ln49_read, i32 %bitcast_ln49_1_read" [cpu_functions.cpp:49]   --->   Operation 44 'fmul' 'mul' <Predicate = (!icmp_ln43 & icmp_ln47)> <Delay = 5.70> <CoreInst = "FMul_maxdsp">   --->   Core 30 'FMul_maxdsp' <Latency = 3> <II = 1> <Delay = 5.70> <FuncUnit> <Opcode : 'fmul'> <InPorts = 2> <OutPorts = 1>

State 4 <SV = 3> <Delay = 5.70>
ST_4 : Operation 45 [3/4] (5.70ns)   --->   "%mul = fmul i32 %bitcast_ln49_read, i32 %bitcast_ln49_1_read" [cpu_functions.cpp:49]   --->   Operation 45 'fmul' 'mul' <Predicate = (!icmp_ln43 & icmp_ln47)> <Delay = 5.70> <CoreInst = "FMul_maxdsp">   --->   Core 30 'FMul_maxdsp' <Latency = 3> <II = 1> <Delay = 5.70> <FuncUnit> <Opcode : 'fmul'> <InPorts = 2> <OutPorts = 1>

State 5 <SV = 4> <Delay = 5.70>
ST_5 : Operation 46 [2/4] (5.70ns)   --->   "%mul = fmul i32 %bitcast_ln49_read, i32 %bitcast_ln49_1_read" [cpu_functions.cpp:49]   --->   Operation 46 'fmul' 'mul' <Predicate = (!icmp_ln43 & icmp_ln47)> <Delay = 5.70> <CoreInst = "FMul_maxdsp">   --->   Core 30 'FMul_maxdsp' <Latency = 3> <II = 1> <Delay = 5.70> <FuncUnit> <Opcode : 'fmul'> <InPorts = 2> <OutPorts = 1>

State 6 <SV = 5> <Delay = 5.70>
ST_6 : Operation 47 [1/4] (5.70ns)   --->   "%mul = fmul i32 %bitcast_ln49_read, i32 %bitcast_ln49_1_read" [cpu_functions.cpp:49]   --->   Operation 47 'fmul' 'mul' <Predicate = (!icmp_ln43 & icmp_ln47)> <Delay = 5.70> <CoreInst = "FMul_maxdsp">   --->   Core 30 'FMul_maxdsp' <Latency = 3> <II = 1> <Delay = 5.70> <FuncUnit> <Opcode : 'fmul'> <InPorts = 2> <OutPorts = 1>
ST_6 : Operation 48 [1/1] (2.55ns)   --->   "%add_ln45 = add i32 %select_ln43, i32 1" [cpu_functions.cpp:45]   --->   Operation 48 'add' 'add_ln45' <Predicate = (!icmp_ln43)> <Delay = 2.55> <CoreInst = "Adder">   --->   Core 1 'Adder' <Latency = 0> <II = 1> <Delay = 2.55> <FuncUnit> <Opcode : 'add' 'sub'> <InPorts = 2> <OutPorts = 1>
ST_6 : Operation 49 [1/1] (1.58ns)   --->   "%store_ln45 = store i32 %add_ln45, i32 %j" [cpu_functions.cpp:45]   --->   Operation 49 'store' 'store_ln45' <Predicate = (!icmp_ln43)> <Delay = 1.58>
ST_6 : Operation 50 [1/1] (0.00ns)   --->   "%br_ln45 = br void %for.body4" [cpu_functions.cpp:45]   --->   Operation 50 'br' 'br_ln45' <Predicate = (!icmp_ln43)> <Delay = 0.00>
ST_6 : Operation 61 [1/1] (1.58ns)   --->   "%ret_ln0 = ret"   --->   Operation 61 'ret' 'ret_ln0' <Predicate = (icmp_ln43)> <Delay = 1.58>

State 7 <SV = 6> <Delay = 7.25>
ST_7 : Operation 51 [1/1] (0.00ns)   --->   "%B_read = read i32 @_ssdm_op_Read.ap_auto.i32P0A, i32 %B" [cpu_functions.cpp:49]   --->   Operation 51 'read' 'B_read' <Predicate = (icmp_ln47)> <Delay = 0.00>
ST_7 : Operation 52 [1/1] (0.00ns)   --->   "%bitcast_ln49_2 = bitcast i32 %B_read" [cpu_functions.cpp:49]   --->   Operation 52 'bitcast' 'bitcast_ln49_2' <Predicate = (icmp_ln47)> <Delay = 0.00>
ST_7 : Operation 53 [5/5] (7.25ns)   --->   "%add = fadd i32 %bitcast_ln49_2, i32 %mul" [cpu_functions.cpp:49]   --->   Operation 53 'fadd' 'add' <Predicate = (icmp_ln47)> <Delay = 7.25> <CoreInst = "FAddSub_fulldsp">   --->   Core 18 'FAddSub_fulldsp' <Latency = 4> <II = 1> <Delay = 7.25> <FuncUnit> <Opcode : 'fadd' 'fsub'> <InPorts = 2> <OutPorts = 1>

State 8 <SV = 7> <Delay = 7.25>
ST_8 : Operation 54 [4/5] (7.25ns)   --->   "%add = fadd i32 %bitcast_ln49_2, i32 %mul" [cpu_functions.cpp:49]   --->   Operation 54 'fadd' 'add' <Predicate = (icmp_ln47)> <Delay = 7.25> <CoreInst = "FAddSub_fulldsp">   --->   Core 18 'FAddSub_fulldsp' <Latency = 4> <II = 1> <Delay = 7.25> <FuncUnit> <Opcode : 'fadd' 'fsub'> <InPorts = 2> <OutPorts = 1>

State 9 <SV = 8> <Delay = 7.25>
ST_9 : Operation 55 [3/5] (7.25ns)   --->   "%add = fadd i32 %bitcast_ln49_2, i32 %mul" [cpu_functions.cpp:49]   --->   Operation 55 'fadd' 'add' <Predicate = (icmp_ln47)> <Delay = 7.25> <CoreInst = "FAddSub_fulldsp">   --->   Core 18 'FAddSub_fulldsp' <Latency = 4> <II = 1> <Delay = 7.25> <FuncUnit> <Opcode : 'fadd' 'fsub'> <InPorts = 2> <OutPorts = 1>

State 10 <SV = 9> <Delay = 7.25>
ST_10 : Operation 56 [2/5] (7.25ns)   --->   "%add = fadd i32 %bitcast_ln49_2, i32 %mul" [cpu_functions.cpp:49]   --->   Operation 56 'fadd' 'add' <Predicate = (icmp_ln47)> <Delay = 7.25> <CoreInst = "FAddSub_fulldsp">   --->   Core 18 'FAddSub_fulldsp' <Latency = 4> <II = 1> <Delay = 7.25> <FuncUnit> <Opcode : 'fadd' 'fsub'> <InPorts = 2> <OutPorts = 1>

State 11 <SV = 10> <Delay = 7.25>
ST_11 : Operation 57 [1/5] (7.25ns)   --->   "%add = fadd i32 %bitcast_ln49_2, i32 %mul" [cpu_functions.cpp:49]   --->   Operation 57 'fadd' 'add' <Predicate = (icmp_ln47)> <Delay = 7.25> <CoreInst = "FAddSub_fulldsp">   --->   Core 18 'FAddSub_fulldsp' <Latency = 4> <II = 1> <Delay = 7.25> <FuncUnit> <Opcode : 'fadd' 'fsub'> <InPorts = 2> <OutPorts = 1>
ST_11 : Operation 58 [1/1] (0.00ns)   --->   "%bitcast_ln49_3 = bitcast i32 %add" [cpu_functions.cpp:49]   --->   Operation 58 'bitcast' 'bitcast_ln49_3' <Predicate = (icmp_ln47)> <Delay = 0.00>
ST_11 : Operation 59 [1/1] (0.00ns)   --->   "%write_ln49 = write void @_ssdm_op_Write.ap_auto.i32P0A, i32 %B, i32 %bitcast_ln49_3" [cpu_functions.cpp:49]   --->   Operation 59 'write' 'write_ln49' <Predicate = (icmp_ln47)> <Delay = 0.00>
ST_11 : Operation 60 [1/1] (0.00ns)   --->   "%br_ln50 = br void %for.inc" [cpu_functions.cpp:50]   --->   Operation 60 'br' 'br_ln50' <Predicate = (icmp_ln47)> <Delay = 0.00>


============================================================
+ Verbose Summary: Timing violations
============================================================
Target clock period: 10.000ns, clock uncertainty: 2.700ns.

 <State 1>: 1.588ns
The critical path consists of the following:
	'alloca' operation 64 bit ('indvar_flatten') [9]  (0.000 ns)
	'store' operation ('store_ln0') of constant 0 64 bit on local variable 'indvar_flatten' [15]  (1.588 ns)

 <State 2>: 5.108ns
The critical path consists of the following:
	'load' operation 64 bit ('indvar_flatten_load', cpu_functions.cpp:43) on local variable 'indvar_flatten' [20]  (0.000 ns)
	'icmp' operation 1 bit ('icmp_ln43', cpu_functions.cpp:43) [21]  (3.520 ns)
	'store' operation ('store_ln43', cpu_functions.cpp:43) of variable 'add_ln43', cpu_functions.cpp:43 64 bit on local variable 'indvar_flatten' [48]  (1.588 ns)

 <State 3>: 6.923ns
The critical path consists of the following:
	'add' operation 32 bit ('add_ln47', cpu_functions.cpp:47) [34]  (0.000 ns)
	'add' operation 32 bit ('add_ln47_1', cpu_functions.cpp:47) [35]  (4.371 ns)
	'icmp' operation 1 bit ('icmp_ln47', cpu_functions.cpp:47) [36]  (2.552 ns)

 <State 4>: 5.702ns
The critical path consists of the following:
	'fmul' operation 32 bit ('mul', cpu_functions.cpp:49) [39]  (5.702 ns)

 <State 5>: 5.702ns
The critical path consists of the following:
	'fmul' operation 32 bit ('mul', cpu_functions.cpp:49) [39]  (5.702 ns)

 <State 6>: 5.702ns
The critical path consists of the following:
	'fmul' operation 32 bit ('mul', cpu_functions.cpp:49) [39]  (5.702 ns)

 <State 7>: 7.256ns
The critical path consists of the following:
	wire read operation ('B_read', cpu_functions.cpp:49) on port 'B' (cpu_functions.cpp:49) [40]  (0.000 ns)
	'fadd' operation 32 bit ('add', cpu_functions.cpp:49) [42]  (7.256 ns)

 <State 8>: 7.256ns
The critical path consists of the following:
	'fadd' operation 32 bit ('add', cpu_functions.cpp:49) [42]  (7.256 ns)

 <State 9>: 7.256ns
The critical path consists of the following:
	'fadd' operation 32 bit ('add', cpu_functions.cpp:49) [42]  (7.256 ns)

 <State 10>: 7.256ns
The critical path consists of the following:
	'fadd' operation 32 bit ('add', cpu_functions.cpp:49) [42]  (7.256 ns)

 <State 11>: 7.256ns
The critical path consists of the following:
	'fadd' operation 32 bit ('add', cpu_functions.cpp:49) [42]  (7.256 ns)


============================================================
+ Verbose Summary: Binding
============================================================
N/A
* FSMD analyzer results:
  - Output states:
 - Input state : 
  - Chain level:
	State 1
	State 2
	State 3
	State 4
	State 5
	State 6
	State 7
	State 8
	State 9
	State 10
	State 11


============================================================
+ Verbose Summary: Datapath Resource usage 
============================================================
N/A
