

================================================================
== Synthesis Summary Report of 'vector_convolution'
================================================================
+ General Information: 
    * Date:           Tue May  5 11:47:44 2026
    * Version:        2025.2 (Build 6295257 on Nov 14 2025)
    * Project:        proj_fir
    * Solution:       fsolution (Vivado IP Flow Target)
    * Product family: zynq
    * Target device:  xc7z020-clg484-1
    

* Performance & Resource Estimates: 
+----------------------------------------------------------------+------+-------------------+----------+---------+------+----------+---------+-----+------+------+--------+------------+-----------+-----+
|                             Modules                            | Issue|                   | Iteration|         | Trip |          |    Latency    |      |      |        |            |           |     |
|                             & Loops                            | Type |   Violation Type  |  Latency | Interval| Count| Pipelined| (cycles)| (ns)| Slack| BRAM |   DSP  |     FF     |    LUT    | URAM|
+----------------------------------------------------------------+------+-------------------+----------+---------+------+----------+---------+-----+------+------+--------+------------+-----------+-----+
|+ vector_convolution                                            |     -|                  -|         -|        -|     -|        no|        -|    -|  0.04|     -|  9 (4%)|  1044 (~0%)|  1444 (2%)|    -|
| + vector_convolution_Pipeline_VITIS_LOOP_43_1_VITIS_LOOP_45_2  |     -|                  -|         -|        -|     -|       yes|        -|    -|  0.04|     -|  5 (2%)|   617 (~0%)|  1290 (2%)|    -|
|  o VITIS_LOOP_43_1_VITIS_LOOP_45_2                             |    II|  Memory Dependency|        10|        5|     -|       yes|        -|    -|  7.30|     -|       -|           -|          -|    -|
+----------------------------------------------------------------+------+-------------------+----------+---------+------+----------+---------+-----+------+------+--------+------------+-----------+-----+
    II Violation Information: docs.amd.com/access/sources/dita/topic?Doc_Version=2025.2%20English&url=ug1448-hls-guidance&resourceid=200-880.html
    Name Prefix: '+' for module, 'o' for loop, '*' for dataflow


================================================================
== HW Interfaces
================================================================
* Other Ports
+-------------+---------+-----------+----------+
| Port        | Mode    | Direction | Bitwidth |
+-------------+---------+-----------+----------+
| A           | ap_none | in        | 32       |
| B_i         | ap_ovld | in        | 32       |
| B_o         | ap_ovld | out       | 32       |
| kernel      | ap_none | in        | 32       |
| kernel_size | ap_none | in        | 32       |
| size        | ap_none | in        | 32       |
+-------------+---------+-----------+----------+

* TOP LEVEL CONTROL
+-----------+------------+-----------------------------------+
| Interface | Type       | Ports                             |
+-----------+------------+-----------------------------------+
| ap_clk    | clock      | ap_clk                            |
| ap_rst    | reset      | ap_rst                            |
| ap_ctrl   | ap_ctrl_hs | ap_done ap_idle ap_ready ap_start |
+-----------+------------+-----------------------------------+


================================================================
== SW I/O Information
================================================================
* Top Function Arguments
+-------------+-----------+---------------+
| Argument    | Direction | Datatype      |
+-------------+-----------+---------------+
| A           | in        | float const * |
| kernel      | in        | float*        |
| B           | inout     | float*        |
| size        | in        | int const     |
| kernel_size | in        | int const     |
+-------------+-----------+---------------+

* SW-to-HW Mapping
+-------------+--------------+---------+
| Argument    | HW Interface | HW Type |
+-------------+--------------+---------+
| A           | A            | port    |
| kernel      | kernel       | port    |
| B           | B_i          | port    |
| B           | B_o          | port    |
| B           | B_o_ap_vld   | port    |
| size        | size         | port    |
| kernel_size | kernel_size  | port    |
+-------------+--------------+---------+


================================================================
== Bind Op Report
================================================================
+----------------------------------------------------------------+-----+--------+---------------+--------+----------+---------+
| Name                                                           | DSP | Pragma | Variable      | Op     | Impl     | Latency |
+----------------------------------------------------------------+-----+--------+---------------+--------+----------+---------+
| + vector_convolution                                           | 9   |        |               |        |          |         |
|   mul_32ns_32ns_64_2_1_U11                                     | 4   |        | mul_ln40      | mul    | auto     | 1       |
|  + vector_convolution_Pipeline_VITIS_LOOP_43_1_VITIS_LOOP_45_2 | 5   |        |               |        |          |         |
|    icmp_ln43_fu_121_p2                                         |     |        | icmp_ln43     | seteq  | auto     | 0       |
|    add_ln43_fu_132_p2                                          |     |        | add_ln43      | add    | fabric   | 0       |
|    icmp_ln45_fu_138_p2                                         |     |        | icmp_ln45     | seteq  | auto     | 0       |
|    select_ln43_fu_143_p3                                       |     |        | select_ln43   | select | auto_sel | 0       |
|    add_ln43_1_fu_151_p2                                        |     |        | add_ln43_1    | add    | fabric   | 0       |
|    select_ln43_1_fu_157_p3                                     |     |        | select_ln43_1 | select | auto_sel | 0       |
|    sub_ln47_fu_165_p2                                          |     |        | sub_ln47      | sub    | fabric   | 0       |
|    icmp_ln47_fu_189_p2                                         |     |        | icmp_ln47     | setlt  | auto     | 0       |
|    fmul_32ns_32ns_32_4_max_dsp_1_U2                            | 3   |        | mul           | fmul   | maxdsp   | 3       |
|    fadd_32ns_32ns_32_5_full_dsp_1_U1                           | 2   |        | add           | fadd   | fulldsp  | 4       |
|    add_ln45_fu_194_p2                                          |     |        | add_ln45      | add    | fabric   | 0       |
+----------------------------------------------------------------+-----+--------+---------------+--------+----------+---------+


================================================================
== Storage Report
================================================================
  No bind storage info in design

================================================================
== Pragma Report
================================================================
* Inferred Pragmas
+--------------+---------+---------------------------------------------------------------------------------------------+------------------------------------------------------+
| Type         | Options | Location                                                                                    | Inferred From                                        |
+--------------+---------+---------------------------------------------------------------------------------------------+------------------------------------------------------+
| LOOP_FLATTEN |         | loop VITIS_LOOP_43_1 (cpu_functions.cpp:43:19) in vector_convolution (cpu_functions.cpp:43) | pipeline cpu_functions.cpp:45 (Performance Budgeter) |
| PIPELINE     |         | loop VITIS_LOOP_45_2 (cpu_functions.cpp:45:20) in vector_convolution (cpu_functions.cpp:45) | syn.compile.pipeline_loops=64                        |
+--------------+---------+---------------------------------------------------------------------------------------------+------------------------------------------------------+


