

================================================================
== Vitis HLS Report for 'vector_convolution_Pipeline_VITIS_LOOP_43_1_VITIS_LOOP_45_2'
================================================================
* Date:           Tue May  5 11:47:44 2026

* Version:        2025.2 (Build 6295257 on Nov 14 2025)
* Project:        proj_fir
* Solution:       fsolution (Vivado IP Flow Target)
* Product family: zynq
* Target device:  xc7z020-clg484-1


================================================================
== Performance Estimates
================================================================
+ Timing: 
    * Summary: 
    +--------+----------+----------+------------+
    |  Clock |  Target  | Estimated| Uncertainty|
    +--------+----------+----------+------------+
    |ap_clk  |  10.00 ns|  7.256 ns|     2.70 ns|
    +--------+----------+----------+------------+

+ Latency: 
    * Summary: 
    +---------+---------+----------+----------+-----+-----+-------------------+
    |  Latency (cycles) |  Latency (absolute) |  Interval |      Pipeline     |
    |   min   |   max   |    min   |    max   | min | max |        Type       |
    +---------+---------+----------+----------+-----+-----+-------------------+
    |        ?|        ?|         ?|         ?|    0|    0|  loop pipeline stp|
    +---------+---------+----------+----------+-----+-----+-------------------+

    + Detail: 
        * Instance: 
        N/A

        * Loop: 
        +-----------------------------------+---------+---------+----------+-----------+-----------+------+----------+
        |                                   |  Latency (cycles) | Iteration|  Initiation Interval  | Trip |          |
        |             Loop Name             |   min   |   max   |  Latency |  achieved |   target  | Count| Pipelined|
        +-----------------------------------+---------+---------+----------+-----------+-----------+------+----------+
        |- VITIS_LOOP_43_1_VITIS_LOOP_45_2  |        ?|        ?|        10|          5|          1|     ?|       yes|
        +-----------------------------------+---------+---------+----------+-----------+-----------+------+----------+



================================================================
== Utilization Estimates
================================================================
* Summary: 
+-----------------+---------+-----+--------+-------+-----+
|       Name      | BRAM_18K| DSP |   FF   |  LUT  | URAM|
+-----------------+---------+-----+--------+-------+-----+
|DSP              |        -|    -|       -|      -|    -|
|Expression       |        -|    -|       0|    467|    -|
|FIFO             |        -|    -|       -|      -|    -|
|Instance         |        -|    5|     348|    711|    -|
|Memory           |        -|    -|       -|      -|    -|
|Multiplexer      |        -|    -|       0|    112|    -|
|Register         |        -|    -|     269|      -|    -|
+-----------------+---------+-----+--------+-------+-----+
|Total            |        0|    5|     617|   1290|    0|
+-----------------+---------+-----+--------+-------+-----+
|Available        |      280|  220|  106400|  53200|    0|
+-----------------+---------+-----+--------+-------+-----+
|Utilization (%)  |        0|    2|      ~0|      2|    0|
+-----------------+---------+-----+--------+-------+-----+

+ Detail: 
    * Instance: 
    +-----------------------------------+--------------------------------+---------+----+-----+-----+-----+
    |              Instance             |             Module             | BRAM_18K| DSP|  FF | LUT | URAM|
    +-----------------------------------+--------------------------------+---------+----+-----+-----+-----+
    |fadd_32ns_32ns_32_5_full_dsp_1_U1  |fadd_32ns_32ns_32_5_full_dsp_1  |        0|   2|  205|  390|    0|
    |fmul_32ns_32ns_32_4_max_dsp_1_U2   |fmul_32ns_32ns_32_4_max_dsp_1   |        0|   3|  143|  321|    0|
    +-----------------------------------+--------------------------------+---------+----+-----+-----+-----+
    |Total                              |                                |        0|   5|  348|  711|    0|
    +-----------------------------------+--------------------------------+---------+----+-----+-----+-----+

    * DSP: 
    N/A

    * Memory: 
    N/A

    * FIFO: 
    N/A

    * Expression: 
    +-------------------------+----------+----+---+----+------------+------------+
    |      Variable Name      | Operation| DSP| FF| LUT| Bitwidth P0| Bitwidth P1|
    +-------------------------+----------+----+---+----+------------+------------+
    |add_ln43_1_fu_151_p2     |         +|   0|  0|  39|          32|           1|
    |add_ln43_fu_132_p2       |         +|   0|  0|  71|          64|           1|
    |add_ln45_fu_194_p2       |         +|   0|  0|  39|          32|           1|
    |add_ln47_1_fu_184_p2     |         +|   0|  0|  32|          32|          32|
    |add_ln47_fu_180_p2       |         +|   0|  0|  32|          32|          32|
    |sub_ln47_fu_165_p2       |         -|   0|  0|  39|           1|          32|
    |icmp_ln43_fu_121_p2      |      icmp|   0|  0|  71|          64|          64|
    |icmp_ln45_fu_138_p2      |      icmp|   0|  0|  39|          32|          32|
    |icmp_ln47_fu_189_p2      |      icmp|   0|  0|  39|          32|          32|
    |select_ln43_1_fu_157_p3  |    select|   0|  0|  32|           1|          32|
    |select_ln43_fu_143_p3    |    select|   0|  0|  32|           1|           1|
    |ap_enable_pp0            |       xor|   0|  0|   2|           1|           2|
    +-------------------------+----------+----+---+----+------------+------------+
    |Total                    |          |   0|  0| 467|         324|         262|
    +-------------------------+----------+----+---+----+------------+------------+

    * Multiplexer: 
    +----------------------------------+----+-----------+-----+-----------+
    |               Name               | LUT| Input Size| Bits| Total Bits|
    +----------------------------------+----+-----------+-----+-----------+
    |B_o                               |   9|          2|   32|         64|
    |ap_NS_fsm                         |  31|          6|    1|          6|
    |ap_done_int                       |   9|          2|    1|          2|
    |ap_enable_reg_pp0_iter0           |   9|          2|    1|          2|
    |ap_enable_reg_pp0_iter1           |   9|          2|    1|          2|
    |ap_enable_reg_pp0_iter2           |   9|          2|    1|          2|
    |ap_loop_exit_ready_pp0_iter1_reg  |   9|          2|    1|          2|
    |i_fu_44                           |   9|          2|   32|         64|
    |indvar_flatten_fu_48              |   9|          2|   64|        128|
    |j_fu_40                           |   9|          2|   32|         64|
    +----------------------------------+----+-----------+-----+-----------+
    |Total                             | 112|         24|  166|        336|
    +----------------------------------+----+-----------+-----+-----------+

    * Register: 
    +----------------------------------+----+----+-----+-----------+
    |               Name               | FF | LUT| Bits| Const Bits|
    +----------------------------------+----+----+-----+-----------+
    |ap_CS_fsm                         |   5|   0|    5|          0|
    |ap_done_reg                       |   1|   0|    1|          0|
    |ap_enable_reg_pp0_iter0_reg       |   1|   0|    1|          0|
    |ap_enable_reg_pp0_iter1           |   1|   0|    1|          0|
    |ap_enable_reg_pp0_iter2           |   1|   0|    1|          0|
    |ap_loop_exit_ready_pp0_iter1_reg  |   1|   0|    1|          0|
    |i_fu_44                           |  32|   0|   32|          0|
    |icmp_ln43_reg_261                 |   1|   0|    1|          0|
    |icmp_ln47_reg_281                 |   1|   0|    1|          0|
    |icmp_ln47_reg_281_pp0_iter1_reg   |   1|   0|    1|          0|
    |indvar_flatten_fu_48              |  64|   0|   64|          0|
    |j_fu_40                           |  32|   0|   32|          0|
    |mul_reg_285                       |  32|   0|   32|          0|
    |select_ln43_1_reg_271             |  32|   0|   32|          0|
    |select_ln43_reg_265               |  32|   0|   32|          0|
    |sub_ln47_reg_276                  |  32|   0|   32|          0|
    +----------------------------------+----+----+-----+-----------+
    |Total                             | 269|   0|  269|          0|
    +----------------------------------+----+----+-----+-----------+



================================================================
== Interface
================================================================
* Summary: 
+----------------+-----+-----+------------+-------------------------------------------------------------+--------------+
|    RTL Ports   | Dir | Bits|  Protocol  |                        Source Object                        |    C Type    |
+----------------+-----+-----+------------+-------------------------------------------------------------+--------------+
|ap_clk          |   in|    1|  ap_ctrl_hs|  vector_convolution_Pipeline_VITIS_LOOP_43_1_VITIS_LOOP_45_2|  return value|
|ap_rst          |   in|    1|  ap_ctrl_hs|  vector_convolution_Pipeline_VITIS_LOOP_43_1_VITIS_LOOP_45_2|  return value|
|ap_start        |   in|    1|  ap_ctrl_hs|  vector_convolution_Pipeline_VITIS_LOOP_43_1_VITIS_LOOP_45_2|  return value|
|ap_done         |  out|    1|  ap_ctrl_hs|  vector_convolution_Pipeline_VITIS_LOOP_43_1_VITIS_LOOP_45_2|  return value|
|ap_idle         |  out|    1|  ap_ctrl_hs|  vector_convolution_Pipeline_VITIS_LOOP_43_1_VITIS_LOOP_45_2|  return value|
|ap_ready        |  out|    1|  ap_ctrl_hs|  vector_convolution_Pipeline_VITIS_LOOP_43_1_VITIS_LOOP_45_2|  return value|
|mul_ln40        |   in|   64|     ap_none|                                                     mul_ln40|        scalar|
|kernel_size     |   in|   32|     ap_none|                                                  kernel_size|        scalar|
|size            |   in|   32|     ap_none|                                                         size|        scalar|
|bitcast_ln49    |   in|   32|     ap_none|                                                 bitcast_ln49|        scalar|
|bitcast_ln49_1  |   in|   32|     ap_none|                                               bitcast_ln49_1|        scalar|
|B_i             |   in|   32|     ap_ovld|                                                            B|       pointer|
|B_o             |  out|   32|     ap_ovld|                                                            B|       pointer|
|B_o_ap_vld      |  out|    1|     ap_ovld|                                                            B|       pointer|
+----------------+-----+-----+------------+-------------------------------------------------------------+--------------+

