

================================================================
== Vitis HLS Report for 'vector_convolution'
================================================================
* Date:           Tue May  5 11:47:44 2026

* Version:        2025.2 (Build 6295257 on Nov 14 2025)
* Project:        proj_fir
* Solution:       fsolution (Vivado IP Flow Target)
* Product family: zynq
* Target device:  xc7z020-clg484-1


================================================================
== Performance Estimates
================================================================
+ Timing: 
    * Summary: 
    +--------+----------+----------+------------+
    |  Clock |  Target  | Estimated| Uncertainty|
    +--------+----------+----------+------------+
    |ap_clk  |  10.00 ns|  7.256 ns|     2.70 ns|
    +--------+----------+----------+------------+

+ Latency: 
    * Summary: 
    +---------+---------+----------+----------+-----+-----+---------+
    |  Latency (cycles) |  Latency (absolute) |  Interval | Pipeline|
    |   min   |   max   |    min   |    max   | min | max |   Type  |
    +---------+---------+----------+----------+-----+-----+---------+
    |        ?|        ?|         ?|         ?|    ?|    ?|       no|
    +---------+---------+----------+----------+-----+-----+---------+

    + Detail: 
        * Instance: 
        +-----------------------------------------------------------------------+-------------------------------------------------------------+---------+---------+----------+----------+-----+-----+-------------------+
        |                                                                       |                                                             |  Latency (cycles) |  Latency (absolute) |  Interval |      Pipeline     |
        |                                Instance                               |                            Module                           |   min   |   max   |    min   |    max   | min | max |        Type       |
        +-----------------------------------------------------------------------+-------------------------------------------------------------+---------+---------+----------+----------+-----+-----+-------------------+
        |grp_vector_convolution_Pipeline_VITIS_LOOP_43_1_VITIS_LOOP_45_2_fu_56  |vector_convolution_Pipeline_VITIS_LOOP_43_1_VITIS_LOOP_45_2  |        ?|        ?|         ?|         ?|    0|    0|  loop pipeline stp|
        +-----------------------------------------------------------------------+-------------------------------------------------------------+---------+---------+----------+----------+-----+-----+-------------------+

        * Loop: 
        N/A



================================================================
== Utilization Estimates
================================================================
* Summary: 
+-----------------+---------+-----+--------+-------+-----+
|       Name      | BRAM_18K| DSP |   FF   |  LUT  | URAM|
+-----------------+---------+-----+--------+-------+-----+
|DSP              |        -|    -|       -|      -|    -|
|Expression       |        -|    -|       0|     64|    -|
|FIFO             |        -|    -|       -|      -|    -|
|Instance         |        -|    9|     782|   1340|    -|
|Memory           |        -|    -|       -|      -|    -|
|Multiplexer      |        -|    -|       0|     40|    -|
|Register         |        -|    -|     262|      -|    -|
+-----------------+---------+-----+--------+-------+-----+
|Total            |        0|    9|    1044|   1444|    0|
+-----------------+---------+-----+--------+-------+-----+
|Available        |      280|  220|  106400|  53200|    0|
+-----------------+---------+-----+--------+-------+-----+
|Utilization (%)  |        0|    4|      ~0|      2|    0|
+-----------------+---------+-----+--------+-------+-----+

+ Detail: 
    * Instance: 
    +-----------------------------------------------------------------------+-------------------------------------------------------------+---------+----+-----+------+-----+
    |                                Instance                               |                            Module                           | BRAM_18K| DSP|  FF |  LUT | URAM|
    +-----------------------------------------------------------------------+-------------------------------------------------------------+---------+----+-----+------+-----+
    |mul_32ns_32ns_64_2_1_U11                                               |mul_32ns_32ns_64_2_1                                         |        0|   4|  165|    50|    0|
    |grp_vector_convolution_Pipeline_VITIS_LOOP_43_1_VITIS_LOOP_45_2_fu_56  |vector_convolution_Pipeline_VITIS_LOOP_43_1_VITIS_LOOP_45_2  |        0|   5|  617|  1290|    0|
    +-----------------------------------------------------------------------+-------------------------------------------------------------+---------+----+-----+------+-----+
    |Total                                                                  |                                                             |        0|   9|  782|  1340|    0|
    +-----------------------------------------------------------------------+-------------------------------------------------------------+---------+----+-----+------+-----+

    * DSP: 
    N/A

    * Memory: 
    N/A

    * FIFO: 
    N/A

    * Expression: 
    +---------------------+----------+----+---+----+------------+------------+
    |    Variable Name    | Operation| DSP| FF| LUT| Bitwidth P0| Bitwidth P1|
    +---------------------+----------+----+---+----+------------+------------+
    |add_ln43_1_fu_77_p2  |         +|   0|  0|  32|          32|           2|
    |add_ln43_fu_71_p2    |         +|   0|  0|  32|          32|          32|
    +---------------------+----------+----+---+----+------------+------------+
    |Total                |          |   0|  0|  64|          64|          34|
    +---------------------+----------+----+---+----+------------+------------+

    * Multiplexer: 
    +-----------+----+-----------+-----+-----------+
    |    Name   | LUT| Input Size| Bits| Total Bits|
    +-----------+----+-----------+-----+-----------+
    |B_o        |   9|          2|   32|         64|
    |ap_NS_fsm  |  31|          6|    1|          6|
    +-----------+----+-----------+-----+-----------+
    |Total      |  40|          8|   33|         70|
    +-----------+----+-----------+-----+-----------+

    * Register: 
    +------------------------------------------------------------------------------------+----+----+-----+-----------+
    |                                        Name                                        | FF | LUT| Bits| Const Bits|
    +------------------------------------------------------------------------------------+----+----+-----+-----------+
    |B_o_reg                                                                             |  32|   0|   32|          0|
    |add_ln43_1_reg_112                                                                  |  32|   0|   32|          0|
    |ap_CS_fsm                                                                           |   5|   0|    5|          0|
    |bitcast_ln49_1_reg_137                                                              |  32|   0|   32|          0|
    |bitcast_ln49_reg_132                                                                |  32|   0|   32|          0|
    |grp_vector_convolution_Pipeline_VITIS_LOOP_43_1_VITIS_LOOP_45_2_fu_56_ap_start_reg  |   1|   0|    1|          0|
    |kernel_size_read_reg_101                                                            |  32|   0|   32|          0|
    |mul_ln40_reg_127                                                                    |  64|   0|   64|          0|
    |size_read_reg_107                                                                   |  32|   0|   32|          0|
    +------------------------------------------------------------------------------------+----+----+-----+-----------+
    |Total                                                                               | 262|   0|  262|          0|
    +------------------------------------------------------------------------------------+----+----+-----+-----------+



================================================================
== Interface
================================================================
* Summary: 
+-------------+-----+-----+------------+--------------------+--------------+
|  RTL Ports  | Dir | Bits|  Protocol  |    Source Object   |    C Type    |
+-------------+-----+-----+------------+--------------------+--------------+
|ap_clk       |   in|    1|  ap_ctrl_hs|  vector_convolution|  return value|
|ap_rst       |   in|    1|  ap_ctrl_hs|  vector_convolution|  return value|
|ap_start     |   in|    1|  ap_ctrl_hs|  vector_convolution|  return value|
|ap_done      |  out|    1|  ap_ctrl_hs|  vector_convolution|  return value|
|ap_idle      |  out|    1|  ap_ctrl_hs|  vector_convolution|  return value|
|ap_ready     |  out|    1|  ap_ctrl_hs|  vector_convolution|  return value|
|A            |   in|   32|     ap_none|                   A|       pointer|
|kernel       |   in|   32|     ap_none|              kernel|       pointer|
|B_i          |   in|   32|     ap_ovld|                   B|       pointer|
|B_o          |  out|   32|     ap_ovld|                   B|       pointer|
|B_o_ap_vld   |  out|    1|     ap_ovld|                   B|       pointer|
|size         |   in|   32|     ap_none|                size|        scalar|
|kernel_size  |   in|   32|     ap_none|         kernel_size|        scalar|
+-------------+-----+-----+------------+--------------------+--------------+

