Copyright 1986-2022 Xilinx, Inc. All Rights Reserved. Copyright 2022-2025 Advanced Micro Devices, Inc. All Rights Reserved.
---------------------------------------------------------------------------------------------------------------------------------------------
| Tool Version : Vivado v.2025.2 (lin64) Build 6299465 Fri Nov 14 12:34:56 MST 2025
| Date         : Mon May  4 21:31:46 2026
| Host         : luthier-ku running 64-bit Ubuntu 24.04.4 LTS
| Command      : report_timing_summary -file ./vivado_reports/timing_synth.rpt
| Design       : cifar10
| Device       : 7z020-clg484
| Speed File   : -1  PRODUCTION 1.12 2019-11-22
| Design State : Synthesized
---------------------------------------------------------------------------------------------------------------------------------------------

Timing Summary Report

------------------------------------------------------------------------------------------------
| Timer Settings
| --------------
------------------------------------------------------------------------------------------------

  Enable Multi Corner Analysis               :  Yes
  Enable Pessimism Removal                   :  Yes
  Pessimism Removal Resolution               :  Nearest Common Node
  Enable Input Delay Default Clock           :  No
  Enable Preset / Clear Arcs                 :  No
  Disable Flight Delays                      :  No
  Ignore I/O Paths                           :  No
  Timing Early Launch at Borrowing Latches   :  No
  Borrow Time for Max Delay Exceptions       :  Yes
  Merge Timing Exceptions                    :  Yes
  Inter-SLR Compensation                     :  Conservative

  Corner  Analyze    Analyze    
  Name    Max Paths  Min Paths  
  ------  ---------  ---------  
  Slow    Yes        Yes        
  Fast    Yes        Yes        


------------------------------------------------------------------------------------------------
| Report Methodology
| ------------------
------------------------------------------------------------------------------------------------

No report available as report_methodology has not been run prior. Run report_methodology on the current design for the summary of methodology violations.



check_timing report

Table of Contents
-----------------
1. checking no_clock (0)
2. checking constant_clock (0)
3. checking pulse_width_clock (0)
4. checking unconstrained_internal_endpoints (0)
5. checking no_input_delay (94)
6. checking no_output_delay (148)
7. checking multiple_clock (0)
8. checking generated_clocks (0)
9. checking loops (0)
10. checking partial_input_delay (0)
11. checking partial_output_delay (0)
12. checking latch_loops (0)

1. checking no_clock (0)
------------------------
 There are 0 register/latch pins with no clock.


2. checking constant_clock (0)
------------------------------
 There are 0 register/latch pins with constant_clock.


3. checking pulse_width_clock (0)
---------------------------------
 There are 0 register/latch pins which need pulse_width check


4. checking unconstrained_internal_endpoints (0)
------------------------------------------------
 There are 0 pins that are not constrained for maximum delay.

 There are 0 pins that are not constrained for maximum delay due to constant clock.


5. checking no_input_delay (94)
-------------------------------
 There are 94 input ports with no input delay specified. (HIGH)

 There are 0 input ports with no input delay but user has a false path constraint.


6. checking no_output_delay (148)
---------------------------------
 There are 148 ports with no output delay specified. (HIGH)

 There are 0 ports with no output delay but user has a false path constraint

 There are 0 ports with no output delay but with a timing clock defined on it or propagating through it


7. checking multiple_clock (0)
------------------------------
 There are 0 register/latch pins with multiple clocks.


8. checking generated_clocks (0)
--------------------------------
 There are 0 generated clocks that are not connected to a clock source.


9. checking loops (0)
---------------------
 There are 0 combinational loops in the design.


10. checking partial_input_delay (0)
------------------------------------
 There are 0 input ports with partial input delay specified.


11. checking partial_output_delay (0)
-------------------------------------
 There are 0 ports with partial output delay specified.


12. checking latch_loops (0)
----------------------------
 There are 0 combinational latch loops in the design through latch input



------------------------------------------------------------------------------------------------
| Design Timing Summary
| ---------------------
------------------------------------------------------------------------------------------------

    WNS(ns)      TNS(ns)  TNS Failing Endpoints  TNS Total Endpoints      WHS(ns)      THS(ns)  THS Failing Endpoints  THS Total Endpoints     WPWS(ns)     TPWS(ns)  TPWS Failing Endpoints  TPWS Total Endpoints  
    -------      -------  ---------------------  -------------------      -------      -------  ---------------------  -------------------     --------     --------  ----------------------  --------------------  
     -1.092      -56.507                     65                64971        0.191        0.000                      0                64971        4.020        0.000                       0                 32370  


Timing constraints are not met.


------------------------------------------------------------------------------------------------
| Clock Summary
| -------------
------------------------------------------------------------------------------------------------

Clock    Waveform(ns)       Period(ns)      Frequency(MHz)
-----    ------------       ----------      --------------
default  {0.000 5.000}      10.000          100.000         


------------------------------------------------------------------------------------------------
| Intra Clock Table
| -----------------
------------------------------------------------------------------------------------------------

Clock             WNS(ns)      TNS(ns)  TNS Failing Endpoints  TNS Total Endpoints      WHS(ns)      THS(ns)  THS Failing Endpoints  THS Total Endpoints     WPWS(ns)     TPWS(ns)  TPWS Failing Endpoints  TPWS Total Endpoints  
-----             -------      -------  ---------------------  -------------------      -------      -------  ---------------------  -------------------     --------     --------  ----------------------  --------------------  
default            -1.092      -56.507                     65                64971        0.191        0.000                      0                64971        4.020        0.000                       0                 32370  


------------------------------------------------------------------------------------------------
| Inter Clock Table
| -----------------
------------------------------------------------------------------------------------------------

From Clock    To Clock          WNS(ns)      TNS(ns)  TNS Failing Endpoints  TNS Total Endpoints      WHS(ns)      THS(ns)  THS Failing Endpoints  THS Total Endpoints  
----------    --------          -------      -------  ---------------------  -------------------      -------      -------  ---------------------  -------------------  


------------------------------------------------------------------------------------------------
| Other Path Groups Table
| -----------------------
------------------------------------------------------------------------------------------------

Path Group    From Clock    To Clock          WNS(ns)      TNS(ns)  TNS Failing Endpoints  TNS Total Endpoints      WHS(ns)      THS(ns)  THS Failing Endpoints  THS Total Endpoints  
----------    ----------    --------          -------      -------  ---------------------  -------------------      -------      -------  ---------------------  -------------------  


------------------------------------------------------------------------------------------------
| Timing Details
| --------------
------------------------------------------------------------------------------------------------


---------------------------------------------------------------------------------------------------
From Clock:  default
  To Clock:  default

Setup :           65  Failing Endpoints,  Worst Slack       -1.092ns,  Total Violation      -56.507ns
Hold  :            0  Failing Endpoints,  Worst Slack        0.191ns,  Total Violation        0.000ns
PW    :            0  Failing Endpoints,  Worst Slack        4.020ns,  Total Violation        0.000ns
---------------------------------------------------------------------------------------------------


Max Delay Paths
--------------------------------------------------------------------------------------
Slack (VIOLATED) :        -1.092ns  (required time - arrival time)
  Source:                 i_6_fu_248_reg[0]/C
                            (rising edge-triggered cell FDRE clocked by default  {rise@0.000ns fall@5.000ns period=10.000ns})
  Destination:            mul_32s_32s_32_2_1_U179/buff0_reg/PCIN[0]
                            (rising edge-triggered cell DSP48E1 clocked by default  {rise@0.000ns fall@5.000ns period=10.000ns})
  Path Group:             default
  Path Type:              Setup (Max at Slow Process Corner)
  Requirement:            10.000ns  (default rise@10.000ns - default rise@0.000ns)
  Data Path Delay:        9.608ns  (logic 6.048ns (62.949%)  route 3.560ns (37.051%))
  Logic Levels:           8  (CARRY4=4 DSP48E1=1 LUT4=1 LUT6=2)
  Clock Path Skew:        -0.049ns (DCD - SCD + CPR)
    Destination Clock Delay (DCD):    0.924ns = ( 10.924 - 10.000 ) 
    Source Clock Delay      (SCD):    0.973ns
    Clock Pessimism Removal (CPR):    0.000ns
  Clock Uncertainty:      0.035ns  ((TSJ^2 + TIJ^2)^1/2 + DJ) / 2 + PE
    Total System Jitter     (TSJ):    0.071ns
    Total Input Jitter      (TIJ):    0.000ns
    Discrete Jitter          (DJ):    0.000ns
    Phase Error              (PE):    0.000ns

    Location             Delay type                Incr(ns)  Path(ns)    Netlist Resource(s)
  -------------------------------------------------------------------    -------------------
                         (clock default rise edge)    0.000     0.000 r  
                                                      0.000     0.000 r  ap_clk (IN)
                         net (fo=32388, unset)        0.973     0.973    ap_clk
                         FDRE                                         r  i_6_fu_248_reg[0]/C
  -------------------------------------------------------------------    -------------------
                         FDRE (Prop_fdre_C_Q)         0.518     1.491 f  i_6_fu_248_reg[0]/Q
                         net (fo=5, unplaced)         0.769     2.260    mul_32s_32s_32_2_1_U179/i_6_fu_248_reg[0]
                         LUT4 (Prop_lut4_I1_O)        0.319     2.579 r  mul_32s_32s_32_2_1_U179/ap_CS_fsm[176]_i_33/O
                         net (fo=1, unplaced)         0.000     2.579    mul_32s_32s_32_2_1_U179/ap_CS_fsm[176]_i_33_n_12
                         CARRY4 (Prop_carry4_DI[0]_CO[3])
                                                      0.576     3.155 r  mul_32s_32s_32_2_1_U179/ap_CS_fsm_reg[176]_i_21/CO[3]
                         net (fo=1, unplaced)         0.009     3.164    mul_32s_32s_32_2_1_U179/ap_CS_fsm_reg[176]_i_21_n_12
                         CARRY4 (Prop_carry4_CI_CO[3])
                                                      0.117     3.281 r  mul_32s_32s_32_2_1_U179/ap_CS_fsm_reg[176]_i_12/CO[3]
                         net (fo=1, unplaced)         0.000     3.281    mul_32s_32s_32_2_1_U179/ap_CS_fsm_reg[176]_i_12_n_12
                         CARRY4 (Prop_carry4_CI_CO[3])
                                                      0.117     3.398 r  mul_32s_32s_32_2_1_U179/ap_CS_fsm_reg[176]_i_3/CO[3]
                         net (fo=1, unplaced)         0.000     3.398    mul_32s_32s_32_2_1_U179/ap_CS_fsm_reg[176]_i_3_n_12
                         CARRY4 (Prop_carry4_CI_CO[3])
                                                      0.117     3.515 r  mul_32s_32s_32_2_1_U179/ap_CS_fsm_reg[176]_i_2/CO[3]
                         net (fo=132, unplaced)       1.025     4.540    mul_32s_32s_32_2_1_U179/size_lateral_1_reg_1442_reg[30][0]
                         LUT6 (Prop_lut6_I4_O)        0.124     4.664 f  mul_32s_32s_32_2_1_U179/tmp_product__0_i_18__0/O
                         net (fo=1, unplaced)         0.902     5.566    grp_cifar10_Pipeline_VITIS_LOOP_51_1_VITIS_LOOP_53_2_fu_457/tmp_product__0_49
                         LUT6 (Prop_lut6_I1_O)        0.124     5.690 r  grp_cifar10_Pipeline_VITIS_LOOP_51_1_VITIS_LOOP_53_2_fu_457/tmp_product__0_i_1__0/O
                         net (fo=1, unplaced)         0.800     6.490    mul_32s_32s_32_2_1_U179/A[16]
                         DSP48E1 (Prop_dsp48e1_A[16]_PCOUT[0])
                                                      4.036    10.526 r  mul_32s_32s_32_2_1_U179/tmp_product__0/PCOUT[0]
                         net (fo=1, unplaced)         0.055    10.581    mul_32s_32s_32_2_1_U179/tmp_product__0_n_165
                         DSP48E1                                      r  mul_32s_32s_32_2_1_U179/buff0_reg/PCIN[0]
  -------------------------------------------------------------------    -------------------

                         (clock default rise edge)   10.000    10.000 r  
                                                      0.000    10.000 r  ap_clk (IN)
                         net (fo=32388, unset)        0.924    10.924    mul_32s_32s_32_2_1_U179/ap_clk
                         DSP48E1                                      r  mul_32s_32s_32_2_1_U179/buff0_reg/CLK
                         clock pessimism              0.000    10.924    
                         clock uncertainty           -0.035    10.889    
                         DSP48E1 (Setup_dsp48e1_CLK_PCIN[0])
                                                     -1.400     9.489    mul_32s_32s_32_2_1_U179/buff0_reg
  -------------------------------------------------------------------
                         required time                          9.489    
                         arrival time                         -10.581    
  -------------------------------------------------------------------
                         slack                                 -1.092    





Min Delay Paths
--------------------------------------------------------------------------------------
Slack (MET) :             0.191ns  (arrival time - required time)
  Source:                 grp_cifar10_Pipeline_VITIS_LOOP_108_1_VITIS_LOOP_110_22_fu_522/i_fu_102_reg[0]/C
                            (rising edge-triggered cell FDRE clocked by default  {rise@0.000ns fall@5.000ns period=10.000ns})
  Destination:            grp_cifar10_Pipeline_VITIS_LOOP_108_1_VITIS_LOOP_110_22_fu_522/i_fu_102_reg[1]/D
                            (rising edge-triggered cell FDRE clocked by default  {rise@0.000ns fall@5.000ns period=10.000ns})
  Path Group:             default
  Path Type:              Hold (Min at Fast Process Corner)
  Requirement:            0.000ns  (default rise@0.000ns - default rise@0.000ns)
  Data Path Delay:        0.347ns  (logic 0.256ns (73.765%)  route 0.091ns (26.235%))
  Logic Levels:           1  (CARRY4=1)
  Clock Path Skew:        0.022ns (DCD - SCD - CPR)
    Destination Clock Delay (DCD):    0.432ns
    Source Clock Delay      (SCD):    0.410ns
    Clock Pessimism Removal (CPR):    -0.000ns

    Location             Delay type                Incr(ns)  Path(ns)    Netlist Resource(s)
  -------------------------------------------------------------------    -------------------
                         (clock default rise edge)    0.000     0.000 r  
                                                      0.000     0.000 r  ap_clk (IN)
                         net (fo=32388, unset)        0.410     0.410    grp_cifar10_Pipeline_VITIS_LOOP_108_1_VITIS_LOOP_110_22_fu_522/ap_clk
                         FDRE                                         r  grp_cifar10_Pipeline_VITIS_LOOP_108_1_VITIS_LOOP_110_22_fu_522/i_fu_102_reg[0]/C
  -------------------------------------------------------------------    -------------------
                         FDRE (Prop_fdre_C_Q)         0.164     0.574 r  grp_cifar10_Pipeline_VITIS_LOOP_108_1_VITIS_LOOP_110_22_fu_522/i_fu_102_reg[0]/Q
                         net (fo=4, unplaced)         0.091     0.665    grp_cifar10_Pipeline_VITIS_LOOP_108_1_VITIS_LOOP_110_22_fu_522/i_fu_102_reg[0]
                         CARRY4 (Prop_carry4_DI[0]_O[1])
                                                      0.092     0.757 r  grp_cifar10_Pipeline_VITIS_LOOP_108_1_VITIS_LOOP_110_22_fu_522/i_fu_102_reg[0]_i_1/O[1]
                         net (fo=1, unplaced)         0.000     0.757    grp_cifar10_Pipeline_VITIS_LOOP_108_1_VITIS_LOOP_110_22_fu_522/i_fu_102_reg[0]_i_1_n_18
                         FDRE                                         r  grp_cifar10_Pipeline_VITIS_LOOP_108_1_VITIS_LOOP_110_22_fu_522/i_fu_102_reg[1]/D
  -------------------------------------------------------------------    -------------------

                         (clock default rise edge)    0.000     0.000 r  
                                                      0.000     0.000 r  ap_clk (IN)
                         net (fo=32388, unset)        0.432     0.432    grp_cifar10_Pipeline_VITIS_LOOP_108_1_VITIS_LOOP_110_22_fu_522/ap_clk
                         FDRE                                         r  grp_cifar10_Pipeline_VITIS_LOOP_108_1_VITIS_LOOP_110_22_fu_522/i_fu_102_reg[1]/C
                         clock pessimism              0.000     0.432    
                         FDRE (Hold_fdre_C_D)         0.134     0.566    grp_cifar10_Pipeline_VITIS_LOOP_108_1_VITIS_LOOP_110_22_fu_522/i_fu_102_reg[1]
  -------------------------------------------------------------------
                         required time                         -0.566    
                         arrival time                           0.757    
  -------------------------------------------------------------------
                         slack                                  0.191    





Pulse Width Checks
--------------------------------------------------------------------------------------
Clock Name:         default
Waveform(ns):       { 0.000 5.000 }
Period(ns):         10.000
Sources:            { ap_clk }

Check Type        Corner  Lib Pin      Reference Pin  Required(ns)  Actual(ns)  Slack(ns)  Location  Pin
Min Period        n/a     DSP48E1/CLK  n/a            3.884         10.000      6.116                cifar10/cifar10_dmul_64ns_64ns_64_7_max_dsp_1/cifar10_dmul_64ns_64ns_64_7_max_dsp_1_ip/<hidden>/<hidden>/<hidden>/<hidden>/<hidden>/<hidden>
Low Pulse Width   Slow    SRL16E/CLK   n/a            0.980         5.000       4.020                ost_ctrl_gen[0].fifo_burst/U_fifo_srl/mem_reg[14][0]_srl15/CLK
High Pulse Width  Slow    SRL16E/CLK   n/a            0.980         5.000       4.020                ost_ctrl_gen[0].fifo_burst/U_fifo_srl/mem_reg[14][0]_srl15/CLK



