

================================================================
== Vitis HLS Report for 'cifar10_Pipeline_VITIS_LOOP_71_15'
================================================================
* Date:           Mon May  4 21:06:55 2026

* Version:        2025.2 (Build 6295257 on Nov 14 2025)
* Project:        proj_cifar10
* Solution:       fsolution (Vivado IP Flow Target)
* Product family: zynq
* Target device:  xc7z020-clg484-1


================================================================
== Performance Estimates
================================================================
+ Timing: 
    * Summary: 
    +--------+----------+----------+------------+
    |  Clock |  Target  | Estimated| Uncertainty|
    +--------+----------+----------+------------+
    |ap_clk  |  10.00 ns|  7.300 ns|     2.70 ns|
    +--------+----------+----------+------------+

+ Latency: 
    * Summary: 
    +---------+---------+----------+----------+-----+-----+-------------------+
    |  Latency (cycles) |  Latency (absolute) |  Interval |      Pipeline     |
    |   min   |   max   |    min   |    max   | min | max |        Type       |
    +---------+---------+----------+----------+-----+-----+-------------------+
    |       19|        ?|  0.190 us|         ?|    0|    0|  loop pipeline stp|
    +---------+---------+----------+----------+-----+-----+-------------------+

    + Detail: 
        * Instance: 
        N/A

        * Loop: 
        +-------------------+---------+---------+----------+-----------+-----------+-------+----------+
        |                   |  Latency (cycles) | Iteration|  Initiation Interval  |  Trip |          |
        |     Loop Name     |   min   |   max   |  Latency |  achieved |   target  | Count | Pipelined|
        +-------------------+---------+---------+----------+-----------+-----------+-------+----------+
        |- VITIS_LOOP_71_1  |       17|        ?|        18|          1|          1|  1 ~ ?|       yes|
        +-------------------+---------+---------+----------+-----------+-----------+-------+----------+



================================================================
== Utilization Estimates
================================================================
* Summary: 
+-----------------+---------+-----+--------+-------+-----+
|       Name      | BRAM_18K| DSP |   FF   |  LUT  | URAM|
+-----------------+---------+-----+--------+-------+-----+
|DSP              |        -|    -|       -|      -|    -|
|Expression       |        -|    -|       0|    204|    -|
|FIFO             |        -|    -|       -|      -|    -|
|Instance         |        -|    -|       -|      -|    -|
|Memory           |        -|    -|       -|      -|    -|
|Multiplexer      |        -|    -|       0|     81|    -|
|Register         |        -|    -|     322|     32|    -|
+-----------------+---------+-----+--------+-------+-----+
|Total            |        0|    0|     322|    317|    0|
+-----------------+---------+-----+--------+-------+-----+
|Available        |      280|  220|  106400|  53200|    0|
+-----------------+---------+-----+--------+-------+-----+
|Utilization (%)  |        0|    0|      ~0|     ~0|    0|
+-----------------+---------+-----+--------+-------+-----+

+ Detail: 
    * Instance: 
    N/A

    * DSP: 
    N/A

    * Memory: 
    N/A

    * FIFO: 
    N/A

    * Expression: 
    +--------------------------------+----------+----+---+----+------------+------------+
    |          Variable Name         | Operation| DSP| FF| LUT| Bitwidth P0| Bitwidth P1|
    +--------------------------------+----------+----+---+----+------------+------------+
    |add_ln71_fu_141_p2              |         +|   0|  0|  39|          32|           1|
    |add_ln73_fu_153_p2              |         +|   0|  0|  39|          32|          32|
    |and_ln73_fu_216_p2              |       and|   0|  0|   2|           1|           1|
    |icmp_ln71_fu_135_p2             |      icmp|   0|  0|  39|          32|          32|
    |icmp_ln73_1_fu_207_p2           |      icmp|   0|  0|  30|          23|           1|
    |icmp_ln73_fu_202_p2             |      icmp|   0|  0|  15|           8|           2|
    |ap_block_pp0_stage0_00001_grp1  |        or|   0|  0|   2|           1|           1|
    |ap_block_pp0_stage0_11001       |        or|   0|  0|   2|           1|           1|
    |or_ln73_fu_212_p2               |        or|   0|  0|   2|           1|           1|
    |empty_96_fu_222_p3              |    select|   0|  0|  32|           1|          32|
    |ap_enable_pp0                   |       xor|   0|  0|   2|           1|           2|
    +--------------------------------+----------+----+---+----+------------+------------+
    |Total                           |          |   0|  0| 204|         133|         106|
    +--------------------------------+----------+----+---+----+------------+------------+

    * Multiplexer: 
    +-------------------------+----+-----------+-----+-----------+
    |           Name          | LUT| Input Size| Bits| Total Bits|
    +-------------------------+----+-----------+-----+-----------+
    |ap_done_int              |   9|          2|    1|          2|
    |ap_enable_reg_pp0_iter1  |   9|          2|    1|          2|
    |ap_sig_allocacmp_i_1     |   9|          2|   32|         64|
    |gmem_blk_n_AR            |   9|          2|    1|          2|
    |gmem_blk_n_AW            |   9|          2|    1|          2|
    |gmem_blk_n_B             |   9|          2|    1|          2|
    |gmem_blk_n_R             |   9|          2|    1|          2|
    |gmem_blk_n_W             |   9|          2|    1|          2|
    |i_fu_74                  |   9|          2|   32|         64|
    +-------------------------+----+-----------+-----+-----------+
    |Total                    |  81|         18|   71|        142|
    +-------------------------+----+-----------+-----+-----------+

    * Register: 
    +---------------------------------------+----+----+-----+-----------+
    |                  Name                 | FF | LUT| Bits| Const Bits|
    +---------------------------------------+----+----+-----+-----------+
    |ap_CS_fsm                              |   1|   0|    1|          0|
    |ap_done_reg                            |   1|   0|    1|          0|
    |ap_enable_reg_pp0_iter1                |   1|   0|    1|          0|
    |ap_enable_reg_pp0_iter10               |   1|   0|    1|          0|
    |ap_enable_reg_pp0_iter11               |   1|   0|    1|          0|
    |ap_enable_reg_pp0_iter12               |   1|   0|    1|          0|
    |ap_enable_reg_pp0_iter13               |   1|   0|    1|          0|
    |ap_enable_reg_pp0_iter14               |   1|   0|    1|          0|
    |ap_enable_reg_pp0_iter15               |   1|   0|    1|          0|
    |ap_enable_reg_pp0_iter16               |   1|   0|    1|          0|
    |ap_enable_reg_pp0_iter17               |   1|   0|    1|          0|
    |ap_enable_reg_pp0_iter2                |   1|   0|    1|          0|
    |ap_enable_reg_pp0_iter3                |   1|   0|    1|          0|
    |ap_enable_reg_pp0_iter4                |   1|   0|    1|          0|
    |ap_enable_reg_pp0_iter5                |   1|   0|    1|          0|
    |ap_enable_reg_pp0_iter6                |   1|   0|    1|          0|
    |ap_enable_reg_pp0_iter7                |   1|   0|    1|          0|
    |ap_enable_reg_pp0_iter8                |   1|   0|    1|          0|
    |ap_enable_reg_pp0_iter9                |   1|   0|    1|          0|
    |ap_loop_exit_ready_pp0_iter10_reg      |   1|   0|    1|          0|
    |ap_loop_exit_ready_pp0_iter11_reg      |   1|   0|    1|          0|
    |ap_loop_exit_ready_pp0_iter12_reg      |   1|   0|    1|          0|
    |ap_loop_exit_ready_pp0_iter13_reg      |   1|   0|    1|          0|
    |ap_loop_exit_ready_pp0_iter14_reg      |   1|   0|    1|          0|
    |ap_loop_exit_ready_pp0_iter15_reg      |   1|   0|    1|          0|
    |ap_loop_exit_ready_pp0_iter16_reg      |   1|   0|    1|          0|
    |ap_loop_exit_ready_pp0_iter1_reg       |   1|   0|    1|          0|
    |ap_loop_exit_ready_pp0_iter2_reg       |   1|   0|    1|          0|
    |ap_loop_exit_ready_pp0_iter3_reg       |   1|   0|    1|          0|
    |ap_loop_exit_ready_pp0_iter4_reg       |   1|   0|    1|          0|
    |ap_loop_exit_ready_pp0_iter5_reg       |   1|   0|    1|          0|
    |ap_loop_exit_ready_pp0_iter6_reg       |   1|   0|    1|          0|
    |ap_loop_exit_ready_pp0_iter7_reg       |   1|   0|    1|          0|
    |ap_loop_exit_ready_pp0_iter8_reg       |   1|   0|    1|          0|
    |ap_loop_exit_ready_pp0_iter9_reg       |   1|   0|    1|          0|
    |empty_96_reg_285                       |  32|   0|   32|          0|
    |gmem_addr_read_reg_254                 |  32|   0|   32|          0|
    |gmem_addr_read_reg_254_pp0_iter10_reg  |  32|   0|   32|          0|
    |gmem_addr_reg_245                      |  32|   0|   32|          0|
    |i_fu_74                                |  32|   0|   32|          0|
    |icmp_ln73_1_reg_280                    |   1|   0|    1|          0|
    |icmp_ln73_reg_275                      |   1|   0|    1|          0|
    |tmp_27_reg_260                         |   8|   0|    8|          0|
    |trunc_ln73_3_reg_240                   |  30|   0|   30|          0|
    |trunc_ln73_reg_265                     |  23|   0|   23|          0|
    |gmem_addr_reg_245                      |  64|  32|   32|          0|
    +---------------------------------------+----+----+-----+-----------+
    |Total                                  | 322|  32|  290|          0|
    +---------------------------------------+----+----+-----+-----------+



================================================================
== Interface
================================================================
* Summary: 
+-----------------------+-----+-----+------------+-----------------------------------+--------------+
|       RTL Ports       | Dir | Bits|  Protocol  |           Source Object           |    C Type    |
+-----------------------+-----+-----+------------+-----------------------------------+--------------+
|ap_clk                 |   in|    1|  ap_ctrl_hs|  cifar10_Pipeline_VITIS_LOOP_71_15|  return value|
|ap_rst                 |   in|    1|  ap_ctrl_hs|  cifar10_Pipeline_VITIS_LOOP_71_15|  return value|
|ap_start               |   in|    1|  ap_ctrl_hs|  cifar10_Pipeline_VITIS_LOOP_71_15|  return value|
|ap_done                |  out|    1|  ap_ctrl_hs|  cifar10_Pipeline_VITIS_LOOP_71_15|  return value|
|ap_idle                |  out|    1|  ap_ctrl_hs|  cifar10_Pipeline_VITIS_LOOP_71_15|  return value|
|ap_ready               |  out|    1|  ap_ctrl_hs|  cifar10_Pipeline_VITIS_LOOP_71_15|  return value|
|grp_fu_1758_p_din0     |  out|   32|  ap_ctrl_hs|  cifar10_Pipeline_VITIS_LOOP_71_15|  return value|
|grp_fu_1758_p_din1     |  out|   32|  ap_ctrl_hs|  cifar10_Pipeline_VITIS_LOOP_71_15|  return value|
|grp_fu_1758_p_opcode   |  out|    5|  ap_ctrl_hs|  cifar10_Pipeline_VITIS_LOOP_71_15|  return value|
|grp_fu_1758_p_dout0    |   in|    1|  ap_ctrl_hs|  cifar10_Pipeline_VITIS_LOOP_71_15|  return value|
|grp_fu_1758_p_ce       |  out|    1|  ap_ctrl_hs|  cifar10_Pipeline_VITIS_LOOP_71_15|  return value|
|m_axi_gmem_0_AWVALID   |  out|    1|       m_axi|                               gmem|       pointer|
|m_axi_gmem_0_AWREADY   |   in|    1|       m_axi|                               gmem|       pointer|
|m_axi_gmem_0_AWADDR    |  out|   32|       m_axi|                               gmem|       pointer|
|m_axi_gmem_0_AWID      |  out|    1|       m_axi|                               gmem|       pointer|
|m_axi_gmem_0_AWLEN     |  out|   32|       m_axi|                               gmem|       pointer|
|m_axi_gmem_0_AWSIZE    |  out|    3|       m_axi|                               gmem|       pointer|
|m_axi_gmem_0_AWBURST   |  out|    2|       m_axi|                               gmem|       pointer|
|m_axi_gmem_0_AWLOCK    |  out|    2|       m_axi|                               gmem|       pointer|
|m_axi_gmem_0_AWCACHE   |  out|    4|       m_axi|                               gmem|       pointer|
|m_axi_gmem_0_AWPROT    |  out|    3|       m_axi|                               gmem|       pointer|
|m_axi_gmem_0_AWQOS     |  out|    4|       m_axi|                               gmem|       pointer|
|m_axi_gmem_0_AWREGION  |  out|    4|       m_axi|                               gmem|       pointer|
|m_axi_gmem_0_AWUSER    |  out|    1|       m_axi|                               gmem|       pointer|
|m_axi_gmem_0_WVALID    |  out|    1|       m_axi|                               gmem|       pointer|
|m_axi_gmem_0_WREADY    |   in|    1|       m_axi|                               gmem|       pointer|
|m_axi_gmem_0_WDATA     |  out|   32|       m_axi|                               gmem|       pointer|
|m_axi_gmem_0_WSTRB     |  out|    4|       m_axi|                               gmem|       pointer|
|m_axi_gmem_0_WLAST     |  out|    1|       m_axi|                               gmem|       pointer|
|m_axi_gmem_0_WID       |  out|    1|       m_axi|                               gmem|       pointer|
|m_axi_gmem_0_WUSER     |  out|    1|       m_axi|                               gmem|       pointer|
|m_axi_gmem_0_ARVALID   |  out|    1|       m_axi|                               gmem|       pointer|
|m_axi_gmem_0_ARREADY   |   in|    1|       m_axi|                               gmem|       pointer|
|m_axi_gmem_0_ARADDR    |  out|   32|       m_axi|                               gmem|       pointer|
|m_axi_gmem_0_ARID      |  out|    1|       m_axi|                               gmem|       pointer|
|m_axi_gmem_0_ARLEN     |  out|   32|       m_axi|                               gmem|       pointer|
|m_axi_gmem_0_ARSIZE    |  out|    3|       m_axi|                               gmem|       pointer|
|m_axi_gmem_0_ARBURST   |  out|    2|       m_axi|                               gmem|       pointer|
|m_axi_gmem_0_ARLOCK    |  out|    2|       m_axi|                               gmem|       pointer|
|m_axi_gmem_0_ARCACHE   |  out|    4|       m_axi|                               gmem|       pointer|
|m_axi_gmem_0_ARPROT    |  out|    3|       m_axi|                               gmem|       pointer|
|m_axi_gmem_0_ARQOS     |  out|    4|       m_axi|                               gmem|       pointer|
|m_axi_gmem_0_ARREGION  |  out|    4|       m_axi|                               gmem|       pointer|
|m_axi_gmem_0_ARUSER    |  out|    1|       m_axi|                               gmem|       pointer|
|m_axi_gmem_0_RVALID    |   in|    1|       m_axi|                               gmem|       pointer|
|m_axi_gmem_0_RREADY    |  out|    1|       m_axi|                               gmem|       pointer|
|m_axi_gmem_0_RDATA     |   in|   32|       m_axi|                               gmem|       pointer|
|m_axi_gmem_0_RLAST     |   in|    1|       m_axi|                               gmem|       pointer|
|m_axi_gmem_0_RID       |   in|    1|       m_axi|                               gmem|       pointer|
|m_axi_gmem_0_RFIFONUM  |   in|    9|       m_axi|                               gmem|       pointer|
|m_axi_gmem_0_RUSER     |   in|    1|       m_axi|                               gmem|       pointer|
|m_axi_gmem_0_RRESP     |   in|    2|       m_axi|                               gmem|       pointer|
|m_axi_gmem_0_BVALID    |   in|    1|       m_axi|                               gmem|       pointer|
|m_axi_gmem_0_BREADY    |  out|    1|       m_axi|                               gmem|       pointer|
|m_axi_gmem_0_BRESP     |   in|    2|       m_axi|                               gmem|       pointer|
|m_axi_gmem_0_BID       |   in|    1|       m_axi|                               gmem|       pointer|
|m_axi_gmem_0_BUSER     |   in|    1|       m_axi|                               gmem|       pointer|
|neurons_dense_2_size   |   in|   32|     ap_none|               neurons_dense_2_size|        scalar|
|dense_layer_2_output   |   in|   32|     ap_none|               dense_layer_2_output|        scalar|
+-----------------------+-----+-----+------------+-----------------------------------+--------------+

