

================================================================
== Vitis HLS Report for 'cifar10_Pipeline_VITIS_LOOP_108_1_VITIS_LOOP_110_22'
================================================================
* Date:           Mon May  4 21:06:55 2026

* Version:        2025.2 (Build 6295257 on Nov 14 2025)
* Project:        proj_cifar10
* Solution:       fsolution (Vivado IP Flow Target)
* Product family: zynq
* Target device:  xc7z020-clg484-1


================================================================
== Performance Estimates
================================================================
+ Timing: 
    * Summary: 
    +--------+----------+----------+------------+
    |  Clock |  Target  | Estimated| Uncertainty|
    +--------+----------+----------+------------+
    |ap_clk  |  10.00 ns|  7.300 ns|     2.70 ns|
    +--------+----------+----------+------------+

+ Latency: 
    * Summary: 
    +---------+---------+----------+----------+-----+-----+---------+
    |  Latency (cycles) |  Latency (absolute) |  Interval | Pipeline|
    |   min   |   max   |    min   |    max   | min | max |   Type  |
    +---------+---------+----------+----------+-----+-----+---------+
    |        ?|        ?|         ?|         ?|    ?|    ?|       no|
    +---------+---------+----------+----------+-----+-----+---------+

    + Detail: 
        * Instance: 
        +---------------------------------+----------------------+---------+---------+----------+----------+-----+-----+---------+
        |                                 |                      |  Latency (cycles) |  Latency (absolute) |  Interval | Pipeline|
        |             Instance            |        Module        |   min   |   max   |    min   |    max   | min | max |   Type  |
        +---------------------------------+----------------------+---------+---------+----------+----------+-----+-----+---------+
        |grp_pow_generic_double_s_fu_160  |pow_generic_double_s  |       86|       86|  0.860 us|  0.860 us|    1|    1|      yes|
        +---------------------------------+----------------------+---------+---------+----------+----------+-----+-----+---------+

        * Loop: 
        +-------------------------------------+---------+---------+----------+-----------+-----------+------+----------+
        |                                     |  Latency (cycles) | Iteration|  Initiation Interval  | Trip |          |
        |              Loop Name              |   min   |   max   |  Latency |  achieved |   target  | Count| Pipelined|
        +-------------------------------------+---------+---------+----------+-----------+-----------+------+----------+
        |- VITIS_LOOP_108_1_VITIS_LOOP_110_2  |        ?|        ?|       271|          -|          -|     ?|        no|
        +-------------------------------------+---------+---------+----------+-----------+-----------+------+----------+



================================================================
== Utilization Estimates
================================================================
* Summary: 
+-----------------+---------+-----+--------+-------+-----+
|       Name      | BRAM_18K| DSP |   FF   |  LUT  | URAM|
+-----------------+---------+-----+--------+-------+-----+
|DSP              |        -|    -|       -|      -|    -|
|Expression       |        -|    -|       0|    399|    -|
|FIFO             |        -|    -|       -|      -|    -|
|Instance         |        -|    -|       -|      -|    -|
|Memory           |        -|    -|       -|      -|    -|
|Multiplexer      |        -|    -|       0|   1550|    -|
|Register         |        -|    -|     939|      -|    -|
+-----------------+---------+-----+--------+-------+-----+
|Total            |        0|    0|     939|   1949|    0|
+-----------------+---------+-----+--------+-------+-----+
|Available        |      280|  220|  106400|  53200|    0|
+-----------------+---------+-----+--------+-------+-----+
|Utilization (%)  |        0|    0|      ~0|      3|    0|
+-----------------+---------+-----+--------+-------+-----+

+ Detail: 
    * Instance: 
    N/A

    * DSP: 
    N/A

    * Memory: 
    N/A

    * FIFO: 
    N/A

    * Expression: 
    +--------------------------+----------+----+---+----+------------+------------+
    |       Variable Name      | Operation| DSP| FF| LUT| Bitwidth P0| Bitwidth P1|
    +--------------------------+----------+----+---+----+------------+------------+
    |add_ln108_1_fu_263_p2     |         +|   0|  0|  39|          32|           1|
    |add_ln108_fu_246_p2       |         +|   0|  0|  71|          64|           1|
    |add_ln110_fu_297_p2       |         +|   0|  0|  39|          32|           1|
    |add_ln112_1_fu_324_p2     |         +|   0|  0|  39|          32|          32|
    |add_ln112_fu_312_p2       |         +|   0|  0|  37|          30|          30|
    |icmp_ln108_fu_241_p2      |      icmp|   0|  0|  71|          64|          64|
    |icmp_ln110_fu_258_p2      |      icmp|   0|  0|  39|          32|          32|
    |select_ln108_1_fu_269_p3  |    select|   0|  0|  32|           1|          32|
    |select_ln108_fu_287_p3    |    select|   0|  0|  32|           1|           1|
    +--------------------------+----------+----+---+----+------------+------------+
    |Total                     |          |   0|  0| 399|         288|         194|
    +--------------------------+----------+----+---+----+------------+------------+

    * Multiplexer: 
    +----------------------------------------+------+-----------+-----+-----------+
    |                  Name                  |  LUT | Input Size| Bits| Total Bits|
    +----------------------------------------+------+-----------+-----+-----------+
    |ap_NS_fsm                               |  1450|        273|    1|        273|
    |gmem_blk_n_AR                           |     9|          2|    1|          2|
    |gmem_blk_n_AW                           |     9|          2|    1|          2|
    |gmem_blk_n_B                            |     9|          2|    1|          2|
    |gmem_blk_n_R                            |     9|          2|    1|          2|
    |gmem_blk_n_W                            |     9|          2|    1|          2|
    |grp_pow_generic_double_s_fu_160_base_r  |    14|          3|   64|        192|
    |grp_pow_generic_double_s_fu_160_exp     |    14|          3|   64|        192|
    |i_fu_102                                |     9|          2|   32|         64|
    |indvar_flatten180_fu_106                |     9|          2|   64|        128|
    |j_fu_98                                 |     9|          2|   32|         64|
    +----------------------------------------+------+-----------+-----+-----------+
    |Total                                   |  1550|        295|  262|        923|
    +----------------------------------------+------+-----------+-----+-----------+

    * Register: 
    +--------------------------+-----+----+-----+-----------+
    |           Name           |  FF | LUT| Bits| Const Bits|
    +--------------------------+-----+----+-----+-----------+
    |ap_CS_fsm                 |  272|   0|  272|          0|
    |conv12_i1_reg_465         |   32|   0|   32|          0|
    |div_i1_reg_460            |   64|   0|   64|          0|
    |gmem_addr_read_reg_434    |   32|   0|   32|          0|
    |gmem_addr_reg_425         |   32|   0|   32|          0|
    |i_fu_102                  |   32|   0|   32|          0|
    |icmp_ln110_reg_400        |    1|   0|    1|          0|
    |indvar_flatten180_fu_106  |   64|   0|   64|          0|
    |j_fu_98                   |   32|   0|   32|          0|
    |mul10_i1_reg_450          |   64|   0|   64|          0|
    |reg_217                   |   64|   0|   64|          0|
    |select_ln108_1_reg_405    |   32|   0|   32|          0|
    |trunc_ln112_1_reg_410     |   30|   0|   30|          0|
    |trunc_ln112_5_reg_420     |   30|   0|   30|          0|
    |trunc_ln112_reg_415       |   30|   0|   30|          0|
    |x_assign_2_reg_444        |   64|   0|   64|          0|
    |x_assign_3_reg_455        |   64|   0|   64|          0|
    +--------------------------+-----+----+-----+-----------+
    |Total                     |  939|   0|  939|          0|
    +--------------------------+-----+----+-----+-----------+



================================================================
== Interface
================================================================
* Summary: 
+------------------------------------------+-----+-----+------------+-----------------------------------------------------+--------------+
|                 RTL Ports                | Dir | Bits|  Protocol  |                    Source Object                    |    C Type    |
+------------------------------------------+-----+-----+------------+-----------------------------------------------------+--------------+
|ap_clk                                    |   in|    1|  ap_ctrl_hs|  cifar10_Pipeline_VITIS_LOOP_108_1_VITIS_LOOP_110_22|  return value|
|ap_rst                                    |   in|    1|  ap_ctrl_hs|  cifar10_Pipeline_VITIS_LOOP_108_1_VITIS_LOOP_110_22|  return value|
|ap_start                                  |   in|    1|  ap_ctrl_hs|  cifar10_Pipeline_VITIS_LOOP_108_1_VITIS_LOOP_110_22|  return value|
|ap_done                                   |  out|    1|  ap_ctrl_hs|  cifar10_Pipeline_VITIS_LOOP_108_1_VITIS_LOOP_110_22|  return value|
|ap_idle                                   |  out|    1|  ap_ctrl_hs|  cifar10_Pipeline_VITIS_LOOP_108_1_VITIS_LOOP_110_22|  return value|
|ap_ready                                  |  out|    1|  ap_ctrl_hs|  cifar10_Pipeline_VITIS_LOOP_108_1_VITIS_LOOP_110_22|  return value|
|grp_fu_1762_p_din0                        |  out|   64|  ap_ctrl_hs|  cifar10_Pipeline_VITIS_LOOP_108_1_VITIS_LOOP_110_22|  return value|
|grp_fu_1762_p_dout0                       |   in|   32|  ap_ctrl_hs|  cifar10_Pipeline_VITIS_LOOP_108_1_VITIS_LOOP_110_22|  return value|
|grp_fu_1762_p_ce                          |  out|    1|  ap_ctrl_hs|  cifar10_Pipeline_VITIS_LOOP_108_1_VITIS_LOOP_110_22|  return value|
|grp_fu_1765_p_din0                        |  out|   32|  ap_ctrl_hs|  cifar10_Pipeline_VITIS_LOOP_108_1_VITIS_LOOP_110_22|  return value|
|grp_fu_1765_p_dout0                       |   in|   64|  ap_ctrl_hs|  cifar10_Pipeline_VITIS_LOOP_108_1_VITIS_LOOP_110_22|  return value|
|grp_fu_1765_p_ce                          |  out|    1|  ap_ctrl_hs|  cifar10_Pipeline_VITIS_LOOP_108_1_VITIS_LOOP_110_22|  return value|
|grp_fu_1768_p_din0                        |  out|   64|  ap_ctrl_hs|  cifar10_Pipeline_VITIS_LOOP_108_1_VITIS_LOOP_110_22|  return value|
|grp_fu_1768_p_din1                        |  out|   64|  ap_ctrl_hs|  cifar10_Pipeline_VITIS_LOOP_108_1_VITIS_LOOP_110_22|  return value|
|grp_fu_1768_p_opcode                      |  out|    2|  ap_ctrl_hs|  cifar10_Pipeline_VITIS_LOOP_108_1_VITIS_LOOP_110_22|  return value|
|grp_fu_1768_p_dout0                       |   in|   64|  ap_ctrl_hs|  cifar10_Pipeline_VITIS_LOOP_108_1_VITIS_LOOP_110_22|  return value|
|grp_fu_1768_p_ce                          |  out|    1|  ap_ctrl_hs|  cifar10_Pipeline_VITIS_LOOP_108_1_VITIS_LOOP_110_22|  return value|
|grp_fu_1772_p_din0                        |  out|   64|  ap_ctrl_hs|  cifar10_Pipeline_VITIS_LOOP_108_1_VITIS_LOOP_110_22|  return value|
|grp_fu_1772_p_din1                        |  out|   64|  ap_ctrl_hs|  cifar10_Pipeline_VITIS_LOOP_108_1_VITIS_LOOP_110_22|  return value|
|grp_fu_1772_p_dout0                       |   in|   64|  ap_ctrl_hs|  cifar10_Pipeline_VITIS_LOOP_108_1_VITIS_LOOP_110_22|  return value|
|grp_fu_1772_p_ce                          |  out|    1|  ap_ctrl_hs|  cifar10_Pipeline_VITIS_LOOP_108_1_VITIS_LOOP_110_22|  return value|
|grp_fu_1776_p_din0                        |  out|   64|  ap_ctrl_hs|  cifar10_Pipeline_VITIS_LOOP_108_1_VITIS_LOOP_110_22|  return value|
|grp_fu_1776_p_din1                        |  out|   64|  ap_ctrl_hs|  cifar10_Pipeline_VITIS_LOOP_108_1_VITIS_LOOP_110_22|  return value|
|grp_fu_1776_p_dout0                       |   in|   64|  ap_ctrl_hs|  cifar10_Pipeline_VITIS_LOOP_108_1_VITIS_LOOP_110_22|  return value|
|grp_fu_1776_p_ce                          |  out|    1|  ap_ctrl_hs|  cifar10_Pipeline_VITIS_LOOP_108_1_VITIS_LOOP_110_22|  return value|
|grp_fu_633_p_din0                         |  out|   32|  ap_ctrl_hs|  cifar10_Pipeline_VITIS_LOOP_108_1_VITIS_LOOP_110_22|  return value|
|grp_fu_633_p_din1                         |  out|   32|  ap_ctrl_hs|  cifar10_Pipeline_VITIS_LOOP_108_1_VITIS_LOOP_110_22|  return value|
|grp_fu_633_p_dout0                        |   in|   32|  ap_ctrl_hs|  cifar10_Pipeline_VITIS_LOOP_108_1_VITIS_LOOP_110_22|  return value|
|grp_fu_633_p_ce                           |  out|    1|  ap_ctrl_hs|  cifar10_Pipeline_VITIS_LOOP_108_1_VITIS_LOOP_110_22|  return value|
|grp_pow_generic_double_s_fu_1780_p_din1   |  out|   64|  ap_ctrl_hs|  cifar10_Pipeline_VITIS_LOOP_108_1_VITIS_LOOP_110_22|  return value|
|grp_pow_generic_double_s_fu_1780_p_din2   |  out|   64|  ap_ctrl_hs|  cifar10_Pipeline_VITIS_LOOP_108_1_VITIS_LOOP_110_22|  return value|
|grp_pow_generic_double_s_fu_1780_p_dout0  |   in|   64|  ap_ctrl_hs|  cifar10_Pipeline_VITIS_LOOP_108_1_VITIS_LOOP_110_22|  return value|
|grp_pow_generic_double_s_fu_1780_p_ce     |  out|    1|  ap_ctrl_hs|  cifar10_Pipeline_VITIS_LOOP_108_1_VITIS_LOOP_110_22|  return value|
|m_axi_gmem_0_AWVALID                      |  out|    1|       m_axi|                                                 gmem|       pointer|
|m_axi_gmem_0_AWREADY                      |   in|    1|       m_axi|                                                 gmem|       pointer|
|m_axi_gmem_0_AWADDR                       |  out|   32|       m_axi|                                                 gmem|       pointer|
|m_axi_gmem_0_AWID                         |  out|    1|       m_axi|                                                 gmem|       pointer|
|m_axi_gmem_0_AWLEN                        |  out|   32|       m_axi|                                                 gmem|       pointer|
|m_axi_gmem_0_AWSIZE                       |  out|    3|       m_axi|                                                 gmem|       pointer|
|m_axi_gmem_0_AWBURST                      |  out|    2|       m_axi|                                                 gmem|       pointer|
|m_axi_gmem_0_AWLOCK                       |  out|    2|       m_axi|                                                 gmem|       pointer|
|m_axi_gmem_0_AWCACHE                      |  out|    4|       m_axi|                                                 gmem|       pointer|
|m_axi_gmem_0_AWPROT                       |  out|    3|       m_axi|                                                 gmem|       pointer|
|m_axi_gmem_0_AWQOS                        |  out|    4|       m_axi|                                                 gmem|       pointer|
|m_axi_gmem_0_AWREGION                     |  out|    4|       m_axi|                                                 gmem|       pointer|
|m_axi_gmem_0_AWUSER                       |  out|    1|       m_axi|                                                 gmem|       pointer|
|m_axi_gmem_0_WVALID                       |  out|    1|       m_axi|                                                 gmem|       pointer|
|m_axi_gmem_0_WREADY                       |   in|    1|       m_axi|                                                 gmem|       pointer|
|m_axi_gmem_0_WDATA                        |  out|   32|       m_axi|                                                 gmem|       pointer|
|m_axi_gmem_0_WSTRB                        |  out|    4|       m_axi|                                                 gmem|       pointer|
|m_axi_gmem_0_WLAST                        |  out|    1|       m_axi|                                                 gmem|       pointer|
|m_axi_gmem_0_WID                          |  out|    1|       m_axi|                                                 gmem|       pointer|
|m_axi_gmem_0_WUSER                        |  out|    1|       m_axi|                                                 gmem|       pointer|
|m_axi_gmem_0_ARVALID                      |  out|    1|       m_axi|                                                 gmem|       pointer|
|m_axi_gmem_0_ARREADY                      |   in|    1|       m_axi|                                                 gmem|       pointer|
|m_axi_gmem_0_ARADDR                       |  out|   32|       m_axi|                                                 gmem|       pointer|
|m_axi_gmem_0_ARID                         |  out|    1|       m_axi|                                                 gmem|       pointer|
|m_axi_gmem_0_ARLEN                        |  out|   32|       m_axi|                                                 gmem|       pointer|
|m_axi_gmem_0_ARSIZE                       |  out|    3|       m_axi|                                                 gmem|       pointer|
|m_axi_gmem_0_ARBURST                      |  out|    2|       m_axi|                                                 gmem|       pointer|
|m_axi_gmem_0_ARLOCK                       |  out|    2|       m_axi|                                                 gmem|       pointer|
|m_axi_gmem_0_ARCACHE                      |  out|    4|       m_axi|                                                 gmem|       pointer|
|m_axi_gmem_0_ARPROT                       |  out|    3|       m_axi|                                                 gmem|       pointer|
|m_axi_gmem_0_ARQOS                        |  out|    4|       m_axi|                                                 gmem|       pointer|
|m_axi_gmem_0_ARREGION                     |  out|    4|       m_axi|                                                 gmem|       pointer|
|m_axi_gmem_0_ARUSER                       |  out|    1|       m_axi|                                                 gmem|       pointer|
|m_axi_gmem_0_RVALID                       |   in|    1|       m_axi|                                                 gmem|       pointer|
|m_axi_gmem_0_RREADY                       |  out|    1|       m_axi|                                                 gmem|       pointer|
|m_axi_gmem_0_RDATA                        |   in|   32|       m_axi|                                                 gmem|       pointer|
|m_axi_gmem_0_RLAST                        |   in|    1|       m_axi|                                                 gmem|       pointer|
|m_axi_gmem_0_RID                          |   in|    1|       m_axi|                                                 gmem|       pointer|
|m_axi_gmem_0_RFIFONUM                     |   in|    9|       m_axi|                                                 gmem|       pointer|
|m_axi_gmem_0_RUSER                        |   in|    1|       m_axi|                                                 gmem|       pointer|
|m_axi_gmem_0_RRESP                        |   in|    2|       m_axi|                                                 gmem|       pointer|
|m_axi_gmem_0_BVALID                       |   in|    1|       m_axi|                                                 gmem|       pointer|
|m_axi_gmem_0_BREADY                       |  out|    1|       m_axi|                                                 gmem|       pointer|
|m_axi_gmem_0_BRESP                        |   in|    2|       m_axi|                                                 gmem|       pointer|
|m_axi_gmem_0_BID                          |   in|    1|       m_axi|                                                 gmem|       pointer|
|m_axi_gmem_0_BUSER                        |   in|    1|       m_axi|                                                 gmem|       pointer|
|mul_ln108                                 |   in|   64|     ap_none|                                            mul_ln108|        scalar|
|size_lateral_1                            |   in|   32|     ap_none|                                       size_lateral_1|        scalar|
|conv_2_output                             |   in|   32|     ap_none|                                        conv_2_output|        scalar|
+------------------------------------------+-----+-----+------------+-----------------------------------------------------+--------------+

