

================================================================
== Vitis HLS Report for 'cifar10_Pipeline_VITIS_LOOP_93_3_VITIS_LOOP_95_4'
================================================================
* Date:           Mon May  4 21:06:54 2026

* Version:        2025.2 (Build 6295257 on Nov 14 2025)
* Project:        proj_cifar10
* Solution:       fsolution (Vivado IP Flow Target)
* Product family: zynq
* Target device:  xc7z020-clg484-1


================================================================
== Performance Estimates
================================================================
+ Timing: 
    * Summary: 
    +--------+----------+----------+------------+
    |  Clock |  Target  | Estimated| Uncertainty|
    +--------+----------+----------+------------+
    |ap_clk  |  10.00 ns|  7.300 ns|     2.70 ns|
    +--------+----------+----------+------------+

+ Latency: 
    * Summary: 
    +---------+---------+----------+----------+-----+-----+-------------------+
    |  Latency (cycles) |  Latency (absolute) |  Interval |      Pipeline     |
    |   min   |   max   |    min   |    max   | min | max |        Type       |
    +---------+---------+----------+----------+-----+-----+-------------------+
    |        ?|        ?|         ?|         ?|    0|    0|  loop pipeline stp|
    +---------+---------+----------+----------+-----+-----+-------------------+

    + Detail: 
        * Instance: 
        N/A

        * Loop: 
        +-----------------------------------+---------+---------+----------+-----------+-----------+------+----------+
        |                                   |  Latency (cycles) | Iteration|  Initiation Interval  | Trip |          |
        |             Loop Name             |   min   |   max   |  Latency |  achieved |   target  | Count| Pipelined|
        +-----------------------------------+---------+---------+----------+-----------+-----------+------+----------+
        |- VITIS_LOOP_93_3_VITIS_LOOP_95_4  |        ?|        ?|        17|          2|          1|     ?|       yes|
        +-----------------------------------+---------+---------+----------+-----------+-----------+------+----------+



================================================================
== Utilization Estimates
================================================================
* Summary: 
+-----------------+---------+-----+--------+-------+-----+
|       Name      | BRAM_18K| DSP |   FF   |  LUT  | URAM|
+-----------------+---------+-----+--------+-------+-----+
|DSP              |        -|    -|       -|      -|    -|
|Expression       |        -|    -|       0|    578|    -|
|FIFO             |        -|    -|       -|      -|    -|
|Instance         |        -|    -|       -|      -|    -|
|Memory           |        -|    -|       -|      -|    -|
|Multiplexer      |        -|    -|       0|    113|    -|
|Register         |        -|    -|     661|     64|    -|
+-----------------+---------+-----+--------+-------+-----+
|Total            |        0|    0|     661|    755|    0|
+-----------------+---------+-----+--------+-------+-----+
|Available        |      280|  220|  106400|  53200|    0|
+-----------------+---------+-----+--------+-------+-----+
|Utilization (%)  |        0|    0|      ~0|      1|    0|
+-----------------+---------+-----+--------+-------+-----+

+ Detail: 
    * Instance: 
    N/A

    * DSP: 
    N/A

    * Memory: 
    N/A

    * FIFO: 
    N/A

    * Expression: 
    +----------------------------------------+----------+----+---+----+------------+------------+
    |              Variable Name             | Operation| DSP| FF| LUT| Bitwidth P0| Bitwidth P1|
    +----------------------------------------+----------+----+---+----+------------+------------+
    |add_ln93_1_fu_216_p2                    |         +|   0|  0|  71|          64|           1|
    |add_ln93_fu_236_p2                      |         +|   0|  0|  39|          32|           1|
    |add_ln95_fu_258_p2                      |         +|   0|  0|  39|          32|           1|
    |add_ln97_1_fu_296_p2                    |         +|   0|  0|  39|          32|          32|
    |add_ln97_fu_284_p2                      |         +|   0|  0|  37|          30|          30|
    |tmp_fu_253_p2                           |         +|   0|  0|  37|          30|          30|
    |and_ln97_1_fu_397_p2                    |       and|   0|  0|   2|           1|           1|
    |and_ln97_fu_391_p2                      |       and|   0|  0|   2|           1|           1|
    |ap_block_state15_pp0_stage0_iter7_grp1  |       and|   0|  0|   2|           1|           1|
    |ap_block_state7_io_grp1                 |       and|   0|  0|   2|           1|           1|
    |ap_condition_172                        |       and|   0|  0|   2|           1|           1|
    |icmp_ln93_fu_211_p2                     |      icmp|   0|  0|  71|          64|          64|
    |icmp_ln95_fu_222_p2                     |      icmp|   0|  0|  39|          32|          32|
    |icmp_ln97_1_fu_367_p2                   |      icmp|   0|  0|  30|          23|           1|
    |icmp_ln97_2_fu_373_p2                   |      icmp|   0|  0|  15|           8|           2|
    |icmp_ln97_3_fu_378_p2                   |      icmp|   0|  0|  30|          23|           1|
    |icmp_ln97_fu_361_p2                     |      icmp|   0|  0|  15|           8|           2|
    |ap_block_pp0_stage0_11001               |        or|   0|  0|   2|           1|           1|
    |or_ln87_fu_227_p2                       |        or|   0|  0|   2|           1|           1|
    |or_ln97_1_fu_387_p2                     |        or|   0|  0|   2|           1|           1|
    |or_ln97_fu_383_p2                       |        or|   0|  0|   2|           1|           1|
    |max_value_2_fu_403_p3                   |    select|   0|  0|  32|           1|          32|
    |select_ln93_fu_242_p3                   |    select|   0|  0|  32|           1|          32|
    |select_ln95_fu_263_p3                   |    select|   0|  0|  32|           1|           1|
    |ap_enable_pp0                           |       xor|   0|  0|   2|           1|           2|
    +----------------------------------------+----------+----+---+----+------------+------------+
    |Total                                   |          |   0|  0| 578|         391|         273|
    +----------------------------------------+----------+----+---+----+------------+------------+

    * Multiplexer: 
    +---------------------------------------+----+-----------+-----+-----------+
    |                  Name                 | LUT| Input Size| Bits| Total Bits|
    +---------------------------------------+----+-----------+-----+-----------+
    |ap_NS_fsm                              |  14|          3|    1|          3|
    |ap_done_int                            |   9|          2|    1|          2|
    |ap_enable_reg_pp0_iter0                |   9|          2|    1|          2|
    |ap_enable_reg_pp0_iter1                |   9|          2|    1|          2|
    |ap_phi_mux_first_iter_1_phi_fu_169_p4  |   9|          2|    1|          2|
    |ap_sig_allocacmp_p_a_load_2            |   9|          2|   32|         64|
    |gmem_blk_n_AR                          |   9|          2|    1|          2|
    |gmem_blk_n_R                           |   9|          2|    1|          2|
    |indvar_flatten159_fu_100               |   9|          2|   64|        128|
    |p_a_fu_88                              |   9|          2|   32|         64|
    |x_fu_96                                |   9|          2|   32|         64|
    |y_fu_92                                |   9|          2|   32|         64|
    +---------------------------------------+----+-----------+-----+-----------+
    |Total                                  | 113|         25|  199|        399|
    +---------------------------------------+----+-----------+-----+-----------+

    * Register: 
    +-------------------------------------------+----+----+-----+-----------+
    |                    Name                   | FF | LUT| Bits| Const Bits|
    +-------------------------------------------+----+----+-----+-----------+
    |add_ln93_1_reg_486                         |  64|   0|   64|          0|
    |ap_CS_fsm                                  |   2|   0|    2|          0|
    |ap_block_pp0_stage0_subdone_grp0_done_reg  |   1|   0|    1|          0|
    |ap_done_reg                                |   1|   0|    1|          0|
    |ap_enable_reg_pp0_iter0_reg                |   1|   0|    1|          0|
    |ap_enable_reg_pp0_iter1                    |   1|   0|    1|          0|
    |ap_enable_reg_pp0_iter2                    |   1|   0|    1|          0|
    |ap_enable_reg_pp0_iter3                    |   1|   0|    1|          0|
    |ap_enable_reg_pp0_iter4                    |   1|   0|    1|          0|
    |ap_enable_reg_pp0_iter5                    |   1|   0|    1|          0|
    |ap_enable_reg_pp0_iter6                    |   1|   0|    1|          0|
    |ap_enable_reg_pp0_iter7                    |   1|   0|    1|          0|
    |ap_enable_reg_pp0_iter8                    |   1|   0|    1|          0|
    |ap_loop_exit_ready_pp0_iter1_reg           |   1|   0|    1|          0|
    |ap_loop_exit_ready_pp0_iter2_reg           |   1|   0|    1|          0|
    |ap_loop_exit_ready_pp0_iter3_reg           |   1|   0|    1|          0|
    |ap_loop_exit_ready_pp0_iter4_reg           |   1|   0|    1|          0|
    |ap_loop_exit_ready_pp0_iter5_reg           |   1|   0|    1|          0|
    |ap_loop_exit_ready_pp0_iter6_reg           |   1|   0|    1|          0|
    |ap_loop_exit_ready_pp0_iter7_reg           |   1|   0|    1|          0|
    |first_iter_1_reg_164                       |   1|   0|    1|          0|
    |gmem_addr_read_reg_522                     |  32|   0|   32|          0|
    |icmp_ln93_reg_482                          |   1|   0|    1|          0|
    |icmp_ln95_reg_491                          |   1|   0|    1|          0|
    |icmp_ln97_1_reg_554                        |   1|   0|    1|          0|
    |icmp_ln97_2_reg_559                        |   1|   0|    1|          0|
    |icmp_ln97_3_reg_564                        |   1|   0|    1|          0|
    |icmp_ln97_reg_549                          |   1|   0|    1|          0|
    |indvar_flatten159_fu_100                   |  64|   0|   64|          0|
    |max_value_2_reg_569                        |  32|   0|   32|          0|
    |or_ln87_reg_497                            |   1|   0|    1|          0|
    |p_a_fu_88                                  |  32|   0|   32|          0|
    |p_a_load_2_reg_537                         |  32|   0|   32|          0|
    |p_b_reg_543                                |  32|   0|   32|          0|
    |tmp1_cast_reg_506                          |  30|   0|   30|          0|
    |tmp_16_reg_527                             |   8|   0|    8|          0|
    |tmp_reg_501                                |  30|   0|   30|          0|
    |trunc_ln95_1_reg_511                       |  30|   0|   30|          0|
    |trunc_ln97_3_reg_532                       |  23|   0|   23|          0|
    |x_fu_96                                    |  32|   0|   32|          0|
    |y_2_reg_477                                |  32|   0|   32|          0|
    |y_fu_92                                    |  32|   0|   32|          0|
    |icmp_ln93_reg_482                          |  64|  32|    1|          0|
    |or_ln87_reg_497                            |  64|  32|    1|          0|
    +-------------------------------------------+----+----+-----+-----------+
    |Total                                      | 661|  64|  535|          0|
    +-------------------------------------------+----+----+-----+-----------+



================================================================
== Interface
================================================================
* Summary: 
+------------------------+-----+-----+------------+--------------------------------------------------+--------------+
|        RTL Ports       | Dir | Bits|  Protocol  |                   Source Object                  |    C Type    |
+------------------------+-----+-----+------------+--------------------------------------------------+--------------+
|ap_clk                  |   in|    1|  ap_ctrl_hs|  cifar10_Pipeline_VITIS_LOOP_93_3_VITIS_LOOP_95_4|  return value|
|ap_rst                  |   in|    1|  ap_ctrl_hs|  cifar10_Pipeline_VITIS_LOOP_93_3_VITIS_LOOP_95_4|  return value|
|ap_start                |   in|    1|  ap_ctrl_hs|  cifar10_Pipeline_VITIS_LOOP_93_3_VITIS_LOOP_95_4|  return value|
|ap_done                 |  out|    1|  ap_ctrl_hs|  cifar10_Pipeline_VITIS_LOOP_93_3_VITIS_LOOP_95_4|  return value|
|ap_idle                 |  out|    1|  ap_ctrl_hs|  cifar10_Pipeline_VITIS_LOOP_93_3_VITIS_LOOP_95_4|  return value|
|ap_ready                |  out|    1|  ap_ctrl_hs|  cifar10_Pipeline_VITIS_LOOP_93_3_VITIS_LOOP_95_4|  return value|
|grp_fu_1758_p_din0      |  out|   32|  ap_ctrl_hs|  cifar10_Pipeline_VITIS_LOOP_93_3_VITIS_LOOP_95_4|  return value|
|grp_fu_1758_p_din1      |  out|   32|  ap_ctrl_hs|  cifar10_Pipeline_VITIS_LOOP_93_3_VITIS_LOOP_95_4|  return value|
|grp_fu_1758_p_opcode    |  out|    5|  ap_ctrl_hs|  cifar10_Pipeline_VITIS_LOOP_93_3_VITIS_LOOP_95_4|  return value|
|grp_fu_1758_p_dout0     |   in|    1|  ap_ctrl_hs|  cifar10_Pipeline_VITIS_LOOP_93_3_VITIS_LOOP_95_4|  return value|
|grp_fu_1758_p_ce        |  out|    1|  ap_ctrl_hs|  cifar10_Pipeline_VITIS_LOOP_93_3_VITIS_LOOP_95_4|  return value|
|grp_fu_625_p_din0       |  out|   30|  ap_ctrl_hs|  cifar10_Pipeline_VITIS_LOOP_93_3_VITIS_LOOP_95_4|  return value|
|grp_fu_625_p_din1       |  out|   30|  ap_ctrl_hs|  cifar10_Pipeline_VITIS_LOOP_93_3_VITIS_LOOP_95_4|  return value|
|grp_fu_625_p_dout0      |   in|   30|  ap_ctrl_hs|  cifar10_Pipeline_VITIS_LOOP_93_3_VITIS_LOOP_95_4|  return value|
|grp_fu_625_p_ce         |  out|    1|  ap_ctrl_hs|  cifar10_Pipeline_VITIS_LOOP_93_3_VITIS_LOOP_95_4|  return value|
|max_value               |   in|   32|     ap_none|                                         max_value|        scalar|
|m_axi_gmem_0_AWVALID    |  out|    1|       m_axi|                                              gmem|       pointer|
|m_axi_gmem_0_AWREADY    |   in|    1|       m_axi|                                              gmem|       pointer|
|m_axi_gmem_0_AWADDR     |  out|   32|       m_axi|                                              gmem|       pointer|
|m_axi_gmem_0_AWID       |  out|    1|       m_axi|                                              gmem|       pointer|
|m_axi_gmem_0_AWLEN      |  out|   32|       m_axi|                                              gmem|       pointer|
|m_axi_gmem_0_AWSIZE     |  out|    3|       m_axi|                                              gmem|       pointer|
|m_axi_gmem_0_AWBURST    |  out|    2|       m_axi|                                              gmem|       pointer|
|m_axi_gmem_0_AWLOCK     |  out|    2|       m_axi|                                              gmem|       pointer|
|m_axi_gmem_0_AWCACHE    |  out|    4|       m_axi|                                              gmem|       pointer|
|m_axi_gmem_0_AWPROT     |  out|    3|       m_axi|                                              gmem|       pointer|
|m_axi_gmem_0_AWQOS      |  out|    4|       m_axi|                                              gmem|       pointer|
|m_axi_gmem_0_AWREGION   |  out|    4|       m_axi|                                              gmem|       pointer|
|m_axi_gmem_0_AWUSER     |  out|    1|       m_axi|                                              gmem|       pointer|
|m_axi_gmem_0_WVALID     |  out|    1|       m_axi|                                              gmem|       pointer|
|m_axi_gmem_0_WREADY     |   in|    1|       m_axi|                                              gmem|       pointer|
|m_axi_gmem_0_WDATA      |  out|   32|       m_axi|                                              gmem|       pointer|
|m_axi_gmem_0_WSTRB      |  out|    4|       m_axi|                                              gmem|       pointer|
|m_axi_gmem_0_WLAST      |  out|    1|       m_axi|                                              gmem|       pointer|
|m_axi_gmem_0_WID        |  out|    1|       m_axi|                                              gmem|       pointer|
|m_axi_gmem_0_WUSER      |  out|    1|       m_axi|                                              gmem|       pointer|
|m_axi_gmem_0_ARVALID    |  out|    1|       m_axi|                                              gmem|       pointer|
|m_axi_gmem_0_ARREADY    |   in|    1|       m_axi|                                              gmem|       pointer|
|m_axi_gmem_0_ARADDR     |  out|   32|       m_axi|                                              gmem|       pointer|
|m_axi_gmem_0_ARID       |  out|    1|       m_axi|                                              gmem|       pointer|
|m_axi_gmem_0_ARLEN      |  out|   32|       m_axi|                                              gmem|       pointer|
|m_axi_gmem_0_ARSIZE     |  out|    3|       m_axi|                                              gmem|       pointer|
|m_axi_gmem_0_ARBURST    |  out|    2|       m_axi|                                              gmem|       pointer|
|m_axi_gmem_0_ARLOCK     |  out|    2|       m_axi|                                              gmem|       pointer|
|m_axi_gmem_0_ARCACHE    |  out|    4|       m_axi|                                              gmem|       pointer|
|m_axi_gmem_0_ARPROT     |  out|    3|       m_axi|                                              gmem|       pointer|
|m_axi_gmem_0_ARQOS      |  out|    4|       m_axi|                                              gmem|       pointer|
|m_axi_gmem_0_ARREGION   |  out|    4|       m_axi|                                              gmem|       pointer|
|m_axi_gmem_0_ARUSER     |  out|    1|       m_axi|                                              gmem|       pointer|
|m_axi_gmem_0_RVALID     |   in|    1|       m_axi|                                              gmem|       pointer|
|m_axi_gmem_0_RREADY     |  out|    1|       m_axi|                                              gmem|       pointer|
|m_axi_gmem_0_RDATA      |   in|   32|       m_axi|                                              gmem|       pointer|
|m_axi_gmem_0_RLAST      |   in|    1|       m_axi|                                              gmem|       pointer|
|m_axi_gmem_0_RID        |   in|    1|       m_axi|                                              gmem|       pointer|
|m_axi_gmem_0_RFIFONUM   |   in|    9|       m_axi|                                              gmem|       pointer|
|m_axi_gmem_0_RUSER      |   in|    1|       m_axi|                                              gmem|       pointer|
|m_axi_gmem_0_RRESP      |   in|    2|       m_axi|                                              gmem|       pointer|
|m_axi_gmem_0_BVALID     |   in|    1|       m_axi|                                              gmem|       pointer|
|m_axi_gmem_0_BREADY     |  out|    1|       m_axi|                                              gmem|       pointer|
|m_axi_gmem_0_BRESP      |   in|    2|       m_axi|                                              gmem|       pointer|
|m_axi_gmem_0_BID        |   in|    1|       m_axi|                                              gmem|       pointer|
|m_axi_gmem_0_BUSER      |   in|    1|       m_axi|                                              gmem|       pointer|
|mul_ln164               |   in|   64|     ap_none|                                         mul_ln164|        scalar|
|stride_1_size           |   in|   32|     ap_none|                                     stride_1_size|        scalar|
|empty_90                |   in|   30|     ap_none|                                          empty_90|        scalar|
|empty_91                |   in|   30|     ap_none|                                          empty_91|        scalar|
|empty                   |   in|   30|     ap_none|                                             empty|        scalar|
|conv_1_output           |   in|   32|     ap_none|                                     conv_1_output|        scalar|
|max_value_8_out         |  out|   32|      ap_vld|                                   max_value_8_out|       pointer|
|max_value_8_out_ap_vld  |  out|    1|      ap_vld|                                   max_value_8_out|       pointer|
+------------------------+-----+-----+------------+--------------------------------------------------+--------------+

