

================================================================
== Vitis HLS Report for 'cifar10'
================================================================
* Date:           Mon May  4 21:06:56 2026

* Version:        2025.2 (Build 6295257 on Nov 14 2025)
* Project:        proj_cifar10
* Solution:       fsolution (Vivado IP Flow Target)
* Product family: zynq
* Target device:  xc7z020-clg484-1


================================================================
== Performance Estimates
================================================================
+ Timing: 
    * Summary: 
    +--------+----------+----------+------------+
    |  Clock |  Target  | Estimated| Uncertainty|
    +--------+----------+----------+------------+
    |ap_clk  |  10.00 ns|  8.080 ns|     2.70 ns|
    +--------+----------+----------+------------+

+ Latency: 
    * Summary: 
    +---------+---------+----------+----------+-----+-----+---------+
    |  Latency (cycles) |  Latency (absolute) |  Interval | Pipeline|
    |   min   |   max   |    min   |    max   | min | max |   Type  |
    +---------+---------+----------+----------+-----+-----+---------+
    |        ?|        ?|         ?|         ?|    ?|    ?|       no|
    +---------+---------+----------+----------+-----+-----+---------+

    + Detail: 
        * Instance: 
        +----------------------------------------------------------------+-----------------------------------------------------+---------+---------+----------+----------+-----+-----+-------------------+
        |                                                                |                                                     |  Latency (cycles) |  Latency (absolute) |  Interval |      Pipeline     |
        |                            Instance                            |                        Module                       |   min   |   max   |    min   |    max   | min | max |        Type       |
        +----------------------------------------------------------------+-----------------------------------------------------+---------+---------+----------+----------+-----+-----+-------------------+
        |grp_convolution_fu_446                                          |convolution                                          |        ?|        ?|         ?|         ?|    ?|    ?|                 no|
        |grp_cifar10_Pipeline_VITIS_LOOP_51_1_VITIS_LOOP_53_2_fu_457     |cifar10_Pipeline_VITIS_LOOP_51_1_VITIS_LOOP_53_2     |        ?|        ?|         ?|         ?|    0|    0|  loop pipeline stp|
        |grp_cifar10_Pipeline_VITIS_LOOP_93_3_VITIS_LOOP_95_4_fu_466     |cifar10_Pipeline_VITIS_LOOP_93_3_VITIS_LOOP_95_4     |        ?|        ?|         ?|         ?|    0|    0|  loop pipeline stp|
        |grp_cifar10_Pipeline_VITIS_LOOP_108_1_VITIS_LOOP_110_2_fu_480   |cifar10_Pipeline_VITIS_LOOP_108_1_VITIS_LOOP_110_2   |        ?|        ?|         ?|         ?|    ?|    ?|                 no|
        |grp_cifar10_Pipeline_VITIS_LOOP_51_1_VITIS_LOOP_53_21_fu_513    |cifar10_Pipeline_VITIS_LOOP_51_1_VITIS_LOOP_53_21    |        ?|        ?|         ?|         ?|    0|    0|  loop pipeline stp|
        |grp_cifar10_Pipeline_VITIS_LOOP_108_1_VITIS_LOOP_110_22_fu_522  |cifar10_Pipeline_VITIS_LOOP_108_1_VITIS_LOOP_110_22  |        ?|        ?|         ?|         ?|    ?|    ?|                 no|
        |grp_cifar10_Pipeline_VITIS_LOOP_93_3_VITIS_LOOP_95_43_fu_555    |cifar10_Pipeline_VITIS_LOOP_93_3_VITIS_LOOP_95_43    |        ?|        ?|         ?|         ?|    0|    0|  loop pipeline stp|
        |grp_cifar10_Pipeline_VITIS_LOOP_125_3_fu_569                    |cifar10_Pipeline_VITIS_LOOP_125_3                    |        ?|        ?|         ?|         ?|    0|    0|  loop pipeline stp|
        |grp_cifar10_Pipeline_VITIS_LOOP_71_1_fu_579                     |cifar10_Pipeline_VITIS_LOOP_71_1                     |       19|        ?|  0.190 us|         ?|    0|    0|  loop pipeline stp|
        |grp_cifar10_Pipeline_VITIS_LOOP_125_34_fu_587                   |cifar10_Pipeline_VITIS_LOOP_125_34                   |       22|        ?|  0.220 us|         ?|    0|    0|  loop pipeline stp|
        |grp_cifar10_Pipeline_VITIS_LOOP_71_15_fu_597                    |cifar10_Pipeline_VITIS_LOOP_71_15                    |       19|        ?|  0.190 us|         ?|    0|    0|  loop pipeline stp|
        |grp_cifar10_Pipeline_VITIS_LOOP_140_1_fu_605                    |cifar10_Pipeline_VITIS_LOOP_140_1                    |       19|        ?|  0.190 us|         ?|    0|    0|  loop pipeline stp|
        |grp_cifar10_Pipeline_VITIS_LOOP_147_2_fu_615                    |cifar10_Pipeline_VITIS_LOOP_147_2                    |       33|        ?|  0.330 us|         ?|    0|    0|  loop pipeline stp|
        +----------------------------------------------------------------+-----------------------------------------------------+---------+---------+----------+----------+-----+-----+-------------------+

        * Loop: 
        +--------------------+---------+---------+----------+-----------+-----------+-------+----------+
        |                    |  Latency (cycles) | Iteration|  Initiation Interval  |  Trip |          |
        |      Loop Name     |   min   |   max   |  Latency |  achieved |   target  | Count | Pipelined|
        +--------------------+---------+---------+----------+-----------+-----------+-------+----------+
        |- VITIS_LOOP_88_1   |        ?|        ?|         ?|          -|          -|      ?|        no|
        | + VITIS_LOOP_90_2  |        ?|        ?|         ?|          -|          -|      ?|        no|
        |- VITIS_LOOP_88_1   |        ?|        ?|         ?|          -|          -|      ?|        no|
        | + VITIS_LOOP_90_2  |        ?|        ?|         ?|          -|          -|      ?|        no|
        |- VITIS_LOOP_120_1  |        ?|        ?|         ?|          -|          -|  1 ~ ?|        no|
        |- VITIS_LOOP_120_1  |       27|        ?|    27 ~ ?|          -|          -|  1 ~ ?|        no|
        +--------------------+---------+---------+----------+-----------+-----------+-------+----------+



================================================================
== Utilization Estimates
================================================================
* Summary: 
+-----------------+---------+-----+--------+-------+-----+
|       Name      | BRAM_18K| DSP |   FF   |  LUT  | URAM|
+-----------------+---------+-----+--------+-------+-----+
|DSP              |        -|    -|       -|      -|    -|
|Expression       |        -|    -|       0|   1053|    -|
|FIFO             |        -|    -|       -|      -|    -|
|Instance         |       32|  132|   34409|  34862|    -|
|Memory           |        -|    -|       -|      -|    -|
|Multiplexer      |        -|    -|       0|   2794|    -|
|Register         |        -|    -|    2361|      -|    -|
+-----------------+---------+-----+--------+-------+-----+
|Total            |       32|  132|   36770|  38709|    0|
+-----------------+---------+-----+--------+-------+-----+
|Available        |      280|  220|  106400|  53200|    0|
+-----------------+---------+-----+--------+-------+-----+
|Utilization (%)  |       11|   60|      34|     72|    0|
+-----------------+---------+-----+--------+-------+-----+

+ Detail: 
    * Instance: 
    +----------------------------------------------------------------+-----------------------------------------------------+---------+----+-------+-------+-----+
    |                            Instance                            |                        Module                       | BRAM_18K| DSP|   FF  |  LUT  | URAM|
    +----------------------------------------------------------------+-----------------------------------------------------+---------+----+-------+-------+-----+
    |grp_cifar10_Pipeline_VITIS_LOOP_108_1_VITIS_LOOP_110_2_fu_480   |cifar10_Pipeline_VITIS_LOOP_108_1_VITIS_LOOP_110_2   |        0|   0|    939|   1949|    0|
    |grp_cifar10_Pipeline_VITIS_LOOP_108_1_VITIS_LOOP_110_22_fu_522  |cifar10_Pipeline_VITIS_LOOP_108_1_VITIS_LOOP_110_22  |        0|   0|    939|   1949|    0|
    |grp_cifar10_Pipeline_VITIS_LOOP_125_3_fu_569                    |cifar10_Pipeline_VITIS_LOOP_125_3                    |        0|   0|    338|    348|    0|
    |grp_cifar10_Pipeline_VITIS_LOOP_125_34_fu_587                   |cifar10_Pipeline_VITIS_LOOP_125_34                   |        0|   0|    338|    348|    0|
    |grp_cifar10_Pipeline_VITIS_LOOP_140_1_fu_605                    |cifar10_Pipeline_VITIS_LOOP_140_1                    |        0|   7|    492|   1113|    0|
    |grp_cifar10_Pipeline_VITIS_LOOP_147_2_fu_615                    |cifar10_Pipeline_VITIS_LOOP_147_2                    |        0|   0|    285|    236|    0|
    |grp_cifar10_Pipeline_VITIS_LOOP_51_1_VITIS_LOOP_53_2_fu_457     |cifar10_Pipeline_VITIS_LOOP_51_1_VITIS_LOOP_53_2     |        0|   0|    437|    695|    0|
    |grp_cifar10_Pipeline_VITIS_LOOP_51_1_VITIS_LOOP_53_21_fu_513    |cifar10_Pipeline_VITIS_LOOP_51_1_VITIS_LOOP_53_21    |        0|   0|    437|    695|    0|
    |grp_cifar10_Pipeline_VITIS_LOOP_71_1_fu_579                     |cifar10_Pipeline_VITIS_LOOP_71_1                     |        0|   0|    322|    317|    0|
    |grp_cifar10_Pipeline_VITIS_LOOP_71_15_fu_597                    |cifar10_Pipeline_VITIS_LOOP_71_15                    |        0|   0|    322|    317|    0|
    |grp_cifar10_Pipeline_VITIS_LOOP_93_3_VITIS_LOOP_95_4_fu_466     |cifar10_Pipeline_VITIS_LOOP_93_3_VITIS_LOOP_95_4     |        0|   0|    661|    755|    0|
    |grp_cifar10_Pipeline_VITIS_LOOP_93_3_VITIS_LOOP_95_43_fu_555    |cifar10_Pipeline_VITIS_LOOP_93_3_VITIS_LOOP_95_43    |        0|   0|    661|    755|    0|
    |control_s_axi_U                                                 |control_s_axi                                        |        0|   0|    796|   1320|    0|
    |grp_convolution_fu_446                                          |convolution                                          |        0|  11|   7305|   6058|    0|
    |dadd_64ns_64ns_64_7_full_dsp_1_U189                             |dadd_64ns_64ns_64_7_full_dsp_1                       |        0|   3|    630|   1141|    0|
    |ddiv_64ns_64ns_64_59_no_dsp_1_U191                              |ddiv_64ns_64ns_64_59_no_dsp_1                        |        0|   0|      0|      0|    0|
    |dmul_64ns_64ns_64_7_max_dsp_1_U190                              |dmul_64ns_64ns_64_7_max_dsp_1                        |        0|  11|    342|    586|    0|
    |fadd_32ns_32ns_32_5_full_dsp_1_U192                             |fadd_32ns_32ns_32_5_full_dsp_1                       |        0|   2|    205|    390|    0|
    |fcmp_32ns_32ns_1_2_no_dsp_1_U186                                |fcmp_32ns_32ns_1_2_no_dsp_1                          |        0|   0|      0|      0|    0|
    |fmul_32ns_32ns_32_4_max_dsp_1_U193                              |fmul_32ns_32ns_32_4_max_dsp_1                        |        0|   3|    143|    321|    0|
    |fpext_32ns_64_2_no_dsp_1_U188                                   |fpext_32ns_64_2_no_dsp_1                             |        0|   0|      0|      0|    0|
    |fptrunc_64ns_32_2_no_dsp_1_U187                                 |fptrunc_64ns_32_2_no_dsp_1                           |        0|   0|      0|      0|    0|
    |gmem_m_axi_U                                                    |gmem_m_axi                                           |        2|   0|    770|    742|    0|
    |mul_30s_30s_30_2_1_U177                                         |mul_30s_30s_30_2_1                                   |        0|   3|    118|     47|    0|
    |mul_32ns_32ns_64_2_1_U178                                       |mul_32ns_32ns_64_2_1                                 |        0|   4|    165|     50|    0|
    |mul_32s_32s_32_2_1_U179                                         |mul_32s_32s_32_2_1                                   |        0|   3|    165|     50|    0|
    |grp_pow_generic_double_s_fu_1780                                |pow_generic_double_s                                 |       30|  85|  15235|  13252|    0|
    |udiv_32ns_32ns_30_36_seq_1_U182                                 |udiv_32ns_32ns_30_36_seq_1                           |        0|   0|    394|    238|    0|
    |udiv_32ns_32ns_30_36_seq_1_U185                                 |udiv_32ns_32ns_30_36_seq_1                           |        0|   0|    394|    238|    0|
    |udiv_32s_32ns_32_36_seq_1_U180                                  |udiv_32s_32ns_32_36_seq_1                            |        0|   0|    394|    238|    0|
    |udiv_32s_32ns_32_36_seq_1_U181                                  |udiv_32s_32ns_32_36_seq_1                            |        0|   0|    394|    238|    0|
    |udiv_32s_32ns_32_36_seq_1_U183                                  |udiv_32s_32ns_32_36_seq_1                            |        0|   0|    394|    238|    0|
    |udiv_32s_32ns_32_36_seq_1_U184                                  |udiv_32s_32ns_32_36_seq_1                            |        0|   0|    394|    238|    0|
    +----------------------------------------------------------------+-----------------------------------------------------+---------+----+-------+-------+-----+
    |Total                                                           |                                                     |       32| 132|  34409|  34862|    0|
    +----------------------------------------------------------------+-----------------------------------------------------+---------+----+-------+-------+-----+

    * DSP: 
    N/A

    * Memory: 
    N/A

    * FIFO: 
    N/A

    * Expression: 
    +-----------------------------------+----------+----+---+----+------------+------------+
    |           Variable Name           | Operation| DSP| FF| LUT| Bitwidth P0| Bitwidth P1|
    +-----------------------------------+----------+----+---+----+------------+------------+
    |add_ln100_1_fu_823_p2              |         +|   0|  0|  39|          32|          32|
    |add_ln100_2_fu_999_p2              |         +|   0|  0|  37|          30|          30|
    |add_ln100_3_fu_1012_p2             |         +|   0|  0|  39|          32|          32|
    |add_ln100_fu_810_p2                |         +|   0|  0|  37|          30|          30|
    |add_ln120_1_fu_1171_p2             |         +|   0|  0|  39|          32|           1|
    |add_ln120_fu_1082_p2               |         +|   0|  0|  39|          32|           1|
    |add_ln125_fu_1106_p2               |         +|   0|  0|  39|          32|          32|
    |add_ln127_fu_1195_p2               |         +|   0|  0|  39|          32|          32|
    |add_ln88_2_fu_890_p2               |         +|   0|  0|  39|          32|          32|
    |add_ln88_fu_701_p2                 |         +|   0|  0|  39|          32|          32|
    |add_ln92_1_fu_746_p2               |         +|   0|  0|  39|          32|          32|
    |add_ln92_2_fu_922_p2               |         +|   0|  0|  37|          30|          30|
    |add_ln92_3_fu_935_p2               |         +|   0|  0|  39|          32|          32|
    |add_ln92_fu_733_p2                 |         +|   0|  0|  37|          30|          30|
    |i_5_fu_775_p2                      |         +|   0|  0|  39|          32|          32|
    |i_9_fu_964_p2                      |         +|   0|  0|  39|          32|          32|
    |j_1_fu_770_p2                      |         +|   0|  0|  39|          32|          32|
    |j_3_fu_959_p2                      |         +|   0|  0|  39|          32|          32|
    |ap_block_state177_io               |       and|   0|  0|   2|           1|           1|
    |ap_block_state189_on_subcall_done  |       and|   0|  0|   2|           1|           1|
    |ap_block_state217                  |       and|   0|  0|   2|           1|           1|
    |ap_block_state93_on_subcall_done   |       and|   0|  0|   2|           1|           1|
    |icmp_ln108_fu_856_p2               |      icmp|   0|  0|  39|          32|           1|
    |icmp_ln120_1_fu_1077_p2            |      icmp|   0|  0|  39|          32|          32|
    |icmp_ln120_2_fu_1130_p2            |      icmp|   0|  0|  39|          32|           1|
    |icmp_ln120_3_fu_1166_p2            |      icmp|   0|  0|  39|          32|          32|
    |icmp_ln120_fu_904_p2               |      icmp|   0|  0|  39|          32|           1|
    |icmp_ln88_1_fu_895_p2              |      icmp|   0|  0|  39|          32|          32|
    |icmp_ln88_fu_706_p2                |      icmp|   0|  0|  39|          32|          32|
    |icmp_ln90_1_fu_913_p2              |      icmp|   0|  0|  39|          32|          32|
    |icmp_ln90_fu_724_p2                |      icmp|   0|  0|  39|          32|          32|
    +-----------------------------------+----------+----+---+----+------------+------------+
    |Total                              |          |   0|  0|1053|         860|         705|
    +-----------------------------------+----------+----+---+----+------------+------------+

    * Multiplexer: 
    +-----------------------------------------+------+-----------+-----+-----------+
    |                   Name                  |  LUT | Input Size| Bits| Total Bits|
    +-----------------------------------------+------+-----------+-----+-----------+
    |ap_NS_fsm                                |  1171|        220|    1|        220|
    |gmem_0_ARADDR                            |    81|         17|   32|        544|
    |gmem_0_ARLEN                             |    65|         16|   32|        512|
    |gmem_0_ARVALID                           |    65|         15|    1|         15|
    |gmem_0_AWADDR                            |    65|         15|   32|        480|
    |gmem_0_AWLEN                             |    65|         13|   32|        416|
    |gmem_0_AWVALID                           |    59|         11|    1|         11|
    |gmem_0_BREADY                            |    59|         11|    1|         11|
    |gmem_0_RREADY                            |    65|         15|    1|         15|
    |gmem_0_WDATA                             |    65|         14|   32|        448|
    |gmem_0_WSTRB                             |    59|         11|    4|         44|
    |gmem_0_WVALID                            |    59|         11|    1|         11|
    |gmem_blk_n_AR                            |     9|          2|    1|          2|
    |gmem_blk_n_AW                            |     9|          2|    1|          2|
    |gmem_blk_n_B                             |     9|          2|    1|          2|
    |gmem_blk_n_R                             |     9|          2|    1|          2|
    |gmem_blk_n_W                             |     9|          2|    1|          2|
    |grp_convolution_fu_446_A                 |    14|          3|   32|         96|
    |grp_convolution_fu_446_B                 |    14|          3|   32|         96|
    |grp_convolution_fu_446_kernel            |    14|          3|   32|         96|
    |grp_convolution_fu_446_kernel_size       |    14|          3|   32|         96|
    |grp_convolution_fu_446_n                 |    14|          3|   32|         96|
    |grp_fu_1758_ce                           |    37|          7|    1|          7|
    |grp_fu_1758_opcode                       |    37|          7|    5|         35|
    |grp_fu_1758_p0                           |    37|          7|   32|        224|
    |grp_fu_1758_p1                           |    37|          7|   32|        224|
    |grp_fu_1762_ce                           |    14|          3|    1|          3|
    |grp_fu_1762_p0                           |    14|          3|   64|        192|
    |grp_fu_1765_ce                           |    14|          3|    1|          3|
    |grp_fu_1765_p0                           |    14|          3|   32|         96|
    |grp_fu_1768_ce                           |    14|          3|    1|          3|
    |grp_fu_1768_p0                           |    14|          3|   64|        192|
    |grp_fu_1768_p1                           |    14|          3|   64|        192|
    |grp_fu_1772_ce                           |    14|          3|    1|          3|
    |grp_fu_1772_p0                           |    14|          3|   64|        192|
    |grp_fu_1772_p1                           |    14|          3|   64|        192|
    |grp_fu_1776_ce                           |    14|          3|    1|          3|
    |grp_fu_1776_p0                           |    14|          3|   64|        192|
    |grp_fu_1776_p1                           |    14|          3|   64|        192|
    |grp_fu_1797_ce                           |    20|          4|    1|          4|
    |grp_fu_1797_p0                           |    20|          4|   32|        128|
    |grp_fu_1797_p1                           |    20|          4|   32|        128|
    |grp_fu_1801_ce                           |    14|          3|    1|          3|
    |grp_fu_1801_p0                           |    14|          3|   32|         96|
    |grp_fu_1801_p1                           |    14|          3|   32|         96|
    |grp_fu_625_ce                            |    14|          3|    1|          3|
    |grp_fu_625_p0                            |    25|          5|   30|        150|
    |grp_fu_625_p1                            |    25|          5|   30|        150|
    |grp_fu_629_p0                            |    25|          5|   32|        160|
    |grp_fu_629_p1                            |    25|          5|   32|        160|
    |grp_fu_633_ce                            |    31|          6|    1|          6|
    |grp_fu_633_p0                            |    53|         10|   32|        320|
    |grp_fu_633_p1                            |    42|          8|   32|        256|
    |grp_pow_generic_double_s_fu_1780_ap_ce   |    20|          4|    1|          4|
    |grp_pow_generic_double_s_fu_1780_base_r  |    14|          3|   64|        192|
    |grp_pow_generic_double_s_fu_1780_exp     |    14|          3|   64|        192|
    |i_11_fu_256                              |     9|          2|   32|         64|
    |i_1_fu_220                               |     9|          2|   32|         64|
    |i_6_fu_248                               |     9|          2|   32|         64|
    |i_8_fu_252                               |     9|          2|   32|         64|
    |j_2_reg_422                              |     9|          2|   32|         64|
    |j_reg_410                                |     9|          2|   32|         64|
    |phi_mul210_fu_244                        |     9|          2|   32|         64|
    |phi_mul_fu_216                           |     9|          2|   32|         64|
    |sum_values_0_lcssa_i_reg_434             |     9|          2|   32|         64|
    +-----------------------------------------+------+-----------+-----+-----------+
    |Total                                    |  2794|        557| 1627|       7786|
    +-----------------------------------------+------+-----------+-----+-----------+

    * Register: 
    +-----------------------------------------------------------------------------+-----+----+-----+-----------+
    |                                     Name                                    |  FF | LUT| Bits| Const Bits|
    +-----------------------------------------------------------------------------+-----+----+-----+-----------+
    |add_ln88_2_reg_1581                                                          |   32|   0|   32|          0|
    |add_ln88_reg_1462                                                            |   32|   0|   32|          0|
    |ap_CS_fsm                                                                    |  219|   0|  219|          0|
    |conv_1_output_read_reg_1381                                                  |   32|   0|   32|          0|
    |conv_2_output_read_reg_1365                                                  |   32|   0|   32|          0|
    |dense_layer_1_output_read_reg_1353                                           |   32|   0|   32|          0|
    |dense_layer_2_output_read_reg_1347                                           |   32|   0|   32|          0|
    |empty_98_reg_1571                                                            |   30|   0|   30|          0|
    |empty_reg_1425                                                               |   30|   0|   30|          0|
    |gmem_addr_7_reg_1720                                                         |   32|   0|   32|          0|
    |grp_cifar10_Pipeline_VITIS_LOOP_108_1_VITIS_LOOP_110_22_fu_522_ap_start_reg  |    1|   0|    1|          0|
    |grp_cifar10_Pipeline_VITIS_LOOP_108_1_VITIS_LOOP_110_2_fu_480_ap_start_reg   |    1|   0|    1|          0|
    |grp_cifar10_Pipeline_VITIS_LOOP_125_34_fu_587_ap_start_reg                   |    1|   0|    1|          0|
    |grp_cifar10_Pipeline_VITIS_LOOP_125_3_fu_569_ap_start_reg                    |    1|   0|    1|          0|
    |grp_cifar10_Pipeline_VITIS_LOOP_140_1_fu_605_ap_start_reg                    |    1|   0|    1|          0|
    |grp_cifar10_Pipeline_VITIS_LOOP_147_2_fu_615_ap_start_reg                    |    1|   0|    1|          0|
    |grp_cifar10_Pipeline_VITIS_LOOP_51_1_VITIS_LOOP_53_21_fu_513_ap_start_reg    |    1|   0|    1|          0|
    |grp_cifar10_Pipeline_VITIS_LOOP_51_1_VITIS_LOOP_53_2_fu_457_ap_start_reg     |    1|   0|    1|          0|
    |grp_cifar10_Pipeline_VITIS_LOOP_71_15_fu_597_ap_start_reg                    |    1|   0|    1|          0|
    |grp_cifar10_Pipeline_VITIS_LOOP_71_1_fu_579_ap_start_reg                     |    1|   0|    1|          0|
    |grp_cifar10_Pipeline_VITIS_LOOP_93_3_VITIS_LOOP_95_43_fu_555_ap_start_reg    |    1|   0|    1|          0|
    |grp_cifar10_Pipeline_VITIS_LOOP_93_3_VITIS_LOOP_95_4_fu_466_ap_start_reg     |    1|   0|    1|          0|
    |grp_convolution_fu_446_ap_start_reg                                          |    1|   0|    1|          0|
    |i_11_fu_256                                                                  |   32|   0|   32|          0|
    |i_1_fu_220                                                                   |   32|   0|   32|          0|
    |i_6_fu_248                                                                   |   32|   0|   32|          0|
    |i_8_fu_252                                                                   |   32|   0|   32|          0|
    |icmp_ln108_reg_1541                                                          |    1|   0|    1|          0|
    |icmp_ln120_2_reg_1699                                                        |    1|   0|    1|          0|
    |icmp_ln120_reg_1594                                                          |    1|   0|    1|          0|
    |input_data_read_reg_1342                                                     |   32|   0|   32|          0|
    |input_data_size_read_reg_1311                                                |   32|   0|   32|          0|
    |j_1_reg_1499                                                                 |   32|   0|   32|          0|
    |j_2_reg_422                                                                  |   32|   0|   32|          0|
    |j_3_reg_1616                                                                 |   32|   0|   32|          0|
    |j_reg_410                                                                    |   32|   0|   32|          0|
    |kernel_1_data_read_reg_1337                                                  |   32|   0|   32|          0|
    |kernel_1_size_read_reg_1306                                                  |   32|   0|   32|          0|
    |kernel_2_data_read_reg_1332                                                  |   32|   0|   32|          0|
    |kernel_2_size_read_reg_1301                                                  |   32|   0|   32|          0|
    |max_value_3_reg_1627                                                         |   32|   0|   32|          0|
    |max_value_reg_1510                                                           |   32|   0|   32|          0|
    |mul_ln184_reg_1658                                                           |   32|   0|   32|          0|
    |neurons_dense_1_size_read_reg_1267                                           |   32|   0|   32|          0|
    |neurons_dense_2_size_read_reg_1256                                           |   32|   0|   32|          0|
    |output_data_read_reg_1389                                                    |   32|   0|   32|          0|
    |phi_mul210_fu_244                                                            |   32|   0|   32|          0|
    |phi_mul_fu_216                                                               |   32|   0|   32|          0|
    |pooling_1_output_read_reg_1374                                               |   32|   0|   32|          0|
    |pooling_2_output_read_reg_1359                                               |   32|   0|   32|          0|
    |reg_646                                                                      |   64|   0|   64|          0|
    |reg_656                                                                      |   32|   0|   32|          0|
    |reg_660                                                                      |   30|   0|   30|          0|
    |size_lateral_1_reg_1442                                                      |   32|   0|   32|          0|
    |size_lateral_2_reg_1565                                                      |   32|   0|   32|          0|
    |stride_1_size_read_reg_1289                                                  |   32|   0|   32|          0|
    |stride_2_size_read_reg_1277                                                  |   32|   0|   32|          0|
    |sum_values_0_lcssa_i_reg_434                                                 |   32|   0|   32|          0|
    |trunc_ln100_1_reg_1530                                                       |   30|   0|   30|          0|
    |trunc_ln100_3_reg_1647                                                       |   30|   0|   30|          0|
    |trunc_ln100_4_reg_1642                                                       |   30|   0|   30|          0|
    |trunc_ln100_reg_1525                                                         |   30|   0|   30|          0|
    |trunc_ln120_1_reg_1715                                                       |   30|   0|   30|          0|
    |trunc_ln125_3_reg_1694                                                       |   30|   0|   30|          0|
    |trunc_ln125_4_reg_1710                                                       |   30|   0|   30|          0|
    |trunc_ln125_5_reg_1740                                                       |   30|   0|   30|          0|
    |trunc_ln125_reg_1681                                                         |   30|   0|   30|          0|
    |trunc_ln127_reg_1727                                                         |   30|   0|   30|          0|
    |trunc_ln1_reg_1676                                                           |   30|   0|   30|          0|
    |trunc_ln2_reg_1745                                                           |   30|   0|   30|          0|
    |trunc_ln7_reg_1494                                                           |   30|   0|   30|          0|
    |trunc_ln88_reg_1470                                                          |   30|   0|   30|          0|
    |trunc_ln90_1_reg_1489                                                        |   30|   0|   30|          0|
    |trunc_ln90_2_reg_1598                                                        |   30|   0|   30|          0|
    |trunc_ln90_3_reg_1589                                                        |   30|   0|   30|          0|
    |trunc_ln90_4_reg_1606                                                        |   30|   0|   30|          0|
    |trunc_ln90_reg_1481                                                          |   30|   0|   30|          0|
    |trunc_ln92_1_reg_1611                                                        |   30|   0|   30|          0|
    |udiv_ln100_1_reg_1520                                                        |   30|   0|   30|          0|
    |udiv_ln100_2_reg_1632                                                        |   32|   0|   32|          0|
    |udiv_ln100_3_reg_1637                                                        |   30|   0|   30|          0|
    |udiv_ln100_reg_1515                                                          |   32|   0|   32|          0|
    |weights_1_read_reg_1327                                                      |   32|   0|   32|          0|
    |weights_2_read_reg_1322                                                      |   32|   0|   32|          0|
    +-----------------------------------------------------------------------------+-----+----+-----+-----------+
    |Total                                                                        | 2361|   0| 2361|          0|
    +-----------------------------------------------------------------------------+-----+----+-----+-----------+



================================================================
== Interface
================================================================
* Summary: 
+-----------------------+-----+-----+------------+--------------+--------------+
|       RTL Ports       | Dir | Bits|  Protocol  | Source Object|    C Type    |
+-----------------------+-----+-----+------------+--------------+--------------+
|s_axi_control_AWVALID  |   in|    1|       s_axi|       control|        scalar|
|s_axi_control_AWREADY  |  out|    1|       s_axi|       control|        scalar|
|s_axi_control_AWADDR   |   in|    8|       s_axi|       control|        scalar|
|s_axi_control_WVALID   |   in|    1|       s_axi|       control|        scalar|
|s_axi_control_WREADY   |  out|    1|       s_axi|       control|        scalar|
|s_axi_control_WDATA    |   in|   32|       s_axi|       control|        scalar|
|s_axi_control_WSTRB    |   in|    4|       s_axi|       control|        scalar|
|s_axi_control_ARVALID  |   in|    1|       s_axi|       control|        scalar|
|s_axi_control_ARREADY  |  out|    1|       s_axi|       control|        scalar|
|s_axi_control_ARADDR   |   in|    8|       s_axi|       control|        scalar|
|s_axi_control_RVALID   |  out|    1|       s_axi|       control|        scalar|
|s_axi_control_RREADY   |   in|    1|       s_axi|       control|        scalar|
|s_axi_control_RDATA    |  out|   32|       s_axi|       control|        scalar|
|s_axi_control_RRESP    |  out|    2|       s_axi|       control|        scalar|
|s_axi_control_BVALID   |  out|    1|       s_axi|       control|        scalar|
|s_axi_control_BREADY   |   in|    1|       s_axi|       control|        scalar|
|s_axi_control_BRESP    |  out|    2|       s_axi|       control|        scalar|
|ap_clk                 |   in|    1|  ap_ctrl_hs|       cifar10|  return value|
|ap_rst_n               |   in|    1|  ap_ctrl_hs|       cifar10|  return value|
|interrupt              |  out|    1|  ap_ctrl_hs|       cifar10|  return value|
|m_axi_gmem_AWVALID     |  out|    1|       m_axi|          gmem|       pointer|
|m_axi_gmem_AWREADY     |   in|    1|       m_axi|          gmem|       pointer|
|m_axi_gmem_AWADDR      |  out|   32|       m_axi|          gmem|       pointer|
|m_axi_gmem_AWID        |  out|    1|       m_axi|          gmem|       pointer|
|m_axi_gmem_AWLEN       |  out|    8|       m_axi|          gmem|       pointer|
|m_axi_gmem_AWSIZE      |  out|    3|       m_axi|          gmem|       pointer|
|m_axi_gmem_AWBURST     |  out|    2|       m_axi|          gmem|       pointer|
|m_axi_gmem_AWLOCK      |  out|    2|       m_axi|          gmem|       pointer|
|m_axi_gmem_AWCACHE     |  out|    4|       m_axi|          gmem|       pointer|
|m_axi_gmem_AWPROT      |  out|    3|       m_axi|          gmem|       pointer|
|m_axi_gmem_AWQOS       |  out|    4|       m_axi|          gmem|       pointer|
|m_axi_gmem_AWREGION    |  out|    4|       m_axi|          gmem|       pointer|
|m_axi_gmem_AWUSER      |  out|    1|       m_axi|          gmem|       pointer|
|m_axi_gmem_WVALID      |  out|    1|       m_axi|          gmem|       pointer|
|m_axi_gmem_WREADY      |   in|    1|       m_axi|          gmem|       pointer|
|m_axi_gmem_WDATA       |  out|   32|       m_axi|          gmem|       pointer|
|m_axi_gmem_WSTRB       |  out|    4|       m_axi|          gmem|       pointer|
|m_axi_gmem_WLAST       |  out|    1|       m_axi|          gmem|       pointer|
|m_axi_gmem_WID         |  out|    1|       m_axi|          gmem|       pointer|
|m_axi_gmem_WUSER       |  out|    1|       m_axi|          gmem|       pointer|
|m_axi_gmem_ARVALID     |  out|    1|       m_axi|          gmem|       pointer|
|m_axi_gmem_ARREADY     |   in|    1|       m_axi|          gmem|       pointer|
|m_axi_gmem_ARADDR      |  out|   32|       m_axi|          gmem|       pointer|
|m_axi_gmem_ARID        |  out|    1|       m_axi|          gmem|       pointer|
|m_axi_gmem_ARLEN       |  out|    8|       m_axi|          gmem|       pointer|
|m_axi_gmem_ARSIZE      |  out|    3|       m_axi|          gmem|       pointer|
|m_axi_gmem_ARBURST     |  out|    2|       m_axi|          gmem|       pointer|
|m_axi_gmem_ARLOCK      |  out|    2|       m_axi|          gmem|       pointer|
|m_axi_gmem_ARCACHE     |  out|    4|       m_axi|          gmem|       pointer|
|m_axi_gmem_ARPROT      |  out|    3|       m_axi|          gmem|       pointer|
|m_axi_gmem_ARQOS       |  out|    4|       m_axi|          gmem|       pointer|
|m_axi_gmem_ARREGION    |  out|    4|       m_axi|          gmem|       pointer|
|m_axi_gmem_ARUSER      |  out|    1|       m_axi|          gmem|       pointer|
|m_axi_gmem_RVALID      |   in|    1|       m_axi|          gmem|       pointer|
|m_axi_gmem_RREADY      |  out|    1|       m_axi|          gmem|       pointer|
|m_axi_gmem_RDATA       |   in|   32|       m_axi|          gmem|       pointer|
|m_axi_gmem_RLAST       |   in|    1|       m_axi|          gmem|       pointer|
|m_axi_gmem_RID         |   in|    1|       m_axi|          gmem|       pointer|
|m_axi_gmem_RUSER       |   in|    1|       m_axi|          gmem|       pointer|
|m_axi_gmem_RRESP       |   in|    2|       m_axi|          gmem|       pointer|
|m_axi_gmem_BVALID      |   in|    1|       m_axi|          gmem|       pointer|
|m_axi_gmem_BREADY      |  out|    1|       m_axi|          gmem|       pointer|
|m_axi_gmem_BRESP       |   in|    2|       m_axi|          gmem|       pointer|
|m_axi_gmem_BID         |   in|    1|       m_axi|          gmem|       pointer|
|m_axi_gmem_BUSER       |   in|    1|       m_axi|          gmem|       pointer|
+-----------------------+-----+-----+------------+--------------+--------------+

