

================================================================
== Vitis HLS Report for 'cifar10_Pipeline_VITIS_LOOP_140_1'
================================================================
* Date:           Mon May  4 21:06:55 2026

* Version:        2025.2 (Build 6295257 on Nov 14 2025)
* Project:        proj_cifar10
* Solution:       fsolution (Vivado IP Flow Target)
* Product family: zynq
* Target device:  xc7z020-clg484-1


================================================================
== Performance Estimates
================================================================
+ Timing: 
    * Summary: 
    +--------+----------+----------+------------+
    |  Clock |  Target  | Estimated| Uncertainty|
    +--------+----------+----------+------------+
    |ap_clk  |  10.00 ns|  7.300 ns|     2.70 ns|
    +--------+----------+----------+------------+

+ Latency: 
    * Summary: 
    +---------+---------+----------+----------+-----+-----+-------------------+
    |  Latency (cycles) |  Latency (absolute) |  Interval |      Pipeline     |
    |   min   |   max   |    min   |    max   | min | max |        Type       |
    +---------+---------+----------+----------+-----+-----+-------------------+
    |       19|        ?|  0.190 us|         ?|    0|    0|  loop pipeline stp|
    +---------+---------+----------+----------+-----+-----+-------------------+

    + Detail: 
        * Instance: 
        N/A

        * Loop: 
        +--------------------+---------+---------+----------+-----------+-----------+-------+----------+
        |                    |  Latency (cycles) | Iteration|  Initiation Interval  |  Trip |          |
        |      Loop Name     |   min   |   max   |  Latency |  achieved |   target  | Count | Pipelined|
        +--------------------+---------+---------+----------+-----------+-----------+-------+----------+
        |- VITIS_LOOP_140_1  |       17|        ?|        18|          6|          1|  1 ~ ?|       yes|
        +--------------------+---------+---------+----------+-----------+-----------+-------+----------+



================================================================
== Utilization Estimates
================================================================
* Summary: 
+-----------------+---------+-----+--------+-------+-----+
|       Name      | BRAM_18K| DSP |   FF   |  LUT  | URAM|
+-----------------+---------+-----+--------+-------+-----+
|DSP              |        -|    -|       -|      -|    -|
|Expression       |        -|    -|       0|     86|    -|
|FIFO             |        -|    -|       -|      -|    -|
|Instance         |        -|    7|     317|    918|    -|
|Memory           |        -|    -|       -|      -|    -|
|Multiplexer      |        -|    -|       0|    109|    -|
|Register         |        -|    -|     175|      -|    -|
+-----------------+---------+-----+--------+-------+-----+
|Total            |        0|    7|     492|   1113|    0|
+-----------------+---------+-----+--------+-------+-----+
|Available        |      280|  220|  106400|  53200|    0|
+-----------------+---------+-----+--------+-------+-----+
|Utilization (%)  |        0|    3|      ~0|      2|    0|
+-----------------+---------+-----+--------+-------+-----+

+ Detail: 
    * Instance: 
    +--------------------------------------+---------------------------------+---------+----+-----+-----+-----+
    |               Instance               |              Module             | BRAM_18K| DSP|  FF | LUT | URAM|
    +--------------------------------------+---------------------------------+---------+----+-----+-----+-----+
    |fexp_32ns_32ns_32_10_full_dsp_1_U164  |fexp_32ns_32ns_32_10_full_dsp_1  |        0|   7|  317|  918|    0|
    +--------------------------------------+---------------------------------+---------+----+-----+-----+-----+
    |Total                                 |                                 |        0|   7|  317|  918|    0|
    +--------------------------------------+---------------------------------+---------+----+-----+-----+-----+

    * DSP: 
    N/A

    * Memory: 
    N/A

    * FIFO: 
    N/A

    * Expression: 
    +---------------------------------------+----------+----+---+----+------------+------------+
    |             Variable Name             | Operation| DSP| FF| LUT| Bitwidth P0| Bitwidth P1|
    +---------------------------------------+----------+----+---+----+------------+------------+
    |add_ln140_fu_144_p2                    |         +|   0|  0|  39|          32|           1|
    |ap_block_pp0_stage0_11001              |       and|   0|  0|   2|           1|           1|
    |ap_block_pp0_stage1_11001              |       and|   0|  0|   2|           1|           1|
    |ap_block_state2_pp0_stage1_iter0_grp1  |       and|   0|  0|   2|           1|           1|
    |icmp_ln140_fu_138_p2                   |      icmp|   0|  0|  39|          32|          32|
    |ap_enable_pp0                          |       xor|   0|  0|   2|           1|           2|
    +---------------------------------------+----------+----+---+----+------------+------------+
    |Total                                  |          |   0|  0|  86|          68|          38|
    +---------------------------------------+----------+----+---+----+------------+------------+

    * Multiplexer: 
    +-------------------------+----+-----------+-----+-----------+
    |           Name          | LUT| Input Size| Bits| Total Bits|
    +-------------------------+----+-----------+-----+-----------+
    |ap_NS_fsm                |  37|          7|    1|          7|
    |ap_done_int              |   9|          2|    1|          2|
    |ap_enable_reg_pp0_iter0  |   9|          2|    1|          2|
    |ap_enable_reg_pp0_iter1  |   9|          2|    1|          2|
    |ap_sig_allocacmp_i_4     |   9|          2|   32|         64|
    |gmem_blk_n_R             |   9|          2|    1|          2|
    |gmem_blk_n_W             |   9|          2|    1|          2|
    |i_fu_66                  |   9|          2|   32|         64|
    |sum_values_fu_62         |   9|          2|   32|         64|
    +-------------------------+----+-----------+-----+-----------+
    |Total                    | 109|         23|  102|        209|
    +-------------------------+----+-----------+-----+-----------+

    * Register: 
    +-------------------------------------------+----+----+-----+-----------+
    |                    Name                   | FF | LUT| Bits| Const Bits|
    +-------------------------------------------+----+----+-----+-----------+
    |ap_CS_fsm                                  |   6|   0|    6|          0|
    |ap_block_pp0_stage0_subdone_grp0_done_reg  |   1|   0|    1|          0|
    |ap_block_pp0_stage1_subdone_grp0_done_reg  |   1|   0|    1|          0|
    |ap_done_reg                                |   1|   0|    1|          0|
    |ap_enable_reg_pp0_iter0_reg                |   1|   0|    1|          0|
    |ap_enable_reg_pp0_iter1                    |   1|   0|    1|          0|
    |ap_enable_reg_pp0_iter2                    |   1|   0|    1|          0|
    |ap_loop_exit_ready_pp0_iter1_reg           |   1|   0|    1|          0|
    |gmem_addr_read_reg_216                     |  32|   0|   32|          0|
    |i_fu_66                                    |  32|   0|   32|          0|
    |icmp_ln140_reg_212                         |   1|   0|    1|          0|
    |icmp_ln140_reg_212_pp0_iter1_reg           |   1|   0|    1|          0|
    |sum_values_1_reg_237                       |  32|   0|   32|          0|
    |sum_values_fu_62                           |  32|   0|   32|          0|
    |value_reg_226                              |  32|   0|   32|          0|
    +-------------------------------------------+----+----+-----+-----------+
    |Total                                      | 175|   0|  175|          0|
    +-------------------------------------------+----+----+-----+-----------+



================================================================
== Interface
================================================================
* Summary: 
+-----------------------+-----+-----+------------+-----------------------------------+--------------+
|       RTL Ports       | Dir | Bits|  Protocol  |           Source Object           |    C Type    |
+-----------------------+-----+-----+------------+-----------------------------------+--------------+
|ap_clk                 |   in|    1|  ap_ctrl_hs|  cifar10_Pipeline_VITIS_LOOP_140_1|  return value|
|ap_rst                 |   in|    1|  ap_ctrl_hs|  cifar10_Pipeline_VITIS_LOOP_140_1|  return value|
|ap_start               |   in|    1|  ap_ctrl_hs|  cifar10_Pipeline_VITIS_LOOP_140_1|  return value|
|ap_done                |  out|    1|  ap_ctrl_hs|  cifar10_Pipeline_VITIS_LOOP_140_1|  return value|
|ap_idle                |  out|    1|  ap_ctrl_hs|  cifar10_Pipeline_VITIS_LOOP_140_1|  return value|
|ap_ready               |  out|    1|  ap_ctrl_hs|  cifar10_Pipeline_VITIS_LOOP_140_1|  return value|
|grp_fu_1797_p_din0     |  out|   32|  ap_ctrl_hs|  cifar10_Pipeline_VITIS_LOOP_140_1|  return value|
|grp_fu_1797_p_din1     |  out|   32|  ap_ctrl_hs|  cifar10_Pipeline_VITIS_LOOP_140_1|  return value|
|grp_fu_1797_p_opcode   |  out|    2|  ap_ctrl_hs|  cifar10_Pipeline_VITIS_LOOP_140_1|  return value|
|grp_fu_1797_p_dout0    |   in|   32|  ap_ctrl_hs|  cifar10_Pipeline_VITIS_LOOP_140_1|  return value|
|grp_fu_1797_p_ce       |  out|    1|  ap_ctrl_hs|  cifar10_Pipeline_VITIS_LOOP_140_1|  return value|
|m_axi_gmem_0_AWVALID   |  out|    1|       m_axi|                               gmem|       pointer|
|m_axi_gmem_0_AWREADY   |   in|    1|       m_axi|                               gmem|       pointer|
|m_axi_gmem_0_AWADDR    |  out|   32|       m_axi|                               gmem|       pointer|
|m_axi_gmem_0_AWID      |  out|    1|       m_axi|                               gmem|       pointer|
|m_axi_gmem_0_AWLEN     |  out|   32|       m_axi|                               gmem|       pointer|
|m_axi_gmem_0_AWSIZE    |  out|    3|       m_axi|                               gmem|       pointer|
|m_axi_gmem_0_AWBURST   |  out|    2|       m_axi|                               gmem|       pointer|
|m_axi_gmem_0_AWLOCK    |  out|    2|       m_axi|                               gmem|       pointer|
|m_axi_gmem_0_AWCACHE   |  out|    4|       m_axi|                               gmem|       pointer|
|m_axi_gmem_0_AWPROT    |  out|    3|       m_axi|                               gmem|       pointer|
|m_axi_gmem_0_AWQOS     |  out|    4|       m_axi|                               gmem|       pointer|
|m_axi_gmem_0_AWREGION  |  out|    4|       m_axi|                               gmem|       pointer|
|m_axi_gmem_0_AWUSER    |  out|    1|       m_axi|                               gmem|       pointer|
|m_axi_gmem_0_WVALID    |  out|    1|       m_axi|                               gmem|       pointer|
|m_axi_gmem_0_WREADY    |   in|    1|       m_axi|                               gmem|       pointer|
|m_axi_gmem_0_WDATA     |  out|   32|       m_axi|                               gmem|       pointer|
|m_axi_gmem_0_WSTRB     |  out|    4|       m_axi|                               gmem|       pointer|
|m_axi_gmem_0_WLAST     |  out|    1|       m_axi|                               gmem|       pointer|
|m_axi_gmem_0_WID       |  out|    1|       m_axi|                               gmem|       pointer|
|m_axi_gmem_0_WUSER     |  out|    1|       m_axi|                               gmem|       pointer|
|m_axi_gmem_0_ARVALID   |  out|    1|       m_axi|                               gmem|       pointer|
|m_axi_gmem_0_ARREADY   |   in|    1|       m_axi|                               gmem|       pointer|
|m_axi_gmem_0_ARADDR    |  out|   32|       m_axi|                               gmem|       pointer|
|m_axi_gmem_0_ARID      |  out|    1|       m_axi|                               gmem|       pointer|
|m_axi_gmem_0_ARLEN     |  out|   32|       m_axi|                               gmem|       pointer|
|m_axi_gmem_0_ARSIZE    |  out|    3|       m_axi|                               gmem|       pointer|
|m_axi_gmem_0_ARBURST   |  out|    2|       m_axi|                               gmem|       pointer|
|m_axi_gmem_0_ARLOCK    |  out|    2|       m_axi|                               gmem|       pointer|
|m_axi_gmem_0_ARCACHE   |  out|    4|       m_axi|                               gmem|       pointer|
|m_axi_gmem_0_ARPROT    |  out|    3|       m_axi|                               gmem|       pointer|
|m_axi_gmem_0_ARQOS     |  out|    4|       m_axi|                               gmem|       pointer|
|m_axi_gmem_0_ARREGION  |  out|    4|       m_axi|                               gmem|       pointer|
|m_axi_gmem_0_ARUSER    |  out|    1|       m_axi|                               gmem|       pointer|
|m_axi_gmem_0_RVALID    |   in|    1|       m_axi|                               gmem|       pointer|
|m_axi_gmem_0_RREADY    |  out|    1|       m_axi|                               gmem|       pointer|
|m_axi_gmem_0_RDATA     |   in|   32|       m_axi|                               gmem|       pointer|
|m_axi_gmem_0_RLAST     |   in|    1|       m_axi|                               gmem|       pointer|
|m_axi_gmem_0_RID       |   in|    1|       m_axi|                               gmem|       pointer|
|m_axi_gmem_0_RFIFONUM  |   in|    9|       m_axi|                               gmem|       pointer|
|m_axi_gmem_0_RUSER     |   in|    1|       m_axi|                               gmem|       pointer|
|m_axi_gmem_0_RRESP     |   in|    2|       m_axi|                               gmem|       pointer|
|m_axi_gmem_0_BVALID    |   in|    1|       m_axi|                               gmem|       pointer|
|m_axi_gmem_0_BREADY    |  out|    1|       m_axi|                               gmem|       pointer|
|m_axi_gmem_0_BRESP     |   in|    2|       m_axi|                               gmem|       pointer|
|m_axi_gmem_0_BID       |   in|    1|       m_axi|                               gmem|       pointer|
|m_axi_gmem_0_BUSER     |   in|    1|       m_axi|                               gmem|       pointer|
|neurons_dense_2_size   |   in|   32|     ap_none|               neurons_dense_2_size|        scalar|
|sext_ln120_1           |   in|   30|     ap_none|                       sext_ln120_1|        scalar|
|sext_ln140             |   in|   30|     ap_none|                         sext_ln140|        scalar|
|sum_values_out         |  out|   32|      ap_vld|                     sum_values_out|       pointer|
|sum_values_out_ap_vld  |  out|    1|      ap_vld|                     sum_values_out|       pointer|
+-----------------------+-----+-----+------------+-----------------------------------+--------------+

