

================================================================
== Vitis HLS Report for 'convolution_Pipeline_VITIS_LOOP_26_2'
================================================================
* Date:           Mon May  4 21:06:54 2026

* Version:        2025.2 (Build 6295257 on Nov 14 2025)
* Project:        proj_cifar10
* Solution:       fsolution (Vivado IP Flow Target)
* Product family: zynq
* Target device:  xc7z020-clg484-1


================================================================
== Performance Estimates
================================================================
+ Timing: 
    * Summary: 
    +--------+----------+----------+------------+
    |  Clock |  Target  | Estimated| Uncertainty|
    +--------+----------+----------+------------+
    |ap_clk  |  10.00 ns|  7.300 ns|     2.70 ns|
    +--------+----------+----------+------------+

+ Latency: 
    * Summary: 
    +---------+---------+----------+----------+-----+-----+-------------------+
    |  Latency (cycles) |  Latency (absolute) |  Interval |      Pipeline     |
    |   min   |   max   |    min   |    max   | min | max |        Type       |
    +---------+---------+----------+----------+-----+-----+-------------------+
    |        ?|        ?|         ?|         ?|    0|    0|  loop pipeline stp|
    +---------+---------+----------+----------+-----+-----+-------------------+

    + Detail: 
        * Instance: 
        N/A

        * Loop: 
        +-------------------+---------+---------+----------+-----------+-----------+------+----------+
        |                   |  Latency (cycles) | Iteration|  Initiation Interval  | Trip |          |
        |     Loop Name     |   min   |   max   |  Latency |  achieved |   target  | Count| Pipelined|
        +-------------------+---------+---------+----------+-----------+-----------+------+----------+
        |- VITIS_LOOP_26_2  |        ?|        ?|        61|          6|          1|     ?|       yes|
        +-------------------+---------+---------+----------+-----------+-----------+------+----------+



================================================================
== Utilization Estimates
================================================================
* Summary: 
+-----------------+---------+-----+--------+-------+-----+
|       Name      | BRAM_18K| DSP |   FF   |  LUT  | URAM|
+-----------------+---------+-----+--------+-------+-----+
|DSP              |        -|    -|       -|      -|    -|
|Expression       |        -|    -|       0|    455|    -|
|FIFO             |        -|    -|       -|      -|    -|
|Instance         |        -|    8|    5032|   4234|    -|
|Memory           |        -|    -|       -|      -|    -|
|Multiplexer      |        -|    -|       0|    231|    -|
|Register         |        -|    -|     989|     96|    -|
+-----------------+---------+-----+--------+-------+-----+
|Total            |        0|    8|    6021|   5016|    0|
+-----------------+---------+-----+--------+-------+-----+
|Available        |      280|  220|  106400|  53200|    0|
+-----------------+---------+-----+--------+-------+-----+
|Utilization (%)  |        0|    3|       5|      9|    0|
+-----------------+---------+-----+--------+-------+-----+

+ Detail: 
    * Instance: 
    +-----------------------------------+--------------------------------+---------+----+------+------+-----+
    |              Instance             |             Module             | BRAM_18K| DSP|  FF  |  LUT | URAM|
    +-----------------------------------+--------------------------------+---------+----+------+------+-----+
    |fadd_32ns_32ns_32_5_full_dsp_1_U1  |fadd_32ns_32ns_32_5_full_dsp_1  |        0|   2|   205|   390|    0|
    |fmul_32ns_32ns_32_4_max_dsp_1_U2   |fmul_32ns_32ns_32_4_max_dsp_1   |        0|   3|   143|   321|    0|
    |mul_30s_30s_30_2_1_U3              |mul_30s_30s_30_2_1              |        0|   3|   118|    47|    0|
    |udiv_32ns_32ns_32_36_1_U4          |udiv_32ns_32ns_32_36_1          |        0|   0|  2283|  1738|    0|
    |urem_32ns_32ns_32_36_1_U5          |urem_32ns_32ns_32_36_1          |        0|   0|  2283|  1738|    0|
    +-----------------------------------+--------------------------------+---------+----+------+------+-----+
    |Total                              |                                |        0|   8|  5032|  4234|    0|
    +-----------------------------------+--------------------------------+---------+----+------+------+-----+

    * DSP: 
    N/A

    * Memory: 
    N/A

    * FIFO: 
    N/A

    * Expression: 
    +----------------------------------------+----------+----+---+----+------------+------------+
    |              Variable Name             | Operation| DSP| FF| LUT| Bitwidth P0| Bitwidth P1|
    +----------------------------------------+----------+----+---+----+------------+------------+
    |add_ln33_1_fu_304_p2                    |         +|   0|  0|  39|          32|          32|
    |add_ln33_fu_292_p2                      |         +|   0|  0|  37|          30|          30|
    |add_ln35_fu_226_p2                      |         +|   0|  0|  39|          32|          32|
    |k_2_fu_221_p2                           |         +|   0|  0|  39|          32|           1|
    |newSecond17_fu_248_p2                   |         +|   0|  0|  32|          32|          32|
    |newSecond_fu_239_p2                     |         +|   0|  0|  32|          32|          32|
    |kx_fu_235_p2                            |         -|   0|  0|  32|          32|          32|
    |ky_fu_244_p2                            |         -|   0|  0|  32|          32|          32|
    |ap_block_pp0_stage0_11001               |       and|   0|  0|   2|           1|           1|
    |ap_block_pp0_stage1_11001               |       and|   0|  0|   2|           1|           1|
    |ap_block_pp0_stage2_11001               |       and|   0|  0|   2|           1|           1|
    |ap_block_pp0_stage5_11001               |       and|   0|  0|   2|           1|           1|
    |ap_block_state42_io_grp1                |       and|   0|  0|   2|           1|           1|
    |ap_block_state50_pp0_stage1_iter8_grp3  |       and|   0|  0|   2|           1|           1|
    |ap_condition_242                        |       and|   0|  0|   2|           1|           1|
    |ap_predicate_op182_readreq_state42      |       and|   0|  0|   2|           1|           1|
    |ap_predicate_op198_read_state50         |       and|   0|  0|   2|           1|           1|
    |icmp_ln26_fu_205_p2                     |      icmp|   0|  0|  39|          32|          32|
    |icmp_ln31_1_fu_261_p2                   |      icmp|   0|  0|  39|          32|          32|
    |icmp_ln31_fu_257_p2                     |      icmp|   0|  0|  39|          32|          32|
    |or_ln31_1_fu_278_p2                     |        or|   0|  0|   2|           1|           1|
    |or_ln31_2_fu_282_p2                     |        or|   0|  0|   2|           1|           1|
    |or_ln31_fu_266_p2                       |        or|   0|  0|  32|          32|          32|
    |ap_enable_pp0                           |       xor|   0|  0|   2|           1|           2|
    +----------------------------------------+----------+----+---+----+------------+------------+
    |Total                                   |          |   0|  0| 455|         394|         364|
    +----------------------------------------+----------+----+---+----+------------+------------+

    * Multiplexer: 
    +--------------------------------------+----+-----------+-----+-----------+
    |                 Name                 | LUT| Input Size| Bits| Total Bits|
    +--------------------------------------+----+-----------+-----+-----------+
    |ap_NS_fsm                             |  37|          7|    1|          7|
    |ap_done_int                           |   9|          2|    1|          2|
    |ap_enable_reg_pp0_iter0               |   9|          2|    1|          2|
    |ap_enable_reg_pp0_iter1               |   9|          2|    1|          2|
    |ap_enable_reg_pp0_iter10              |   9|          2|    1|          2|
    |ap_loop_exit_ready_pp0_iter1_reg      |   9|          2|    1|          2|
    |ap_loop_exit_ready_pp0_iter2_reg      |   9|          2|    1|          2|
    |ap_loop_exit_ready_pp0_iter3_reg      |   9|          2|    1|          2|
    |ap_loop_exit_ready_pp0_iter4_reg      |   9|          2|    1|          2|
    |ap_loop_exit_ready_pp0_iter5_reg      |   9|          2|    1|          2|
    |ap_loop_exit_ready_pp0_iter6_reg      |   9|          2|    1|          2|
    |ap_loop_exit_ready_pp0_iter7_reg      |   9|          2|    1|          2|
    |ap_loop_exit_ready_pp0_iter8_reg      |   9|          2|    1|          2|
    |ap_loop_exit_ready_pp0_iter9_reg      |   9|          2|    1|          2|
    |ap_phi_reg_pp0_iter6_value_1_reg_155  |   9|          2|   32|         64|
    |ap_phi_reg_pp0_iter8_value_1_reg_155  |   9|          2|   32|         64|
    |ap_sig_allocacmp_k_1                  |   9|          2|   32|         64|
    |gmem_blk_n_AR                         |   9|          2|    1|          2|
    |gmem_blk_n_R                          |   9|          2|    1|          2|
    |k_fu_78                               |   9|          2|   32|         64|
    |m_axi_gmem_0_ARADDR                   |  14|          3|   32|         96|
    |sum_fu_74                             |   9|          2|   32|         64|
    +--------------------------------------+----+-----------+-----+-----------+
    |Total                                 | 231|         50|  208|        453|
    +--------------------------------------+----+-----------+-----+-----------+

    * Register: 
    +-------------------------------------------+----+----+-----+-----------+
    |                    Name                   | FF | LUT| Bits| Const Bits|
    +-------------------------------------------+----+----+-----+-----------+
    |add_ln35_reg_426                           |  32|   0|   32|          0|
    |ap_CS_fsm                                  |   6|   0|    6|          0|
    |ap_block_pp0_stage0_subdone_grp0_done_reg  |   1|   0|    1|          0|
    |ap_block_pp0_stage1_subdone_grp0_done_reg  |   1|   0|    1|          0|
    |ap_block_pp0_stage2_subdone_grp0_done_reg  |   1|   0|    1|          0|
    |ap_block_pp0_stage5_subdone_grp0_done_reg  |   1|   0|    1|          0|
    |ap_done_reg                                |   1|   0|    1|          0|
    |ap_enable_reg_pp0_iter0_reg                |   1|   0|    1|          0|
    |ap_enable_reg_pp0_iter1                    |   1|   0|    1|          0|
    |ap_enable_reg_pp0_iter10                   |   1|   0|    1|          0|
    |ap_enable_reg_pp0_iter2                    |   1|   0|    1|          0|
    |ap_enable_reg_pp0_iter3                    |   1|   0|    1|          0|
    |ap_enable_reg_pp0_iter4                    |   1|   0|    1|          0|
    |ap_enable_reg_pp0_iter5                    |   1|   0|    1|          0|
    |ap_enable_reg_pp0_iter6                    |   1|   0|    1|          0|
    |ap_enable_reg_pp0_iter7                    |   1|   0|    1|          0|
    |ap_enable_reg_pp0_iter8                    |   1|   0|    1|          0|
    |ap_enable_reg_pp0_iter9                    |   1|   0|    1|          0|
    |ap_loop_exit_ready_pp0_iter1_reg           |   1|   0|    1|          0|
    |ap_loop_exit_ready_pp0_iter2_reg           |   1|   0|    1|          0|
    |ap_loop_exit_ready_pp0_iter3_reg           |   1|   0|    1|          0|
    |ap_loop_exit_ready_pp0_iter4_reg           |   1|   0|    1|          0|
    |ap_loop_exit_ready_pp0_iter5_reg           |   1|   0|    1|          0|
    |ap_loop_exit_ready_pp0_iter6_reg           |   1|   0|    1|          0|
    |ap_loop_exit_ready_pp0_iter7_reg           |   1|   0|    1|          0|
    |ap_loop_exit_ready_pp0_iter8_reg           |   1|   0|    1|          0|
    |ap_loop_exit_ready_pp0_iter9_reg           |   1|   0|    1|          0|
    |ap_phi_reg_pp0_iter1_value_1_reg_155       |  32|   0|   32|          0|
    |ap_phi_reg_pp0_iter2_value_1_reg_155       |  32|   0|   32|          0|
    |ap_phi_reg_pp0_iter3_value_1_reg_155       |  32|   0|   32|          0|
    |ap_phi_reg_pp0_iter4_value_1_reg_155       |  32|   0|   32|          0|
    |ap_phi_reg_pp0_iter5_value_1_reg_155       |  32|   0|   32|          0|
    |ap_phi_reg_pp0_iter6_value_1_reg_155       |  32|   0|   32|          0|
    |ap_phi_reg_pp0_iter7_value_1_reg_155       |  32|   0|   32|          0|
    |ap_phi_reg_pp0_iter8_value_1_reg_155       |  32|   0|   32|          0|
    |icmp_ln26_reg_422                          |   1|   0|    1|          0|
    |icmp_ln31_1_reg_463                        |   1|   0|    1|          0|
    |icmp_ln31_reg_458                          |   1|   0|    1|          0|
    |k_1_reg_414                                |  32|   0|   32|          0|
    |k_fu_78                                    |  32|   0|   32|          0|
    |kernel_rad_cast_reg_403                    |  32|   0|   32|          0|
    |mul_ln33_reg_477                           |  30|   0|   30|          0|
    |mul_reg_509                                |  32|   0|   32|          0|
    |newSecond17_reg_448                        |  32|   0|   32|          0|
    |newSecond_reg_441                          |  32|   0|   32|          0|
    |or_ln31_2_reg_468                          |   1|   0|    1|          0|
    |reg_180                                    |  32|   0|   32|          0|
    |sext_ln26_cast_reg_409                     |  32|   0|   32|          0|
    |sum_1_reg_519                              |  32|   0|   32|          0|
    |sum_fu_74                                  |  32|   0|   32|          0|
    |trunc_ln31_reg_453                         |  30|   0|   30|          0|
    |trunc_ln33_1_reg_482                       |  30|   0|   30|          0|
    |udiv_ln29_reg_431                          |  32|   0|   32|          0|
    |urem_ln30_reg_436                          |  32|   0|   32|          0|
    |add_ln35_reg_426                           |  64|  32|   32|          0|
    |icmp_ln26_reg_422                          |  64|  32|    1|          0|
    |or_ln31_2_reg_468                          |  64|  32|    1|          0|
    +-------------------------------------------+----+----+-----+-----------+
    |Total                                      | 989|  96|  831|          0|
    +-------------------------------------------+----+----+-----+-----------+



================================================================
== Interface
================================================================
* Summary: 
+-----------------------+-----+-----+------------+--------------------------------------+--------------+
|       RTL Ports       | Dir | Bits|  Protocol  |             Source Object            |    C Type    |
+-----------------------+-----+-----+------------+--------------------------------------+--------------+
|ap_clk                 |   in|    1|  ap_ctrl_hs|  convolution_Pipeline_VITIS_LOOP_26_2|  return value|
|ap_rst                 |   in|    1|  ap_ctrl_hs|  convolution_Pipeline_VITIS_LOOP_26_2|  return value|
|ap_start               |   in|    1|  ap_ctrl_hs|  convolution_Pipeline_VITIS_LOOP_26_2|  return value|
|ap_done                |  out|    1|  ap_ctrl_hs|  convolution_Pipeline_VITIS_LOOP_26_2|  return value|
|ap_idle                |  out|    1|  ap_ctrl_hs|  convolution_Pipeline_VITIS_LOOP_26_2|  return value|
|ap_ready               |  out|    1|  ap_ctrl_hs|  convolution_Pipeline_VITIS_LOOP_26_2|  return value|
|m_axi_gmem_0_AWVALID   |  out|    1|       m_axi|                                  gmem|       pointer|
|m_axi_gmem_0_AWREADY   |   in|    1|       m_axi|                                  gmem|       pointer|
|m_axi_gmem_0_AWADDR    |  out|   32|       m_axi|                                  gmem|       pointer|
|m_axi_gmem_0_AWID      |  out|    1|       m_axi|                                  gmem|       pointer|
|m_axi_gmem_0_AWLEN     |  out|   32|       m_axi|                                  gmem|       pointer|
|m_axi_gmem_0_AWSIZE    |  out|    3|       m_axi|                                  gmem|       pointer|
|m_axi_gmem_0_AWBURST   |  out|    2|       m_axi|                                  gmem|       pointer|
|m_axi_gmem_0_AWLOCK    |  out|    2|       m_axi|                                  gmem|       pointer|
|m_axi_gmem_0_AWCACHE   |  out|    4|       m_axi|                                  gmem|       pointer|
|m_axi_gmem_0_AWPROT    |  out|    3|       m_axi|                                  gmem|       pointer|
|m_axi_gmem_0_AWQOS     |  out|    4|       m_axi|                                  gmem|       pointer|
|m_axi_gmem_0_AWREGION  |  out|    4|       m_axi|                                  gmem|       pointer|
|m_axi_gmem_0_AWUSER    |  out|    1|       m_axi|                                  gmem|       pointer|
|m_axi_gmem_0_WVALID    |  out|    1|       m_axi|                                  gmem|       pointer|
|m_axi_gmem_0_WREADY    |   in|    1|       m_axi|                                  gmem|       pointer|
|m_axi_gmem_0_WDATA     |  out|   32|       m_axi|                                  gmem|       pointer|
|m_axi_gmem_0_WSTRB     |  out|    4|       m_axi|                                  gmem|       pointer|
|m_axi_gmem_0_WLAST     |  out|    1|       m_axi|                                  gmem|       pointer|
|m_axi_gmem_0_WID       |  out|    1|       m_axi|                                  gmem|       pointer|
|m_axi_gmem_0_WUSER     |  out|    1|       m_axi|                                  gmem|       pointer|
|m_axi_gmem_0_ARVALID   |  out|    1|       m_axi|                                  gmem|       pointer|
|m_axi_gmem_0_ARREADY   |   in|    1|       m_axi|                                  gmem|       pointer|
|m_axi_gmem_0_ARADDR    |  out|   32|       m_axi|                                  gmem|       pointer|
|m_axi_gmem_0_ARID      |  out|    1|       m_axi|                                  gmem|       pointer|
|m_axi_gmem_0_ARLEN     |  out|   32|       m_axi|                                  gmem|       pointer|
|m_axi_gmem_0_ARSIZE    |  out|    3|       m_axi|                                  gmem|       pointer|
|m_axi_gmem_0_ARBURST   |  out|    2|       m_axi|                                  gmem|       pointer|
|m_axi_gmem_0_ARLOCK    |  out|    2|       m_axi|                                  gmem|       pointer|
|m_axi_gmem_0_ARCACHE   |  out|    4|       m_axi|                                  gmem|       pointer|
|m_axi_gmem_0_ARPROT    |  out|    3|       m_axi|                                  gmem|       pointer|
|m_axi_gmem_0_ARQOS     |  out|    4|       m_axi|                                  gmem|       pointer|
|m_axi_gmem_0_ARREGION  |  out|    4|       m_axi|                                  gmem|       pointer|
|m_axi_gmem_0_ARUSER    |  out|    1|       m_axi|                                  gmem|       pointer|
|m_axi_gmem_0_RVALID    |   in|    1|       m_axi|                                  gmem|       pointer|
|m_axi_gmem_0_RREADY    |  out|    1|       m_axi|                                  gmem|       pointer|
|m_axi_gmem_0_RDATA     |   in|   32|       m_axi|                                  gmem|       pointer|
|m_axi_gmem_0_RLAST     |   in|    1|       m_axi|                                  gmem|       pointer|
|m_axi_gmem_0_RID       |   in|    1|       m_axi|                                  gmem|       pointer|
|m_axi_gmem_0_RFIFONUM  |   in|    9|       m_axi|                                  gmem|       pointer|
|m_axi_gmem_0_RUSER     |   in|    1|       m_axi|                                  gmem|       pointer|
|m_axi_gmem_0_RRESP     |   in|    2|       m_axi|                                  gmem|       pointer|
|m_axi_gmem_0_BVALID    |   in|    1|       m_axi|                                  gmem|       pointer|
|m_axi_gmem_0_BREADY    |  out|    1|       m_axi|                                  gmem|       pointer|
|m_axi_gmem_0_BRESP     |   in|    2|       m_axi|                                  gmem|       pointer|
|m_axi_gmem_0_BID       |   in|    1|       m_axi|                                  gmem|       pointer|
|m_axi_gmem_0_BUSER     |   in|    1|       m_axi|                                  gmem|       pointer|
|squared_kernel_size    |   in|   32|     ap_none|                   squared_kernel_size|        scalar|
|sext_ln26              |   in|   30|     ap_none|                             sext_ln26|        scalar|
|kernel_size            |   in|   32|     ap_none|                           kernel_size|        scalar|
|kernel_rad             |   in|   31|     ap_none|                            kernel_rad|        scalar|
|x                      |   in|   32|     ap_none|                                     x|        scalar|
|y                      |   in|   32|     ap_none|                                     y|        scalar|
|add_ln31               |   in|   32|     ap_none|                              add_ln31|        scalar|
|n                      |   in|   30|     ap_none|                                     n|        scalar|
|A                      |   in|   32|     ap_none|                                     A|        scalar|
|sum_out                |  out|   32|      ap_vld|                               sum_out|       pointer|
|sum_out_ap_vld         |  out|    1|      ap_vld|                               sum_out|       pointer|
+-----------------------+-----+-----+------------+--------------------------------------+--------------+

