

================================================================
== Vitis HLS Report for 'convolution'
================================================================
* Date:           Mon May  4 21:06:54 2026

* Version:        2025.2 (Build 6295257 on Nov 14 2025)
* Project:        proj_cifar10
* Solution:       fsolution (Vivado IP Flow Target)
* Product family: zynq
* Target device:  xc7z020-clg484-1


================================================================
== Performance Estimates
================================================================
+ Timing: 
    * Summary: 
    +--------+----------+----------+------------+
    |  Clock |  Target  | Estimated| Uncertainty|
    +--------+----------+----------+------------+
    |ap_clk  |  10.00 ns|  7.300 ns|     2.70 ns|
    +--------+----------+----------+------------+

+ Latency: 
    * Summary: 
    +---------+---------+----------+----------+-----+-----+---------+
    |  Latency (cycles) |  Latency (absolute) |  Interval | Pipeline|
    |   min   |   max   |    min   |    max   | min | max |   Type  |
    +---------+---------+----------+----------+-----+-----+---------+
    |        ?|        ?|         ?|         ?|    ?|    ?|       no|
    +---------+---------+----------+----------+-----+-----+---------+

    + Detail: 
        * Instance: 
        +-------------------------------------------------+--------------------------------------+---------+---------+----------+----------+-----+-----+-------------------+
        |                                                 |                                      |  Latency (cycles) |  Latency (absolute) |  Interval |      Pipeline     |
        |                     Instance                    |                Module                |   min   |   max   |    min   |    max   | min | max |        Type       |
        +-------------------------------------------------+--------------------------------------+---------+---------+----------+----------+-----+-----+-------------------+
        |grp_convolution_Pipeline_VITIS_LOOP_26_2_fu_117  |convolution_Pipeline_VITIS_LOOP_26_2  |        ?|        ?|         ?|         ?|    0|    0|  loop pipeline stp|
        +-------------------------------------------------+--------------------------------------+---------+---------+----------+----------+-----+-----+-------------------+

        * Loop: 
        +-------------------+---------+---------+----------+-----------+-----------+------+----------+
        |                   |  Latency (cycles) | Iteration|  Initiation Interval  | Trip |          |
        |     Loop Name     |   min   |   max   |  Latency |  achieved |   target  | Count| Pipelined|
        +-------------------+---------+---------+----------+-----------+-----------+------+----------+
        |- VITIS_LOOP_21_1  |        ?|        ?|         ?|          -|          -|     ?|        no|
        +-------------------+---------+---------+----------+-----------+-----------+------+----------+



================================================================
== Utilization Estimates
================================================================
* Summary: 
+-----------------+---------+-----+--------+-------+-----+
|       Name      | BRAM_18K| DSP |   FF   |  LUT  | URAM|
+-----------------+---------+-----+--------+-------+-----+
|DSP              |        -|    -|       -|      -|    -|
|Expression       |        -|    -|       0|    225|    -|
|FIFO             |        -|    -|       -|      -|    -|
|Instance         |        -|   11|    6974|   5542|    -|
|Memory           |        -|    -|       -|      -|    -|
|Multiplexer      |        -|    -|       0|    291|    -|
|Register         |        -|    -|     331|      -|    -|
+-----------------+---------+-----+--------+-------+-----+
|Total            |        0|   11|    7305|   6058|    0|
+-----------------+---------+-----+--------+-------+-----+
|Available        |      280|  220|  106400|  53200|    0|
+-----------------+---------+-----+--------+-------+-----+
|Utilization (%)  |        0|    5|       6|     11|    0|
+-----------------+---------+-----+--------+-------+-----+

+ Detail: 
    * Instance: 
    +-------------------------------------------------+--------------------------------------+---------+----+------+------+-----+
    |                     Instance                    |                Module                | BRAM_18K| DSP|  FF  |  LUT | URAM|
    +-------------------------------------------------+--------------------------------------+---------+----+------+------+-----+
    |grp_convolution_Pipeline_VITIS_LOOP_26_2_fu_117  |convolution_Pipeline_VITIS_LOOP_26_2  |        0|   8|  6021|  5016|    0|
    |mul_32s_32s_32_2_1_U22                           |mul_32s_32s_32_2_1                    |        0|   3|   165|    50|    0|
    |udiv_32ns_32s_32_36_seq_1_U23                    |udiv_32ns_32s_32_36_seq_1             |        0|   0|   394|   238|    0|
    |urem_32ns_32s_32_36_seq_1_U24                    |urem_32ns_32s_32_36_seq_1             |        0|   0|   394|   238|    0|
    +-------------------------------------------------+--------------------------------------+---------+----+------+------+-----+
    |Total                                            |                                      |        0|  11|  6974|  5542|    0|
    +-------------------------------------------------+--------------------------------------+---------+----+------+------+-----+

    * DSP: 
    N/A

    * Memory: 
    N/A

    * FIFO: 
    N/A

    * Expression: 
    +----------------------+----------+----+---+----+------------+------------+
    |     Variable Name    | Operation| DSP| FF| LUT| Bitwidth P0| Bitwidth P1|
    +----------------------+----------+----+---+----+------------+------------+
    |add_ln31_fu_198_p2    |         +|   0|  0|  39|          32|           2|
    |block_2_fu_242_p2     |         +|   0|  0|  39|          32|           1|
    |sub_ln14_1_fu_174_p2  |         -|   0|  0|  38|           1|          31|
    |sub_ln14_fu_158_p2    |         -|   0|  0|  39|           1|          32|
    |icmp_ln21_fu_237_p2   |      icmp|   0|  0|  39|          32|          32|
    |kernel_rad_fu_190_p3  |    select|   0|  0|  31|           1|          31|
    +----------------------+----------+----+---+----+------------+------------+
    |Total                 |          |   0|  0| 225|          99|         129|
    +----------------------+----------+----+---+----+------------+------------+

    * Multiplexer: 
    +----------------------+-----+-----------+-----+-----------+
    |         Name         | LUT | Input Size| Bits| Total Bits|
    +----------------------+-----+-----------+-----+-----------+
    |ap_NS_fsm             |  209|         48|    1|         48|
    |block_fu_60           |    9|          2|   32|         64|
    |gmem_blk_n_AW         |    9|          2|    1|          2|
    |gmem_blk_n_B          |    9|          2|    1|          2|
    |gmem_blk_n_W          |    9|          2|    1|          2|
    |grp_fu_133_p0         |   14|          3|   32|         96|
    |grp_fu_133_p1         |   14|          3|   32|         96|
    |m_axi_gmem_0_ARVALID  |    9|          2|    1|          2|
    |m_axi_gmem_0_RREADY   |    9|          2|    1|          2|
    +----------------------+-----+-----------+-----+-----------+
    |Total                 |  291|         66|  102|        314|
    +----------------------+-----+-----------+-----+-----------+

    * Register: 
    +--------------------------------------------------------------+----+----+-----+-----------+
    |                             Name                             | FF | LUT| Bits| Const Bits|
    +--------------------------------------------------------------+----+----+-----+-----------+
    |add_ln31_reg_326                                              |  32|   0|   32|          0|
    |ap_CS_fsm                                                     |  47|   0|   47|          0|
    |block_fu_60                                                   |  32|   0|   32|          0|
    |empty_reg_287                                                 |  30|   0|   30|          0|
    |grp_convolution_Pipeline_VITIS_LOOP_26_2_fu_117_ap_start_reg  |   1|   0|    1|          0|
    |kernel_rad_reg_305                                            |  31|   0|   31|          0|
    |mul_ln21_reg_310                                              |  32|   0|   32|          0|
    |squared_kernel_size_reg_321                                   |  32|   0|   32|          0|
    |trunc_ln3_reg_337                                             |  30|   0|   30|          0|
    |x_reg_351                                                     |  32|   0|   32|          0|
    |y_reg_356                                                     |  32|   0|   32|          0|
    +--------------------------------------------------------------+----+----+-----+-----------+
    |Total                                                         | 331|   0|  331|          0|
    +--------------------------------------------------------------+----+----+-----+-----------+



================================================================
== Interface
================================================================
* Summary: 
+-----------------------+-----+-----+------------+--------------+--------------+
|       RTL Ports       | Dir | Bits|  Protocol  | Source Object|    C Type    |
+-----------------------+-----+-----+------------+--------------+--------------+
|ap_clk                 |   in|    1|  ap_ctrl_hs|   convolution|  return value|
|ap_rst                 |   in|    1|  ap_ctrl_hs|   convolution|  return value|
|ap_start               |   in|    1|  ap_ctrl_hs|   convolution|  return value|
|ap_done                |  out|    1|  ap_ctrl_hs|   convolution|  return value|
|ap_idle                |  out|    1|  ap_ctrl_hs|   convolution|  return value|
|ap_ready               |  out|    1|  ap_ctrl_hs|   convolution|  return value|
|m_axi_gmem_0_AWVALID   |  out|    1|       m_axi|          gmem|       pointer|
|m_axi_gmem_0_AWREADY   |   in|    1|       m_axi|          gmem|       pointer|
|m_axi_gmem_0_AWADDR    |  out|   32|       m_axi|          gmem|       pointer|
|m_axi_gmem_0_AWID      |  out|    1|       m_axi|          gmem|       pointer|
|m_axi_gmem_0_AWLEN     |  out|   32|       m_axi|          gmem|       pointer|
|m_axi_gmem_0_AWSIZE    |  out|    3|       m_axi|          gmem|       pointer|
|m_axi_gmem_0_AWBURST   |  out|    2|       m_axi|          gmem|       pointer|
|m_axi_gmem_0_AWLOCK    |  out|    2|       m_axi|          gmem|       pointer|
|m_axi_gmem_0_AWCACHE   |  out|    4|       m_axi|          gmem|       pointer|
|m_axi_gmem_0_AWPROT    |  out|    3|       m_axi|          gmem|       pointer|
|m_axi_gmem_0_AWQOS     |  out|    4|       m_axi|          gmem|       pointer|
|m_axi_gmem_0_AWREGION  |  out|    4|       m_axi|          gmem|       pointer|
|m_axi_gmem_0_AWUSER    |  out|    1|       m_axi|          gmem|       pointer|
|m_axi_gmem_0_WVALID    |  out|    1|       m_axi|          gmem|       pointer|
|m_axi_gmem_0_WREADY    |   in|    1|       m_axi|          gmem|       pointer|
|m_axi_gmem_0_WDATA     |  out|   32|       m_axi|          gmem|       pointer|
|m_axi_gmem_0_WSTRB     |  out|    4|       m_axi|          gmem|       pointer|
|m_axi_gmem_0_WLAST     |  out|    1|       m_axi|          gmem|       pointer|
|m_axi_gmem_0_WID       |  out|    1|       m_axi|          gmem|       pointer|
|m_axi_gmem_0_WUSER     |  out|    1|       m_axi|          gmem|       pointer|
|m_axi_gmem_0_ARVALID   |  out|    1|       m_axi|          gmem|       pointer|
|m_axi_gmem_0_ARREADY   |   in|    1|       m_axi|          gmem|       pointer|
|m_axi_gmem_0_ARADDR    |  out|   32|       m_axi|          gmem|       pointer|
|m_axi_gmem_0_ARID      |  out|    1|       m_axi|          gmem|       pointer|
|m_axi_gmem_0_ARLEN     |  out|   32|       m_axi|          gmem|       pointer|
|m_axi_gmem_0_ARSIZE    |  out|    3|       m_axi|          gmem|       pointer|
|m_axi_gmem_0_ARBURST   |  out|    2|       m_axi|          gmem|       pointer|
|m_axi_gmem_0_ARLOCK    |  out|    2|       m_axi|          gmem|       pointer|
|m_axi_gmem_0_ARCACHE   |  out|    4|       m_axi|          gmem|       pointer|
|m_axi_gmem_0_ARPROT    |  out|    3|       m_axi|          gmem|       pointer|
|m_axi_gmem_0_ARQOS     |  out|    4|       m_axi|          gmem|       pointer|
|m_axi_gmem_0_ARREGION  |  out|    4|       m_axi|          gmem|       pointer|
|m_axi_gmem_0_ARUSER    |  out|    1|       m_axi|          gmem|       pointer|
|m_axi_gmem_0_RVALID    |   in|    1|       m_axi|          gmem|       pointer|
|m_axi_gmem_0_RREADY    |  out|    1|       m_axi|          gmem|       pointer|
|m_axi_gmem_0_RDATA     |   in|   32|       m_axi|          gmem|       pointer|
|m_axi_gmem_0_RLAST     |   in|    1|       m_axi|          gmem|       pointer|
|m_axi_gmem_0_RID       |   in|    1|       m_axi|          gmem|       pointer|
|m_axi_gmem_0_RFIFONUM  |   in|    9|       m_axi|          gmem|       pointer|
|m_axi_gmem_0_RUSER     |   in|    1|       m_axi|          gmem|       pointer|
|m_axi_gmem_0_RRESP     |   in|    2|       m_axi|          gmem|       pointer|
|m_axi_gmem_0_BVALID    |   in|    1|       m_axi|          gmem|       pointer|
|m_axi_gmem_0_BREADY    |  out|    1|       m_axi|          gmem|       pointer|
|m_axi_gmem_0_BRESP     |   in|    2|       m_axi|          gmem|       pointer|
|m_axi_gmem_0_BID       |   in|    1|       m_axi|          gmem|       pointer|
|m_axi_gmem_0_BUSER     |   in|    1|       m_axi|          gmem|       pointer|
|A                      |   in|   32|     ap_none|             A|        scalar|
|B                      |   in|   32|     ap_none|             B|        scalar|
|kernel                 |   in|   32|     ap_none|        kernel|        scalar|
|n                      |   in|   32|     ap_none|             n|        scalar|
|kernel_size            |   in|   32|     ap_none|   kernel_size|        scalar|
+-----------------------+-----+-----+------------+--------------+--------------+

