

================================================================
== Vitis HLS Report for 'cifar10_Pipeline_VITIS_LOOP_109_1_VITIS_LOOP_111_2'
================================================================
* Date:           Mon May  4 21:47:31 2026

* Version:        2025.2 (Build 6295257 on Nov 14 2025)
* Project:        proj_cifar10_multiple
* Solution:       fsolution (Vivado IP Flow Target)
* Product family: zynq
* Target device:  xc7z020-clg484-1


================================================================
== Performance Estimates
================================================================
+ Timing: 
    * Summary: 
    +--------+----------+----------+------------+
    |  Clock |  Target  | Estimated| Uncertainty|
    +--------+----------+----------+------------+
    |ap_clk  |  10.00 ns|  7.297 ns|     2.70 ns|
    +--------+----------+----------+------------+

+ Latency: 
    * Summary: 
    +---------+---------+----------+----------+-----+-----+-------------------+
    |  Latency (cycles) |  Latency (absolute) |  Interval |      Pipeline     |
    |   min   |   max   |    min   |    max   | min | max |        Type       |
    +---------+---------+----------+----------+-----+-----+-------------------+
    |        ?|        ?|         ?|         ?|    0|    0|  loop pipeline stp|
    +---------+---------+----------+----------+-----+-----+-------------------+

    + Detail: 
        * Instance: 
        +---------------------------------+----------------------+---------+---------+----------+----------+-----+-----+---------+
        |                                 |                      |  Latency (cycles) |  Latency (absolute) |  Interval | Pipeline|
        |             Instance            |        Module        |   min   |   max   |    min   |    max   | min | max |   Type  |
        +---------------------------------+----------------------+---------+---------+----------+----------+-----+-----+---------+
        |grp_pow_generic_double_s_fu_103  |pow_generic_double_s  |       86|       86|  0.860 us|  0.860 us|    1|    1|      yes|
        +---------------------------------+----------------------+---------+---------+----------+----------+-----+-----+---------+

        * Loop: 
        +-------------------------------------+---------+---------+----------+-----------+-----------+------+----------+
        |                                     |  Latency (cycles) | Iteration|  Initiation Interval  | Trip |          |
        |              Loop Name              |   min   |   max   |  Latency |  achieved |   target  | Count| Pipelined|
        +-------------------------------------+---------+---------+----------+-----------+-----------+------+----------+
        |- VITIS_LOOP_109_1_VITIS_LOOP_111_2  |        ?|        ?|       250|        250|          1|     ?|       yes|
        +-------------------------------------+---------+---------+----------+-----------+-----------+------+----------+



================================================================
== Utilization Estimates
================================================================
* Summary: 
+-----------------+---------+-----+--------+-------+-----+
|       Name      | BRAM_18K| DSP |   FF   |  LUT  | URAM|
+-----------------+---------+-----+--------+-------+-----+
|DSP              |        -|    -|       -|      -|    -|
|Expression       |        -|    -|       0|    144|    -|
|FIFO             |        -|    -|       -|      -|    -|
|Instance         |        -|    -|       -|      -|    -|
|Memory           |        -|    -|       -|      -|    -|
|Multiplexer      |        -|    -|       0|   1426|    -|
|Register         |        -|    -|     702|      -|    -|
+-----------------+---------+-----+--------+-------+-----+
|Total            |        0|    0|     702|   1570|    0|
+-----------------+---------+-----+--------+-------+-----+
|Available        |      280|  220|  106400|  53200|    0|
+-----------------+---------+-----+--------+-------+-----+
|Utilization (%)  |        0|    0|      ~0|      2|    0|
+-----------------+---------+-----+--------+-------+-----+

+ Detail: 
    * Instance: 
    N/A

    * DSP: 
    N/A

    * Memory: 
    N/A

    * FIFO: 
    N/A

    * Expression: 
    +----------------------+----------+----+---+----+------------+------------+
    |     Variable Name    | Operation| DSP| FF| LUT| Bitwidth P0| Bitwidth P1|
    +----------------------+----------+----+---+----+------------+------------+
    |add_ln109_fu_185_p2   |         +|   0|  0|  71|          64|           1|
    |icmp_ln109_fu_180_p2  |      icmp|   0|  0|  71|          64|          64|
    |ap_enable_pp0         |       xor|   0|  0|   2|           1|           2|
    +----------------------+----------+----+---+----+------------+------------+
    |Total                 |          |   0|  0| 144|         129|          67|
    +----------------------+----------+----+---+----+------------+------------+

    * Multiplexer: 
    +----------------------------------------+------+-----------+-----+-----------+
    |                  Name                  |  LUT | Input Size| Bits| Total Bits|
    +----------------------------------------+------+-----------+-----+-----------+
    |ap_NS_fsm                               |  1335|        251|    1|        251|
    |ap_done_int                             |     9|          2|    1|          2|
    |ap_enable_reg_pp0_iter0                 |     9|          2|    1|          2|
    |ap_enable_reg_pp0_iter0_reg             |     9|          2|    1|          2|
    |ap_enable_reg_pp0_iter1                 |     9|          2|    1|          2|
    |empty_64_fu_70                          |     9|          2|   32|         64|
    |empty_fu_66                             |     9|          2|   32|         64|
    |grp_pow_generic_double_s_fu_103_base_r  |    14|          3|   64|        192|
    |grp_pow_generic_double_s_fu_103_exp     |    14|          3|   64|        192|
    |indvar_flatten16_fu_74                  |     9|          2|   64|        128|
    +----------------------------------------+------+-----------+-----+-----------+
    |Total                                   |  1426|        271|  261|        899|
    +----------------------------------------+------+-----------+-----+-----------+

    * Register: 
    +----------------------------------------------+-----+----+-----+-----------+
    |                     Name                     |  FF | LUT| Bits| Const Bits|
    +----------------------------------------------+-----+----+-----+-----------+
    |ap_CS_fsm                                     |  250|   0|  250|          0|
    |ap_done_reg                                   |    1|   0|    1|          0|
    |ap_enable_reg_pp0_iter0_reg                   |    1|   0|    1|          0|
    |ap_enable_reg_pp0_iter1                       |    1|   0|    1|          0|
    |div_i_reg_268                                 |   64|   0|   64|          0|
    |empty_64_fu_70                                |   32|   0|   32|          0|
    |empty_fu_66                                   |   32|   0|   32|          0|
    |grp_pow_generic_double_s_fu_103_ap_start_reg  |    1|   0|    1|          0|
    |indvar_flatten16_fu_74                        |   64|   0|   64|          0|
    |mul10_i_reg_258                               |   64|   0|   64|          0|
    |reg_156                                       |   64|   0|   64|          0|
    |x_assign_1_reg_263                            |   64|   0|   64|          0|
    |x_assign_reg_252                              |   64|   0|   64|          0|
    +----------------------------------------------+-----+----+-----+-----------+
    |Total                                         |  702|   0|  702|          0|
    +----------------------------------------------+-----+----+-----+-----------+



================================================================
== Interface
================================================================
* Summary: 
+------------------------------------------+-----+-----+------------+----------------------------------------------------+--------------+
|                 RTL Ports                | Dir | Bits|  Protocol  |                    Source Object                   |    C Type    |
+------------------------------------------+-----+-----+------------+----------------------------------------------------+--------------+
|ap_clk                                    |   in|    1|  ap_ctrl_hs|  cifar10_Pipeline_VITIS_LOOP_109_1_VITIS_LOOP_111_2|  return value|
|ap_rst                                    |   in|    1|  ap_ctrl_hs|  cifar10_Pipeline_VITIS_LOOP_109_1_VITIS_LOOP_111_2|  return value|
|ap_start                                  |   in|    1|  ap_ctrl_hs|  cifar10_Pipeline_VITIS_LOOP_109_1_VITIS_LOOP_111_2|  return value|
|ap_done                                   |  out|    1|  ap_ctrl_hs|  cifar10_Pipeline_VITIS_LOOP_109_1_VITIS_LOOP_111_2|  return value|
|ap_idle                                   |  out|    1|  ap_ctrl_hs|  cifar10_Pipeline_VITIS_LOOP_109_1_VITIS_LOOP_111_2|  return value|
|ap_ready                                  |  out|    1|  ap_ctrl_hs|  cifar10_Pipeline_VITIS_LOOP_109_1_VITIS_LOOP_111_2|  return value|
|grp_fu_1351_p_din0                        |  out|   64|  ap_ctrl_hs|  cifar10_Pipeline_VITIS_LOOP_109_1_VITIS_LOOP_111_2|  return value|
|grp_fu_1351_p_dout0                       |   in|   32|  ap_ctrl_hs|  cifar10_Pipeline_VITIS_LOOP_109_1_VITIS_LOOP_111_2|  return value|
|grp_fu_1351_p_ce                          |  out|    1|  ap_ctrl_hs|  cifar10_Pipeline_VITIS_LOOP_109_1_VITIS_LOOP_111_2|  return value|
|grp_fu_1354_p_din0                        |  out|   32|  ap_ctrl_hs|  cifar10_Pipeline_VITIS_LOOP_109_1_VITIS_LOOP_111_2|  return value|
|grp_fu_1354_p_dout0                       |   in|   64|  ap_ctrl_hs|  cifar10_Pipeline_VITIS_LOOP_109_1_VITIS_LOOP_111_2|  return value|
|grp_fu_1354_p_ce                          |  out|    1|  ap_ctrl_hs|  cifar10_Pipeline_VITIS_LOOP_109_1_VITIS_LOOP_111_2|  return value|
|grp_fu_1357_p_din0                        |  out|   64|  ap_ctrl_hs|  cifar10_Pipeline_VITIS_LOOP_109_1_VITIS_LOOP_111_2|  return value|
|grp_fu_1357_p_din1                        |  out|   64|  ap_ctrl_hs|  cifar10_Pipeline_VITIS_LOOP_109_1_VITIS_LOOP_111_2|  return value|
|grp_fu_1357_p_opcode                      |  out|    2|  ap_ctrl_hs|  cifar10_Pipeline_VITIS_LOOP_109_1_VITIS_LOOP_111_2|  return value|
|grp_fu_1357_p_dout0                       |   in|   64|  ap_ctrl_hs|  cifar10_Pipeline_VITIS_LOOP_109_1_VITIS_LOOP_111_2|  return value|
|grp_fu_1357_p_ce                          |  out|    1|  ap_ctrl_hs|  cifar10_Pipeline_VITIS_LOOP_109_1_VITIS_LOOP_111_2|  return value|
|grp_fu_1361_p_din0                        |  out|   64|  ap_ctrl_hs|  cifar10_Pipeline_VITIS_LOOP_109_1_VITIS_LOOP_111_2|  return value|
|grp_fu_1361_p_din1                        |  out|   64|  ap_ctrl_hs|  cifar10_Pipeline_VITIS_LOOP_109_1_VITIS_LOOP_111_2|  return value|
|grp_fu_1361_p_dout0                       |   in|   64|  ap_ctrl_hs|  cifar10_Pipeline_VITIS_LOOP_109_1_VITIS_LOOP_111_2|  return value|
|grp_fu_1361_p_ce                          |  out|    1|  ap_ctrl_hs|  cifar10_Pipeline_VITIS_LOOP_109_1_VITIS_LOOP_111_2|  return value|
|grp_fu_1365_p_din0                        |  out|   64|  ap_ctrl_hs|  cifar10_Pipeline_VITIS_LOOP_109_1_VITIS_LOOP_111_2|  return value|
|grp_fu_1365_p_din1                        |  out|   64|  ap_ctrl_hs|  cifar10_Pipeline_VITIS_LOOP_109_1_VITIS_LOOP_111_2|  return value|
|grp_fu_1365_p_dout0                       |   in|   64|  ap_ctrl_hs|  cifar10_Pipeline_VITIS_LOOP_109_1_VITIS_LOOP_111_2|  return value|
|grp_fu_1365_p_ce                          |  out|    1|  ap_ctrl_hs|  cifar10_Pipeline_VITIS_LOOP_109_1_VITIS_LOOP_111_2|  return value|
|grp_pow_generic_double_s_fu_1369_p_din1   |  out|   64|  ap_ctrl_hs|  cifar10_Pipeline_VITIS_LOOP_109_1_VITIS_LOOP_111_2|  return value|
|grp_pow_generic_double_s_fu_1369_p_din2   |  out|   64|  ap_ctrl_hs|  cifar10_Pipeline_VITIS_LOOP_109_1_VITIS_LOOP_111_2|  return value|
|grp_pow_generic_double_s_fu_1369_p_dout0  |   in|   64|  ap_ctrl_hs|  cifar10_Pipeline_VITIS_LOOP_109_1_VITIS_LOOP_111_2|  return value|
|grp_pow_generic_double_s_fu_1369_p_ce     |  out|    1|  ap_ctrl_hs|  cifar10_Pipeline_VITIS_LOOP_109_1_VITIS_LOOP_111_2|  return value|
|grp_pow_generic_double_s_fu_1369_p_start  |  out|    1|  ap_ctrl_hs|  cifar10_Pipeline_VITIS_LOOP_109_1_VITIS_LOOP_111_2|  return value|
|grp_pow_generic_double_s_fu_1369_p_ready  |   in|    1|  ap_ctrl_hs|  cifar10_Pipeline_VITIS_LOOP_109_1_VITIS_LOOP_111_2|  return value|
|grp_pow_generic_double_s_fu_1369_p_done   |   in|    1|  ap_ctrl_hs|  cifar10_Pipeline_VITIS_LOOP_109_1_VITIS_LOOP_111_2|  return value|
|grp_pow_generic_double_s_fu_1369_p_idle   |   in|    1|  ap_ctrl_hs|  cifar10_Pipeline_VITIS_LOOP_109_1_VITIS_LOOP_111_2|  return value|
|bitcast_ln109                             |   in|   32|     ap_none|                                       bitcast_ln109|        scalar|
|pooling_1_output_load                     |   in|   32|     ap_none|                               pooling_1_output_load|        scalar|
|mul_ln155_2                               |   in|   64|     ap_none|                                         mul_ln155_2|        scalar|
|p_out                                     |  out|   32|      ap_vld|                                               p_out|       pointer|
|p_out_ap_vld                              |  out|    1|      ap_vld|                                               p_out|       pointer|
+------------------------------------------+-----+-----+------------+----------------------------------------------------+--------------+

