

================================================================
== Vitis HLS Report for 'cifar10_Pipeline_VITIS_LOOP_72_15'
================================================================
* Date:           Mon May  4 21:47:32 2026

* Version:        2025.2 (Build 6295257 on Nov 14 2025)
* Project:        proj_cifar10_multiple
* Solution:       fsolution (Vivado IP Flow Target)
* Product family: zynq
* Target device:  xc7z020-clg484-1


================================================================
== Performance Estimates
================================================================
+ Timing: 
    * Summary: 
    +--------+----------+----------+------------+
    |  Clock |  Target  | Estimated| Uncertainty|
    +--------+----------+----------+------------+
    |ap_clk  |  10.00 ns|  7.019 ns|     2.70 ns|
    +--------+----------+----------+------------+

+ Latency: 
    * Summary: 
    +---------+---------+-----------+----------+-----+-----+-------------------+
    |  Latency (cycles) |  Latency (absolute)  |  Interval |      Pipeline     |
    |   min   |   max   |    min    |    max   | min | max |        Type       |
    +---------+---------+-----------+----------+-----+-----+-------------------+
    |        4|        ?|  40.000 ns|         ?|    0|    0|  loop pipeline stp|
    +---------+---------+-----------+----------+-----+-----+-------------------+

    + Detail: 
        * Instance: 
        N/A

        * Loop: 
        +-------------------+---------+---------+----------+-----------+-----------+-------+----------+
        |                   |  Latency (cycles) | Iteration|  Initiation Interval  |  Trip |          |
        |     Loop Name     |   min   |   max   |  Latency |  achieved |   target  | Count | Pipelined|
        +-------------------+---------+---------+----------+-----------+-----------+-------+----------+
        |- VITIS_LOOP_72_1  |        2|        ?|         3|          2|          1|  1 ~ ?|       yes|
        +-------------------+---------+---------+----------+-----------+-----------+-------+----------+



================================================================
== Utilization Estimates
================================================================
* Summary: 
+-----------------+---------+-----+--------+-------+-----+
|       Name      | BRAM_18K| DSP |   FF   |  LUT  | URAM|
+-----------------+---------+-----+--------+-------+-----+
|DSP              |        -|    -|       -|      -|    -|
|Expression       |        -|    -|       0|    161|    -|
|FIFO             |        -|    -|       -|      -|    -|
|Instance         |        -|    -|       -|      -|    -|
|Memory           |        -|    -|       -|      -|    -|
|Multiplexer      |        -|    -|       0|     68|    -|
|Register         |        -|    -|     166|      -|    -|
+-----------------+---------+-----+--------+-------+-----+
|Total            |        0|    0|     166|    229|    0|
+-----------------+---------+-----+--------+-------+-----+
|Available        |      280|  220|  106400|  53200|    0|
+-----------------+---------+-----+--------+-------+-----+
|Utilization (%)  |        0|    0|      ~0|     ~0|    0|
+-----------------+---------+-----+--------+-------+-----+

+ Detail: 
    * Instance: 
    N/A

    * DSP: 
    N/A

    * Memory: 
    N/A

    * FIFO: 
    N/A

    * Expression: 
    +-----------------------+----------+----+---+----+------------+------------+
    |     Variable Name     | Operation| DSP| FF| LUT| Bitwidth P0| Bitwidth P1|
    +-----------------------+----------+----+---+----+------------+------------+
    |add_ln72_fu_111_p2     |         +|   0|  0|  39|          32|           1|
    |and_ln74_fu_161_p2     |       and|   0|  0|   2|           1|           1|
    |icmp_ln72_fu_106_p2    |      icmp|   0|  0|  39|          32|          32|
    |icmp_ln74_1_fu_149_p2  |      icmp|   0|  0|  30|          23|           1|
    |icmp_ln74_fu_143_p2    |      icmp|   0|  0|  15|           8|           2|
    |or_ln74_fu_155_p2      |        or|   0|  0|   2|           1|           1|
    |select_ln74_fu_167_p3  |    select|   0|  0|  32|           1|          32|
    |ap_enable_pp0          |       xor|   0|  0|   2|           1|           2|
    +-----------------------+----------+----+---+----+------------+------------+
    |Total                  |          |   0|  0| 161|          99|          72|
    +-----------------------+----------+----+---+----+------------+------------+

    * Multiplexer: 
    +--------------------------+----+-----------+-----+-----------+
    |           Name           | LUT| Input Size| Bits| Total Bits|
    +--------------------------+----+-----------+-----+-----------+
    |ap_NS_fsm                 |  14|          3|    1|          3|
    |ap_done_int               |   9|          2|    1|          2|
    |ap_enable_reg_pp0_iter0   |   9|          2|    1|          2|
    |ap_enable_reg_pp0_iter1   |   9|          2|    1|          2|
    |ap_sig_allocacmp_p_load4  |   9|          2|   32|         64|
    |empty_fu_58               |   9|          2|   32|         64|
    |i_fu_54                   |   9|          2|   32|         64|
    +--------------------------+----+-----------+-----+-----------+
    |Total                     |  68|         15|  100|        201|
    +--------------------------+----+-----------+-----+-----------+

    * Register: 
    +-----------------------------+----+----+-----+-----------+
    |             Name            | FF | LUT| Bits| Const Bits|
    +-----------------------------+----+----+-----+-----------+
    |ap_CS_fsm                    |   2|   0|    2|          0|
    |ap_done_reg                  |   1|   0|    1|          0|
    |ap_enable_reg_pp0_iter0_reg  |   1|   0|    1|          0|
    |ap_enable_reg_pp0_iter1      |   1|   0|    1|          0|
    |empty_fu_58                  |  32|   0|   32|          0|
    |i_fu_54                      |  32|   0|   32|          0|
    |icmp_ln72_reg_221            |   1|   0|    1|          0|
    |p_load4_reg_225              |  32|   0|   32|          0|
    |p_phi44_fu_50                |  32|   0|   32|          0|
    |select_ln74_reg_232          |  32|   0|   32|          0|
    +-----------------------------+----+----+-----+-----------+
    |Total                        | 166|   0|  166|          0|
    +-----------------------------+----+----+-----+-----------+



================================================================
== Interface
================================================================
* Summary: 
+----------------------+-----+-----+------------+-----------------------------------+--------------+
|       RTL Ports      | Dir | Bits|  Protocol  |           Source Object           |    C Type    |
+----------------------+-----+-----+------------+-----------------------------------+--------------+
|ap_clk                |   in|    1|  ap_ctrl_hs|  cifar10_Pipeline_VITIS_LOOP_72_15|  return value|
|ap_rst                |   in|    1|  ap_ctrl_hs|  cifar10_Pipeline_VITIS_LOOP_72_15|  return value|
|ap_start              |   in|    1|  ap_ctrl_hs|  cifar10_Pipeline_VITIS_LOOP_72_15|  return value|
|ap_done               |  out|    1|  ap_ctrl_hs|  cifar10_Pipeline_VITIS_LOOP_72_15|  return value|
|ap_idle               |  out|    1|  ap_ctrl_hs|  cifar10_Pipeline_VITIS_LOOP_72_15|  return value|
|ap_ready              |  out|    1|  ap_ctrl_hs|  cifar10_Pipeline_VITIS_LOOP_72_15|  return value|
|grp_fu_1347_p_din0    |  out|   32|  ap_ctrl_hs|  cifar10_Pipeline_VITIS_LOOP_72_15|  return value|
|grp_fu_1347_p_din1    |  out|   32|  ap_ctrl_hs|  cifar10_Pipeline_VITIS_LOOP_72_15|  return value|
|grp_fu_1347_p_opcode  |  out|    5|  ap_ctrl_hs|  cifar10_Pipeline_VITIS_LOOP_72_15|  return value|
|grp_fu_1347_p_dout0   |   in|    1|  ap_ctrl_hs|  cifar10_Pipeline_VITIS_LOOP_72_15|  return value|
|grp_fu_1347_p_ce      |  out|    1|  ap_ctrl_hs|  cifar10_Pipeline_VITIS_LOOP_72_15|  return value|
|acumulated_2_reload   |   in|   32|     ap_none|                acumulated_2_reload|        scalar|
|neurons_dense_2_size  |   in|   32|     ap_none|               neurons_dense_2_size|        scalar|
|p_out                 |  out|   32|      ap_vld|                              p_out|       pointer|
|p_out_ap_vld          |  out|    1|      ap_vld|                              p_out|       pointer|
|p_phi44_out           |  out|   32|      ap_vld|                        p_phi44_out|       pointer|
|p_phi44_out_ap_vld    |  out|    1|      ap_vld|                        p_phi44_out|       pointer|
+----------------------+-----+-----+------------+-----------------------------------+--------------+

