

================================================================
== Vitis HLS Report for 'cifar10_Pipeline_VITIS_LOOP_141_1'
================================================================
* Date:           Mon May  4 21:47:32 2026

* Version:        2025.2 (Build 6295257 on Nov 14 2025)
* Project:        proj_cifar10_multiple
* Solution:       fsolution (Vivado IP Flow Target)
* Product family: zynq
* Target device:  xc7z020-clg484-1


================================================================
== Performance Estimates
================================================================
+ Timing: 
    * Summary: 
    +--------+----------+----------+------------+
    |  Clock |  Target  | Estimated| Uncertainty|
    +--------+----------+----------+------------+
    |ap_clk  |  10.00 ns|  7.256 ns|     2.70 ns|
    +--------+----------+----------+------------+

+ Latency: 
    * Summary: 
    +---------+---------+-----------+----------+-----+-----+-------------------+
    |  Latency (cycles) |  Latency (absolute)  |  Interval |      Pipeline     |
    |   min   |   max   |    min    |    max   | min | max |        Type       |
    +---------+---------+-----------+----------+-----+-----+-------------------+
    |        8|        ?|  80.000 ns|         ?|    0|    0|  loop pipeline stp|
    +---------+---------+-----------+----------+-----+-----+-------------------+

    + Detail: 
        * Instance: 
        N/A

        * Loop: 
        +--------------------+---------+---------+----------+-----------+-----------+-------+----------+
        |                    |  Latency (cycles) | Iteration|  Initiation Interval  |  Trip |          |
        |      Loop Name     |   min   |   max   |  Latency |  achieved |   target  | Count | Pipelined|
        +--------------------+---------+---------+----------+-----------+-----------+-------+----------+
        |- VITIS_LOOP_141_1  |        6|        ?|         7|          6|          1|  1 ~ ?|       yes|
        +--------------------+---------+---------+----------+-----------+-----------+-------+----------+



================================================================
== Utilization Estimates
================================================================
* Summary: 
+-----------------+---------+-----+--------+-------+-----+
|       Name      | BRAM_18K| DSP |   FF   |  LUT  | URAM|
+-----------------+---------+-----+--------+-------+-----+
|DSP              |        -|    -|       -|      -|    -|
|Expression       |        -|    -|       0|     80|    -|
|FIFO             |        -|    -|       -|      -|    -|
|Instance         |        -|    -|       -|      -|    -|
|Memory           |        -|    -|       -|      -|    -|
|Multiplexer      |        -|    -|       0|    100|    -|
|Register         |        -|    -|     106|      -|    -|
+-----------------+---------+-----+--------+-------+-----+
|Total            |        0|    0|     106|    180|    0|
+-----------------+---------+-----+--------+-------+-----+
|Available        |      280|  220|  106400|  53200|    0|
+-----------------+---------+-----+--------+-------+-----+
|Utilization (%)  |        0|    0|      ~0|     ~0|    0|
+-----------------+---------+-----+--------+-------+-----+

+ Detail: 
    * Instance: 
    N/A

    * DSP: 
    N/A

    * Memory: 
    N/A

    * FIFO: 
    N/A

    * Expression: 
    +---------------------+----------+----+---+----+------------+------------+
    |    Variable Name    | Operation| DSP| FF| LUT| Bitwidth P0| Bitwidth P1|
    +---------------------+----------+----+---+----+------------+------------+
    |add_ln141_fu_86_p2   |         +|   0|  0|  39|          32|           1|
    |icmp_ln141_fu_80_p2  |      icmp|   0|  0|  39|          32|          32|
    |ap_enable_pp0        |       xor|   0|  0|   2|           1|           2|
    +---------------------+----------+----+---+----+------------+------------+
    |Total                |          |   0|  0|  80|          65|          35|
    +---------------------+----------+----+---+----+------------+------------+

    * Multiplexer: 
    +-----------------------------+----+-----------+-----+-----------+
    |             Name            | LUT| Input Size| Bits| Total Bits|
    +-----------------------------+----+-----------+-----+-----------+
    |ap_NS_fsm                    |  37|          7|    1|          7|
    |ap_done_int                  |   9|          2|    1|          2|
    |ap_enable_reg_pp0_iter0      |   9|          2|    1|          2|
    |ap_enable_reg_pp0_iter0_reg  |   9|          2|    1|          2|
    |ap_enable_reg_pp0_iter1      |   9|          2|    1|          2|
    |ap_sig_allocacmp_i_4         |   9|          2|   32|         64|
    |i_fu_40                      |   9|          2|   32|         64|
    |sum_values_fu_36             |   9|          2|   32|         64|
    +-----------------------------+----+-----------+-----+-----------+
    |Total                        | 100|         21|  101|        207|
    +-----------------------------+----+-----------+-----+-----------+

    * Register: 
    +-----------------------------+----+----+-----+-----------+
    |             Name            | FF | LUT| Bits| Const Bits|
    +-----------------------------+----+----+-----+-----------+
    |ap_CS_fsm                    |   6|   0|    6|          0|
    |ap_done_reg                  |   1|   0|    1|          0|
    |ap_enable_reg_pp0_iter0_reg  |   1|   0|    1|          0|
    |ap_enable_reg_pp0_iter1      |   1|   0|    1|          0|
    |i_fu_40                      |  32|   0|   32|          0|
    |icmp_ln141_reg_129           |   1|   0|    1|          0|
    |sum_values_1_reg_138         |  32|   0|   32|          0|
    |sum_values_fu_36             |  32|   0|   32|          0|
    +-----------------------------+----+----+-----+-----------+
    |Total                        | 106|   0|  106|          0|
    +-----------------------------+----+----+-----+-----------+



================================================================
== Interface
================================================================
* Summary: 
+-----------------------+-----+-----+------------+-----------------------------------+--------------+
|       RTL Ports       | Dir | Bits|  Protocol  |           Source Object           |    C Type    |
+-----------------------+-----+-----+------------+-----------------------------------+--------------+
|ap_clk                 |   in|    1|  ap_ctrl_hs|  cifar10_Pipeline_VITIS_LOOP_141_1|  return value|
|ap_rst                 |   in|    1|  ap_ctrl_hs|  cifar10_Pipeline_VITIS_LOOP_141_1|  return value|
|ap_start               |   in|    1|  ap_ctrl_hs|  cifar10_Pipeline_VITIS_LOOP_141_1|  return value|
|ap_done                |  out|    1|  ap_ctrl_hs|  cifar10_Pipeline_VITIS_LOOP_141_1|  return value|
|ap_idle                |  out|    1|  ap_ctrl_hs|  cifar10_Pipeline_VITIS_LOOP_141_1|  return value|
|ap_ready               |  out|    1|  ap_ctrl_hs|  cifar10_Pipeline_VITIS_LOOP_141_1|  return value|
|grp_fu_1343_p_din0     |  out|   32|  ap_ctrl_hs|  cifar10_Pipeline_VITIS_LOOP_141_1|  return value|
|grp_fu_1343_p_din1     |  out|   32|  ap_ctrl_hs|  cifar10_Pipeline_VITIS_LOOP_141_1|  return value|
|grp_fu_1343_p_opcode   |  out|    2|  ap_ctrl_hs|  cifar10_Pipeline_VITIS_LOOP_141_1|  return value|
|grp_fu_1343_p_dout0    |   in|   32|  ap_ctrl_hs|  cifar10_Pipeline_VITIS_LOOP_141_1|  return value|
|grp_fu_1343_p_ce       |  out|    1|  ap_ctrl_hs|  cifar10_Pipeline_VITIS_LOOP_141_1|  return value|
|neurons_dense_2_size   |   in|   32|     ap_none|               neurons_dense_2_size|        scalar|
|value_r                |   in|   32|     ap_none|                            value_r|        scalar|
|sum_values_out         |  out|   32|      ap_vld|                     sum_values_out|       pointer|
|sum_values_out_ap_vld  |  out|    1|      ap_vld|                     sum_values_out|       pointer|
+-----------------------+-----+-----+------------+-----------------------------------+--------------+

