

================================================================
== Vitis HLS Report for 'cifar10_Pipeline_VITIS_LOOP_121_1_VITIS_LOOP_126_34'
================================================================
* Date:           Mon May  4 21:47:31 2026

* Version:        2025.2 (Build 6295257 on Nov 14 2025)
* Project:        proj_cifar10_multiple
* Solution:       fsolution (Vivado IP Flow Target)
* Product family: zynq
* Target device:  xc7z020-clg484-1


================================================================
== Performance Estimates
================================================================
+ Timing: 
    * Summary: 
    +--------+----------+----------+------------+
    |  Clock |  Target  | Estimated| Uncertainty|
    +--------+----------+----------+------------+
    |ap_clk  |  10.00 ns|  7.256 ns|     2.70 ns|
    +--------+----------+----------+------------+

+ Latency: 
    * Summary: 
    +---------+---------+----------+----------+-----+-----+-------------------+
    |  Latency (cycles) |  Latency (absolute) |  Interval |      Pipeline     |
    |   min   |   max   |    min   |    max   | min | max |        Type       |
    +---------+---------+----------+----------+-----+-----+-------------------+
    |        ?|        ?|         ?|         ?|    0|    0|  loop pipeline stp|
    +---------+---------+----------+----------+-----+-----+-------------------+

    + Detail: 
        * Instance: 
        N/A

        * Loop: 
        +-------------------------------------+---------+---------+----------+-----------+-----------+------+----------+
        |                                     |  Latency (cycles) | Iteration|  Initiation Interval  | Trip |          |
        |              Loop Name              |   min   |   max   |  Latency |  achieved |   target  | Count| Pipelined|
        +-------------------------------------+---------+---------+----------+-----------+-----------+------+----------+
        |- VITIS_LOOP_121_1_VITIS_LOOP_126_3  |        ?|        ?|         7|          6|          1|     ?|       yes|
        +-------------------------------------+---------+---------+----------+-----------+-----------+------+----------+



================================================================
== Utilization Estimates
================================================================
* Summary: 
+-----------------+---------+-----+--------+-------+-----+
|       Name      | BRAM_18K| DSP |   FF   |  LUT  | URAM|
+-----------------+---------+-----+--------+-------+-----+
|DSP              |        -|    -|       -|      -|    -|
|Expression       |        -|    -|       0|    286|    -|
|FIFO             |        -|    -|       -|      -|    -|
|Instance         |        -|    -|       -|      -|    -|
|Memory           |        -|    -|       -|      -|    -|
|Multiplexer      |        -|    -|       0|    109|    -|
|Register         |        -|    -|     202|      -|    -|
+-----------------+---------+-----+--------+-------+-----+
|Total            |        0|    0|     202|    395|    0|
+-----------------+---------+-----+--------+-------+-----+
|Available        |      280|  220|  106400|  53200|    0|
+-----------------+---------+-----+--------+-------+-----+
|Utilization (%)  |        0|    0|      ~0|     ~0|    0|
+-----------------+---------+-----+--------+-------+-----+

+ Detail: 
    * Instance: 
    N/A

    * DSP: 
    N/A

    * Memory: 
    N/A

    * FIFO: 
    N/A

    * Expression: 
    +------------------------+----------+----+---+----+------------+------------+
    |      Variable Name     | Operation| DSP| FF| LUT| Bitwidth P0| Bitwidth P1|
    +------------------------+----------+----+---+----+------------+------------+
    |add_ln121_fu_100_p2     |         +|   0|  0|  71|          64|           1|
    |add_ln126_fu_125_p2     |         +|   0|  0|  39|          32|           1|
    |icmp_ln121_fu_95_p2     |      icmp|   0|  0|  71|          64|          64|
    |icmp_ln126_fu_112_p2    |      icmp|   0|  0|  39|          32|          32|
    |select_ln121_fu_117_p3  |    select|   0|  0|  32|           1|           1|
    |select_ln126_fu_131_p3  |    select|   0|  0|  32|           1|           1|
    |ap_enable_pp0           |       xor|   0|  0|   2|           1|           2|
    +------------------------+----------+----+---+----+------------+------------+
    |Total                   |          |   0|  0| 286|         195|         102|
    +------------------------+----------+----+---+----+------------+------------+

    * Multiplexer: 
    +------------------------------------+----+-----------+-----+-----------+
    |                Name                | LUT| Input Size| Bits| Total Bits|
    +------------------------------------+----+-----------+-----+-----------+
    |acumulated_fu_36                    |   9|          2|   32|         64|
    |ap_NS_fsm                           |  37|          7|    1|          7|
    |ap_done_int                         |   9|          2|    1|          2|
    |ap_enable_reg_pp0_iter0             |   9|          2|    1|          2|
    |ap_enable_reg_pp0_iter0_reg         |   9|          2|    1|          2|
    |ap_enable_reg_pp0_iter1             |   9|          2|    1|          2|
    |ap_sig_allocacmp_acumulated_load_1  |   9|          2|   32|         64|
    |indvar_flatten55_fu_44              |   9|          2|   64|        128|
    |k_fu_40                             |   9|          2|   32|         64|
    +------------------------------------+----+-----------+-----+-----------+
    |Total                               | 109|         23|  165|        335|
    +------------------------------------+----+-----------+-----+-----------+

    * Register: 
    +-----------------------------+----+----+-----+-----------+
    |             Name            | FF | LUT| Bits| Const Bits|
    +-----------------------------+----+----+-----+-----------+
    |acumulated_1_reg_203         |  32|   0|   32|          0|
    |acumulated_fu_36             |  32|   0|   32|          0|
    |ap_CS_fsm                    |   6|   0|    6|          0|
    |ap_done_reg                  |   1|   0|    1|          0|
    |ap_enable_reg_pp0_iter0_reg  |   1|   0|    1|          0|
    |ap_enable_reg_pp0_iter1      |   1|   0|    1|          0|
    |icmp_ln121_reg_194           |   1|   0|    1|          0|
    |indvar_flatten55_fu_44       |  64|   0|   64|          0|
    |k_fu_40                      |  32|   0|   32|          0|
    |select_ln121_reg_198         |  32|   0|   32|          0|
    +-----------------------------+----+----+-----+-----------+
    |Total                        | 202|   0|  202|          0|
    +-----------------------------+----+----+-----+-----------+



================================================================
== Interface
================================================================
* Summary: 
+-------------------------+-----+-----+------------+-----------------------------------------------------+--------------+
|        RTL Ports        | Dir | Bits|  Protocol  |                    Source Object                    |    C Type    |
+-------------------------+-----+-----+------------+-----------------------------------------------------+--------------+
|ap_clk                   |   in|    1|  ap_ctrl_hs|  cifar10_Pipeline_VITIS_LOOP_121_1_VITIS_LOOP_126_34|  return value|
|ap_rst                   |   in|    1|  ap_ctrl_hs|  cifar10_Pipeline_VITIS_LOOP_121_1_VITIS_LOOP_126_34|  return value|
|ap_start                 |   in|    1|  ap_ctrl_hs|  cifar10_Pipeline_VITIS_LOOP_121_1_VITIS_LOOP_126_34|  return value|
|ap_done                  |  out|    1|  ap_ctrl_hs|  cifar10_Pipeline_VITIS_LOOP_121_1_VITIS_LOOP_126_34|  return value|
|ap_idle                  |  out|    1|  ap_ctrl_hs|  cifar10_Pipeline_VITIS_LOOP_121_1_VITIS_LOOP_126_34|  return value|
|ap_ready                 |  out|    1|  ap_ctrl_hs|  cifar10_Pipeline_VITIS_LOOP_121_1_VITIS_LOOP_126_34|  return value|
|grp_fu_1343_p_din0       |  out|   32|  ap_ctrl_hs|  cifar10_Pipeline_VITIS_LOOP_121_1_VITIS_LOOP_126_34|  return value|
|grp_fu_1343_p_din1       |  out|   32|  ap_ctrl_hs|  cifar10_Pipeline_VITIS_LOOP_121_1_VITIS_LOOP_126_34|  return value|
|grp_fu_1343_p_opcode     |  out|    2|  ap_ctrl_hs|  cifar10_Pipeline_VITIS_LOOP_121_1_VITIS_LOOP_126_34|  return value|
|grp_fu_1343_p_dout0      |   in|   32|  ap_ctrl_hs|  cifar10_Pipeline_VITIS_LOOP_121_1_VITIS_LOOP_126_34|  return value|
|grp_fu_1343_p_ce         |  out|    1|  ap_ctrl_hs|  cifar10_Pipeline_VITIS_LOOP_121_1_VITIS_LOOP_126_34|  return value|
|mul_ln155_5              |   in|   64|     ap_none|                                          mul_ln155_5|        scalar|
|neurons_dense_1_size     |   in|   32|     ap_none|                                 neurons_dense_1_size|        scalar|
|mul13_i1                 |   in|   32|     ap_none|                                             mul13_i1|        scalar|
|acumulated_2_out         |  out|   32|      ap_vld|                                     acumulated_2_out|       pointer|
|acumulated_2_out_ap_vld  |  out|    1|      ap_vld|                                     acumulated_2_out|       pointer|
+-------------------------+-----+-----+------------+-----------------------------------------------------+--------------+

