

================================================================
== Vitis HLS Report for 'cifar10_Pipeline_VITIS_LOOP_45_1_VITIS_LOOP_47_2'
================================================================
* Date:           Mon May  4 21:47:30 2026

* Version:        2025.2 (Build 6295257 on Nov 14 2025)
* Project:        proj_cifar10_multiple
* Solution:       fsolution (Vivado IP Flow Target)
* Product family: zynq
* Target device:  xc7z020-clg484-1


================================================================
== Performance Estimates
================================================================
+ Timing: 
    * Summary: 
    +--------+----------+----------+------------+
    |  Clock |  Target  | Estimated| Uncertainty|
    +--------+----------+----------+------------+
    |ap_clk  |  10.00 ns|  7.019 ns|     2.70 ns|
    +--------+----------+----------+------------+

+ Latency: 
    * Summary: 
    +---------+---------+----------+----------+-----+-----+-------------------+
    |  Latency (cycles) |  Latency (absolute) |  Interval |      Pipeline     |
    |   min   |   max   |    min   |    max   | min | max |        Type       |
    +---------+---------+----------+----------+-----+-----+-------------------+
    |        ?|        ?|         ?|         ?|    0|    0|  loop pipeline stp|
    +---------+---------+----------+----------+-----+-----+-------------------+

    + Detail: 
        * Instance: 
        N/A

        * Loop: 
        +-----------------------------------+---------+---------+----------+-----------+-----------+------+----------+
        |                                   |  Latency (cycles) | Iteration|  Initiation Interval  | Trip |          |
        |             Loop Name             |   min   |   max   |  Latency |  achieved |   target  | Count| Pipelined|
        +-----------------------------------+---------+---------+----------+-----------+-----------+------+----------+
        |- VITIS_LOOP_45_1_VITIS_LOOP_47_2  |        ?|        ?|         3|          2|          1|     ?|       yes|
        +-----------------------------------+---------+---------+----------+-----------+-----------+------+----------+



================================================================
== Utilization Estimates
================================================================
* Summary: 
+-----------------+---------+-----+--------+-------+-----+
|       Name      | BRAM_18K| DSP |   FF   |  LUT  | URAM|
+-----------------+---------+-----+--------+-------+-----+
|DSP              |        -|    -|       -|      -|    -|
|Expression       |        -|    -|       0|    225|    -|
|FIFO             |        -|    -|       -|      -|    -|
|Instance         |        -|    -|       -|      -|    -|
|Memory           |        -|    -|       -|      -|    -|
|Multiplexer      |        -|    -|       0|     68|    -|
|Register         |        -|    -|     167|      -|    -|
+-----------------+---------+-----+--------+-------+-----+
|Total            |        0|    0|     167|    293|    0|
+-----------------+---------+-----+--------+-------+-----+
|Available        |      280|  220|  106400|  53200|    0|
+-----------------+---------+-----+--------+-------+-----+
|Utilization (%)  |        0|    0|      ~0|     ~0|    0|
+-----------------+---------+-----+--------+-------+-----+

+ Detail: 
    * Instance: 
    N/A

    * DSP: 
    N/A

    * Memory: 
    N/A

    * FIFO: 
    N/A

    * Expression: 
    +-----------------------+----------+----+---+----+------------+------------+
    |     Variable Name     | Operation| DSP| FF| LUT| Bitwidth P0| Bitwidth P1|
    +-----------------------+----------+----+---+----+------------+------------+
    |add_ln45_fu_92_p2      |         +|   0|  0|  71|          64|           1|
    |and_ln49_fu_141_p2     |       and|   0|  0|   2|           1|           1|
    |icmp_ln45_fu_87_p2     |      icmp|   0|  0|  71|          64|          64|
    |icmp_ln49_1_fu_126_p2  |      icmp|   0|  0|  30|          23|           1|
    |icmp_ln49_fu_120_p2    |      icmp|   0|  0|  15|           8|           2|
    |or_ln49_fu_137_p2      |        or|   0|  0|   2|           1|           1|
    |empty_63_fu_147_p3     |    select|   0|  0|  32|           1|          32|
    |ap_enable_pp0          |       xor|   0|  0|   2|           1|           2|
    +-----------------------+----------+----+---+----+------------+------------+
    |Total                  |          |   0|  0| 225|         163|         104|
    +-----------------------+----------+----+---+----+------------+------------+

    * Multiplexer: 
    +-------------------------+----+-----------+-----+-----------+
    |           Name          | LUT| Input Size| Bits| Total Bits|
    +-------------------------+----+-----------+-----+-----------+
    |ap_NS_fsm                |  14|          3|    1|          3|
    |ap_done_int              |   9|          2|    1|          2|
    |ap_enable_reg_pp0_iter0  |   9|          2|    1|          2|
    |ap_enable_reg_pp0_iter1  |   9|          2|    1|          2|
    |ap_sig_allocacmp_p_load  |   9|          2|   32|         64|
    |empty_fu_42              |   9|          2|   32|         64|
    |indvar_flatten_fu_46     |   9|          2|   64|        128|
    +-------------------------+----+-----------+-----+-----------+
    |Total                    |  68|         15|  132|        265|
    +-------------------------+----+-----------+-----+-----------+

    * Register: 
    +-----------------------------+----+----+-----+-----------+
    |             Name            | FF | LUT| Bits| Const Bits|
    +-----------------------------+----+----+-----+-----------+
    |ap_CS_fsm                    |   2|   0|    2|          0|
    |ap_done_reg                  |   1|   0|    1|          0|
    |ap_enable_reg_pp0_iter0_reg  |   1|   0|    1|          0|
    |ap_enable_reg_pp0_iter1      |   1|   0|    1|          0|
    |empty_63_reg_206             |  32|   0|   32|          0|
    |empty_fu_42                  |  32|   0|   32|          0|
    |icmp_ln49_1_reg_201          |   1|   0|    1|          0|
    |icmp_ln49_reg_196            |   1|   0|    1|          0|
    |indvar_flatten_fu_46         |  64|   0|   64|          0|
    |p_load_reg_186               |  32|   0|   32|          0|
    +-----------------------------+----+----+-----+-----------+
    |Total                        | 167|   0|  167|          0|
    +-----------------------------+----+----+-----+-----------+



================================================================
== Interface
================================================================
* Summary: 
+----------------------+-----+-----+------------+--------------------------------------------------+--------------+
|       RTL Ports      | Dir | Bits|  Protocol  |                   Source Object                  |    C Type    |
+----------------------+-----+-----+------------+--------------------------------------------------+--------------+
|ap_clk                |   in|    1|  ap_ctrl_hs|  cifar10_Pipeline_VITIS_LOOP_45_1_VITIS_LOOP_47_2|  return value|
|ap_rst                |   in|    1|  ap_ctrl_hs|  cifar10_Pipeline_VITIS_LOOP_45_1_VITIS_LOOP_47_2|  return value|
|ap_start              |   in|    1|  ap_ctrl_hs|  cifar10_Pipeline_VITIS_LOOP_45_1_VITIS_LOOP_47_2|  return value|
|ap_done               |  out|    1|  ap_ctrl_hs|  cifar10_Pipeline_VITIS_LOOP_45_1_VITIS_LOOP_47_2|  return value|
|ap_idle               |  out|    1|  ap_ctrl_hs|  cifar10_Pipeline_VITIS_LOOP_45_1_VITIS_LOOP_47_2|  return value|
|ap_ready              |  out|    1|  ap_ctrl_hs|  cifar10_Pipeline_VITIS_LOOP_45_1_VITIS_LOOP_47_2|  return value|
|grp_fu_1347_p_din0    |  out|   32|  ap_ctrl_hs|  cifar10_Pipeline_VITIS_LOOP_45_1_VITIS_LOOP_47_2|  return value|
|grp_fu_1347_p_din1    |  out|   32|  ap_ctrl_hs|  cifar10_Pipeline_VITIS_LOOP_45_1_VITIS_LOOP_47_2|  return value|
|grp_fu_1347_p_opcode  |  out|    5|  ap_ctrl_hs|  cifar10_Pipeline_VITIS_LOOP_45_1_VITIS_LOOP_47_2|  return value|
|grp_fu_1347_p_dout0   |   in|    1|  ap_ctrl_hs|  cifar10_Pipeline_VITIS_LOOP_45_1_VITIS_LOOP_47_2|  return value|
|grp_fu_1347_p_ce      |  out|    1|  ap_ctrl_hs|  cifar10_Pipeline_VITIS_LOOP_45_1_VITIS_LOOP_47_2|  return value|
|conv_1_output_load    |   in|   32|     ap_none|                                conv_1_output_load|        scalar|
|mul_ln155             |   in|   64|     ap_none|                                         mul_ln155|        scalar|
|p_out                 |  out|   32|      ap_vld|                                             p_out|       pointer|
|p_out_ap_vld          |  out|    1|      ap_vld|                                             p_out|       pointer|
+----------------------+-----+-----+------------+--------------------------------------------------+--------------+

