

================================================================
== Vitis HLS Report for 'cifar10_Pipeline_VITIS_LOOP_94_3_VITIS_LOOP_96_43'
================================================================
* Date:           Mon May  4 21:47:31 2026

* Version:        2025.2 (Build 6295257 on Nov 14 2025)
* Project:        proj_cifar10_multiple
* Solution:       fsolution (Vivado IP Flow Target)
* Product family: zynq
* Target device:  xc7z020-clg484-1


================================================================
== Performance Estimates
================================================================
+ Timing: 
    * Summary: 
    +--------+----------+----------+------------+
    |  Clock |  Target  | Estimated| Uncertainty|
    +--------+----------+----------+------------+
    |ap_clk  |  10.00 ns|  7.107 ns|     2.70 ns|
    +--------+----------+----------+------------+

+ Latency: 
    * Summary: 
    +---------+---------+----------+----------+-----+-----+-------------------+
    |  Latency (cycles) |  Latency (absolute) |  Interval |      Pipeline     |
    |   min   |   max   |    min   |    max   | min | max |        Type       |
    +---------+---------+----------+----------+-----+-----+-------------------+
    |        ?|        ?|         ?|         ?|    0|    0|  loop pipeline stp|
    +---------+---------+----------+----------+-----+-----+-------------------+

    + Detail: 
        * Instance: 
        N/A

        * Loop: 
        +-----------------------------------+---------+---------+----------+-----------+-----------+------+----------+
        |                                   |  Latency (cycles) | Iteration|  Initiation Interval  | Trip |          |
        |             Loop Name             |   min   |   max   |  Latency |  achieved |   target  | Count| Pipelined|
        +-----------------------------------+---------+---------+----------+-----------+-----------+------+----------+
        |- VITIS_LOOP_94_3_VITIS_LOOP_96_4  |        ?|        ?|         3|          2|          1|     ?|       yes|
        +-----------------------------------+---------+---------+----------+-----------+-----------+------+----------+



================================================================
== Utilization Estimates
================================================================
* Summary: 
+-----------------+---------+-----+--------+-------+-----+
|       Name      | BRAM_18K| DSP |   FF   |  LUT  | URAM|
+-----------------+---------+-----+--------+-------+-----+
|DSP              |        -|    -|       -|      -|    -|
|Expression       |        -|    -|       0|    274|    -|
|FIFO             |        -|    -|       -|      -|    -|
|Instance         |        -|    -|       -|      -|    -|
|Memory           |        -|    -|       -|      -|    -|
|Multiplexer      |        -|    -|       0|     68|    -|
|Register         |        -|    -|     169|      -|    -|
+-----------------+---------+-----+--------+-------+-----+
|Total            |        0|    0|     169|    342|    0|
+-----------------+---------+-----+--------+-------+-----+
|Available        |      280|  220|  106400|  53200|    0|
+-----------------+---------+-----+--------+-------+-----+
|Utilization (%)  |        0|    0|      ~0|     ~0|    0|
+-----------------+---------+-----+--------+-------+-----+

+ Detail: 
    * Instance: 
    N/A

    * DSP: 
    N/A

    * Memory: 
    N/A

    * FIFO: 
    N/A

    * Expression: 
    +-----------------------+----------+----+---+----+------------+------------+
    |     Variable Name     | Operation| DSP| FF| LUT| Bitwidth P0| Bitwidth P1|
    +-----------------------+----------+----+---+----+------------+------------+
    |add_ln94_fu_111_p2     |         +|   0|  0|  71|          64|           1|
    |and_ln98_1_fu_190_p2   |       and|   0|  0|   2|           1|           1|
    |and_ln98_fu_184_p2     |       and|   0|  0|   2|           1|           1|
    |icmp_ln94_fu_106_p2    |      icmp|   0|  0|  71|          64|          64|
    |icmp_ln98_1_fu_154_p2  |      icmp|   0|  0|  30|          23|           1|
    |icmp_ln98_2_fu_160_p2  |      icmp|   0|  0|  15|           8|           2|
    |icmp_ln98_3_fu_166_p2  |      icmp|   0|  0|  30|          23|           1|
    |icmp_ln98_fu_148_p2    |      icmp|   0|  0|  15|           8|           2|
    |or_ln98_1_fu_180_p2    |        or|   0|  0|   2|           1|           1|
    |or_ln98_fu_176_p2      |        or|   0|  0|   2|           1|           1|
    |max_value_fu_196_p3    |    select|   0|  0|  32|           1|          32|
    |ap_enable_pp0          |       xor|   0|  0|   2|           1|           2|
    +-----------------------+----------+----+---+----+------------+------------+
    |Total                  |          |   0|  0| 274|         196|         109|
    +-----------------------+----------+----+---+----+------------+------------+

    * Multiplexer: 
    +-----------------------------+----+-----------+-----+-----------+
    |             Name            | LUT| Input Size| Bits| Total Bits|
    +-----------------------------+----+-----------+-----+-----------+
    |ap_NS_fsm                    |  14|          3|    1|          3|
    |ap_done_int                  |   9|          2|    1|          2|
    |ap_enable_reg_pp0_iter0      |   9|          2|    1|          2|
    |ap_enable_reg_pp0_iter1      |   9|          2|    1|          2|
    |ap_sig_allocacmp_p_a_load_1  |   9|          2|   32|         64|
    |indvar_flatten41_fu_54       |   9|          2|   64|        128|
    |p_a_fu_50                    |   9|          2|   32|         64|
    +-----------------------------+----+-----------+-----+-----------+
    |Total                        |  68|         15|  132|        265|
    +-----------------------------+----+-----------+-----+-----------+

    * Register: 
    +-----------------------------+----+----+-----+-----------+
    |             Name            | FF | LUT| Bits| Const Bits|
    +-----------------------------+----+----+-----+-----------+
    |ap_CS_fsm                    |   2|   0|    2|          0|
    |ap_done_reg                  |   1|   0|    1|          0|
    |ap_enable_reg_pp0_iter0_reg  |   1|   0|    1|          0|
    |ap_enable_reg_pp0_iter1      |   1|   0|    1|          0|
    |icmp_ln98_1_reg_261          |   1|   0|    1|          0|
    |icmp_ln98_2_reg_266          |   1|   0|    1|          0|
    |icmp_ln98_3_reg_271          |   1|   0|    1|          0|
    |icmp_ln98_reg_256            |   1|   0|    1|          0|
    |indvar_flatten41_fu_54       |  64|   0|   64|          0|
    |max_value_reg_276            |  32|   0|   32|          0|
    |p_a_fu_50                    |  32|   0|   32|          0|
    |p_a_load_1_reg_250           |  32|   0|   32|          0|
    +-----------------------------+----+----+-----+-----------+
    |Total                        | 169|   0|  169|          0|
    +-----------------------------+----+----+-----+-----------+



================================================================
== Interface
================================================================
* Summary: 
+------------------------+-----+-----+------------+---------------------------------------------------+--------------+
|        RTL Ports       | Dir | Bits|  Protocol  |                   Source Object                   |    C Type    |
+------------------------+-----+-----+------------+---------------------------------------------------+--------------+
|ap_clk                  |   in|    1|  ap_ctrl_hs|  cifar10_Pipeline_VITIS_LOOP_94_3_VITIS_LOOP_96_43|  return value|
|ap_rst                  |   in|    1|  ap_ctrl_hs|  cifar10_Pipeline_VITIS_LOOP_94_3_VITIS_LOOP_96_43|  return value|
|ap_start                |   in|    1|  ap_ctrl_hs|  cifar10_Pipeline_VITIS_LOOP_94_3_VITIS_LOOP_96_43|  return value|
|ap_done                 |  out|    1|  ap_ctrl_hs|  cifar10_Pipeline_VITIS_LOOP_94_3_VITIS_LOOP_96_43|  return value|
|ap_idle                 |  out|    1|  ap_ctrl_hs|  cifar10_Pipeline_VITIS_LOOP_94_3_VITIS_LOOP_96_43|  return value|
|ap_ready                |  out|    1|  ap_ctrl_hs|  cifar10_Pipeline_VITIS_LOOP_94_3_VITIS_LOOP_96_43|  return value|
|grp_fu_1347_p_din0      |  out|   32|  ap_ctrl_hs|  cifar10_Pipeline_VITIS_LOOP_94_3_VITIS_LOOP_96_43|  return value|
|grp_fu_1347_p_din1      |  out|   32|  ap_ctrl_hs|  cifar10_Pipeline_VITIS_LOOP_94_3_VITIS_LOOP_96_43|  return value|
|grp_fu_1347_p_opcode    |  out|    5|  ap_ctrl_hs|  cifar10_Pipeline_VITIS_LOOP_94_3_VITIS_LOOP_96_43|  return value|
|grp_fu_1347_p_dout0     |   in|    1|  ap_ctrl_hs|  cifar10_Pipeline_VITIS_LOOP_94_3_VITIS_LOOP_96_43|  return value|
|grp_fu_1347_p_ce        |  out|    1|  ap_ctrl_hs|  cifar10_Pipeline_VITIS_LOOP_94_3_VITIS_LOOP_96_43|  return value|
|max_value_7             |   in|   32|     ap_none|                                        max_value_7|        scalar|
|mul_ln155_3             |   in|   64|     ap_none|                                        mul_ln155_3|        scalar|
|conv_2_output_load_1    |   in|   31|     ap_none|                               conv_2_output_load_1|        scalar|
|empty                   |   in|   23|     ap_none|                                              empty|        scalar|
|max_value_9_out         |  out|   32|      ap_vld|                                    max_value_9_out|       pointer|
|max_value_9_out_ap_vld  |  out|    1|      ap_vld|                                    max_value_9_out|       pointer|
+------------------------+-----+-----+------------+---------------------------------------------------+--------------+

