

================================================================
== Vitis HLS Report for 'convolution_1_Pipeline_VITIS_LOOP_21_1_VITIS_LOOP_26_2'
================================================================
* Date:           Mon May  4 21:47:31 2026

* Version:        2025.2 (Build 6295257 on Nov 14 2025)
* Project:        proj_cifar10_multiple
* Solution:       fsolution (Vivado IP Flow Target)
* Product family: zynq
* Target device:  xc7z020-clg484-1


================================================================
== Performance Estimates
================================================================
+ Timing: 
    * Summary: 
    +--------+----------+----------+------------+
    |  Clock |  Target  | Estimated| Uncertainty|
    +--------+----------+----------+------------+
    |ap_clk  |  10.00 ns|  7.256 ns|     2.70 ns|
    +--------+----------+----------+------------+

+ Latency: 
    * Summary: 
    +---------+---------+----------+----------+-----+-----+-------------------+
    |  Latency (cycles) |  Latency (absolute) |  Interval |      Pipeline     |
    |   min   |   max   |    min   |    max   | min | max |        Type       |
    +---------+---------+----------+----------+-----+-----+-------------------+
    |        ?|        ?|         ?|         ?|    0|    0|  loop pipeline stp|
    +---------+---------+----------+----------+-----+-----+-------------------+

    + Detail: 
        * Instance: 
        N/A

        * Loop: 
        +-----------------------------------+---------+---------+----------+-----------+-----------+------+----------+
        |                                   |  Latency (cycles) | Iteration|  Initiation Interval  | Trip |          |
        |             Loop Name             |   min   |   max   |  Latency |  achieved |   target  | Count| Pipelined|
        +-----------------------------------+---------+---------+----------+-----------+-----------+------+----------+
        |- VITIS_LOOP_21_1_VITIS_LOOP_26_2  |        ?|        ?|        51|          6|          1|     ?|       yes|
        +-----------------------------------+---------+---------+----------+-----------+-----------+------+----------+



================================================================
== Utilization Estimates
================================================================
* Summary: 
+-----------------+---------+-----+--------+-------+-----+
|       Name      | BRAM_18K| DSP |   FF   |  LUT  | URAM|
+-----------------+---------+-----+--------+-------+-----+
|DSP              |        -|    -|       -|      -|    -|
|Expression       |        -|    -|       0|    631|    -|
|FIFO             |        -|    -|       -|      -|    -|
|Instance         |        -|    5|    9480|   7663|    -|
|Memory           |        -|    -|       -|      -|    -|
|Multiplexer      |        -|    -|       0|    181|    -|
|Register         |        -|    -|     731|     64|    -|
+-----------------+---------+-----+--------+-------+-----+
|Total            |        0|    5|   10211|   8539|    0|
+-----------------+---------+-----+--------+-------+-----+
|Available        |      280|  220|  106400|  53200|    0|
+-----------------+---------+-----+--------+-------+-----+
|Utilization (%)  |        0|    2|       9|     16|    0|
+-----------------+---------+-----+--------+-------+-----+

+ Detail: 
    * Instance: 
    +-------------------------------------+--------------------------------+---------+----+------+------+-----+
    |               Instance              |             Module             | BRAM_18K| DSP|  FF  |  LUT | URAM|
    +-------------------------------------+--------------------------------+---------+----+------+------+-----+
    |fadd_32ns_32ns_32_5_full_dsp_1_U106  |fadd_32ns_32ns_32_5_full_dsp_1  |        0|   2|   205|   390|    0|
    |fmul_32ns_32ns_32_4_max_dsp_1_U107   |fmul_32ns_32ns_32_4_max_dsp_1   |        0|   3|   143|   321|    0|
    |udiv_32ns_32ns_32_36_1_U108          |udiv_32ns_32ns_32_36_1          |        0|   0|  2283|  1738|    0|
    |udiv_32ns_32ns_32_36_1_U110          |udiv_32ns_32ns_32_36_1          |        0|   0|  2283|  1738|    0|
    |urem_32ns_32ns_32_36_1_U109          |urem_32ns_32ns_32_36_1          |        0|   0|  2283|  1738|    0|
    |urem_32ns_32ns_32_36_1_U111          |urem_32ns_32ns_32_36_1          |        0|   0|  2283|  1738|    0|
    +-------------------------------------+--------------------------------+---------+----+------+------+-----+
    |Total                                |                                |        0|   5|  9480|  7663|    0|
    +-------------------------------------+--------------------------------+---------+----+------+------+-----+

    * DSP: 
    N/A

    * Memory: 
    N/A

    * FIFO: 
    N/A

    * Expression: 
    +-------------------------+----------+----+---+----+------------+------------+
    |      Variable Name      | Operation| DSP| FF| LUT| Bitwidth P0| Bitwidth P1|
    +-------------------------+----------+----+---+----+------------+------------+
    |add_ln21_2_fu_180_p2     |         +|   0|  0|  39|          32|           1|
    |add_ln21_fu_163_p2       |         +|   0|  0|  71|          64|           1|
    |add_ln31_1_fu_241_p2     |         +|   0|  0|  32|          32|          32|
    |add_ln31_2_fu_250_p2     |         +|   0|  0|  32|          32|          32|
    |k_2_fu_227_p2            |         +|   0|  0|  39|          32|           1|
    |kx_fu_237_p2             |         -|   0|  0|  32|          32|          32|
    |ky_fu_246_p2             |         -|   0|  0|  32|          32|          32|
    |icmp_ln21_fu_158_p2      |      icmp|   0|  0|  71|          64|          64|
    |icmp_ln26_fu_175_p2      |      icmp|   0|  0|  39|          32|          32|
    |icmp_ln31_1_fu_259_p2    |      icmp|   0|  0|  39|          32|          32|
    |icmp_ln31_fu_255_p2      |      icmp|   0|  0|  39|          32|          32|
    |or_ln31_1_fu_276_p2      |        or|   0|  0|   2|           1|           1|
    |or_ln31_2_fu_281_p2      |        or|   0|  0|   2|           1|           1|
    |or_ln31_fu_264_p2        |        or|   0|  0|  32|          32|          32|
    |grp_fu_127_p0            |    select|   0|  0|  32|           1|           1|
    |grp_fu_218_p0            |    select|   0|  0|  32|           1|           1|
    |select_ln21_1_fu_297_p3  |    select|   0|  0|  32|           1|           1|
    |select_ln21_2_fu_186_p3  |    select|   0|  0|  32|           1|          32|
    |ap_enable_pp0            |       xor|   0|  0|   2|           1|           2|
    +-------------------------+----------+----+---+----+------------+------------+
    |Total                    |          |   0|  0| 631|         455|         362|
    +-------------------------+----------+----+---+----+------------+------------+

    * Multiplexer: 
    +----------------------------------+----+-----------+-----+-----------+
    |               Name               | LUT| Input Size| Bits| Total Bits|
    +----------------------------------+----+-----------+-----+-----------+
    |ap_NS_fsm                         |  37|          7|    1|          7|
    |ap_done_int                       |   9|          2|    1|          2|
    |ap_enable_reg_pp0_iter0           |   9|          2|    1|          2|
    |ap_enable_reg_pp0_iter1           |   9|          2|    1|          2|
    |ap_enable_reg_pp0_iter8           |   9|          2|    1|          2|
    |ap_loop_exit_ready_pp0_iter1_reg  |   9|          2|    1|          2|
    |ap_loop_exit_ready_pp0_iter2_reg  |   9|          2|    1|          2|
    |ap_loop_exit_ready_pp0_iter3_reg  |   9|          2|    1|          2|
    |ap_loop_exit_ready_pp0_iter4_reg  |   9|          2|    1|          2|
    |ap_loop_exit_ready_pp0_iter5_reg  |   9|          2|    1|          2|
    |ap_loop_exit_ready_pp0_iter6_reg  |   9|          2|    1|          2|
    |ap_loop_exit_ready_pp0_iter7_reg  |   9|          2|    1|          2|
    |ap_sig_allocacmp_sum_load_2       |   9|          2|   32|         64|
    |block_fu_60                       |   9|          2|   32|         64|
    |indvar_flatten_fu_64              |   9|          2|   64|        128|
    |k_fu_56                           |   9|          2|   32|         64|
    |sum_fu_52                         |   9|          2|   32|         64|
    +----------------------------------+----+-----------+-----+-----------+
    |Total                             | 181|         39|  204|        413|
    +----------------------------------+----+-----------+-----+-----------+

    * Register: 
    +----------------------------------+----+----+-----+-----------+
    |               Name               | FF | LUT| Bits| Const Bits|
    +----------------------------------+----+----+-----+-----------+
    |add_ln31_1_reg_433                |  32|   0|   32|          0|
    |add_ln31_2_reg_439                |  32|   0|   32|          0|
    |ap_CS_fsm                         |   6|   0|    6|          0|
    |ap_done_reg                       |   1|   0|    1|          0|
    |ap_enable_reg_pp0_iter0_reg       |   1|   0|    1|          0|
    |ap_enable_reg_pp0_iter1           |   1|   0|    1|          0|
    |ap_enable_reg_pp0_iter2           |   1|   0|    1|          0|
    |ap_enable_reg_pp0_iter3           |   1|   0|    1|          0|
    |ap_enable_reg_pp0_iter4           |   1|   0|    1|          0|
    |ap_enable_reg_pp0_iter5           |   1|   0|    1|          0|
    |ap_enable_reg_pp0_iter6           |   1|   0|    1|          0|
    |ap_enable_reg_pp0_iter7           |   1|   0|    1|          0|
    |ap_enable_reg_pp0_iter8           |   1|   0|    1|          0|
    |ap_loop_exit_ready_pp0_iter1_reg  |   1|   0|    1|          0|
    |ap_loop_exit_ready_pp0_iter2_reg  |   1|   0|    1|          0|
    |ap_loop_exit_ready_pp0_iter3_reg  |   1|   0|    1|          0|
    |ap_loop_exit_ready_pp0_iter4_reg  |   1|   0|    1|          0|
    |ap_loop_exit_ready_pp0_iter5_reg  |   1|   0|    1|          0|
    |ap_loop_exit_ready_pp0_iter6_reg  |   1|   0|    1|          0|
    |ap_loop_exit_ready_pp0_iter7_reg  |   1|   0|    1|          0|
    |block_fu_60                       |  32|   0|   32|          0|
    |icmp_ln21_reg_385                 |   1|   0|    1|          0|
    |icmp_ln26_reg_394                 |   1|   0|    1|          0|
    |icmp_ln31_1_reg_449               |   1|   0|    1|          0|
    |icmp_ln31_reg_444                 |   1|   0|    1|          0|
    |indvar_flatten_fu_64              |  64|   0|   64|          0|
    |k_fu_56                           |  32|   0|   32|          0|
    |k_load_reg_389                    |  32|   0|   32|          0|
    |kernel_rad_cast_reg_379           |  32|   0|   32|          0|
    |mul_reg_464                       |  32|   0|   32|          0|
    |select_ln21_1_reg_459             |  32|   0|   32|          0|
    |select_ln21_2_reg_400             |  32|   0|   32|          0|
    |select_ln21_reg_406               |  32|   0|   32|          0|
    |sum_1_reg_469                     |  32|   0|   32|          0|
    |sum_fu_52                         |  32|   0|   32|          0|
    |udiv_ln29_reg_423                 |  32|   0|   32|          0|
    |urem_ln30_reg_428                 |  32|   0|   32|          0|
    |x_reg_413                         |  32|   0|   32|          0|
    |y_reg_418                         |  32|   0|   32|          0|
    |icmp_ln21_reg_385                 |  64|  32|    1|          0|
    |icmp_ln26_reg_394                 |  64|  32|    1|          0|
    +----------------------------------+----+----+-----+-----------+
    |Total                             | 731|  64|  605|          0|
    +----------------------------------+----+----+-----+-----------+



================================================================
== Interface
================================================================
* Summary: 
+---------------------+-----+-----+------------+--------------------------------------------------------+--------------+
|      RTL Ports      | Dir | Bits|  Protocol  |                      Source Object                     |    C Type    |
+---------------------+-----+-----+------------+--------------------------------------------------------+--------------+
|ap_clk               |   in|    1|  ap_ctrl_hs|  convolution.1_Pipeline_VITIS_LOOP_21_1_VITIS_LOOP_26_2|  return value|
|ap_rst               |   in|    1|  ap_ctrl_hs|  convolution.1_Pipeline_VITIS_LOOP_21_1_VITIS_LOOP_26_2|  return value|
|ap_start             |   in|    1|  ap_ctrl_hs|  convolution.1_Pipeline_VITIS_LOOP_21_1_VITIS_LOOP_26_2|  return value|
|ap_done              |  out|    1|  ap_ctrl_hs|  convolution.1_Pipeline_VITIS_LOOP_21_1_VITIS_LOOP_26_2|  return value|
|ap_idle              |  out|    1|  ap_ctrl_hs|  convolution.1_Pipeline_VITIS_LOOP_21_1_VITIS_LOOP_26_2|  return value|
|ap_ready             |  out|    1|  ap_ctrl_hs|  convolution.1_Pipeline_VITIS_LOOP_21_1_VITIS_LOOP_26_2|  return value|
|mul_ln12             |   in|   64|     ap_none|                                                mul_ln12|        scalar|
|squared_kernel_size  |   in|   32|     ap_none|                                     squared_kernel_size|        scalar|
|n                    |   in|   32|     ap_none|                                                       n|        scalar|
|kernel_size          |   in|   32|     ap_none|                                             kernel_size|        scalar|
|kernel_rad           |   in|   31|     ap_none|                                              kernel_rad|        scalar|
|add_ln31             |   in|   32|     ap_none|                                                add_ln31|        scalar|
|value_r              |   in|   32|     ap_none|                                                 value_r|        scalar|
|bitcast_ln35         |   in|   32|     ap_none|                                            bitcast_ln35|        scalar|
|sum_out              |  out|   32|      ap_vld|                                                 sum_out|       pointer|
|sum_out_ap_vld       |  out|    1|      ap_vld|                                                 sum_out|       pointer|
+---------------------+-----+-----+------------+--------------------------------------------------------+--------------+

