

================================================================
== Vitis HLS Report for 'convolution_1'
================================================================
* Date:           Mon May  4 21:47:31 2026

* Version:        2025.2 (Build 6295257 on Nov 14 2025)
* Project:        proj_cifar10_multiple
* Solution:       fsolution (Vivado IP Flow Target)
* Product family: zynq
* Target device:  xc7z020-clg484-1


================================================================
== Performance Estimates
================================================================
+ Timing: 
    * Summary: 
    +--------+----------+----------+------------+
    |  Clock |  Target  | Estimated| Uncertainty|
    +--------+----------+----------+------------+
    |ap_clk  |  10.00 ns|  7.256 ns|     2.70 ns|
    +--------+----------+----------+------------+

+ Latency: 
    * Summary: 
    +---------+---------+----------+----------+-----+-----+---------+
    |  Latency (cycles) |  Latency (absolute) |  Interval | Pipeline|
    |   min   |   max   |    min   |    max   | min | max |   Type  |
    +---------+---------+----------+----------+-----+-----+---------+
    |        ?|        ?|         ?|         ?|    ?|    ?|       no|
    +---------+---------+----------+----------+-----+-----+---------+

    + Detail: 
        * Instance: 
        +------------------------------------------------------------------+--------------------------------------------------------+---------+---------+----------+----------+-----+-----+-------------------+
        |                                                                  |                                                        |  Latency (cycles) |  Latency (absolute) |  Interval |      Pipeline     |
        |                             Instance                             |                         Module                         |   min   |   max   |    min   |    max   | min | max |        Type       |
        +------------------------------------------------------------------+--------------------------------------------------------+---------+---------+----------+----------+-----+-----+-------------------+
        |grp_convolution_1_Pipeline_VITIS_LOOP_21_1_VITIS_LOOP_26_2_fu_67  |convolution_1_Pipeline_VITIS_LOOP_21_1_VITIS_LOOP_26_2  |        ?|        ?|         ?|         ?|    0|    0|  loop pipeline stp|
        +------------------------------------------------------------------+--------------------------------------------------------+---------+---------+----------+----------+-----+-----+-------------------+

        * Loop: 
        N/A



================================================================
== Utilization Estimates
================================================================
* Summary: 
+-----------------+---------+-----+--------+-------+-----+
|       Name      | BRAM_18K| DSP |   FF   |  LUT  | URAM|
+-----------------+---------+-----+--------+-------+-----+
|DSP              |        -|    -|       -|      -|    -|
|Expression       |        -|    -|       0|    186|    -|
|FIFO             |        -|    -|       -|      -|    -|
|Instance         |        -|   15|   10706|   8689|    -|
|Memory           |        -|    -|       -|      -|    -|
|Multiplexer      |        -|    -|       0|     37|    -|
|Register         |        -|    -|     263|      -|    -|
+-----------------+---------+-----+--------+-------+-----+
|Total            |        0|   15|   10969|   8912|    0|
+-----------------+---------+-----+--------+-------+-----+
|Available        |      280|  220|  106400|  53200|    0|
+-----------------+---------+-----+--------+-------+-----+
|Utilization (%)  |        0|    6|      10|     16|    0|
+-----------------+---------+-----+--------+-------+-----+

+ Detail: 
    * Instance: 
    +------------------------------------------------------------------+--------------------------------------------------------+---------+----+-------+------+-----+
    |                             Instance                             |                         Module                         | BRAM_18K| DSP|   FF  |  LUT | URAM|
    +------------------------------------------------------------------+--------------------------------------------------------+---------+----+-------+------+-----+
    |grp_convolution_1_Pipeline_VITIS_LOOP_21_1_VITIS_LOOP_26_2_fu_67  |convolution_1_Pipeline_VITIS_LOOP_21_1_VITIS_LOOP_26_2  |        0|   5|  10211|  8539|    0|
    |mul_32ns_32ns_64_2_1_U121                                         |mul_32ns_32ns_64_2_1                                    |        0|   4|    165|    50|    0|
    |mul_32s_32s_32_2_1_U122                                           |mul_32s_32s_32_2_1                                      |        0|   3|    165|    50|    0|
    |mul_32s_32s_32_2_1_U123                                           |mul_32s_32s_32_2_1                                      |        0|   3|    165|    50|    0|
    +------------------------------------------------------------------+--------------------------------------------------------+---------+----+-------+------+-----+
    |Total                                                             |                                                        |        0|  15|  10706|  8689|    0|
    +------------------------------------------------------------------+--------------------------------------------------------+---------+----+-------+------+-----+

    * DSP: 
    N/A

    * Memory: 
    N/A

    * FIFO: 
    N/A

    * Expression: 
    +----------------------+----------+----+---+----+------------+------------+
    |     Variable Name    | Operation| DSP| FF| LUT| Bitwidth P0| Bitwidth P1|
    +----------------------+----------+----+---+----+------------+------------+
    |add_ln31_fu_158_p2    |         +|   0|  0|  39|          32|           2|
    |sub_ln14_1_fu_121_p2  |         -|   0|  0|  38|           1|          31|
    |sub_ln14_fu_105_p2    |         -|   0|  0|  39|           1|          32|
    |icmp_ln21_fu_153_p2   |      icmp|   0|  0|  39|          32|           1|
    |kernel_rad_fu_137_p3  |    select|   0|  0|  31|           1|          31|
    +----------------------+----------+----+---+----+------------+------------+
    |Total                 |          |   0|  0| 186|          67|          97|
    +----------------------+----------+----+---+----+------------+------------+

    * Multiplexer: 
    +-----------+----+-----------+-----+-----------+
    |    Name   | LUT| Input Size| Bits| Total Bits|
    +-----------+----+-----------+-----+-----------+
    |ap_NS_fsm  |  37|          7|    1|          7|
    +-----------+----+-----------+-----+-----------+
    |Total      |  37|          7|    1|          7|
    +-----------+----+-----------+-----+-----------+

    * Register: 
    +-------------------------------------------------------------------------------+----+----+-----+-----------+
    |                                      Name                                     | FF | LUT| Bits| Const Bits|
    +-------------------------------------------------------------------------------+----+----+-----+-----------+
    |add_ln31_reg_234                                                               |  32|   0|   32|          0|
    |ap_CS_fsm                                                                      |   6|   0|    6|          0|
    |bitcast_ln35_reg_239                                                           |  32|   0|   32|          0|
    |grp_convolution_1_Pipeline_VITIS_LOOP_21_1_VITIS_LOOP_26_2_fu_67_ap_start_reg  |   1|   0|    1|          0|
    |icmp_ln21_reg_230                                                              |   1|   0|    1|          0|
    |kernel_rad_reg_203                                                             |  31|   0|   31|          0|
    |mul_ln12_reg_249                                                               |  64|   0|   64|          0|
    |mul_ln21_reg_214                                                               |  32|   0|   32|          0|
    |squared_kernel_size_reg_208                                                    |  32|   0|   32|          0|
    |value_reg_244                                                                  |  32|   0|   32|          0|
    +-------------------------------------------------------------------------------+----+----+-----+-----------+
    |Total                                                                          | 263|   0|  263|          0|
    +-------------------------------------------------------------------------------+----+----+-----+-----------+



================================================================
== Interface
================================================================
* Summary: 
+-------------+-----+-----+------------+---------------+--------------+
|  RTL Ports  | Dir | Bits|  Protocol  | Source Object |    C Type    |
+-------------+-----+-----+------------+---------------+--------------+
|ap_clk       |   in|    1|  ap_ctrl_hs|  convolution.1|  return value|
|ap_rst       |   in|    1|  ap_ctrl_hs|  convolution.1|  return value|
|ap_start     |   in|    1|  ap_ctrl_hs|  convolution.1|  return value|
|ap_done      |  out|    1|  ap_ctrl_hs|  convolution.1|  return value|
|ap_idle      |  out|    1|  ap_ctrl_hs|  convolution.1|  return value|
|ap_ready     |  out|    1|  ap_ctrl_hs|  convolution.1|  return value|
|A_read       |   in|   32|     ap_none|         A_read|        scalar|
|B            |  out|   32|      ap_vld|              B|       pointer|
|B_ap_vld     |  out|    1|      ap_vld|              B|       pointer|
|kernel_read  |   in|   32|     ap_none|    kernel_read|        scalar|
|n            |   in|   32|     ap_none|              n|        scalar|
|kernel_size  |   in|   32|     ap_none|    kernel_size|        scalar|
+-------------+-----+-----+------------+---------------+--------------+

