Copyright 1986-2022 Xilinx, Inc. All Rights Reserved. Copyright 2022-2025 Advanced Micro Devices, Inc. All Rights Reserved.
---------------------------------------------------------------------------------------------------------------------------------------------
| Tool Version : Vivado v.2025.2 (lin64) Build 6299465 Fri Nov 14 12:34:56 MST 2025
| Date         : Tue May  5 17:00:50 2026
| Host         : luthier-ku running 64-bit Ubuntu 24.04.4 LTS
| Command      : report_timing_summary -file vivado_reports/timing_synth.rpt
| Design       : ccsds_wavelet_transform
| Device       : 7z020-clg484
| Speed File   : -1  PRODUCTION 1.12 2019-11-22
| Design State : Synthesized
---------------------------------------------------------------------------------------------------------------------------------------------

Timing Summary Report

------------------------------------------------------------------------------------------------
| Timer Settings
| --------------
------------------------------------------------------------------------------------------------

  Enable Multi Corner Analysis               :  Yes
  Enable Pessimism Removal                   :  Yes
  Pessimism Removal Resolution               :  Nearest Common Node
  Enable Input Delay Default Clock           :  No
  Enable Preset / Clear Arcs                 :  No
  Disable Flight Delays                      :  No
  Ignore I/O Paths                           :  No
  Timing Early Launch at Borrowing Latches   :  No
  Borrow Time for Max Delay Exceptions       :  Yes
  Merge Timing Exceptions                    :  Yes
  Inter-SLR Compensation                     :  Conservative

  Corner  Analyze    Analyze    
  Name    Max Paths  Min Paths  
  ------  ---------  ---------  
  Slow    Yes        Yes        
  Fast    Yes        Yes        


------------------------------------------------------------------------------------------------
| Report Methodology
| ------------------
------------------------------------------------------------------------------------------------

No report available as report_methodology has not been run prior. Run report_methodology on the current design for the summary of methodology violations.



check_timing report

Table of Contents
-----------------
1. checking no_clock (0)
2. checking constant_clock (0)
3. checking pulse_width_clock (0)
4. checking unconstrained_internal_endpoints (0)
5. checking no_input_delay (122)
6. checking no_output_delay (246)
7. checking multiple_clock (0)
8. checking generated_clocks (0)
9. checking loops (0)
10. checking partial_input_delay (0)
11. checking partial_output_delay (0)
12. checking latch_loops (0)

1. checking no_clock (0)
------------------------
 There are 0 register/latch pins with no clock.


2. checking constant_clock (0)
------------------------------
 There are 0 register/latch pins with constant_clock.


3. checking pulse_width_clock (0)
---------------------------------
 There are 0 register/latch pins which need pulse_width check


4. checking unconstrained_internal_endpoints (0)
------------------------------------------------
 There are 0 pins that are not constrained for maximum delay.

 There are 0 pins that are not constrained for maximum delay due to constant clock.


5. checking no_input_delay (122)
--------------------------------
 There are 122 input ports with no input delay specified. (HIGH)

 There are 0 input ports with no input delay but user has a false path constraint.


6. checking no_output_delay (246)
---------------------------------
 There are 246 ports with no output delay specified. (HIGH)

 There are 0 ports with no output delay but user has a false path constraint

 There are 0 ports with no output delay but with a timing clock defined on it or propagating through it


7. checking multiple_clock (0)
------------------------------
 There are 0 register/latch pins with multiple clocks.


8. checking generated_clocks (0)
--------------------------------
 There are 0 generated clocks that are not connected to a clock source.


9. checking loops (0)
---------------------
 There are 0 combinational loops in the design.


10. checking partial_input_delay (0)
------------------------------------
 There are 0 input ports with partial input delay specified.


11. checking partial_output_delay (0)
-------------------------------------
 There are 0 ports with partial output delay specified.


12. checking latch_loops (0)
----------------------------
 There are 0 combinational latch loops in the design through latch input



------------------------------------------------------------------------------------------------
| Design Timing Summary
| ---------------------
------------------------------------------------------------------------------------------------

    WNS(ns)      TNS(ns)  TNS Failing Endpoints  TNS Total Endpoints      WHS(ns)      THS(ns)  THS Failing Endpoints  THS Total Endpoints     WPWS(ns)     TPWS(ns)  TPWS Failing Endpoints  TPWS Total Endpoints  
    -------      -------  ---------------------  -------------------      -------      -------  ---------------------  -------------------     --------     --------  ----------------------  --------------------  
      2.452        0.000                      0                19579        0.073        0.000                      0                19579        4.020        0.000                       0                  9268  


All user specified timing constraints are met.


------------------------------------------------------------------------------------------------
| Clock Summary
| -------------
------------------------------------------------------------------------------------------------

Clock    Waveform(ns)       Period(ns)      Frequency(MHz)
-----    ------------       ----------      --------------
default  {0.000 5.000}      10.000          100.000         


------------------------------------------------------------------------------------------------
| Intra Clock Table
| -----------------
------------------------------------------------------------------------------------------------

Clock             WNS(ns)      TNS(ns)  TNS Failing Endpoints  TNS Total Endpoints      WHS(ns)      THS(ns)  THS Failing Endpoints  THS Total Endpoints     WPWS(ns)     TPWS(ns)  TPWS Failing Endpoints  TPWS Total Endpoints  
-----             -------      -------  ---------------------  -------------------      -------      -------  ---------------------  -------------------     --------     --------  ----------------------  --------------------  
default             2.452        0.000                      0                19579        0.073        0.000                      0                19579        4.020        0.000                       0                  9268  


------------------------------------------------------------------------------------------------
| Inter Clock Table
| -----------------
------------------------------------------------------------------------------------------------

From Clock    To Clock          WNS(ns)      TNS(ns)  TNS Failing Endpoints  TNS Total Endpoints      WHS(ns)      THS(ns)  THS Failing Endpoints  THS Total Endpoints  
----------    --------          -------      -------  ---------------------  -------------------      -------      -------  ---------------------  -------------------  


------------------------------------------------------------------------------------------------
| Other Path Groups Table
| -----------------------
------------------------------------------------------------------------------------------------

Path Group    From Clock    To Clock          WNS(ns)      TNS(ns)  TNS Failing Endpoints  TNS Total Endpoints      WHS(ns)      THS(ns)  THS Failing Endpoints  THS Total Endpoints  
----------    ----------    --------          -------      -------  ---------------------  -------------------      -------      -------  ---------------------  -------------------  


------------------------------------------------------------------------------------------------
| Timing Details
| --------------
------------------------------------------------------------------------------------------------


---------------------------------------------------------------------------------------------------
From Clock:  default
  To Clock:  default

Setup :            0  Failing Endpoints,  Worst Slack        2.452ns,  Total Violation        0.000ns
Hold  :            0  Failing Endpoints,  Worst Slack        0.073ns,  Total Violation        0.000ns
PW    :            0  Failing Endpoints,  Worst Slack        4.020ns,  Total Violation        0.000ns
---------------------------------------------------------------------------------------------------


Max Delay Paths
--------------------------------------------------------------------------------------
Slack (MET) :             2.452ns  (required time - arrival time)
  Source:                 ccsds_wavelet_transform/ccsds_wavelet_transform_ccsds_wavelet_transform_Pipeline_VITIS_LOOP_55_1/ccsds_wavelet_transform_dadd_64ns_64ns_64_7_full_dsp_1/ccsds_wavelet_transform_dadd_64ns_64ns_64_7_full_dsp_1_ip_121/<hidden>/<hidden>/<hidden>/<hidden>/<hidden>/<hidden>/<hidden>/<hidden>
                            (rising edge-triggered cell FDRE clocked by default  {rise@0.000ns fall@5.000ns period=10.000ns})
  Destination:            ccsds_wavelet_transform/ccsds_wavelet_transform_ccsds_wavelet_transform_Pipeline_VITIS_LOOP_55_1/ccsds_wavelet_transform_dadd_64ns_64ns_64_7_full_dsp_1/ccsds_wavelet_transform_dadd_64ns_64ns_64_7_full_dsp_1_ip_121/<hidden>/<hidden>/<hidden>/<hidden>/<hidden>
                            (rising edge-triggered cell FDRE clocked by default  {rise@0.000ns fall@5.000ns period=10.000ns})
  Path Group:             default
  Path Type:              Setup (Max at Slow Process Corner)
  Requirement:            10.000ns  (default rise@10.000ns - default rise@0.000ns)
  Data Path Delay:        7.443ns  (logic 4.761ns (63.962%)  route 2.682ns (36.038%))
  Logic Levels:           7  (CARRY4=4 DSP48E1=1 LUT3=1 LUT6=1)
  Clock Path Skew:        -0.145ns (DCD - SCD + CPR)
    Destination Clock Delay (DCD):    2.078ns = ( 12.078 - 10.000 ) 
    Source Clock Delay      (SCD):    2.406ns
    Clock Pessimism Removal (CPR):    0.183ns
  Clock Uncertainty:      0.035ns  ((TSJ^2 + TIJ^2)^1/2 + DJ) / 2 + PE
    Total System Jitter     (TSJ):    0.071ns
    Total Input Jitter      (TIJ):    0.000ns
    Discrete Jitter          (DJ):    0.000ns
    Phase Error              (PE):    0.000ns

    Location             Delay type                Incr(ns)  Path(ns)    Netlist Resource(s)
  -------------------------------------------------------------------    -------------------
                         (clock default rise edge)    0.000     0.000 r  
                                                      0.000     0.000 r  ap_clk (IN)
                         net (fo=0)                   0.000     0.000    ap_clk
                         IBUF (Prop_ibuf_I_O)         0.921     0.921 r  ap_clk_IBUF_inst/O
                         net (fo=1, unplaced)         0.800     1.721    ap_clk_IBUF
                         BUFG (Prop_bufg_I_O)         0.101     1.822 r  ap_clk_IBUF_BUFG_inst/O
                         net (fo=9281, unplaced)      0.584     2.406    ccsds_wavelet_transform/ccsds_wavelet_transform_ccsds_wavelet_transform_Pipeline_VITIS_LOOP_55_1/ccsds_wavelet_transform_dadd_64ns_64ns_64_7_full_dsp_1/ccsds_wavelet_transform_dadd_64ns_64ns_64_7_full_dsp_1_ip_121/<hidden>/<hidden>/<hidden>/<hidden>/<hidden>/<hidden>/<hidden>/<hidden>
                         FDRE                                         r  ccsds_wavelet_transform/ccsds_wavelet_transform_ccsds_wavelet_transform_Pipeline_VITIS_LOOP_55_1/ccsds_wavelet_transform_dadd_64ns_64ns_64_7_full_dsp_1/ccsds_wavelet_transform_dadd_64ns_64ns_64_7_full_dsp_1_ip_121/<hidden>/<hidden>/<hidden>/<hidden>/<hidden>/<hidden>/<hidden>/<hidden>
  -------------------------------------------------------------------    -------------------
                         FDRE (Prop_fdre_C_Q)         0.478     2.884 r  ccsds_wavelet_transform/ccsds_wavelet_transform_ccsds_wavelet_transform_Pipeline_VITIS_LOOP_55_1/ccsds_wavelet_transform_dadd_64ns_64ns_64_7_full_dsp_1/ccsds_wavelet_transform_dadd_64ns_64ns_64_7_full_dsp_1_ip_121/<hidden>/<hidden>/<hidden>/<hidden>/<hidden>/<hidden>/<hidden>/<hidden>
                         net (fo=1, unplaced)         0.741     3.625    ccsds_wavelet_transform/ccsds_wavelet_transform_ccsds_wavelet_transform_Pipeline_VITIS_LOOP_55_1/ccsds_wavelet_transform_dadd_64ns_64ns_64_7_full_dsp_1/ccsds_wavelet_transform_dadd_64ns_64ns_64_7_full_dsp_1_ip_121/<hidden>/<hidden>/<hidden>/<hidden>/<hidden>/<hidden>/<hidden>/<hidden>
                         LUT3 (Prop_lut3_I0_O)        0.295     3.920 r  ccsds_wavelet_transform/ccsds_wavelet_transform_ccsds_wavelet_transform_Pipeline_VITIS_LOOP_55_1/ccsds_wavelet_transform_dadd_64ns_64ns_64_7_full_dsp_1/ccsds_wavelet_transform_dadd_64ns_64ns_64_7_full_dsp_1_ip_121/<hidden>/<hidden>/<hidden>/<hidden>/<hidden>/<hidden>/<hidden>/<hidden>
                         net (fo=1, unplaced)         0.333     4.253    ccsds_wavelet_transform/ccsds_wavelet_transform_ccsds_wavelet_transform_Pipeline_VITIS_LOOP_55_1/ccsds_wavelet_transform_dadd_64ns_64ns_64_7_full_dsp_1/ccsds_wavelet_transform_dadd_64ns_64ns_64_7_full_dsp_1_ip_121/<hidden>/<hidden>/<hidden>/<hidden>/<hidden>/<hidden>/<hidden>/<hidden>
                         CARRY4 (Prop_carry4_CYINIT_CO[0])
                                                      0.591     4.844 r  ccsds_wavelet_transform/ccsds_wavelet_transform_ccsds_wavelet_transform_Pipeline_VITIS_LOOP_55_1/ccsds_wavelet_transform_dadd_64ns_64ns_64_7_full_dsp_1/ccsds_wavelet_transform_dadd_64ns_64ns_64_7_full_dsp_1_ip_121/<hidden>/<hidden>/<hidden>/<hidden>/<hidden>/<hidden>/<hidden>/<hidden>
                         net (fo=1, unplaced)         0.800     5.644    ccsds_wavelet_transform/ccsds_wavelet_transform_ccsds_wavelet_transform_Pipeline_VITIS_LOOP_55_1/ccsds_wavelet_transform_dadd_64ns_64ns_64_7_full_dsp_1/ccsds_wavelet_transform_dadd_64ns_64ns_64_7_full_dsp_1_ip_121/<hidden>/<hidden>/<hidden>/<hidden>/<hidden>/<hidden>/<hidden>
                         DSP48E1 (Prop_dsp48e1_B[1]_P[47])
                                                      2.306     7.950 r  ccsds_wavelet_transform/ccsds_wavelet_transform_ccsds_wavelet_transform_Pipeline_VITIS_LOOP_55_1/ccsds_wavelet_transform_dadd_64ns_64ns_64_7_full_dsp_1/ccsds_wavelet_transform_dadd_64ns_64ns_64_7_full_dsp_1_ip_121/<hidden>/<hidden>/<hidden>/<hidden>/<hidden>/<hidden>/<hidden>
                         net (fo=7, unplaced)         0.800     8.750    ccsds_wavelet_transform/ccsds_wavelet_transform_ccsds_wavelet_transform_Pipeline_VITIS_LOOP_55_1/ccsds_wavelet_transform_dadd_64ns_64ns_64_7_full_dsp_1/ccsds_wavelet_transform_dadd_64ns_64ns_64_7_full_dsp_1_ip_121/<hidden>/<hidden>/<hidden>/<hidden>/<hidden>/<hidden>/<hidden>
                         LUT6 (Prop_lut6_I3_O)        0.124     8.874 r  ccsds_wavelet_transform/ccsds_wavelet_transform_ccsds_wavelet_transform_Pipeline_VITIS_LOOP_55_1/ccsds_wavelet_transform_dadd_64ns_64ns_64_7_full_dsp_1/ccsds_wavelet_transform_dadd_64ns_64ns_64_7_full_dsp_1_ip_121/<hidden>/<hidden>/<hidden>/<hidden>/<hidden>/<hidden>/<hidden>
                         net (fo=1, unplaced)         0.000     8.874    ccsds_wavelet_transform/ccsds_wavelet_transform_ccsds_wavelet_transform_Pipeline_VITIS_LOOP_55_1/ccsds_wavelet_transform_dadd_64ns_64ns_64_7_full_dsp_1/ccsds_wavelet_transform_dadd_64ns_64ns_64_7_full_dsp_1_ip_121/<hidden>/<hidden>/<hidden>/<hidden>/<hidden>/<hidden>/<hidden>
                         CARRY4 (Prop_carry4_S[0]_CO[3])
                                                      0.513     9.387 r  ccsds_wavelet_transform/ccsds_wavelet_transform_ccsds_wavelet_transform_Pipeline_VITIS_LOOP_55_1/ccsds_wavelet_transform_dadd_64ns_64ns_64_7_full_dsp_1/ccsds_wavelet_transform_dadd_64ns_64ns_64_7_full_dsp_1_ip_121/<hidden>/<hidden>/<hidden>/<hidden>/<hidden>/<hidden>/<hidden>
                         net (fo=1, unplaced)         0.009     9.396    ccsds_wavelet_transform/ccsds_wavelet_transform_ccsds_wavelet_transform_Pipeline_VITIS_LOOP_55_1/ccsds_wavelet_transform_dadd_64ns_64ns_64_7_full_dsp_1/ccsds_wavelet_transform_dadd_64ns_64ns_64_7_full_dsp_1_ip_121/<hidden>/<hidden>/<hidden>/<hidden>/<hidden>/<hidden>/<hidden>
                         CARRY4 (Prop_carry4_CI_CO[3])
                                                      0.117     9.513 r  ccsds_wavelet_transform/ccsds_wavelet_transform_ccsds_wavelet_transform_Pipeline_VITIS_LOOP_55_1/ccsds_wavelet_transform_dadd_64ns_64ns_64_7_full_dsp_1/ccsds_wavelet_transform_dadd_64ns_64ns_64_7_full_dsp_1_ip_121/<hidden>/<hidden>/<hidden>/<hidden>/<hidden>/<hidden>/<hidden>
                         net (fo=1, unplaced)         0.000     9.513    ccsds_wavelet_transform/ccsds_wavelet_transform_ccsds_wavelet_transform_Pipeline_VITIS_LOOP_55_1/ccsds_wavelet_transform_dadd_64ns_64ns_64_7_full_dsp_1/ccsds_wavelet_transform_dadd_64ns_64ns_64_7_full_dsp_1_ip_121/<hidden>/<hidden>/<hidden>/<hidden>/<hidden>/<hidden>/<hidden>
                         CARRY4 (Prop_carry4_CI_O[1])
                                                      0.337     9.850 r  ccsds_wavelet_transform/ccsds_wavelet_transform_ccsds_wavelet_transform_Pipeline_VITIS_LOOP_55_1/ccsds_wavelet_transform_dadd_64ns_64ns_64_7_full_dsp_1/ccsds_wavelet_transform_dadd_64ns_64ns_64_7_full_dsp_1_ip_121/<hidden>/<hidden>/<hidden>/<hidden>/<hidden>/<hidden>/<hidden>
                         net (fo=1, unplaced)         0.000     9.850    ccsds_wavelet_transform/ccsds_wavelet_transform_ccsds_wavelet_transform_Pipeline_VITIS_LOOP_55_1/ccsds_wavelet_transform_dadd_64ns_64ns_64_7_full_dsp_1/ccsds_wavelet_transform_dadd_64ns_64ns_64_7_full_dsp_1_ip_121/<hidden>/<hidden>/<hidden>/<hidden>/<hidden>
                         FDRE                                         r  ccsds_wavelet_transform/ccsds_wavelet_transform_ccsds_wavelet_transform_Pipeline_VITIS_LOOP_55_1/ccsds_wavelet_transform_dadd_64ns_64ns_64_7_full_dsp_1/ccsds_wavelet_transform_dadd_64ns_64ns_64_7_full_dsp_1_ip_121/<hidden>/<hidden>/<hidden>/<hidden>/<hidden>
  -------------------------------------------------------------------    -------------------

                         (clock default rise edge)   10.000    10.000 r  
                                                      0.000    10.000 r  ap_clk (IN)
                         net (fo=0)                   0.000    10.000    ap_clk
                         IBUF (Prop_ibuf_I_O)         0.788    10.788 r  ap_clk_IBUF_inst/O
                         net (fo=1, unplaced)         0.760    11.548    ap_clk_IBUF
                         BUFG (Prop_bufg_I_O)         0.091    11.639 r  ap_clk_IBUF_BUFG_inst/O
                         net (fo=9281, unplaced)      0.439    12.078    ccsds_wavelet_transform/ccsds_wavelet_transform_ccsds_wavelet_transform_Pipeline_VITIS_LOOP_55_1/ccsds_wavelet_transform_dadd_64ns_64ns_64_7_full_dsp_1/ccsds_wavelet_transform_dadd_64ns_64ns_64_7_full_dsp_1_ip_121/<hidden>/<hidden>/<hidden>/<hidden>/<hidden>
                         FDRE                                         r  ccsds_wavelet_transform/ccsds_wavelet_transform_ccsds_wavelet_transform_Pipeline_VITIS_LOOP_55_1/ccsds_wavelet_transform_dadd_64ns_64ns_64_7_full_dsp_1/ccsds_wavelet_transform_dadd_64ns_64ns_64_7_full_dsp_1_ip_121/<hidden>/<hidden>/<hidden>/<hidden>/<hidden>
                         clock pessimism              0.183    12.261    
                         clock uncertainty           -0.035    12.226    
                         FDRE (Setup_fdre_C_D)        0.076    12.302    ccsds_wavelet_transform/ccsds_wavelet_transform_ccsds_wavelet_transform_Pipeline_VITIS_LOOP_55_1/ccsds_wavelet_transform_dadd_64ns_64ns_64_7_full_dsp_1/ccsds_wavelet_transform_dadd_64ns_64ns_64_7_full_dsp_1_ip_121/<hidden>/<hidden>/<hidden>/<hidden>/<hidden>
  -------------------------------------------------------------------
                         required time                         12.302    
                         arrival time                          -9.850    
  -------------------------------------------------------------------
                         slack                                  2.452    





Min Delay Paths
--------------------------------------------------------------------------------------
Slack (MET) :             0.073ns  (arrival time - required time)
  Source:                 gmem1_m_axi_U/store_unit_0/fifo_wreq/U_fifo_srl/dout_reg[64]/C
                            (rising edge-triggered cell FDRE clocked by default  {rise@0.000ns fall@5.000ns period=10.000ns})
  Destination:            gmem1_m_axi_U/store_unit_0/fifo_wrsp/U_fifo_srl/mem_reg[14][0]_srl15/D
                            (rising edge-triggered cell SRL16E clocked by default  {rise@0.000ns fall@5.000ns period=10.000ns})
  Path Group:             default
  Path Type:              Hold (Min at Fast Process Corner)
  Requirement:            0.000ns  (default rise@0.000ns - default rise@0.000ns)
  Data Path Delay:        0.282ns  (logic 0.131ns (46.470%)  route 0.151ns (53.530%))
  Logic Levels:           0  
  Clock Path Skew:        0.145ns (DCD - SCD - CPR)
    Destination Clock Delay (DCD):    0.982ns
    Source Clock Delay      (SCD):    0.628ns
    Clock Pessimism Removal (CPR):    0.209ns

    Location             Delay type                Incr(ns)  Path(ns)    Netlist Resource(s)
  -------------------------------------------------------------------    -------------------
                         (clock default rise edge)    0.000     0.000 r  
                                                      0.000     0.000 r  ap_clk (IN)
                         net (fo=0)                   0.000     0.000    ap_clk
                         IBUF (Prop_ibuf_I_O)         0.151     0.151 r  ap_clk_IBUF_inst/O
                         net (fo=1, unplaced)         0.337     0.488    ap_clk_IBUF
                         BUFG (Prop_bufg_I_O)         0.026     0.514 r  ap_clk_IBUF_BUFG_inst/O
                         net (fo=9281, unplaced)      0.114     0.628    gmem1_m_axi_U/store_unit_0/fifo_wreq/U_fifo_srl/ap_clk_IBUF_BUFG
                         FDRE                                         r  gmem1_m_axi_U/store_unit_0/fifo_wreq/U_fifo_srl/dout_reg[64]/C
  -------------------------------------------------------------------    -------------------
                         FDRE (Prop_fdre_C_Q)         0.131     0.759 r  gmem1_m_axi_U/store_unit_0/fifo_wreq/U_fifo_srl/dout_reg[64]/Q
                         net (fo=4, unplaced)         0.151     0.910    gmem1_m_axi_U/store_unit_0/fifo_wrsp/U_fifo_srl/Q[0]
                         SRL16E                                       r  gmem1_m_axi_U/store_unit_0/fifo_wrsp/U_fifo_srl/mem_reg[14][0]_srl15/D
  -------------------------------------------------------------------    -------------------

                         (clock default rise edge)    0.000     0.000 r  
                                                      0.000     0.000 r  ap_clk (IN)
                         net (fo=0)                   0.000     0.000    ap_clk
                         IBUF (Prop_ibuf_I_O)         0.339     0.339 r  ap_clk_IBUF_inst/O
                         net (fo=1, unplaced)         0.355     0.694    ap_clk_IBUF
                         BUFG (Prop_bufg_I_O)         0.029     0.723 r  ap_clk_IBUF_BUFG_inst/O
                         net (fo=9281, unplaced)      0.259     0.982    gmem1_m_axi_U/store_unit_0/fifo_wrsp/U_fifo_srl/ap_clk_IBUF_BUFG
                         SRL16E                                       r  gmem1_m_axi_U/store_unit_0/fifo_wrsp/U_fifo_srl/mem_reg[14][0]_srl15/CLK
                         clock pessimism             -0.209     0.773    
                         SRL16E (Hold_srl16e_CLK_D)
                                                      0.064     0.837    gmem1_m_axi_U/store_unit_0/fifo_wrsp/U_fifo_srl/mem_reg[14][0]_srl15
  -------------------------------------------------------------------
                         required time                         -0.837    
                         arrival time                           0.910    
  -------------------------------------------------------------------
                         slack                                  0.073    





Pulse Width Checks
--------------------------------------------------------------------------------------
Clock Name:         default
Waveform(ns):       { 0.000 5.000 }
Period(ns):         10.000
Sources:            { ap_clk }

Check Type        Corner  Lib Pin      Reference Pin  Required(ns)  Actual(ns)  Slack(ns)  Location  Pin
Min Period        n/a     DSP48E1/CLK  n/a            3.884         10.000      6.116                ccsds_wavelet_transform/ccsds_wavelet_transform_ccsds_wavelet_transform_Pipeline_VITIS_LOOP_55_1/ccsds_wavelet_transform_dmul_64ns_64ns_64_7_max_dsp_1/ccsds_wavelet_transform_dmul_64ns_64ns_64_7_max_dsp_1_ip_17/<hidden>/<hidden>/<hidden>/<hidden>/<hidden>/<hidden>
Low Pulse Width   Slow    SRL16E/CLK   n/a            0.980         5.000       4.020                bus_read/ost_ctrl_gen[0].fifo_burst/U_fifo_srl/mem_reg[14][0]_srl15/CLK
High Pulse Width  Slow    SRL16E/CLK   n/a            0.980         5.000       4.020                bus_read/ost_ctrl_gen[0].fifo_burst/U_fifo_srl/mem_reg[14][0]_srl15/CLK



