

================================================================
== Vitis HLS Report for 'cifar10_Pipeline_VITIS_LOOP_148_2'
================================================================
* Date:           Mon May  4 21:47:30 2026

* Version:        2025.2 (Build 6295257 on Nov 14 2025)
* Project:        proj_cifar10_multiple
* Solution:       fsolution (Vivado IP Flow Target)
* Product family: zynq
* Target device:  xc7z020-clg484-1


================================================================
== Performance Estimates
================================================================
+ Timing: 
    * Summary: 
    +--------+----------+----------+------------+
    |  Clock |  Target  | Estimated| Uncertainty|
    +--------+----------+----------+------------+
    |ap_clk  |  10.00 ns|  6.075 ns|     2.70 ns|
    +--------+----------+----------+------------+

+ Latency: 
    * Summary: 
    +---------+---------+----------+----------+-----+-----+-------------------+
    |  Latency (cycles) |  Latency (absolute) |  Interval |      Pipeline     |
    |   min   |   max   |    min   |    max   | min | max |        Type       |
    +---------+---------+----------+----------+-----+-----+-------------------+
    |        ?|        ?|         ?|         ?|    0|    0|  loop pipeline stp|
    +---------+---------+----------+----------+-----+-----+-------------------+

    + Detail: 
        * Instance: 
        N/A

        * Loop: 
        +--------------------+---------+---------+----------+-----------+-----------+------+----------+
        |                    |  Latency (cycles) | Iteration|  Initiation Interval  | Trip |          |
        |      Loop Name     |   min   |   max   |  Latency |  achieved |   target  | Count| Pipelined|
        +--------------------+---------+---------+----------+-----------+-----------+------+----------+
        |- VITIS_LOOP_148_2  |        ?|        ?|        18|         17|          1|     ?|       yes|
        +--------------------+---------+---------+----------+-----------+-----------+------+----------+

============================================================
+ Verbose Summary: Synthesis Manager
============================================================
InlineROM: 1
ExposeGlobal: 0
============================================================
+ Verbose Summary: CDFG Model
============================================================
IsTopModel: 0
ResetActiveHigh: 1
IsCombinational: 0
IsDatapathOnly: 0
HasWiredReturn: 1
HasMFsm: 2
HasVarLatency: 1
IsPipeline: 0
IsRtlPipelined: 0
IsInstanceOverlapped: 0
IsDontTouch: 0
HasImplIP: 0
IsGatedGlobalClock: 0

+ Individual pipeline summary: 
  * Pipeline-0: initiation interval (II) = 17, depth = 18


============================================================
+ Verbose Summary: Schedule
============================================================
* Number of FSM states : 18
* Pipeline : 1
  Pipeline-0 : II = 17, D = 18, States = { 1 2 3 4 5 6 7 8 9 10 11 12 13 14 15 16 17 18 }
* Dataflow Pipeline: 0

* FSM state transitions: 
1 --> 2 
2 --> 3 
3 --> 4 
4 --> 5 
5 --> 6 
6 --> 7 
7 --> 8 
8 --> 9 
9 --> 10 
10 --> 11 
11 --> 12 
12 --> 13 
13 --> 14 
14 --> 15 
15 --> 16 
16 --> 17 
17 --> 18 
18 --> 

* FSM state operations: 

State 1 <SV = 0> <Delay = 5.72>
ST_1 : Operation 21 [1/1] (0.00ns)   --->   "%i = alloca i32 1" [cpu_functions.cpp:148->cpu_functions.cpp:205]   --->   Operation 21 'alloca' 'i' <Predicate = true> <Delay = 0.00>
ST_1 : Operation 22 [1/1] (0.00ns)   --->   "%empty = alloca i32 1"   --->   Operation 22 'alloca' 'empty' <Predicate = true> <Delay = 0.00>
ST_1 : Operation 23 [1/1] (0.00ns)   --->   "%sum_values_0_lcssa_i_read = read i32 @_ssdm_op_Read.ap_auto.float, i32 %sum_values_0_lcssa_i"   --->   Operation 23 'read' 'sum_values_0_lcssa_i_read' <Predicate = true> <Delay = 0.00>
ST_1 : Operation 24 [1/1] (0.00ns)   --->   "%neurons_dense_2_size_read = read i32 @_ssdm_op_Read.ap_auto.i32, i32 %neurons_dense_2_size"   --->   Operation 24 'read' 'neurons_dense_2_size_read' <Predicate = true> <Delay = 0.00>
ST_1 : Operation 25 [1/1] (0.00ns)   --->   "%bitcast_ln148_read = read i32 @_ssdm_op_Read.ap_auto.float, i32 %bitcast_ln148"   --->   Operation 25 'read' 'bitcast_ln148_read' <Predicate = true> <Delay = 0.00>
ST_1 : Operation 26 [1/1] (1.58ns)   --->   "%store_ln0 = store i32 %bitcast_ln148_read, i32 %empty"   --->   Operation 26 'store' 'store_ln0' <Predicate = true> <Delay = 1.58>
ST_1 : Operation 27 [1/1] (1.58ns)   --->   "%store_ln148 = store i32 0, i32 %i" [cpu_functions.cpp:148->cpu_functions.cpp:205]   --->   Operation 27 'store' 'store_ln148' <Predicate = true> <Delay = 1.58>
ST_1 : Operation 28 [1/1] (0.00ns)   --->   "%br_ln0 = br void %for.inc12.i"   --->   Operation 28 'br' 'br_ln0' <Predicate = true> <Delay = 0.00>
ST_1 : Operation 29 [1/1] (0.00ns)   --->   "%i_3 = load i32 %i" [cpu_functions.cpp:148->cpu_functions.cpp:205]   --->   Operation 29 'load' 'i_3' <Predicate = true> <Delay = 0.00>
ST_1 : Operation 30 [1/1] (2.55ns)   --->   "%icmp_ln148 = icmp_eq  i32 %i_3, i32 %neurons_dense_2_size_read" [cpu_functions.cpp:148->cpu_functions.cpp:205]   --->   Operation 30 'icmp' 'icmp_ln148' <Predicate = true> <Delay = 2.55> <CoreInst = "Cmp">   --->   Core 9 'Cmp' <Latency = 0> <II = 1> <Delay = 2.55> <FuncUnit> <Opcode : 'seteq' 'setne' 'setle' 'setge' 'setlt' 'setgt'> <InPorts = 2> <OutPorts = 1>
ST_1 : Operation 31 [1/1] (2.55ns)   --->   "%add_ln148 = add i32 %i_3, i32 1" [cpu_functions.cpp:148->cpu_functions.cpp:205]   --->   Operation 31 'add' 'add_ln148' <Predicate = true> <Delay = 2.55> <CoreInst = "Adder">   --->   Core 1 'Adder' <Latency = 0> <II = 1> <Delay = 2.55> <FuncUnit> <Opcode : 'add' 'sub'> <InPorts = 2> <OutPorts = 1>
ST_1 : Operation 32 [1/1] (0.00ns)   --->   "%br_ln148 = br i1 %icmp_ln148, void %for.inc12.i.split, void %_Z7softmaxPKfPfi.exit.loopexit.exitStub" [cpu_functions.cpp:148->cpu_functions.cpp:205]   --->   Operation 32 'br' 'br_ln148' <Predicate = true> <Delay = 0.00>
ST_1 : Operation 33 [1/1] (1.58ns)   --->   "%store_ln148 = store i32 %add_ln148, i32 %i" [cpu_functions.cpp:148->cpu_functions.cpp:205]   --->   Operation 33 'store' 'store_ln148' <Predicate = (!icmp_ln148)> <Delay = 1.58>
ST_1 : Operation 55 [1/1] (0.00ns)   --->   "%p_load = load i32 %empty"   --->   Operation 55 'load' 'p_load' <Predicate = (icmp_ln148)> <Delay = 0.00>
ST_1 : Operation 56 [1/1] (0.00ns)   --->   "%write_ln0 = write void @_ssdm_op_Write.ap_auto.floatP0A, i32 %p_out, i32 %p_load"   --->   Operation 56 'write' 'write_ln0' <Predicate = (icmp_ln148)> <Delay = 0.00>
ST_1 : Operation 57 [1/1] (1.58ns)   --->   "%ret_ln0 = ret"   --->   Operation 57 'ret' 'ret_ln0' <Predicate = (icmp_ln148)> <Delay = 1.58>

State 2 <SV = 1> <Delay = 6.07>
ST_2 : Operation 34 [1/1] (0.00ns)   --->   "%p_load4 = load i32 %empty" [cpu_functions.cpp:150->cpu_functions.cpp:205]   --->   Operation 34 'load' 'p_load4' <Predicate = (!icmp_ln148)> <Delay = 0.00>
ST_2 : Operation 35 [16/16] (6.07ns)   --->   "%div_i2 = fdiv i32 %p_load4, i32 %sum_values_0_lcssa_i_read" [cpu_functions.cpp:150->cpu_functions.cpp:205]   --->   Operation 35 'fdiv' 'div_i2' <Predicate = (!icmp_ln148)> <Delay = 6.07> <CoreInst = "FDiv">   --->   Core 20 'FDiv' <Latency = 15> <II = 1> <Delay = 6.07> <FuncUnit> <Opcode : 'fdiv' 'frem'> <InPorts = 2> <OutPorts = 1>

State 3 <SV = 2> <Delay = 6.07>
ST_3 : Operation 36 [15/16] (6.07ns)   --->   "%div_i2 = fdiv i32 %p_load4, i32 %sum_values_0_lcssa_i_read" [cpu_functions.cpp:150->cpu_functions.cpp:205]   --->   Operation 36 'fdiv' 'div_i2' <Predicate = (!icmp_ln148)> <Delay = 6.07> <CoreInst = "FDiv">   --->   Core 20 'FDiv' <Latency = 15> <II = 1> <Delay = 6.07> <FuncUnit> <Opcode : 'fdiv' 'frem'> <InPorts = 2> <OutPorts = 1>

State 4 <SV = 3> <Delay = 6.07>
ST_4 : Operation 37 [14/16] (6.07ns)   --->   "%div_i2 = fdiv i32 %p_load4, i32 %sum_values_0_lcssa_i_read" [cpu_functions.cpp:150->cpu_functions.cpp:205]   --->   Operation 37 'fdiv' 'div_i2' <Predicate = (!icmp_ln148)> <Delay = 6.07> <CoreInst = "FDiv">   --->   Core 20 'FDiv' <Latency = 15> <II = 1> <Delay = 6.07> <FuncUnit> <Opcode : 'fdiv' 'frem'> <InPorts = 2> <OutPorts = 1>

State 5 <SV = 4> <Delay = 6.07>
ST_5 : Operation 38 [13/16] (6.07ns)   --->   "%div_i2 = fdiv i32 %p_load4, i32 %sum_values_0_lcssa_i_read" [cpu_functions.cpp:150->cpu_functions.cpp:205]   --->   Operation 38 'fdiv' 'div_i2' <Predicate = (!icmp_ln148)> <Delay = 6.07> <CoreInst = "FDiv">   --->   Core 20 'FDiv' <Latency = 15> <II = 1> <Delay = 6.07> <FuncUnit> <Opcode : 'fdiv' 'frem'> <InPorts = 2> <OutPorts = 1>

State 6 <SV = 5> <Delay = 6.07>
ST_6 : Operation 39 [12/16] (6.07ns)   --->   "%div_i2 = fdiv i32 %p_load4, i32 %sum_values_0_lcssa_i_read" [cpu_functions.cpp:150->cpu_functions.cpp:205]   --->   Operation 39 'fdiv' 'div_i2' <Predicate = (!icmp_ln148)> <Delay = 6.07> <CoreInst = "FDiv">   --->   Core 20 'FDiv' <Latency = 15> <II = 1> <Delay = 6.07> <FuncUnit> <Opcode : 'fdiv' 'frem'> <InPorts = 2> <OutPorts = 1>

State 7 <SV = 6> <Delay = 6.07>
ST_7 : Operation 40 [11/16] (6.07ns)   --->   "%div_i2 = fdiv i32 %p_load4, i32 %sum_values_0_lcssa_i_read" [cpu_functions.cpp:150->cpu_functions.cpp:205]   --->   Operation 40 'fdiv' 'div_i2' <Predicate = (!icmp_ln148)> <Delay = 6.07> <CoreInst = "FDiv">   --->   Core 20 'FDiv' <Latency = 15> <II = 1> <Delay = 6.07> <FuncUnit> <Opcode : 'fdiv' 'frem'> <InPorts = 2> <OutPorts = 1>

State 8 <SV = 7> <Delay = 6.07>
ST_8 : Operation 41 [10/16] (6.07ns)   --->   "%div_i2 = fdiv i32 %p_load4, i32 %sum_values_0_lcssa_i_read" [cpu_functions.cpp:150->cpu_functions.cpp:205]   --->   Operation 41 'fdiv' 'div_i2' <Predicate = (!icmp_ln148)> <Delay = 6.07> <CoreInst = "FDiv">   --->   Core 20 'FDiv' <Latency = 15> <II = 1> <Delay = 6.07> <FuncUnit> <Opcode : 'fdiv' 'frem'> <InPorts = 2> <OutPorts = 1>

State 9 <SV = 8> <Delay = 6.07>
ST_9 : Operation 42 [9/16] (6.07ns)   --->   "%div_i2 = fdiv i32 %p_load4, i32 %sum_values_0_lcssa_i_read" [cpu_functions.cpp:150->cpu_functions.cpp:205]   --->   Operation 42 'fdiv' 'div_i2' <Predicate = (!icmp_ln148)> <Delay = 6.07> <CoreInst = "FDiv">   --->   Core 20 'FDiv' <Latency = 15> <II = 1> <Delay = 6.07> <FuncUnit> <Opcode : 'fdiv' 'frem'> <InPorts = 2> <OutPorts = 1>

State 10 <SV = 9> <Delay = 6.07>
ST_10 : Operation 43 [8/16] (6.07ns)   --->   "%div_i2 = fdiv i32 %p_load4, i32 %sum_values_0_lcssa_i_read" [cpu_functions.cpp:150->cpu_functions.cpp:205]   --->   Operation 43 'fdiv' 'div_i2' <Predicate = (!icmp_ln148)> <Delay = 6.07> <CoreInst = "FDiv">   --->   Core 20 'FDiv' <Latency = 15> <II = 1> <Delay = 6.07> <FuncUnit> <Opcode : 'fdiv' 'frem'> <InPorts = 2> <OutPorts = 1>

State 11 <SV = 10> <Delay = 6.07>
ST_11 : Operation 44 [7/16] (6.07ns)   --->   "%div_i2 = fdiv i32 %p_load4, i32 %sum_values_0_lcssa_i_read" [cpu_functions.cpp:150->cpu_functions.cpp:205]   --->   Operation 44 'fdiv' 'div_i2' <Predicate = (!icmp_ln148)> <Delay = 6.07> <CoreInst = "FDiv">   --->   Core 20 'FDiv' <Latency = 15> <II = 1> <Delay = 6.07> <FuncUnit> <Opcode : 'fdiv' 'frem'> <InPorts = 2> <OutPorts = 1>

State 12 <SV = 11> <Delay = 6.07>
ST_12 : Operation 45 [6/16] (6.07ns)   --->   "%div_i2 = fdiv i32 %p_load4, i32 %sum_values_0_lcssa_i_read" [cpu_functions.cpp:150->cpu_functions.cpp:205]   --->   Operation 45 'fdiv' 'div_i2' <Predicate = (!icmp_ln148)> <Delay = 6.07> <CoreInst = "FDiv">   --->   Core 20 'FDiv' <Latency = 15> <II = 1> <Delay = 6.07> <FuncUnit> <Opcode : 'fdiv' 'frem'> <InPorts = 2> <OutPorts = 1>

State 13 <SV = 12> <Delay = 6.07>
ST_13 : Operation 46 [5/16] (6.07ns)   --->   "%div_i2 = fdiv i32 %p_load4, i32 %sum_values_0_lcssa_i_read" [cpu_functions.cpp:150->cpu_functions.cpp:205]   --->   Operation 46 'fdiv' 'div_i2' <Predicate = (!icmp_ln148)> <Delay = 6.07> <CoreInst = "FDiv">   --->   Core 20 'FDiv' <Latency = 15> <II = 1> <Delay = 6.07> <FuncUnit> <Opcode : 'fdiv' 'frem'> <InPorts = 2> <OutPorts = 1>

State 14 <SV = 13> <Delay = 6.07>
ST_14 : Operation 47 [4/16] (6.07ns)   --->   "%div_i2 = fdiv i32 %p_load4, i32 %sum_values_0_lcssa_i_read" [cpu_functions.cpp:150->cpu_functions.cpp:205]   --->   Operation 47 'fdiv' 'div_i2' <Predicate = (!icmp_ln148)> <Delay = 6.07> <CoreInst = "FDiv">   --->   Core 20 'FDiv' <Latency = 15> <II = 1> <Delay = 6.07> <FuncUnit> <Opcode : 'fdiv' 'frem'> <InPorts = 2> <OutPorts = 1>

State 15 <SV = 14> <Delay = 6.07>
ST_15 : Operation 48 [3/16] (6.07ns)   --->   "%div_i2 = fdiv i32 %p_load4, i32 %sum_values_0_lcssa_i_read" [cpu_functions.cpp:150->cpu_functions.cpp:205]   --->   Operation 48 'fdiv' 'div_i2' <Predicate = (!icmp_ln148)> <Delay = 6.07> <CoreInst = "FDiv">   --->   Core 20 'FDiv' <Latency = 15> <II = 1> <Delay = 6.07> <FuncUnit> <Opcode : 'fdiv' 'frem'> <InPorts = 2> <OutPorts = 1>

State 16 <SV = 15> <Delay = 6.07>
ST_16 : Operation 49 [2/16] (6.07ns)   --->   "%div_i2 = fdiv i32 %p_load4, i32 %sum_values_0_lcssa_i_read" [cpu_functions.cpp:150->cpu_functions.cpp:205]   --->   Operation 49 'fdiv' 'div_i2' <Predicate = (!icmp_ln148)> <Delay = 6.07> <CoreInst = "FDiv">   --->   Core 20 'FDiv' <Latency = 15> <II = 1> <Delay = 6.07> <FuncUnit> <Opcode : 'fdiv' 'frem'> <InPorts = 2> <OutPorts = 1>

State 17 <SV = 16> <Delay = 6.07>
ST_17 : Operation 50 [1/16] (6.07ns)   --->   "%div_i2 = fdiv i32 %p_load4, i32 %sum_values_0_lcssa_i_read" [cpu_functions.cpp:150->cpu_functions.cpp:205]   --->   Operation 50 'fdiv' 'div_i2' <Predicate = (!icmp_ln148)> <Delay = 6.07> <CoreInst = "FDiv">   --->   Core 20 'FDiv' <Latency = 15> <II = 1> <Delay = 6.07> <FuncUnit> <Opcode : 'fdiv' 'frem'> <InPorts = 2> <OutPorts = 1>

State 18 <SV = 17> <Delay = 1.58>
ST_18 : Operation 51 [1/1] (0.00ns)   --->   "%specpipeline_ln148 = specpipeline void @_ssdm_op_SpecPipeline, i32 4294967295, i32 0, i32 0, i32 0, i32 4294967295, void @empty_2" [cpu_functions.cpp:148->cpu_functions.cpp:205]   --->   Operation 51 'specpipeline' 'specpipeline_ln148' <Predicate = true> <Delay = 0.00>
ST_18 : Operation 52 [1/1] (0.00ns)   --->   "%specloopname_ln148 = specloopname void @_ssdm_op_SpecLoopName, void @empty_4" [cpu_functions.cpp:148->cpu_functions.cpp:205]   --->   Operation 52 'specloopname' 'specloopname_ln148' <Predicate = true> <Delay = 0.00>
ST_18 : Operation 53 [1/1] (1.58ns)   --->   "%store_ln150 = store i32 %div_i2, i32 %empty" [cpu_functions.cpp:150->cpu_functions.cpp:205]   --->   Operation 53 'store' 'store_ln150' <Predicate = true> <Delay = 1.58>
ST_18 : Operation 54 [1/1] (0.00ns)   --->   "%br_ln148 = br void %for.inc12.i" [cpu_functions.cpp:148->cpu_functions.cpp:205]   --->   Operation 54 'br' 'br_ln148' <Predicate = true> <Delay = 0.00>


============================================================
+ Verbose Summary: Timing violations
============================================================
Target clock period: 10.000ns, clock uncertainty: 2.700ns.

 <State 1>: 5.728ns
The critical path consists of the following:
	'store' operation ('store_ln148', cpu_functions.cpp:148->cpu_functions.cpp:205) of constant 0 32 bit on local variable 'i', cpu_functions.cpp:148->cpu_functions.cpp:205 [11]  (1.588 ns)
	'load' operation 32 bit ('i', cpu_functions.cpp:148->cpu_functions.cpp:205) on local variable 'i', cpu_functions.cpp:148->cpu_functions.cpp:205 [14]  (0.000 ns)
	'icmp' operation 1 bit ('icmp_ln148', cpu_functions.cpp:148->cpu_functions.cpp:205) [15]  (2.552 ns)
	'store' operation ('store_ln148', cpu_functions.cpp:148->cpu_functions.cpp:205) of variable 'add_ln148', cpu_functions.cpp:148->cpu_functions.cpp:205 32 bit on local variable 'i', cpu_functions.cpp:148->cpu_functions.cpp:205 [24]  (1.588 ns)

 <State 2>: 6.075ns
The critical path consists of the following:
	'load' operation 32 bit ('p_load4', cpu_functions.cpp:150->cpu_functions.cpp:205) on local variable 'empty' [19]  (0.000 ns)
	'fdiv' operation 32 bit ('div_i2', cpu_functions.cpp:150->cpu_functions.cpp:205) [22]  (6.075 ns)

 <State 3>: 6.075ns
The critical path consists of the following:
	'fdiv' operation 32 bit ('div_i2', cpu_functions.cpp:150->cpu_functions.cpp:205) [22]  (6.075 ns)

 <State 4>: 6.075ns
The critical path consists of the following:
	'fdiv' operation 32 bit ('div_i2', cpu_functions.cpp:150->cpu_functions.cpp:205) [22]  (6.075 ns)

 <State 5>: 6.075ns
The critical path consists of the following:
	'fdiv' operation 32 bit ('div_i2', cpu_functions.cpp:150->cpu_functions.cpp:205) [22]  (6.075 ns)

 <State 6>: 6.075ns
The critical path consists of the following:
	'fdiv' operation 32 bit ('div_i2', cpu_functions.cpp:150->cpu_functions.cpp:205) [22]  (6.075 ns)

 <State 7>: 6.075ns
The critical path consists of the following:
	'fdiv' operation 32 bit ('div_i2', cpu_functions.cpp:150->cpu_functions.cpp:205) [22]  (6.075 ns)

 <State 8>: 6.075ns
The critical path consists of the following:
	'fdiv' operation 32 bit ('div_i2', cpu_functions.cpp:150->cpu_functions.cpp:205) [22]  (6.075 ns)

 <State 9>: 6.075ns
The critical path consists of the following:
	'fdiv' operation 32 bit ('div_i2', cpu_functions.cpp:150->cpu_functions.cpp:205) [22]  (6.075 ns)

 <State 10>: 6.075ns
The critical path consists of the following:
	'fdiv' operation 32 bit ('div_i2', cpu_functions.cpp:150->cpu_functions.cpp:205) [22]  (6.075 ns)

 <State 11>: 6.075ns
The critical path consists of the following:
	'fdiv' operation 32 bit ('div_i2', cpu_functions.cpp:150->cpu_functions.cpp:205) [22]  (6.075 ns)

 <State 12>: 6.075ns
The critical path consists of the following:
	'fdiv' operation 32 bit ('div_i2', cpu_functions.cpp:150->cpu_functions.cpp:205) [22]  (6.075 ns)

 <State 13>: 6.075ns
The critical path consists of the following:
	'fdiv' operation 32 bit ('div_i2', cpu_functions.cpp:150->cpu_functions.cpp:205) [22]  (6.075 ns)

 <State 14>: 6.075ns
The critical path consists of the following:
	'fdiv' operation 32 bit ('div_i2', cpu_functions.cpp:150->cpu_functions.cpp:205) [22]  (6.075 ns)

 <State 15>: 6.075ns
The critical path consists of the following:
	'fdiv' operation 32 bit ('div_i2', cpu_functions.cpp:150->cpu_functions.cpp:205) [22]  (6.075 ns)

 <State 16>: 6.075ns
The critical path consists of the following:
	'fdiv' operation 32 bit ('div_i2', cpu_functions.cpp:150->cpu_functions.cpp:205) [22]  (6.075 ns)

 <State 17>: 6.075ns
The critical path consists of the following:
	'fdiv' operation 32 bit ('div_i2', cpu_functions.cpp:150->cpu_functions.cpp:205) [22]  (6.075 ns)

 <State 18>: 1.588ns
The critical path consists of the following:
	'store' operation ('store_ln150', cpu_functions.cpp:150->cpu_functions.cpp:205) of variable 'div_i2', cpu_functions.cpp:150->cpu_functions.cpp:205 32 bit on local variable 'empty' [23]  (1.588 ns)


============================================================
+ Verbose Summary: Binding
============================================================
N/A
* FSMD analyzer results:
  - Output states:
 - Input state : 
  - Chain level:
	State 1
	State 2
	State 3
	State 4
	State 5
	State 6
	State 7
	State 8
	State 9
	State 10
	State 11
	State 12
	State 13
	State 14
	State 15
	State 16
	State 17
	State 18


============================================================
+ Verbose Summary: Datapath Resource usage 
============================================================
N/A
