

================================================================
== Vitis HLS Report for 'cifar10_Pipeline_VITIS_LOOP_94_3_VITIS_LOOP_96_43'
================================================================
* Date:           Mon May  4 21:47:30 2026

* Version:        2025.2 (Build 6295257 on Nov 14 2025)
* Project:        proj_cifar10_multiple
* Solution:       fsolution (Vivado IP Flow Target)
* Product family: zynq
* Target device:  xc7z020-clg484-1


================================================================
== Performance Estimates
================================================================
+ Timing: 
    * Summary: 
    +--------+----------+----------+------------+
    |  Clock |  Target  | Estimated| Uncertainty|
    +--------+----------+----------+------------+
    |ap_clk  |  10.00 ns|  7.107 ns|     2.70 ns|
    +--------+----------+----------+------------+

+ Latency: 
    * Summary: 
    +---------+---------+----------+----------+-----+-----+-------------------+
    |  Latency (cycles) |  Latency (absolute) |  Interval |      Pipeline     |
    |   min   |   max   |    min   |    max   | min | max |        Type       |
    +---------+---------+----------+----------+-----+-----+-------------------+
    |        ?|        ?|         ?|         ?|    0|    0|  loop pipeline stp|
    +---------+---------+----------+----------+-----+-----+-------------------+

    + Detail: 
        * Instance: 
        N/A

        * Loop: 
        +-----------------------------------+---------+---------+----------+-----------+-----------+------+----------+
        |                                   |  Latency (cycles) | Iteration|  Initiation Interval  | Trip |          |
        |             Loop Name             |   min   |   max   |  Latency |  achieved |   target  | Count| Pipelined|
        +-----------------------------------+---------+---------+----------+-----------+-----------+------+----------+
        |- VITIS_LOOP_94_3_VITIS_LOOP_96_4  |        ?|        ?|         3|          2|          1|     ?|       yes|
        +-----------------------------------+---------+---------+----------+-----------+-----------+------+----------+

============================================================
+ Verbose Summary: Synthesis Manager
============================================================
InlineROM: 1
ExposeGlobal: 0
============================================================
+ Verbose Summary: CDFG Model
============================================================
IsTopModel: 0
ResetActiveHigh: 1
IsCombinational: 0
IsDatapathOnly: 0
HasWiredReturn: 1
HasMFsm: 2
HasVarLatency: 1
IsPipeline: 0
IsRtlPipelined: 0
IsInstanceOverlapped: 0
IsDontTouch: 0
HasImplIP: 0
IsGatedGlobalClock: 0

+ Individual pipeline summary: 
  * Pipeline-0: initiation interval (II) = 2, depth = 4


============================================================
+ Verbose Summary: Schedule
============================================================
* Number of FSM states : 4
* Pipeline : 1
  Pipeline-0 : II = 2, D = 4, States = { 1 2 3 4 }
* Dataflow Pipeline: 0

* FSM state transitions: 
1 --> 2 
2 --> 3 
3 --> 4 
4 --> 

* FSM state operations: 

State 1 <SV = 0> <Delay = 1.58>
ST_1 : Operation 6 [1/1] (0.00ns)   --->   "%p_a = alloca i32 1" [cpu_functions.cpp:98->cpu_functions.cpp:190]   --->   Operation 6 'alloca' 'p_a' <Predicate = true> <Delay = 0.00>
ST_1 : Operation 7 [1/1] (0.00ns)   --->   "%indvar_flatten41 = alloca i32 1"   --->   Operation 7 'alloca' 'indvar_flatten41' <Predicate = true> <Delay = 0.00>
ST_1 : Operation 8 [1/1] (0.00ns)   --->   "%tmp = read i23 @_ssdm_op_Read.ap_auto.i23, i23 %empty"   --->   Operation 8 'read' 'tmp' <Predicate = true> <Delay = 0.00>
ST_1 : Operation 9 [1/1] (0.00ns)   --->   "%conv_2_output_load_1_read = read i31 @_ssdm_op_Read.ap_auto.i31, i31 %conv_2_output_load_1"   --->   Operation 9 'read' 'conv_2_output_load_1_read' <Predicate = true> <Delay = 0.00>
ST_1 : Operation 10 [1/1] (0.00ns)   --->   "%mul_ln155_3_read = read i64 @_ssdm_op_Read.ap_auto.i64, i64 %mul_ln155_3"   --->   Operation 10 'read' 'mul_ln155_3_read' <Predicate = true> <Delay = 0.00>
ST_1 : Operation 11 [1/1] (0.00ns)   --->   "%max_value_7_read = read i32 @_ssdm_op_Read.ap_auto.float, i32 %max_value_7"   --->   Operation 11 'read' 'max_value_7_read' <Predicate = true> <Delay = 0.00>
ST_1 : Operation 12 [1/1] (1.58ns)   --->   "%store_ln0 = store i64 0, i64 %indvar_flatten41"   --->   Operation 12 'store' 'store_ln0' <Predicate = true> <Delay = 1.58>
ST_1 : Operation 13 [1/1] (1.58ns)   --->   "%store_ln98 = store i32 %max_value_7_read, i32 %p_a" [cpu_functions.cpp:98->cpu_functions.cpp:190]   --->   Operation 13 'store' 'store_ln98' <Predicate = true> <Delay = 1.58>
ST_1 : Operation 14 [1/1] (0.00ns)   --->   "%br_ln0 = br void %for.body12.i104"   --->   Operation 14 'br' 'br_ln0' <Predicate = true> <Delay = 0.00>

State 2 <SV = 1> <Delay = 5.43>
ST_2 : Operation 15 [1/1] (0.00ns)   --->   "%indvar_flatten41_load = load i64 %indvar_flatten41" [cpu_functions.cpp:94->cpu_functions.cpp:190]   --->   Operation 15 'load' 'indvar_flatten41_load' <Predicate = true> <Delay = 0.00>
ST_2 : Operation 16 [1/1] (3.52ns)   --->   "%icmp_ln94 = icmp_eq  i64 %indvar_flatten41_load, i64 %mul_ln155_3_read" [cpu_functions.cpp:94->cpu_functions.cpp:190]   --->   Operation 16 'icmp' 'icmp_ln94' <Predicate = true> <Delay = 3.52> <CoreInst = "Cmp">   --->   Core 9 'Cmp' <Latency = 0> <II = 1> <Delay = 3.52> <FuncUnit> <Opcode : 'seteq' 'setne' 'setle' 'setge' 'setlt' 'setgt'> <InPorts = 2> <OutPorts = 1>
ST_2 : Operation 17 [1/1] (3.52ns)   --->   "%add_ln94 = add i64 %indvar_flatten41_load, i64 1" [cpu_functions.cpp:94->cpu_functions.cpp:190]   --->   Operation 17 'add' 'add_ln94' <Predicate = true> <Delay = 3.52> <CoreInst = "Adder">   --->   Core 1 'Adder' <Latency = 0> <II = 1> <Delay = 3.52> <FuncUnit> <Opcode : 'add' 'sub'> <InPorts = 2> <OutPorts = 1>
ST_2 : Operation 18 [1/1] (0.00ns)   --->   "%br_ln94 = br i1 %icmp_ln94, void %for.inc20.i107, void %for.inc28.i117.exitStub" [cpu_functions.cpp:94->cpu_functions.cpp:190]   --->   Operation 18 'br' 'br_ln94' <Predicate = true> <Delay = 0.00>
ST_2 : Operation 19 [1/1] (0.00ns)   --->   "%p_a_load_1 = load i32 %p_a" [cpu_functions.cpp:98->cpu_functions.cpp:190]   --->   Operation 19 'load' 'p_a_load_1' <Predicate = (!icmp_ln94)> <Delay = 0.00>
ST_2 : Operation 20 [1/1] (0.00ns)   --->   "%bitcast_ln98 = bitcast i32 %p_a_load_1" [cpu_functions.cpp:98->cpu_functions.cpp:190]   --->   Operation 20 'bitcast' 'bitcast_ln98' <Predicate = (!icmp_ln94)> <Delay = 0.00>
ST_2 : Operation 21 [1/1] (0.00ns)   --->   "%tmp_21 = partselect i8 @_ssdm_op_PartSelect.i8.i32.i32.i32, i32 %bitcast_ln98, i32 23, i32 30" [cpu_functions.cpp:98->cpu_functions.cpp:190]   --->   Operation 21 'partselect' 'tmp_21' <Predicate = (!icmp_ln94)> <Delay = 0.00>
ST_2 : Operation 22 [1/1] (0.00ns)   --->   "%trunc_ln98 = trunc i32 %bitcast_ln98" [cpu_functions.cpp:98->cpu_functions.cpp:190]   --->   Operation 22 'trunc' 'trunc_ln98' <Predicate = (!icmp_ln94)> <Delay = 0.00>
ST_2 : Operation 23 [1/1] (0.00ns)   --->   "%tmp_24 = partselect i8 @_ssdm_op_PartSelect.i8.i31.i32.i32, i31 %conv_2_output_load_1_read, i32 23, i32 30" [cpu_functions.cpp:98->cpu_functions.cpp:190]   --->   Operation 23 'partselect' 'tmp_24' <Predicate = (!icmp_ln94)> <Delay = 0.00>
ST_2 : Operation 24 [1/1] (1.91ns)   --->   "%icmp_ln98 = icmp_ne  i8 %tmp_21, i8 255" [cpu_functions.cpp:98->cpu_functions.cpp:190]   --->   Operation 24 'icmp' 'icmp_ln98' <Predicate = (!icmp_ln94)> <Delay = 1.91> <CoreInst = "Cmp">   --->   Core 9 'Cmp' <Latency = 0> <II = 1> <Delay = 1.91> <FuncUnit> <Opcode : 'seteq' 'setne' 'setle' 'setge' 'setlt' 'setgt'> <InPorts = 2> <OutPorts = 1>
ST_2 : Operation 25 [1/1] (2.28ns)   --->   "%icmp_ln98_1 = icmp_eq  i23 %trunc_ln98, i23 0" [cpu_functions.cpp:98->cpu_functions.cpp:190]   --->   Operation 25 'icmp' 'icmp_ln98_1' <Predicate = (!icmp_ln94)> <Delay = 2.28> <CoreInst = "Cmp">   --->   Core 9 'Cmp' <Latency = 0> <II = 1> <Delay = 2.28> <FuncUnit> <Opcode : 'seteq' 'setne' 'setle' 'setge' 'setlt' 'setgt'> <InPorts = 2> <OutPorts = 1>
ST_2 : Operation 26 [1/1] (1.91ns)   --->   "%icmp_ln98_2 = icmp_ne  i8 %tmp_24, i8 255" [cpu_functions.cpp:98->cpu_functions.cpp:190]   --->   Operation 26 'icmp' 'icmp_ln98_2' <Predicate = (!icmp_ln94)> <Delay = 1.91> <CoreInst = "Cmp">   --->   Core 9 'Cmp' <Latency = 0> <II = 1> <Delay = 1.91> <FuncUnit> <Opcode : 'seteq' 'setne' 'setle' 'setge' 'setlt' 'setgt'> <InPorts = 2> <OutPorts = 1>
ST_2 : Operation 27 [1/1] (2.28ns)   --->   "%icmp_ln98_3 = icmp_eq  i23 %tmp, i23 0" [cpu_functions.cpp:98->cpu_functions.cpp:190]   --->   Operation 27 'icmp' 'icmp_ln98_3' <Predicate = (!icmp_ln94)> <Delay = 2.28> <CoreInst = "Cmp">   --->   Core 9 'Cmp' <Latency = 0> <II = 1> <Delay = 2.28> <FuncUnit> <Opcode : 'seteq' 'setne' 'setle' 'setge' 'setlt' 'setgt'> <InPorts = 2> <OutPorts = 1>
ST_2 : Operation 28 [2/2] (5.43ns)   --->   "%tmp_25 = fcmp_ogt  i32 %p_a_load_1, i32 %max_value_7_read" [cpu_functions.cpp:98->cpu_functions.cpp:190]   --->   Operation 28 'fcmp' 'tmp_25' <Predicate = (!icmp_ln94)> <Delay = 5.43> <CoreInst = "FCompare">   --->   Core 19 'FCompare' <Latency = 1> <II = 1> <Delay = 5.43> <FuncUnit> <Opcode : 'fcmp'> <InPorts = 2> <OutPorts = 1>
ST_2 : Operation 29 [1/1] (1.58ns)   --->   "%store_ln94 = store i64 %add_ln94, i64 %indvar_flatten41" [cpu_functions.cpp:94->cpu_functions.cpp:190]   --->   Operation 29 'store' 'store_ln94' <Predicate = (!icmp_ln94)> <Delay = 1.58>
ST_2 : Operation 40 [1/1] (0.00ns)   --->   "%p_a_load = load i32 %p_a"   --->   Operation 40 'load' 'p_a_load' <Predicate = (icmp_ln94)> <Delay = 0.00>
ST_2 : Operation 41 [1/1] (0.00ns)   --->   "%write_ln0 = write void @_ssdm_op_Write.ap_auto.floatP0A, i32 %max_value_9_out, i32 %p_a_load"   --->   Operation 41 'write' 'write_ln0' <Predicate = (icmp_ln94)> <Delay = 0.00>
ST_2 : Operation 42 [1/1] (1.58ns)   --->   "%ret_ln0 = ret"   --->   Operation 42 'ret' 'ret_ln0' <Predicate = (icmp_ln94)> <Delay = 1.58>

State 3 <SV = 2> <Delay = 7.10>
ST_3 : Operation 30 [1/1] (0.00ns) (grouped into LUT with out node and_ln98_1)   --->   "%or_ln98 = or i1 %icmp_ln98_1, i1 %icmp_ln98" [cpu_functions.cpp:98->cpu_functions.cpp:190]   --->   Operation 30 'or' 'or_ln98' <Predicate = (!icmp_ln94)> <Delay = 0.00> <CoreInst = "LogicGate">   --->   Core 74 'LogicGate' <Latency = 0> <II = 1> <Delay = 0.97> <FuncUnit> <Opcode : 'and' 'or' 'xor'> <InPorts = 2> <OutPorts = 1>
ST_3 : Operation 31 [1/1] (0.00ns) (grouped into LUT with out node and_ln98_1)   --->   "%or_ln98_1 = or i1 %icmp_ln98_3, i1 %icmp_ln98_2" [cpu_functions.cpp:98->cpu_functions.cpp:190]   --->   Operation 31 'or' 'or_ln98_1' <Predicate = (!icmp_ln94)> <Delay = 0.00> <CoreInst = "LogicGate">   --->   Core 74 'LogicGate' <Latency = 0> <II = 1> <Delay = 0.97> <FuncUnit> <Opcode : 'and' 'or' 'xor'> <InPorts = 2> <OutPorts = 1>
ST_3 : Operation 32 [1/2] (5.43ns)   --->   "%tmp_25 = fcmp_ogt  i32 %p_a_load_1, i32 %max_value_7_read" [cpu_functions.cpp:98->cpu_functions.cpp:190]   --->   Operation 32 'fcmp' 'tmp_25' <Predicate = (!icmp_ln94)> <Delay = 5.43> <CoreInst = "FCompare">   --->   Core 19 'FCompare' <Latency = 1> <II = 1> <Delay = 5.43> <FuncUnit> <Opcode : 'fcmp'> <InPorts = 2> <OutPorts = 1>
ST_3 : Operation 33 [1/1] (0.00ns) (grouped into LUT with out node and_ln98_1)   --->   "%and_ln98 = and i1 %tmp_25, i1 %or_ln98_1" [cpu_functions.cpp:98->cpu_functions.cpp:190]   --->   Operation 33 'and' 'and_ln98' <Predicate = (!icmp_ln94)> <Delay = 0.00> <CoreInst = "LogicGate">   --->   Core 74 'LogicGate' <Latency = 0> <II = 1> <Delay = 0.97> <FuncUnit> <Opcode : 'and' 'or' 'xor'> <InPorts = 2> <OutPorts = 1>
ST_3 : Operation 34 [1/1] (0.97ns) (out node of the LUT)   --->   "%and_ln98_1 = and i1 %and_ln98, i1 %or_ln98" [cpu_functions.cpp:98->cpu_functions.cpp:190]   --->   Operation 34 'and' 'and_ln98_1' <Predicate = (!icmp_ln94)> <Delay = 0.97> <CoreInst = "LogicGate">   --->   Core 74 'LogicGate' <Latency = 0> <II = 1> <Delay = 0.97> <FuncUnit> <Opcode : 'and' 'or' 'xor'> <InPorts = 2> <OutPorts = 1>
ST_3 : Operation 35 [1/1] (0.69ns) (out node of the LUT)   --->   "%max_value = select i1 %and_ln98_1, i32 %p_a_load_1, i32 %max_value_7_read" [cpu_functions.cpp:98->cpu_functions.cpp:190]   --->   Operation 35 'select' 'max_value' <Predicate = (!icmp_ln94)> <Delay = 0.69> <CoreInst = "Sel">   --->   Core 73 'Sel' <Latency = 0> <II = 1> <Delay = 0.69> <FuncUnit> <Opcode : 'select'> <InPorts = 3> <OutPorts = 1>

State 4 <SV = 3> <Delay = 7.01>
ST_4 : Operation 36 [1/1] (0.00ns)   --->   "%specloopname_ln0 = specloopname void @_ssdm_op_SpecLoopName, void @VITIS_LOOP_94_3_VITIS_LOOP_96_4_str"   --->   Operation 36 'specloopname' 'specloopname_ln0' <Predicate = true> <Delay = 0.00>
ST_4 : Operation 37 [1/1] (0.00ns)   --->   "%specpipeline_ln88 = specpipeline void @_ssdm_op_SpecPipeline, i32 4294967295, i32 0, i32 0, i32 0, i32 4294967295, void @empty_2" [cpu_functions.cpp:88->cpu_functions.cpp:190]   --->   Operation 37 'specpipeline' 'specpipeline_ln88' <Predicate = true> <Delay = 0.00>
ST_4 : Operation 38 [1/1] (1.58ns)   --->   "%store_ln98 = store i32 %max_value, i32 %p_a" [cpu_functions.cpp:98->cpu_functions.cpp:190]   --->   Operation 38 'store' 'store_ln98' <Predicate = true> <Delay = 1.58>
ST_4 : Operation 39 [1/1] (0.00ns)   --->   "%br_ln96 = br void %for.body12.i104" [cpu_functions.cpp:96->cpu_functions.cpp:190]   --->   Operation 39 'br' 'br_ln96' <Predicate = true> <Delay = 0.00>


============================================================
+ Verbose Summary: Timing violations
============================================================
Target clock period: 10.000ns, clock uncertainty: 2.700ns.

 <State 1>: 1.588ns
The critical path consists of the following:
	'alloca' operation 64 bit ('indvar_flatten41') [7]  (0.000 ns)
	'store' operation ('store_ln0') of constant 0 64 bit on local variable 'indvar_flatten41' [12]  (1.588 ns)

 <State 2>: 5.431ns
The critical path consists of the following:
	'load' operation 32 bit ('p_a_load_1', cpu_functions.cpp:98->cpu_functions.cpp:190) on local variable '_a', cpu_functions.cpp:98->cpu_functions.cpp:190 [21]  (0.000 ns)
	'fcmp' operation 1 bit ('tmp_25', cpu_functions.cpp:98->cpu_functions.cpp:190) [34]  (5.431 ns)

 <State 3>: 7.107ns
The critical path consists of the following:
	'fcmp' operation 1 bit ('tmp_25', cpu_functions.cpp:98->cpu_functions.cpp:190) [34]  (5.431 ns)
	'and' operation 1 bit ('and_ln98', cpu_functions.cpp:98->cpu_functions.cpp:190) [35]  (0.000 ns)
	'and' operation 1 bit ('and_ln98_1', cpu_functions.cpp:98->cpu_functions.cpp:190) [36]  (0.978 ns)
	'select' operation 32 bit ('max_value', cpu_functions.cpp:98->cpu_functions.cpp:190) [37]  (0.698 ns)

 <State 4>: 7.019ns
The critical path consists of the following:
	'store' operation ('store_ln98', cpu_functions.cpp:98->cpu_functions.cpp:190) of variable 'max_value', cpu_functions.cpp:98->cpu_functions.cpp:190 32 bit on local variable '_a', cpu_functions.cpp:98->cpu_functions.cpp:190 [39]  (1.588 ns)
	'load' operation 32 bit ('p_a_load_1', cpu_functions.cpp:98->cpu_functions.cpp:190) on local variable '_a', cpu_functions.cpp:98->cpu_functions.cpp:190 [21]  (0.000 ns)
	'fcmp' operation 1 bit ('tmp_25', cpu_functions.cpp:98->cpu_functions.cpp:190) [34]  (5.431 ns)


============================================================
+ Verbose Summary: Binding
============================================================
N/A
* FSMD analyzer results:
  - Output states:
 - Input state : 
  - Chain level:
	State 1
	State 2
	State 3
	State 4


============================================================
+ Verbose Summary: Datapath Resource usage 
============================================================
N/A
