

================================================================
== Vitis HLS Report for 'cifar10_Pipeline_VITIS_LOOP_45_1_VITIS_LOOP_47_21'
================================================================
* Date:           Mon May  4 21:47:29 2026

* Version:        2025.2 (Build 6295257 on Nov 14 2025)
* Project:        proj_cifar10_multiple
* Solution:       fsolution (Vivado IP Flow Target)
* Product family: zynq
* Target device:  xc7z020-clg484-1


================================================================
== Performance Estimates
================================================================
+ Timing: 
    * Summary: 
    +--------+----------+----------+------------+
    |  Clock |  Target  | Estimated| Uncertainty|
    +--------+----------+----------+------------+
    |ap_clk  |  10.00 ns|  7.019 ns|     2.70 ns|
    +--------+----------+----------+------------+

+ Latency: 
    * Summary: 
    +---------+---------+----------+----------+-----+-----+-------------------+
    |  Latency (cycles) |  Latency (absolute) |  Interval |      Pipeline     |
    |   min   |   max   |    min   |    max   | min | max |        Type       |
    +---------+---------+----------+----------+-----+-----+-------------------+
    |        ?|        ?|         ?|         ?|    0|    0|  loop pipeline stp|
    +---------+---------+----------+----------+-----+-----+-------------------+

    + Detail: 
        * Instance: 
        N/A

        * Loop: 
        +-----------------------------------+---------+---------+----------+-----------+-----------+------+----------+
        |                                   |  Latency (cycles) | Iteration|  Initiation Interval  | Trip |          |
        |             Loop Name             |   min   |   max   |  Latency |  achieved |   target  | Count| Pipelined|
        +-----------------------------------+---------+---------+----------+-----------+-----------+------+----------+
        |- VITIS_LOOP_45_1_VITIS_LOOP_47_2  |        ?|        ?|         3|          2|          1|     ?|       yes|
        +-----------------------------------+---------+---------+----------+-----------+-----------+------+----------+

============================================================
+ Verbose Summary: Synthesis Manager
============================================================
InlineROM: 1
ExposeGlobal: 0
============================================================
+ Verbose Summary: CDFG Model
============================================================
IsTopModel: 0
ResetActiveHigh: 1
IsCombinational: 0
IsDatapathOnly: 0
HasWiredReturn: 1
HasMFsm: 2
HasVarLatency: 1
IsPipeline: 0
IsRtlPipelined: 0
IsInstanceOverlapped: 0
IsDontTouch: 0
HasImplIP: 0
IsGatedGlobalClock: 0

+ Individual pipeline summary: 
  * Pipeline-0: initiation interval (II) = 2, depth = 4


============================================================
+ Verbose Summary: Schedule
============================================================
* Number of FSM states : 4
* Pipeline : 1
  Pipeline-0 : II = 2, D = 4, States = { 1 2 3 4 }
* Dataflow Pipeline: 0

* FSM state transitions: 
1 --> 2 
2 --> 3 
3 --> 4 
4 --> 

* FSM state operations: 

State 1 <SV = 0> <Delay = 1.58>
ST_1 : Operation 6 [1/1] (0.00ns)   --->   "%empty = alloca i32 1"   --->   Operation 6 'alloca' 'empty' <Predicate = true> <Delay = 0.00>
ST_1 : Operation 7 [1/1] (0.00ns)   --->   "%indvar_flatten25 = alloca i32 1"   --->   Operation 7 'alloca' 'indvar_flatten25' <Predicate = true> <Delay = 0.00>
ST_1 : Operation 8 [1/1] (0.00ns)   --->   "%mul_ln155_2_read = read i64 @_ssdm_op_Read.ap_auto.i64, i64 %mul_ln155_2"   --->   Operation 8 'read' 'mul_ln155_2_read' <Predicate = true> <Delay = 0.00>
ST_1 : Operation 9 [1/1] (0.00ns)   --->   "%bitcast_ln45_read = read i32 @_ssdm_op_Read.ap_auto.float, i32 %bitcast_ln45"   --->   Operation 9 'read' 'bitcast_ln45_read' <Predicate = true> <Delay = 0.00>
ST_1 : Operation 10 [1/1] (1.58ns)   --->   "%store_ln0 = store i64 0, i64 %indvar_flatten25"   --->   Operation 10 'store' 'store_ln0' <Predicate = true> <Delay = 1.58>
ST_1 : Operation 11 [1/1] (1.58ns)   --->   "%store_ln0 = store i32 %bitcast_ln45_read, i32 %empty"   --->   Operation 11 'store' 'store_ln0' <Predicate = true> <Delay = 1.58>
ST_1 : Operation 12 [1/1] (0.00ns)   --->   "%br_ln0 = br void %for.body4.i34"   --->   Operation 12 'br' 'br_ln0' <Predicate = true> <Delay = 0.00>

State 2 <SV = 1> <Delay = 5.43>
ST_2 : Operation 13 [1/1] (0.00ns)   --->   "%indvar_flatten25_load = load i64 %indvar_flatten25" [cpu_functions.cpp:45->cpu_functions.cpp:183]   --->   Operation 13 'load' 'indvar_flatten25_load' <Predicate = true> <Delay = 0.00>
ST_2 : Operation 14 [1/1] (3.52ns)   --->   "%icmp_ln45 = icmp_eq  i64 %indvar_flatten25_load, i64 %mul_ln155_2_read" [cpu_functions.cpp:45->cpu_functions.cpp:183]   --->   Operation 14 'icmp' 'icmp_ln45' <Predicate = true> <Delay = 3.52> <CoreInst = "Cmp">   --->   Core 9 'Cmp' <Latency = 0> <II = 1> <Delay = 3.52> <FuncUnit> <Opcode : 'seteq' 'setne' 'setle' 'setge' 'setlt' 'setgt'> <InPorts = 2> <OutPorts = 1>
ST_2 : Operation 15 [1/1] (3.52ns)   --->   "%add_ln45 = add i64 %indvar_flatten25_load, i64 1" [cpu_functions.cpp:45->cpu_functions.cpp:183]   --->   Operation 15 'add' 'add_ln45' <Predicate = true> <Delay = 3.52> <CoreInst = "Adder">   --->   Core 1 'Adder' <Latency = 0> <II = 1> <Delay = 3.52> <FuncUnit> <Opcode : 'add' 'sub'> <InPorts = 2> <OutPorts = 1>
ST_2 : Operation 16 [1/1] (0.00ns)   --->   "%br_ln45 = br i1 %icmp_ln45, void %for.inc18.i45, void %for.inc.i68.preheader.exitStub" [cpu_functions.cpp:45->cpu_functions.cpp:183]   --->   Operation 16 'br' 'br_ln45' <Predicate = true> <Delay = 0.00>
ST_2 : Operation 17 [1/1] (0.00ns)   --->   "%p_load4 = load i32 %empty" [cpu_functions.cpp:49->cpu_functions.cpp:183]   --->   Operation 17 'load' 'p_load4' <Predicate = (!icmp_ln45)> <Delay = 0.00>
ST_2 : Operation 18 [2/2] (5.43ns)   --->   "%tmp_20 = fcmp_ogt  i32 %p_load4, i32 0" [cpu_functions.cpp:49->cpu_functions.cpp:183]   --->   Operation 18 'fcmp' 'tmp_20' <Predicate = (!icmp_ln45)> <Delay = 5.43> <CoreInst = "FCompare">   --->   Core 19 'FCompare' <Latency = 1> <II = 1> <Delay = 5.43> <FuncUnit> <Opcode : 'fcmp'> <InPorts = 2> <OutPorts = 1>
ST_2 : Operation 19 [1/1] (1.58ns)   --->   "%store_ln45 = store i64 %add_ln45, i64 %indvar_flatten25" [cpu_functions.cpp:45->cpu_functions.cpp:183]   --->   Operation 19 'store' 'store_ln45' <Predicate = (!icmp_ln45)> <Delay = 1.58>
ST_2 : Operation 33 [1/1] (0.00ns)   --->   "%p_load = load i32 %empty"   --->   Operation 33 'load' 'p_load' <Predicate = (icmp_ln45)> <Delay = 0.00>
ST_2 : Operation 34 [1/1] (0.00ns)   --->   "%write_ln0 = write void @_ssdm_op_Write.ap_auto.floatP0A, i32 %p_out, i32 %p_load"   --->   Operation 34 'write' 'write_ln0' <Predicate = (icmp_ln45)> <Delay = 0.00>
ST_2 : Operation 35 [1/1] (1.58ns)   --->   "%ret_ln0 = ret"   --->   Operation 35 'ret' 'ret_ln0' <Predicate = (icmp_ln45)> <Delay = 1.58>

State 3 <SV = 2> <Delay = 6.40>
ST_3 : Operation 20 [1/1] (0.00ns)   --->   "%bitcast_ln49 = bitcast i32 %p_load4" [cpu_functions.cpp:49->cpu_functions.cpp:183]   --->   Operation 20 'bitcast' 'bitcast_ln49' <Predicate = (!icmp_ln45)> <Delay = 0.00>
ST_3 : Operation 21 [1/1] (0.00ns)   --->   "%tmp_19 = partselect i8 @_ssdm_op_PartSelect.i8.i32.i32.i32, i32 %bitcast_ln49, i32 23, i32 30" [cpu_functions.cpp:49->cpu_functions.cpp:183]   --->   Operation 21 'partselect' 'tmp_19' <Predicate = (!icmp_ln45)> <Delay = 0.00>
ST_3 : Operation 22 [1/1] (0.00ns)   --->   "%trunc_ln49 = trunc i32 %bitcast_ln49" [cpu_functions.cpp:49->cpu_functions.cpp:183]   --->   Operation 22 'trunc' 'trunc_ln49' <Predicate = (!icmp_ln45)> <Delay = 0.00>
ST_3 : Operation 23 [1/1] (1.91ns)   --->   "%icmp_ln49 = icmp_ne  i8 %tmp_19, i8 255" [cpu_functions.cpp:49->cpu_functions.cpp:183]   --->   Operation 23 'icmp' 'icmp_ln49' <Predicate = (!icmp_ln45)> <Delay = 1.91> <CoreInst = "Cmp">   --->   Core 9 'Cmp' <Latency = 0> <II = 1> <Delay = 1.91> <FuncUnit> <Opcode : 'seteq' 'setne' 'setle' 'setge' 'setlt' 'setgt'> <InPorts = 2> <OutPorts = 1>
ST_3 : Operation 24 [1/1] (2.28ns)   --->   "%icmp_ln49_1 = icmp_eq  i23 %trunc_ln49, i23 0" [cpu_functions.cpp:49->cpu_functions.cpp:183]   --->   Operation 24 'icmp' 'icmp_ln49_1' <Predicate = (!icmp_ln45)> <Delay = 2.28> <CoreInst = "Cmp">   --->   Core 9 'Cmp' <Latency = 0> <II = 1> <Delay = 2.28> <FuncUnit> <Opcode : 'seteq' 'setne' 'setle' 'setge' 'setlt' 'setgt'> <InPorts = 2> <OutPorts = 1>
ST_3 : Operation 25 [1/1] (0.00ns) (grouped into LUT with out node select_ln49)   --->   "%or_ln49 = or i1 %icmp_ln49_1, i1 %icmp_ln49" [cpu_functions.cpp:49->cpu_functions.cpp:183]   --->   Operation 25 'or' 'or_ln49' <Predicate = (!icmp_ln45)> <Delay = 0.00> <CoreInst = "LogicGate">   --->   Core 74 'LogicGate' <Latency = 0> <II = 1> <Delay = 0.97> <FuncUnit> <Opcode : 'and' 'or' 'xor'> <InPorts = 2> <OutPorts = 1>
ST_3 : Operation 26 [1/2] (5.43ns)   --->   "%tmp_20 = fcmp_ogt  i32 %p_load4, i32 0" [cpu_functions.cpp:49->cpu_functions.cpp:183]   --->   Operation 26 'fcmp' 'tmp_20' <Predicate = (!icmp_ln45)> <Delay = 5.43> <CoreInst = "FCompare">   --->   Core 19 'FCompare' <Latency = 1> <II = 1> <Delay = 5.43> <FuncUnit> <Opcode : 'fcmp'> <InPorts = 2> <OutPorts = 1>
ST_3 : Operation 27 [1/1] (0.00ns) (grouped into LUT with out node select_ln49)   --->   "%and_ln49 = and i1 %or_ln49, i1 %tmp_20" [cpu_functions.cpp:49->cpu_functions.cpp:183]   --->   Operation 27 'and' 'and_ln49' <Predicate = (!icmp_ln45)> <Delay = 0.00> <CoreInst = "LogicGate">   --->   Core 74 'LogicGate' <Latency = 0> <II = 1> <Delay = 0.97> <FuncUnit> <Opcode : 'and' 'or' 'xor'> <InPorts = 2> <OutPorts = 1>
ST_3 : Operation 28 [1/1] (0.97ns) (out node of the LUT)   --->   "%select_ln49 = select i1 %and_ln49, i32 %p_load4, i32 0" [cpu_functions.cpp:49->cpu_functions.cpp:183]   --->   Operation 28 'select' 'select_ln49' <Predicate = (!icmp_ln45)> <Delay = 0.97> <CoreInst = "Sel">   --->   Core 73 'Sel' <Latency = 0> <II = 1> <Delay = 0.69> <FuncUnit> <Opcode : 'select'> <InPorts = 3> <OutPorts = 1>

State 4 <SV = 3> <Delay = 7.01>
ST_4 : Operation 29 [1/1] (0.00ns)   --->   "%specloopname_ln0 = specloopname void @_ssdm_op_SpecLoopName, void @VITIS_LOOP_45_1_VITIS_LOOP_47_2_str"   --->   Operation 29 'specloopname' 'specloopname_ln0' <Predicate = true> <Delay = 0.00>
ST_4 : Operation 30 [1/1] (0.00ns)   --->   "%specpipeline_ln47 = specpipeline void @_ssdm_op_SpecPipeline, i32 4294967295, i32 0, i32 0, i32 0, i32 4294967295, void @empty_2" [cpu_functions.cpp:47->cpu_functions.cpp:183]   --->   Operation 30 'specpipeline' 'specpipeline_ln47' <Predicate = true> <Delay = 0.00>
ST_4 : Operation 31 [1/1] (1.58ns)   --->   "%store_ln49 = store i32 %select_ln49, i32 %empty" [cpu_functions.cpp:49->cpu_functions.cpp:183]   --->   Operation 31 'store' 'store_ln49' <Predicate = true> <Delay = 1.58>
ST_4 : Operation 32 [1/1] (0.00ns)   --->   "%br_ln47 = br void %for.body4.i34" [cpu_functions.cpp:47->cpu_functions.cpp:183]   --->   Operation 32 'br' 'br_ln47' <Predicate = true> <Delay = 0.00>


============================================================
+ Verbose Summary: Timing violations
============================================================
Target clock period: 10.000ns, clock uncertainty: 2.700ns.

 <State 1>: 1.588ns
The critical path consists of the following:
	'alloca' operation 64 bit ('indvar_flatten25') [5]  (0.000 ns)
	'store' operation ('store_ln0') of constant 0 64 bit on local variable 'indvar_flatten25' [8]  (1.588 ns)

 <State 2>: 5.431ns
The critical path consists of the following:
	'load' operation 32 bit ('p_load4', cpu_functions.cpp:49->cpu_functions.cpp:183) on local variable 'empty' [17]  (0.000 ns)
	'fcmp' operation 1 bit ('tmp_20', cpu_functions.cpp:49->cpu_functions.cpp:183) [26]  (5.431 ns)

 <State 3>: 6.409ns
The critical path consists of the following:
	'fcmp' operation 1 bit ('tmp_20', cpu_functions.cpp:49->cpu_functions.cpp:183) [26]  (5.431 ns)
	'and' operation 1 bit ('and_ln49', cpu_functions.cpp:49->cpu_functions.cpp:183) [27]  (0.000 ns)
	'select' operation 32 bit ('select_ln49', cpu_functions.cpp:49->cpu_functions.cpp:183) [28]  (0.978 ns)

 <State 4>: 7.019ns
The critical path consists of the following:
	'store' operation ('store_ln49', cpu_functions.cpp:49->cpu_functions.cpp:183) of variable 'select_ln49', cpu_functions.cpp:49->cpu_functions.cpp:183 32 bit on local variable 'empty' [30]  (1.588 ns)
	'load' operation 32 bit ('p_load4', cpu_functions.cpp:49->cpu_functions.cpp:183) on local variable 'empty' [17]  (0.000 ns)
	'fcmp' operation 1 bit ('tmp_20', cpu_functions.cpp:49->cpu_functions.cpp:183) [26]  (5.431 ns)


============================================================
+ Verbose Summary: Binding
============================================================
N/A
* FSMD analyzer results:
  - Output states:
 - Input state : 
  - Chain level:
	State 1
	State 2
	State 3
	State 4


============================================================
+ Verbose Summary: Datapath Resource usage 
============================================================
N/A
