

================================================================
== Vitis HLS Report for 'cifar10_Pipeline_VITIS_LOOP_121_1_VITIS_LOOP_126_3'
================================================================
* Date:           Mon May  4 21:47:30 2026

* Version:        2025.2 (Build 6295257 on Nov 14 2025)
* Project:        proj_cifar10_multiple
* Solution:       fsolution (Vivado IP Flow Target)
* Product family: zynq
* Target device:  xc7z020-clg484-1


================================================================
== Performance Estimates
================================================================
+ Timing: 
    * Summary: 
    +--------+----------+----------+------------+
    |  Clock |  Target  | Estimated| Uncertainty|
    +--------+----------+----------+------------+
    |ap_clk  |  10.00 ns|  7.256 ns|     2.70 ns|
    +--------+----------+----------+------------+

+ Latency: 
    * Summary: 
    +---------+---------+----------+----------+-----+-----+-------------------+
    |  Latency (cycles) |  Latency (absolute) |  Interval |      Pipeline     |
    |   min   |   max   |    min   |    max   | min | max |        Type       |
    +---------+---------+----------+----------+-----+-----+-------------------+
    |        ?|        ?|         ?|         ?|    0|    0|  loop pipeline stp|
    +---------+---------+----------+----------+-----+-----+-------------------+

    + Detail: 
        * Instance: 
        N/A

        * Loop: 
        +-------------------------------------+---------+---------+----------+-----------+-----------+------+----------+
        |                                     |  Latency (cycles) | Iteration|  Initiation Interval  | Trip |          |
        |              Loop Name              |   min   |   max   |  Latency |  achieved |   target  | Count| Pipelined|
        +-------------------------------------+---------+---------+----------+-----------+-----------+------+----------+
        |- VITIS_LOOP_121_1_VITIS_LOOP_126_3  |        ?|        ?|         7|          6|          1|     ?|       yes|
        +-------------------------------------+---------+---------+----------+-----------+-----------+------+----------+

============================================================
+ Verbose Summary: Synthesis Manager
============================================================
InlineROM: 1
ExposeGlobal: 0
============================================================
+ Verbose Summary: CDFG Model
============================================================
IsTopModel: 0
ResetActiveHigh: 1
IsCombinational: 0
IsDatapathOnly: 0
HasWiredReturn: 1
HasMFsm: 2
HasVarLatency: 1
IsPipeline: 0
IsRtlPipelined: 0
IsInstanceOverlapped: 0
IsDontTouch: 0
HasImplIP: 0
IsGatedGlobalClock: 0

+ Individual pipeline summary: 
  * Pipeline-0: initiation interval (II) = 6, depth = 8


============================================================
+ Verbose Summary: Schedule
============================================================
* Number of FSM states : 8
* Pipeline : 1
  Pipeline-0 : II = 6, D = 8, States = { 1 2 3 4 5 6 7 8 }
* Dataflow Pipeline: 0

* FSM state transitions: 
1 --> 2 
2 --> 3 
3 --> 4 
4 --> 5 
5 --> 6 
6 --> 7 
7 --> 8 
8 --> 

* FSM state operations: 

State 1 <SV = 0> <Delay = 1.58>
ST_1 : Operation 10 [1/1] (0.00ns)   --->   "%acumulated = alloca i32 1" [cpu_functions.cpp:125->cpu_functions.cpp:193]   --->   Operation 10 'alloca' 'acumulated' <Predicate = true> <Delay = 0.00>
ST_1 : Operation 11 [1/1] (0.00ns)   --->   "%k = alloca i32 1" [cpu_functions.cpp:126->cpu_functions.cpp:193]   --->   Operation 11 'alloca' 'k' <Predicate = true> <Delay = 0.00>
ST_1 : Operation 12 [1/1] (0.00ns)   --->   "%indvar_flatten48 = alloca i32 1"   --->   Operation 12 'alloca' 'indvar_flatten48' <Predicate = true> <Delay = 0.00>
ST_1 : Operation 13 [1/1] (0.00ns)   --->   "%mul13_i_read = read i32 @_ssdm_op_Read.ap_auto.float, i32 %mul13_i"   --->   Operation 13 'read' 'mul13_i_read' <Predicate = true> <Delay = 0.00>
ST_1 : Operation 14 [1/1] (0.00ns)   --->   "%mul_ln161_read = read i32 @_ssdm_op_Read.ap_auto.i32, i32 %mul_ln161"   --->   Operation 14 'read' 'mul_ln161_read' <Predicate = true> <Delay = 0.00>
ST_1 : Operation 15 [1/1] (0.00ns)   --->   "%mul_ln155_4_read = read i64 @_ssdm_op_Read.ap_auto.i64, i64 %mul_ln155_4"   --->   Operation 15 'read' 'mul_ln155_4_read' <Predicate = true> <Delay = 0.00>
ST_1 : Operation 16 [1/1] (1.58ns)   --->   "%store_ln0 = store i64 0, i64 %indvar_flatten48"   --->   Operation 16 'store' 'store_ln0' <Predicate = true> <Delay = 1.58>
ST_1 : Operation 17 [1/1] (1.58ns)   --->   "%store_ln126 = store i32 0, i32 %k" [cpu_functions.cpp:126->cpu_functions.cpp:193]   --->   Operation 17 'store' 'store_ln126' <Predicate = true> <Delay = 1.58>
ST_1 : Operation 18 [1/1] (1.58ns)   --->   "%store_ln125 = store i32 0, i32 %acumulated" [cpu_functions.cpp:125->cpu_functions.cpp:193]   --->   Operation 18 'store' 'store_ln125' <Predicate = true> <Delay = 1.58>
ST_1 : Operation 19 [1/1] (0.00ns)   --->   "%br_ln0 = br void %for.inc.i130"   --->   Operation 19 'br' 'br_ln0' <Predicate = true> <Delay = 0.00>

State 2 <SV = 1> <Delay = 5.10>
ST_2 : Operation 20 [1/1] (0.00ns)   --->   "%indvar_flatten48_load = load i64 %indvar_flatten48" [cpu_functions.cpp:121->cpu_functions.cpp:193]   --->   Operation 20 'load' 'indvar_flatten48_load' <Predicate = true> <Delay = 0.00>
ST_2 : Operation 21 [1/1] (3.52ns)   --->   "%icmp_ln121 = icmp_eq  i64 %indvar_flatten48_load, i64 %mul_ln155_4_read" [cpu_functions.cpp:121->cpu_functions.cpp:193]   --->   Operation 21 'icmp' 'icmp_ln121' <Predicate = true> <Delay = 3.52> <CoreInst = "Cmp">   --->   Core 9 'Cmp' <Latency = 0> <II = 1> <Delay = 3.52> <FuncUnit> <Opcode : 'seteq' 'setne' 'setle' 'setge' 'setlt' 'setgt'> <InPorts = 2> <OutPorts = 1>
ST_2 : Operation 22 [1/1] (3.52ns)   --->   "%add_ln121 = add i64 %indvar_flatten48_load, i64 1" [cpu_functions.cpp:121->cpu_functions.cpp:193]   --->   Operation 22 'add' 'add_ln121' <Predicate = true> <Delay = 3.52> <CoreInst = "Adder">   --->   Core 1 'Adder' <Latency = 0> <II = 1> <Delay = 3.52> <FuncUnit> <Opcode : 'add' 'sub'> <InPorts = 2> <OutPorts = 1>
ST_2 : Operation 23 [1/1] (0.00ns)   --->   "%br_ln121 = br i1 %icmp_ln121, void %for.inc19.i, void %for.body.i.preheader.exitStub" [cpu_functions.cpp:121->cpu_functions.cpp:193]   --->   Operation 23 'br' 'br_ln121' <Predicate = true> <Delay = 0.00>
ST_2 : Operation 24 [1/1] (0.00ns)   --->   "%acumulated_load_2 = load i32 %acumulated" [cpu_functions.cpp:121->cpu_functions.cpp:193]   --->   Operation 24 'load' 'acumulated_load_2' <Predicate = (!icmp_ln121)> <Delay = 0.00>
ST_2 : Operation 25 [1/1] (0.00ns)   --->   "%k_load = load i32 %k" [cpu_functions.cpp:126->cpu_functions.cpp:193]   --->   Operation 25 'load' 'k_load' <Predicate = (!icmp_ln121)> <Delay = 0.00>
ST_2 : Operation 26 [1/1] (2.55ns)   --->   "%icmp_ln126 = icmp_eq  i32 %k_load, i32 %mul_ln161_read" [cpu_functions.cpp:126->cpu_functions.cpp:193]   --->   Operation 26 'icmp' 'icmp_ln126' <Predicate = (!icmp_ln121)> <Delay = 2.55> <CoreInst = "Cmp">   --->   Core 9 'Cmp' <Latency = 0> <II = 1> <Delay = 2.55> <FuncUnit> <Opcode : 'seteq' 'setne' 'setle' 'setge' 'setlt' 'setgt'> <InPorts = 2> <OutPorts = 1>
ST_2 : Operation 27 [1/1] (0.69ns)   --->   "%select_ln121 = select i1 %icmp_ln126, i32 0, i32 %acumulated_load_2" [cpu_functions.cpp:121->cpu_functions.cpp:193]   --->   Operation 27 'select' 'select_ln121' <Predicate = (!icmp_ln121)> <Delay = 0.69> <CoreInst = "Sel">   --->   Core 73 'Sel' <Latency = 0> <II = 1> <Delay = 0.69> <FuncUnit> <Opcode : 'select'> <InPorts = 3> <OutPorts = 1>
ST_2 : Operation 28 [1/1] (2.55ns)   --->   "%add_ln126 = add i32 %k_load, i32 1" [cpu_functions.cpp:126->cpu_functions.cpp:193]   --->   Operation 28 'add' 'add_ln126' <Predicate = (!icmp_ln121)> <Delay = 2.55> <CoreInst = "Adder">   --->   Core 1 'Adder' <Latency = 0> <II = 1> <Delay = 2.55> <FuncUnit> <Opcode : 'add' 'sub'> <InPorts = 2> <OutPorts = 1>
ST_2 : Operation 29 [1/1] (0.69ns)   --->   "%select_ln126 = select i1 %icmp_ln126, i32 1, i32 %add_ln126" [cpu_functions.cpp:126->cpu_functions.cpp:193]   --->   Operation 29 'select' 'select_ln126' <Predicate = (!icmp_ln121)> <Delay = 0.69> <CoreInst = "Sel">   --->   Core 73 'Sel' <Latency = 0> <II = 1> <Delay = 0.69> <FuncUnit> <Opcode : 'select'> <InPorts = 3> <OutPorts = 1>
ST_2 : Operation 30 [1/1] (1.58ns)   --->   "%store_ln121 = store i64 %add_ln121, i64 %indvar_flatten48" [cpu_functions.cpp:121->cpu_functions.cpp:193]   --->   Operation 30 'store' 'store_ln121' <Predicate = (!icmp_ln121)> <Delay = 1.58>
ST_2 : Operation 31 [1/1] (1.58ns)   --->   "%store_ln126 = store i32 %select_ln126, i32 %k" [cpu_functions.cpp:126->cpu_functions.cpp:193]   --->   Operation 31 'store' 'store_ln126' <Predicate = (!icmp_ln121)> <Delay = 1.58>
ST_2 : Operation 41 [1/1] (0.00ns)   --->   "%acumulated_load = load i32 %acumulated"   --->   Operation 41 'load' 'acumulated_load' <Predicate = (icmp_ln121)> <Delay = 0.00>
ST_2 : Operation 42 [1/1] (0.00ns)   --->   "%write_ln0 = write void @_ssdm_op_Write.ap_auto.floatP0A, i32 %acumulated_out, i32 %acumulated_load"   --->   Operation 42 'write' 'write_ln0' <Predicate = (icmp_ln121)> <Delay = 0.00>
ST_2 : Operation 43 [1/1] (1.58ns)   --->   "%ret_ln0 = ret"   --->   Operation 43 'ret' 'ret_ln0' <Predicate = (icmp_ln121)> <Delay = 1.58>

State 3 <SV = 2> <Delay = 7.25>
ST_3 : Operation 32 [5/5] (7.25ns)   --->   "%acumulated_1 = fadd i32 %select_ln121, i32 %mul13_i_read" [cpu_functions.cpp:128->cpu_functions.cpp:193]   --->   Operation 32 'fadd' 'acumulated_1' <Predicate = (!icmp_ln121)> <Delay = 7.25> <CoreInst = "FAddSub_fulldsp">   --->   Core 18 'FAddSub_fulldsp' <Latency = 4> <II = 1> <Delay = 7.25> <FuncUnit> <Opcode : 'fadd' 'fsub'> <InPorts = 2> <OutPorts = 1>

State 4 <SV = 3> <Delay = 7.25>
ST_4 : Operation 33 [4/5] (7.25ns)   --->   "%acumulated_1 = fadd i32 %select_ln121, i32 %mul13_i_read" [cpu_functions.cpp:128->cpu_functions.cpp:193]   --->   Operation 33 'fadd' 'acumulated_1' <Predicate = (!icmp_ln121)> <Delay = 7.25> <CoreInst = "FAddSub_fulldsp">   --->   Core 18 'FAddSub_fulldsp' <Latency = 4> <II = 1> <Delay = 7.25> <FuncUnit> <Opcode : 'fadd' 'fsub'> <InPorts = 2> <OutPorts = 1>

State 5 <SV = 4> <Delay = 7.25>
ST_5 : Operation 34 [3/5] (7.25ns)   --->   "%acumulated_1 = fadd i32 %select_ln121, i32 %mul13_i_read" [cpu_functions.cpp:128->cpu_functions.cpp:193]   --->   Operation 34 'fadd' 'acumulated_1' <Predicate = (!icmp_ln121)> <Delay = 7.25> <CoreInst = "FAddSub_fulldsp">   --->   Core 18 'FAddSub_fulldsp' <Latency = 4> <II = 1> <Delay = 7.25> <FuncUnit> <Opcode : 'fadd' 'fsub'> <InPorts = 2> <OutPorts = 1>

State 6 <SV = 5> <Delay = 7.25>
ST_6 : Operation 35 [2/5] (7.25ns)   --->   "%acumulated_1 = fadd i32 %select_ln121, i32 %mul13_i_read" [cpu_functions.cpp:128->cpu_functions.cpp:193]   --->   Operation 35 'fadd' 'acumulated_1' <Predicate = (!icmp_ln121)> <Delay = 7.25> <CoreInst = "FAddSub_fulldsp">   --->   Core 18 'FAddSub_fulldsp' <Latency = 4> <II = 1> <Delay = 7.25> <FuncUnit> <Opcode : 'fadd' 'fsub'> <InPorts = 2> <OutPorts = 1>

State 7 <SV = 6> <Delay = 7.25>
ST_7 : Operation 36 [1/5] (7.25ns)   --->   "%acumulated_1 = fadd i32 %select_ln121, i32 %mul13_i_read" [cpu_functions.cpp:128->cpu_functions.cpp:193]   --->   Operation 36 'fadd' 'acumulated_1' <Predicate = (!icmp_ln121)> <Delay = 7.25> <CoreInst = "FAddSub_fulldsp">   --->   Core 18 'FAddSub_fulldsp' <Latency = 4> <II = 1> <Delay = 7.25> <FuncUnit> <Opcode : 'fadd' 'fsub'> <InPorts = 2> <OutPorts = 1>

State 8 <SV = 7> <Delay = 2.28>
ST_8 : Operation 37 [1/1] (0.00ns)   --->   "%specloopname_ln0 = specloopname void @_ssdm_op_SpecLoopName, void @VITIS_LOOP_121_1_VITIS_LOOP_126_3_str"   --->   Operation 37 'specloopname' 'specloopname_ln0' <Predicate = true> <Delay = 0.00>
ST_8 : Operation 38 [1/1] (0.00ns)   --->   "%specpipeline_ln125 = specpipeline void @_ssdm_op_SpecPipeline, i32 4294967295, i32 0, i32 0, i32 0, i32 4294967295, void @empty_2" [cpu_functions.cpp:125->cpu_functions.cpp:193]   --->   Operation 38 'specpipeline' 'specpipeline_ln125' <Predicate = true> <Delay = 0.00>
ST_8 : Operation 39 [1/1] (1.58ns)   --->   "%store_ln125 = store i32 %acumulated_1, i32 %acumulated" [cpu_functions.cpp:125->cpu_functions.cpp:193]   --->   Operation 39 'store' 'store_ln125' <Predicate = true> <Delay = 1.58>
ST_8 : Operation 40 [1/1] (0.00ns)   --->   "%br_ln126 = br void %for.inc.i130" [cpu_functions.cpp:126->cpu_functions.cpp:193]   --->   Operation 40 'br' 'br_ln126' <Predicate = true> <Delay = 0.00>


============================================================
+ Verbose Summary: Timing violations
============================================================
Target clock period: 10.000ns, clock uncertainty: 2.700ns.

 <State 1>: 1.588ns
The critical path consists of the following:
	'alloca' operation 64 bit ('indvar_flatten48') [7]  (0.000 ns)
	'store' operation ('store_ln0') of constant 0 64 bit on local variable 'indvar_flatten48' [11]  (1.588 ns)

 <State 2>: 5.108ns
The critical path consists of the following:
	'load' operation 64 bit ('indvar_flatten48_load', cpu_functions.cpp:121->cpu_functions.cpp:193) on local variable 'indvar_flatten48' [16]  (0.000 ns)
	'icmp' operation 1 bit ('icmp_ln121', cpu_functions.cpp:121->cpu_functions.cpp:193) [17]  (3.520 ns)
	'store' operation ('store_ln121', cpu_functions.cpp:121->cpu_functions.cpp:193) of variable 'add_ln121', cpu_functions.cpp:121->cpu_functions.cpp:193 64 bit on local variable 'indvar_flatten48' [30]  (1.588 ns)

 <State 3>: 7.256ns
The critical path consists of the following:
	'fadd' operation 32 bit ('acumulated', cpu_functions.cpp:128->cpu_functions.cpp:193) [27]  (7.256 ns)

 <State 4>: 7.256ns
The critical path consists of the following:
	'fadd' operation 32 bit ('acumulated', cpu_functions.cpp:128->cpu_functions.cpp:193) [27]  (7.256 ns)

 <State 5>: 7.256ns
The critical path consists of the following:
	'fadd' operation 32 bit ('acumulated', cpu_functions.cpp:128->cpu_functions.cpp:193) [27]  (7.256 ns)

 <State 6>: 7.256ns
The critical path consists of the following:
	'fadd' operation 32 bit ('acumulated', cpu_functions.cpp:128->cpu_functions.cpp:193) [27]  (7.256 ns)

 <State 7>: 7.256ns
The critical path consists of the following:
	'fadd' operation 32 bit ('acumulated', cpu_functions.cpp:128->cpu_functions.cpp:193) [27]  (7.256 ns)

 <State 8>: 2.286ns
The critical path consists of the following:
	'store' operation ('store_ln125', cpu_functions.cpp:125->cpu_functions.cpp:193) of variable 'acumulated', cpu_functions.cpp:128->cpu_functions.cpp:193 32 bit on local variable 'acumulated', cpu_functions.cpp:125->cpu_functions.cpp:193 [32]  (1.588 ns)
	'load' operation 32 bit ('acumulated_load_2', cpu_functions.cpp:121->cpu_functions.cpp:193) on local variable 'acumulated', cpu_functions.cpp:125->cpu_functions.cpp:193 [21]  (0.000 ns)
	'select' operation 32 bit ('select_ln121', cpu_functions.cpp:121->cpu_functions.cpp:193) [25]  (0.698 ns)


============================================================
+ Verbose Summary: Binding
============================================================
N/A
* FSMD analyzer results:
  - Output states:
 - Input state : 
  - Chain level:
	State 1
	State 2
	State 3
	State 4
	State 5
	State 6
	State 7
	State 8


============================================================
+ Verbose Summary: Datapath Resource usage 
============================================================
N/A
