

================================================================
== Vitis HLS Report for 'cifar10_Pipeline_VITIS_LOOP_72_1'
================================================================
* Date:           Mon May  4 21:47:31 2026

* Version:        2025.2 (Build 6295257 on Nov 14 2025)
* Project:        proj_cifar10_multiple
* Solution:       fsolution (Vivado IP Flow Target)
* Product family: zynq
* Target device:  xc7z020-clg484-1


================================================================
== Performance Estimates
================================================================
+ Timing: 
    * Summary: 
    +--------+----------+----------+------------+
    |  Clock |  Target  | Estimated| Uncertainty|
    +--------+----------+----------+------------+
    |ap_clk  |  10.00 ns|  7.019 ns|     2.70 ns|
    +--------+----------+----------+------------+

+ Latency: 
    * Summary: 
    +---------+---------+-----------+----------+-----+-----+-------------------+
    |  Latency (cycles) |  Latency (absolute)  |  Interval |      Pipeline     |
    |   min   |   max   |    min    |    max   | min | max |        Type       |
    +---------+---------+-----------+----------+-----+-----+-------------------+
    |        4|        ?|  40.000 ns|         ?|    0|    0|  loop pipeline stp|
    +---------+---------+-----------+----------+-----+-----+-------------------+

    + Detail: 
        * Instance: 
        N/A

        * Loop: 
        +-------------------+---------+---------+----------+-----------+-----------+-------+----------+
        |                   |  Latency (cycles) | Iteration|  Initiation Interval  |  Trip |          |
        |     Loop Name     |   min   |   max   |  Latency |  achieved |   target  | Count | Pipelined|
        +-------------------+---------+---------+----------+-----------+-----------+-------+----------+
        |- VITIS_LOOP_72_1  |        2|        ?|         3|          2|          1|  1 ~ ?|       yes|
        +-------------------+---------+---------+----------+-----------+-----------+-------+----------+



================================================================
== Utilization Estimates
================================================================
* Summary: 
+-----------------+---------+-----+--------+-------+-----+
|       Name      | BRAM_18K| DSP |   FF   |  LUT  | URAM|
+-----------------+---------+-----+--------+-------+-----+
|DSP              |        -|    -|       -|      -|    -|
|Expression       |        -|    -|       0|    161|    -|
|FIFO             |        -|    -|       -|      -|    -|
|Instance         |        -|    -|       -|      -|    -|
|Memory           |        -|    -|       -|      -|    -|
|Multiplexer      |        -|    -|       0|     68|    -|
|Register         |        -|    -|     166|      -|    -|
+-----------------+---------+-----+--------+-------+-----+
|Total            |        0|    0|     166|    229|    0|
+-----------------+---------+-----+--------+-------+-----+
|Available        |      280|  220|  106400|  53200|    0|
+-----------------+---------+-----+--------+-------+-----+
|Utilization (%)  |        0|    0|      ~0|     ~0|    0|
+-----------------+---------+-----+--------+-------+-----+

+ Detail: 
    * Instance: 
    N/A

    * DSP: 
    N/A

    * Memory: 
    N/A

    * FIFO: 
    N/A

    * Expression: 
    +-----------------------+----------+----+---+----+------------+------------+
    |     Variable Name     | Operation| DSP| FF| LUT| Bitwidth P0| Bitwidth P1|
    +-----------------------+----------+----+---+----+------------+------------+
    |add_ln72_fu_100_p2     |         +|   0|  0|  39|          32|           1|
    |and_ln74_fu_150_p2     |       and|   0|  0|   2|           1|           1|
    |icmp_ln72_fu_95_p2     |      icmp|   0|  0|  39|          32|          32|
    |icmp_ln74_1_fu_138_p2  |      icmp|   0|  0|  30|          23|           1|
    |icmp_ln74_fu_132_p2    |      icmp|   0|  0|  15|           8|           2|
    |or_ln74_fu_144_p2      |        or|   0|  0|   2|           1|           1|
    |select_ln74_fu_156_p3  |    select|   0|  0|  32|           1|          32|
    |ap_enable_pp0          |       xor|   0|  0|   2|           1|           2|
    +-----------------------+----------+----+---+----+------------+------------+
    |Total                  |          |   0|  0| 161|          99|          72|
    +-----------------------+----------+----+---+----+------------+------------+

    * Multiplexer: 
    +-------------------------+----+-----------+-----+-----------+
    |           Name          | LUT| Input Size| Bits| Total Bits|
    +-------------------------+----+-----------+-----+-----------+
    |ap_NS_fsm                |  14|          3|    1|          3|
    |ap_done_int              |   9|          2|    1|          2|
    |ap_enable_reg_pp0_iter0  |   9|          2|    1|          2|
    |ap_enable_reg_pp0_iter1  |   9|          2|    1|          2|
    |ap_sig_allocacmp_p_load  |   9|          2|   32|         64|
    |empty_fu_54              |   9|          2|   32|         64|
    |i_fu_50                  |   9|          2|   32|         64|
    +-------------------------+----+-----------+-----+-----------+
    |Total                    |  68|         15|  100|        201|
    +-------------------------+----+-----------+-----+-----------+

    * Register: 
    +-----------------------------+----+----+-----+-----------+
    |             Name            | FF | LUT| Bits| Const Bits|
    +-----------------------------+----+----+-----+-----------+
    |ap_CS_fsm                    |   2|   0|    2|          0|
    |ap_done_reg                  |   1|   0|    1|          0|
    |ap_enable_reg_pp0_iter0_reg  |   1|   0|    1|          0|
    |ap_enable_reg_pp0_iter1      |   1|   0|    1|          0|
    |empty_fu_54                  |  32|   0|   32|          0|
    |i_fu_50                      |  32|   0|   32|          0|
    |icmp_ln72_reg_205            |   1|   0|    1|          0|
    |p_load_reg_209               |  32|   0|   32|          0|
    |p_phi39_fu_46                |  32|   0|   32|          0|
    |select_ln74_reg_216          |  32|   0|   32|          0|
    +-----------------------------+----+----+-----+-----------+
    |Total                        | 166|   0|  166|          0|
    +-----------------------------+----+----+-----+-----------+



================================================================
== Interface
================================================================
* Summary: 
+----------------------+-----+-----+------------+----------------------------------+--------------+
|       RTL Ports      | Dir | Bits|  Protocol  |           Source Object          |    C Type    |
+----------------------+-----+-----+------------+----------------------------------+--------------+
|ap_clk                |   in|    1|  ap_ctrl_hs|  cifar10_Pipeline_VITIS_LOOP_72_1|  return value|
|ap_rst                |   in|    1|  ap_ctrl_hs|  cifar10_Pipeline_VITIS_LOOP_72_1|  return value|
|ap_start              |   in|    1|  ap_ctrl_hs|  cifar10_Pipeline_VITIS_LOOP_72_1|  return value|
|ap_done               |  out|    1|  ap_ctrl_hs|  cifar10_Pipeline_VITIS_LOOP_72_1|  return value|
|ap_idle               |  out|    1|  ap_ctrl_hs|  cifar10_Pipeline_VITIS_LOOP_72_1|  return value|
|ap_ready              |  out|    1|  ap_ctrl_hs|  cifar10_Pipeline_VITIS_LOOP_72_1|  return value|
|grp_fu_1347_p_din0    |  out|   32|  ap_ctrl_hs|  cifar10_Pipeline_VITIS_LOOP_72_1|  return value|
|grp_fu_1347_p_din1    |  out|   32|  ap_ctrl_hs|  cifar10_Pipeline_VITIS_LOOP_72_1|  return value|
|grp_fu_1347_p_opcode  |  out|    5|  ap_ctrl_hs|  cifar10_Pipeline_VITIS_LOOP_72_1|  return value|
|grp_fu_1347_p_dout0   |   in|    1|  ap_ctrl_hs|  cifar10_Pipeline_VITIS_LOOP_72_1|  return value|
|grp_fu_1347_p_ce      |  out|    1|  ap_ctrl_hs|  cifar10_Pipeline_VITIS_LOOP_72_1|  return value|
|acumulated_reload     |   in|   32|     ap_none|                 acumulated_reload|        scalar|
|neurons_dense_1_size  |   in|   32|     ap_none|              neurons_dense_1_size|        scalar|
|p_phi39_out           |  out|   32|      ap_vld|                       p_phi39_out|       pointer|
|p_phi39_out_ap_vld    |  out|    1|      ap_vld|                       p_phi39_out|       pointer|
+----------------------+-----+-----+------------+----------------------------------+--------------+

============================================================
+ Verbose Summary: Synthesis Manager
============================================================
InlineROM: 1
ExposeGlobal: 0
============================================================
+ Verbose Summary: CDFG Model
============================================================
IsTopModel: 0
ResetActiveHigh: 1
IsCombinational: 2
IsDatapathOnly: 2
HasWiredReturn: 1
HasMFsm: 2
HasVarLatency: 1
IsPipeline: 0
IsRtlPipelined: 0
IsInstanceOverlapped: 0
IsDontTouch: 0
HasImplIP: 0
IsGatedGlobalClock: 0

+ Individual pipeline summary: 
  * Pipeline-0: initiation interval (II) = 2, depth = 4


============================================================
+ Verbose Summary: Schedule
============================================================
* Number of FSM states : 4
* Pipeline : 1
  Pipeline-0 : II = 2, D = 4, States = { 1 2 3 4 }
* Dataflow Pipeline: 0

* FSM state transitions: 
1 --> 2 
2 --> 3 
3 --> 4 
4 --> 

* FSM state operations: 

State 1 <SV = 0> <Delay = 1.58>
ST_1 : Operation 6 [1/1] (0.00ns)   --->   "%p_phi39 = alloca i32 1"   --->   Operation 6 'alloca' 'p_phi39' <Predicate = true> <Delay = 0.00>
ST_1 : Operation 7 [1/1] (0.00ns)   --->   "%i = alloca i32 1" [cpu_functions.cpp:72->cpu_functions.cpp:196]   --->   Operation 7 'alloca' 'i' <Predicate = true> <Delay = 0.00>
ST_1 : Operation 8 [1/1] (0.00ns)   --->   "%empty = alloca i32 1"   --->   Operation 8 'alloca' 'empty' <Predicate = true> <Delay = 0.00>
ST_1 : Operation 9 [1/1] (0.00ns)   --->   "%neurons_dense_1_size_read = read i32 @_ssdm_op_Read.ap_auto.i32, i32 %neurons_dense_1_size"   --->   Operation 9 'read' 'neurons_dense_1_size_read' <Predicate = true> <Delay = 0.00>
ST_1 : Operation 10 [1/1] (0.00ns)   --->   "%acumulated_reload_read = read i32 @_ssdm_op_Read.ap_auto.float, i32 %acumulated_reload"   --->   Operation 10 'read' 'acumulated_reload_read' <Predicate = true> <Delay = 0.00>
ST_1 : Operation 11 [1/1] (1.58ns)   --->   "%store_ln0 = store i32 %acumulated_reload_read, i32 %empty"   --->   Operation 11 'store' 'store_ln0' <Predicate = true> <Delay = 1.58>
ST_1 : Operation 12 [1/1] (1.58ns)   --->   "%store_ln72 = store i32 0, i32 %i" [cpu_functions.cpp:72->cpu_functions.cpp:196]   --->   Operation 12 'store' 'store_ln72' <Predicate = true> <Delay = 1.58>
ST_1 : Operation 13 [1/1] (0.00ns)   --->   "%br_ln0 = br void %for.body.i"   --->   Operation 13 'br' 'br_ln0' <Predicate = true> <Delay = 0.00>

State 2 <SV = 1> <Delay = 5.43>
ST_2 : Operation 14 [1/1] (0.00ns)   --->   "%i_2 = load i32 %i" [cpu_functions.cpp:72->cpu_functions.cpp:196]   --->   Operation 14 'load' 'i_2' <Predicate = true> <Delay = 0.00>
ST_2 : Operation 15 [1/1] (2.55ns)   --->   "%icmp_ln72 = icmp_eq  i32 %i_2, i32 %neurons_dense_1_size_read" [cpu_functions.cpp:72->cpu_functions.cpp:196]   --->   Operation 15 'icmp' 'icmp_ln72' <Predicate = true> <Delay = 2.55> <CoreInst = "Cmp">   --->   Core 9 'Cmp' <Latency = 0> <II = 1> <Delay = 2.55> <FuncUnit> <Opcode : 'seteq' 'setne' 'setle' 'setge' 'setlt' 'setgt'> <InPorts = 2> <OutPorts = 1>
ST_2 : Operation 16 [1/1] (0.00ns)   --->   "%empty_61 = speclooptripcount i32 @_ssdm_op_SpecLoopTripCount, i64 1, i64 18446744073709551615, i64 0"   --->   Operation 16 'speclooptripcount' 'empty_61' <Predicate = true> <Delay = 0.00>
ST_2 : Operation 17 [1/1] (2.55ns)   --->   "%add_ln72 = add i32 %i_2, i32 1" [cpu_functions.cpp:72->cpu_functions.cpp:196]   --->   Operation 17 'add' 'add_ln72' <Predicate = true> <Delay = 2.55> <CoreInst = "Adder">   --->   Core 1 'Adder' <Latency = 0> <II = 1> <Delay = 2.55> <FuncUnit> <Opcode : 'add' 'sub'> <InPorts = 2> <OutPorts = 1>
ST_2 : Operation 18 [1/1] (0.00ns)   --->   "%br_ln72 = br i1 %icmp_ln72, void %for.body.i.split, void %_Z11relu_linearPKfPfi.exit.loopexit.exitStub" [cpu_functions.cpp:72->cpu_functions.cpp:196]   --->   Operation 18 'br' 'br_ln72' <Predicate = true> <Delay = 0.00>
ST_2 : Operation 19 [1/1] (0.00ns)   --->   "%p_load = load i32 %empty" [cpu_functions.cpp:74->cpu_functions.cpp:196]   --->   Operation 19 'load' 'p_load' <Predicate = (!icmp_ln72)> <Delay = 0.00>
ST_2 : Operation 20 [2/2] (5.43ns)   --->   "%tmp_23 = fcmp_ogt  i32 %p_load, i32 0" [cpu_functions.cpp:74->cpu_functions.cpp:196]   --->   Operation 20 'fcmp' 'tmp_23' <Predicate = (!icmp_ln72)> <Delay = 5.43> <CoreInst = "FCompare">   --->   Core 19 'FCompare' <Latency = 1> <II = 1> <Delay = 5.43> <FuncUnit> <Opcode : 'fcmp'> <InPorts = 2> <OutPorts = 1>
ST_2 : Operation 21 [1/1] (1.58ns)   --->   "%store_ln72 = store i32 %add_ln72, i32 %i" [cpu_functions.cpp:72->cpu_functions.cpp:196]   --->   Operation 21 'store' 'store_ln72' <Predicate = (!icmp_ln72)> <Delay = 1.58>
ST_2 : Operation 37 [1/1] (0.00ns)   --->   "%p_phi39_load = load i32 %p_phi39"   --->   Operation 37 'load' 'p_phi39_load' <Predicate = (icmp_ln72)> <Delay = 0.00>
ST_2 : Operation 38 [1/1] (0.00ns)   --->   "%write_ln0 = write void @_ssdm_op_Write.ap_auto.i32P0A, i32 %p_phi39_out, i32 %p_phi39_load"   --->   Operation 38 'write' 'write_ln0' <Predicate = (icmp_ln72)> <Delay = 0.00>
ST_2 : Operation 39 [1/1] (1.58ns)   --->   "%ret_ln0 = ret"   --->   Operation 39 'ret' 'ret_ln0' <Predicate = (icmp_ln72)> <Delay = 1.58>

State 3 <SV = 2> <Delay = 6.40>
ST_3 : Operation 22 [1/1] (0.00ns)   --->   "%bitcast_ln74 = bitcast i32 %p_load" [cpu_functions.cpp:74->cpu_functions.cpp:196]   --->   Operation 22 'bitcast' 'bitcast_ln74' <Predicate = (!icmp_ln72)> <Delay = 0.00>
ST_3 : Operation 23 [1/1] (0.00ns)   --->   "%tmp_22 = partselect i8 @_ssdm_op_PartSelect.i8.i32.i32.i32, i32 %bitcast_ln74, i32 23, i32 30" [cpu_functions.cpp:74->cpu_functions.cpp:196]   --->   Operation 23 'partselect' 'tmp_22' <Predicate = (!icmp_ln72)> <Delay = 0.00>
ST_3 : Operation 24 [1/1] (0.00ns)   --->   "%trunc_ln74 = trunc i32 %bitcast_ln74" [cpu_functions.cpp:74->cpu_functions.cpp:196]   --->   Operation 24 'trunc' 'trunc_ln74' <Predicate = (!icmp_ln72)> <Delay = 0.00>
ST_3 : Operation 25 [1/1] (1.91ns)   --->   "%icmp_ln74 = icmp_ne  i8 %tmp_22, i8 255" [cpu_functions.cpp:74->cpu_functions.cpp:196]   --->   Operation 25 'icmp' 'icmp_ln74' <Predicate = (!icmp_ln72)> <Delay = 1.91> <CoreInst = "Cmp">   --->   Core 9 'Cmp' <Latency = 0> <II = 1> <Delay = 1.91> <FuncUnit> <Opcode : 'seteq' 'setne' 'setle' 'setge' 'setlt' 'setgt'> <InPorts = 2> <OutPorts = 1>
ST_3 : Operation 26 [1/1] (2.28ns)   --->   "%icmp_ln74_1 = icmp_eq  i23 %trunc_ln74, i23 0" [cpu_functions.cpp:74->cpu_functions.cpp:196]   --->   Operation 26 'icmp' 'icmp_ln74_1' <Predicate = (!icmp_ln72)> <Delay = 2.28> <CoreInst = "Cmp">   --->   Core 9 'Cmp' <Latency = 0> <II = 1> <Delay = 2.28> <FuncUnit> <Opcode : 'seteq' 'setne' 'setle' 'setge' 'setlt' 'setgt'> <InPorts = 2> <OutPorts = 1>
ST_3 : Operation 27 [1/1] (0.00ns) (grouped into LUT with out node select_ln74)   --->   "%or_ln74 = or i1 %icmp_ln74_1, i1 %icmp_ln74" [cpu_functions.cpp:74->cpu_functions.cpp:196]   --->   Operation 27 'or' 'or_ln74' <Predicate = (!icmp_ln72)> <Delay = 0.00> <CoreInst = "LogicGate">   --->   Core 74 'LogicGate' <Latency = 0> <II = 1> <Delay = 0.97> <FuncUnit> <Opcode : 'and' 'or' 'xor'> <InPorts = 2> <OutPorts = 1>
ST_3 : Operation 28 [1/2] (5.43ns)   --->   "%tmp_23 = fcmp_ogt  i32 %p_load, i32 0" [cpu_functions.cpp:74->cpu_functions.cpp:196]   --->   Operation 28 'fcmp' 'tmp_23' <Predicate = (!icmp_ln72)> <Delay = 5.43> <CoreInst = "FCompare">   --->   Core 19 'FCompare' <Latency = 1> <II = 1> <Delay = 5.43> <FuncUnit> <Opcode : 'fcmp'> <InPorts = 2> <OutPorts = 1>
ST_3 : Operation 29 [1/1] (0.00ns) (grouped into LUT with out node select_ln74)   --->   "%and_ln74 = and i1 %or_ln74, i1 %tmp_23" [cpu_functions.cpp:74->cpu_functions.cpp:196]   --->   Operation 29 'and' 'and_ln74' <Predicate = (!icmp_ln72)> <Delay = 0.00> <CoreInst = "LogicGate">   --->   Core 74 'LogicGate' <Latency = 0> <II = 1> <Delay = 0.97> <FuncUnit> <Opcode : 'and' 'or' 'xor'> <InPorts = 2> <OutPorts = 1>
ST_3 : Operation 30 [1/1] (0.97ns) (out node of the LUT)   --->   "%select_ln74 = select i1 %and_ln74, i32 %p_load, i32 0" [cpu_functions.cpp:74->cpu_functions.cpp:196]   --->   Operation 30 'select' 'select_ln74' <Predicate = (!icmp_ln72)> <Delay = 0.97> <CoreInst = "Sel">   --->   Core 73 'Sel' <Latency = 0> <II = 1> <Delay = 0.69> <FuncUnit> <Opcode : 'select'> <InPorts = 3> <OutPorts = 1>
ST_3 : Operation 31 [1/1] (0.00ns)   --->   "%empty_62 = bitcast i32 %select_ln74" [cpu_functions.cpp:74->cpu_functions.cpp:196]   --->   Operation 31 'bitcast' 'empty_62' <Predicate = (!icmp_ln72)> <Delay = 0.00>
ST_3 : Operation 32 [1/1] (0.00ns)   --->   "%store_ln74 = store i32 %empty_62, i32 %p_phi39" [cpu_functions.cpp:74->cpu_functions.cpp:196]   --->   Operation 32 'store' 'store_ln74' <Predicate = (!icmp_ln72)> <Delay = 0.00>

State 4 <SV = 3> <Delay = 7.01>
ST_4 : Operation 33 [1/1] (0.00ns)   --->   "%specpipeline_ln72 = specpipeline void @_ssdm_op_SpecPipeline, i32 4294967295, i32 0, i32 0, i32 0, i32 4294967295, void @empty_2" [cpu_functions.cpp:72->cpu_functions.cpp:196]   --->   Operation 33 'specpipeline' 'specpipeline_ln72' <Predicate = true> <Delay = 0.00>
ST_4 : Operation 34 [1/1] (0.00ns)   --->   "%specloopname_ln72 = specloopname void @_ssdm_op_SpecLoopName, void @empty_7" [cpu_functions.cpp:72->cpu_functions.cpp:196]   --->   Operation 34 'specloopname' 'specloopname_ln72' <Predicate = true> <Delay = 0.00>
ST_4 : Operation 35 [1/1] (1.58ns)   --->   "%store_ln74 = store i32 %select_ln74, i32 %empty" [cpu_functions.cpp:74->cpu_functions.cpp:196]   --->   Operation 35 'store' 'store_ln74' <Predicate = true> <Delay = 1.58>
ST_4 : Operation 36 [1/1] (0.00ns)   --->   "%br_ln72 = br void %for.body.i" [cpu_functions.cpp:72->cpu_functions.cpp:196]   --->   Operation 36 'br' 'br_ln72' <Predicate = true> <Delay = 0.00>


============================================================
+ Verbose Summary: Binding
============================================================
STG Binding: 
---------------- STG Properties BEGIN ----------------
- Is combinational: 0
- Is one-state seq: 0
- Is datapath-only: 0
- Is pipelined: 0
- Is top level: 0
Port [ Return ] is wired: 1; IO mode=ap_ctrl_hs:ce=0
Port [ acumulated_reload]:  wired=1; compound=0; hidden=0; nouse=0; global=0; static=0; extern=0; dir=0; type=0; pingpong=0; private_global=0; IO mode=ap_none:ce=0
Port [ neurons_dense_1_size]:  wired=1; compound=0; hidden=0; nouse=0; global=0; static=0; extern=0; dir=0; type=0; pingpong=0; private_global=0; IO mode=ap_none:ce=0
Port [ p_phi39_out]:  wired=1; compound=0; hidden=0; nouse=0; global=0; static=0; extern=0; dir=1; type=0; pingpong=0; private_global=0; IO mode=ap_vld:ce=0
---------------- STG Properties END ------------------

---------------- Datapath Model BEGIN ----------------

<LifeTime>
<method=bitvector/>
p_phi39                   (alloca           ) [ 01110]
i                         (alloca           ) [ 01100]
empty                     (alloca           ) [ 01111]
neurons_dense_1_size_read (read             ) [ 00100]
acumulated_reload_read    (read             ) [ 00000]
store_ln0                 (store            ) [ 00000]
store_ln72                (store            ) [ 00000]
br_ln0                    (br               ) [ 00000]
i_2                       (load             ) [ 00000]
icmp_ln72                 (icmp             ) [ 01110]
empty_61                  (speclooptripcount) [ 00000]
add_ln72                  (add              ) [ 00000]
br_ln72                   (br               ) [ 00000]
p_load                    (load             ) [ 01010]
store_ln72                (store            ) [ 00000]
bitcast_ln74              (bitcast          ) [ 00000]
tmp_22                    (partselect       ) [ 00000]
trunc_ln74                (trunc            ) [ 00000]
icmp_ln74                 (icmp             ) [ 00000]
icmp_ln74_1               (icmp             ) [ 00000]
or_ln74                   (or               ) [ 00000]
tmp_23                    (fcmp             ) [ 00000]
and_ln74                  (and              ) [ 00000]
select_ln74               (select           ) [ 00101]
empty_62                  (bitcast          ) [ 00000]
store_ln74                (store            ) [ 00000]
specpipeline_ln72         (specpipeline     ) [ 00000]
specloopname_ln72         (specloopname     ) [ 00000]
store_ln74                (store            ) [ 00000]
br_ln72                   (br               ) [ 00000]
p_phi39_load              (load             ) [ 00000]
write_ln0                 (write            ) [ 00000]
ret_ln0                   (ret              ) [ 00000]
</LifeTime>

<model>

<comp_list>
<comp id="0" class="1000" name="acumulated_reload">
<pin_list>
<pin id="1" dir="1" index="0" bw="1" slack="0"/>
</pin_list>
<bind>
<StgValue><ssdm name="acumulated_reload"/></StgValue>
</bind>
</comp>

<comp id="2" class="1000" name="neurons_dense_1_size">
<pin_list>
<pin id="3" dir="1" index="0" bw="1" slack="0"/>
</pin_list>
<bind>
<StgValue><ssdm name="neurons_dense_1_size"/></StgValue>
</bind>
</comp>

<comp id="4" class="1000" name="p_phi39_out">
<pin_list>
<pin id="5" dir="1" index="0" bw="1" slack="0"/>
</pin_list>
<bind>
<StgValue><ssdm name="p_phi39_out"/></StgValue>
</bind>
</comp>

<comp id="6" class="1001" name="const_6">
<pin_list>
<pin id="7" dir="1" index="0" bw="1" slack="0"/>
</pin_list>
<bind>
<StgValue><ssdm name=""/></StgValue>
</bind>
</comp>

<comp id="8" class="1001" name="const_8">
<pin_list>
<pin id="9" dir="1" index="0" bw="1" slack="0"/>
</pin_list>
<bind>
<StgValue><ssdm name="_ssdm_op_Read.ap_auto.i32"/></StgValue>
</bind>
</comp>

<comp id="10" class="1001" name="const_10">
<pin_list>
<pin id="11" dir="1" index="0" bw="1" slack="0"/>
</pin_list>
<bind>
<StgValue><ssdm name="_ssdm_op_Read.ap_auto.float"/></StgValue>
</bind>
</comp>

<comp id="12" class="1001" name="const_12">
<pin_list>
<pin id="13" dir="1" index="0" bw="1" slack="0"/>
</pin_list>
<bind>
<StgValue><ssdm name=""/></StgValue>
</bind>
</comp>

<comp id="14" class="1001" name="const_14">
<pin_list>
<pin id="15" dir="1" index="0" bw="1" slack="2147483647"/>
</pin_list>
<bind>
<StgValue><ssdm name="_ssdm_op_SpecLoopTripCount"/></StgValue>
</bind>
</comp>

<comp id="16" class="1001" name="const_16">
<pin_list>
<pin id="17" dir="1" index="0" bw="1" slack="2147483647"/>
</pin_list>
<bind>
<StgValue><ssdm name=""/></StgValue>
</bind>
</comp>

<comp id="18" class="1001" name="const_18">
<pin_list>
<pin id="19" dir="1" index="0" bw="1" slack="2147483647"/>
</pin_list>
<bind>
<StgValue><ssdm name=""/></StgValue>
</bind>
</comp>

<comp id="20" class="1001" name="const_20">
<pin_list>
<pin id="21" dir="1" index="0" bw="1" slack="2147483647"/>
</pin_list>
<bind>
<StgValue><ssdm name=""/></StgValue>
</bind>
</comp>

<comp id="22" class="1001" name="const_22">
<pin_list>
<pin id="23" dir="1" index="0" bw="1" slack="0"/>
</pin_list>
<bind>
<StgValue><ssdm name=""/></StgValue>
</bind>
</comp>

<comp id="24" class="1001" name="const_24">
<pin_list>
<pin id="25" dir="1" index="0" bw="1" slack="0"/>
</pin_list>
<bind>
<StgValue><ssdm name="_ssdm_op_PartSelect.i8.i32.i32.i32"/></StgValue>
</bind>
</comp>

<comp id="26" class="1001" name="const_26">
<pin_list>
<pin id="27" dir="1" index="0" bw="1" slack="0"/>
</pin_list>
<bind>
<StgValue><ssdm name=""/></StgValue>
</bind>
</comp>

<comp id="28" class="1001" name="const_28">
<pin_list>
<pin id="29" dir="1" index="0" bw="1" slack="0"/>
</pin_list>
<bind>
<StgValue><ssdm name=""/></StgValue>
</bind>
</comp>

<comp id="30" class="1001" name="const_30">
<pin_list>
<pin id="31" dir="1" index="0" bw="1" slack="0"/>
</pin_list>
<bind>
<StgValue><ssdm name=""/></StgValue>
</bind>
</comp>

<comp id="32" class="1001" name="const_32">
<pin_list>
<pin id="33" dir="1" index="0" bw="1" slack="0"/>
</pin_list>
<bind>
<StgValue><ssdm name=""/></StgValue>
</bind>
</comp>

<comp id="34" class="1001" name="const_34">
<pin_list>
<pin id="35" dir="1" index="0" bw="1" slack="2147483647"/>
</pin_list>
<bind>
<StgValue><ssdm name="_ssdm_op_SpecPipeline"/></StgValue>
</bind>
</comp>

<comp id="36" class="1001" name="const_36">
<pin_list>
<pin id="37" dir="1" index="0" bw="1" slack="2147483647"/>
</pin_list>
<bind>
<StgValue><ssdm name=""/></StgValue>
</bind>
</comp>

<comp id="38" class="1001" name="const_38">
<pin_list>
<pin id="39" dir="1" index="0" bw="1" slack="2147483647"/>
</pin_list>
<bind>
<StgValue><ssdm name="empty_2"/></StgValue>
</bind>
</comp>

<comp id="40" class="1001" name="const_40">
<pin_list>
<pin id="41" dir="1" index="0" bw="1" slack="2147483647"/>
</pin_list>
<bind>
<StgValue><ssdm name="_ssdm_op_SpecLoopName"/></StgValue>
</bind>
</comp>

<comp id="42" class="1001" name="const_42">
<pin_list>
<pin id="43" dir="1" index="0" bw="1" slack="2147483647"/>
</pin_list>
<bind>
<StgValue><ssdm name="empty_7"/></StgValue>
</bind>
</comp>

<comp id="44" class="1001" name="const_44">
<pin_list>
<pin id="45" dir="1" index="0" bw="1" slack="0"/>
</pin_list>
<bind>
<StgValue><ssdm name="_ssdm_op_Write.ap_auto.i32P0A"/></StgValue>
</bind>
</comp>

<comp id="46" class="1004" name="p_phi39_fu_46">
<pin_list>
<pin id="47" dir="0" index="0" bw="1" slack="0"/>
<pin id="48" dir="1" index="1" bw="32" slack="1"/>
</pin_list>
<bind>
<opcode="alloca(26) " fcode="alloca"/>
<opset="p_phi39/1 "/>
</bind>
</comp>

<comp id="50" class="1004" name="i_fu_50">
<pin_list>
<pin id="51" dir="0" index="0" bw="1" slack="0"/>
<pin id="52" dir="1" index="1" bw="32" slack="0"/>
</pin_list>
<bind>
<opcode="alloca(26) " fcode="alloca"/>
<opset="i/1 "/>
</bind>
</comp>

<comp id="54" class="1004" name="empty_fu_54">
<pin_list>
<pin id="55" dir="0" index="0" bw="1" slack="0"/>
<pin id="56" dir="1" index="1" bw="32" slack="0"/>
</pin_list>
<bind>
<opcode="alloca(26) " fcode="alloca"/>
<opset="empty/1 "/>
</bind>
</comp>

<comp id="58" class="1004" name="neurons_dense_1_size_read_read_fu_58">
<pin_list>
<pin id="59" dir="0" index="0" bw="32" slack="0"/>
<pin id="60" dir="0" index="1" bw="32" slack="0"/>
<pin id="61" dir="1" index="2" bw="32" slack="1"/>
</pin_list>
<bind>
<opcode="read(1150) " fcode="read"/>
<opset="neurons_dense_1_size_read/1 "/>
</bind>
</comp>

<comp id="64" class="1004" name="acumulated_reload_read_read_fu_64">
<pin_list>
<pin id="65" dir="0" index="0" bw="32" slack="0"/>
<pin id="66" dir="0" index="1" bw="32" slack="0"/>
<pin id="67" dir="1" index="2" bw="32" slack="0"/>
</pin_list>
<bind>
<opcode="read(1150) " fcode="read"/>
<opset="acumulated_reload_read/1 "/>
</bind>
</comp>

<comp id="70" class="1004" name="write_ln0_write_fu_70">
<pin_list>
<pin id="71" dir="0" index="0" bw="0" slack="0"/>
<pin id="72" dir="0" index="1" bw="32" slack="0"/>
<pin id="73" dir="0" index="2" bw="32" slack="0"/>
<pin id="74" dir="1" index="3" bw="0" slack="2147483647"/>
</pin_list>
<bind>
<opcode="write(1151) " fcode="write"/>
<opset="write_ln0/2 "/>
</bind>
</comp>

<comp id="77" class="1004" name="grp_fu_77">
<pin_list>
<pin id="78" dir="0" index="0" bw="32" slack="0"/>
<pin id="79" dir="0" index="1" bw="32" slack="0"/>
<pin id="80" dir="1" index="2" bw="1" slack="0"/>
</pin_list>
<bind>
<opcode="fcmp(46) " fcode="fcmp"/>
<opset="tmp_23/2 "/>
</bind>
</comp>

<comp id="82" class="1004" name="store_ln0_store_fu_82">
<pin_list>
<pin id="83" dir="0" index="0" bw="32" slack="0"/>
<pin id="84" dir="0" index="1" bw="32" slack="0"/>
<pin id="85" dir="1" index="2" bw="0" slack="2147483647"/>
</pin_list>
<bind>
<opcode="store(28) " fcode="store"/>
<opset="store_ln0/1 "/>
</bind>
</comp>

<comp id="87" class="1004" name="store_ln72_store_fu_87">
<pin_list>
<pin id="88" dir="0" index="0" bw="1" slack="0"/>
<pin id="89" dir="0" index="1" bw="32" slack="0"/>
<pin id="90" dir="1" index="2" bw="0" slack="2147483647"/>
</pin_list>
<bind>
<opcode="store(28) " fcode="store"/>
<opset="store_ln72/1 "/>
</bind>
</comp>

<comp id="92" class="1004" name="i_2_load_fu_92">
<pin_list>
<pin id="93" dir="0" index="0" bw="32" slack="1"/>
<pin id="94" dir="1" index="1" bw="32" slack="0"/>
</pin_list>
<bind>
<opcode="load(27) " fcode="load"/>
<opset="i_2/2 "/>
</bind>
</comp>

<comp id="95" class="1004" name="icmp_ln72_fu_95">
<pin_list>
<pin id="96" dir="0" index="0" bw="32" slack="0"/>
<pin id="97" dir="0" index="1" bw="32" slack="1"/>
<pin id="98" dir="1" index="2" bw="1" slack="1"/>
</pin_list>
<bind>
<opcode="icmp(45) " fcode="icmp"/>
<opset="icmp_ln72/2 "/>
</bind>
</comp>

<comp id="100" class="1004" name="add_ln72_fu_100">
<pin_list>
<pin id="101" dir="0" index="0" bw="32" slack="0"/>
<pin id="102" dir="0" index="1" bw="1" slack="0"/>
<pin id="103" dir="1" index="2" bw="32" slack="0"/>
</pin_list>
<bind>
<opcode="add(8) " fcode="add"/>
<opset="add_ln72/2 "/>
</bind>
</comp>

<comp id="106" class="1004" name="p_load_load_fu_106">
<pin_list>
<pin id="107" dir="0" index="0" bw="32" slack="1"/>
<pin id="108" dir="1" index="1" bw="32" slack="0"/>
</pin_list>
<bind>
<opcode="load(27) " fcode="load"/>
<opset="p_load/2 "/>
</bind>
</comp>

<comp id="110" class="1004" name="store_ln72_store_fu_110">
<pin_list>
<pin id="111" dir="0" index="0" bw="32" slack="0"/>
<pin id="112" dir="0" index="1" bw="32" slack="1"/>
<pin id="113" dir="1" index="2" bw="0" slack="2147483647"/>
</pin_list>
<bind>
<opcode="store(28) " fcode="store"/>
<opset="store_ln72/2 "/>
</bind>
</comp>

<comp id="115" class="1004" name="bitcast_ln74_fu_115">
<pin_list>
<pin id="116" dir="0" index="0" bw="32" slack="1"/>
<pin id="117" dir="1" index="1" bw="32" slack="0"/>
</pin_list>
<bind>
<opcode="bitcast(44) " fcode="bitcast"/>
<opset="bitcast_ln74/3 "/>
</bind>
</comp>

<comp id="118" class="1004" name="tmp_22_fu_118">
<pin_list>
<pin id="119" dir="0" index="0" bw="8" slack="0"/>
<pin id="120" dir="0" index="1" bw="32" slack="0"/>
<pin id="121" dir="0" index="2" bw="6" slack="0"/>
<pin id="122" dir="0" index="3" bw="6" slack="0"/>
<pin id="123" dir="1" index="4" bw="8" slack="0"/>
</pin_list>
<bind>
<opcode="partselect(1002) " fcode="partselect"/>
<opset="tmp_22/3 "/>
</bind>
</comp>

<comp id="128" class="1004" name="trunc_ln74_fu_128">
<pin_list>
<pin id="129" dir="0" index="0" bw="32" slack="0"/>
<pin id="130" dir="1" index="1" bw="23" slack="0"/>
</pin_list>
<bind>
<opcode="trunc(33) " fcode="trunc"/>
<opset="trunc_ln74/3 "/>
</bind>
</comp>

<comp id="132" class="1004" name="icmp_ln74_fu_132">
<pin_list>
<pin id="133" dir="0" index="0" bw="8" slack="0"/>
<pin id="134" dir="0" index="1" bw="8" slack="0"/>
<pin id="135" dir="1" index="2" bw="1" slack="0"/>
</pin_list>
<bind>
<opcode="icmp(45) " fcode="icmp"/>
<opset="icmp_ln74/3 "/>
</bind>
</comp>

<comp id="138" class="1004" name="icmp_ln74_1_fu_138">
<pin_list>
<pin id="139" dir="0" index="0" bw="23" slack="0"/>
<pin id="140" dir="0" index="1" bw="23" slack="0"/>
<pin id="141" dir="1" index="2" bw="1" slack="0"/>
</pin_list>
<bind>
<opcode="icmp(45) " fcode="icmp"/>
<opset="icmp_ln74_1/3 "/>
</bind>
</comp>

<comp id="144" class="1004" name="or_ln74_fu_144">
<pin_list>
<pin id="145" dir="0" index="0" bw="1" slack="0"/>
<pin id="146" dir="0" index="1" bw="1" slack="0"/>
<pin id="147" dir="1" index="2" bw="1" slack="0"/>
</pin_list>
<bind>
<opcode="or(24) " fcode="or"/>
<opset="or_ln74/3 "/>
</bind>
</comp>

<comp id="150" class="1004" name="and_ln74_fu_150">
<pin_list>
<pin id="151" dir="0" index="0" bw="1" slack="0"/>
<pin id="152" dir="0" index="1" bw="1" slack="0"/>
<pin id="153" dir="1" index="2" bw="1" slack="0"/>
</pin_list>
<bind>
<opcode="and(23) " fcode="and"/>
<opset="and_ln74/3 "/>
</bind>
</comp>

<comp id="156" class="1004" name="select_ln74_fu_156">
<pin_list>
<pin id="157" dir="0" index="0" bw="1" slack="0"/>
<pin id="158" dir="0" index="1" bw="32" slack="1"/>
<pin id="159" dir="0" index="2" bw="32" slack="0"/>
<pin id="160" dir="1" index="3" bw="32" slack="0"/>
</pin_list>
<bind>
<opcode="select(49) " fcode="select"/>
<opset="select_ln74/3 "/>
</bind>
</comp>

<comp id="163" class="1004" name="empty_62_fu_163">
<pin_list>
<pin id="164" dir="0" index="0" bw="32" slack="0"/>
<pin id="165" dir="1" index="1" bw="32" slack="0"/>
</pin_list>
<bind>
<opcode="bitcast(44) " fcode="bitcast"/>
<opset="empty_62/3 "/>
</bind>
</comp>

<comp id="167" class="1004" name="store_ln74_store_fu_167">
<pin_list>
<pin id="168" dir="0" index="0" bw="32" slack="0"/>
<pin id="169" dir="0" index="1" bw="32" slack="2"/>
<pin id="170" dir="1" index="2" bw="0" slack="2147483647"/>
</pin_list>
<bind>
<opcode="store(28) " fcode="store"/>
<opset="store_ln74/3 "/>
</bind>
</comp>

<comp id="172" class="1004" name="store_ln74_store_fu_172">
<pin_list>
<pin id="173" dir="0" index="0" bw="32" slack="1"/>
<pin id="174" dir="0" index="1" bw="32" slack="3"/>
<pin id="175" dir="1" index="2" bw="0" slack="2147483647"/>
</pin_list>
<bind>
<opcode="store(28) " fcode="store"/>
<opset="store_ln74/4 "/>
</bind>
</comp>

<comp id="176" class="1004" name="p_phi39_load_load_fu_176">
<pin_list>
<pin id="177" dir="0" index="0" bw="32" slack="1"/>
<pin id="178" dir="1" index="1" bw="32" slack="0"/>
</pin_list>
<bind>
<opcode="load(27) " fcode="load"/>
<opset="p_phi39_load/2 "/>
</bind>
</comp>

<comp id="180" class="1005" name="p_phi39_reg_180">
<pin_list>
<pin id="181" dir="0" index="0" bw="32" slack="1"/>
<pin id="182" dir="1" index="1" bw="32" slack="1"/>
</pin_list>
<bind>
<opset="p_phi39 "/>
</bind>
</comp>

<comp id="186" class="1005" name="i_reg_186">
<pin_list>
<pin id="187" dir="0" index="0" bw="32" slack="0"/>
<pin id="188" dir="1" index="1" bw="32" slack="0"/>
</pin_list>
<bind>
<opset="i "/>
</bind>
</comp>

<comp id="193" class="1005" name="empty_reg_193">
<pin_list>
<pin id="194" dir="0" index="0" bw="32" slack="0"/>
<pin id="195" dir="1" index="1" bw="32" slack="0"/>
</pin_list>
<bind>
<opset="empty "/>
</bind>
</comp>

<comp id="200" class="1005" name="neurons_dense_1_size_read_reg_200">
<pin_list>
<pin id="201" dir="0" index="0" bw="32" slack="1"/>
<pin id="202" dir="1" index="1" bw="32" slack="1"/>
</pin_list>
<bind>
<opset="neurons_dense_1_size_read "/>
</bind>
</comp>

<comp id="205" class="1005" name="icmp_ln72_reg_205">
<pin_list>
<pin id="206" dir="0" index="0" bw="1" slack="1"/>
<pin id="207" dir="1" index="1" bw="1" slack="2147483647"/>
</pin_list>
<bind>
<opset="icmp_ln72 "/>
</bind>
</comp>

<comp id="209" class="1005" name="p_load_reg_209">
<pin_list>
<pin id="210" dir="0" index="0" bw="32" slack="1"/>
<pin id="211" dir="1" index="1" bw="32" slack="1"/>
</pin_list>
<bind>
<opset="p_load "/>
</bind>
</comp>

<comp id="216" class="1005" name="select_ln74_reg_216">
<pin_list>
<pin id="217" dir="0" index="0" bw="32" slack="1"/>
<pin id="218" dir="1" index="1" bw="32" slack="1"/>
</pin_list>
<bind>
<opset="select_ln74 "/>
</bind>
</comp>

</comp_list>

<net_list>
<net id="49"><net_src comp="6" pin="0"/><net_sink comp="46" pin=0"/></net>

<net id="53"><net_src comp="6" pin="0"/><net_sink comp="50" pin=0"/></net>

<net id="57"><net_src comp="6" pin="0"/><net_sink comp="54" pin=0"/></net>

<net id="62"><net_src comp="8" pin="0"/><net_sink comp="58" pin=0"/></net>

<net id="63"><net_src comp="2" pin="0"/><net_sink comp="58" pin=1"/></net>

<net id="68"><net_src comp="10" pin="0"/><net_sink comp="64" pin=0"/></net>

<net id="69"><net_src comp="0" pin="0"/><net_sink comp="64" pin=1"/></net>

<net id="75"><net_src comp="44" pin="0"/><net_sink comp="70" pin=0"/></net>

<net id="76"><net_src comp="4" pin="0"/><net_sink comp="70" pin=1"/></net>

<net id="81"><net_src comp="22" pin="0"/><net_sink comp="77" pin=1"/></net>

<net id="86"><net_src comp="64" pin="2"/><net_sink comp="82" pin=0"/></net>

<net id="91"><net_src comp="12" pin="0"/><net_sink comp="87" pin=0"/></net>

<net id="99"><net_src comp="92" pin="1"/><net_sink comp="95" pin=0"/></net>

<net id="104"><net_src comp="92" pin="1"/><net_sink comp="100" pin=0"/></net>

<net id="105"><net_src comp="6" pin="0"/><net_sink comp="100" pin=1"/></net>

<net id="109"><net_src comp="106" pin="1"/><net_sink comp="77" pin=0"/></net>

<net id="114"><net_src comp="100" pin="2"/><net_sink comp="110" pin=0"/></net>

<net id="124"><net_src comp="24" pin="0"/><net_sink comp="118" pin=0"/></net>

<net id="125"><net_src comp="115" pin="1"/><net_sink comp="118" pin=1"/></net>

<net id="126"><net_src comp="26" pin="0"/><net_sink comp="118" pin=2"/></net>

<net id="127"><net_src comp="28" pin="0"/><net_sink comp="118" pin=3"/></net>

<net id="131"><net_src comp="115" pin="1"/><net_sink comp="128" pin=0"/></net>

<net id="136"><net_src comp="118" pin="4"/><net_sink comp="132" pin=0"/></net>

<net id="137"><net_src comp="30" pin="0"/><net_sink comp="132" pin=1"/></net>

<net id="142"><net_src comp="128" pin="1"/><net_sink comp="138" pin=0"/></net>

<net id="143"><net_src comp="32" pin="0"/><net_sink comp="138" pin=1"/></net>

<net id="148"><net_src comp="138" pin="2"/><net_sink comp="144" pin=0"/></net>

<net id="149"><net_src comp="132" pin="2"/><net_sink comp="144" pin=1"/></net>

<net id="154"><net_src comp="144" pin="2"/><net_sink comp="150" pin=0"/></net>

<net id="155"><net_src comp="77" pin="2"/><net_sink comp="150" pin=1"/></net>

<net id="161"><net_src comp="150" pin="2"/><net_sink comp="156" pin=0"/></net>

<net id="162"><net_src comp="22" pin="0"/><net_sink comp="156" pin=2"/></net>

<net id="166"><net_src comp="156" pin="3"/><net_sink comp="163" pin=0"/></net>

<net id="171"><net_src comp="163" pin="1"/><net_sink comp="167" pin=0"/></net>

<net id="179"><net_src comp="176" pin="1"/><net_sink comp="70" pin=2"/></net>

<net id="183"><net_src comp="46" pin="1"/><net_sink comp="180" pin=0"/></net>

<net id="184"><net_src comp="180" pin="1"/><net_sink comp="167" pin=1"/></net>

<net id="185"><net_src comp="180" pin="1"/><net_sink comp="176" pin=0"/></net>

<net id="189"><net_src comp="50" pin="1"/><net_sink comp="186" pin=0"/></net>

<net id="190"><net_src comp="186" pin="1"/><net_sink comp="87" pin=1"/></net>

<net id="191"><net_src comp="186" pin="1"/><net_sink comp="92" pin=0"/></net>

<net id="192"><net_src comp="186" pin="1"/><net_sink comp="110" pin=1"/></net>

<net id="196"><net_src comp="54" pin="1"/><net_sink comp="193" pin=0"/></net>

<net id="197"><net_src comp="193" pin="1"/><net_sink comp="82" pin=1"/></net>

<net id="198"><net_src comp="193" pin="1"/><net_sink comp="106" pin=0"/></net>

<net id="199"><net_src comp="193" pin="1"/><net_sink comp="172" pin=1"/></net>

<net id="203"><net_src comp="58" pin="2"/><net_sink comp="200" pin=0"/></net>

<net id="204"><net_src comp="200" pin="1"/><net_sink comp="95" pin=1"/></net>

<net id="208"><net_src comp="95" pin="2"/><net_sink comp="205" pin=0"/></net>

<net id="212"><net_src comp="106" pin="1"/><net_sink comp="209" pin=0"/></net>

<net id="213"><net_src comp="209" pin="1"/><net_sink comp="115" pin=0"/></net>

<net id="214"><net_src comp="209" pin="1"/><net_sink comp="77" pin=0"/></net>

<net id="215"><net_src comp="209" pin="1"/><net_sink comp="156" pin=1"/></net>

<net id="219"><net_src comp="156" pin="3"/><net_sink comp="216" pin=0"/></net>

<net id="220"><net_src comp="216" pin="1"/><net_sink comp="172" pin=0"/></net>

</net_list>

</model> 
---------------- Datapath Model END ------------------

* FSMD analyzer results:
  - Output states:
	Port: p_phi39_out | {2 }
 - Input state : 
	Port: cifar10_Pipeline_VITIS_LOOP_72_1 : acumulated_reload | {1 }
	Port: cifar10_Pipeline_VITIS_LOOP_72_1 : neurons_dense_1_size | {1 }
  - Chain level:
	State 1
		store_ln72 : 1
	State 2
		icmp_ln72 : 1
		add_ln72 : 1
		br_ln72 : 2
		tmp_23 : 1
		store_ln72 : 2
		write_ln0 : 1
	State 3
		tmp_22 : 1
		trunc_ln74 : 1
		icmp_ln74 : 2
		icmp_ln74_1 : 2
		or_ln74 : 3
		and_ln74 : 3
		select_ln74 : 3
		empty_62 : 4
		store_ln74 : 5
	State 4


============================================================
+ Verbose Summary: Datapath Resource usage 
============================================================

* Functional unit list:
|----------|--------------------------------------|---------|---------|
| Operation|            Functional Unit           |    FF   |   LUT   |
|----------|--------------------------------------|---------|---------|
|          |            icmp_ln72_fu_95           |    0    |    39   |
|   icmp   |           icmp_ln74_fu_132           |    0    |    15   |
|          |          icmp_ln74_1_fu_138          |    0    |    30   |
|----------|--------------------------------------|---------|---------|
|    add   |            add_ln72_fu_100           |    0    |    39   |
|----------|--------------------------------------|---------|---------|
|  select  |          select_ln74_fu_156          |    0    |    32   |
|----------|--------------------------------------|---------|---------|
|    or    |            or_ln74_fu_144            |    0    |    2    |
|----------|--------------------------------------|---------|---------|
|    and   |            and_ln74_fu_150           |    0    |    2    |
|----------|--------------------------------------|---------|---------|
|   read   | neurons_dense_1_size_read_read_fu_58 |    0    |    0    |
|          |   acumulated_reload_read_read_fu_64  |    0    |    0    |
|----------|--------------------------------------|---------|---------|
|   write  |         write_ln0_write_fu_70        |    0    |    0    |
|----------|--------------------------------------|---------|---------|
|   fcmp   |               grp_fu_77              |    0    |    0    |
|----------|--------------------------------------|---------|---------|
|partselect|             tmp_22_fu_118            |    0    |    0    |
|----------|--------------------------------------|---------|---------|
|   trunc  |           trunc_ln74_fu_128          |    0    |    0    |
|----------|--------------------------------------|---------|---------|
|   Total  |                                      |    0    |   159   |
|----------|--------------------------------------|---------|---------|

Memories:
N/A

* Register list:
+---------------------------------+--------+
|                                 |   FF   |
+---------------------------------+--------+
|          empty_reg_193          |   32   |
|            i_reg_186            |   32   |
|        icmp_ln72_reg_205        |    1   |
|neurons_dense_1_size_read_reg_200|   32   |
|          p_load_reg_209         |   32   |
|         p_phi39_reg_180         |   32   |
|       select_ln74_reg_216       |   32   |
+---------------------------------+--------+
|              Total              |   193  |
+---------------------------------+--------+

* Multiplexer (MUX) list: 
|-----------|------|------|------|--------||---------||---------||---------|
|    Comp   |  Pin | Size |  BW  | S x BW ||  Delay  ||    FF   ||   LUT   |
|-----------|------|------|------|--------||---------||---------||---------|
| grp_fu_77 |  p0  |   2  |  32  |   64   ||    0    ||    9    |
|-----------|------|------|------|--------||---------||---------||---------|
|   Total   |      |      |      |   64   ||  1.588  ||    0    ||    9    |
|-----------|------|------|------|--------||---------||---------||---------|



* Summary:
+-----------+--------+--------+--------+
|           |  Delay |   FF   |   LUT  |
+-----------+--------+--------+--------+
|  Function |    -   |    0   |   159  |
|   Memory  |    -   |    -   |    -   |
|Multiplexer|    1   |    0   |    9   |
|  Register |    -   |   193  |    -   |
+-----------+--------+--------+--------+
|   Total   |    1   |   193  |   168  |
+-----------+--------+--------+--------+
