

================================================================
== Vitis HLS Report for 'cifar10_Pipeline_VITIS_LOOP_148_2'
================================================================
* Date:           Mon May  4 21:47:32 2026

* Version:        2025.2 (Build 6295257 on Nov 14 2025)
* Project:        proj_cifar10_multiple
* Solution:       fsolution (Vivado IP Flow Target)
* Product family: zynq
* Target device:  xc7z020-clg484-1


================================================================
== Performance Estimates
================================================================
+ Timing: 
    * Summary: 
    +--------+----------+----------+------------+
    |  Clock |  Target  | Estimated| Uncertainty|
    +--------+----------+----------+------------+
    |ap_clk  |  10.00 ns|  6.075 ns|     2.70 ns|
    +--------+----------+----------+------------+

+ Latency: 
    * Summary: 
    +---------+---------+----------+----------+-----+-----+-------------------+
    |  Latency (cycles) |  Latency (absolute) |  Interval |      Pipeline     |
    |   min   |   max   |    min   |    max   | min | max |        Type       |
    +---------+---------+----------+----------+-----+-----+-------------------+
    |        ?|        ?|         ?|         ?|    0|    0|  loop pipeline stp|
    +---------+---------+----------+----------+-----+-----+-------------------+

    + Detail: 
        * Instance: 
        N/A

        * Loop: 
        +--------------------+---------+---------+----------+-----------+-----------+------+----------+
        |                    |  Latency (cycles) | Iteration|  Initiation Interval  | Trip |          |
        |      Loop Name     |   min   |   max   |  Latency |  achieved |   target  | Count| Pipelined|
        +--------------------+---------+---------+----------+-----------+-----------+------+----------+
        |- VITIS_LOOP_148_2  |        ?|        ?|        18|         17|          1|     ?|       yes|
        +--------------------+---------+---------+----------+-----------+-----------+------+----------+



================================================================
== Utilization Estimates
================================================================
* Summary: 
+-----------------+---------+-----+--------+-------+-----+
|       Name      | BRAM_18K| DSP |   FF   |  LUT  | URAM|
+-----------------+---------+-----+--------+-------+-----+
|DSP              |        -|    -|       -|      -|    -|
|Expression       |        -|    -|       0|     80|    -|
|FIFO             |        -|    -|       -|      -|    -|
|Instance         |        -|    -|       -|      -|    -|
|Memory           |        -|    -|       -|      -|    -|
|Multiplexer      |        -|    -|       0|    150|    -|
|Register         |        -|    -|     116|      -|    -|
+-----------------+---------+-----+--------+-------+-----+
|Total            |        0|    0|     116|    230|    0|
+-----------------+---------+-----+--------+-------+-----+
|Available        |      280|  220|  106400|  53200|    0|
+-----------------+---------+-----+--------+-------+-----+
|Utilization (%)  |        0|    0|      ~0|     ~0|    0|
+-----------------+---------+-----+--------+-------+-----+

+ Detail: 
    * Instance: 
    +------------------------------------+-------------------------------+---------+----+---+----+-----+
    |              Instance              |             Module            | BRAM_18K| DSP| FF| LUT| URAM|
    +------------------------------------+-------------------------------+---------+----+---+----+-----+
    |fdiv_32ns_32ns_32_16_no_dsp_1_U170  |fdiv_32ns_32ns_32_16_no_dsp_1  |        0|   0|  0|   0|    0|
    +------------------------------------+-------------------------------+---------+----+---+----+-----+
    |Total                               |                               |        0|   0|  0|   0|    0|
    +------------------------------------+-------------------------------+---------+----+---+----+-----+

    * DSP: 
    N/A

    * Memory: 
    N/A

    * FIFO: 
    N/A

    * Expression: 
    +---------------------+----------+----+---+----+------------+------------+
    |    Variable Name    | Operation| DSP| FF| LUT| Bitwidth P0| Bitwidth P1|
    +---------------------+----------+----+---+----+------------+------------+
    |add_ln148_fu_84_p2   |         +|   0|  0|  39|          32|           1|
    |icmp_ln148_fu_78_p2  |      icmp|   0|  0|  39|          32|          32|
    |ap_enable_pp0        |       xor|   0|  0|   2|           1|           2|
    +---------------------+----------+----+---+----+------------+------------+
    |Total                |          |   0|  0|  80|          65|          35|
    +---------------------+----------+----+---+----+------------+------------+

    * Multiplexer: 
    +-----------------------------+----+-----------+-----+-----------+
    |             Name            | LUT| Input Size| Bits| Total Bits|
    +-----------------------------+----+-----------+-----+-----------+
    |ap_NS_fsm                    |  87|         18|    1|         18|
    |ap_done_int                  |   9|          2|    1|          2|
    |ap_enable_reg_pp0_iter0      |   9|          2|    1|          2|
    |ap_enable_reg_pp0_iter0_reg  |   9|          2|    1|          2|
    |ap_enable_reg_pp0_iter1      |   9|          2|    1|          2|
    |ap_sig_allocacmp_i_3         |   9|          2|   32|         64|
    |empty_fu_32                  |   9|          2|   32|         64|
    |i_fu_28                      |   9|          2|   32|         64|
    +-----------------------------+----+-----------+-----+-----------+
    |Total                        | 150|         32|  101|        218|
    +-----------------------------+----+-----------+-----+-----------+

    * Register: 
    +-----------------------------+----+----+-----+-----------+
    |             Name            | FF | LUT| Bits| Const Bits|
    +-----------------------------+----+----+-----+-----------+
    |ap_CS_fsm                    |  17|   0|   17|          0|
    |ap_done_reg                  |   1|   0|    1|          0|
    |ap_enable_reg_pp0_iter0_reg  |   1|   0|    1|          0|
    |ap_enable_reg_pp0_iter1      |   1|   0|    1|          0|
    |div_i2_reg_136               |  32|   0|   32|          0|
    |empty_fu_32                  |  32|   0|   32|          0|
    |i_fu_28                      |  32|   0|   32|          0|
    +-----------------------------+----+----+-----+-----------+
    |Total                        | 116|   0|  116|          0|
    +-----------------------------+----+----+-----+-----------+



================================================================
== Interface
================================================================
* Summary: 
+----------------------+-----+-----+------------+-----------------------------------+--------------+
|       RTL Ports      | Dir | Bits|  Protocol  |           Source Object           |    C Type    |
+----------------------+-----+-----+------------+-----------------------------------+--------------+
|ap_clk                |   in|    1|  ap_ctrl_hs|  cifar10_Pipeline_VITIS_LOOP_148_2|  return value|
|ap_rst                |   in|    1|  ap_ctrl_hs|  cifar10_Pipeline_VITIS_LOOP_148_2|  return value|
|ap_start              |   in|    1|  ap_ctrl_hs|  cifar10_Pipeline_VITIS_LOOP_148_2|  return value|
|ap_done               |  out|    1|  ap_ctrl_hs|  cifar10_Pipeline_VITIS_LOOP_148_2|  return value|
|ap_idle               |  out|    1|  ap_ctrl_hs|  cifar10_Pipeline_VITIS_LOOP_148_2|  return value|
|ap_ready              |  out|    1|  ap_ctrl_hs|  cifar10_Pipeline_VITIS_LOOP_148_2|  return value|
|bitcast_ln148         |   in|   32|     ap_none|                      bitcast_ln148|        scalar|
|neurons_dense_2_size  |   in|   32|     ap_none|               neurons_dense_2_size|        scalar|
|sum_values_0_lcssa_i  |   in|   32|     ap_none|               sum_values_0_lcssa_i|        scalar|
|p_out                 |  out|   32|      ap_vld|                              p_out|       pointer|
|p_out_ap_vld          |  out|    1|      ap_vld|                              p_out|       pointer|
+----------------------+-----+-----+------------+-----------------------------------+--------------+

============================================================
+ Verbose Summary: Synthesis Manager
============================================================
InlineROM: 1
ExposeGlobal: 0
============================================================
+ Verbose Summary: CDFG Model
============================================================
IsTopModel: 0
ResetActiveHigh: 1
IsCombinational: 2
IsDatapathOnly: 2
HasWiredReturn: 1
HasMFsm: 2
HasVarLatency: 1
IsPipeline: 0
IsRtlPipelined: 0
IsInstanceOverlapped: 0
IsDontTouch: 0
HasImplIP: 0
IsGatedGlobalClock: 0

+ Individual pipeline summary: 
  * Pipeline-0: initiation interval (II) = 17, depth = 18


============================================================
+ Verbose Summary: Schedule
============================================================
* Number of FSM states : 18
* Pipeline : 1
  Pipeline-0 : II = 17, D = 18, States = { 1 2 3 4 5 6 7 8 9 10 11 12 13 14 15 16 17 18 }
* Dataflow Pipeline: 0

* FSM state transitions: 
1 --> 2 
2 --> 3 
3 --> 4 
4 --> 5 
5 --> 6 
6 --> 7 
7 --> 8 
8 --> 9 
9 --> 10 
10 --> 11 
11 --> 12 
12 --> 13 
13 --> 14 
14 --> 15 
15 --> 16 
16 --> 17 
17 --> 18 
18 --> 

* FSM state operations: 

State 1 <SV = 0> <Delay = 5.72>
ST_1 : Operation 21 [1/1] (0.00ns)   --->   "%i = alloca i32 1" [cpu_functions.cpp:148->cpu_functions.cpp:205]   --->   Operation 21 'alloca' 'i' <Predicate = true> <Delay = 0.00>
ST_1 : Operation 22 [1/1] (0.00ns)   --->   "%empty = alloca i32 1"   --->   Operation 22 'alloca' 'empty' <Predicate = true> <Delay = 0.00>
ST_1 : Operation 23 [1/1] (0.00ns)   --->   "%sum_values_0_lcssa_i_read = read i32 @_ssdm_op_Read.ap_auto.float, i32 %sum_values_0_lcssa_i"   --->   Operation 23 'read' 'sum_values_0_lcssa_i_read' <Predicate = true> <Delay = 0.00>
ST_1 : Operation 24 [1/1] (0.00ns)   --->   "%neurons_dense_2_size_read = read i32 @_ssdm_op_Read.ap_auto.i32, i32 %neurons_dense_2_size"   --->   Operation 24 'read' 'neurons_dense_2_size_read' <Predicate = true> <Delay = 0.00>
ST_1 : Operation 25 [1/1] (0.00ns)   --->   "%bitcast_ln148_read = read i32 @_ssdm_op_Read.ap_auto.float, i32 %bitcast_ln148"   --->   Operation 25 'read' 'bitcast_ln148_read' <Predicate = true> <Delay = 0.00>
ST_1 : Operation 26 [1/1] (1.58ns)   --->   "%store_ln0 = store i32 %bitcast_ln148_read, i32 %empty"   --->   Operation 26 'store' 'store_ln0' <Predicate = true> <Delay = 1.58>
ST_1 : Operation 27 [1/1] (1.58ns)   --->   "%store_ln148 = store i32 0, i32 %i" [cpu_functions.cpp:148->cpu_functions.cpp:205]   --->   Operation 27 'store' 'store_ln148' <Predicate = true> <Delay = 1.58>
ST_1 : Operation 28 [1/1] (0.00ns)   --->   "%br_ln0 = br void %for.inc12.i"   --->   Operation 28 'br' 'br_ln0' <Predicate = true> <Delay = 0.00>
ST_1 : Operation 29 [1/1] (0.00ns)   --->   "%i_3 = load i32 %i" [cpu_functions.cpp:148->cpu_functions.cpp:205]   --->   Operation 29 'load' 'i_3' <Predicate = true> <Delay = 0.00>
ST_1 : Operation 30 [1/1] (2.55ns)   --->   "%icmp_ln148 = icmp_eq  i32 %i_3, i32 %neurons_dense_2_size_read" [cpu_functions.cpp:148->cpu_functions.cpp:205]   --->   Operation 30 'icmp' 'icmp_ln148' <Predicate = true> <Delay = 2.55> <CoreInst = "Cmp">   --->   Core 9 'Cmp' <Latency = 0> <II = 1> <Delay = 2.55> <FuncUnit> <Opcode : 'seteq' 'setne' 'setle' 'setge' 'setlt' 'setgt'> <InPorts = 2> <OutPorts = 1>
ST_1 : Operation 31 [1/1] (2.55ns)   --->   "%add_ln148 = add i32 %i_3, i32 1" [cpu_functions.cpp:148->cpu_functions.cpp:205]   --->   Operation 31 'add' 'add_ln148' <Predicate = true> <Delay = 2.55> <CoreInst = "Adder">   --->   Core 1 'Adder' <Latency = 0> <II = 1> <Delay = 2.55> <FuncUnit> <Opcode : 'add' 'sub'> <InPorts = 2> <OutPorts = 1>
ST_1 : Operation 32 [1/1] (0.00ns)   --->   "%br_ln148 = br i1 %icmp_ln148, void %for.inc12.i.split, void %_Z7softmaxPKfPfi.exit.loopexit.exitStub" [cpu_functions.cpp:148->cpu_functions.cpp:205]   --->   Operation 32 'br' 'br_ln148' <Predicate = true> <Delay = 0.00>
ST_1 : Operation 33 [1/1] (1.58ns)   --->   "%store_ln148 = store i32 %add_ln148, i32 %i" [cpu_functions.cpp:148->cpu_functions.cpp:205]   --->   Operation 33 'store' 'store_ln148' <Predicate = (!icmp_ln148)> <Delay = 1.58>
ST_1 : Operation 55 [1/1] (0.00ns)   --->   "%p_load = load i32 %empty"   --->   Operation 55 'load' 'p_load' <Predicate = (icmp_ln148)> <Delay = 0.00>
ST_1 : Operation 56 [1/1] (0.00ns)   --->   "%write_ln0 = write void @_ssdm_op_Write.ap_auto.floatP0A, i32 %p_out, i32 %p_load"   --->   Operation 56 'write' 'write_ln0' <Predicate = (icmp_ln148)> <Delay = 0.00>
ST_1 : Operation 57 [1/1] (1.58ns)   --->   "%ret_ln0 = ret"   --->   Operation 57 'ret' 'ret_ln0' <Predicate = (icmp_ln148)> <Delay = 1.58>

State 2 <SV = 1> <Delay = 6.07>
ST_2 : Operation 34 [1/1] (0.00ns)   --->   "%p_load4 = load i32 %empty" [cpu_functions.cpp:150->cpu_functions.cpp:205]   --->   Operation 34 'load' 'p_load4' <Predicate = (!icmp_ln148)> <Delay = 0.00>
ST_2 : Operation 35 [16/16] (6.07ns)   --->   "%div_i2 = fdiv i32 %p_load4, i32 %sum_values_0_lcssa_i_read" [cpu_functions.cpp:150->cpu_functions.cpp:205]   --->   Operation 35 'fdiv' 'div_i2' <Predicate = (!icmp_ln148)> <Delay = 6.07> <CoreInst = "FDiv">   --->   Core 20 'FDiv' <Latency = 15> <II = 1> <Delay = 6.07> <FuncUnit> <Opcode : 'fdiv' 'frem'> <InPorts = 2> <OutPorts = 1>

State 3 <SV = 2> <Delay = 6.07>
ST_3 : Operation 36 [15/16] (6.07ns)   --->   "%div_i2 = fdiv i32 %p_load4, i32 %sum_values_0_lcssa_i_read" [cpu_functions.cpp:150->cpu_functions.cpp:205]   --->   Operation 36 'fdiv' 'div_i2' <Predicate = (!icmp_ln148)> <Delay = 6.07> <CoreInst = "FDiv">   --->   Core 20 'FDiv' <Latency = 15> <II = 1> <Delay = 6.07> <FuncUnit> <Opcode : 'fdiv' 'frem'> <InPorts = 2> <OutPorts = 1>

State 4 <SV = 3> <Delay = 6.07>
ST_4 : Operation 37 [14/16] (6.07ns)   --->   "%div_i2 = fdiv i32 %p_load4, i32 %sum_values_0_lcssa_i_read" [cpu_functions.cpp:150->cpu_functions.cpp:205]   --->   Operation 37 'fdiv' 'div_i2' <Predicate = (!icmp_ln148)> <Delay = 6.07> <CoreInst = "FDiv">   --->   Core 20 'FDiv' <Latency = 15> <II = 1> <Delay = 6.07> <FuncUnit> <Opcode : 'fdiv' 'frem'> <InPorts = 2> <OutPorts = 1>

State 5 <SV = 4> <Delay = 6.07>
ST_5 : Operation 38 [13/16] (6.07ns)   --->   "%div_i2 = fdiv i32 %p_load4, i32 %sum_values_0_lcssa_i_read" [cpu_functions.cpp:150->cpu_functions.cpp:205]   --->   Operation 38 'fdiv' 'div_i2' <Predicate = (!icmp_ln148)> <Delay = 6.07> <CoreInst = "FDiv">   --->   Core 20 'FDiv' <Latency = 15> <II = 1> <Delay = 6.07> <FuncUnit> <Opcode : 'fdiv' 'frem'> <InPorts = 2> <OutPorts = 1>

State 6 <SV = 5> <Delay = 6.07>
ST_6 : Operation 39 [12/16] (6.07ns)   --->   "%div_i2 = fdiv i32 %p_load4, i32 %sum_values_0_lcssa_i_read" [cpu_functions.cpp:150->cpu_functions.cpp:205]   --->   Operation 39 'fdiv' 'div_i2' <Predicate = (!icmp_ln148)> <Delay = 6.07> <CoreInst = "FDiv">   --->   Core 20 'FDiv' <Latency = 15> <II = 1> <Delay = 6.07> <FuncUnit> <Opcode : 'fdiv' 'frem'> <InPorts = 2> <OutPorts = 1>

State 7 <SV = 6> <Delay = 6.07>
ST_7 : Operation 40 [11/16] (6.07ns)   --->   "%div_i2 = fdiv i32 %p_load4, i32 %sum_values_0_lcssa_i_read" [cpu_functions.cpp:150->cpu_functions.cpp:205]   --->   Operation 40 'fdiv' 'div_i2' <Predicate = (!icmp_ln148)> <Delay = 6.07> <CoreInst = "FDiv">   --->   Core 20 'FDiv' <Latency = 15> <II = 1> <Delay = 6.07> <FuncUnit> <Opcode : 'fdiv' 'frem'> <InPorts = 2> <OutPorts = 1>

State 8 <SV = 7> <Delay = 6.07>
ST_8 : Operation 41 [10/16] (6.07ns)   --->   "%div_i2 = fdiv i32 %p_load4, i32 %sum_values_0_lcssa_i_read" [cpu_functions.cpp:150->cpu_functions.cpp:205]   --->   Operation 41 'fdiv' 'div_i2' <Predicate = (!icmp_ln148)> <Delay = 6.07> <CoreInst = "FDiv">   --->   Core 20 'FDiv' <Latency = 15> <II = 1> <Delay = 6.07> <FuncUnit> <Opcode : 'fdiv' 'frem'> <InPorts = 2> <OutPorts = 1>

State 9 <SV = 8> <Delay = 6.07>
ST_9 : Operation 42 [9/16] (6.07ns)   --->   "%div_i2 = fdiv i32 %p_load4, i32 %sum_values_0_lcssa_i_read" [cpu_functions.cpp:150->cpu_functions.cpp:205]   --->   Operation 42 'fdiv' 'div_i2' <Predicate = (!icmp_ln148)> <Delay = 6.07> <CoreInst = "FDiv">   --->   Core 20 'FDiv' <Latency = 15> <II = 1> <Delay = 6.07> <FuncUnit> <Opcode : 'fdiv' 'frem'> <InPorts = 2> <OutPorts = 1>

State 10 <SV = 9> <Delay = 6.07>
ST_10 : Operation 43 [8/16] (6.07ns)   --->   "%div_i2 = fdiv i32 %p_load4, i32 %sum_values_0_lcssa_i_read" [cpu_functions.cpp:150->cpu_functions.cpp:205]   --->   Operation 43 'fdiv' 'div_i2' <Predicate = (!icmp_ln148)> <Delay = 6.07> <CoreInst = "FDiv">   --->   Core 20 'FDiv' <Latency = 15> <II = 1> <Delay = 6.07> <FuncUnit> <Opcode : 'fdiv' 'frem'> <InPorts = 2> <OutPorts = 1>

State 11 <SV = 10> <Delay = 6.07>
ST_11 : Operation 44 [7/16] (6.07ns)   --->   "%div_i2 = fdiv i32 %p_load4, i32 %sum_values_0_lcssa_i_read" [cpu_functions.cpp:150->cpu_functions.cpp:205]   --->   Operation 44 'fdiv' 'div_i2' <Predicate = (!icmp_ln148)> <Delay = 6.07> <CoreInst = "FDiv">   --->   Core 20 'FDiv' <Latency = 15> <II = 1> <Delay = 6.07> <FuncUnit> <Opcode : 'fdiv' 'frem'> <InPorts = 2> <OutPorts = 1>

State 12 <SV = 11> <Delay = 6.07>
ST_12 : Operation 45 [6/16] (6.07ns)   --->   "%div_i2 = fdiv i32 %p_load4, i32 %sum_values_0_lcssa_i_read" [cpu_functions.cpp:150->cpu_functions.cpp:205]   --->   Operation 45 'fdiv' 'div_i2' <Predicate = (!icmp_ln148)> <Delay = 6.07> <CoreInst = "FDiv">   --->   Core 20 'FDiv' <Latency = 15> <II = 1> <Delay = 6.07> <FuncUnit> <Opcode : 'fdiv' 'frem'> <InPorts = 2> <OutPorts = 1>

State 13 <SV = 12> <Delay = 6.07>
ST_13 : Operation 46 [5/16] (6.07ns)   --->   "%div_i2 = fdiv i32 %p_load4, i32 %sum_values_0_lcssa_i_read" [cpu_functions.cpp:150->cpu_functions.cpp:205]   --->   Operation 46 'fdiv' 'div_i2' <Predicate = (!icmp_ln148)> <Delay = 6.07> <CoreInst = "FDiv">   --->   Core 20 'FDiv' <Latency = 15> <II = 1> <Delay = 6.07> <FuncUnit> <Opcode : 'fdiv' 'frem'> <InPorts = 2> <OutPorts = 1>

State 14 <SV = 13> <Delay = 6.07>
ST_14 : Operation 47 [4/16] (6.07ns)   --->   "%div_i2 = fdiv i32 %p_load4, i32 %sum_values_0_lcssa_i_read" [cpu_functions.cpp:150->cpu_functions.cpp:205]   --->   Operation 47 'fdiv' 'div_i2' <Predicate = (!icmp_ln148)> <Delay = 6.07> <CoreInst = "FDiv">   --->   Core 20 'FDiv' <Latency = 15> <II = 1> <Delay = 6.07> <FuncUnit> <Opcode : 'fdiv' 'frem'> <InPorts = 2> <OutPorts = 1>

State 15 <SV = 14> <Delay = 6.07>
ST_15 : Operation 48 [3/16] (6.07ns)   --->   "%div_i2 = fdiv i32 %p_load4, i32 %sum_values_0_lcssa_i_read" [cpu_functions.cpp:150->cpu_functions.cpp:205]   --->   Operation 48 'fdiv' 'div_i2' <Predicate = (!icmp_ln148)> <Delay = 6.07> <CoreInst = "FDiv">   --->   Core 20 'FDiv' <Latency = 15> <II = 1> <Delay = 6.07> <FuncUnit> <Opcode : 'fdiv' 'frem'> <InPorts = 2> <OutPorts = 1>

State 16 <SV = 15> <Delay = 6.07>
ST_16 : Operation 49 [2/16] (6.07ns)   --->   "%div_i2 = fdiv i32 %p_load4, i32 %sum_values_0_lcssa_i_read" [cpu_functions.cpp:150->cpu_functions.cpp:205]   --->   Operation 49 'fdiv' 'div_i2' <Predicate = (!icmp_ln148)> <Delay = 6.07> <CoreInst = "FDiv">   --->   Core 20 'FDiv' <Latency = 15> <II = 1> <Delay = 6.07> <FuncUnit> <Opcode : 'fdiv' 'frem'> <InPorts = 2> <OutPorts = 1>

State 17 <SV = 16> <Delay = 6.07>
ST_17 : Operation 50 [1/16] (6.07ns)   --->   "%div_i2 = fdiv i32 %p_load4, i32 %sum_values_0_lcssa_i_read" [cpu_functions.cpp:150->cpu_functions.cpp:205]   --->   Operation 50 'fdiv' 'div_i2' <Predicate = (!icmp_ln148)> <Delay = 6.07> <CoreInst = "FDiv">   --->   Core 20 'FDiv' <Latency = 15> <II = 1> <Delay = 6.07> <FuncUnit> <Opcode : 'fdiv' 'frem'> <InPorts = 2> <OutPorts = 1>

State 18 <SV = 17> <Delay = 1.58>
ST_18 : Operation 51 [1/1] (0.00ns)   --->   "%specpipeline_ln148 = specpipeline void @_ssdm_op_SpecPipeline, i32 4294967295, i32 0, i32 0, i32 0, i32 4294967295, void @empty_2" [cpu_functions.cpp:148->cpu_functions.cpp:205]   --->   Operation 51 'specpipeline' 'specpipeline_ln148' <Predicate = true> <Delay = 0.00>
ST_18 : Operation 52 [1/1] (0.00ns)   --->   "%specloopname_ln148 = specloopname void @_ssdm_op_SpecLoopName, void @empty_4" [cpu_functions.cpp:148->cpu_functions.cpp:205]   --->   Operation 52 'specloopname' 'specloopname_ln148' <Predicate = true> <Delay = 0.00>
ST_18 : Operation 53 [1/1] (1.58ns)   --->   "%store_ln150 = store i32 %div_i2, i32 %empty" [cpu_functions.cpp:150->cpu_functions.cpp:205]   --->   Operation 53 'store' 'store_ln150' <Predicate = true> <Delay = 1.58>
ST_18 : Operation 54 [1/1] (0.00ns)   --->   "%br_ln148 = br void %for.inc12.i" [cpu_functions.cpp:148->cpu_functions.cpp:205]   --->   Operation 54 'br' 'br_ln148' <Predicate = true> <Delay = 0.00>


============================================================
+ Verbose Summary: Binding
============================================================
STG Binding: 
---------------- STG Properties BEGIN ----------------
- Is combinational: 0
- Is one-state seq: 0
- Is datapath-only: 0
- Is pipelined: 0
- Is top level: 0
Port [ Return ] is wired: 1; IO mode=ap_ctrl_hs:ce=0
Port [ bitcast_ln148]:  wired=1; compound=0; hidden=0; nouse=0; global=0; static=0; extern=0; dir=0; type=0; pingpong=0; private_global=0; IO mode=ap_none:ce=0
Port [ neurons_dense_2_size]:  wired=1; compound=0; hidden=0; nouse=0; global=0; static=0; extern=0; dir=0; type=0; pingpong=0; private_global=0; IO mode=ap_none:ce=0
Port [ sum_values_0_lcssa_i]:  wired=1; compound=0; hidden=0; nouse=0; global=0; static=0; extern=0; dir=0; type=0; pingpong=0; private_global=0; IO mode=ap_none:ce=0
Port [ p_out]:  wired=1; compound=0; hidden=0; nouse=0; global=0; static=0; extern=0; dir=1; type=0; pingpong=0; private_global=0; IO mode=ap_vld:ce=0
---------------- STG Properties END ------------------

---------------- Datapath Model BEGIN ----------------

<LifeTime>
<method=bitvector/>
i                         (alloca      ) [ 0100000000000000000]
empty                     (alloca      ) [ 0111111111111111111]
sum_values_0_lcssa_i_read (read        ) [ 0011111111111111110]
neurons_dense_2_size_read (read        ) [ 0000000000000000000]
bitcast_ln148_read        (read        ) [ 0000000000000000000]
store_ln0                 (store       ) [ 0000000000000000000]
store_ln148               (store       ) [ 0000000000000000000]
br_ln0                    (br          ) [ 0000000000000000000]
i_3                       (load        ) [ 0000000000000000000]
icmp_ln148                (icmp        ) [ 0111111111111111110]
add_ln148                 (add         ) [ 0000000000000000000]
br_ln148                  (br          ) [ 0000000000000000000]
store_ln148               (store       ) [ 0000000000000000000]
p_load4                   (load        ) [ 0001111111111111110]
div_i2                    (fdiv        ) [ 0100000000000000001]
specpipeline_ln148        (specpipeline) [ 0000000000000000000]
specloopname_ln148        (specloopname) [ 0000000000000000000]
store_ln150               (store       ) [ 0000000000000000000]
br_ln148                  (br          ) [ 0000000000000000000]
p_load                    (load        ) [ 0000000000000000000]
write_ln0                 (write       ) [ 0000000000000000000]
ret_ln0                   (ret         ) [ 0000000000000000000]
</LifeTime>

<model>

<comp_list>
<comp id="0" class="1000" name="bitcast_ln148">
<pin_list>
<pin id="1" dir="1" index="0" bw="1" slack="0"/>
</pin_list>
<bind>
<StgValue><ssdm name="bitcast_ln148"/></StgValue>
</bind>
</comp>

<comp id="2" class="1000" name="neurons_dense_2_size">
<pin_list>
<pin id="3" dir="1" index="0" bw="1" slack="0"/>
</pin_list>
<bind>
<StgValue><ssdm name="neurons_dense_2_size"/></StgValue>
</bind>
</comp>

<comp id="4" class="1000" name="sum_values_0_lcssa_i">
<pin_list>
<pin id="5" dir="1" index="0" bw="1" slack="0"/>
</pin_list>
<bind>
<StgValue><ssdm name="sum_values_0_lcssa_i"/></StgValue>
</bind>
</comp>

<comp id="6" class="1000" name="p_out">
<pin_list>
<pin id="7" dir="1" index="0" bw="1" slack="0"/>
</pin_list>
<bind>
<StgValue><ssdm name="p_out"/></StgValue>
</bind>
</comp>

<comp id="8" class="1001" name="const_8">
<pin_list>
<pin id="9" dir="1" index="0" bw="1" slack="0"/>
</pin_list>
<bind>
<StgValue><ssdm name=""/></StgValue>
</bind>
</comp>

<comp id="10" class="1001" name="const_10">
<pin_list>
<pin id="11" dir="1" index="0" bw="1" slack="0"/>
</pin_list>
<bind>
<StgValue><ssdm name="_ssdm_op_Read.ap_auto.float"/></StgValue>
</bind>
</comp>

<comp id="12" class="1001" name="const_12">
<pin_list>
<pin id="13" dir="1" index="0" bw="1" slack="0"/>
</pin_list>
<bind>
<StgValue><ssdm name="_ssdm_op_Read.ap_auto.i32"/></StgValue>
</bind>
</comp>

<comp id="14" class="1001" name="const_14">
<pin_list>
<pin id="15" dir="1" index="0" bw="1" slack="0"/>
</pin_list>
<bind>
<StgValue><ssdm name=""/></StgValue>
</bind>
</comp>

<comp id="16" class="1001" name="const_16">
<pin_list>
<pin id="17" dir="1" index="0" bw="1" slack="2147483647"/>
</pin_list>
<bind>
<StgValue><ssdm name="_ssdm_op_SpecPipeline"/></StgValue>
</bind>
</comp>

<comp id="18" class="1001" name="const_18">
<pin_list>
<pin id="19" dir="1" index="0" bw="1" slack="2147483647"/>
</pin_list>
<bind>
<StgValue><ssdm name=""/></StgValue>
</bind>
</comp>

<comp id="20" class="1001" name="const_20">
<pin_list>
<pin id="21" dir="1" index="0" bw="1" slack="2147483647"/>
</pin_list>
<bind>
<StgValue><ssdm name="empty_2"/></StgValue>
</bind>
</comp>

<comp id="22" class="1001" name="const_22">
<pin_list>
<pin id="23" dir="1" index="0" bw="1" slack="2147483647"/>
</pin_list>
<bind>
<StgValue><ssdm name="_ssdm_op_SpecLoopName"/></StgValue>
</bind>
</comp>

<comp id="24" class="1001" name="const_24">
<pin_list>
<pin id="25" dir="1" index="0" bw="1" slack="2147483647"/>
</pin_list>
<bind>
<StgValue><ssdm name="empty_4"/></StgValue>
</bind>
</comp>

<comp id="26" class="1001" name="const_26">
<pin_list>
<pin id="27" dir="1" index="0" bw="1" slack="0"/>
</pin_list>
<bind>
<StgValue><ssdm name="_ssdm_op_Write.ap_auto.floatP0A"/></StgValue>
</bind>
</comp>

<comp id="28" class="1004" name="i_fu_28">
<pin_list>
<pin id="29" dir="0" index="0" bw="1" slack="0"/>
<pin id="30" dir="1" index="1" bw="32" slack="0"/>
</pin_list>
<bind>
<opcode="alloca(26) " fcode="alloca"/>
<opset="i/1 "/>
</bind>
</comp>

<comp id="32" class="1004" name="empty_fu_32">
<pin_list>
<pin id="33" dir="0" index="0" bw="1" slack="0"/>
<pin id="34" dir="1" index="1" bw="32" slack="0"/>
</pin_list>
<bind>
<opcode="alloca(26) " fcode="alloca"/>
<opset="empty/1 "/>
</bind>
</comp>

<comp id="36" class="1004" name="sum_values_0_lcssa_i_read_read_fu_36">
<pin_list>
<pin id="37" dir="0" index="0" bw="32" slack="0"/>
<pin id="38" dir="0" index="1" bw="32" slack="0"/>
<pin id="39" dir="1" index="2" bw="32" slack="1"/>
</pin_list>
<bind>
<opcode="read(1150) " fcode="read"/>
<opset="sum_values_0_lcssa_i_read/1 "/>
</bind>
</comp>

<comp id="42" class="1004" name="neurons_dense_2_size_read_read_fu_42">
<pin_list>
<pin id="43" dir="0" index="0" bw="32" slack="0"/>
<pin id="44" dir="0" index="1" bw="32" slack="0"/>
<pin id="45" dir="1" index="2" bw="32" slack="0"/>
</pin_list>
<bind>
<opcode="read(1150) " fcode="read"/>
<opset="neurons_dense_2_size_read/1 "/>
</bind>
</comp>

<comp id="48" class="1004" name="bitcast_ln148_read_read_fu_48">
<pin_list>
<pin id="49" dir="0" index="0" bw="32" slack="0"/>
<pin id="50" dir="0" index="1" bw="32" slack="0"/>
<pin id="51" dir="1" index="2" bw="32" slack="0"/>
</pin_list>
<bind>
<opcode="read(1150) " fcode="read"/>
<opset="bitcast_ln148_read/1 "/>
</bind>
</comp>

<comp id="54" class="1004" name="write_ln0_write_fu_54">
<pin_list>
<pin id="55" dir="0" index="0" bw="0" slack="0"/>
<pin id="56" dir="0" index="1" bw="32" slack="0"/>
<pin id="57" dir="0" index="2" bw="32" slack="0"/>
<pin id="58" dir="1" index="3" bw="0" slack="2147483647"/>
</pin_list>
<bind>
<opcode="write(1151) " fcode="write"/>
<opset="write_ln0/1 "/>
</bind>
</comp>

<comp id="61" class="1004" name="grp_fu_61">
<pin_list>
<pin id="62" dir="0" index="0" bw="32" slack="0"/>
<pin id="63" dir="0" index="1" bw="32" slack="1"/>
<pin id="64" dir="1" index="2" bw="32" slack="1"/>
</pin_list>
<bind>
<opcode="fdiv(16) " fcode="fdiv"/>
<opset="div_i2/2 "/>
</bind>
</comp>

<comp id="65" class="1004" name="store_ln0_store_fu_65">
<pin_list>
<pin id="66" dir="0" index="0" bw="32" slack="0"/>
<pin id="67" dir="0" index="1" bw="32" slack="0"/>
<pin id="68" dir="1" index="2" bw="0" slack="2147483647"/>
</pin_list>
<bind>
<opcode="store(28) " fcode="store"/>
<opset="store_ln0/1 "/>
</bind>
</comp>

<comp id="70" class="1004" name="store_ln148_store_fu_70">
<pin_list>
<pin id="71" dir="0" index="0" bw="1" slack="0"/>
<pin id="72" dir="0" index="1" bw="32" slack="0"/>
<pin id="73" dir="1" index="2" bw="0" slack="2147483647"/>
</pin_list>
<bind>
<opcode="store(28) " fcode="store"/>
<opset="store_ln148/1 "/>
</bind>
</comp>

<comp id="75" class="1004" name="i_3_load_fu_75">
<pin_list>
<pin id="76" dir="0" index="0" bw="32" slack="0"/>
<pin id="77" dir="1" index="1" bw="32" slack="0"/>
</pin_list>
<bind>
<opcode="load(27) " fcode="load"/>
<opset="i_3/1 "/>
</bind>
</comp>

<comp id="78" class="1004" name="icmp_ln148_fu_78">
<pin_list>
<pin id="79" dir="0" index="0" bw="32" slack="0"/>
<pin id="80" dir="0" index="1" bw="32" slack="0"/>
<pin id="81" dir="1" index="2" bw="1" slack="1"/>
</pin_list>
<bind>
<opcode="icmp(45) " fcode="icmp"/>
<opset="icmp_ln148/1 "/>
</bind>
</comp>

<comp id="84" class="1004" name="add_ln148_fu_84">
<pin_list>
<pin id="85" dir="0" index="0" bw="32" slack="0"/>
<pin id="86" dir="0" index="1" bw="1" slack="0"/>
<pin id="87" dir="1" index="2" bw="32" slack="0"/>
</pin_list>
<bind>
<opcode="add(8) " fcode="add"/>
<opset="add_ln148/1 "/>
</bind>
</comp>

<comp id="90" class="1004" name="store_ln148_store_fu_90">
<pin_list>
<pin id="91" dir="0" index="0" bw="32" slack="0"/>
<pin id="92" dir="0" index="1" bw="32" slack="0"/>
<pin id="93" dir="1" index="2" bw="0" slack="2147483647"/>
</pin_list>
<bind>
<opcode="store(28) " fcode="store"/>
<opset="store_ln148/1 "/>
</bind>
</comp>

<comp id="95" class="1004" name="p_load4_load_fu_95">
<pin_list>
<pin id="96" dir="0" index="0" bw="32" slack="1"/>
<pin id="97" dir="1" index="1" bw="32" slack="0"/>
</pin_list>
<bind>
<opcode="load(27) " fcode="load"/>
<opset="p_load4/2 "/>
</bind>
</comp>

<comp id="99" class="1004" name="store_ln150_store_fu_99">
<pin_list>
<pin id="100" dir="0" index="0" bw="32" slack="1"/>
<pin id="101" dir="0" index="1" bw="32" slack="17"/>
<pin id="102" dir="1" index="2" bw="0" slack="2147483647"/>
</pin_list>
<bind>
<opcode="store(28) " fcode="store"/>
<opset="store_ln150/18 "/>
</bind>
</comp>

<comp id="103" class="1004" name="p_load_load_fu_103">
<pin_list>
<pin id="104" dir="0" index="0" bw="32" slack="0"/>
<pin id="105" dir="1" index="1" bw="32" slack="0"/>
</pin_list>
<bind>
<opcode="load(27) " fcode="load"/>
<opset="p_load/1 "/>
</bind>
</comp>

<comp id="107" class="1005" name="i_reg_107">
<pin_list>
<pin id="108" dir="0" index="0" bw="32" slack="0"/>
<pin id="109" dir="1" index="1" bw="32" slack="0"/>
</pin_list>
<bind>
<opset="i "/>
</bind>
</comp>

<comp id="114" class="1005" name="empty_reg_114">
<pin_list>
<pin id="115" dir="0" index="0" bw="32" slack="0"/>
<pin id="116" dir="1" index="1" bw="32" slack="0"/>
</pin_list>
<bind>
<opset="empty "/>
</bind>
</comp>

<comp id="122" class="1005" name="sum_values_0_lcssa_i_read_reg_122">
<pin_list>
<pin id="123" dir="0" index="0" bw="32" slack="1"/>
<pin id="124" dir="1" index="1" bw="32" slack="1"/>
</pin_list>
<bind>
<opset="sum_values_0_lcssa_i_read "/>
</bind>
</comp>

<comp id="127" class="1005" name="icmp_ln148_reg_127">
<pin_list>
<pin id="128" dir="0" index="0" bw="1" slack="1"/>
<pin id="129" dir="1" index="1" bw="1" slack="2147483647"/>
</pin_list>
<bind>
<opset="icmp_ln148 "/>
</bind>
</comp>

<comp id="131" class="1005" name="p_load4_reg_131">
<pin_list>
<pin id="132" dir="0" index="0" bw="32" slack="1"/>
<pin id="133" dir="1" index="1" bw="32" slack="1"/>
</pin_list>
<bind>
<opset="p_load4 "/>
</bind>
</comp>

<comp id="136" class="1005" name="div_i2_reg_136">
<pin_list>
<pin id="137" dir="0" index="0" bw="32" slack="1"/>
<pin id="138" dir="1" index="1" bw="32" slack="1"/>
</pin_list>
<bind>
<opset="div_i2 "/>
</bind>
</comp>

</comp_list>

<net_list>
<net id="31"><net_src comp="8" pin="0"/><net_sink comp="28" pin=0"/></net>

<net id="35"><net_src comp="8" pin="0"/><net_sink comp="32" pin=0"/></net>

<net id="40"><net_src comp="10" pin="0"/><net_sink comp="36" pin=0"/></net>

<net id="41"><net_src comp="4" pin="0"/><net_sink comp="36" pin=1"/></net>

<net id="46"><net_src comp="12" pin="0"/><net_sink comp="42" pin=0"/></net>

<net id="47"><net_src comp="2" pin="0"/><net_sink comp="42" pin=1"/></net>

<net id="52"><net_src comp="10" pin="0"/><net_sink comp="48" pin=0"/></net>

<net id="53"><net_src comp="0" pin="0"/><net_sink comp="48" pin=1"/></net>

<net id="59"><net_src comp="26" pin="0"/><net_sink comp="54" pin=0"/></net>

<net id="60"><net_src comp="6" pin="0"/><net_sink comp="54" pin=1"/></net>

<net id="69"><net_src comp="48" pin="2"/><net_sink comp="65" pin=0"/></net>

<net id="74"><net_src comp="14" pin="0"/><net_sink comp="70" pin=0"/></net>

<net id="82"><net_src comp="75" pin="1"/><net_sink comp="78" pin=0"/></net>

<net id="83"><net_src comp="42" pin="2"/><net_sink comp="78" pin=1"/></net>

<net id="88"><net_src comp="75" pin="1"/><net_sink comp="84" pin=0"/></net>

<net id="89"><net_src comp="8" pin="0"/><net_sink comp="84" pin=1"/></net>

<net id="94"><net_src comp="84" pin="2"/><net_sink comp="90" pin=0"/></net>

<net id="98"><net_src comp="95" pin="1"/><net_sink comp="61" pin=0"/></net>

<net id="106"><net_src comp="103" pin="1"/><net_sink comp="54" pin=2"/></net>

<net id="110"><net_src comp="28" pin="1"/><net_sink comp="107" pin=0"/></net>

<net id="111"><net_src comp="107" pin="1"/><net_sink comp="70" pin=1"/></net>

<net id="112"><net_src comp="107" pin="1"/><net_sink comp="75" pin=0"/></net>

<net id="113"><net_src comp="107" pin="1"/><net_sink comp="90" pin=1"/></net>

<net id="117"><net_src comp="32" pin="1"/><net_sink comp="114" pin=0"/></net>

<net id="118"><net_src comp="114" pin="1"/><net_sink comp="65" pin=1"/></net>

<net id="119"><net_src comp="114" pin="1"/><net_sink comp="95" pin=0"/></net>

<net id="120"><net_src comp="114" pin="1"/><net_sink comp="99" pin=1"/></net>

<net id="121"><net_src comp="114" pin="1"/><net_sink comp="103" pin=0"/></net>

<net id="125"><net_src comp="36" pin="2"/><net_sink comp="122" pin=0"/></net>

<net id="126"><net_src comp="122" pin="1"/><net_sink comp="61" pin=1"/></net>

<net id="130"><net_src comp="78" pin="2"/><net_sink comp="127" pin=0"/></net>

<net id="134"><net_src comp="95" pin="1"/><net_sink comp="131" pin=0"/></net>

<net id="135"><net_src comp="131" pin="1"/><net_sink comp="61" pin=0"/></net>

<net id="139"><net_src comp="61" pin="2"/><net_sink comp="136" pin=0"/></net>

<net id="140"><net_src comp="136" pin="1"/><net_sink comp="99" pin=0"/></net>

</net_list>

</model> 
---------------- Datapath Model END ------------------

* FSMD analyzer results:
  - Output states:
	Port: p_out | {1 }
 - Input state : 
	Port: cifar10_Pipeline_VITIS_LOOP_148_2 : bitcast_ln148 | {1 }
	Port: cifar10_Pipeline_VITIS_LOOP_148_2 : neurons_dense_2_size | {1 }
	Port: cifar10_Pipeline_VITIS_LOOP_148_2 : sum_values_0_lcssa_i | {1 }
  - Chain level:
	State 1
		store_ln148 : 1
		i_3 : 1
		icmp_ln148 : 2
		add_ln148 : 2
		br_ln148 : 3
		store_ln148 : 3
		p_load : 1
		write_ln0 : 2
	State 2
		div_i2 : 1
	State 3
	State 4
	State 5
	State 6
	State 7
	State 8
	State 9
	State 10
	State 11
	State 12
	State 13
	State 14
	State 15
	State 16
	State 17
	State 18


============================================================
+ Verbose Summary: Datapath Resource usage 
============================================================

* Functional unit list:
|----------|--------------------------------------|---------|---------|
| Operation|            Functional Unit           |    FF   |   LUT   |
|----------|--------------------------------------|---------|---------|
|   icmp   |           icmp_ln148_fu_78           |    0    |    39   |
|----------|--------------------------------------|---------|---------|
|    add   |            add_ln148_fu_84           |    0    |    39   |
|----------|--------------------------------------|---------|---------|
|          | sum_values_0_lcssa_i_read_read_fu_36 |    0    |    0    |
|   read   | neurons_dense_2_size_read_read_fu_42 |    0    |    0    |
|          |     bitcast_ln148_read_read_fu_48    |    0    |    0    |
|----------|--------------------------------------|---------|---------|
|   write  |         write_ln0_write_fu_54        |    0    |    0    |
|----------|--------------------------------------|---------|---------|
|   fdiv   |               grp_fu_61              |    0    |    0    |
|----------|--------------------------------------|---------|---------|
|   Total  |                                      |    0    |    78   |
|----------|--------------------------------------|---------|---------|

Memories:
N/A

* Register list:
+---------------------------------+--------+
|                                 |   FF   |
+---------------------------------+--------+
|          div_i2_reg_136         |   32   |
|          empty_reg_114          |   32   |
|            i_reg_107            |   32   |
|        icmp_ln148_reg_127       |    1   |
|         p_load4_reg_131         |   32   |
|sum_values_0_lcssa_i_read_reg_122|   32   |
+---------------------------------+--------+
|              Total              |   161  |
+---------------------------------+--------+

* Multiplexer (MUX) list: 
|-----------|------|------|------|--------||---------||---------||---------|
|    Comp   |  Pin | Size |  BW  | S x BW ||  Delay  ||    FF   ||   LUT   |
|-----------|------|------|------|--------||---------||---------||---------|
| grp_fu_61 |  p0  |   2  |  32  |   64   ||    0    ||    9    |
|-----------|------|------|------|--------||---------||---------||---------|
|   Total   |      |      |      |   64   ||  1.588  ||    0    ||    9    |
|-----------|------|------|------|--------||---------||---------||---------|



* Summary:
+-----------+--------+--------+--------+
|           |  Delay |   FF   |   LUT  |
+-----------+--------+--------+--------+
|  Function |    -   |    0   |   78   |
|   Memory  |    -   |    -   |    -   |
|Multiplexer|    1   |    0   |    9   |
|  Register |    -   |   161  |    -   |
+-----------+--------+--------+--------+
|   Total   |    1   |   161  |   87   |
+-----------+--------+--------+--------+
