

================================================================
== Vitis HLS Report for 'cifar10_Pipeline_VITIS_LOOP_72_15'
================================================================
* Date:           Mon May  4 21:47:30 2026

* Version:        2025.2 (Build 6295257 on Nov 14 2025)
* Project:        proj_cifar10_multiple
* Solution:       fsolution (Vivado IP Flow Target)
* Product family: zynq
* Target device:  xc7z020-clg484-1


================================================================
== Performance Estimates
================================================================
+ Timing: 
    * Summary: 
    +--------+----------+----------+------------+
    |  Clock |  Target  | Estimated| Uncertainty|
    +--------+----------+----------+------------+
    |ap_clk  |  10.00 ns|  7.019 ns|     2.70 ns|
    +--------+----------+----------+------------+

+ Latency: 
    * Summary: 
    +---------+---------+-----------+----------+-----+-----+-------------------+
    |  Latency (cycles) |  Latency (absolute)  |  Interval |      Pipeline     |
    |   min   |   max   |    min    |    max   | min | max |        Type       |
    +---------+---------+-----------+----------+-----+-----+-------------------+
    |        4|        ?|  40.000 ns|         ?|    0|    0|  loop pipeline stp|
    +---------+---------+-----------+----------+-----+-----+-------------------+

    + Detail: 
        * Instance: 
        N/A

        * Loop: 
        +-------------------+---------+---------+----------+-----------+-----------+-------+----------+
        |                   |  Latency (cycles) | Iteration|  Initiation Interval  |  Trip |          |
        |     Loop Name     |   min   |   max   |  Latency |  achieved |   target  | Count | Pipelined|
        +-------------------+---------+---------+----------+-----------+-----------+-------+----------+
        |- VITIS_LOOP_72_1  |        2|        ?|         3|          2|          1|  1 ~ ?|       yes|
        +-------------------+---------+---------+----------+-----------+-----------+-------+----------+

============================================================
+ Verbose Summary: Synthesis Manager
============================================================
InlineROM: 1
ExposeGlobal: 0
============================================================
+ Verbose Summary: CDFG Model
============================================================
IsTopModel: 0
ResetActiveHigh: 1
IsCombinational: 0
IsDatapathOnly: 0
HasWiredReturn: 1
HasMFsm: 2
HasVarLatency: 1
IsPipeline: 0
IsRtlPipelined: 0
IsInstanceOverlapped: 0
IsDontTouch: 0
HasImplIP: 0
IsGatedGlobalClock: 0

+ Individual pipeline summary: 
  * Pipeline-0: initiation interval (II) = 2, depth = 4


============================================================
+ Verbose Summary: Schedule
============================================================
* Number of FSM states : 4
* Pipeline : 1
  Pipeline-0 : II = 2, D = 4, States = { 1 2 3 4 }
* Dataflow Pipeline: 0

* FSM state transitions: 
1 --> 2 
2 --> 3 
3 --> 4 
4 --> 

* FSM state operations: 

State 1 <SV = 0> <Delay = 1.58>
ST_1 : Operation 6 [1/1] (0.00ns)   --->   "%p_phi44 = alloca i32 1"   --->   Operation 6 'alloca' 'p_phi44' <Predicate = true> <Delay = 0.00>
ST_1 : Operation 7 [1/1] (0.00ns)   --->   "%i = alloca i32 1" [cpu_functions.cpp:72->cpu_functions.cpp:202]   --->   Operation 7 'alloca' 'i' <Predicate = true> <Delay = 0.00>
ST_1 : Operation 8 [1/1] (0.00ns)   --->   "%empty = alloca i32 1"   --->   Operation 8 'alloca' 'empty' <Predicate = true> <Delay = 0.00>
ST_1 : Operation 9 [1/1] (0.00ns)   --->   "%neurons_dense_2_size_read = read i32 @_ssdm_op_Read.ap_auto.i32, i32 %neurons_dense_2_size"   --->   Operation 9 'read' 'neurons_dense_2_size_read' <Predicate = true> <Delay = 0.00>
ST_1 : Operation 10 [1/1] (0.00ns)   --->   "%acumulated_2_reload_read = read i32 @_ssdm_op_Read.ap_auto.float, i32 %acumulated_2_reload"   --->   Operation 10 'read' 'acumulated_2_reload_read' <Predicate = true> <Delay = 0.00>
ST_1 : Operation 11 [1/1] (1.58ns)   --->   "%store_ln0 = store i32 %acumulated_2_reload_read, i32 %empty"   --->   Operation 11 'store' 'store_ln0' <Predicate = true> <Delay = 1.58>
ST_1 : Operation 12 [1/1] (1.58ns)   --->   "%store_ln72 = store i32 0, i32 %i" [cpu_functions.cpp:72->cpu_functions.cpp:202]   --->   Operation 12 'store' 'store_ln72' <Predicate = true> <Delay = 1.58>
ST_1 : Operation 13 [1/1] (0.00ns)   --->   "%br_ln0 = br void %for.body.i174"   --->   Operation 13 'br' 'br_ln0' <Predicate = true> <Delay = 0.00>

State 2 <SV = 1> <Delay = 5.43>
ST_2 : Operation 14 [1/1] (0.00ns)   --->   "%i_1 = load i32 %i" [cpu_functions.cpp:72->cpu_functions.cpp:202]   --->   Operation 14 'load' 'i_1' <Predicate = true> <Delay = 0.00>
ST_2 : Operation 15 [1/1] (2.55ns)   --->   "%icmp_ln72 = icmp_eq  i32 %i_1, i32 %neurons_dense_2_size_read" [cpu_functions.cpp:72->cpu_functions.cpp:202]   --->   Operation 15 'icmp' 'icmp_ln72' <Predicate = true> <Delay = 2.55> <CoreInst = "Cmp">   --->   Core 9 'Cmp' <Latency = 0> <II = 1> <Delay = 2.55> <FuncUnit> <Opcode : 'seteq' 'setne' 'setle' 'setge' 'setlt' 'setgt'> <InPorts = 2> <OutPorts = 1>
ST_2 : Operation 16 [1/1] (0.00ns)   --->   "%empty_59 = speclooptripcount i32 @_ssdm_op_SpecLoopTripCount, i64 1, i64 18446744073709551615, i64 0"   --->   Operation 16 'speclooptripcount' 'empty_59' <Predicate = true> <Delay = 0.00>
ST_2 : Operation 17 [1/1] (2.55ns)   --->   "%add_ln72 = add i32 %i_1, i32 1" [cpu_functions.cpp:72->cpu_functions.cpp:202]   --->   Operation 17 'add' 'add_ln72' <Predicate = true> <Delay = 2.55> <CoreInst = "Adder">   --->   Core 1 'Adder' <Latency = 0> <II = 1> <Delay = 2.55> <FuncUnit> <Opcode : 'add' 'sub'> <InPorts = 2> <OutPorts = 1>
ST_2 : Operation 18 [1/1] (0.00ns)   --->   "%br_ln72 = br i1 %icmp_ln72, void %for.body.i174.split, void %for.inc.lr.ph.i186.exitStub" [cpu_functions.cpp:72->cpu_functions.cpp:202]   --->   Operation 18 'br' 'br_ln72' <Predicate = true> <Delay = 0.00>
ST_2 : Operation 19 [1/1] (0.00ns)   --->   "%p_load4 = load i32 %empty" [cpu_functions.cpp:74->cpu_functions.cpp:202]   --->   Operation 19 'load' 'p_load4' <Predicate = (!icmp_ln72)> <Delay = 0.00>
ST_2 : Operation 20 [2/2] (5.43ns)   --->   "%tmp_27 = fcmp_ogt  i32 %p_load4, i32 0" [cpu_functions.cpp:74->cpu_functions.cpp:202]   --->   Operation 20 'fcmp' 'tmp_27' <Predicate = (!icmp_ln72)> <Delay = 5.43> <CoreInst = "FCompare">   --->   Core 19 'FCompare' <Latency = 1> <II = 1> <Delay = 5.43> <FuncUnit> <Opcode : 'fcmp'> <InPorts = 2> <OutPorts = 1>
ST_2 : Operation 21 [1/1] (1.58ns)   --->   "%store_ln72 = store i32 %add_ln72, i32 %i" [cpu_functions.cpp:72->cpu_functions.cpp:202]   --->   Operation 21 'store' 'store_ln72' <Predicate = (!icmp_ln72)> <Delay = 1.58>
ST_2 : Operation 37 [1/1] (0.00ns)   --->   "%p_phi44_load = load i32 %p_phi44"   --->   Operation 37 'load' 'p_phi44_load' <Predicate = (icmp_ln72)> <Delay = 0.00>
ST_2 : Operation 38 [1/1] (0.00ns)   --->   "%p_load = load i32 %empty"   --->   Operation 38 'load' 'p_load' <Predicate = (icmp_ln72)> <Delay = 0.00>
ST_2 : Operation 39 [1/1] (0.00ns)   --->   "%write_ln0 = write void @_ssdm_op_Write.ap_auto.floatP0A, i32 %p_out, i32 %p_load"   --->   Operation 39 'write' 'write_ln0' <Predicate = (icmp_ln72)> <Delay = 0.00>
ST_2 : Operation 40 [1/1] (0.00ns)   --->   "%write_ln0 = write void @_ssdm_op_Write.ap_auto.i32P0A, i32 %p_phi44_out, i32 %p_phi44_load"   --->   Operation 40 'write' 'write_ln0' <Predicate = (icmp_ln72)> <Delay = 0.00>
ST_2 : Operation 41 [1/1] (1.58ns)   --->   "%ret_ln0 = ret"   --->   Operation 41 'ret' 'ret_ln0' <Predicate = (icmp_ln72)> <Delay = 1.58>

State 3 <SV = 2> <Delay = 6.40>
ST_3 : Operation 22 [1/1] (0.00ns)   --->   "%bitcast_ln74 = bitcast i32 %p_load4" [cpu_functions.cpp:74->cpu_functions.cpp:202]   --->   Operation 22 'bitcast' 'bitcast_ln74' <Predicate = (!icmp_ln72)> <Delay = 0.00>
ST_3 : Operation 23 [1/1] (0.00ns)   --->   "%tmp_26 = partselect i8 @_ssdm_op_PartSelect.i8.i32.i32.i32, i32 %bitcast_ln74, i32 23, i32 30" [cpu_functions.cpp:74->cpu_functions.cpp:202]   --->   Operation 23 'partselect' 'tmp_26' <Predicate = (!icmp_ln72)> <Delay = 0.00>
ST_3 : Operation 24 [1/1] (0.00ns)   --->   "%trunc_ln74 = trunc i32 %bitcast_ln74" [cpu_functions.cpp:74->cpu_functions.cpp:202]   --->   Operation 24 'trunc' 'trunc_ln74' <Predicate = (!icmp_ln72)> <Delay = 0.00>
ST_3 : Operation 25 [1/1] (1.91ns)   --->   "%icmp_ln74 = icmp_ne  i8 %tmp_26, i8 255" [cpu_functions.cpp:74->cpu_functions.cpp:202]   --->   Operation 25 'icmp' 'icmp_ln74' <Predicate = (!icmp_ln72)> <Delay = 1.91> <CoreInst = "Cmp">   --->   Core 9 'Cmp' <Latency = 0> <II = 1> <Delay = 1.91> <FuncUnit> <Opcode : 'seteq' 'setne' 'setle' 'setge' 'setlt' 'setgt'> <InPorts = 2> <OutPorts = 1>
ST_3 : Operation 26 [1/1] (2.28ns)   --->   "%icmp_ln74_1 = icmp_eq  i23 %trunc_ln74, i23 0" [cpu_functions.cpp:74->cpu_functions.cpp:202]   --->   Operation 26 'icmp' 'icmp_ln74_1' <Predicate = (!icmp_ln72)> <Delay = 2.28> <CoreInst = "Cmp">   --->   Core 9 'Cmp' <Latency = 0> <II = 1> <Delay = 2.28> <FuncUnit> <Opcode : 'seteq' 'setne' 'setle' 'setge' 'setlt' 'setgt'> <InPorts = 2> <OutPorts = 1>
ST_3 : Operation 27 [1/1] (0.00ns) (grouped into LUT with out node select_ln74)   --->   "%or_ln74 = or i1 %icmp_ln74_1, i1 %icmp_ln74" [cpu_functions.cpp:74->cpu_functions.cpp:202]   --->   Operation 27 'or' 'or_ln74' <Predicate = (!icmp_ln72)> <Delay = 0.00> <CoreInst = "LogicGate">   --->   Core 74 'LogicGate' <Latency = 0> <II = 1> <Delay = 0.97> <FuncUnit> <Opcode : 'and' 'or' 'xor'> <InPorts = 2> <OutPorts = 1>
ST_3 : Operation 28 [1/2] (5.43ns)   --->   "%tmp_27 = fcmp_ogt  i32 %p_load4, i32 0" [cpu_functions.cpp:74->cpu_functions.cpp:202]   --->   Operation 28 'fcmp' 'tmp_27' <Predicate = (!icmp_ln72)> <Delay = 5.43> <CoreInst = "FCompare">   --->   Core 19 'FCompare' <Latency = 1> <II = 1> <Delay = 5.43> <FuncUnit> <Opcode : 'fcmp'> <InPorts = 2> <OutPorts = 1>
ST_3 : Operation 29 [1/1] (0.00ns) (grouped into LUT with out node select_ln74)   --->   "%and_ln74 = and i1 %or_ln74, i1 %tmp_27" [cpu_functions.cpp:74->cpu_functions.cpp:202]   --->   Operation 29 'and' 'and_ln74' <Predicate = (!icmp_ln72)> <Delay = 0.00> <CoreInst = "LogicGate">   --->   Core 74 'LogicGate' <Latency = 0> <II = 1> <Delay = 0.97> <FuncUnit> <Opcode : 'and' 'or' 'xor'> <InPorts = 2> <OutPorts = 1>
ST_3 : Operation 30 [1/1] (0.97ns) (out node of the LUT)   --->   "%select_ln74 = select i1 %and_ln74, i32 %p_load4, i32 0" [cpu_functions.cpp:74->cpu_functions.cpp:202]   --->   Operation 30 'select' 'select_ln74' <Predicate = (!icmp_ln72)> <Delay = 0.97> <CoreInst = "Sel">   --->   Core 73 'Sel' <Latency = 0> <II = 1> <Delay = 0.69> <FuncUnit> <Opcode : 'select'> <InPorts = 3> <OutPorts = 1>
ST_3 : Operation 31 [1/1] (0.00ns)   --->   "%empty_60 = bitcast i32 %select_ln74" [cpu_functions.cpp:74->cpu_functions.cpp:202]   --->   Operation 31 'bitcast' 'empty_60' <Predicate = (!icmp_ln72)> <Delay = 0.00>
ST_3 : Operation 32 [1/1] (0.00ns)   --->   "%store_ln74 = store i32 %empty_60, i32 %p_phi44" [cpu_functions.cpp:74->cpu_functions.cpp:202]   --->   Operation 32 'store' 'store_ln74' <Predicate = (!icmp_ln72)> <Delay = 0.00>

State 4 <SV = 3> <Delay = 7.01>
ST_4 : Operation 33 [1/1] (0.00ns)   --->   "%specpipeline_ln72 = specpipeline void @_ssdm_op_SpecPipeline, i32 4294967295, i32 0, i32 0, i32 0, i32 4294967295, void @empty_2" [cpu_functions.cpp:72->cpu_functions.cpp:202]   --->   Operation 33 'specpipeline' 'specpipeline_ln72' <Predicate = true> <Delay = 0.00>
ST_4 : Operation 34 [1/1] (0.00ns)   --->   "%specloopname_ln72 = specloopname void @_ssdm_op_SpecLoopName, void @empty_7" [cpu_functions.cpp:72->cpu_functions.cpp:202]   --->   Operation 34 'specloopname' 'specloopname_ln72' <Predicate = true> <Delay = 0.00>
ST_4 : Operation 35 [1/1] (1.58ns)   --->   "%store_ln74 = store i32 %select_ln74, i32 %empty" [cpu_functions.cpp:74->cpu_functions.cpp:202]   --->   Operation 35 'store' 'store_ln74' <Predicate = true> <Delay = 1.58>
ST_4 : Operation 36 [1/1] (0.00ns)   --->   "%br_ln72 = br void %for.body.i174" [cpu_functions.cpp:72->cpu_functions.cpp:202]   --->   Operation 36 'br' 'br_ln72' <Predicate = true> <Delay = 0.00>


============================================================
+ Verbose Summary: Binding
============================================================
STG Binding: 
---------------- STG Properties BEGIN ----------------
- Is combinational: 0
- Is one-state seq: 0
- Is datapath-only: 0
- Is pipelined: 0
- Is top level: 0
Port [ Return ] is wired: 1; IO mode=ap_ctrl_hs:ce=0
Port [ acumulated_2_reload]:  wired=1; compound=0; hidden=0; nouse=0; global=0; static=0; extern=0; dir=0; type=0; pingpong=0; private_global=0; IO mode=ap_none:ce=0
Port [ neurons_dense_2_size]:  wired=1; compound=0; hidden=0; nouse=0; global=0; static=0; extern=0; dir=0; type=0; pingpong=0; private_global=0; IO mode=ap_none:ce=0
Port [ p_out]:  wired=1; compound=0; hidden=0; nouse=0; global=0; static=0; extern=0; dir=1; type=0; pingpong=0; private_global=0; IO mode=ap_vld:ce=0
Port [ p_phi44_out]:  wired=1; compound=0; hidden=0; nouse=0; global=0; static=0; extern=0; dir=1; type=0; pingpong=0; private_global=0; IO mode=ap_vld:ce=0
---------------- STG Properties END ------------------

---------------- Datapath Model BEGIN ----------------

<LifeTime>
<method=bitvector/>
p_phi44                   (alloca           ) [ 01110]
i                         (alloca           ) [ 01100]
empty                     (alloca           ) [ 01111]
neurons_dense_2_size_read (read             ) [ 00100]
acumulated_2_reload_read  (read             ) [ 00000]
store_ln0                 (store            ) [ 00000]
store_ln72                (store            ) [ 00000]
br_ln0                    (br               ) [ 00000]
i_1                       (load             ) [ 00000]
icmp_ln72                 (icmp             ) [ 01110]
empty_59                  (speclooptripcount) [ 00000]
add_ln72                  (add              ) [ 00000]
br_ln72                   (br               ) [ 00000]
p_load4                   (load             ) [ 01010]
store_ln72                (store            ) [ 00000]
bitcast_ln74              (bitcast          ) [ 00000]
tmp_26                    (partselect       ) [ 00000]
trunc_ln74                (trunc            ) [ 00000]
icmp_ln74                 (icmp             ) [ 00000]
icmp_ln74_1               (icmp             ) [ 00000]
or_ln74                   (or               ) [ 00000]
tmp_27                    (fcmp             ) [ 00000]
and_ln74                  (and              ) [ 00000]
select_ln74               (select           ) [ 00101]
empty_60                  (bitcast          ) [ 00000]
store_ln74                (store            ) [ 00000]
specpipeline_ln72         (specpipeline     ) [ 00000]
specloopname_ln72         (specloopname     ) [ 00000]
store_ln74                (store            ) [ 00000]
br_ln72                   (br               ) [ 00000]
p_phi44_load              (load             ) [ 00000]
p_load                    (load             ) [ 00000]
write_ln0                 (write            ) [ 00000]
write_ln0                 (write            ) [ 00000]
ret_ln0                   (ret              ) [ 00000]
</LifeTime>

<model>

<comp_list>
<comp id="0" class="1000" name="acumulated_2_reload">
<pin_list>
<pin id="1" dir="1" index="0" bw="1" slack="0"/>
</pin_list>
<bind>
<StgValue><ssdm name="acumulated_2_reload"/></StgValue>
</bind>
</comp>

<comp id="2" class="1000" name="neurons_dense_2_size">
<pin_list>
<pin id="3" dir="1" index="0" bw="1" slack="0"/>
</pin_list>
<bind>
<StgValue><ssdm name="neurons_dense_2_size"/></StgValue>
</bind>
</comp>

<comp id="4" class="1000" name="p_out">
<pin_list>
<pin id="5" dir="1" index="0" bw="1" slack="0"/>
</pin_list>
<bind>
<StgValue><ssdm name="p_out"/></StgValue>
</bind>
</comp>

<comp id="6" class="1000" name="p_phi44_out">
<pin_list>
<pin id="7" dir="1" index="0" bw="1" slack="0"/>
</pin_list>
<bind>
<StgValue><ssdm name="p_phi44_out"/></StgValue>
</bind>
</comp>

<comp id="8" class="1001" name="const_8">
<pin_list>
<pin id="9" dir="1" index="0" bw="1" slack="0"/>
</pin_list>
<bind>
<StgValue><ssdm name=""/></StgValue>
</bind>
</comp>

<comp id="10" class="1001" name="const_10">
<pin_list>
<pin id="11" dir="1" index="0" bw="1" slack="0"/>
</pin_list>
<bind>
<StgValue><ssdm name="_ssdm_op_Read.ap_auto.i32"/></StgValue>
</bind>
</comp>

<comp id="12" class="1001" name="const_12">
<pin_list>
<pin id="13" dir="1" index="0" bw="1" slack="0"/>
</pin_list>
<bind>
<StgValue><ssdm name="_ssdm_op_Read.ap_auto.float"/></StgValue>
</bind>
</comp>

<comp id="14" class="1001" name="const_14">
<pin_list>
<pin id="15" dir="1" index="0" bw="1" slack="0"/>
</pin_list>
<bind>
<StgValue><ssdm name=""/></StgValue>
</bind>
</comp>

<comp id="16" class="1001" name="const_16">
<pin_list>
<pin id="17" dir="1" index="0" bw="1" slack="2147483647"/>
</pin_list>
<bind>
<StgValue><ssdm name="_ssdm_op_SpecLoopTripCount"/></StgValue>
</bind>
</comp>

<comp id="18" class="1001" name="const_18">
<pin_list>
<pin id="19" dir="1" index="0" bw="1" slack="2147483647"/>
</pin_list>
<bind>
<StgValue><ssdm name=""/></StgValue>
</bind>
</comp>

<comp id="20" class="1001" name="const_20">
<pin_list>
<pin id="21" dir="1" index="0" bw="1" slack="2147483647"/>
</pin_list>
<bind>
<StgValue><ssdm name=""/></StgValue>
</bind>
</comp>

<comp id="22" class="1001" name="const_22">
<pin_list>
<pin id="23" dir="1" index="0" bw="1" slack="2147483647"/>
</pin_list>
<bind>
<StgValue><ssdm name=""/></StgValue>
</bind>
</comp>

<comp id="24" class="1001" name="const_24">
<pin_list>
<pin id="25" dir="1" index="0" bw="1" slack="0"/>
</pin_list>
<bind>
<StgValue><ssdm name=""/></StgValue>
</bind>
</comp>

<comp id="26" class="1001" name="const_26">
<pin_list>
<pin id="27" dir="1" index="0" bw="1" slack="0"/>
</pin_list>
<bind>
<StgValue><ssdm name="_ssdm_op_PartSelect.i8.i32.i32.i32"/></StgValue>
</bind>
</comp>

<comp id="28" class="1001" name="const_28">
<pin_list>
<pin id="29" dir="1" index="0" bw="1" slack="0"/>
</pin_list>
<bind>
<StgValue><ssdm name=""/></StgValue>
</bind>
</comp>

<comp id="30" class="1001" name="const_30">
<pin_list>
<pin id="31" dir="1" index="0" bw="1" slack="0"/>
</pin_list>
<bind>
<StgValue><ssdm name=""/></StgValue>
</bind>
</comp>

<comp id="32" class="1001" name="const_32">
<pin_list>
<pin id="33" dir="1" index="0" bw="1" slack="0"/>
</pin_list>
<bind>
<StgValue><ssdm name=""/></StgValue>
</bind>
</comp>

<comp id="34" class="1001" name="const_34">
<pin_list>
<pin id="35" dir="1" index="0" bw="1" slack="0"/>
</pin_list>
<bind>
<StgValue><ssdm name=""/></StgValue>
</bind>
</comp>

<comp id="36" class="1001" name="const_36">
<pin_list>
<pin id="37" dir="1" index="0" bw="1" slack="2147483647"/>
</pin_list>
<bind>
<StgValue><ssdm name="_ssdm_op_SpecPipeline"/></StgValue>
</bind>
</comp>

<comp id="38" class="1001" name="const_38">
<pin_list>
<pin id="39" dir="1" index="0" bw="1" slack="2147483647"/>
</pin_list>
<bind>
<StgValue><ssdm name=""/></StgValue>
</bind>
</comp>

<comp id="40" class="1001" name="const_40">
<pin_list>
<pin id="41" dir="1" index="0" bw="1" slack="2147483647"/>
</pin_list>
<bind>
<StgValue><ssdm name="empty_2"/></StgValue>
</bind>
</comp>

<comp id="42" class="1001" name="const_42">
<pin_list>
<pin id="43" dir="1" index="0" bw="1" slack="2147483647"/>
</pin_list>
<bind>
<StgValue><ssdm name="_ssdm_op_SpecLoopName"/></StgValue>
</bind>
</comp>

<comp id="44" class="1001" name="const_44">
<pin_list>
<pin id="45" dir="1" index="0" bw="1" slack="2147483647"/>
</pin_list>
<bind>
<StgValue><ssdm name="empty_7"/></StgValue>
</bind>
</comp>

<comp id="46" class="1001" name="const_46">
<pin_list>
<pin id="47" dir="1" index="0" bw="1" slack="0"/>
</pin_list>
<bind>
<StgValue><ssdm name="_ssdm_op_Write.ap_auto.floatP0A"/></StgValue>
</bind>
</comp>

<comp id="48" class="1001" name="const_48">
<pin_list>
<pin id="49" dir="1" index="0" bw="1" slack="0"/>
</pin_list>
<bind>
<StgValue><ssdm name="_ssdm_op_Write.ap_auto.i32P0A"/></StgValue>
</bind>
</comp>

<comp id="50" class="1004" name="p_phi44_fu_50">
<pin_list>
<pin id="51" dir="0" index="0" bw="1" slack="0"/>
<pin id="52" dir="1" index="1" bw="32" slack="1"/>
</pin_list>
<bind>
<opcode="alloca(26) " fcode="alloca"/>
<opset="p_phi44/1 "/>
</bind>
</comp>

<comp id="54" class="1004" name="i_fu_54">
<pin_list>
<pin id="55" dir="0" index="0" bw="1" slack="0"/>
<pin id="56" dir="1" index="1" bw="32" slack="0"/>
</pin_list>
<bind>
<opcode="alloca(26) " fcode="alloca"/>
<opset="i/1 "/>
</bind>
</comp>

<comp id="58" class="1004" name="empty_fu_58">
<pin_list>
<pin id="59" dir="0" index="0" bw="1" slack="0"/>
<pin id="60" dir="1" index="1" bw="32" slack="0"/>
</pin_list>
<bind>
<opcode="alloca(26) " fcode="alloca"/>
<opset="empty/1 "/>
</bind>
</comp>

<comp id="62" class="1004" name="neurons_dense_2_size_read_read_fu_62">
<pin_list>
<pin id="63" dir="0" index="0" bw="32" slack="0"/>
<pin id="64" dir="0" index="1" bw="32" slack="0"/>
<pin id="65" dir="1" index="2" bw="32" slack="1"/>
</pin_list>
<bind>
<opcode="read(1150) " fcode="read"/>
<opset="neurons_dense_2_size_read/1 "/>
</bind>
</comp>

<comp id="68" class="1004" name="acumulated_2_reload_read_read_fu_68">
<pin_list>
<pin id="69" dir="0" index="0" bw="32" slack="0"/>
<pin id="70" dir="0" index="1" bw="32" slack="0"/>
<pin id="71" dir="1" index="2" bw="32" slack="0"/>
</pin_list>
<bind>
<opcode="read(1150) " fcode="read"/>
<opset="acumulated_2_reload_read/1 "/>
</bind>
</comp>

<comp id="74" class="1004" name="write_ln0_write_fu_74">
<pin_list>
<pin id="75" dir="0" index="0" bw="0" slack="0"/>
<pin id="76" dir="0" index="1" bw="32" slack="0"/>
<pin id="77" dir="0" index="2" bw="32" slack="0"/>
<pin id="78" dir="1" index="3" bw="0" slack="2147483647"/>
</pin_list>
<bind>
<opcode="write(1151) " fcode="write"/>
<opset="write_ln0/2 "/>
</bind>
</comp>

<comp id="81" class="1004" name="write_ln0_write_fu_81">
<pin_list>
<pin id="82" dir="0" index="0" bw="0" slack="0"/>
<pin id="83" dir="0" index="1" bw="32" slack="0"/>
<pin id="84" dir="0" index="2" bw="32" slack="0"/>
<pin id="85" dir="1" index="3" bw="0" slack="2147483647"/>
</pin_list>
<bind>
<opcode="write(1151) " fcode="write"/>
<opset="write_ln0/2 "/>
</bind>
</comp>

<comp id="88" class="1004" name="grp_fu_88">
<pin_list>
<pin id="89" dir="0" index="0" bw="32" slack="0"/>
<pin id="90" dir="0" index="1" bw="32" slack="0"/>
<pin id="91" dir="1" index="2" bw="1" slack="0"/>
</pin_list>
<bind>
<opcode="fcmp(46) " fcode="fcmp"/>
<opset="tmp_27/2 "/>
</bind>
</comp>

<comp id="93" class="1004" name="store_ln0_store_fu_93">
<pin_list>
<pin id="94" dir="0" index="0" bw="32" slack="0"/>
<pin id="95" dir="0" index="1" bw="32" slack="0"/>
<pin id="96" dir="1" index="2" bw="0" slack="2147483647"/>
</pin_list>
<bind>
<opcode="store(28) " fcode="store"/>
<opset="store_ln0/1 "/>
</bind>
</comp>

<comp id="98" class="1004" name="store_ln72_store_fu_98">
<pin_list>
<pin id="99" dir="0" index="0" bw="1" slack="0"/>
<pin id="100" dir="0" index="1" bw="32" slack="0"/>
<pin id="101" dir="1" index="2" bw="0" slack="2147483647"/>
</pin_list>
<bind>
<opcode="store(28) " fcode="store"/>
<opset="store_ln72/1 "/>
</bind>
</comp>

<comp id="103" class="1004" name="i_1_load_fu_103">
<pin_list>
<pin id="104" dir="0" index="0" bw="32" slack="1"/>
<pin id="105" dir="1" index="1" bw="32" slack="0"/>
</pin_list>
<bind>
<opcode="load(27) " fcode="load"/>
<opset="i_1/2 "/>
</bind>
</comp>

<comp id="106" class="1004" name="icmp_ln72_fu_106">
<pin_list>
<pin id="107" dir="0" index="0" bw="32" slack="0"/>
<pin id="108" dir="0" index="1" bw="32" slack="1"/>
<pin id="109" dir="1" index="2" bw="1" slack="1"/>
</pin_list>
<bind>
<opcode="icmp(45) " fcode="icmp"/>
<opset="icmp_ln72/2 "/>
</bind>
</comp>

<comp id="111" class="1004" name="add_ln72_fu_111">
<pin_list>
<pin id="112" dir="0" index="0" bw="32" slack="0"/>
<pin id="113" dir="0" index="1" bw="1" slack="0"/>
<pin id="114" dir="1" index="2" bw="32" slack="0"/>
</pin_list>
<bind>
<opcode="add(8) " fcode="add"/>
<opset="add_ln72/2 "/>
</bind>
</comp>

<comp id="117" class="1004" name="p_load4_load_fu_117">
<pin_list>
<pin id="118" dir="0" index="0" bw="32" slack="1"/>
<pin id="119" dir="1" index="1" bw="32" slack="0"/>
</pin_list>
<bind>
<opcode="load(27) " fcode="load"/>
<opset="p_load4/2 "/>
</bind>
</comp>

<comp id="121" class="1004" name="store_ln72_store_fu_121">
<pin_list>
<pin id="122" dir="0" index="0" bw="32" slack="0"/>
<pin id="123" dir="0" index="1" bw="32" slack="1"/>
<pin id="124" dir="1" index="2" bw="0" slack="2147483647"/>
</pin_list>
<bind>
<opcode="store(28) " fcode="store"/>
<opset="store_ln72/2 "/>
</bind>
</comp>

<comp id="126" class="1004" name="bitcast_ln74_fu_126">
<pin_list>
<pin id="127" dir="0" index="0" bw="32" slack="1"/>
<pin id="128" dir="1" index="1" bw="32" slack="0"/>
</pin_list>
<bind>
<opcode="bitcast(44) " fcode="bitcast"/>
<opset="bitcast_ln74/3 "/>
</bind>
</comp>

<comp id="129" class="1004" name="tmp_26_fu_129">
<pin_list>
<pin id="130" dir="0" index="0" bw="8" slack="0"/>
<pin id="131" dir="0" index="1" bw="32" slack="0"/>
<pin id="132" dir="0" index="2" bw="6" slack="0"/>
<pin id="133" dir="0" index="3" bw="6" slack="0"/>
<pin id="134" dir="1" index="4" bw="8" slack="0"/>
</pin_list>
<bind>
<opcode="partselect(1002) " fcode="partselect"/>
<opset="tmp_26/3 "/>
</bind>
</comp>

<comp id="139" class="1004" name="trunc_ln74_fu_139">
<pin_list>
<pin id="140" dir="0" index="0" bw="32" slack="0"/>
<pin id="141" dir="1" index="1" bw="23" slack="0"/>
</pin_list>
<bind>
<opcode="trunc(33) " fcode="trunc"/>
<opset="trunc_ln74/3 "/>
</bind>
</comp>

<comp id="143" class="1004" name="icmp_ln74_fu_143">
<pin_list>
<pin id="144" dir="0" index="0" bw="8" slack="0"/>
<pin id="145" dir="0" index="1" bw="1" slack="0"/>
<pin id="146" dir="1" index="2" bw="1" slack="0"/>
</pin_list>
<bind>
<opcode="icmp(45) " fcode="icmp"/>
<opset="icmp_ln74/3 "/>
</bind>
</comp>

<comp id="149" class="1004" name="icmp_ln74_1_fu_149">
<pin_list>
<pin id="150" dir="0" index="0" bw="23" slack="0"/>
<pin id="151" dir="0" index="1" bw="1" slack="0"/>
<pin id="152" dir="1" index="2" bw="1" slack="0"/>
</pin_list>
<bind>
<opcode="icmp(45) " fcode="icmp"/>
<opset="icmp_ln74_1/3 "/>
</bind>
</comp>

<comp id="155" class="1004" name="or_ln74_fu_155">
<pin_list>
<pin id="156" dir="0" index="0" bw="1" slack="0"/>
<pin id="157" dir="0" index="1" bw="1" slack="0"/>
<pin id="158" dir="1" index="2" bw="1" slack="0"/>
</pin_list>
<bind>
<opcode="or(24) " fcode="or"/>
<opset="or_ln74/3 "/>
</bind>
</comp>

<comp id="161" class="1004" name="and_ln74_fu_161">
<pin_list>
<pin id="162" dir="0" index="0" bw="1" slack="0"/>
<pin id="163" dir="0" index="1" bw="1" slack="0"/>
<pin id="164" dir="1" index="2" bw="1" slack="0"/>
</pin_list>
<bind>
<opcode="and(23) " fcode="and"/>
<opset="and_ln74/3 "/>
</bind>
</comp>

<comp id="167" class="1004" name="select_ln74_fu_167">
<pin_list>
<pin id="168" dir="0" index="0" bw="1" slack="0"/>
<pin id="169" dir="0" index="1" bw="32" slack="1"/>
<pin id="170" dir="0" index="2" bw="32" slack="0"/>
<pin id="171" dir="1" index="3" bw="32" slack="0"/>
</pin_list>
<bind>
<opcode="select(49) " fcode="select"/>
<opset="select_ln74/3 "/>
</bind>
</comp>

<comp id="174" class="1004" name="empty_60_fu_174">
<pin_list>
<pin id="175" dir="0" index="0" bw="32" slack="0"/>
<pin id="176" dir="1" index="1" bw="32" slack="0"/>
</pin_list>
<bind>
<opcode="bitcast(44) " fcode="bitcast"/>
<opset="empty_60/3 "/>
</bind>
</comp>

<comp id="178" class="1004" name="store_ln74_store_fu_178">
<pin_list>
<pin id="179" dir="0" index="0" bw="32" slack="0"/>
<pin id="180" dir="0" index="1" bw="32" slack="2"/>
<pin id="181" dir="1" index="2" bw="0" slack="2147483647"/>
</pin_list>
<bind>
<opcode="store(28) " fcode="store"/>
<opset="store_ln74/3 "/>
</bind>
</comp>

<comp id="183" class="1004" name="store_ln74_store_fu_183">
<pin_list>
<pin id="184" dir="0" index="0" bw="32" slack="1"/>
<pin id="185" dir="0" index="1" bw="32" slack="3"/>
<pin id="186" dir="1" index="2" bw="0" slack="2147483647"/>
</pin_list>
<bind>
<opcode="store(28) " fcode="store"/>
<opset="store_ln74/4 "/>
</bind>
</comp>

<comp id="187" class="1004" name="p_phi44_load_load_fu_187">
<pin_list>
<pin id="188" dir="0" index="0" bw="32" slack="1"/>
<pin id="189" dir="1" index="1" bw="32" slack="0"/>
</pin_list>
<bind>
<opcode="load(27) " fcode="load"/>
<opset="p_phi44_load/2 "/>
</bind>
</comp>

<comp id="191" class="1004" name="p_load_load_fu_191">
<pin_list>
<pin id="192" dir="0" index="0" bw="32" slack="1"/>
<pin id="193" dir="1" index="1" bw="32" slack="0"/>
</pin_list>
<bind>
<opcode="load(27) " fcode="load"/>
<opset="p_load/2 "/>
</bind>
</comp>

<comp id="195" class="1005" name="p_phi44_reg_195">
<pin_list>
<pin id="196" dir="0" index="0" bw="32" slack="1"/>
<pin id="197" dir="1" index="1" bw="32" slack="1"/>
</pin_list>
<bind>
<opset="p_phi44 "/>
</bind>
</comp>

<comp id="201" class="1005" name="i_reg_201">
<pin_list>
<pin id="202" dir="0" index="0" bw="32" slack="0"/>
<pin id="203" dir="1" index="1" bw="32" slack="0"/>
</pin_list>
<bind>
<opset="i "/>
</bind>
</comp>

<comp id="208" class="1005" name="empty_reg_208">
<pin_list>
<pin id="209" dir="0" index="0" bw="32" slack="0"/>
<pin id="210" dir="1" index="1" bw="32" slack="0"/>
</pin_list>
<bind>
<opset="empty "/>
</bind>
</comp>

<comp id="216" class="1005" name="neurons_dense_2_size_read_reg_216">
<pin_list>
<pin id="217" dir="0" index="0" bw="32" slack="1"/>
<pin id="218" dir="1" index="1" bw="32" slack="1"/>
</pin_list>
<bind>
<opset="neurons_dense_2_size_read "/>
</bind>
</comp>

<comp id="221" class="1005" name="icmp_ln72_reg_221">
<pin_list>
<pin id="222" dir="0" index="0" bw="1" slack="1"/>
<pin id="223" dir="1" index="1" bw="1" slack="2147483647"/>
</pin_list>
<bind>
<opset="icmp_ln72 "/>
</bind>
</comp>

<comp id="225" class="1005" name="p_load4_reg_225">
<pin_list>
<pin id="226" dir="0" index="0" bw="32" slack="1"/>
<pin id="227" dir="1" index="1" bw="32" slack="1"/>
</pin_list>
<bind>
<opset="p_load4 "/>
</bind>
</comp>

<comp id="232" class="1005" name="select_ln74_reg_232">
<pin_list>
<pin id="233" dir="0" index="0" bw="32" slack="1"/>
<pin id="234" dir="1" index="1" bw="32" slack="1"/>
</pin_list>
<bind>
<opset="select_ln74 "/>
</bind>
</comp>

</comp_list>

<net_list>
<net id="53"><net_src comp="8" pin="0"/><net_sink comp="50" pin=0"/></net>

<net id="57"><net_src comp="8" pin="0"/><net_sink comp="54" pin=0"/></net>

<net id="61"><net_src comp="8" pin="0"/><net_sink comp="58" pin=0"/></net>

<net id="66"><net_src comp="10" pin="0"/><net_sink comp="62" pin=0"/></net>

<net id="67"><net_src comp="2" pin="0"/><net_sink comp="62" pin=1"/></net>

<net id="72"><net_src comp="12" pin="0"/><net_sink comp="68" pin=0"/></net>

<net id="73"><net_src comp="0" pin="0"/><net_sink comp="68" pin=1"/></net>

<net id="79"><net_src comp="46" pin="0"/><net_sink comp="74" pin=0"/></net>

<net id="80"><net_src comp="4" pin="0"/><net_sink comp="74" pin=1"/></net>

<net id="86"><net_src comp="48" pin="0"/><net_sink comp="81" pin=0"/></net>

<net id="87"><net_src comp="6" pin="0"/><net_sink comp="81" pin=1"/></net>

<net id="92"><net_src comp="24" pin="0"/><net_sink comp="88" pin=1"/></net>

<net id="97"><net_src comp="68" pin="2"/><net_sink comp="93" pin=0"/></net>

<net id="102"><net_src comp="14" pin="0"/><net_sink comp="98" pin=0"/></net>

<net id="110"><net_src comp="103" pin="1"/><net_sink comp="106" pin=0"/></net>

<net id="115"><net_src comp="103" pin="1"/><net_sink comp="111" pin=0"/></net>

<net id="116"><net_src comp="8" pin="0"/><net_sink comp="111" pin=1"/></net>

<net id="120"><net_src comp="117" pin="1"/><net_sink comp="88" pin=0"/></net>

<net id="125"><net_src comp="111" pin="2"/><net_sink comp="121" pin=0"/></net>

<net id="135"><net_src comp="26" pin="0"/><net_sink comp="129" pin=0"/></net>

<net id="136"><net_src comp="126" pin="1"/><net_sink comp="129" pin=1"/></net>

<net id="137"><net_src comp="28" pin="0"/><net_sink comp="129" pin=2"/></net>

<net id="138"><net_src comp="30" pin="0"/><net_sink comp="129" pin=3"/></net>

<net id="142"><net_src comp="126" pin="1"/><net_sink comp="139" pin=0"/></net>

<net id="147"><net_src comp="129" pin="4"/><net_sink comp="143" pin=0"/></net>

<net id="148"><net_src comp="32" pin="0"/><net_sink comp="143" pin=1"/></net>

<net id="153"><net_src comp="139" pin="1"/><net_sink comp="149" pin=0"/></net>

<net id="154"><net_src comp="34" pin="0"/><net_sink comp="149" pin=1"/></net>

<net id="159"><net_src comp="149" pin="2"/><net_sink comp="155" pin=0"/></net>

<net id="160"><net_src comp="143" pin="2"/><net_sink comp="155" pin=1"/></net>

<net id="165"><net_src comp="155" pin="2"/><net_sink comp="161" pin=0"/></net>

<net id="166"><net_src comp="88" pin="2"/><net_sink comp="161" pin=1"/></net>

<net id="172"><net_src comp="161" pin="2"/><net_sink comp="167" pin=0"/></net>

<net id="173"><net_src comp="24" pin="0"/><net_sink comp="167" pin=2"/></net>

<net id="177"><net_src comp="167" pin="3"/><net_sink comp="174" pin=0"/></net>

<net id="182"><net_src comp="174" pin="1"/><net_sink comp="178" pin=0"/></net>

<net id="190"><net_src comp="187" pin="1"/><net_sink comp="81" pin=2"/></net>

<net id="194"><net_src comp="191" pin="1"/><net_sink comp="74" pin=2"/></net>

<net id="198"><net_src comp="50" pin="1"/><net_sink comp="195" pin=0"/></net>

<net id="199"><net_src comp="195" pin="1"/><net_sink comp="178" pin=1"/></net>

<net id="200"><net_src comp="195" pin="1"/><net_sink comp="187" pin=0"/></net>

<net id="204"><net_src comp="54" pin="1"/><net_sink comp="201" pin=0"/></net>

<net id="205"><net_src comp="201" pin="1"/><net_sink comp="98" pin=1"/></net>

<net id="206"><net_src comp="201" pin="1"/><net_sink comp="103" pin=0"/></net>

<net id="207"><net_src comp="201" pin="1"/><net_sink comp="121" pin=1"/></net>

<net id="211"><net_src comp="58" pin="1"/><net_sink comp="208" pin=0"/></net>

<net id="212"><net_src comp="208" pin="1"/><net_sink comp="93" pin=1"/></net>

<net id="213"><net_src comp="208" pin="1"/><net_sink comp="117" pin=0"/></net>

<net id="214"><net_src comp="208" pin="1"/><net_sink comp="183" pin=1"/></net>

<net id="215"><net_src comp="208" pin="1"/><net_sink comp="191" pin=0"/></net>

<net id="219"><net_src comp="62" pin="2"/><net_sink comp="216" pin=0"/></net>

<net id="220"><net_src comp="216" pin="1"/><net_sink comp="106" pin=1"/></net>

<net id="224"><net_src comp="106" pin="2"/><net_sink comp="221" pin=0"/></net>

<net id="228"><net_src comp="117" pin="1"/><net_sink comp="225" pin=0"/></net>

<net id="229"><net_src comp="225" pin="1"/><net_sink comp="126" pin=0"/></net>

<net id="230"><net_src comp="225" pin="1"/><net_sink comp="88" pin=0"/></net>

<net id="231"><net_src comp="225" pin="1"/><net_sink comp="167" pin=1"/></net>

<net id="235"><net_src comp="167" pin="3"/><net_sink comp="232" pin=0"/></net>

<net id="236"><net_src comp="232" pin="1"/><net_sink comp="183" pin=0"/></net>

</net_list>

</model> 
---------------- Datapath Model END ------------------

* FSMD analyzer results:
  - Output states:
	Port: p_out | {2 }
	Port: p_phi44_out | {2 }
 - Input state : 
	Port: cifar10_Pipeline_VITIS_LOOP_72_15 : acumulated_2_reload | {1 }
	Port: cifar10_Pipeline_VITIS_LOOP_72_15 : neurons_dense_2_size | {1 }
  - Chain level:
	State 1
		store_ln72 : 1
	State 2
		icmp_ln72 : 1
		add_ln72 : 1
		br_ln72 : 2
		tmp_27 : 1
		store_ln72 : 2
		write_ln0 : 1
		write_ln0 : 1
	State 3
		tmp_26 : 1
		trunc_ln74 : 1
		icmp_ln74 : 2
		icmp_ln74_1 : 2
		or_ln74 : 3
		and_ln74 : 3
		select_ln74 : 3
		empty_60 : 4
		store_ln74 : 5
	State 4


============================================================
+ Verbose Summary: Datapath Resource usage 
============================================================

* Functional unit list:
|----------|--------------------------------------|---------|---------|
| Operation|            Functional Unit           |    FF   |   LUT   |
|----------|--------------------------------------|---------|---------|
|          |           icmp_ln72_fu_106           |    0    |    39   |
|   icmp   |           icmp_ln74_fu_143           |    0    |    15   |
|          |          icmp_ln74_1_fu_149          |    0    |    30   |
|----------|--------------------------------------|---------|---------|
|    add   |            add_ln72_fu_111           |    0    |    39   |
|----------|--------------------------------------|---------|---------|
|  select  |          select_ln74_fu_167          |    0    |    32   |
|----------|--------------------------------------|---------|---------|
|    or    |            or_ln74_fu_155            |    0    |    2    |
|----------|--------------------------------------|---------|---------|
|    and   |            and_ln74_fu_161           |    0    |    2    |
|----------|--------------------------------------|---------|---------|
|   read   | neurons_dense_2_size_read_read_fu_62 |    0    |    0    |
|          |  acumulated_2_reload_read_read_fu_68 |    0    |    0    |
|----------|--------------------------------------|---------|---------|
|   write  |         write_ln0_write_fu_74        |    0    |    0    |
|          |         write_ln0_write_fu_81        |    0    |    0    |
|----------|--------------------------------------|---------|---------|
|   fcmp   |               grp_fu_88              |    0    |    0    |
|----------|--------------------------------------|---------|---------|
|partselect|             tmp_26_fu_129            |    0    |    0    |
|----------|--------------------------------------|---------|---------|
|   trunc  |           trunc_ln74_fu_139          |    0    |    0    |
|----------|--------------------------------------|---------|---------|
|   Total  |                                      |    0    |   159   |
|----------|--------------------------------------|---------|---------|

Memories:
N/A

* Register list:
+---------------------------------+--------+
|                                 |   FF   |
+---------------------------------+--------+
|          empty_reg_208          |   32   |
|            i_reg_201            |   32   |
|        icmp_ln72_reg_221        |    1   |
|neurons_dense_2_size_read_reg_216|   32   |
|         p_load4_reg_225         |   32   |
|         p_phi44_reg_195         |   32   |
|       select_ln74_reg_232       |   32   |
+---------------------------------+--------+
|              Total              |   193  |
+---------------------------------+--------+

* Multiplexer (MUX) list: 
|-----------|------|------|------|--------||---------||---------||---------|
|    Comp   |  Pin | Size |  BW  | S x BW ||  Delay  ||    FF   ||   LUT   |
|-----------|------|------|------|--------||---------||---------||---------|
| grp_fu_88 |  p0  |   2  |  32  |   64   ||    0    ||    9    |
|-----------|------|------|------|--------||---------||---------||---------|
|   Total   |      |      |      |   64   ||  1.588  ||    0    ||    9    |
|-----------|------|------|------|--------||---------||---------||---------|



* Summary:
+-----------+--------+--------+--------+
|           |  Delay |   FF   |   LUT  |
+-----------+--------+--------+--------+
|  Function |    -   |    0   |   159  |
|   Memory  |    -   |    -   |    -   |
|Multiplexer|    1   |    0   |    9   |
|  Register |    -   |   193  |    -   |
+-----------+--------+--------+--------+
|   Total   |    1   |   193  |   168  |
+-----------+--------+--------+--------+
