

================================================================
== Vitis HLS Report for 'cifar10_Pipeline_VITIS_LOOP_45_1_VITIS_LOOP_47_21'
================================================================
* Date:           Mon May  4 21:47:31 2026

* Version:        2025.2 (Build 6295257 on Nov 14 2025)
* Project:        proj_cifar10_multiple
* Solution:       fsolution (Vivado IP Flow Target)
* Product family: zynq
* Target device:  xc7z020-clg484-1


================================================================
== Performance Estimates
================================================================
+ Timing: 
    * Summary: 
    +--------+----------+----------+------------+
    |  Clock |  Target  | Estimated| Uncertainty|
    +--------+----------+----------+------------+
    |ap_clk  |  10.00 ns|  7.019 ns|     2.70 ns|
    +--------+----------+----------+------------+

+ Latency: 
    * Summary: 
    +---------+---------+----------+----------+-----+-----+-------------------+
    |  Latency (cycles) |  Latency (absolute) |  Interval |      Pipeline     |
    |   min   |   max   |    min   |    max   | min | max |        Type       |
    +---------+---------+----------+----------+-----+-----+-------------------+
    |        ?|        ?|         ?|         ?|    0|    0|  loop pipeline stp|
    +---------+---------+----------+----------+-----+-----+-------------------+

    + Detail: 
        * Instance: 
        N/A

        * Loop: 
        +-----------------------------------+---------+---------+----------+-----------+-----------+------+----------+
        |                                   |  Latency (cycles) | Iteration|  Initiation Interval  | Trip |          |
        |             Loop Name             |   min   |   max   |  Latency |  achieved |   target  | Count| Pipelined|
        +-----------------------------------+---------+---------+----------+-----------+-----------+------+----------+
        |- VITIS_LOOP_45_1_VITIS_LOOP_47_2  |        ?|        ?|         3|          2|          1|     ?|       yes|
        +-----------------------------------+---------+---------+----------+-----------+-----------+------+----------+



================================================================
== Utilization Estimates
================================================================
* Summary: 
+-----------------+---------+-----+--------+-------+-----+
|       Name      | BRAM_18K| DSP |   FF   |  LUT  | URAM|
+-----------------+---------+-----+--------+-------+-----+
|DSP              |        -|    -|       -|      -|    -|
|Expression       |        -|    -|       0|    225|    -|
|FIFO             |        -|    -|       -|      -|    -|
|Instance         |        -|    -|       -|      -|    -|
|Memory           |        -|    -|       -|      -|    -|
|Multiplexer      |        -|    -|       0|     68|    -|
|Register         |        -|    -|     166|      -|    -|
+-----------------+---------+-----+--------+-------+-----+
|Total            |        0|    0|     166|    293|    0|
+-----------------+---------+-----+--------+-------+-----+
|Available        |      280|  220|  106400|  53200|    0|
+-----------------+---------+-----+--------+-------+-----+
|Utilization (%)  |        0|    0|      ~0|     ~0|    0|
+-----------------+---------+-----+--------+-------+-----+

+ Detail: 
    * Instance: 
    N/A

    * DSP: 
    N/A

    * Memory: 
    N/A

    * FIFO: 
    N/A

    * Expression: 
    +-----------------------+----------+----+---+----+------------+------------+
    |     Variable Name     | Operation| DSP| FF| LUT| Bitwidth P0| Bitwidth P1|
    +-----------------------+----------+----+---+----+------------+------------+
    |add_ln45_fu_92_p2      |         +|   0|  0|  71|          64|           1|
    |and_ln49_fu_142_p2     |       and|   0|  0|   2|           1|           1|
    |icmp_ln45_fu_87_p2     |      icmp|   0|  0|  71|          64|          64|
    |icmp_ln49_1_fu_130_p2  |      icmp|   0|  0|  30|          23|           1|
    |icmp_ln49_fu_124_p2    |      icmp|   0|  0|  15|           8|           2|
    |or_ln49_fu_136_p2      |        or|   0|  0|   2|           1|           1|
    |select_ln49_fu_148_p3  |    select|   0|  0|  32|           1|          32|
    |ap_enable_pp0          |       xor|   0|  0|   2|           1|           2|
    +-----------------------+----------+----+---+----+------------+------------+
    |Total                  |          |   0|  0| 225|         163|         104|
    +-----------------------+----------+----+---+----+------------+------------+

    * Multiplexer: 
    +--------------------------+----+-----------+-----+-----------+
    |           Name           | LUT| Input Size| Bits| Total Bits|
    +--------------------------+----+-----------+-----+-----------+
    |ap_NS_fsm                 |  14|          3|    1|          3|
    |ap_done_int               |   9|          2|    1|          2|
    |ap_enable_reg_pp0_iter0   |   9|          2|    1|          2|
    |ap_enable_reg_pp0_iter1   |   9|          2|    1|          2|
    |ap_sig_allocacmp_p_load4  |   9|          2|   32|         64|
    |empty_fu_42               |   9|          2|   32|         64|
    |indvar_flatten25_fu_46    |   9|          2|   64|        128|
    +--------------------------+----+-----------+-----+-----------+
    |Total                     |  68|         15|  132|        265|
    +--------------------------+----+-----------+-----+-----------+

    * Register: 
    +-----------------------------+----+----+-----+-----------+
    |             Name            | FF | LUT| Bits| Const Bits|
    +-----------------------------+----+----+-----+-----------+
    |ap_CS_fsm                    |   2|   0|    2|          0|
    |ap_done_reg                  |   1|   0|    1|          0|
    |ap_enable_reg_pp0_iter0_reg  |   1|   0|    1|          0|
    |ap_enable_reg_pp0_iter1      |   1|   0|    1|          0|
    |empty_fu_42                  |  32|   0|   32|          0|
    |icmp_ln45_reg_183            |   1|   0|    1|          0|
    |indvar_flatten25_fu_46       |  64|   0|   64|          0|
    |p_load4_reg_187              |  32|   0|   32|          0|
    |select_ln49_reg_194          |  32|   0|   32|          0|
    +-----------------------------+----+----+-----+-----------+
    |Total                        | 166|   0|  166|          0|
    +-----------------------------+----+----+-----+-----------+



================================================================
== Interface
================================================================
* Summary: 
+----------------------+-----+-----+------------+---------------------------------------------------+--------------+
|       RTL Ports      | Dir | Bits|  Protocol  |                   Source Object                   |    C Type    |
+----------------------+-----+-----+------------+---------------------------------------------------+--------------+
|ap_clk                |   in|    1|  ap_ctrl_hs|  cifar10_Pipeline_VITIS_LOOP_45_1_VITIS_LOOP_47_21|  return value|
|ap_rst                |   in|    1|  ap_ctrl_hs|  cifar10_Pipeline_VITIS_LOOP_45_1_VITIS_LOOP_47_21|  return value|
|ap_start              |   in|    1|  ap_ctrl_hs|  cifar10_Pipeline_VITIS_LOOP_45_1_VITIS_LOOP_47_21|  return value|
|ap_done               |  out|    1|  ap_ctrl_hs|  cifar10_Pipeline_VITIS_LOOP_45_1_VITIS_LOOP_47_21|  return value|
|ap_idle               |  out|    1|  ap_ctrl_hs|  cifar10_Pipeline_VITIS_LOOP_45_1_VITIS_LOOP_47_21|  return value|
|ap_ready              |  out|    1|  ap_ctrl_hs|  cifar10_Pipeline_VITIS_LOOP_45_1_VITIS_LOOP_47_21|  return value|
|grp_fu_1347_p_din0    |  out|   32|  ap_ctrl_hs|  cifar10_Pipeline_VITIS_LOOP_45_1_VITIS_LOOP_47_21|  return value|
|grp_fu_1347_p_din1    |  out|   32|  ap_ctrl_hs|  cifar10_Pipeline_VITIS_LOOP_45_1_VITIS_LOOP_47_21|  return value|
|grp_fu_1347_p_opcode  |  out|    5|  ap_ctrl_hs|  cifar10_Pipeline_VITIS_LOOP_45_1_VITIS_LOOP_47_21|  return value|
|grp_fu_1347_p_dout0   |   in|    1|  ap_ctrl_hs|  cifar10_Pipeline_VITIS_LOOP_45_1_VITIS_LOOP_47_21|  return value|
|grp_fu_1347_p_ce      |  out|    1|  ap_ctrl_hs|  cifar10_Pipeline_VITIS_LOOP_45_1_VITIS_LOOP_47_21|  return value|
|bitcast_ln45          |   in|   32|     ap_none|                                       bitcast_ln45|        scalar|
|mul_ln155_2           |   in|   64|     ap_none|                                        mul_ln155_2|        scalar|
|p_out                 |  out|   32|      ap_vld|                                              p_out|       pointer|
|p_out_ap_vld          |  out|    1|      ap_vld|                                              p_out|       pointer|
+----------------------+-----+-----+------------+---------------------------------------------------+--------------+

============================================================
+ Verbose Summary: Synthesis Manager
============================================================
InlineROM: 1
ExposeGlobal: 0
============================================================
+ Verbose Summary: CDFG Model
============================================================
IsTopModel: 0
ResetActiveHigh: 1
IsCombinational: 2
IsDatapathOnly: 2
HasWiredReturn: 1
HasMFsm: 2
HasVarLatency: 1
IsPipeline: 0
IsRtlPipelined: 0
IsInstanceOverlapped: 0
IsDontTouch: 0
HasImplIP: 0
IsGatedGlobalClock: 0

+ Individual pipeline summary: 
  * Pipeline-0: initiation interval (II) = 2, depth = 4


============================================================
+ Verbose Summary: Schedule
============================================================
* Number of FSM states : 4
* Pipeline : 1
  Pipeline-0 : II = 2, D = 4, States = { 1 2 3 4 }
* Dataflow Pipeline: 0

* FSM state transitions: 
1 --> 2 
2 --> 3 
3 --> 4 
4 --> 

* FSM state operations: 

State 1 <SV = 0> <Delay = 1.58>
ST_1 : Operation 6 [1/1] (0.00ns)   --->   "%empty = alloca i32 1"   --->   Operation 6 'alloca' 'empty' <Predicate = true> <Delay = 0.00>
ST_1 : Operation 7 [1/1] (0.00ns)   --->   "%indvar_flatten25 = alloca i32 1"   --->   Operation 7 'alloca' 'indvar_flatten25' <Predicate = true> <Delay = 0.00>
ST_1 : Operation 8 [1/1] (0.00ns)   --->   "%mul_ln155_2_read = read i64 @_ssdm_op_Read.ap_auto.i64, i64 %mul_ln155_2"   --->   Operation 8 'read' 'mul_ln155_2_read' <Predicate = true> <Delay = 0.00>
ST_1 : Operation 9 [1/1] (0.00ns)   --->   "%bitcast_ln45_read = read i32 @_ssdm_op_Read.ap_auto.float, i32 %bitcast_ln45"   --->   Operation 9 'read' 'bitcast_ln45_read' <Predicate = true> <Delay = 0.00>
ST_1 : Operation 10 [1/1] (1.58ns)   --->   "%store_ln0 = store i64 0, i64 %indvar_flatten25"   --->   Operation 10 'store' 'store_ln0' <Predicate = true> <Delay = 1.58>
ST_1 : Operation 11 [1/1] (1.58ns)   --->   "%store_ln0 = store i32 %bitcast_ln45_read, i32 %empty"   --->   Operation 11 'store' 'store_ln0' <Predicate = true> <Delay = 1.58>
ST_1 : Operation 12 [1/1] (0.00ns)   --->   "%br_ln0 = br void %for.body4.i34"   --->   Operation 12 'br' 'br_ln0' <Predicate = true> <Delay = 0.00>

State 2 <SV = 1> <Delay = 5.43>
ST_2 : Operation 13 [1/1] (0.00ns)   --->   "%indvar_flatten25_load = load i64 %indvar_flatten25" [cpu_functions.cpp:45->cpu_functions.cpp:183]   --->   Operation 13 'load' 'indvar_flatten25_load' <Predicate = true> <Delay = 0.00>
ST_2 : Operation 14 [1/1] (3.52ns)   --->   "%icmp_ln45 = icmp_eq  i64 %indvar_flatten25_load, i64 %mul_ln155_2_read" [cpu_functions.cpp:45->cpu_functions.cpp:183]   --->   Operation 14 'icmp' 'icmp_ln45' <Predicate = true> <Delay = 3.52> <CoreInst = "Cmp">   --->   Core 9 'Cmp' <Latency = 0> <II = 1> <Delay = 3.52> <FuncUnit> <Opcode : 'seteq' 'setne' 'setle' 'setge' 'setlt' 'setgt'> <InPorts = 2> <OutPorts = 1>
ST_2 : Operation 15 [1/1] (3.52ns)   --->   "%add_ln45 = add i64 %indvar_flatten25_load, i64 1" [cpu_functions.cpp:45->cpu_functions.cpp:183]   --->   Operation 15 'add' 'add_ln45' <Predicate = true> <Delay = 3.52> <CoreInst = "Adder">   --->   Core 1 'Adder' <Latency = 0> <II = 1> <Delay = 3.52> <FuncUnit> <Opcode : 'add' 'sub'> <InPorts = 2> <OutPorts = 1>
ST_2 : Operation 16 [1/1] (0.00ns)   --->   "%br_ln45 = br i1 %icmp_ln45, void %for.inc18.i45, void %for.inc.i68.preheader.exitStub" [cpu_functions.cpp:45->cpu_functions.cpp:183]   --->   Operation 16 'br' 'br_ln45' <Predicate = true> <Delay = 0.00>
ST_2 : Operation 17 [1/1] (0.00ns)   --->   "%p_load4 = load i32 %empty" [cpu_functions.cpp:49->cpu_functions.cpp:183]   --->   Operation 17 'load' 'p_load4' <Predicate = (!icmp_ln45)> <Delay = 0.00>
ST_2 : Operation 18 [2/2] (5.43ns)   --->   "%tmp_20 = fcmp_ogt  i32 %p_load4, i32 0" [cpu_functions.cpp:49->cpu_functions.cpp:183]   --->   Operation 18 'fcmp' 'tmp_20' <Predicate = (!icmp_ln45)> <Delay = 5.43> <CoreInst = "FCompare">   --->   Core 19 'FCompare' <Latency = 1> <II = 1> <Delay = 5.43> <FuncUnit> <Opcode : 'fcmp'> <InPorts = 2> <OutPorts = 1>
ST_2 : Operation 19 [1/1] (1.58ns)   --->   "%store_ln45 = store i64 %add_ln45, i64 %indvar_flatten25" [cpu_functions.cpp:45->cpu_functions.cpp:183]   --->   Operation 19 'store' 'store_ln45' <Predicate = (!icmp_ln45)> <Delay = 1.58>
ST_2 : Operation 33 [1/1] (0.00ns)   --->   "%p_load = load i32 %empty"   --->   Operation 33 'load' 'p_load' <Predicate = (icmp_ln45)> <Delay = 0.00>
ST_2 : Operation 34 [1/1] (0.00ns)   --->   "%write_ln0 = write void @_ssdm_op_Write.ap_auto.floatP0A, i32 %p_out, i32 %p_load"   --->   Operation 34 'write' 'write_ln0' <Predicate = (icmp_ln45)> <Delay = 0.00>
ST_2 : Operation 35 [1/1] (1.58ns)   --->   "%ret_ln0 = ret"   --->   Operation 35 'ret' 'ret_ln0' <Predicate = (icmp_ln45)> <Delay = 1.58>

State 3 <SV = 2> <Delay = 6.40>
ST_3 : Operation 20 [1/1] (0.00ns)   --->   "%bitcast_ln49 = bitcast i32 %p_load4" [cpu_functions.cpp:49->cpu_functions.cpp:183]   --->   Operation 20 'bitcast' 'bitcast_ln49' <Predicate = (!icmp_ln45)> <Delay = 0.00>
ST_3 : Operation 21 [1/1] (0.00ns)   --->   "%tmp_19 = partselect i8 @_ssdm_op_PartSelect.i8.i32.i32.i32, i32 %bitcast_ln49, i32 23, i32 30" [cpu_functions.cpp:49->cpu_functions.cpp:183]   --->   Operation 21 'partselect' 'tmp_19' <Predicate = (!icmp_ln45)> <Delay = 0.00>
ST_3 : Operation 22 [1/1] (0.00ns)   --->   "%trunc_ln49 = trunc i32 %bitcast_ln49" [cpu_functions.cpp:49->cpu_functions.cpp:183]   --->   Operation 22 'trunc' 'trunc_ln49' <Predicate = (!icmp_ln45)> <Delay = 0.00>
ST_3 : Operation 23 [1/1] (1.91ns)   --->   "%icmp_ln49 = icmp_ne  i8 %tmp_19, i8 255" [cpu_functions.cpp:49->cpu_functions.cpp:183]   --->   Operation 23 'icmp' 'icmp_ln49' <Predicate = (!icmp_ln45)> <Delay = 1.91> <CoreInst = "Cmp">   --->   Core 9 'Cmp' <Latency = 0> <II = 1> <Delay = 1.91> <FuncUnit> <Opcode : 'seteq' 'setne' 'setle' 'setge' 'setlt' 'setgt'> <InPorts = 2> <OutPorts = 1>
ST_3 : Operation 24 [1/1] (2.28ns)   --->   "%icmp_ln49_1 = icmp_eq  i23 %trunc_ln49, i23 0" [cpu_functions.cpp:49->cpu_functions.cpp:183]   --->   Operation 24 'icmp' 'icmp_ln49_1' <Predicate = (!icmp_ln45)> <Delay = 2.28> <CoreInst = "Cmp">   --->   Core 9 'Cmp' <Latency = 0> <II = 1> <Delay = 2.28> <FuncUnit> <Opcode : 'seteq' 'setne' 'setle' 'setge' 'setlt' 'setgt'> <InPorts = 2> <OutPorts = 1>
ST_3 : Operation 25 [1/1] (0.00ns) (grouped into LUT with out node select_ln49)   --->   "%or_ln49 = or i1 %icmp_ln49_1, i1 %icmp_ln49" [cpu_functions.cpp:49->cpu_functions.cpp:183]   --->   Operation 25 'or' 'or_ln49' <Predicate = (!icmp_ln45)> <Delay = 0.00> <CoreInst = "LogicGate">   --->   Core 74 'LogicGate' <Latency = 0> <II = 1> <Delay = 0.97> <FuncUnit> <Opcode : 'and' 'or' 'xor'> <InPorts = 2> <OutPorts = 1>
ST_3 : Operation 26 [1/2] (5.43ns)   --->   "%tmp_20 = fcmp_ogt  i32 %p_load4, i32 0" [cpu_functions.cpp:49->cpu_functions.cpp:183]   --->   Operation 26 'fcmp' 'tmp_20' <Predicate = (!icmp_ln45)> <Delay = 5.43> <CoreInst = "FCompare">   --->   Core 19 'FCompare' <Latency = 1> <II = 1> <Delay = 5.43> <FuncUnit> <Opcode : 'fcmp'> <InPorts = 2> <OutPorts = 1>
ST_3 : Operation 27 [1/1] (0.00ns) (grouped into LUT with out node select_ln49)   --->   "%and_ln49 = and i1 %or_ln49, i1 %tmp_20" [cpu_functions.cpp:49->cpu_functions.cpp:183]   --->   Operation 27 'and' 'and_ln49' <Predicate = (!icmp_ln45)> <Delay = 0.00> <CoreInst = "LogicGate">   --->   Core 74 'LogicGate' <Latency = 0> <II = 1> <Delay = 0.97> <FuncUnit> <Opcode : 'and' 'or' 'xor'> <InPorts = 2> <OutPorts = 1>
ST_3 : Operation 28 [1/1] (0.97ns) (out node of the LUT)   --->   "%select_ln49 = select i1 %and_ln49, i32 %p_load4, i32 0" [cpu_functions.cpp:49->cpu_functions.cpp:183]   --->   Operation 28 'select' 'select_ln49' <Predicate = (!icmp_ln45)> <Delay = 0.97> <CoreInst = "Sel">   --->   Core 73 'Sel' <Latency = 0> <II = 1> <Delay = 0.69> <FuncUnit> <Opcode : 'select'> <InPorts = 3> <OutPorts = 1>

State 4 <SV = 3> <Delay = 7.01>
ST_4 : Operation 29 [1/1] (0.00ns)   --->   "%specloopname_ln0 = specloopname void @_ssdm_op_SpecLoopName, void @VITIS_LOOP_45_1_VITIS_LOOP_47_2_str"   --->   Operation 29 'specloopname' 'specloopname_ln0' <Predicate = true> <Delay = 0.00>
ST_4 : Operation 30 [1/1] (0.00ns)   --->   "%specpipeline_ln47 = specpipeline void @_ssdm_op_SpecPipeline, i32 4294967295, i32 0, i32 0, i32 0, i32 4294967295, void @empty_2" [cpu_functions.cpp:47->cpu_functions.cpp:183]   --->   Operation 30 'specpipeline' 'specpipeline_ln47' <Predicate = true> <Delay = 0.00>
ST_4 : Operation 31 [1/1] (1.58ns)   --->   "%store_ln49 = store i32 %select_ln49, i32 %empty" [cpu_functions.cpp:49->cpu_functions.cpp:183]   --->   Operation 31 'store' 'store_ln49' <Predicate = true> <Delay = 1.58>
ST_4 : Operation 32 [1/1] (0.00ns)   --->   "%br_ln47 = br void %for.body4.i34" [cpu_functions.cpp:47->cpu_functions.cpp:183]   --->   Operation 32 'br' 'br_ln47' <Predicate = true> <Delay = 0.00>


============================================================
+ Verbose Summary: Binding
============================================================
STG Binding: 
---------------- STG Properties BEGIN ----------------
- Is combinational: 0
- Is one-state seq: 0
- Is datapath-only: 0
- Is pipelined: 0
- Is top level: 0
Port [ Return ] is wired: 1; IO mode=ap_ctrl_hs:ce=0
Port [ bitcast_ln45]:  wired=1; compound=0; hidden=0; nouse=0; global=0; static=0; extern=0; dir=0; type=0; pingpong=0; private_global=0; IO mode=ap_none:ce=0
Port [ mul_ln155_2]:  wired=1; compound=0; hidden=0; nouse=0; global=0; static=0; extern=0; dir=0; type=0; pingpong=0; private_global=0; IO mode=ap_none:ce=0
Port [ p_out]:  wired=1; compound=0; hidden=0; nouse=0; global=0; static=0; extern=0; dir=1; type=0; pingpong=0; private_global=0; IO mode=ap_vld:ce=0
---------------- STG Properties END ------------------

---------------- Datapath Model BEGIN ----------------

<LifeTime>
<method=bitvector/>
empty                 (alloca      ) [ 01111]
indvar_flatten25      (alloca      ) [ 01100]
mul_ln155_2_read      (read        ) [ 00100]
bitcast_ln45_read     (read        ) [ 00000]
store_ln0             (store       ) [ 00000]
store_ln0             (store       ) [ 00000]
br_ln0                (br          ) [ 00000]
indvar_flatten25_load (load        ) [ 00000]
icmp_ln45             (icmp        ) [ 01110]
add_ln45              (add         ) [ 00000]
br_ln45               (br          ) [ 00000]
p_load4               (load        ) [ 01010]
store_ln45            (store       ) [ 00000]
bitcast_ln49          (bitcast     ) [ 00000]
tmp_19                (partselect  ) [ 00000]
trunc_ln49            (trunc       ) [ 00000]
icmp_ln49             (icmp        ) [ 00000]
icmp_ln49_1           (icmp        ) [ 00000]
or_ln49               (or          ) [ 00000]
tmp_20                (fcmp        ) [ 00000]
and_ln49              (and         ) [ 00000]
select_ln49           (select      ) [ 00101]
specloopname_ln0      (specloopname) [ 00000]
specpipeline_ln47     (specpipeline) [ 00000]
store_ln49            (store       ) [ 00000]
br_ln47               (br          ) [ 00000]
p_load                (load        ) [ 00000]
write_ln0             (write       ) [ 00000]
ret_ln0               (ret         ) [ 00000]
</LifeTime>

<model>

<comp_list>
<comp id="0" class="1000" name="bitcast_ln45">
<pin_list>
<pin id="1" dir="1" index="0" bw="1" slack="0"/>
</pin_list>
<bind>
<StgValue><ssdm name="bitcast_ln45"/></StgValue>
</bind>
</comp>

<comp id="2" class="1000" name="mul_ln155_2">
<pin_list>
<pin id="3" dir="1" index="0" bw="1" slack="0"/>
</pin_list>
<bind>
<StgValue><ssdm name="mul_ln155_2"/></StgValue>
</bind>
</comp>

<comp id="4" class="1000" name="p_out">
<pin_list>
<pin id="5" dir="1" index="0" bw="1" slack="0"/>
</pin_list>
<bind>
<StgValue><ssdm name="p_out"/></StgValue>
</bind>
</comp>

<comp id="6" class="1001" name="const_6">
<pin_list>
<pin id="7" dir="1" index="0" bw="1" slack="0"/>
</pin_list>
<bind>
<StgValue><ssdm name=""/></StgValue>
</bind>
</comp>

<comp id="8" class="1001" name="const_8">
<pin_list>
<pin id="9" dir="1" index="0" bw="1" slack="0"/>
</pin_list>
<bind>
<StgValue><ssdm name="_ssdm_op_Read.ap_auto.i64"/></StgValue>
</bind>
</comp>

<comp id="10" class="1001" name="const_10">
<pin_list>
<pin id="11" dir="1" index="0" bw="1" slack="0"/>
</pin_list>
<bind>
<StgValue><ssdm name="_ssdm_op_Read.ap_auto.float"/></StgValue>
</bind>
</comp>

<comp id="12" class="1001" name="const_12">
<pin_list>
<pin id="13" dir="1" index="0" bw="1" slack="0"/>
</pin_list>
<bind>
<StgValue><ssdm name=""/></StgValue>
</bind>
</comp>

<comp id="14" class="1001" name="const_14">
<pin_list>
<pin id="15" dir="1" index="0" bw="1" slack="0"/>
</pin_list>
<bind>
<StgValue><ssdm name=""/></StgValue>
</bind>
</comp>

<comp id="16" class="1001" name="const_16">
<pin_list>
<pin id="17" dir="1" index="0" bw="1" slack="0"/>
</pin_list>
<bind>
<StgValue><ssdm name=""/></StgValue>
</bind>
</comp>

<comp id="18" class="1001" name="const_18">
<pin_list>
<pin id="19" dir="1" index="0" bw="1" slack="0"/>
</pin_list>
<bind>
<StgValue><ssdm name="_ssdm_op_PartSelect.i8.i32.i32.i32"/></StgValue>
</bind>
</comp>

<comp id="20" class="1001" name="const_20">
<pin_list>
<pin id="21" dir="1" index="0" bw="1" slack="0"/>
</pin_list>
<bind>
<StgValue><ssdm name=""/></StgValue>
</bind>
</comp>

<comp id="22" class="1001" name="const_22">
<pin_list>
<pin id="23" dir="1" index="0" bw="1" slack="0"/>
</pin_list>
<bind>
<StgValue><ssdm name=""/></StgValue>
</bind>
</comp>

<comp id="24" class="1001" name="const_24">
<pin_list>
<pin id="25" dir="1" index="0" bw="1" slack="0"/>
</pin_list>
<bind>
<StgValue><ssdm name=""/></StgValue>
</bind>
</comp>

<comp id="26" class="1001" name="const_26">
<pin_list>
<pin id="27" dir="1" index="0" bw="1" slack="0"/>
</pin_list>
<bind>
<StgValue><ssdm name=""/></StgValue>
</bind>
</comp>

<comp id="28" class="1001" name="const_28">
<pin_list>
<pin id="29" dir="1" index="0" bw="1" slack="2147483647"/>
</pin_list>
<bind>
<StgValue><ssdm name="_ssdm_op_SpecLoopName"/></StgValue>
</bind>
</comp>

<comp id="30" class="1001" name="const_30">
<pin_list>
<pin id="31" dir="1" index="0" bw="1" slack="2147483647"/>
</pin_list>
<bind>
<StgValue><ssdm name="VITIS_LOOP_45_1_VITIS_LOOP_47_2_str"/></StgValue>
</bind>
</comp>

<comp id="32" class="1001" name="const_32">
<pin_list>
<pin id="33" dir="1" index="0" bw="1" slack="2147483647"/>
</pin_list>
<bind>
<StgValue><ssdm name="_ssdm_op_SpecPipeline"/></StgValue>
</bind>
</comp>

<comp id="34" class="1001" name="const_34">
<pin_list>
<pin id="35" dir="1" index="0" bw="1" slack="2147483647"/>
</pin_list>
<bind>
<StgValue><ssdm name=""/></StgValue>
</bind>
</comp>

<comp id="36" class="1001" name="const_36">
<pin_list>
<pin id="37" dir="1" index="0" bw="1" slack="2147483647"/>
</pin_list>
<bind>
<StgValue><ssdm name=""/></StgValue>
</bind>
</comp>

<comp id="38" class="1001" name="const_38">
<pin_list>
<pin id="39" dir="1" index="0" bw="1" slack="2147483647"/>
</pin_list>
<bind>
<StgValue><ssdm name="empty_2"/></StgValue>
</bind>
</comp>

<comp id="40" class="1001" name="const_40">
<pin_list>
<pin id="41" dir="1" index="0" bw="1" slack="0"/>
</pin_list>
<bind>
<StgValue><ssdm name="_ssdm_op_Write.ap_auto.floatP0A"/></StgValue>
</bind>
</comp>

<comp id="42" class="1004" name="empty_fu_42">
<pin_list>
<pin id="43" dir="0" index="0" bw="1" slack="0"/>
<pin id="44" dir="1" index="1" bw="32" slack="0"/>
</pin_list>
<bind>
<opcode="alloca(26) " fcode="alloca"/>
<opset="empty/1 "/>
</bind>
</comp>

<comp id="46" class="1004" name="indvar_flatten25_fu_46">
<pin_list>
<pin id="47" dir="0" index="0" bw="1" slack="0"/>
<pin id="48" dir="1" index="1" bw="64" slack="0"/>
</pin_list>
<bind>
<opcode="alloca(26) " fcode="alloca"/>
<opset="indvar_flatten25/1 "/>
</bind>
</comp>

<comp id="50" class="1004" name="mul_ln155_2_read_read_fu_50">
<pin_list>
<pin id="51" dir="0" index="0" bw="64" slack="0"/>
<pin id="52" dir="0" index="1" bw="64" slack="0"/>
<pin id="53" dir="1" index="2" bw="64" slack="1"/>
</pin_list>
<bind>
<opcode="read(1150) " fcode="read"/>
<opset="mul_ln155_2_read/1 "/>
</bind>
</comp>

<comp id="56" class="1004" name="bitcast_ln45_read_read_fu_56">
<pin_list>
<pin id="57" dir="0" index="0" bw="32" slack="0"/>
<pin id="58" dir="0" index="1" bw="32" slack="0"/>
<pin id="59" dir="1" index="2" bw="32" slack="0"/>
</pin_list>
<bind>
<opcode="read(1150) " fcode="read"/>
<opset="bitcast_ln45_read/1 "/>
</bind>
</comp>

<comp id="62" class="1004" name="write_ln0_write_fu_62">
<pin_list>
<pin id="63" dir="0" index="0" bw="0" slack="0"/>
<pin id="64" dir="0" index="1" bw="32" slack="0"/>
<pin id="65" dir="0" index="2" bw="32" slack="0"/>
<pin id="66" dir="1" index="3" bw="0" slack="2147483647"/>
</pin_list>
<bind>
<opcode="write(1151) " fcode="write"/>
<opset="write_ln0/2 "/>
</bind>
</comp>

<comp id="69" class="1004" name="grp_fu_69">
<pin_list>
<pin id="70" dir="0" index="0" bw="32" slack="0"/>
<pin id="71" dir="0" index="1" bw="32" slack="0"/>
<pin id="72" dir="1" index="2" bw="1" slack="0"/>
</pin_list>
<bind>
<opcode="fcmp(46) " fcode="fcmp"/>
<opset="tmp_20/2 "/>
</bind>
</comp>

<comp id="74" class="1004" name="store_ln0_store_fu_74">
<pin_list>
<pin id="75" dir="0" index="0" bw="1" slack="0"/>
<pin id="76" dir="0" index="1" bw="64" slack="0"/>
<pin id="77" dir="1" index="2" bw="0" slack="2147483647"/>
</pin_list>
<bind>
<opcode="store(28) " fcode="store"/>
<opset="store_ln0/1 "/>
</bind>
</comp>

<comp id="79" class="1004" name="store_ln0_store_fu_79">
<pin_list>
<pin id="80" dir="0" index="0" bw="32" slack="0"/>
<pin id="81" dir="0" index="1" bw="32" slack="0"/>
<pin id="82" dir="1" index="2" bw="0" slack="2147483647"/>
</pin_list>
<bind>
<opcode="store(28) " fcode="store"/>
<opset="store_ln0/1 "/>
</bind>
</comp>

<comp id="84" class="1004" name="indvar_flatten25_load_load_fu_84">
<pin_list>
<pin id="85" dir="0" index="0" bw="64" slack="1"/>
<pin id="86" dir="1" index="1" bw="64" slack="0"/>
</pin_list>
<bind>
<opcode="load(27) " fcode="load"/>
<opset="indvar_flatten25_load/2 "/>
</bind>
</comp>

<comp id="87" class="1004" name="icmp_ln45_fu_87">
<pin_list>
<pin id="88" dir="0" index="0" bw="64" slack="0"/>
<pin id="89" dir="0" index="1" bw="64" slack="1"/>
<pin id="90" dir="1" index="2" bw="1" slack="1"/>
</pin_list>
<bind>
<opcode="icmp(45) " fcode="icmp"/>
<opset="icmp_ln45/2 "/>
</bind>
</comp>

<comp id="92" class="1004" name="add_ln45_fu_92">
<pin_list>
<pin id="93" dir="0" index="0" bw="64" slack="0"/>
<pin id="94" dir="0" index="1" bw="1" slack="0"/>
<pin id="95" dir="1" index="2" bw="64" slack="0"/>
</pin_list>
<bind>
<opcode="add(8) " fcode="add"/>
<opset="add_ln45/2 "/>
</bind>
</comp>

<comp id="98" class="1004" name="p_load4_load_fu_98">
<pin_list>
<pin id="99" dir="0" index="0" bw="32" slack="1"/>
<pin id="100" dir="1" index="1" bw="32" slack="0"/>
</pin_list>
<bind>
<opcode="load(27) " fcode="load"/>
<opset="p_load4/2 "/>
</bind>
</comp>

<comp id="102" class="1004" name="store_ln45_store_fu_102">
<pin_list>
<pin id="103" dir="0" index="0" bw="64" slack="0"/>
<pin id="104" dir="0" index="1" bw="64" slack="1"/>
<pin id="105" dir="1" index="2" bw="0" slack="2147483647"/>
</pin_list>
<bind>
<opcode="store(28) " fcode="store"/>
<opset="store_ln45/2 "/>
</bind>
</comp>

<comp id="107" class="1004" name="bitcast_ln49_fu_107">
<pin_list>
<pin id="108" dir="0" index="0" bw="32" slack="1"/>
<pin id="109" dir="1" index="1" bw="32" slack="0"/>
</pin_list>
<bind>
<opcode="bitcast(44) " fcode="bitcast"/>
<opset="bitcast_ln49/3 "/>
</bind>
</comp>

<comp id="110" class="1004" name="tmp_19_fu_110">
<pin_list>
<pin id="111" dir="0" index="0" bw="8" slack="0"/>
<pin id="112" dir="0" index="1" bw="32" slack="0"/>
<pin id="113" dir="0" index="2" bw="6" slack="0"/>
<pin id="114" dir="0" index="3" bw="6" slack="0"/>
<pin id="115" dir="1" index="4" bw="8" slack="0"/>
</pin_list>
<bind>
<opcode="partselect(1002) " fcode="partselect"/>
<opset="tmp_19/3 "/>
</bind>
</comp>

<comp id="120" class="1004" name="trunc_ln49_fu_120">
<pin_list>
<pin id="121" dir="0" index="0" bw="32" slack="0"/>
<pin id="122" dir="1" index="1" bw="23" slack="0"/>
</pin_list>
<bind>
<opcode="trunc(33) " fcode="trunc"/>
<opset="trunc_ln49/3 "/>
</bind>
</comp>

<comp id="124" class="1004" name="icmp_ln49_fu_124">
<pin_list>
<pin id="125" dir="0" index="0" bw="8" slack="0"/>
<pin id="126" dir="0" index="1" bw="8" slack="0"/>
<pin id="127" dir="1" index="2" bw="1" slack="0"/>
</pin_list>
<bind>
<opcode="icmp(45) " fcode="icmp"/>
<opset="icmp_ln49/3 "/>
</bind>
</comp>

<comp id="130" class="1004" name="icmp_ln49_1_fu_130">
<pin_list>
<pin id="131" dir="0" index="0" bw="23" slack="0"/>
<pin id="132" dir="0" index="1" bw="23" slack="0"/>
<pin id="133" dir="1" index="2" bw="1" slack="0"/>
</pin_list>
<bind>
<opcode="icmp(45) " fcode="icmp"/>
<opset="icmp_ln49_1/3 "/>
</bind>
</comp>

<comp id="136" class="1004" name="or_ln49_fu_136">
<pin_list>
<pin id="137" dir="0" index="0" bw="1" slack="0"/>
<pin id="138" dir="0" index="1" bw="1" slack="0"/>
<pin id="139" dir="1" index="2" bw="1" slack="0"/>
</pin_list>
<bind>
<opcode="or(24) " fcode="or"/>
<opset="or_ln49/3 "/>
</bind>
</comp>

<comp id="142" class="1004" name="and_ln49_fu_142">
<pin_list>
<pin id="143" dir="0" index="0" bw="1" slack="0"/>
<pin id="144" dir="0" index="1" bw="1" slack="0"/>
<pin id="145" dir="1" index="2" bw="1" slack="0"/>
</pin_list>
<bind>
<opcode="and(23) " fcode="and"/>
<opset="and_ln49/3 "/>
</bind>
</comp>

<comp id="148" class="1004" name="select_ln49_fu_148">
<pin_list>
<pin id="149" dir="0" index="0" bw="1" slack="0"/>
<pin id="150" dir="0" index="1" bw="32" slack="1"/>
<pin id="151" dir="0" index="2" bw="32" slack="0"/>
<pin id="152" dir="1" index="3" bw="32" slack="1"/>
</pin_list>
<bind>
<opcode="select(49) " fcode="select"/>
<opset="select_ln49/3 "/>
</bind>
</comp>

<comp id="155" class="1004" name="store_ln49_store_fu_155">
<pin_list>
<pin id="156" dir="0" index="0" bw="32" slack="1"/>
<pin id="157" dir="0" index="1" bw="32" slack="3"/>
<pin id="158" dir="1" index="2" bw="0" slack="2147483647"/>
</pin_list>
<bind>
<opcode="store(28) " fcode="store"/>
<opset="store_ln49/4 "/>
</bind>
</comp>

<comp id="159" class="1004" name="p_load_load_fu_159">
<pin_list>
<pin id="160" dir="0" index="0" bw="32" slack="1"/>
<pin id="161" dir="1" index="1" bw="32" slack="0"/>
</pin_list>
<bind>
<opcode="load(27) " fcode="load"/>
<opset="p_load/2 "/>
</bind>
</comp>

<comp id="163" class="1005" name="empty_reg_163">
<pin_list>
<pin id="164" dir="0" index="0" bw="32" slack="0"/>
<pin id="165" dir="1" index="1" bw="32" slack="0"/>
</pin_list>
<bind>
<opset="empty "/>
</bind>
</comp>

<comp id="171" class="1005" name="indvar_flatten25_reg_171">
<pin_list>
<pin id="172" dir="0" index="0" bw="64" slack="0"/>
<pin id="173" dir="1" index="1" bw="64" slack="0"/>
</pin_list>
<bind>
<opset="indvar_flatten25 "/>
</bind>
</comp>

<comp id="178" class="1005" name="mul_ln155_2_read_reg_178">
<pin_list>
<pin id="179" dir="0" index="0" bw="64" slack="1"/>
<pin id="180" dir="1" index="1" bw="64" slack="1"/>
</pin_list>
<bind>
<opset="mul_ln155_2_read "/>
</bind>
</comp>

<comp id="183" class="1005" name="icmp_ln45_reg_183">
<pin_list>
<pin id="184" dir="0" index="0" bw="1" slack="1"/>
<pin id="185" dir="1" index="1" bw="1" slack="2147483647"/>
</pin_list>
<bind>
<opset="icmp_ln45 "/>
</bind>
</comp>

<comp id="187" class="1005" name="p_load4_reg_187">
<pin_list>
<pin id="188" dir="0" index="0" bw="32" slack="1"/>
<pin id="189" dir="1" index="1" bw="32" slack="1"/>
</pin_list>
<bind>
<opset="p_load4 "/>
</bind>
</comp>

<comp id="194" class="1005" name="select_ln49_reg_194">
<pin_list>
<pin id="195" dir="0" index="0" bw="32" slack="1"/>
<pin id="196" dir="1" index="1" bw="32" slack="1"/>
</pin_list>
<bind>
<opset="select_ln49 "/>
</bind>
</comp>

</comp_list>

<net_list>
<net id="45"><net_src comp="6" pin="0"/><net_sink comp="42" pin=0"/></net>

<net id="49"><net_src comp="6" pin="0"/><net_sink comp="46" pin=0"/></net>

<net id="54"><net_src comp="8" pin="0"/><net_sink comp="50" pin=0"/></net>

<net id="55"><net_src comp="2" pin="0"/><net_sink comp="50" pin=1"/></net>

<net id="60"><net_src comp="10" pin="0"/><net_sink comp="56" pin=0"/></net>

<net id="61"><net_src comp="0" pin="0"/><net_sink comp="56" pin=1"/></net>

<net id="67"><net_src comp="40" pin="0"/><net_sink comp="62" pin=0"/></net>

<net id="68"><net_src comp="4" pin="0"/><net_sink comp="62" pin=1"/></net>

<net id="73"><net_src comp="16" pin="0"/><net_sink comp="69" pin=1"/></net>

<net id="78"><net_src comp="12" pin="0"/><net_sink comp="74" pin=0"/></net>

<net id="83"><net_src comp="56" pin="2"/><net_sink comp="79" pin=0"/></net>

<net id="91"><net_src comp="84" pin="1"/><net_sink comp="87" pin=0"/></net>

<net id="96"><net_src comp="84" pin="1"/><net_sink comp="92" pin=0"/></net>

<net id="97"><net_src comp="14" pin="0"/><net_sink comp="92" pin=1"/></net>

<net id="101"><net_src comp="98" pin="1"/><net_sink comp="69" pin=0"/></net>

<net id="106"><net_src comp="92" pin="2"/><net_sink comp="102" pin=0"/></net>

<net id="116"><net_src comp="18" pin="0"/><net_sink comp="110" pin=0"/></net>

<net id="117"><net_src comp="107" pin="1"/><net_sink comp="110" pin=1"/></net>

<net id="118"><net_src comp="20" pin="0"/><net_sink comp="110" pin=2"/></net>

<net id="119"><net_src comp="22" pin="0"/><net_sink comp="110" pin=3"/></net>

<net id="123"><net_src comp="107" pin="1"/><net_sink comp="120" pin=0"/></net>

<net id="128"><net_src comp="110" pin="4"/><net_sink comp="124" pin=0"/></net>

<net id="129"><net_src comp="24" pin="0"/><net_sink comp="124" pin=1"/></net>

<net id="134"><net_src comp="120" pin="1"/><net_sink comp="130" pin=0"/></net>

<net id="135"><net_src comp="26" pin="0"/><net_sink comp="130" pin=1"/></net>

<net id="140"><net_src comp="130" pin="2"/><net_sink comp="136" pin=0"/></net>

<net id="141"><net_src comp="124" pin="2"/><net_sink comp="136" pin=1"/></net>

<net id="146"><net_src comp="136" pin="2"/><net_sink comp="142" pin=0"/></net>

<net id="147"><net_src comp="69" pin="2"/><net_sink comp="142" pin=1"/></net>

<net id="153"><net_src comp="142" pin="2"/><net_sink comp="148" pin=0"/></net>

<net id="154"><net_src comp="16" pin="0"/><net_sink comp="148" pin=2"/></net>

<net id="162"><net_src comp="159" pin="1"/><net_sink comp="62" pin=2"/></net>

<net id="166"><net_src comp="42" pin="1"/><net_sink comp="163" pin=0"/></net>

<net id="167"><net_src comp="163" pin="1"/><net_sink comp="79" pin=1"/></net>

<net id="168"><net_src comp="163" pin="1"/><net_sink comp="98" pin=0"/></net>

<net id="169"><net_src comp="163" pin="1"/><net_sink comp="155" pin=1"/></net>

<net id="170"><net_src comp="163" pin="1"/><net_sink comp="159" pin=0"/></net>

<net id="174"><net_src comp="46" pin="1"/><net_sink comp="171" pin=0"/></net>

<net id="175"><net_src comp="171" pin="1"/><net_sink comp="74" pin=1"/></net>

<net id="176"><net_src comp="171" pin="1"/><net_sink comp="84" pin=0"/></net>

<net id="177"><net_src comp="171" pin="1"/><net_sink comp="102" pin=1"/></net>

<net id="181"><net_src comp="50" pin="2"/><net_sink comp="178" pin=0"/></net>

<net id="182"><net_src comp="178" pin="1"/><net_sink comp="87" pin=1"/></net>

<net id="186"><net_src comp="87" pin="2"/><net_sink comp="183" pin=0"/></net>

<net id="190"><net_src comp="98" pin="1"/><net_sink comp="187" pin=0"/></net>

<net id="191"><net_src comp="187" pin="1"/><net_sink comp="107" pin=0"/></net>

<net id="192"><net_src comp="187" pin="1"/><net_sink comp="69" pin=0"/></net>

<net id="193"><net_src comp="187" pin="1"/><net_sink comp="148" pin=1"/></net>

<net id="197"><net_src comp="148" pin="3"/><net_sink comp="194" pin=0"/></net>

<net id="198"><net_src comp="194" pin="1"/><net_sink comp="155" pin=0"/></net>

</net_list>

</model> 
---------------- Datapath Model END ------------------

* FSMD analyzer results:
  - Output states:
	Port: p_out | {2 }
 - Input state : 
	Port: cifar10_Pipeline_VITIS_LOOP_45_1_VITIS_LOOP_47_21 : bitcast_ln45 | {1 }
	Port: cifar10_Pipeline_VITIS_LOOP_45_1_VITIS_LOOP_47_21 : mul_ln155_2 | {1 }
  - Chain level:
	State 1
		store_ln0 : 1
	State 2
		icmp_ln45 : 1
		add_ln45 : 1
		br_ln45 : 2
		tmp_20 : 1
		store_ln45 : 2
		write_ln0 : 1
	State 3
		tmp_19 : 1
		trunc_ln49 : 1
		icmp_ln49 : 2
		icmp_ln49_1 : 2
		or_ln49 : 3
		and_ln49 : 3
		select_ln49 : 3
	State 4


============================================================
+ Verbose Summary: Datapath Resource usage 
============================================================

* Functional unit list:
|----------|------------------------------|---------|---------|
| Operation|        Functional Unit       |    FF   |   LUT   |
|----------|------------------------------|---------|---------|
|          |        icmp_ln45_fu_87       |    0    |    71   |
|   icmp   |       icmp_ln49_fu_124       |    0    |    15   |
|          |      icmp_ln49_1_fu_130      |    0    |    30   |
|----------|------------------------------|---------|---------|
|    add   |        add_ln45_fu_92        |    0    |    71   |
|----------|------------------------------|---------|---------|
|  select  |      select_ln49_fu_148      |    0    |    32   |
|----------|------------------------------|---------|---------|
|    or    |        or_ln49_fu_136        |    0    |    2    |
|----------|------------------------------|---------|---------|
|    and   |        and_ln49_fu_142       |    0    |    2    |
|----------|------------------------------|---------|---------|
|   read   |  mul_ln155_2_read_read_fu_50 |    0    |    0    |
|          | bitcast_ln45_read_read_fu_56 |    0    |    0    |
|----------|------------------------------|---------|---------|
|   write  |     write_ln0_write_fu_62    |    0    |    0    |
|----------|------------------------------|---------|---------|
|   fcmp   |           grp_fu_69          |    0    |    0    |
|----------|------------------------------|---------|---------|
|partselect|         tmp_19_fu_110        |    0    |    0    |
|----------|------------------------------|---------|---------|
|   trunc  |       trunc_ln49_fu_120      |    0    |    0    |
|----------|------------------------------|---------|---------|
|   Total  |                              |    0    |   223   |
|----------|------------------------------|---------|---------|

Memories:
N/A

* Register list:
+------------------------+--------+
|                        |   FF   |
+------------------------+--------+
|      empty_reg_163     |   32   |
|    icmp_ln45_reg_183   |    1   |
|indvar_flatten25_reg_171|   64   |
|mul_ln155_2_read_reg_178|   64   |
|     p_load4_reg_187    |   32   |
|   select_ln49_reg_194  |   32   |
+------------------------+--------+
|          Total         |   225  |
+------------------------+--------+

* Multiplexer (MUX) list: 
|-----------|------|------|------|--------||---------||---------||---------|
|    Comp   |  Pin | Size |  BW  | S x BW ||  Delay  ||    FF   ||   LUT   |
|-----------|------|------|------|--------||---------||---------||---------|
| grp_fu_69 |  p0  |   2  |  32  |   64   ||    0    ||    9    |
|-----------|------|------|------|--------||---------||---------||---------|
|   Total   |      |      |      |   64   ||  1.588  ||    0    ||    9    |
|-----------|------|------|------|--------||---------||---------||---------|



* Summary:
+-----------+--------+--------+--------+
|           |  Delay |   FF   |   LUT  |
+-----------+--------+--------+--------+
|  Function |    -   |    0   |   223  |
|   Memory  |    -   |    -   |    -   |
|Multiplexer|    1   |    0   |    9   |
|  Register |    -   |   225  |    -   |
+-----------+--------+--------+--------+
|   Total   |    1   |   225  |   232  |
+-----------+--------+--------+--------+
