

================================================================
== Vitis HLS Report for 'cifar10_Pipeline_VITIS_LOOP_94_3_VITIS_LOOP_96_43'
================================================================
* Date:           Mon May  4 21:47:30 2026

* Version:        2025.2 (Build 6295257 on Nov 14 2025)
* Project:        proj_cifar10_multiple
* Solution:       fsolution (Vivado IP Flow Target)
* Product family: zynq
* Target device:  xc7z020-clg484-1


================================================================
== Performance Estimates
================================================================
+ Timing: 
    * Summary: 
    +--------+----------+----------+------------+
    |  Clock |  Target  | Estimated| Uncertainty|
    +--------+----------+----------+------------+
    |ap_clk  |  10.00 ns|  7.107 ns|     2.70 ns|
    +--------+----------+----------+------------+

+ Latency: 
    * Summary: 
    +---------+---------+----------+----------+-----+-----+-------------------+
    |  Latency (cycles) |  Latency (absolute) |  Interval |      Pipeline     |
    |   min   |   max   |    min   |    max   | min | max |        Type       |
    +---------+---------+----------+----------+-----+-----+-------------------+
    |        ?|        ?|         ?|         ?|    0|    0|  loop pipeline stp|
    +---------+---------+----------+----------+-----+-----+-------------------+

    + Detail: 
        * Instance: 
        N/A

        * Loop: 
        +-----------------------------------+---------+---------+----------+-----------+-----------+------+----------+
        |                                   |  Latency (cycles) | Iteration|  Initiation Interval  | Trip |          |
        |             Loop Name             |   min   |   max   |  Latency |  achieved |   target  | Count| Pipelined|
        +-----------------------------------+---------+---------+----------+-----------+-----------+------+----------+
        |- VITIS_LOOP_94_3_VITIS_LOOP_96_4  |        ?|        ?|         3|          2|          1|     ?|       yes|
        +-----------------------------------+---------+---------+----------+-----------+-----------+------+----------+

============================================================
+ Verbose Summary: Synthesis Manager
============================================================
InlineROM: 1
ExposeGlobal: 0
============================================================
+ Verbose Summary: CDFG Model
============================================================
IsTopModel: 0
ResetActiveHigh: 1
IsCombinational: 0
IsDatapathOnly: 0
HasWiredReturn: 1
HasMFsm: 2
HasVarLatency: 1
IsPipeline: 0
IsRtlPipelined: 0
IsInstanceOverlapped: 0
IsDontTouch: 0
HasImplIP: 0
IsGatedGlobalClock: 0

+ Individual pipeline summary: 
  * Pipeline-0: initiation interval (II) = 2, depth = 4


============================================================
+ Verbose Summary: Schedule
============================================================
* Number of FSM states : 4
* Pipeline : 1
  Pipeline-0 : II = 2, D = 4, States = { 1 2 3 4 }
* Dataflow Pipeline: 0

* FSM state transitions: 
1 --> 2 
2 --> 3 
3 --> 4 
4 --> 

* FSM state operations: 

State 1 <SV = 0> <Delay = 1.58>
ST_1 : Operation 6 [1/1] (0.00ns)   --->   "%p_a = alloca i32 1" [cpu_functions.cpp:98->cpu_functions.cpp:190]   --->   Operation 6 'alloca' 'p_a' <Predicate = true> <Delay = 0.00>
ST_1 : Operation 7 [1/1] (0.00ns)   --->   "%indvar_flatten41 = alloca i32 1"   --->   Operation 7 'alloca' 'indvar_flatten41' <Predicate = true> <Delay = 0.00>
ST_1 : Operation 8 [1/1] (0.00ns)   --->   "%tmp = read i23 @_ssdm_op_Read.ap_auto.i23, i23 %empty"   --->   Operation 8 'read' 'tmp' <Predicate = true> <Delay = 0.00>
ST_1 : Operation 9 [1/1] (0.00ns)   --->   "%conv_2_output_load_1_read = read i31 @_ssdm_op_Read.ap_auto.i31, i31 %conv_2_output_load_1"   --->   Operation 9 'read' 'conv_2_output_load_1_read' <Predicate = true> <Delay = 0.00>
ST_1 : Operation 10 [1/1] (0.00ns)   --->   "%mul_ln155_3_read = read i64 @_ssdm_op_Read.ap_auto.i64, i64 %mul_ln155_3"   --->   Operation 10 'read' 'mul_ln155_3_read' <Predicate = true> <Delay = 0.00>
ST_1 : Operation 11 [1/1] (0.00ns)   --->   "%max_value_7_read = read i32 @_ssdm_op_Read.ap_auto.float, i32 %max_value_7"   --->   Operation 11 'read' 'max_value_7_read' <Predicate = true> <Delay = 0.00>
ST_1 : Operation 12 [1/1] (1.58ns)   --->   "%store_ln0 = store i64 0, i64 %indvar_flatten41"   --->   Operation 12 'store' 'store_ln0' <Predicate = true> <Delay = 1.58>
ST_1 : Operation 13 [1/1] (1.58ns)   --->   "%store_ln98 = store i32 %max_value_7_read, i32 %p_a" [cpu_functions.cpp:98->cpu_functions.cpp:190]   --->   Operation 13 'store' 'store_ln98' <Predicate = true> <Delay = 1.58>
ST_1 : Operation 14 [1/1] (0.00ns)   --->   "%br_ln0 = br void %for.body12.i104"   --->   Operation 14 'br' 'br_ln0' <Predicate = true> <Delay = 0.00>

State 2 <SV = 1> <Delay = 5.43>
ST_2 : Operation 15 [1/1] (0.00ns)   --->   "%indvar_flatten41_load = load i64 %indvar_flatten41" [cpu_functions.cpp:94->cpu_functions.cpp:190]   --->   Operation 15 'load' 'indvar_flatten41_load' <Predicate = true> <Delay = 0.00>
ST_2 : Operation 16 [1/1] (3.52ns)   --->   "%icmp_ln94 = icmp_eq  i64 %indvar_flatten41_load, i64 %mul_ln155_3_read" [cpu_functions.cpp:94->cpu_functions.cpp:190]   --->   Operation 16 'icmp' 'icmp_ln94' <Predicate = true> <Delay = 3.52> <CoreInst = "Cmp">   --->   Core 9 'Cmp' <Latency = 0> <II = 1> <Delay = 3.52> <FuncUnit> <Opcode : 'seteq' 'setne' 'setle' 'setge' 'setlt' 'setgt'> <InPorts = 2> <OutPorts = 1>
ST_2 : Operation 17 [1/1] (3.52ns)   --->   "%add_ln94 = add i64 %indvar_flatten41_load, i64 1" [cpu_functions.cpp:94->cpu_functions.cpp:190]   --->   Operation 17 'add' 'add_ln94' <Predicate = true> <Delay = 3.52> <CoreInst = "Adder">   --->   Core 1 'Adder' <Latency = 0> <II = 1> <Delay = 3.52> <FuncUnit> <Opcode : 'add' 'sub'> <InPorts = 2> <OutPorts = 1>
ST_2 : Operation 18 [1/1] (0.00ns)   --->   "%br_ln94 = br i1 %icmp_ln94, void %for.inc20.i107, void %for.inc28.i117.exitStub" [cpu_functions.cpp:94->cpu_functions.cpp:190]   --->   Operation 18 'br' 'br_ln94' <Predicate = true> <Delay = 0.00>
ST_2 : Operation 19 [1/1] (0.00ns)   --->   "%p_a_load_1 = load i32 %p_a" [cpu_functions.cpp:98->cpu_functions.cpp:190]   --->   Operation 19 'load' 'p_a_load_1' <Predicate = (!icmp_ln94)> <Delay = 0.00>
ST_2 : Operation 20 [1/1] (0.00ns)   --->   "%bitcast_ln98 = bitcast i32 %p_a_load_1" [cpu_functions.cpp:98->cpu_functions.cpp:190]   --->   Operation 20 'bitcast' 'bitcast_ln98' <Predicate = (!icmp_ln94)> <Delay = 0.00>
ST_2 : Operation 21 [1/1] (0.00ns)   --->   "%tmp_21 = partselect i8 @_ssdm_op_PartSelect.i8.i32.i32.i32, i32 %bitcast_ln98, i32 23, i32 30" [cpu_functions.cpp:98->cpu_functions.cpp:190]   --->   Operation 21 'partselect' 'tmp_21' <Predicate = (!icmp_ln94)> <Delay = 0.00>
ST_2 : Operation 22 [1/1] (0.00ns)   --->   "%trunc_ln98 = trunc i32 %bitcast_ln98" [cpu_functions.cpp:98->cpu_functions.cpp:190]   --->   Operation 22 'trunc' 'trunc_ln98' <Predicate = (!icmp_ln94)> <Delay = 0.00>
ST_2 : Operation 23 [1/1] (0.00ns)   --->   "%tmp_24 = partselect i8 @_ssdm_op_PartSelect.i8.i31.i32.i32, i31 %conv_2_output_load_1_read, i32 23, i32 30" [cpu_functions.cpp:98->cpu_functions.cpp:190]   --->   Operation 23 'partselect' 'tmp_24' <Predicate = (!icmp_ln94)> <Delay = 0.00>
ST_2 : Operation 24 [1/1] (1.91ns)   --->   "%icmp_ln98 = icmp_ne  i8 %tmp_21, i8 255" [cpu_functions.cpp:98->cpu_functions.cpp:190]   --->   Operation 24 'icmp' 'icmp_ln98' <Predicate = (!icmp_ln94)> <Delay = 1.91> <CoreInst = "Cmp">   --->   Core 9 'Cmp' <Latency = 0> <II = 1> <Delay = 1.91> <FuncUnit> <Opcode : 'seteq' 'setne' 'setle' 'setge' 'setlt' 'setgt'> <InPorts = 2> <OutPorts = 1>
ST_2 : Operation 25 [1/1] (2.28ns)   --->   "%icmp_ln98_1 = icmp_eq  i23 %trunc_ln98, i23 0" [cpu_functions.cpp:98->cpu_functions.cpp:190]   --->   Operation 25 'icmp' 'icmp_ln98_1' <Predicate = (!icmp_ln94)> <Delay = 2.28> <CoreInst = "Cmp">   --->   Core 9 'Cmp' <Latency = 0> <II = 1> <Delay = 2.28> <FuncUnit> <Opcode : 'seteq' 'setne' 'setle' 'setge' 'setlt' 'setgt'> <InPorts = 2> <OutPorts = 1>
ST_2 : Operation 26 [1/1] (1.91ns)   --->   "%icmp_ln98_2 = icmp_ne  i8 %tmp_24, i8 255" [cpu_functions.cpp:98->cpu_functions.cpp:190]   --->   Operation 26 'icmp' 'icmp_ln98_2' <Predicate = (!icmp_ln94)> <Delay = 1.91> <CoreInst = "Cmp">   --->   Core 9 'Cmp' <Latency = 0> <II = 1> <Delay = 1.91> <FuncUnit> <Opcode : 'seteq' 'setne' 'setle' 'setge' 'setlt' 'setgt'> <InPorts = 2> <OutPorts = 1>
ST_2 : Operation 27 [1/1] (2.28ns)   --->   "%icmp_ln98_3 = icmp_eq  i23 %tmp, i23 0" [cpu_functions.cpp:98->cpu_functions.cpp:190]   --->   Operation 27 'icmp' 'icmp_ln98_3' <Predicate = (!icmp_ln94)> <Delay = 2.28> <CoreInst = "Cmp">   --->   Core 9 'Cmp' <Latency = 0> <II = 1> <Delay = 2.28> <FuncUnit> <Opcode : 'seteq' 'setne' 'setle' 'setge' 'setlt' 'setgt'> <InPorts = 2> <OutPorts = 1>
ST_2 : Operation 28 [2/2] (5.43ns)   --->   "%tmp_25 = fcmp_ogt  i32 %p_a_load_1, i32 %max_value_7_read" [cpu_functions.cpp:98->cpu_functions.cpp:190]   --->   Operation 28 'fcmp' 'tmp_25' <Predicate = (!icmp_ln94)> <Delay = 5.43> <CoreInst = "FCompare">   --->   Core 19 'FCompare' <Latency = 1> <II = 1> <Delay = 5.43> <FuncUnit> <Opcode : 'fcmp'> <InPorts = 2> <OutPorts = 1>
ST_2 : Operation 29 [1/1] (1.58ns)   --->   "%store_ln94 = store i64 %add_ln94, i64 %indvar_flatten41" [cpu_functions.cpp:94->cpu_functions.cpp:190]   --->   Operation 29 'store' 'store_ln94' <Predicate = (!icmp_ln94)> <Delay = 1.58>
ST_2 : Operation 40 [1/1] (0.00ns)   --->   "%p_a_load = load i32 %p_a"   --->   Operation 40 'load' 'p_a_load' <Predicate = (icmp_ln94)> <Delay = 0.00>
ST_2 : Operation 41 [1/1] (0.00ns)   --->   "%write_ln0 = write void @_ssdm_op_Write.ap_auto.floatP0A, i32 %max_value_9_out, i32 %p_a_load"   --->   Operation 41 'write' 'write_ln0' <Predicate = (icmp_ln94)> <Delay = 0.00>
ST_2 : Operation 42 [1/1] (1.58ns)   --->   "%ret_ln0 = ret"   --->   Operation 42 'ret' 'ret_ln0' <Predicate = (icmp_ln94)> <Delay = 1.58>

State 3 <SV = 2> <Delay = 7.10>
ST_3 : Operation 30 [1/1] (0.00ns) (grouped into LUT with out node and_ln98_1)   --->   "%or_ln98 = or i1 %icmp_ln98_1, i1 %icmp_ln98" [cpu_functions.cpp:98->cpu_functions.cpp:190]   --->   Operation 30 'or' 'or_ln98' <Predicate = (!icmp_ln94)> <Delay = 0.00> <CoreInst = "LogicGate">   --->   Core 74 'LogicGate' <Latency = 0> <II = 1> <Delay = 0.97> <FuncUnit> <Opcode : 'and' 'or' 'xor'> <InPorts = 2> <OutPorts = 1>
ST_3 : Operation 31 [1/1] (0.00ns) (grouped into LUT with out node and_ln98_1)   --->   "%or_ln98_1 = or i1 %icmp_ln98_3, i1 %icmp_ln98_2" [cpu_functions.cpp:98->cpu_functions.cpp:190]   --->   Operation 31 'or' 'or_ln98_1' <Predicate = (!icmp_ln94)> <Delay = 0.00> <CoreInst = "LogicGate">   --->   Core 74 'LogicGate' <Latency = 0> <II = 1> <Delay = 0.97> <FuncUnit> <Opcode : 'and' 'or' 'xor'> <InPorts = 2> <OutPorts = 1>
ST_3 : Operation 32 [1/2] (5.43ns)   --->   "%tmp_25 = fcmp_ogt  i32 %p_a_load_1, i32 %max_value_7_read" [cpu_functions.cpp:98->cpu_functions.cpp:190]   --->   Operation 32 'fcmp' 'tmp_25' <Predicate = (!icmp_ln94)> <Delay = 5.43> <CoreInst = "FCompare">   --->   Core 19 'FCompare' <Latency = 1> <II = 1> <Delay = 5.43> <FuncUnit> <Opcode : 'fcmp'> <InPorts = 2> <OutPorts = 1>
ST_3 : Operation 33 [1/1] (0.00ns) (grouped into LUT with out node and_ln98_1)   --->   "%and_ln98 = and i1 %tmp_25, i1 %or_ln98_1" [cpu_functions.cpp:98->cpu_functions.cpp:190]   --->   Operation 33 'and' 'and_ln98' <Predicate = (!icmp_ln94)> <Delay = 0.00> <CoreInst = "LogicGate">   --->   Core 74 'LogicGate' <Latency = 0> <II = 1> <Delay = 0.97> <FuncUnit> <Opcode : 'and' 'or' 'xor'> <InPorts = 2> <OutPorts = 1>
ST_3 : Operation 34 [1/1] (0.97ns) (out node of the LUT)   --->   "%and_ln98_1 = and i1 %and_ln98, i1 %or_ln98" [cpu_functions.cpp:98->cpu_functions.cpp:190]   --->   Operation 34 'and' 'and_ln98_1' <Predicate = (!icmp_ln94)> <Delay = 0.97> <CoreInst = "LogicGate">   --->   Core 74 'LogicGate' <Latency = 0> <II = 1> <Delay = 0.97> <FuncUnit> <Opcode : 'and' 'or' 'xor'> <InPorts = 2> <OutPorts = 1>
ST_3 : Operation 35 [1/1] (0.69ns) (out node of the LUT)   --->   "%max_value = select i1 %and_ln98_1, i32 %p_a_load_1, i32 %max_value_7_read" [cpu_functions.cpp:98->cpu_functions.cpp:190]   --->   Operation 35 'select' 'max_value' <Predicate = (!icmp_ln94)> <Delay = 0.69> <CoreInst = "Sel">   --->   Core 73 'Sel' <Latency = 0> <II = 1> <Delay = 0.69> <FuncUnit> <Opcode : 'select'> <InPorts = 3> <OutPorts = 1>

State 4 <SV = 3> <Delay = 7.01>
ST_4 : Operation 36 [1/1] (0.00ns)   --->   "%specloopname_ln0 = specloopname void @_ssdm_op_SpecLoopName, void @VITIS_LOOP_94_3_VITIS_LOOP_96_4_str"   --->   Operation 36 'specloopname' 'specloopname_ln0' <Predicate = true> <Delay = 0.00>
ST_4 : Operation 37 [1/1] (0.00ns)   --->   "%specpipeline_ln88 = specpipeline void @_ssdm_op_SpecPipeline, i32 4294967295, i32 0, i32 0, i32 0, i32 4294967295, void @empty_2" [cpu_functions.cpp:88->cpu_functions.cpp:190]   --->   Operation 37 'specpipeline' 'specpipeline_ln88' <Predicate = true> <Delay = 0.00>
ST_4 : Operation 38 [1/1] (1.58ns)   --->   "%store_ln98 = store i32 %max_value, i32 %p_a" [cpu_functions.cpp:98->cpu_functions.cpp:190]   --->   Operation 38 'store' 'store_ln98' <Predicate = true> <Delay = 1.58>
ST_4 : Operation 39 [1/1] (0.00ns)   --->   "%br_ln96 = br void %for.body12.i104" [cpu_functions.cpp:96->cpu_functions.cpp:190]   --->   Operation 39 'br' 'br_ln96' <Predicate = true> <Delay = 0.00>


============================================================
+ Verbose Summary: Binding
============================================================
STG Binding: 
---------------- STG Properties BEGIN ----------------
- Is combinational: 0
- Is one-state seq: 0
- Is datapath-only: 0
- Is pipelined: 0
- Is top level: 0
Port [ Return ] is wired: 1; IO mode=ap_ctrl_hs:ce=0
Port [ max_value_7]:  wired=1; compound=0; hidden=0; nouse=0; global=0; static=0; extern=0; dir=0; type=0; pingpong=0; private_global=0; IO mode=ap_none:ce=0
Port [ mul_ln155_3]:  wired=1; compound=0; hidden=0; nouse=0; global=0; static=0; extern=0; dir=0; type=0; pingpong=0; private_global=0; IO mode=ap_none:ce=0
Port [ conv_2_output_load_1]:  wired=1; compound=0; hidden=0; nouse=0; global=0; static=0; extern=0; dir=0; type=0; pingpong=0; private_global=0; IO mode=ap_none:ce=0
Port [ empty]:  wired=1; compound=0; hidden=0; nouse=0; global=0; static=0; extern=0; dir=0; type=0; pingpong=0; private_global=0; IO mode=ap_none:ce=0
Port [ max_value_9_out]:  wired=1; compound=0; hidden=0; nouse=0; global=0; static=0; extern=0; dir=1; type=0; pingpong=0; private_global=0; IO mode=ap_vld:ce=0
---------------- STG Properties END ------------------

---------------- Datapath Model BEGIN ----------------

<LifeTime>
<method=bitvector/>
p_a                       (alloca      ) [ 01111]
indvar_flatten41          (alloca      ) [ 01100]
tmp                       (read        ) [ 00100]
conv_2_output_load_1_read (read        ) [ 00100]
mul_ln155_3_read          (read        ) [ 00100]
max_value_7_read          (read        ) [ 01110]
store_ln0                 (store       ) [ 00000]
store_ln98                (store       ) [ 00000]
br_ln0                    (br          ) [ 00000]
indvar_flatten41_load     (load        ) [ 00000]
icmp_ln94                 (icmp        ) [ 01110]
add_ln94                  (add         ) [ 00000]
br_ln94                   (br          ) [ 00000]
p_a_load_1                (load        ) [ 01010]
bitcast_ln98              (bitcast     ) [ 00000]
tmp_21                    (partselect  ) [ 00000]
trunc_ln98                (trunc       ) [ 00000]
tmp_24                    (partselect  ) [ 00000]
icmp_ln98                 (icmp        ) [ 01010]
icmp_ln98_1               (icmp        ) [ 01010]
icmp_ln98_2               (icmp        ) [ 01010]
icmp_ln98_3               (icmp        ) [ 01010]
store_ln94                (store       ) [ 00000]
or_ln98                   (or          ) [ 00000]
or_ln98_1                 (or          ) [ 00000]
tmp_25                    (fcmp        ) [ 00000]
and_ln98                  (and         ) [ 00000]
and_ln98_1                (and         ) [ 00000]
max_value                 (select      ) [ 00101]
specloopname_ln0          (specloopname) [ 00000]
specpipeline_ln88         (specpipeline) [ 00000]
store_ln98                (store       ) [ 00000]
br_ln96                   (br          ) [ 00000]
p_a_load                  (load        ) [ 00000]
write_ln0                 (write       ) [ 00000]
ret_ln0                   (ret         ) [ 00000]
</LifeTime>

<model>

<comp_list>
<comp id="0" class="1000" name="max_value_7">
<pin_list>
<pin id="1" dir="1" index="0" bw="1" slack="0"/>
</pin_list>
<bind>
<StgValue><ssdm name="max_value_7"/></StgValue>
</bind>
</comp>

<comp id="2" class="1000" name="mul_ln155_3">
<pin_list>
<pin id="3" dir="1" index="0" bw="1" slack="0"/>
</pin_list>
<bind>
<StgValue><ssdm name="mul_ln155_3"/></StgValue>
</bind>
</comp>

<comp id="4" class="1000" name="conv_2_output_load_1">
<pin_list>
<pin id="5" dir="1" index="0" bw="1" slack="0"/>
</pin_list>
<bind>
<StgValue><ssdm name="conv_2_output_load_1"/></StgValue>
</bind>
</comp>

<comp id="6" class="1000" name="empty">
<pin_list>
<pin id="7" dir="1" index="0" bw="1" slack="0"/>
</pin_list>
<bind>
<StgValue><ssdm name="empty"/></StgValue>
</bind>
</comp>

<comp id="8" class="1000" name="max_value_9_out">
<pin_list>
<pin id="9" dir="1" index="0" bw="1" slack="0"/>
</pin_list>
<bind>
<StgValue><ssdm name="max_value_9_out"/></StgValue>
</bind>
</comp>

<comp id="10" class="1001" name="const_10">
<pin_list>
<pin id="11" dir="1" index="0" bw="1" slack="0"/>
</pin_list>
<bind>
<StgValue><ssdm name=""/></StgValue>
</bind>
</comp>

<comp id="12" class="1001" name="const_12">
<pin_list>
<pin id="13" dir="1" index="0" bw="1" slack="0"/>
</pin_list>
<bind>
<StgValue><ssdm name="_ssdm_op_Read.ap_auto.i23"/></StgValue>
</bind>
</comp>

<comp id="14" class="1001" name="const_14">
<pin_list>
<pin id="15" dir="1" index="0" bw="1" slack="0"/>
</pin_list>
<bind>
<StgValue><ssdm name="_ssdm_op_Read.ap_auto.i31"/></StgValue>
</bind>
</comp>

<comp id="16" class="1001" name="const_16">
<pin_list>
<pin id="17" dir="1" index="0" bw="1" slack="0"/>
</pin_list>
<bind>
<StgValue><ssdm name="_ssdm_op_Read.ap_auto.i64"/></StgValue>
</bind>
</comp>

<comp id="18" class="1001" name="const_18">
<pin_list>
<pin id="19" dir="1" index="0" bw="1" slack="0"/>
</pin_list>
<bind>
<StgValue><ssdm name="_ssdm_op_Read.ap_auto.float"/></StgValue>
</bind>
</comp>

<comp id="20" class="1001" name="const_20">
<pin_list>
<pin id="21" dir="1" index="0" bw="1" slack="0"/>
</pin_list>
<bind>
<StgValue><ssdm name=""/></StgValue>
</bind>
</comp>

<comp id="22" class="1001" name="const_22">
<pin_list>
<pin id="23" dir="1" index="0" bw="1" slack="0"/>
</pin_list>
<bind>
<StgValue><ssdm name=""/></StgValue>
</bind>
</comp>

<comp id="24" class="1001" name="const_24">
<pin_list>
<pin id="25" dir="1" index="0" bw="1" slack="0"/>
</pin_list>
<bind>
<StgValue><ssdm name="_ssdm_op_PartSelect.i8.i32.i32.i32"/></StgValue>
</bind>
</comp>

<comp id="26" class="1001" name="const_26">
<pin_list>
<pin id="27" dir="1" index="0" bw="1" slack="0"/>
</pin_list>
<bind>
<StgValue><ssdm name=""/></StgValue>
</bind>
</comp>

<comp id="28" class="1001" name="const_28">
<pin_list>
<pin id="29" dir="1" index="0" bw="1" slack="0"/>
</pin_list>
<bind>
<StgValue><ssdm name=""/></StgValue>
</bind>
</comp>

<comp id="30" class="1001" name="const_30">
<pin_list>
<pin id="31" dir="1" index="0" bw="1" slack="0"/>
</pin_list>
<bind>
<StgValue><ssdm name="_ssdm_op_PartSelect.i8.i31.i32.i32"/></StgValue>
</bind>
</comp>

<comp id="32" class="1001" name="const_32">
<pin_list>
<pin id="33" dir="1" index="0" bw="1" slack="0"/>
</pin_list>
<bind>
<StgValue><ssdm name=""/></StgValue>
</bind>
</comp>

<comp id="34" class="1001" name="const_34">
<pin_list>
<pin id="35" dir="1" index="0" bw="1" slack="0"/>
</pin_list>
<bind>
<StgValue><ssdm name=""/></StgValue>
</bind>
</comp>

<comp id="36" class="1001" name="const_36">
<pin_list>
<pin id="37" dir="1" index="0" bw="1" slack="2147483647"/>
</pin_list>
<bind>
<StgValue><ssdm name="_ssdm_op_SpecLoopName"/></StgValue>
</bind>
</comp>

<comp id="38" class="1001" name="const_38">
<pin_list>
<pin id="39" dir="1" index="0" bw="1" slack="2147483647"/>
</pin_list>
<bind>
<StgValue><ssdm name="VITIS_LOOP_94_3_VITIS_LOOP_96_4_str"/></StgValue>
</bind>
</comp>

<comp id="40" class="1001" name="const_40">
<pin_list>
<pin id="41" dir="1" index="0" bw="1" slack="2147483647"/>
</pin_list>
<bind>
<StgValue><ssdm name="_ssdm_op_SpecPipeline"/></StgValue>
</bind>
</comp>

<comp id="42" class="1001" name="const_42">
<pin_list>
<pin id="43" dir="1" index="0" bw="1" slack="2147483647"/>
</pin_list>
<bind>
<StgValue><ssdm name=""/></StgValue>
</bind>
</comp>

<comp id="44" class="1001" name="const_44">
<pin_list>
<pin id="45" dir="1" index="0" bw="1" slack="2147483647"/>
</pin_list>
<bind>
<StgValue><ssdm name=""/></StgValue>
</bind>
</comp>

<comp id="46" class="1001" name="const_46">
<pin_list>
<pin id="47" dir="1" index="0" bw="1" slack="2147483647"/>
</pin_list>
<bind>
<StgValue><ssdm name="empty_2"/></StgValue>
</bind>
</comp>

<comp id="48" class="1001" name="const_48">
<pin_list>
<pin id="49" dir="1" index="0" bw="1" slack="0"/>
</pin_list>
<bind>
<StgValue><ssdm name="_ssdm_op_Write.ap_auto.floatP0A"/></StgValue>
</bind>
</comp>

<comp id="50" class="1004" name="p_a_fu_50">
<pin_list>
<pin id="51" dir="0" index="0" bw="1" slack="0"/>
<pin id="52" dir="1" index="1" bw="32" slack="0"/>
</pin_list>
<bind>
<opcode="alloca(26) " fcode="alloca"/>
<opset="p_a/1 "/>
</bind>
</comp>

<comp id="54" class="1004" name="indvar_flatten41_fu_54">
<pin_list>
<pin id="55" dir="0" index="0" bw="1" slack="0"/>
<pin id="56" dir="1" index="1" bw="64" slack="0"/>
</pin_list>
<bind>
<opcode="alloca(26) " fcode="alloca"/>
<opset="indvar_flatten41/1 "/>
</bind>
</comp>

<comp id="58" class="1004" name="tmp_read_fu_58">
<pin_list>
<pin id="59" dir="0" index="0" bw="23" slack="0"/>
<pin id="60" dir="0" index="1" bw="23" slack="0"/>
<pin id="61" dir="1" index="2" bw="23" slack="1"/>
</pin_list>
<bind>
<opcode="read(1150) " fcode="read"/>
<opset="tmp/1 "/>
</bind>
</comp>

<comp id="64" class="1004" name="conv_2_output_load_1_read_read_fu_64">
<pin_list>
<pin id="65" dir="0" index="0" bw="31" slack="0"/>
<pin id="66" dir="0" index="1" bw="31" slack="0"/>
<pin id="67" dir="1" index="2" bw="31" slack="1"/>
</pin_list>
<bind>
<opcode="read(1150) " fcode="read"/>
<opset="conv_2_output_load_1_read/1 "/>
</bind>
</comp>

<comp id="70" class="1004" name="mul_ln155_3_read_read_fu_70">
<pin_list>
<pin id="71" dir="0" index="0" bw="64" slack="0"/>
<pin id="72" dir="0" index="1" bw="64" slack="0"/>
<pin id="73" dir="1" index="2" bw="64" slack="1"/>
</pin_list>
<bind>
<opcode="read(1150) " fcode="read"/>
<opset="mul_ln155_3_read/1 "/>
</bind>
</comp>

<comp id="76" class="1004" name="max_value_7_read_read_fu_76">
<pin_list>
<pin id="77" dir="0" index="0" bw="32" slack="0"/>
<pin id="78" dir="0" index="1" bw="32" slack="0"/>
<pin id="79" dir="1" index="2" bw="32" slack="0"/>
</pin_list>
<bind>
<opcode="read(1150) " fcode="read"/>
<opset="max_value_7_read/1 "/>
</bind>
</comp>

<comp id="82" class="1004" name="write_ln0_write_fu_82">
<pin_list>
<pin id="83" dir="0" index="0" bw="0" slack="0"/>
<pin id="84" dir="0" index="1" bw="32" slack="0"/>
<pin id="85" dir="0" index="2" bw="32" slack="0"/>
<pin id="86" dir="1" index="3" bw="0" slack="2147483647"/>
</pin_list>
<bind>
<opcode="write(1151) " fcode="write"/>
<opset="write_ln0/2 "/>
</bind>
</comp>

<comp id="89" class="1004" name="grp_fu_89">
<pin_list>
<pin id="90" dir="0" index="0" bw="32" slack="0"/>
<pin id="91" dir="0" index="1" bw="32" slack="1"/>
<pin id="92" dir="1" index="2" bw="1" slack="0"/>
</pin_list>
<bind>
<opcode="fcmp(46) " fcode="fcmp"/>
<opset="tmp_25/2 "/>
</bind>
</comp>

<comp id="93" class="1004" name="store_ln0_store_fu_93">
<pin_list>
<pin id="94" dir="0" index="0" bw="1" slack="0"/>
<pin id="95" dir="0" index="1" bw="64" slack="0"/>
<pin id="96" dir="1" index="2" bw="0" slack="2147483647"/>
</pin_list>
<bind>
<opcode="store(28) " fcode="store"/>
<opset="store_ln0/1 "/>
</bind>
</comp>

<comp id="98" class="1004" name="store_ln98_store_fu_98">
<pin_list>
<pin id="99" dir="0" index="0" bw="32" slack="0"/>
<pin id="100" dir="0" index="1" bw="32" slack="0"/>
<pin id="101" dir="1" index="2" bw="0" slack="2147483647"/>
</pin_list>
<bind>
<opcode="store(28) " fcode="store"/>
<opset="store_ln98/1 "/>
</bind>
</comp>

<comp id="103" class="1004" name="indvar_flatten41_load_load_fu_103">
<pin_list>
<pin id="104" dir="0" index="0" bw="64" slack="1"/>
<pin id="105" dir="1" index="1" bw="64" slack="0"/>
</pin_list>
<bind>
<opcode="load(27) " fcode="load"/>
<opset="indvar_flatten41_load/2 "/>
</bind>
</comp>

<comp id="106" class="1004" name="icmp_ln94_fu_106">
<pin_list>
<pin id="107" dir="0" index="0" bw="64" slack="0"/>
<pin id="108" dir="0" index="1" bw="64" slack="1"/>
<pin id="109" dir="1" index="2" bw="1" slack="1"/>
</pin_list>
<bind>
<opcode="icmp(45) " fcode="icmp"/>
<opset="icmp_ln94/2 "/>
</bind>
</comp>

<comp id="111" class="1004" name="add_ln94_fu_111">
<pin_list>
<pin id="112" dir="0" index="0" bw="64" slack="0"/>
<pin id="113" dir="0" index="1" bw="1" slack="0"/>
<pin id="114" dir="1" index="2" bw="64" slack="0"/>
</pin_list>
<bind>
<opcode="add(8) " fcode="add"/>
<opset="add_ln94/2 "/>
</bind>
</comp>

<comp id="117" class="1004" name="p_a_load_1_load_fu_117">
<pin_list>
<pin id="118" dir="0" index="0" bw="32" slack="1"/>
<pin id="119" dir="1" index="1" bw="32" slack="0"/>
</pin_list>
<bind>
<opcode="load(27) " fcode="load"/>
<opset="p_a_load_1/2 "/>
</bind>
</comp>

<comp id="121" class="1004" name="bitcast_ln98_fu_121">
<pin_list>
<pin id="122" dir="0" index="0" bw="32" slack="0"/>
<pin id="123" dir="1" index="1" bw="32" slack="0"/>
</pin_list>
<bind>
<opcode="bitcast(44) " fcode="bitcast"/>
<opset="bitcast_ln98/2 "/>
</bind>
</comp>

<comp id="125" class="1004" name="tmp_21_fu_125">
<pin_list>
<pin id="126" dir="0" index="0" bw="8" slack="0"/>
<pin id="127" dir="0" index="1" bw="32" slack="0"/>
<pin id="128" dir="0" index="2" bw="6" slack="0"/>
<pin id="129" dir="0" index="3" bw="6" slack="0"/>
<pin id="130" dir="1" index="4" bw="8" slack="0"/>
</pin_list>
<bind>
<opcode="partselect(1002) " fcode="partselect"/>
<opset="tmp_21/2 "/>
</bind>
</comp>

<comp id="135" class="1004" name="trunc_ln98_fu_135">
<pin_list>
<pin id="136" dir="0" index="0" bw="32" slack="0"/>
<pin id="137" dir="1" index="1" bw="23" slack="0"/>
</pin_list>
<bind>
<opcode="trunc(33) " fcode="trunc"/>
<opset="trunc_ln98/2 "/>
</bind>
</comp>

<comp id="139" class="1004" name="tmp_24_fu_139">
<pin_list>
<pin id="140" dir="0" index="0" bw="8" slack="0"/>
<pin id="141" dir="0" index="1" bw="31" slack="1"/>
<pin id="142" dir="0" index="2" bw="6" slack="0"/>
<pin id="143" dir="0" index="3" bw="6" slack="0"/>
<pin id="144" dir="1" index="4" bw="8" slack="0"/>
</pin_list>
<bind>
<opcode="partselect(1002) " fcode="partselect"/>
<opset="tmp_24/2 "/>
</bind>
</comp>

<comp id="148" class="1004" name="icmp_ln98_fu_148">
<pin_list>
<pin id="149" dir="0" index="0" bw="8" slack="0"/>
<pin id="150" dir="0" index="1" bw="1" slack="0"/>
<pin id="151" dir="1" index="2" bw="1" slack="1"/>
</pin_list>
<bind>
<opcode="icmp(45) " fcode="icmp"/>
<opset="icmp_ln98/2 "/>
</bind>
</comp>

<comp id="154" class="1004" name="icmp_ln98_1_fu_154">
<pin_list>
<pin id="155" dir="0" index="0" bw="23" slack="0"/>
<pin id="156" dir="0" index="1" bw="1" slack="0"/>
<pin id="157" dir="1" index="2" bw="1" slack="1"/>
</pin_list>
<bind>
<opcode="icmp(45) " fcode="icmp"/>
<opset="icmp_ln98_1/2 "/>
</bind>
</comp>

<comp id="160" class="1004" name="icmp_ln98_2_fu_160">
<pin_list>
<pin id="161" dir="0" index="0" bw="8" slack="0"/>
<pin id="162" dir="0" index="1" bw="1" slack="0"/>
<pin id="163" dir="1" index="2" bw="1" slack="1"/>
</pin_list>
<bind>
<opcode="icmp(45) " fcode="icmp"/>
<opset="icmp_ln98_2/2 "/>
</bind>
</comp>

<comp id="166" class="1004" name="icmp_ln98_3_fu_166">
<pin_list>
<pin id="167" dir="0" index="0" bw="23" slack="1"/>
<pin id="168" dir="0" index="1" bw="1" slack="0"/>
<pin id="169" dir="1" index="2" bw="1" slack="1"/>
</pin_list>
<bind>
<opcode="icmp(45) " fcode="icmp"/>
<opset="icmp_ln98_3/2 "/>
</bind>
</comp>

<comp id="171" class="1004" name="store_ln94_store_fu_171">
<pin_list>
<pin id="172" dir="0" index="0" bw="64" slack="0"/>
<pin id="173" dir="0" index="1" bw="64" slack="1"/>
<pin id="174" dir="1" index="2" bw="0" slack="2147483647"/>
</pin_list>
<bind>
<opcode="store(28) " fcode="store"/>
<opset="store_ln94/2 "/>
</bind>
</comp>

<comp id="176" class="1004" name="or_ln98_fu_176">
<pin_list>
<pin id="177" dir="0" index="0" bw="1" slack="1"/>
<pin id="178" dir="0" index="1" bw="1" slack="1"/>
<pin id="179" dir="1" index="2" bw="1" slack="0"/>
</pin_list>
<bind>
<opcode="or(24) " fcode="or"/>
<opset="or_ln98/3 "/>
</bind>
</comp>

<comp id="180" class="1004" name="or_ln98_1_fu_180">
<pin_list>
<pin id="181" dir="0" index="0" bw="1" slack="1"/>
<pin id="182" dir="0" index="1" bw="1" slack="1"/>
<pin id="183" dir="1" index="2" bw="1" slack="0"/>
</pin_list>
<bind>
<opcode="or(24) " fcode="or"/>
<opset="or_ln98_1/3 "/>
</bind>
</comp>

<comp id="184" class="1004" name="and_ln98_fu_184">
<pin_list>
<pin id="185" dir="0" index="0" bw="1" slack="0"/>
<pin id="186" dir="0" index="1" bw="1" slack="0"/>
<pin id="187" dir="1" index="2" bw="1" slack="0"/>
</pin_list>
<bind>
<opcode="and(23) " fcode="and"/>
<opset="and_ln98/3 "/>
</bind>
</comp>

<comp id="190" class="1004" name="and_ln98_1_fu_190">
<pin_list>
<pin id="191" dir="0" index="0" bw="1" slack="0"/>
<pin id="192" dir="0" index="1" bw="1" slack="0"/>
<pin id="193" dir="1" index="2" bw="1" slack="0"/>
</pin_list>
<bind>
<opcode="and(23) " fcode="and"/>
<opset="and_ln98_1/3 "/>
</bind>
</comp>

<comp id="196" class="1004" name="max_value_fu_196">
<pin_list>
<pin id="197" dir="0" index="0" bw="1" slack="0"/>
<pin id="198" dir="0" index="1" bw="32" slack="1"/>
<pin id="199" dir="0" index="2" bw="32" slack="2"/>
<pin id="200" dir="1" index="3" bw="32" slack="1"/>
</pin_list>
<bind>
<opcode="select(49) " fcode="select"/>
<opset="max_value/3 "/>
</bind>
</comp>

<comp id="202" class="1004" name="store_ln98_store_fu_202">
<pin_list>
<pin id="203" dir="0" index="0" bw="32" slack="1"/>
<pin id="204" dir="0" index="1" bw="32" slack="3"/>
<pin id="205" dir="1" index="2" bw="0" slack="2147483647"/>
</pin_list>
<bind>
<opcode="store(28) " fcode="store"/>
<opset="store_ln98/4 "/>
</bind>
</comp>

<comp id="206" class="1004" name="p_a_load_load_fu_206">
<pin_list>
<pin id="207" dir="0" index="0" bw="32" slack="1"/>
<pin id="208" dir="1" index="1" bw="32" slack="0"/>
</pin_list>
<bind>
<opcode="load(27) " fcode="load"/>
<opset="p_a_load/2 "/>
</bind>
</comp>

<comp id="210" class="1005" name="p_a_reg_210">
<pin_list>
<pin id="211" dir="0" index="0" bw="32" slack="0"/>
<pin id="212" dir="1" index="1" bw="32" slack="0"/>
</pin_list>
<bind>
<opset="p_a "/>
</bind>
</comp>

<comp id="218" class="1005" name="indvar_flatten41_reg_218">
<pin_list>
<pin id="219" dir="0" index="0" bw="64" slack="0"/>
<pin id="220" dir="1" index="1" bw="64" slack="0"/>
</pin_list>
<bind>
<opset="indvar_flatten41 "/>
</bind>
</comp>

<comp id="225" class="1005" name="tmp_reg_225">
<pin_list>
<pin id="226" dir="0" index="0" bw="23" slack="1"/>
<pin id="227" dir="1" index="1" bw="23" slack="1"/>
</pin_list>
<bind>
<opset="tmp "/>
</bind>
</comp>

<comp id="230" class="1005" name="conv_2_output_load_1_read_reg_230">
<pin_list>
<pin id="231" dir="0" index="0" bw="31" slack="1"/>
<pin id="232" dir="1" index="1" bw="31" slack="1"/>
</pin_list>
<bind>
<opset="conv_2_output_load_1_read "/>
</bind>
</comp>

<comp id="235" class="1005" name="mul_ln155_3_read_reg_235">
<pin_list>
<pin id="236" dir="0" index="0" bw="64" slack="1"/>
<pin id="237" dir="1" index="1" bw="64" slack="1"/>
</pin_list>
<bind>
<opset="mul_ln155_3_read "/>
</bind>
</comp>

<comp id="240" class="1005" name="max_value_7_read_reg_240">
<pin_list>
<pin id="241" dir="0" index="0" bw="32" slack="1"/>
<pin id="242" dir="1" index="1" bw="32" slack="1"/>
</pin_list>
<bind>
<opset="max_value_7_read "/>
</bind>
</comp>

<comp id="246" class="1005" name="icmp_ln94_reg_246">
<pin_list>
<pin id="247" dir="0" index="0" bw="1" slack="1"/>
<pin id="248" dir="1" index="1" bw="1" slack="2147483647"/>
</pin_list>
<bind>
<opset="icmp_ln94 "/>
</bind>
</comp>

<comp id="250" class="1005" name="p_a_load_1_reg_250">
<pin_list>
<pin id="251" dir="0" index="0" bw="32" slack="1"/>
<pin id="252" dir="1" index="1" bw="32" slack="1"/>
</pin_list>
<bind>
<opset="p_a_load_1 "/>
</bind>
</comp>

<comp id="256" class="1005" name="icmp_ln98_reg_256">
<pin_list>
<pin id="257" dir="0" index="0" bw="1" slack="1"/>
<pin id="258" dir="1" index="1" bw="1" slack="1"/>
</pin_list>
<bind>
<opset="icmp_ln98 "/>
</bind>
</comp>

<comp id="261" class="1005" name="icmp_ln98_1_reg_261">
<pin_list>
<pin id="262" dir="0" index="0" bw="1" slack="1"/>
<pin id="263" dir="1" index="1" bw="1" slack="1"/>
</pin_list>
<bind>
<opset="icmp_ln98_1 "/>
</bind>
</comp>

<comp id="266" class="1005" name="icmp_ln98_2_reg_266">
<pin_list>
<pin id="267" dir="0" index="0" bw="1" slack="1"/>
<pin id="268" dir="1" index="1" bw="1" slack="1"/>
</pin_list>
<bind>
<opset="icmp_ln98_2 "/>
</bind>
</comp>

<comp id="271" class="1005" name="icmp_ln98_3_reg_271">
<pin_list>
<pin id="272" dir="0" index="0" bw="1" slack="1"/>
<pin id="273" dir="1" index="1" bw="1" slack="1"/>
</pin_list>
<bind>
<opset="icmp_ln98_3 "/>
</bind>
</comp>

<comp id="276" class="1005" name="max_value_reg_276">
<pin_list>
<pin id="277" dir="0" index="0" bw="32" slack="1"/>
<pin id="278" dir="1" index="1" bw="32" slack="1"/>
</pin_list>
<bind>
<opset="max_value "/>
</bind>
</comp>

</comp_list>

<net_list>
<net id="53"><net_src comp="10" pin="0"/><net_sink comp="50" pin=0"/></net>

<net id="57"><net_src comp="10" pin="0"/><net_sink comp="54" pin=0"/></net>

<net id="62"><net_src comp="12" pin="0"/><net_sink comp="58" pin=0"/></net>

<net id="63"><net_src comp="6" pin="0"/><net_sink comp="58" pin=1"/></net>

<net id="68"><net_src comp="14" pin="0"/><net_sink comp="64" pin=0"/></net>

<net id="69"><net_src comp="4" pin="0"/><net_sink comp="64" pin=1"/></net>

<net id="74"><net_src comp="16" pin="0"/><net_sink comp="70" pin=0"/></net>

<net id="75"><net_src comp="2" pin="0"/><net_sink comp="70" pin=1"/></net>

<net id="80"><net_src comp="18" pin="0"/><net_sink comp="76" pin=0"/></net>

<net id="81"><net_src comp="0" pin="0"/><net_sink comp="76" pin=1"/></net>

<net id="87"><net_src comp="48" pin="0"/><net_sink comp="82" pin=0"/></net>

<net id="88"><net_src comp="8" pin="0"/><net_sink comp="82" pin=1"/></net>

<net id="97"><net_src comp="20" pin="0"/><net_sink comp="93" pin=0"/></net>

<net id="102"><net_src comp="76" pin="2"/><net_sink comp="98" pin=0"/></net>

<net id="110"><net_src comp="103" pin="1"/><net_sink comp="106" pin=0"/></net>

<net id="115"><net_src comp="103" pin="1"/><net_sink comp="111" pin=0"/></net>

<net id="116"><net_src comp="22" pin="0"/><net_sink comp="111" pin=1"/></net>

<net id="120"><net_src comp="117" pin="1"/><net_sink comp="89" pin=0"/></net>

<net id="124"><net_src comp="117" pin="1"/><net_sink comp="121" pin=0"/></net>

<net id="131"><net_src comp="24" pin="0"/><net_sink comp="125" pin=0"/></net>

<net id="132"><net_src comp="121" pin="1"/><net_sink comp="125" pin=1"/></net>

<net id="133"><net_src comp="26" pin="0"/><net_sink comp="125" pin=2"/></net>

<net id="134"><net_src comp="28" pin="0"/><net_sink comp="125" pin=3"/></net>

<net id="138"><net_src comp="121" pin="1"/><net_sink comp="135" pin=0"/></net>

<net id="145"><net_src comp="30" pin="0"/><net_sink comp="139" pin=0"/></net>

<net id="146"><net_src comp="26" pin="0"/><net_sink comp="139" pin=2"/></net>

<net id="147"><net_src comp="28" pin="0"/><net_sink comp="139" pin=3"/></net>

<net id="152"><net_src comp="125" pin="4"/><net_sink comp="148" pin=0"/></net>

<net id="153"><net_src comp="32" pin="0"/><net_sink comp="148" pin=1"/></net>

<net id="158"><net_src comp="135" pin="1"/><net_sink comp="154" pin=0"/></net>

<net id="159"><net_src comp="34" pin="0"/><net_sink comp="154" pin=1"/></net>

<net id="164"><net_src comp="139" pin="4"/><net_sink comp="160" pin=0"/></net>

<net id="165"><net_src comp="32" pin="0"/><net_sink comp="160" pin=1"/></net>

<net id="170"><net_src comp="34" pin="0"/><net_sink comp="166" pin=1"/></net>

<net id="175"><net_src comp="111" pin="2"/><net_sink comp="171" pin=0"/></net>

<net id="188"><net_src comp="89" pin="2"/><net_sink comp="184" pin=0"/></net>

<net id="189"><net_src comp="180" pin="2"/><net_sink comp="184" pin=1"/></net>

<net id="194"><net_src comp="184" pin="2"/><net_sink comp="190" pin=0"/></net>

<net id="195"><net_src comp="176" pin="2"/><net_sink comp="190" pin=1"/></net>

<net id="201"><net_src comp="190" pin="2"/><net_sink comp="196" pin=0"/></net>

<net id="209"><net_src comp="206" pin="1"/><net_sink comp="82" pin=2"/></net>

<net id="213"><net_src comp="50" pin="1"/><net_sink comp="210" pin=0"/></net>

<net id="214"><net_src comp="210" pin="1"/><net_sink comp="98" pin=1"/></net>

<net id="215"><net_src comp="210" pin="1"/><net_sink comp="117" pin=0"/></net>

<net id="216"><net_src comp="210" pin="1"/><net_sink comp="202" pin=1"/></net>

<net id="217"><net_src comp="210" pin="1"/><net_sink comp="206" pin=0"/></net>

<net id="221"><net_src comp="54" pin="1"/><net_sink comp="218" pin=0"/></net>

<net id="222"><net_src comp="218" pin="1"/><net_sink comp="93" pin=1"/></net>

<net id="223"><net_src comp="218" pin="1"/><net_sink comp="103" pin=0"/></net>

<net id="224"><net_src comp="218" pin="1"/><net_sink comp="171" pin=1"/></net>

<net id="228"><net_src comp="58" pin="2"/><net_sink comp="225" pin=0"/></net>

<net id="229"><net_src comp="225" pin="1"/><net_sink comp="166" pin=0"/></net>

<net id="233"><net_src comp="64" pin="2"/><net_sink comp="230" pin=0"/></net>

<net id="234"><net_src comp="230" pin="1"/><net_sink comp="139" pin=1"/></net>

<net id="238"><net_src comp="70" pin="2"/><net_sink comp="235" pin=0"/></net>

<net id="239"><net_src comp="235" pin="1"/><net_sink comp="106" pin=1"/></net>

<net id="243"><net_src comp="76" pin="2"/><net_sink comp="240" pin=0"/></net>

<net id="244"><net_src comp="240" pin="1"/><net_sink comp="89" pin=1"/></net>

<net id="245"><net_src comp="240" pin="1"/><net_sink comp="196" pin=2"/></net>

<net id="249"><net_src comp="106" pin="2"/><net_sink comp="246" pin=0"/></net>

<net id="253"><net_src comp="117" pin="1"/><net_sink comp="250" pin=0"/></net>

<net id="254"><net_src comp="250" pin="1"/><net_sink comp="89" pin=0"/></net>

<net id="255"><net_src comp="250" pin="1"/><net_sink comp="196" pin=1"/></net>

<net id="259"><net_src comp="148" pin="2"/><net_sink comp="256" pin=0"/></net>

<net id="260"><net_src comp="256" pin="1"/><net_sink comp="176" pin=1"/></net>

<net id="264"><net_src comp="154" pin="2"/><net_sink comp="261" pin=0"/></net>

<net id="265"><net_src comp="261" pin="1"/><net_sink comp="176" pin=0"/></net>

<net id="269"><net_src comp="160" pin="2"/><net_sink comp="266" pin=0"/></net>

<net id="270"><net_src comp="266" pin="1"/><net_sink comp="180" pin=1"/></net>

<net id="274"><net_src comp="166" pin="2"/><net_sink comp="271" pin=0"/></net>

<net id="275"><net_src comp="271" pin="1"/><net_sink comp="180" pin=0"/></net>

<net id="279"><net_src comp="196" pin="3"/><net_sink comp="276" pin=0"/></net>

<net id="280"><net_src comp="276" pin="1"/><net_sink comp="202" pin=0"/></net>

</net_list>

</model> 
---------------- Datapath Model END ------------------

* FSMD analyzer results:
  - Output states:
	Port: max_value_9_out | {2 }
 - Input state : 
	Port: cifar10_Pipeline_VITIS_LOOP_94_3_VITIS_LOOP_96_43 : max_value_7 | {1 }
	Port: cifar10_Pipeline_VITIS_LOOP_94_3_VITIS_LOOP_96_43 : mul_ln155_3 | {1 }
	Port: cifar10_Pipeline_VITIS_LOOP_94_3_VITIS_LOOP_96_43 : conv_2_output_load_1 | {1 }
	Port: cifar10_Pipeline_VITIS_LOOP_94_3_VITIS_LOOP_96_43 : empty | {1 }
  - Chain level:
	State 1
		store_ln0 : 1
	State 2
		icmp_ln94 : 1
		add_ln94 : 1
		br_ln94 : 2
		bitcast_ln98 : 1
		tmp_21 : 2
		trunc_ln98 : 2
		icmp_ln98 : 3
		icmp_ln98_1 : 3
		icmp_ln98_2 : 1
		tmp_25 : 1
		store_ln94 : 2
		write_ln0 : 1
	State 3
		and_ln98 : 1
		and_ln98_1 : 1
		max_value : 1
	State 4


============================================================
+ Verbose Summary: Datapath Resource usage 
============================================================

* Functional unit list:
|----------|--------------------------------------|---------|---------|
| Operation|            Functional Unit           |    FF   |   LUT   |
|----------|--------------------------------------|---------|---------|
|          |           icmp_ln94_fu_106           |    0    |    71   |
|          |           icmp_ln98_fu_148           |    0    |    15   |
|   icmp   |          icmp_ln98_1_fu_154          |    0    |    30   |
|          |          icmp_ln98_2_fu_160          |    0    |    15   |
|          |          icmp_ln98_3_fu_166          |    0    |    30   |
|----------|--------------------------------------|---------|---------|
|    add   |            add_ln94_fu_111           |    0    |    71   |
|----------|--------------------------------------|---------|---------|
|  select  |           max_value_fu_196           |    0    |    32   |
|----------|--------------------------------------|---------|---------|
|    or    |            or_ln98_fu_176            |    0    |    2    |
|          |           or_ln98_1_fu_180           |    0    |    2    |
|----------|--------------------------------------|---------|---------|
|    and   |            and_ln98_fu_184           |    0    |    2    |
|          |           and_ln98_1_fu_190          |    0    |    2    |
|----------|--------------------------------------|---------|---------|
|          |            tmp_read_fu_58            |    0    |    0    |
|   read   | conv_2_output_load_1_read_read_fu_64 |    0    |    0    |
|          |      mul_ln155_3_read_read_fu_70     |    0    |    0    |
|          |      max_value_7_read_read_fu_76     |    0    |    0    |
|----------|--------------------------------------|---------|---------|
|   write  |         write_ln0_write_fu_82        |    0    |    0    |
|----------|--------------------------------------|---------|---------|
|   fcmp   |               grp_fu_89              |    0    |    0    |
|----------|--------------------------------------|---------|---------|
|partselect|             tmp_21_fu_125            |    0    |    0    |
|          |             tmp_24_fu_139            |    0    |    0    |
|----------|--------------------------------------|---------|---------|
|   trunc  |           trunc_ln98_fu_135          |    0    |    0    |
|----------|--------------------------------------|---------|---------|
|   Total  |                                      |    0    |   272   |
|----------|--------------------------------------|---------|---------|

Memories:
N/A

* Register list:
+---------------------------------+--------+
|                                 |   FF   |
+---------------------------------+--------+
|conv_2_output_load_1_read_reg_230|   31   |
|        icmp_ln94_reg_246        |    1   |
|       icmp_ln98_1_reg_261       |    1   |
|       icmp_ln98_2_reg_266       |    1   |
|       icmp_ln98_3_reg_271       |    1   |
|        icmp_ln98_reg_256        |    1   |
|     indvar_flatten41_reg_218    |   64   |
|     max_value_7_read_reg_240    |   32   |
|        max_value_reg_276        |   32   |
|     mul_ln155_3_read_reg_235    |   64   |
|        p_a_load_1_reg_250       |   32   |
|           p_a_reg_210           |   32   |
|           tmp_reg_225           |   23   |
+---------------------------------+--------+
|              Total              |   315  |
+---------------------------------+--------+

* Multiplexer (MUX) list: 
|-----------|------|------|------|--------||---------||---------||---------|
|    Comp   |  Pin | Size |  BW  | S x BW ||  Delay  ||    FF   ||   LUT   |
|-----------|------|------|------|--------||---------||---------||---------|
| grp_fu_89 |  p0  |   2  |  32  |   64   ||    0    ||    9    |
|-----------|------|------|------|--------||---------||---------||---------|
|   Total   |      |      |      |   64   ||  1.588  ||    0    ||    9    |
|-----------|------|------|------|--------||---------||---------||---------|



* Summary:
+-----------+--------+--------+--------+
|           |  Delay |   FF   |   LUT  |
+-----------+--------+--------+--------+
|  Function |    -   |    0   |   272  |
|   Memory  |    -   |    -   |    -   |
|Multiplexer|    1   |    0   |    9   |
|  Register |    -   |   315  |    -   |
+-----------+--------+--------+--------+
|   Total   |    1   |   315  |   281  |
+-----------+--------+--------+--------+
