

================================================================
== Vitis HLS Report for 'cifar10_Pipeline_VITIS_LOOP_141_1'
================================================================
* Date:           Mon May  4 21:47:30 2026

* Version:        2025.2 (Build 6295257 on Nov 14 2025)
* Project:        proj_cifar10_multiple
* Solution:       fsolution (Vivado IP Flow Target)
* Product family: zynq
* Target device:  xc7z020-clg484-1


================================================================
== Performance Estimates
================================================================
+ Timing: 
    * Summary: 
    +--------+----------+----------+------------+
    |  Clock |  Target  | Estimated| Uncertainty|
    +--------+----------+----------+------------+
    |ap_clk  |  10.00 ns|  7.256 ns|     2.70 ns|
    +--------+----------+----------+------------+

+ Latency: 
    * Summary: 
    +---------+---------+-----------+----------+-----+-----+-------------------+
    |  Latency (cycles) |  Latency (absolute)  |  Interval |      Pipeline     |
    |   min   |   max   |    min    |    max   | min | max |        Type       |
    +---------+---------+-----------+----------+-----+-----+-------------------+
    |        8|        ?|  80.000 ns|         ?|    0|    0|  loop pipeline stp|
    +---------+---------+-----------+----------+-----+-----+-------------------+

    + Detail: 
        * Instance: 
        N/A

        * Loop: 
        +--------------------+---------+---------+----------+-----------+-----------+-------+----------+
        |                    |  Latency (cycles) | Iteration|  Initiation Interval  |  Trip |          |
        |      Loop Name     |   min   |   max   |  Latency |  achieved |   target  | Count | Pipelined|
        +--------------------+---------+---------+----------+-----------+-----------+-------+----------+
        |- VITIS_LOOP_141_1  |        6|        ?|         7|          6|          1|  1 ~ ?|       yes|
        +--------------------+---------+---------+----------+-----------+-----------+-------+----------+

============================================================
+ Verbose Summary: Synthesis Manager
============================================================
InlineROM: 1
ExposeGlobal: 0
============================================================
+ Verbose Summary: CDFG Model
============================================================
IsTopModel: 0
ResetActiveHigh: 1
IsCombinational: 0
IsDatapathOnly: 0
HasWiredReturn: 1
HasMFsm: 2
HasVarLatency: 1
IsPipeline: 0
IsRtlPipelined: 0
IsInstanceOverlapped: 0
IsDontTouch: 0
HasImplIP: 0
IsGatedGlobalClock: 0

+ Individual pipeline summary: 
  * Pipeline-0: initiation interval (II) = 6, depth = 7


============================================================
+ Verbose Summary: Schedule
============================================================
* Number of FSM states : 7
* Pipeline : 1
  Pipeline-0 : II = 6, D = 7, States = { 1 2 3 4 5 6 7 }
* Dataflow Pipeline: 0

* FSM state transitions: 
1 --> 2 
2 --> 3 
3 --> 4 
4 --> 5 
5 --> 6 
6 --> 7 
7 --> 

* FSM state operations: 

State 1 <SV = 0> <Delay = 5.72>
ST_1 : Operation 10 [1/1] (0.00ns)   --->   "%sum_values = alloca i32 1" [cpu_functions.cpp:138->cpu_functions.cpp:205]   --->   Operation 10 'alloca' 'sum_values' <Predicate = true> <Delay = 0.00>
ST_1 : Operation 11 [1/1] (0.00ns)   --->   "%i = alloca i32 1" [cpu_functions.cpp:141->cpu_functions.cpp:205]   --->   Operation 11 'alloca' 'i' <Predicate = true> <Delay = 0.00>
ST_1 : Operation 12 [1/1] (0.00ns)   --->   "%value_read = read i32 @_ssdm_op_Read.ap_auto.float, i32 %value_r"   --->   Operation 12 'read' 'value_read' <Predicate = true> <Delay = 0.00>
ST_1 : Operation 13 [1/1] (0.00ns)   --->   "%neurons_dense_2_size_read = read i32 @_ssdm_op_Read.ap_auto.i32, i32 %neurons_dense_2_size"   --->   Operation 13 'read' 'neurons_dense_2_size_read' <Predicate = true> <Delay = 0.00>
ST_1 : Operation 14 [1/1] (1.58ns)   --->   "%store_ln141 = store i32 0, i32 %i" [cpu_functions.cpp:141->cpu_functions.cpp:205]   --->   Operation 14 'store' 'store_ln141' <Predicate = true> <Delay = 1.58>
ST_1 : Operation 15 [1/1] (1.58ns)   --->   "%store_ln138 = store i32 0, i32 %sum_values" [cpu_functions.cpp:138->cpu_functions.cpp:205]   --->   Operation 15 'store' 'store_ln138' <Predicate = true> <Delay = 1.58>
ST_1 : Operation 16 [1/1] (0.00ns)   --->   "%br_ln0 = br void %for.inc.i189"   --->   Operation 16 'br' 'br_ln0' <Predicate = true> <Delay = 0.00>
ST_1 : Operation 17 [1/1] (0.00ns)   --->   "%i_4 = load i32 %i" [cpu_functions.cpp:141->cpu_functions.cpp:205]   --->   Operation 17 'load' 'i_4' <Predicate = true> <Delay = 0.00>
ST_1 : Operation 18 [1/1] (2.55ns)   --->   "%icmp_ln141 = icmp_eq  i32 %i_4, i32 %neurons_dense_2_size_read" [cpu_functions.cpp:141->cpu_functions.cpp:205]   --->   Operation 18 'icmp' 'icmp_ln141' <Predicate = true> <Delay = 2.55> <CoreInst = "Cmp">   --->   Core 9 'Cmp' <Latency = 0> <II = 1> <Delay = 2.55> <FuncUnit> <Opcode : 'seteq' 'setne' 'setle' 'setge' 'setlt' 'setgt'> <InPorts = 2> <OutPorts = 1>
ST_1 : Operation 19 [1/1] (0.00ns)   --->   "%empty = speclooptripcount i32 @_ssdm_op_SpecLoopTripCount, i64 1, i64 18446744073709551615, i64 0"   --->   Operation 19 'speclooptripcount' 'empty' <Predicate = true> <Delay = 0.00>
ST_1 : Operation 20 [1/1] (2.55ns)   --->   "%add_ln141 = add i32 %i_4, i32 1" [cpu_functions.cpp:141->cpu_functions.cpp:205]   --->   Operation 20 'add' 'add_ln141' <Predicate = true> <Delay = 2.55> <CoreInst = "Adder">   --->   Core 1 'Adder' <Latency = 0> <II = 1> <Delay = 2.55> <FuncUnit> <Opcode : 'add' 'sub'> <InPorts = 2> <OutPorts = 1>
ST_1 : Operation 21 [1/1] (0.00ns)   --->   "%br_ln141 = br i1 %icmp_ln141, void %for.inc.i189.split, void %VITIS_LOOP_148_2.i.loopexit.exitStub" [cpu_functions.cpp:141->cpu_functions.cpp:205]   --->   Operation 21 'br' 'br_ln141' <Predicate = true> <Delay = 0.00>
ST_1 : Operation 22 [1/1] (1.58ns)   --->   "%store_ln141 = store i32 %add_ln141, i32 %i" [cpu_functions.cpp:141->cpu_functions.cpp:205]   --->   Operation 22 'store' 'store_ln141' <Predicate = (!icmp_ln141)> <Delay = 1.58>
ST_1 : Operation 33 [1/1] (0.00ns)   --->   "%sum_values_load_1 = load i32 %sum_values"   --->   Operation 33 'load' 'sum_values_load_1' <Predicate = (icmp_ln141)> <Delay = 0.00>
ST_1 : Operation 34 [1/1] (0.00ns)   --->   "%write_ln0 = write void @_ssdm_op_Write.ap_auto.floatP0A, i32 %sum_values_out, i32 %sum_values_load_1"   --->   Operation 34 'write' 'write_ln0' <Predicate = (icmp_ln141)> <Delay = 0.00>
ST_1 : Operation 35 [1/1] (1.58ns)   --->   "%ret_ln0 = ret"   --->   Operation 35 'ret' 'ret_ln0' <Predicate = (icmp_ln141)> <Delay = 1.58>

State 2 <SV = 1> <Delay = 7.25>
ST_2 : Operation 23 [1/1] (0.00ns)   --->   "%sum_values_load = load i32 %sum_values" [cpu_functions.cpp:144->cpu_functions.cpp:205]   --->   Operation 23 'load' 'sum_values_load' <Predicate = (!icmp_ln141)> <Delay = 0.00>
ST_2 : Operation 24 [5/5] (7.25ns)   --->   "%sum_values_1 = fadd i32 %sum_values_load, i32 %value_read" [cpu_functions.cpp:144->cpu_functions.cpp:205]   --->   Operation 24 'fadd' 'sum_values_1' <Predicate = (!icmp_ln141)> <Delay = 7.25> <CoreInst = "FAddSub_fulldsp">   --->   Core 18 'FAddSub_fulldsp' <Latency = 4> <II = 1> <Delay = 7.25> <FuncUnit> <Opcode : 'fadd' 'fsub'> <InPorts = 2> <OutPorts = 1>

State 3 <SV = 2> <Delay = 7.25>
ST_3 : Operation 25 [4/5] (7.25ns)   --->   "%sum_values_1 = fadd i32 %sum_values_load, i32 %value_read" [cpu_functions.cpp:144->cpu_functions.cpp:205]   --->   Operation 25 'fadd' 'sum_values_1' <Predicate = (!icmp_ln141)> <Delay = 7.25> <CoreInst = "FAddSub_fulldsp">   --->   Core 18 'FAddSub_fulldsp' <Latency = 4> <II = 1> <Delay = 7.25> <FuncUnit> <Opcode : 'fadd' 'fsub'> <InPorts = 2> <OutPorts = 1>

State 4 <SV = 3> <Delay = 7.25>
ST_4 : Operation 26 [3/5] (7.25ns)   --->   "%sum_values_1 = fadd i32 %sum_values_load, i32 %value_read" [cpu_functions.cpp:144->cpu_functions.cpp:205]   --->   Operation 26 'fadd' 'sum_values_1' <Predicate = (!icmp_ln141)> <Delay = 7.25> <CoreInst = "FAddSub_fulldsp">   --->   Core 18 'FAddSub_fulldsp' <Latency = 4> <II = 1> <Delay = 7.25> <FuncUnit> <Opcode : 'fadd' 'fsub'> <InPorts = 2> <OutPorts = 1>

State 5 <SV = 4> <Delay = 7.25>
ST_5 : Operation 27 [2/5] (7.25ns)   --->   "%sum_values_1 = fadd i32 %sum_values_load, i32 %value_read" [cpu_functions.cpp:144->cpu_functions.cpp:205]   --->   Operation 27 'fadd' 'sum_values_1' <Predicate = (!icmp_ln141)> <Delay = 7.25> <CoreInst = "FAddSub_fulldsp">   --->   Core 18 'FAddSub_fulldsp' <Latency = 4> <II = 1> <Delay = 7.25> <FuncUnit> <Opcode : 'fadd' 'fsub'> <InPorts = 2> <OutPorts = 1>

State 6 <SV = 5> <Delay = 7.25>
ST_6 : Operation 28 [1/5] (7.25ns)   --->   "%sum_values_1 = fadd i32 %sum_values_load, i32 %value_read" [cpu_functions.cpp:144->cpu_functions.cpp:205]   --->   Operation 28 'fadd' 'sum_values_1' <Predicate = (!icmp_ln141)> <Delay = 7.25> <CoreInst = "FAddSub_fulldsp">   --->   Core 18 'FAddSub_fulldsp' <Latency = 4> <II = 1> <Delay = 7.25> <FuncUnit> <Opcode : 'fadd' 'fsub'> <InPorts = 2> <OutPorts = 1>

State 7 <SV = 6> <Delay = 1.58>
ST_7 : Operation 29 [1/1] (0.00ns)   --->   "%specpipeline_ln138 = specpipeline void @_ssdm_op_SpecPipeline, i32 4294967295, i32 0, i32 0, i32 0, i32 4294967295, void @empty_2" [cpu_functions.cpp:138->cpu_functions.cpp:205]   --->   Operation 29 'specpipeline' 'specpipeline_ln138' <Predicate = true> <Delay = 0.00>
ST_7 : Operation 30 [1/1] (0.00ns)   --->   "%specloopname_ln141 = specloopname void @_ssdm_op_SpecLoopName, void @empty_6" [cpu_functions.cpp:141->cpu_functions.cpp:205]   --->   Operation 30 'specloopname' 'specloopname_ln141' <Predicate = true> <Delay = 0.00>
ST_7 : Operation 31 [1/1] (1.58ns)   --->   "%store_ln138 = store i32 %sum_values_1, i32 %sum_values" [cpu_functions.cpp:138->cpu_functions.cpp:205]   --->   Operation 31 'store' 'store_ln138' <Predicate = true> <Delay = 1.58>
ST_7 : Operation 32 [1/1] (0.00ns)   --->   "%br_ln141 = br void %for.inc.i189" [cpu_functions.cpp:141->cpu_functions.cpp:205]   --->   Operation 32 'br' 'br_ln141' <Predicate = true> <Delay = 0.00>


============================================================
+ Verbose Summary: Timing violations
============================================================
Target clock period: 10.000ns, clock uncertainty: 2.700ns.

 <State 1>: 5.728ns
The critical path consists of the following:
	'store' operation ('store_ln141', cpu_functions.cpp:141->cpu_functions.cpp:205) of constant 0 32 bit on local variable 'i', cpu_functions.cpp:141->cpu_functions.cpp:205 [8]  (1.588 ns)
	'load' operation 32 bit ('i', cpu_functions.cpp:141->cpu_functions.cpp:205) on local variable 'i', cpu_functions.cpp:141->cpu_functions.cpp:205 [12]  (0.000 ns)
	'icmp' operation 1 bit ('icmp_ln141', cpu_functions.cpp:141->cpu_functions.cpp:205) [13]  (2.552 ns)
	'store' operation ('store_ln141', cpu_functions.cpp:141->cpu_functions.cpp:205) of variable 'add_ln141', cpu_functions.cpp:141->cpu_functions.cpp:205 32 bit on local variable 'i', cpu_functions.cpp:141->cpu_functions.cpp:205 [22]  (1.588 ns)

 <State 2>: 7.256ns
The critical path consists of the following:
	'load' operation 32 bit ('sum_values_load', cpu_functions.cpp:144->cpu_functions.cpp:205) on local variable 'sum_values', cpu_functions.cpp:138->cpu_functions.cpp:205 [18]  (0.000 ns)
	'fadd' operation 32 bit ('sum_values', cpu_functions.cpp:144->cpu_functions.cpp:205) [21]  (7.256 ns)

 <State 3>: 7.256ns
The critical path consists of the following:
	'fadd' operation 32 bit ('sum_values', cpu_functions.cpp:144->cpu_functions.cpp:205) [21]  (7.256 ns)

 <State 4>: 7.256ns
The critical path consists of the following:
	'fadd' operation 32 bit ('sum_values', cpu_functions.cpp:144->cpu_functions.cpp:205) [21]  (7.256 ns)

 <State 5>: 7.256ns
The critical path consists of the following:
	'fadd' operation 32 bit ('sum_values', cpu_functions.cpp:144->cpu_functions.cpp:205) [21]  (7.256 ns)

 <State 6>: 7.256ns
The critical path consists of the following:
	'fadd' operation 32 bit ('sum_values', cpu_functions.cpp:144->cpu_functions.cpp:205) [21]  (7.256 ns)

 <State 7>: 1.588ns
The critical path consists of the following:
	'store' operation ('store_ln138', cpu_functions.cpp:138->cpu_functions.cpp:205) of variable 'sum_values', cpu_functions.cpp:144->cpu_functions.cpp:205 32 bit on local variable 'sum_values', cpu_functions.cpp:138->cpu_functions.cpp:205 [23]  (1.588 ns)


============================================================
+ Verbose Summary: Binding
============================================================
N/A
* FSMD analyzer results:
  - Output states:
 - Input state : 
  - Chain level:
	State 1
	State 2
	State 3
	State 4
	State 5
	State 6
	State 7


============================================================
+ Verbose Summary: Datapath Resource usage 
============================================================
N/A
