

================================================================
== Vitis HLS Report for 'cifar10_Pipeline_VITIS_LOOP_121_1_VITIS_LOOP_126_34'
================================================================
* Date:           Mon May  4 21:47:30 2026

* Version:        2025.2 (Build 6295257 on Nov 14 2025)
* Project:        proj_cifar10_multiple
* Solution:       fsolution (Vivado IP Flow Target)
* Product family: zynq
* Target device:  xc7z020-clg484-1


================================================================
== Performance Estimates
================================================================
+ Timing: 
    * Summary: 
    +--------+----------+----------+------------+
    |  Clock |  Target  | Estimated| Uncertainty|
    +--------+----------+----------+------------+
    |ap_clk  |  10.00 ns|  7.256 ns|     2.70 ns|
    +--------+----------+----------+------------+

+ Latency: 
    * Summary: 
    +---------+---------+----------+----------+-----+-----+-------------------+
    |  Latency (cycles) |  Latency (absolute) |  Interval |      Pipeline     |
    |   min   |   max   |    min   |    max   | min | max |        Type       |
    +---------+---------+----------+----------+-----+-----+-------------------+
    |        ?|        ?|         ?|         ?|    0|    0|  loop pipeline stp|
    +---------+---------+----------+----------+-----+-----+-------------------+

    + Detail: 
        * Instance: 
        N/A

        * Loop: 
        +-------------------------------------+---------+---------+----------+-----------+-----------+------+----------+
        |                                     |  Latency (cycles) | Iteration|  Initiation Interval  | Trip |          |
        |              Loop Name              |   min   |   max   |  Latency |  achieved |   target  | Count| Pipelined|
        +-------------------------------------+---------+---------+----------+-----------+-----------+------+----------+
        |- VITIS_LOOP_121_1_VITIS_LOOP_126_3  |        ?|        ?|         7|          6|          1|     ?|       yes|
        +-------------------------------------+---------+---------+----------+-----------+-----------+------+----------+

============================================================
+ Verbose Summary: Synthesis Manager
============================================================
InlineROM: 1
ExposeGlobal: 0
============================================================
+ Verbose Summary: CDFG Model
============================================================
IsTopModel: 0
ResetActiveHigh: 1
IsCombinational: 0
IsDatapathOnly: 0
HasWiredReturn: 1
HasMFsm: 2
HasVarLatency: 1
IsPipeline: 0
IsRtlPipelined: 0
IsInstanceOverlapped: 0
IsDontTouch: 0
HasImplIP: 0
IsGatedGlobalClock: 0

+ Individual pipeline summary: 
  * Pipeline-0: initiation interval (II) = 6, depth = 8


============================================================
+ Verbose Summary: Schedule
============================================================
* Number of FSM states : 8
* Pipeline : 1
  Pipeline-0 : II = 6, D = 8, States = { 1 2 3 4 5 6 7 8 }
* Dataflow Pipeline: 0

* FSM state transitions: 
1 --> 2 
2 --> 3 
3 --> 4 
4 --> 5 
5 --> 6 
6 --> 7 
7 --> 8 
8 --> 

* FSM state operations: 

State 1 <SV = 0> <Delay = 1.58>
ST_1 : Operation 10 [1/1] (0.00ns)   --->   "%acumulated = alloca i32 1" [cpu_functions.cpp:125->cpu_functions.cpp:199]   --->   Operation 10 'alloca' 'acumulated' <Predicate = true> <Delay = 0.00>
ST_1 : Operation 11 [1/1] (0.00ns)   --->   "%k = alloca i32 1" [cpu_functions.cpp:126->cpu_functions.cpp:199]   --->   Operation 11 'alloca' 'k' <Predicate = true> <Delay = 0.00>
ST_1 : Operation 12 [1/1] (0.00ns)   --->   "%indvar_flatten55 = alloca i32 1"   --->   Operation 12 'alloca' 'indvar_flatten55' <Predicate = true> <Delay = 0.00>
ST_1 : Operation 13 [1/1] (0.00ns)   --->   "%mul13_i1_read = read i32 @_ssdm_op_Read.ap_auto.float, i32 %mul13_i1"   --->   Operation 13 'read' 'mul13_i1_read' <Predicate = true> <Delay = 0.00>
ST_1 : Operation 14 [1/1] (0.00ns)   --->   "%neurons_dense_1_size_read = read i32 @_ssdm_op_Read.ap_auto.i32, i32 %neurons_dense_1_size"   --->   Operation 14 'read' 'neurons_dense_1_size_read' <Predicate = true> <Delay = 0.00>
ST_1 : Operation 15 [1/1] (0.00ns)   --->   "%mul_ln155_5_read = read i64 @_ssdm_op_Read.ap_auto.i64, i64 %mul_ln155_5"   --->   Operation 15 'read' 'mul_ln155_5_read' <Predicate = true> <Delay = 0.00>
ST_1 : Operation 16 [1/1] (1.58ns)   --->   "%store_ln0 = store i64 0, i64 %indvar_flatten55"   --->   Operation 16 'store' 'store_ln0' <Predicate = true> <Delay = 1.58>
ST_1 : Operation 17 [1/1] (1.58ns)   --->   "%store_ln126 = store i32 0, i32 %k" [cpu_functions.cpp:126->cpu_functions.cpp:199]   --->   Operation 17 'store' 'store_ln126' <Predicate = true> <Delay = 1.58>
ST_1 : Operation 18 [1/1] (1.58ns)   --->   "%store_ln125 = store i32 0, i32 %acumulated" [cpu_functions.cpp:125->cpu_functions.cpp:199]   --->   Operation 18 'store' 'store_ln125' <Predicate = true> <Delay = 1.58>
ST_1 : Operation 19 [1/1] (0.00ns)   --->   "%br_ln0 = br void %for.inc.i159"   --->   Operation 19 'br' 'br_ln0' <Predicate = true> <Delay = 0.00>

State 2 <SV = 1> <Delay = 5.10>
ST_2 : Operation 20 [1/1] (0.00ns)   --->   "%indvar_flatten55_load = load i64 %indvar_flatten55" [cpu_functions.cpp:121->cpu_functions.cpp:199]   --->   Operation 20 'load' 'indvar_flatten55_load' <Predicate = true> <Delay = 0.00>
ST_2 : Operation 21 [1/1] (3.52ns)   --->   "%icmp_ln121 = icmp_eq  i64 %indvar_flatten55_load, i64 %mul_ln155_5_read" [cpu_functions.cpp:121->cpu_functions.cpp:199]   --->   Operation 21 'icmp' 'icmp_ln121' <Predicate = true> <Delay = 3.52> <CoreInst = "Cmp">   --->   Core 9 'Cmp' <Latency = 0> <II = 1> <Delay = 3.52> <FuncUnit> <Opcode : 'seteq' 'setne' 'setle' 'setge' 'setlt' 'setgt'> <InPorts = 2> <OutPorts = 1>
ST_2 : Operation 22 [1/1] (3.52ns)   --->   "%add_ln121 = add i64 %indvar_flatten55_load, i64 1" [cpu_functions.cpp:121->cpu_functions.cpp:199]   --->   Operation 22 'add' 'add_ln121' <Predicate = true> <Delay = 3.52> <CoreInst = "Adder">   --->   Core 1 'Adder' <Latency = 0> <II = 1> <Delay = 3.52> <FuncUnit> <Opcode : 'add' 'sub'> <InPorts = 2> <OutPorts = 1>
ST_2 : Operation 23 [1/1] (0.00ns)   --->   "%br_ln121 = br i1 %icmp_ln121, void %for.inc19.i166, void %for.body.i174.preheader.exitStub" [cpu_functions.cpp:121->cpu_functions.cpp:199]   --->   Operation 23 'br' 'br_ln121' <Predicate = true> <Delay = 0.00>
ST_2 : Operation 24 [1/1] (0.00ns)   --->   "%acumulated_load_1 = load i32 %acumulated" [cpu_functions.cpp:121->cpu_functions.cpp:199]   --->   Operation 24 'load' 'acumulated_load_1' <Predicate = (!icmp_ln121)> <Delay = 0.00>
ST_2 : Operation 25 [1/1] (0.00ns)   --->   "%k_load = load i32 %k" [cpu_functions.cpp:126->cpu_functions.cpp:199]   --->   Operation 25 'load' 'k_load' <Predicate = (!icmp_ln121)> <Delay = 0.00>
ST_2 : Operation 26 [1/1] (2.55ns)   --->   "%icmp_ln126 = icmp_eq  i32 %k_load, i32 %neurons_dense_1_size_read" [cpu_functions.cpp:126->cpu_functions.cpp:199]   --->   Operation 26 'icmp' 'icmp_ln126' <Predicate = (!icmp_ln121)> <Delay = 2.55> <CoreInst = "Cmp">   --->   Core 9 'Cmp' <Latency = 0> <II = 1> <Delay = 2.55> <FuncUnit> <Opcode : 'seteq' 'setne' 'setle' 'setge' 'setlt' 'setgt'> <InPorts = 2> <OutPorts = 1>
ST_2 : Operation 27 [1/1] (0.69ns)   --->   "%select_ln121 = select i1 %icmp_ln126, i32 0, i32 %acumulated_load_1" [cpu_functions.cpp:121->cpu_functions.cpp:199]   --->   Operation 27 'select' 'select_ln121' <Predicate = (!icmp_ln121)> <Delay = 0.69> <CoreInst = "Sel">   --->   Core 73 'Sel' <Latency = 0> <II = 1> <Delay = 0.69> <FuncUnit> <Opcode : 'select'> <InPorts = 3> <OutPorts = 1>
ST_2 : Operation 28 [1/1] (2.55ns)   --->   "%add_ln126 = add i32 %k_load, i32 1" [cpu_functions.cpp:126->cpu_functions.cpp:199]   --->   Operation 28 'add' 'add_ln126' <Predicate = (!icmp_ln121)> <Delay = 2.55> <CoreInst = "Adder">   --->   Core 1 'Adder' <Latency = 0> <II = 1> <Delay = 2.55> <FuncUnit> <Opcode : 'add' 'sub'> <InPorts = 2> <OutPorts = 1>
ST_2 : Operation 29 [1/1] (0.69ns)   --->   "%select_ln126 = select i1 %icmp_ln126, i32 1, i32 %add_ln126" [cpu_functions.cpp:126->cpu_functions.cpp:199]   --->   Operation 29 'select' 'select_ln126' <Predicate = (!icmp_ln121)> <Delay = 0.69> <CoreInst = "Sel">   --->   Core 73 'Sel' <Latency = 0> <II = 1> <Delay = 0.69> <FuncUnit> <Opcode : 'select'> <InPorts = 3> <OutPorts = 1>
ST_2 : Operation 30 [1/1] (1.58ns)   --->   "%store_ln121 = store i64 %add_ln121, i64 %indvar_flatten55" [cpu_functions.cpp:121->cpu_functions.cpp:199]   --->   Operation 30 'store' 'store_ln121' <Predicate = (!icmp_ln121)> <Delay = 1.58>
ST_2 : Operation 31 [1/1] (1.58ns)   --->   "%store_ln126 = store i32 %select_ln126, i32 %k" [cpu_functions.cpp:126->cpu_functions.cpp:199]   --->   Operation 31 'store' 'store_ln126' <Predicate = (!icmp_ln121)> <Delay = 1.58>
ST_2 : Operation 41 [1/1] (0.00ns)   --->   "%acumulated_load = load i32 %acumulated"   --->   Operation 41 'load' 'acumulated_load' <Predicate = (icmp_ln121)> <Delay = 0.00>
ST_2 : Operation 42 [1/1] (0.00ns)   --->   "%write_ln0 = write void @_ssdm_op_Write.ap_auto.floatP0A, i32 %acumulated_2_out, i32 %acumulated_load"   --->   Operation 42 'write' 'write_ln0' <Predicate = (icmp_ln121)> <Delay = 0.00>
ST_2 : Operation 43 [1/1] (1.58ns)   --->   "%ret_ln0 = ret"   --->   Operation 43 'ret' 'ret_ln0' <Predicate = (icmp_ln121)> <Delay = 1.58>

State 3 <SV = 2> <Delay = 7.25>
ST_3 : Operation 32 [5/5] (7.25ns)   --->   "%acumulated_1 = fadd i32 %select_ln121, i32 %mul13_i1_read" [cpu_functions.cpp:128->cpu_functions.cpp:199]   --->   Operation 32 'fadd' 'acumulated_1' <Predicate = (!icmp_ln121)> <Delay = 7.25> <CoreInst = "FAddSub_fulldsp">   --->   Core 18 'FAddSub_fulldsp' <Latency = 4> <II = 1> <Delay = 7.25> <FuncUnit> <Opcode : 'fadd' 'fsub'> <InPorts = 2> <OutPorts = 1>

State 4 <SV = 3> <Delay = 7.25>
ST_4 : Operation 33 [4/5] (7.25ns)   --->   "%acumulated_1 = fadd i32 %select_ln121, i32 %mul13_i1_read" [cpu_functions.cpp:128->cpu_functions.cpp:199]   --->   Operation 33 'fadd' 'acumulated_1' <Predicate = (!icmp_ln121)> <Delay = 7.25> <CoreInst = "FAddSub_fulldsp">   --->   Core 18 'FAddSub_fulldsp' <Latency = 4> <II = 1> <Delay = 7.25> <FuncUnit> <Opcode : 'fadd' 'fsub'> <InPorts = 2> <OutPorts = 1>

State 5 <SV = 4> <Delay = 7.25>
ST_5 : Operation 34 [3/5] (7.25ns)   --->   "%acumulated_1 = fadd i32 %select_ln121, i32 %mul13_i1_read" [cpu_functions.cpp:128->cpu_functions.cpp:199]   --->   Operation 34 'fadd' 'acumulated_1' <Predicate = (!icmp_ln121)> <Delay = 7.25> <CoreInst = "FAddSub_fulldsp">   --->   Core 18 'FAddSub_fulldsp' <Latency = 4> <II = 1> <Delay = 7.25> <FuncUnit> <Opcode : 'fadd' 'fsub'> <InPorts = 2> <OutPorts = 1>

State 6 <SV = 5> <Delay = 7.25>
ST_6 : Operation 35 [2/5] (7.25ns)   --->   "%acumulated_1 = fadd i32 %select_ln121, i32 %mul13_i1_read" [cpu_functions.cpp:128->cpu_functions.cpp:199]   --->   Operation 35 'fadd' 'acumulated_1' <Predicate = (!icmp_ln121)> <Delay = 7.25> <CoreInst = "FAddSub_fulldsp">   --->   Core 18 'FAddSub_fulldsp' <Latency = 4> <II = 1> <Delay = 7.25> <FuncUnit> <Opcode : 'fadd' 'fsub'> <InPorts = 2> <OutPorts = 1>

State 7 <SV = 6> <Delay = 7.25>
ST_7 : Operation 36 [1/5] (7.25ns)   --->   "%acumulated_1 = fadd i32 %select_ln121, i32 %mul13_i1_read" [cpu_functions.cpp:128->cpu_functions.cpp:199]   --->   Operation 36 'fadd' 'acumulated_1' <Predicate = (!icmp_ln121)> <Delay = 7.25> <CoreInst = "FAddSub_fulldsp">   --->   Core 18 'FAddSub_fulldsp' <Latency = 4> <II = 1> <Delay = 7.25> <FuncUnit> <Opcode : 'fadd' 'fsub'> <InPorts = 2> <OutPorts = 1>

State 8 <SV = 7> <Delay = 2.28>
ST_8 : Operation 37 [1/1] (0.00ns)   --->   "%specloopname_ln0 = specloopname void @_ssdm_op_SpecLoopName, void @VITIS_LOOP_121_1_VITIS_LOOP_126_3_str"   --->   Operation 37 'specloopname' 'specloopname_ln0' <Predicate = true> <Delay = 0.00>
ST_8 : Operation 38 [1/1] (0.00ns)   --->   "%specpipeline_ln125 = specpipeline void @_ssdm_op_SpecPipeline, i32 4294967295, i32 0, i32 0, i32 0, i32 4294967295, void @empty_2" [cpu_functions.cpp:125->cpu_functions.cpp:199]   --->   Operation 38 'specpipeline' 'specpipeline_ln125' <Predicate = true> <Delay = 0.00>
ST_8 : Operation 39 [1/1] (1.58ns)   --->   "%store_ln125 = store i32 %acumulated_1, i32 %acumulated" [cpu_functions.cpp:125->cpu_functions.cpp:199]   --->   Operation 39 'store' 'store_ln125' <Predicate = true> <Delay = 1.58>
ST_8 : Operation 40 [1/1] (0.00ns)   --->   "%br_ln126 = br void %for.inc.i159" [cpu_functions.cpp:126->cpu_functions.cpp:199]   --->   Operation 40 'br' 'br_ln126' <Predicate = true> <Delay = 0.00>


============================================================
+ Verbose Summary: Binding
============================================================
STG Binding: 
---------------- STG Properties BEGIN ----------------
- Is combinational: 0
- Is one-state seq: 0
- Is datapath-only: 0
- Is pipelined: 0
- Is top level: 0
Port [ Return ] is wired: 1; IO mode=ap_ctrl_hs:ce=0
Port [ mul_ln155_5]:  wired=1; compound=0; hidden=0; nouse=0; global=0; static=0; extern=0; dir=0; type=0; pingpong=0; private_global=0; IO mode=ap_none:ce=0
Port [ neurons_dense_1_size]:  wired=1; compound=0; hidden=0; nouse=0; global=0; static=0; extern=0; dir=0; type=0; pingpong=0; private_global=0; IO mode=ap_none:ce=0
Port [ mul13_i1]:  wired=1; compound=0; hidden=0; nouse=0; global=0; static=0; extern=0; dir=0; type=0; pingpong=0; private_global=0; IO mode=ap_none:ce=0
Port [ acumulated_2_out]:  wired=1; compound=0; hidden=0; nouse=0; global=0; static=0; extern=0; dir=1; type=0; pingpong=0; private_global=0; IO mode=ap_vld:ce=0
---------------- STG Properties END ------------------

---------------- Datapath Model BEGIN ----------------

<LifeTime>
<method=bitvector/>
acumulated                (alloca      ) [ 011111111]
k                         (alloca      ) [ 011000000]
indvar_flatten55          (alloca      ) [ 011000000]
mul13_i1_read             (read        ) [ 011111110]
neurons_dense_1_size_read (read        ) [ 001000000]
mul_ln155_5_read          (read        ) [ 001000000]
store_ln0                 (store       ) [ 000000000]
store_ln126               (store       ) [ 000000000]
store_ln125               (store       ) [ 000000000]
br_ln0                    (br          ) [ 000000000]
indvar_flatten55_load     (load        ) [ 000000000]
icmp_ln121                (icmp        ) [ 011111110]
add_ln121                 (add         ) [ 000000000]
br_ln121                  (br          ) [ 000000000]
acumulated_load_1         (load        ) [ 000000000]
k_load                    (load        ) [ 000000000]
icmp_ln126                (icmp        ) [ 000000000]
select_ln121              (select      ) [ 010111110]
add_ln126                 (add         ) [ 000000000]
select_ln126              (select      ) [ 000000000]
store_ln121               (store       ) [ 000000000]
store_ln126               (store       ) [ 000000000]
acumulated_1              (fadd        ) [ 001000001]
specloopname_ln0          (specloopname) [ 000000000]
specpipeline_ln125        (specpipeline) [ 000000000]
store_ln125               (store       ) [ 000000000]
br_ln126                  (br          ) [ 000000000]
acumulated_load           (load        ) [ 000000000]
write_ln0                 (write       ) [ 000000000]
ret_ln0                   (ret         ) [ 000000000]
</LifeTime>

<model>

<comp_list>
<comp id="0" class="1000" name="mul_ln155_5">
<pin_list>
<pin id="1" dir="1" index="0" bw="1" slack="0"/>
</pin_list>
<bind>
<StgValue><ssdm name="mul_ln155_5"/></StgValue>
</bind>
</comp>

<comp id="2" class="1000" name="neurons_dense_1_size">
<pin_list>
<pin id="3" dir="1" index="0" bw="1" slack="0"/>
</pin_list>
<bind>
<StgValue><ssdm name="neurons_dense_1_size"/></StgValue>
</bind>
</comp>

<comp id="4" class="1000" name="mul13_i1">
<pin_list>
<pin id="5" dir="1" index="0" bw="1" slack="0"/>
</pin_list>
<bind>
<StgValue><ssdm name="mul13_i1"/></StgValue>
</bind>
</comp>

<comp id="6" class="1000" name="acumulated_2_out">
<pin_list>
<pin id="7" dir="1" index="0" bw="1" slack="0"/>
</pin_list>
<bind>
<StgValue><ssdm name="acumulated_2_out"/></StgValue>
</bind>
</comp>

<comp id="8" class="1001" name="const_8">
<pin_list>
<pin id="9" dir="1" index="0" bw="1" slack="0"/>
</pin_list>
<bind>
<StgValue><ssdm name=""/></StgValue>
</bind>
</comp>

<comp id="10" class="1001" name="const_10">
<pin_list>
<pin id="11" dir="1" index="0" bw="1" slack="0"/>
</pin_list>
<bind>
<StgValue><ssdm name="_ssdm_op_Read.ap_auto.float"/></StgValue>
</bind>
</comp>

<comp id="12" class="1001" name="const_12">
<pin_list>
<pin id="13" dir="1" index="0" bw="1" slack="0"/>
</pin_list>
<bind>
<StgValue><ssdm name="_ssdm_op_Read.ap_auto.i32"/></StgValue>
</bind>
</comp>

<comp id="14" class="1001" name="const_14">
<pin_list>
<pin id="15" dir="1" index="0" bw="1" slack="0"/>
</pin_list>
<bind>
<StgValue><ssdm name="_ssdm_op_Read.ap_auto.i64"/></StgValue>
</bind>
</comp>

<comp id="16" class="1001" name="const_16">
<pin_list>
<pin id="17" dir="1" index="0" bw="1" slack="0"/>
</pin_list>
<bind>
<StgValue><ssdm name=""/></StgValue>
</bind>
</comp>

<comp id="18" class="1001" name="const_18">
<pin_list>
<pin id="19" dir="1" index="0" bw="1" slack="0"/>
</pin_list>
<bind>
<StgValue><ssdm name=""/></StgValue>
</bind>
</comp>

<comp id="20" class="1001" name="const_20">
<pin_list>
<pin id="21" dir="1" index="0" bw="1" slack="0"/>
</pin_list>
<bind>
<StgValue><ssdm name=""/></StgValue>
</bind>
</comp>

<comp id="22" class="1001" name="const_22">
<pin_list>
<pin id="23" dir="1" index="0" bw="1" slack="0"/>
</pin_list>
<bind>
<StgValue><ssdm name=""/></StgValue>
</bind>
</comp>

<comp id="24" class="1001" name="const_24">
<pin_list>
<pin id="25" dir="1" index="0" bw="1" slack="2147483647"/>
</pin_list>
<bind>
<StgValue><ssdm name="_ssdm_op_SpecLoopName"/></StgValue>
</bind>
</comp>

<comp id="26" class="1001" name="const_26">
<pin_list>
<pin id="27" dir="1" index="0" bw="1" slack="2147483647"/>
</pin_list>
<bind>
<StgValue><ssdm name="VITIS_LOOP_121_1_VITIS_LOOP_126_3_str"/></StgValue>
</bind>
</comp>

<comp id="28" class="1001" name="const_28">
<pin_list>
<pin id="29" dir="1" index="0" bw="1" slack="2147483647"/>
</pin_list>
<bind>
<StgValue><ssdm name="_ssdm_op_SpecPipeline"/></StgValue>
</bind>
</comp>

<comp id="30" class="1001" name="const_30">
<pin_list>
<pin id="31" dir="1" index="0" bw="1" slack="2147483647"/>
</pin_list>
<bind>
<StgValue><ssdm name=""/></StgValue>
</bind>
</comp>

<comp id="32" class="1001" name="const_32">
<pin_list>
<pin id="33" dir="1" index="0" bw="1" slack="2147483647"/>
</pin_list>
<bind>
<StgValue><ssdm name="empty_2"/></StgValue>
</bind>
</comp>

<comp id="34" class="1001" name="const_34">
<pin_list>
<pin id="35" dir="1" index="0" bw="1" slack="0"/>
</pin_list>
<bind>
<StgValue><ssdm name="_ssdm_op_Write.ap_auto.floatP0A"/></StgValue>
</bind>
</comp>

<comp id="36" class="1004" name="acumulated_fu_36">
<pin_list>
<pin id="37" dir="0" index="0" bw="1" slack="0"/>
<pin id="38" dir="1" index="1" bw="32" slack="0"/>
</pin_list>
<bind>
<opcode="alloca(26) " fcode="alloca"/>
<opset="acumulated/1 "/>
</bind>
</comp>

<comp id="40" class="1004" name="k_fu_40">
<pin_list>
<pin id="41" dir="0" index="0" bw="1" slack="0"/>
<pin id="42" dir="1" index="1" bw="32" slack="0"/>
</pin_list>
<bind>
<opcode="alloca(26) " fcode="alloca"/>
<opset="k/1 "/>
</bind>
</comp>

<comp id="44" class="1004" name="indvar_flatten55_fu_44">
<pin_list>
<pin id="45" dir="0" index="0" bw="1" slack="0"/>
<pin id="46" dir="1" index="1" bw="64" slack="0"/>
</pin_list>
<bind>
<opcode="alloca(26) " fcode="alloca"/>
<opset="indvar_flatten55/1 "/>
</bind>
</comp>

<comp id="48" class="1004" name="mul13_i1_read_read_fu_48">
<pin_list>
<pin id="49" dir="0" index="0" bw="32" slack="0"/>
<pin id="50" dir="0" index="1" bw="32" slack="0"/>
<pin id="51" dir="1" index="2" bw="32" slack="2"/>
</pin_list>
<bind>
<opcode="read(1150) " fcode="read"/>
<opset="mul13_i1_read/1 "/>
</bind>
</comp>

<comp id="54" class="1004" name="neurons_dense_1_size_read_read_fu_54">
<pin_list>
<pin id="55" dir="0" index="0" bw="32" slack="0"/>
<pin id="56" dir="0" index="1" bw="32" slack="0"/>
<pin id="57" dir="1" index="2" bw="32" slack="1"/>
</pin_list>
<bind>
<opcode="read(1150) " fcode="read"/>
<opset="neurons_dense_1_size_read/1 "/>
</bind>
</comp>

<comp id="60" class="1004" name="mul_ln155_5_read_read_fu_60">
<pin_list>
<pin id="61" dir="0" index="0" bw="64" slack="0"/>
<pin id="62" dir="0" index="1" bw="64" slack="0"/>
<pin id="63" dir="1" index="2" bw="64" slack="1"/>
</pin_list>
<bind>
<opcode="read(1150) " fcode="read"/>
<opset="mul_ln155_5_read/1 "/>
</bind>
</comp>

<comp id="66" class="1004" name="write_ln0_write_fu_66">
<pin_list>
<pin id="67" dir="0" index="0" bw="0" slack="0"/>
<pin id="68" dir="0" index="1" bw="32" slack="0"/>
<pin id="69" dir="0" index="2" bw="32" slack="0"/>
<pin id="70" dir="1" index="3" bw="0" slack="2147483647"/>
</pin_list>
<bind>
<opcode="write(1151) " fcode="write"/>
<opset="write_ln0/2 "/>
</bind>
</comp>

<comp id="73" class="1004" name="grp_fu_73">
<pin_list>
<pin id="74" dir="0" index="0" bw="32" slack="1"/>
<pin id="75" dir="0" index="1" bw="32" slack="2"/>
<pin id="76" dir="1" index="2" bw="32" slack="1"/>
</pin_list>
<bind>
<opcode="fadd(9) " fcode="fadd"/>
<opset="acumulated_1/3 "/>
</bind>
</comp>

<comp id="77" class="1004" name="store_ln0_store_fu_77">
<pin_list>
<pin id="78" dir="0" index="0" bw="1" slack="0"/>
<pin id="79" dir="0" index="1" bw="64" slack="0"/>
<pin id="80" dir="1" index="2" bw="0" slack="2147483647"/>
</pin_list>
<bind>
<opcode="store(28) " fcode="store"/>
<opset="store_ln0/1 "/>
</bind>
</comp>

<comp id="82" class="1004" name="store_ln126_store_fu_82">
<pin_list>
<pin id="83" dir="0" index="0" bw="1" slack="0"/>
<pin id="84" dir="0" index="1" bw="32" slack="0"/>
<pin id="85" dir="1" index="2" bw="0" slack="2147483647"/>
</pin_list>
<bind>
<opcode="store(28) " fcode="store"/>
<opset="store_ln126/1 "/>
</bind>
</comp>

<comp id="87" class="1004" name="store_ln125_store_fu_87">
<pin_list>
<pin id="88" dir="0" index="0" bw="32" slack="0"/>
<pin id="89" dir="0" index="1" bw="32" slack="0"/>
<pin id="90" dir="1" index="2" bw="0" slack="2147483647"/>
</pin_list>
<bind>
<opcode="store(28) " fcode="store"/>
<opset="store_ln125/1 "/>
</bind>
</comp>

<comp id="92" class="1004" name="indvar_flatten55_load_load_fu_92">
<pin_list>
<pin id="93" dir="0" index="0" bw="64" slack="1"/>
<pin id="94" dir="1" index="1" bw="64" slack="0"/>
</pin_list>
<bind>
<opcode="load(27) " fcode="load"/>
<opset="indvar_flatten55_load/2 "/>
</bind>
</comp>

<comp id="95" class="1004" name="icmp_ln121_fu_95">
<pin_list>
<pin id="96" dir="0" index="0" bw="64" slack="0"/>
<pin id="97" dir="0" index="1" bw="64" slack="1"/>
<pin id="98" dir="1" index="2" bw="1" slack="1"/>
</pin_list>
<bind>
<opcode="icmp(45) " fcode="icmp"/>
<opset="icmp_ln121/2 "/>
</bind>
</comp>

<comp id="100" class="1004" name="add_ln121_fu_100">
<pin_list>
<pin id="101" dir="0" index="0" bw="64" slack="0"/>
<pin id="102" dir="0" index="1" bw="1" slack="0"/>
<pin id="103" dir="1" index="2" bw="64" slack="0"/>
</pin_list>
<bind>
<opcode="add(8) " fcode="add"/>
<opset="add_ln121/2 "/>
</bind>
</comp>

<comp id="106" class="1004" name="acumulated_load_1_load_fu_106">
<pin_list>
<pin id="107" dir="0" index="0" bw="32" slack="1"/>
<pin id="108" dir="1" index="1" bw="32" slack="0"/>
</pin_list>
<bind>
<opcode="load(27) " fcode="load"/>
<opset="acumulated_load_1/2 "/>
</bind>
</comp>

<comp id="109" class="1004" name="k_load_load_fu_109">
<pin_list>
<pin id="110" dir="0" index="0" bw="32" slack="1"/>
<pin id="111" dir="1" index="1" bw="32" slack="0"/>
</pin_list>
<bind>
<opcode="load(27) " fcode="load"/>
<opset="k_load/2 "/>
</bind>
</comp>

<comp id="112" class="1004" name="icmp_ln126_fu_112">
<pin_list>
<pin id="113" dir="0" index="0" bw="32" slack="0"/>
<pin id="114" dir="0" index="1" bw="32" slack="1"/>
<pin id="115" dir="1" index="2" bw="1" slack="0"/>
</pin_list>
<bind>
<opcode="icmp(45) " fcode="icmp"/>
<opset="icmp_ln126/2 "/>
</bind>
</comp>

<comp id="117" class="1004" name="select_ln121_fu_117">
<pin_list>
<pin id="118" dir="0" index="0" bw="1" slack="0"/>
<pin id="119" dir="0" index="1" bw="32" slack="0"/>
<pin id="120" dir="0" index="2" bw="32" slack="0"/>
<pin id="121" dir="1" index="3" bw="32" slack="1"/>
</pin_list>
<bind>
<opcode="select(49) " fcode="select"/>
<opset="select_ln121/2 "/>
</bind>
</comp>

<comp id="125" class="1004" name="add_ln126_fu_125">
<pin_list>
<pin id="126" dir="0" index="0" bw="32" slack="0"/>
<pin id="127" dir="0" index="1" bw="1" slack="0"/>
<pin id="128" dir="1" index="2" bw="32" slack="0"/>
</pin_list>
<bind>
<opcode="add(8) " fcode="add"/>
<opset="add_ln126/2 "/>
</bind>
</comp>

<comp id="131" class="1004" name="select_ln126_fu_131">
<pin_list>
<pin id="132" dir="0" index="0" bw="1" slack="0"/>
<pin id="133" dir="0" index="1" bw="1" slack="0"/>
<pin id="134" dir="0" index="2" bw="32" slack="0"/>
<pin id="135" dir="1" index="3" bw="32" slack="0"/>
</pin_list>
<bind>
<opcode="select(49) " fcode="select"/>
<opset="select_ln126/2 "/>
</bind>
</comp>

<comp id="139" class="1004" name="store_ln121_store_fu_139">
<pin_list>
<pin id="140" dir="0" index="0" bw="64" slack="0"/>
<pin id="141" dir="0" index="1" bw="64" slack="1"/>
<pin id="142" dir="1" index="2" bw="0" slack="2147483647"/>
</pin_list>
<bind>
<opcode="store(28) " fcode="store"/>
<opset="store_ln121/2 "/>
</bind>
</comp>

<comp id="144" class="1004" name="store_ln126_store_fu_144">
<pin_list>
<pin id="145" dir="0" index="0" bw="32" slack="0"/>
<pin id="146" dir="0" index="1" bw="32" slack="1"/>
<pin id="147" dir="1" index="2" bw="0" slack="2147483647"/>
</pin_list>
<bind>
<opcode="store(28) " fcode="store"/>
<opset="store_ln126/2 "/>
</bind>
</comp>

<comp id="149" class="1004" name="store_ln125_store_fu_149">
<pin_list>
<pin id="150" dir="0" index="0" bw="32" slack="1"/>
<pin id="151" dir="0" index="1" bw="32" slack="7"/>
<pin id="152" dir="1" index="2" bw="0" slack="2147483647"/>
</pin_list>
<bind>
<opcode="store(28) " fcode="store"/>
<opset="store_ln125/8 "/>
</bind>
</comp>

<comp id="153" class="1004" name="acumulated_load_load_fu_153">
<pin_list>
<pin id="154" dir="0" index="0" bw="32" slack="1"/>
<pin id="155" dir="1" index="1" bw="32" slack="0"/>
</pin_list>
<bind>
<opcode="load(27) " fcode="load"/>
<opset="acumulated_load/2 "/>
</bind>
</comp>

<comp id="157" class="1005" name="acumulated_reg_157">
<pin_list>
<pin id="158" dir="0" index="0" bw="32" slack="0"/>
<pin id="159" dir="1" index="1" bw="32" slack="0"/>
</pin_list>
<bind>
<opset="acumulated "/>
</bind>
</comp>

<comp id="165" class="1005" name="k_reg_165">
<pin_list>
<pin id="166" dir="0" index="0" bw="32" slack="0"/>
<pin id="167" dir="1" index="1" bw="32" slack="0"/>
</pin_list>
<bind>
<opset="k "/>
</bind>
</comp>

<comp id="172" class="1005" name="indvar_flatten55_reg_172">
<pin_list>
<pin id="173" dir="0" index="0" bw="64" slack="0"/>
<pin id="174" dir="1" index="1" bw="64" slack="0"/>
</pin_list>
<bind>
<opset="indvar_flatten55 "/>
</bind>
</comp>

<comp id="179" class="1005" name="mul13_i1_read_reg_179">
<pin_list>
<pin id="180" dir="0" index="0" bw="32" slack="2"/>
<pin id="181" dir="1" index="1" bw="32" slack="2"/>
</pin_list>
<bind>
<opset="mul13_i1_read "/>
</bind>
</comp>

<comp id="184" class="1005" name="neurons_dense_1_size_read_reg_184">
<pin_list>
<pin id="185" dir="0" index="0" bw="32" slack="1"/>
<pin id="186" dir="1" index="1" bw="32" slack="1"/>
</pin_list>
<bind>
<opset="neurons_dense_1_size_read "/>
</bind>
</comp>

<comp id="189" class="1005" name="mul_ln155_5_read_reg_189">
<pin_list>
<pin id="190" dir="0" index="0" bw="64" slack="1"/>
<pin id="191" dir="1" index="1" bw="64" slack="1"/>
</pin_list>
<bind>
<opset="mul_ln155_5_read "/>
</bind>
</comp>

<comp id="194" class="1005" name="icmp_ln121_reg_194">
<pin_list>
<pin id="195" dir="0" index="0" bw="1" slack="1"/>
<pin id="196" dir="1" index="1" bw="1" slack="2147483647"/>
</pin_list>
<bind>
<opset="icmp_ln121 "/>
</bind>
</comp>

<comp id="198" class="1005" name="select_ln121_reg_198">
<pin_list>
<pin id="199" dir="0" index="0" bw="32" slack="1"/>
<pin id="200" dir="1" index="1" bw="32" slack="1"/>
</pin_list>
<bind>
<opset="select_ln121 "/>
</bind>
</comp>

<comp id="203" class="1005" name="acumulated_1_reg_203">
<pin_list>
<pin id="204" dir="0" index="0" bw="32" slack="1"/>
<pin id="205" dir="1" index="1" bw="32" slack="1"/>
</pin_list>
<bind>
<opset="acumulated_1 "/>
</bind>
</comp>

</comp_list>

<net_list>
<net id="39"><net_src comp="8" pin="0"/><net_sink comp="36" pin=0"/></net>

<net id="43"><net_src comp="8" pin="0"/><net_sink comp="40" pin=0"/></net>

<net id="47"><net_src comp="8" pin="0"/><net_sink comp="44" pin=0"/></net>

<net id="52"><net_src comp="10" pin="0"/><net_sink comp="48" pin=0"/></net>

<net id="53"><net_src comp="4" pin="0"/><net_sink comp="48" pin=1"/></net>

<net id="58"><net_src comp="12" pin="0"/><net_sink comp="54" pin=0"/></net>

<net id="59"><net_src comp="2" pin="0"/><net_sink comp="54" pin=1"/></net>

<net id="64"><net_src comp="14" pin="0"/><net_sink comp="60" pin=0"/></net>

<net id="65"><net_src comp="0" pin="0"/><net_sink comp="60" pin=1"/></net>

<net id="71"><net_src comp="34" pin="0"/><net_sink comp="66" pin=0"/></net>

<net id="72"><net_src comp="6" pin="0"/><net_sink comp="66" pin=1"/></net>

<net id="81"><net_src comp="16" pin="0"/><net_sink comp="77" pin=0"/></net>

<net id="86"><net_src comp="18" pin="0"/><net_sink comp="82" pin=0"/></net>

<net id="91"><net_src comp="20" pin="0"/><net_sink comp="87" pin=0"/></net>

<net id="99"><net_src comp="92" pin="1"/><net_sink comp="95" pin=0"/></net>

<net id="104"><net_src comp="92" pin="1"/><net_sink comp="100" pin=0"/></net>

<net id="105"><net_src comp="22" pin="0"/><net_sink comp="100" pin=1"/></net>

<net id="116"><net_src comp="109" pin="1"/><net_sink comp="112" pin=0"/></net>

<net id="122"><net_src comp="112" pin="2"/><net_sink comp="117" pin=0"/></net>

<net id="123"><net_src comp="20" pin="0"/><net_sink comp="117" pin=1"/></net>

<net id="124"><net_src comp="106" pin="1"/><net_sink comp="117" pin=2"/></net>

<net id="129"><net_src comp="109" pin="1"/><net_sink comp="125" pin=0"/></net>

<net id="130"><net_src comp="8" pin="0"/><net_sink comp="125" pin=1"/></net>

<net id="136"><net_src comp="112" pin="2"/><net_sink comp="131" pin=0"/></net>

<net id="137"><net_src comp="8" pin="0"/><net_sink comp="131" pin=1"/></net>

<net id="138"><net_src comp="125" pin="2"/><net_sink comp="131" pin=2"/></net>

<net id="143"><net_src comp="100" pin="2"/><net_sink comp="139" pin=0"/></net>

<net id="148"><net_src comp="131" pin="3"/><net_sink comp="144" pin=0"/></net>

<net id="156"><net_src comp="153" pin="1"/><net_sink comp="66" pin=2"/></net>

<net id="160"><net_src comp="36" pin="1"/><net_sink comp="157" pin=0"/></net>

<net id="161"><net_src comp="157" pin="1"/><net_sink comp="87" pin=1"/></net>

<net id="162"><net_src comp="157" pin="1"/><net_sink comp="106" pin=0"/></net>

<net id="163"><net_src comp="157" pin="1"/><net_sink comp="149" pin=1"/></net>

<net id="164"><net_src comp="157" pin="1"/><net_sink comp="153" pin=0"/></net>

<net id="168"><net_src comp="40" pin="1"/><net_sink comp="165" pin=0"/></net>

<net id="169"><net_src comp="165" pin="1"/><net_sink comp="82" pin=1"/></net>

<net id="170"><net_src comp="165" pin="1"/><net_sink comp="109" pin=0"/></net>

<net id="171"><net_src comp="165" pin="1"/><net_sink comp="144" pin=1"/></net>

<net id="175"><net_src comp="44" pin="1"/><net_sink comp="172" pin=0"/></net>

<net id="176"><net_src comp="172" pin="1"/><net_sink comp="77" pin=1"/></net>

<net id="177"><net_src comp="172" pin="1"/><net_sink comp="92" pin=0"/></net>

<net id="178"><net_src comp="172" pin="1"/><net_sink comp="139" pin=1"/></net>

<net id="182"><net_src comp="48" pin="2"/><net_sink comp="179" pin=0"/></net>

<net id="183"><net_src comp="179" pin="1"/><net_sink comp="73" pin=1"/></net>

<net id="187"><net_src comp="54" pin="2"/><net_sink comp="184" pin=0"/></net>

<net id="188"><net_src comp="184" pin="1"/><net_sink comp="112" pin=1"/></net>

<net id="192"><net_src comp="60" pin="2"/><net_sink comp="189" pin=0"/></net>

<net id="193"><net_src comp="189" pin="1"/><net_sink comp="95" pin=1"/></net>

<net id="197"><net_src comp="95" pin="2"/><net_sink comp="194" pin=0"/></net>

<net id="201"><net_src comp="117" pin="3"/><net_sink comp="198" pin=0"/></net>

<net id="202"><net_src comp="198" pin="1"/><net_sink comp="73" pin=0"/></net>

<net id="206"><net_src comp="73" pin="2"/><net_sink comp="203" pin=0"/></net>

<net id="207"><net_src comp="203" pin="1"/><net_sink comp="149" pin=0"/></net>

</net_list>

</model> 
---------------- Datapath Model END ------------------

* FSMD analyzer results:
  - Output states:
	Port: acumulated_2_out | {2 }
 - Input state : 
	Port: cifar10_Pipeline_VITIS_LOOP_121_1_VITIS_LOOP_126_34 : mul_ln155_5 | {1 }
	Port: cifar10_Pipeline_VITIS_LOOP_121_1_VITIS_LOOP_126_34 : neurons_dense_1_size | {1 }
	Port: cifar10_Pipeline_VITIS_LOOP_121_1_VITIS_LOOP_126_34 : mul13_i1 | {1 }
  - Chain level:
	State 1
		store_ln0 : 1
		store_ln126 : 1
		store_ln125 : 1
	State 2
		icmp_ln121 : 1
		add_ln121 : 1
		br_ln121 : 2
		icmp_ln126 : 1
		select_ln121 : 2
		add_ln126 : 1
		select_ln126 : 2
		store_ln121 : 2
		store_ln126 : 3
		write_ln0 : 1
	State 3
	State 4
	State 5
	State 6
	State 7
	State 8


============================================================
+ Verbose Summary: Datapath Resource usage 
============================================================

* Functional unit list:
|----------|--------------------------------------|---------|---------|---------|
| Operation|            Functional Unit           |   DSP   |    FF   |   LUT   |
|----------|--------------------------------------|---------|---------|---------|
|   fadd   |               grp_fu_73              |    2    |   205   |   390   |
|----------|--------------------------------------|---------|---------|---------|
|   icmp   |           icmp_ln121_fu_95           |    0    |    0    |    71   |
|          |           icmp_ln126_fu_112          |    0    |    0    |    39   |
|----------|--------------------------------------|---------|---------|---------|
|    add   |           add_ln121_fu_100           |    0    |    0    |    71   |
|          |           add_ln126_fu_125           |    0    |    0    |    39   |
|----------|--------------------------------------|---------|---------|---------|
|  select  |          select_ln121_fu_117         |    0    |    0    |    32   |
|          |          select_ln126_fu_131         |    0    |    0    |    32   |
|----------|--------------------------------------|---------|---------|---------|
|          |       mul13_i1_read_read_fu_48       |    0    |    0    |    0    |
|   read   | neurons_dense_1_size_read_read_fu_54 |    0    |    0    |    0    |
|          |      mul_ln155_5_read_read_fu_60     |    0    |    0    |    0    |
|----------|--------------------------------------|---------|---------|---------|
|   write  |         write_ln0_write_fu_66        |    0    |    0    |    0    |
|----------|--------------------------------------|---------|---------|---------|
|   Total  |                                      |    2    |   205   |   674   |
|----------|--------------------------------------|---------|---------|---------|

Memories:
N/A

* Register list:
+---------------------------------+--------+
|                                 |   FF   |
+---------------------------------+--------+
|       acumulated_1_reg_203      |   32   |
|        acumulated_reg_157       |   32   |
|        icmp_ln121_reg_194       |    1   |
|     indvar_flatten55_reg_172    |   64   |
|            k_reg_165            |   32   |
|      mul13_i1_read_reg_179      |   32   |
|     mul_ln155_5_read_reg_189    |   64   |
|neurons_dense_1_size_read_reg_184|   32   |
|       select_ln121_reg_198      |   32   |
+---------------------------------+--------+
|              Total              |   321  |
+---------------------------------+--------+

* Multiplexer (MUX) list: 
|--------|------|------|------|--------|
|  Comp  |  Pin | Size |  BW  | S x BW |
|--------|------|------|------|--------|
|  Total |      |      |      |    0   |
|--------|------|------|------|--------|



* Summary:
+-----------+--------+--------+--------+
|           |   DSP  |   FF   |   LUT  |
+-----------+--------+--------+--------+
|  Function |    2   |   205  |   674  |
|   Memory  |    -   |    -   |    -   |
|Multiplexer|    -   |    -   |    -   |
|  Register |    -   |   321  |    -   |
+-----------+--------+--------+--------+
|   Total   |    2   |   526  |   674  |
+-----------+--------+--------+--------+
