

================================================================
== Vitis HLS Report for 'convolution'
================================================================
* Date:           Mon May  4 21:47:30 2026

* Version:        2025.2 (Build 6295257 on Nov 14 2025)
* Project:        proj_cifar10_multiple
* Solution:       fsolution (Vivado IP Flow Target)
* Product family: zynq
* Target device:  xc7z020-clg484-1


================================================================
== Performance Estimates
================================================================
+ Timing: 
    * Summary: 
    +--------+----------+----------+------------+
    |  Clock |  Target  | Estimated| Uncertainty|
    +--------+----------+----------+------------+
    |ap_clk  |  10.00 ns|  7.256 ns|     2.70 ns|
    +--------+----------+----------+------------+

+ Latency: 
    * Summary: 
    +---------+---------+----------+----------+-----+-----+---------+
    |  Latency (cycles) |  Latency (absolute) |  Interval | Pipeline|
    |   min   |   max   |    min   |    max   | min | max |   Type  |
    +---------+---------+----------+----------+-----+-----+---------+
    |        ?|        ?|         ?|         ?|    ?|    ?|       no|
    +---------+---------+----------+----------+-----+-----+---------+

    + Detail: 
        * Instance: 
        +----------------------------------------------------------------+------------------------------------------------------+---------+---------+----------+----------+-----+-----+-------------------+
        |                                                                |                                                      |  Latency (cycles) |  Latency (absolute) |  Interval |      Pipeline     |
        |                            Instance                            |                        Module                        |   min   |   max   |    min   |    max   | min | max |        Type       |
        +----------------------------------------------------------------+------------------------------------------------------+---------+---------+----------+----------+-----+-----+-------------------+
        |grp_convolution_Pipeline_VITIS_LOOP_21_1_VITIS_LOOP_26_2_fu_77  |convolution_Pipeline_VITIS_LOOP_21_1_VITIS_LOOP_26_2  |        ?|        ?|         ?|         ?|    0|    0|  loop pipeline stp|
        +----------------------------------------------------------------+------------------------------------------------------+---------+---------+----------+----------+-----+-----+-------------------+

        * Loop: 
        N/A



================================================================
== Utilization Estimates
================================================================
* Summary: 
+-----------------+---------+-----+--------+-------+-----+
|       Name      | BRAM_18K| DSP |   FF   |  LUT  | URAM|
+-----------------+---------+-----+--------+-------+-----+
|DSP              |        -|    -|       -|      -|    -|
|Expression       |        -|    -|       0|    186|    -|
|FIFO             |        -|    -|       -|      -|    -|
|Instance         |        -|    3|   10143|   7976|    -|
|Memory           |        -|    -|       -|      -|    -|
|Multiplexer      |        -|    -|       0|     97|    -|
|Register         |        -|    -|     261|      -|    -|
+-----------------+---------+-----+--------+-------+-----+
|Total            |        0|    3|   10404|   8259|    0|
+-----------------+---------+-----+--------+-------+-----+
|Available        |      280|  220|  106400|  53200|    0|
+-----------------+---------+-----+--------+-------+-----+
|Utilization (%)  |        0|    1|       9|     15|    0|
+-----------------+---------+-----+--------+-------+-----+

+ Detail: 
    * Instance: 
    +----------------------------------------------------------------+------------------------------------------------------+---------+----+------+------+-----+
    |                            Instance                            |                        Module                        | BRAM_18K| DSP|  FF  |  LUT | URAM|
    +----------------------------------------------------------------+------------------------------------------------------+---------+----+------+------+-----+
    |grp_convolution_Pipeline_VITIS_LOOP_21_1_VITIS_LOOP_26_2_fu_77  |convolution_Pipeline_VITIS_LOOP_21_1_VITIS_LOOP_26_2  |        0|   0|  9978|  7926|    0|
    |mul_32s_32s_32_2_1_U23                                          |mul_32s_32s_32_2_1                                    |        0|   3|   165|    50|    0|
    +----------------------------------------------------------------+------------------------------------------------------+---------+----+------+------+-----+
    |Total                                                           |                                                      |        0|   3| 10143|  7976|    0|
    +----------------------------------------------------------------+------------------------------------------------------+---------+----+------+------+-----+

    * DSP: 
    N/A

    * Memory: 
    N/A

    * FIFO: 
    N/A

    * Expression: 
    +----------------------+----------+----+---+----+------------+------------+
    |     Variable Name    | Operation| DSP| FF| LUT| Bitwidth P0| Bitwidth P1|
    +----------------------+----------+----+---+----+------------+------------+
    |add_ln31_fu_169_p2    |         +|   0|  0|  39|          32|           2|
    |sub_ln14_2_fu_132_p2  |         -|   0|  0|  38|           1|          31|
    |sub_ln14_fu_116_p2    |         -|   0|  0|  39|           1|          32|
    |icmp_ln21_fu_164_p2   |      icmp|   0|  0|  39|          32|           1|
    |kernel_rad_fu_148_p3  |    select|   0|  0|  31|           1|          31|
    +----------------------+----------+----+---+----+------------+------------+
    |Total                 |          |   0|  0| 186|          67|          97|
    +----------------------+----------+----+---+----+------------+------------+

    * Multiplexer: 
    +---------------+----+-----------+-----+-----------+
    |      Name     | LUT| Input Size| Bits| Total Bits|
    +---------------+----+-----------+-----+-----------+
    |ap_NS_fsm      |  42|          8|    1|          8|
    |grp_fu_102_ce  |   9|          2|    1|          2|
    |grp_fu_102_p0  |  14|          3|   32|         96|
    |grp_fu_102_p1  |  14|          3|   32|         96|
    |grp_fu_270_ce  |   9|          2|    1|          2|
    |grp_fu_274_ce  |   9|          2|    1|          2|
    +---------------+----+-----------+-----+-----------+
    |Total          |  97|         20|   68|        206|
    +---------------+----+-----------+-----+-----------+

    * Register: 
    +-----------------------------------------------------------------------------+----+----+-----+-----------+
    |                                     Name                                    | FF | LUT| Bits| Const Bits|
    +-----------------------------------------------------------------------------+----+----+-----+-----------+
    |add_ln31_reg_255                                                             |  32|   0|   32|          0|
    |ap_CS_fsm                                                                    |   7|   0|    7|          0|
    |bitcast_ln35_reg_260                                                         |  32|   0|   32|          0|
    |grp_convolution_Pipeline_VITIS_LOOP_21_1_VITIS_LOOP_26_2_fu_77_ap_start_reg  |   1|   0|    1|          0|
    |icmp_ln21_reg_241                                                            |   1|   0|    1|          0|
    |kernel_rad_reg_214                                                           |  31|   0|   31|          0|
    |mul_ln12_reg_245                                                             |  64|   0|   64|          0|
    |mul_ln21_reg_225                                                             |  32|   0|   32|          0|
    |squared_kernel_size_reg_219                                                  |  32|   0|   32|          0|
    |trunc_ln33_reg_265                                                           |  29|   0|   29|          0|
    +-----------------------------------------------------------------------------+----+----+-----+-----------+
    |Total                                                                        | 261|   0|  261|          0|
    +-----------------------------------------------------------------------------+----+----+-----+-----------+



================================================================
== Interface
================================================================
* Summary: 
+----------------------+-----+-----+------------+--------------+--------------+
|       RTL Ports      | Dir | Bits|  Protocol  | Source Object|    C Type    |
+----------------------+-----+-----+------------+--------------+--------------+
|ap_clk                |   in|    1|  ap_ctrl_hs|   convolution|  return value|
|ap_rst                |   in|    1|  ap_ctrl_hs|   convolution|  return value|
|ap_start              |   in|    1|  ap_ctrl_hs|   convolution|  return value|
|ap_done               |  out|    1|  ap_ctrl_hs|   convolution|  return value|
|ap_idle               |  out|    1|  ap_ctrl_hs|   convolution|  return value|
|ap_ready              |  out|    1|  ap_ctrl_hs|   convolution|  return value|
|grp_fu_620_p_din0     |  out|   32|  ap_ctrl_hs|   convolution|  return value|
|grp_fu_620_p_din1     |  out|   32|  ap_ctrl_hs|   convolution|  return value|
|grp_fu_620_p_dout0    |   in|   32|  ap_ctrl_hs|   convolution|  return value|
|grp_fu_620_p_ce       |  out|    1|  ap_ctrl_hs|   convolution|  return value|
|grp_fu_1343_p_din0    |  out|   32|  ap_ctrl_hs|   convolution|  return value|
|grp_fu_1343_p_din1    |  out|   32|  ap_ctrl_hs|   convolution|  return value|
|grp_fu_1343_p_opcode  |  out|    2|  ap_ctrl_hs|   convolution|  return value|
|grp_fu_1343_p_dout0   |   in|   32|  ap_ctrl_hs|   convolution|  return value|
|grp_fu_1343_p_ce      |  out|    1|  ap_ctrl_hs|   convolution|  return value|
|grp_fu_585_p_din0     |  out|   32|  ap_ctrl_hs|   convolution|  return value|
|grp_fu_585_p_din1     |  out|   32|  ap_ctrl_hs|   convolution|  return value|
|grp_fu_585_p_dout0    |   in|   32|  ap_ctrl_hs|   convolution|  return value|
|grp_fu_585_p_ce       |  out|    1|  ap_ctrl_hs|   convolution|  return value|
|grp_fu_596_p_din0     |  out|   32|  ap_ctrl_hs|   convolution|  return value|
|grp_fu_596_p_din1     |  out|   32|  ap_ctrl_hs|   convolution|  return value|
|grp_fu_596_p_dout0    |   in|   64|  ap_ctrl_hs|   convolution|  return value|
|grp_fu_596_p_ce       |  out|    1|  ap_ctrl_hs|   convolution|  return value|
|A_read                |   in|   32|     ap_none|        A_read|        scalar|
|A                     |   in|   34|     ap_none|             A|        scalar|
|B                     |  out|   32|      ap_vld|             B|       pointer|
|B_ap_vld              |  out|    1|      ap_vld|             B|       pointer|
|kernel_read           |   in|   32|     ap_none|   kernel_read|        scalar|
|n                     |   in|   32|     ap_none|             n|        scalar|
|kernel_size           |   in|   32|     ap_none|   kernel_size|        scalar|
+----------------------+-----+-----+------------+--------------+--------------+

============================================================
+ Verbose Summary: Synthesis Manager
============================================================
InlineROM: 1
ExposeGlobal: 0
============================================================
+ Verbose Summary: CDFG Model
============================================================
IsTopModel: 0
ResetActiveHigh: 1
IsCombinational: 2
IsDatapathOnly: 2
HasWiredReturn: 1
HasMFsm: 0
HasVarLatency: 1
IsPipeline: 0
IsRtlPipelined: 0
IsInstanceOverlapped: 0
IsDontTouch: 0
HasImplIP: 0
IsGatedGlobalClock: 0


============================================================
+ Verbose Summary: Schedule
============================================================
* Number of FSM states : 7
* Pipeline : 0
* Dataflow Pipeline: 0

* FSM state transitions: 
1 --> 2 
2 --> 3 
3 --> 4 
4 --> 5 
5 --> 6 
6 --> 7 
7 --> 

* FSM state operations: 

State 1 <SV = 0> <Delay = 6.91>
ST_1 : Operation 8 [1/1] (0.00ns)   --->   "%kernel_size_read = read i32 @_ssdm_op_Read.ap_auto.i32, i32 %kernel_size"   --->   Operation 8 'read' 'kernel_size_read' <Predicate = true> <Delay = 0.00>
ST_1 : Operation 9 [1/1] (0.00ns)   --->   "%n_read = read i32 @_ssdm_op_Read.ap_auto.i32, i32 %n"   --->   Operation 9 'read' 'n_read' <Predicate = true> <Delay = 0.00>
ST_1 : Operation 10 [1/1] (0.00ns)   --->   "%sum_loc = alloca i64 1"   --->   Operation 10 'alloca' 'sum_loc' <Predicate = true> <Delay = 0.00>
ST_1 : Operation 11 [1/1] (0.00ns)   --->   "%tmp = bitselect i1 @_ssdm_op_BitSelect.i1.i32.i32, i32 %kernel_size_read, i32 31" [cpu_functions.cpp:14]   --->   Operation 11 'bitselect' 'tmp' <Predicate = true> <Delay = 0.00>
ST_1 : Operation 12 [1/1] (2.55ns)   --->   "%sub_ln14 = sub i32 0, i32 %kernel_size_read" [cpu_functions.cpp:14]   --->   Operation 12 'sub' 'sub_ln14' <Predicate = true> <Delay = 2.55> <CoreInst = "Adder">   --->   Core 1 'Adder' <Latency = 0> <II = 1> <Delay = 2.55> <FuncUnit> <Opcode : 'add' 'sub'> <InPorts = 2> <OutPorts = 1>
ST_1 : Operation 13 [1/1] (0.00ns)   --->   "%lshr_ln14_3 = partselect i31 @_ssdm_op_PartSelect.i31.i32.i32.i32, i32 %sub_ln14, i32 1, i32 31" [cpu_functions.cpp:14]   --->   Operation 13 'partselect' 'lshr_ln14_3' <Predicate = true> <Delay = 0.00>
ST_1 : Operation 14 [1/1] (2.52ns)   --->   "%sub_ln14_2 = sub i31 0, i31 %lshr_ln14_3" [cpu_functions.cpp:14]   --->   Operation 14 'sub' 'sub_ln14_2' <Predicate = true> <Delay = 2.52> <CoreInst = "Adder">   --->   Core 1 'Adder' <Latency = 0> <II = 1> <Delay = 2.52> <FuncUnit> <Opcode : 'add' 'sub'> <InPorts = 2> <OutPorts = 1>
ST_1 : Operation 15 [1/1] (0.00ns)   --->   "%lshr_ln14_4 = partselect i31 @_ssdm_op_PartSelect.i31.i32.i32.i32, i32 %kernel_size_read, i32 1, i32 31" [cpu_functions.cpp:14]   --->   Operation 15 'partselect' 'lshr_ln14_4' <Predicate = true> <Delay = 0.00>
ST_1 : Operation 16 [1/1] (0.73ns)   --->   "%kernel_rad = select i1 %tmp, i31 %sub_ln14_2, i31 %lshr_ln14_4" [cpu_functions.cpp:14]   --->   Operation 16 'select' 'kernel_rad' <Predicate = true> <Delay = 0.73> <CoreInst = "Sel">   --->   Core 73 'Sel' <Latency = 0> <II = 1> <Delay = 0.73> <FuncUnit> <Opcode : 'select'> <InPorts = 3> <OutPorts = 1>
ST_1 : Operation 17 [2/2] (6.91ns)   --->   "%squared_kernel_size = mul i32 %kernel_size_read, i32 %kernel_size_read" [cpu_functions.cpp:19]   --->   Operation 17 'mul' 'squared_kernel_size' <Predicate = true> <Delay = 6.91> <CoreInst = "Multiplier">   --->   Core 3 'Multiplier' <Latency = 1> <II = 1> <Delay = 6.91> <FuncUnit> <Opcode : 'mul'> <InPorts = 2> <OutPorts = 1>
ST_1 : Operation 18 [2/2] (6.91ns)   --->   "%mul_ln21 = mul i32 %n_read, i32 %n_read" [cpu_functions.cpp:21]   --->   Operation 18 'mul' 'mul_ln21' <Predicate = true> <Delay = 6.91> <CoreInst = "Multiplier">   --->   Core 3 'Multiplier' <Latency = 1> <II = 1> <Delay = 6.91> <FuncUnit> <Opcode : 'mul'> <InPorts = 2> <OutPorts = 1>

State 2 <SV = 1> <Delay = 6.91>
ST_2 : Operation 19 [1/2] (6.91ns)   --->   "%squared_kernel_size = mul i32 %kernel_size_read, i32 %kernel_size_read" [cpu_functions.cpp:19]   --->   Operation 19 'mul' 'squared_kernel_size' <Predicate = true> <Delay = 6.91> <CoreInst = "Multiplier">   --->   Core 3 'Multiplier' <Latency = 1> <II = 1> <Delay = 6.91> <FuncUnit> <Opcode : 'mul'> <InPorts = 2> <OutPorts = 1>
ST_2 : Operation 20 [1/2] (6.91ns)   --->   "%mul_ln21 = mul i32 %n_read, i32 %n_read" [cpu_functions.cpp:21]   --->   Operation 20 'mul' 'mul_ln21' <Predicate = true> <Delay = 6.91> <CoreInst = "Multiplier">   --->   Core 3 'Multiplier' <Latency = 1> <II = 1> <Delay = 6.91> <FuncUnit> <Opcode : 'mul'> <InPorts = 2> <OutPorts = 1>

State 3 <SV = 2> <Delay = 6.91>
ST_3 : Operation 21 [1/1] (0.00ns)   --->   "%zext_ln12 = zext i32 %mul_ln21" [cpu_functions.cpp:12]   --->   Operation 21 'zext' 'zext_ln12' <Predicate = true> <Delay = 0.00>
ST_3 : Operation 22 [1/1] (0.00ns)   --->   "%zext_ln12_2 = zext i32 %squared_kernel_size" [cpu_functions.cpp:12]   --->   Operation 22 'zext' 'zext_ln12_2' <Predicate = true> <Delay = 0.00>
ST_3 : Operation 23 [2/2] (6.91ns)   --->   "%mul_ln12 = mul i64 %zext_ln12, i64 %zext_ln12_2" [cpu_functions.cpp:12]   --->   Operation 23 'mul' 'mul_ln12' <Predicate = true> <Delay = 6.91> <CoreInst = "Multiplier">   --->   Core 3 'Multiplier' <Latency = 1> <II = 1> <Delay = 6.91> <FuncUnit> <Opcode : 'mul'> <InPorts = 2> <OutPorts = 1>
ST_3 : Operation 24 [1/1] (2.55ns)   --->   "%icmp_ln21 = icmp_eq  i32 %mul_ln21, i32 0" [cpu_functions.cpp:21]   --->   Operation 24 'icmp' 'icmp_ln21' <Predicate = true> <Delay = 2.55> <CoreInst = "Cmp">   --->   Core 9 'Cmp' <Latency = 0> <II = 1> <Delay = 2.55> <FuncUnit> <Opcode : 'seteq' 'setne' 'setle' 'setge' 'setlt' 'setgt'> <InPorts = 2> <OutPorts = 1>

State 4 <SV = 3> <Delay = 6.91>
ST_4 : Operation 25 [1/2] (6.91ns)   --->   "%mul_ln12 = mul i64 %zext_ln12, i64 %zext_ln12_2" [cpu_functions.cpp:12]   --->   Operation 25 'mul' 'mul_ln12' <Predicate = true> <Delay = 6.91> <CoreInst = "Multiplier">   --->   Core 3 'Multiplier' <Latency = 1> <II = 1> <Delay = 6.91> <FuncUnit> <Opcode : 'mul'> <InPorts = 2> <OutPorts = 1>

State 5 <SV = 4> <Delay = 2.55>
ST_5 : Operation 26 [1/1] (0.00ns)   --->   "%kernel_read_2 = read i32 @_ssdm_op_Read.ap_auto.i32, i32 %kernel_read"   --->   Operation 26 'read' 'kernel_read_2' <Predicate = true> <Delay = 0.00>
ST_5 : Operation 27 [1/1] (0.00ns)   --->   "%A_read_3 = read i34 @_ssdm_op_Read.ap_auto.i34, i34 %A"   --->   Operation 27 'read' 'A_read_3' <Predicate = true> <Delay = 0.00>
ST_5 : Operation 28 [1/1] (0.00ns)   --->   "%A_read_4 = read i32 @_ssdm_op_Read.ap_auto.i32, i32 %A_read"   --->   Operation 28 'read' 'A_read_4' <Predicate = true> <Delay = 0.00>
ST_5 : Operation 29 [1/1] (2.55ns)   --->   "%add_ln31 = add i32 %n_read, i32 4294967295" [cpu_functions.cpp:31]   --->   Operation 29 'add' 'add_ln31' <Predicate = true> <Delay = 2.55> <CoreInst = "Adder">   --->   Core 1 'Adder' <Latency = 0> <II = 1> <Delay = 2.55> <FuncUnit> <Opcode : 'add' 'sub'> <InPorts = 2> <OutPorts = 1>
ST_5 : Operation 30 [1/1] (0.00ns)   --->   "%bitcast_ln35 = bitcast i32 %kernel_read_2" [cpu_functions.cpp:35]   --->   Operation 30 'bitcast' 'bitcast_ln35' <Predicate = true> <Delay = 0.00>
ST_5 : Operation 31 [1/1] (0.00ns)   --->   "%trunc_ln33 = trunc i34 %A_read_3" [cpu_functions.cpp:33]   --->   Operation 31 'trunc' 'trunc_ln33' <Predicate = true> <Delay = 0.00>
ST_5 : Operation 32 [2/2] (0.00ns)   --->   "%call_ln12 = call void @convolution_Pipeline_VITIS_LOOP_21_1_VITIS_LOOP_26_2, i64 %mul_ln12, i32 %squared_kernel_size, i32 %n_read, i32 %kernel_size_read, i31 %kernel_rad, i32 %add_ln31, i29 %trunc_ln33, i32 %A_read_4, i32 %bitcast_ln35, i32 %sum_loc" [cpu_functions.cpp:12]   --->   Operation 32 'call' 'call_ln12' <Predicate = true> <Delay = 0.00> <CoreType = "Generic">   --->   Generic Core

State 6 <SV = 5> <Delay = 0.00>
ST_6 : Operation 33 [1/2] (0.00ns)   --->   "%call_ln12 = call void @convolution_Pipeline_VITIS_LOOP_21_1_VITIS_LOOP_26_2, i64 %mul_ln12, i32 %squared_kernel_size, i32 %n_read, i32 %kernel_size_read, i31 %kernel_rad, i32 %add_ln31, i29 %trunc_ln33, i32 %A_read_4, i32 %bitcast_ln35, i32 %sum_loc" [cpu_functions.cpp:12]   --->   Operation 33 'call' 'call_ln12' <Predicate = true> <Delay = 0.00> <CoreType = "Generic">   --->   Generic Core

State 7 <SV = 6> <Delay = 0.00>
ST_7 : Operation 34 [1/1] (0.00ns)   --->   "%sum_loc_load = load i32 %sum_loc"   --->   Operation 34 'load' 'sum_loc_load' <Predicate = true> <Delay = 0.00>
ST_7 : Operation 35 [1/1] (0.00ns)   --->   "%bitcast_ln37 = bitcast i32 %sum_loc_load" [cpu_functions.cpp:37]   --->   Operation 35 'bitcast' 'bitcast_ln37' <Predicate = true> <Delay = 0.00>
ST_7 : Operation 36 [1/1] (0.00ns)   --->   "%br_ln21 = br i1 %icmp_ln21, void %for.end38.loopexit.split, void %for.end38" [cpu_functions.cpp:21]   --->   Operation 36 'br' 'br_ln21' <Predicate = true> <Delay = 0.00>
ST_7 : Operation 37 [1/1] (0.00ns)   --->   "%write_ln37 = write void @_ssdm_op_Write.ap_auto.i32P0A, i32 %B, i32 %bitcast_ln37" [cpu_functions.cpp:37]   --->   Operation 37 'write' 'write_ln37' <Predicate = (!icmp_ln21)> <Delay = 0.00>
ST_7 : Operation 38 [1/1] (0.00ns)   --->   "%br_ln39 = br void %for.end38" [cpu_functions.cpp:39]   --->   Operation 38 'br' 'br_ln39' <Predicate = (!icmp_ln21)> <Delay = 0.00>
ST_7 : Operation 39 [1/1] (0.00ns)   --->   "%ret_ln39 = ret" [cpu_functions.cpp:39]   --->   Operation 39 'ret' 'ret_ln39' <Predicate = true> <Delay = 0.00>


============================================================
+ Verbose Summary: Binding
============================================================
STG Binding: 
---------------- STG Properties BEGIN ----------------
- Is combinational: 0
- Is one-state seq: 0
- Is datapath-only: 0
- Is pipelined: 0
- Is top level: 0
Port [ Return ] is wired: 1; IO mode=ap_ctrl_hs:ce=0
Port [ A_read]:  wired=1; compound=0; hidden=0; nouse=0; global=0; static=0; extern=0; dir=0; type=0; pingpong=0; private_global=0; IO mode=ap_none:ce=0
Port [ A]:  wired=1; compound=0; hidden=0; nouse=0; global=0; static=0; extern=0; dir=0; type=0; pingpong=0; private_global=0; IO mode=ap_none:ce=0
Port [ B]:  wired=1; compound=0; hidden=0; nouse=0; global=0; static=0; extern=0; dir=1; type=0; pingpong=0; private_global=0; IO mode=ap_vld:ce=0
Port [ kernel_read]:  wired=1; compound=0; hidden=0; nouse=0; global=0; static=0; extern=0; dir=0; type=0; pingpong=0; private_global=0; IO mode=ap_none:ce=0
Port [ n]:  wired=1; compound=0; hidden=0; nouse=0; global=0; static=0; extern=0; dir=0; type=0; pingpong=0; private_global=0; IO mode=ap_none:ce=0
Port [ kernel_size]:  wired=1; compound=0; hidden=0; nouse=0; global=0; static=0; extern=0; dir=0; type=0; pingpong=0; private_global=0; IO mode=ap_none:ce=0
---------------- STG Properties END ------------------

---------------- Datapath Model BEGIN ----------------

<LifeTime>
<method=bitvector/>
kernel_size_read    (read      ) [ 00111110]
n_read              (read      ) [ 00111110]
sum_loc             (alloca    ) [ 00111111]
tmp                 (bitselect ) [ 00000000]
sub_ln14            (sub       ) [ 00000000]
lshr_ln14_3         (partselect) [ 00000000]
sub_ln14_2          (sub       ) [ 00000000]
lshr_ln14_4         (partselect) [ 00000000]
kernel_rad          (select    ) [ 00111110]
squared_kernel_size (mul       ) [ 00011110]
mul_ln21            (mul       ) [ 00010000]
zext_ln12           (zext      ) [ 00001000]
zext_ln12_2         (zext      ) [ 00001000]
icmp_ln21           (icmp      ) [ 00001111]
mul_ln12            (mul       ) [ 00000110]
kernel_read_2       (read      ) [ 00000000]
A_read_3            (read      ) [ 00000000]
A_read_4            (read      ) [ 00000010]
add_ln31            (add       ) [ 00000010]
bitcast_ln35        (bitcast   ) [ 00000010]
trunc_ln33          (trunc     ) [ 00000010]
call_ln12           (call      ) [ 00000000]
sum_loc_load        (load      ) [ 00000000]
bitcast_ln37        (bitcast   ) [ 00000000]
br_ln21             (br        ) [ 00000000]
write_ln37          (write     ) [ 00000000]
br_ln39             (br        ) [ 00000000]
ret_ln39            (ret       ) [ 00000000]
</LifeTime>

<model>

<comp_list>
<comp id="0" class="1000" name="A_read">
<pin_list>
<pin id="1" dir="1" index="0" bw="1" slack="0"/>
</pin_list>
<bind>
<StgValue><ssdm name="A_read"/></StgValue>
</bind>
</comp>

<comp id="2" class="1000" name="A">
<pin_list>
<pin id="3" dir="1" index="0" bw="1" slack="0"/>
</pin_list>
<bind>
<StgValue><ssdm name="A"/></StgValue>
</bind>
</comp>

<comp id="4" class="1000" name="B">
<pin_list>
<pin id="5" dir="1" index="0" bw="1" slack="0"/>
</pin_list>
<bind>
<StgValue><ssdm name="B"/></StgValue>
</bind>
</comp>

<comp id="6" class="1000" name="kernel_read">
<pin_list>
<pin id="7" dir="1" index="0" bw="1" slack="0"/>
</pin_list>
<bind>
<StgValue><ssdm name="kernel_read"/></StgValue>
</bind>
</comp>

<comp id="8" class="1000" name="n">
<pin_list>
<pin id="9" dir="1" index="0" bw="1" slack="0"/>
</pin_list>
<bind>
<StgValue><ssdm name="n"/></StgValue>
</bind>
</comp>

<comp id="10" class="1000" name="kernel_size">
<pin_list>
<pin id="11" dir="1" index="0" bw="1" slack="0"/>
</pin_list>
<bind>
<StgValue><ssdm name="kernel_size"/></StgValue>
</bind>
</comp>

<comp id="12" class="1001" name="const_12">
<pin_list>
<pin id="13" dir="1" index="0" bw="1" slack="0"/>
</pin_list>
<bind>
<StgValue><ssdm name="_ssdm_op_Read.ap_auto.i32"/></StgValue>
</bind>
</comp>

<comp id="14" class="1001" name="const_14">
<pin_list>
<pin id="15" dir="1" index="0" bw="1" slack="0"/>
</pin_list>
<bind>
<StgValue><ssdm name=""/></StgValue>
</bind>
</comp>

<comp id="16" class="1001" name="const_16">
<pin_list>
<pin id="17" dir="1" index="0" bw="1" slack="0"/>
</pin_list>
<bind>
<StgValue><ssdm name="_ssdm_op_BitSelect.i1.i32.i32"/></StgValue>
</bind>
</comp>

<comp id="18" class="1001" name="const_18">
<pin_list>
<pin id="19" dir="1" index="0" bw="1" slack="0"/>
</pin_list>
<bind>
<StgValue><ssdm name=""/></StgValue>
</bind>
</comp>

<comp id="20" class="1001" name="const_20">
<pin_list>
<pin id="21" dir="1" index="0" bw="1" slack="0"/>
</pin_list>
<bind>
<StgValue><ssdm name=""/></StgValue>
</bind>
</comp>

<comp id="22" class="1001" name="const_22">
<pin_list>
<pin id="23" dir="1" index="0" bw="1" slack="0"/>
</pin_list>
<bind>
<StgValue><ssdm name="_ssdm_op_PartSelect.i31.i32.i32.i32"/></StgValue>
</bind>
</comp>

<comp id="24" class="1001" name="const_24">
<pin_list>
<pin id="25" dir="1" index="0" bw="1" slack="0"/>
</pin_list>
<bind>
<StgValue><ssdm name=""/></StgValue>
</bind>
</comp>

<comp id="26" class="1001" name="const_26">
<pin_list>
<pin id="27" dir="1" index="0" bw="1" slack="0"/>
</pin_list>
<bind>
<StgValue><ssdm name=""/></StgValue>
</bind>
</comp>

<comp id="28" class="1001" name="const_28">
<pin_list>
<pin id="29" dir="1" index="0" bw="1" slack="0"/>
</pin_list>
<bind>
<StgValue><ssdm name="_ssdm_op_Read.ap_auto.i34"/></StgValue>
</bind>
</comp>

<comp id="30" class="1001" name="const_30">
<pin_list>
<pin id="31" dir="1" index="0" bw="1" slack="0"/>
</pin_list>
<bind>
<StgValue><ssdm name=""/></StgValue>
</bind>
</comp>

<comp id="32" class="1001" name="const_32">
<pin_list>
<pin id="33" dir="1" index="0" bw="1" slack="0"/>
</pin_list>
<bind>
<StgValue><ssdm name="convolution_Pipeline_VITIS_LOOP_21_1_VITIS_LOOP_26_2"/></StgValue>
</bind>
</comp>

<comp id="34" class="1001" name="const_34">
<pin_list>
<pin id="35" dir="1" index="0" bw="1" slack="0"/>
</pin_list>
<bind>
<StgValue><ssdm name="_ssdm_op_Write.ap_auto.i32P0A"/></StgValue>
</bind>
</comp>

<comp id="36" class="1004" name="sum_loc_fu_36">
<pin_list>
<pin id="37" dir="0" index="0" bw="1" slack="0"/>
<pin id="38" dir="1" index="1" bw="32" slack="4"/>
</pin_list>
<bind>
<opcode="alloca(26) " fcode="alloca"/>
<opset="sum_loc/1 "/>
</bind>
</comp>

<comp id="40" class="1004" name="kernel_size_read_read_fu_40">
<pin_list>
<pin id="41" dir="0" index="0" bw="32" slack="0"/>
<pin id="42" dir="0" index="1" bw="32" slack="0"/>
<pin id="43" dir="1" index="2" bw="32" slack="0"/>
</pin_list>
<bind>
<opcode="read(1150) " fcode="read"/>
<opset="kernel_size_read/1 "/>
</bind>
</comp>

<comp id="46" class="1004" name="n_read_read_fu_46">
<pin_list>
<pin id="47" dir="0" index="0" bw="32" slack="0"/>
<pin id="48" dir="0" index="1" bw="32" slack="0"/>
<pin id="49" dir="1" index="2" bw="32" slack="0"/>
</pin_list>
<bind>
<opcode="read(1150) " fcode="read"/>
<opset="n_read/1 "/>
</bind>
</comp>

<comp id="52" class="1004" name="kernel_read_2_read_fu_52">
<pin_list>
<pin id="53" dir="0" index="0" bw="32" slack="0"/>
<pin id="54" dir="0" index="1" bw="32" slack="0"/>
<pin id="55" dir="1" index="2" bw="32" slack="0"/>
</pin_list>
<bind>
<opcode="read(1150) " fcode="read"/>
<opset="kernel_read_2/5 "/>
</bind>
</comp>

<comp id="58" class="1004" name="A_read_3_read_fu_58">
<pin_list>
<pin id="59" dir="0" index="0" bw="34" slack="0"/>
<pin id="60" dir="0" index="1" bw="34" slack="0"/>
<pin id="61" dir="1" index="2" bw="34" slack="0"/>
</pin_list>
<bind>
<opcode="read(1150) " fcode="read"/>
<opset="A_read_3/5 "/>
</bind>
</comp>

<comp id="64" class="1004" name="A_read_4_read_fu_64">
<pin_list>
<pin id="65" dir="0" index="0" bw="32" slack="0"/>
<pin id="66" dir="0" index="1" bw="32" slack="0"/>
<pin id="67" dir="1" index="2" bw="32" slack="0"/>
</pin_list>
<bind>
<opcode="read(1150) " fcode="read"/>
<opset="A_read_4/5 "/>
</bind>
</comp>

<comp id="70" class="1004" name="write_ln37_write_fu_70">
<pin_list>
<pin id="71" dir="0" index="0" bw="0" slack="0"/>
<pin id="72" dir="0" index="1" bw="32" slack="0"/>
<pin id="73" dir="0" index="2" bw="32" slack="0"/>
<pin id="74" dir="1" index="3" bw="0" slack="2147483647"/>
</pin_list>
<bind>
<opcode="write(1151) " fcode="write"/>
<opset="write_ln37/7 "/>
</bind>
</comp>

<comp id="77" class="1004" name="grp_convolution_Pipeline_VITIS_LOOP_21_1_VITIS_LOOP_26_2_fu_77">
<pin_list>
<pin id="78" dir="0" index="0" bw="0" slack="0"/>
<pin id="79" dir="0" index="1" bw="64" slack="1"/>
<pin id="80" dir="0" index="2" bw="32" slack="3"/>
<pin id="81" dir="0" index="3" bw="32" slack="4"/>
<pin id="82" dir="0" index="4" bw="32" slack="4"/>
<pin id="83" dir="0" index="5" bw="31" slack="4"/>
<pin id="84" dir="0" index="6" bw="32" slack="0"/>
<pin id="85" dir="0" index="7" bw="29" slack="0"/>
<pin id="86" dir="0" index="8" bw="32" slack="0"/>
<pin id="87" dir="0" index="9" bw="32" slack="0"/>
<pin id="88" dir="0" index="10" bw="32" slack="4"/>
<pin id="89" dir="1" index="11" bw="0" slack="2147483647"/>
</pin_list>
<bind>
<opcode="call(48) " fcode="call"/>
<opset="call_ln12/5 "/>
</bind>
</comp>

<comp id="92" class="1004" name="grp_fu_92">
<pin_list>
<pin id="93" dir="0" index="0" bw="32" slack="0"/>
<pin id="94" dir="0" index="1" bw="32" slack="0"/>
<pin id="95" dir="1" index="2" bw="64" slack="1"/>
</pin_list>
<bind>
<opcode="mul(12) " fcode="mul"/>
<opset="mul_ln12/3 "/>
</bind>
</comp>

<comp id="96" class="1004" name="grp_fu_96">
<pin_list>
<pin id="97" dir="0" index="0" bw="32" slack="0"/>
<pin id="98" dir="0" index="1" bw="32" slack="0"/>
<pin id="99" dir="1" index="2" bw="32" slack="1"/>
</pin_list>
<bind>
<opcode="mul(12) " fcode="mul"/>
<opset="squared_kernel_size/1 "/>
</bind>
</comp>

<comp id="102" class="1004" name="grp_fu_102">
<pin_list>
<pin id="103" dir="0" index="0" bw="32" slack="0"/>
<pin id="104" dir="0" index="1" bw="32" slack="0"/>
<pin id="105" dir="1" index="2" bw="32" slack="1"/>
</pin_list>
<bind>
<opcode="mul(12) " fcode="mul"/>
<opset="mul_ln21/1 mul_ln33/41 "/>
</bind>
</comp>

<comp id="108" class="1004" name="tmp_fu_108">
<pin_list>
<pin id="109" dir="0" index="0" bw="1" slack="0"/>
<pin id="110" dir="0" index="1" bw="32" slack="0"/>
<pin id="111" dir="0" index="2" bw="6" slack="0"/>
<pin id="112" dir="1" index="3" bw="1" slack="0"/>
</pin_list>
<bind>
<opcode="bitselect(1000) " fcode="bitselect"/>
<opset="tmp/1 "/>
</bind>
</comp>

<comp id="116" class="1004" name="sub_ln14_fu_116">
<pin_list>
<pin id="117" dir="0" index="0" bw="1" slack="0"/>
<pin id="118" dir="0" index="1" bw="32" slack="0"/>
<pin id="119" dir="1" index="2" bw="32" slack="0"/>
</pin_list>
<bind>
<opcode="sub(10) " fcode="sub"/>
<opset="sub_ln14/1 "/>
</bind>
</comp>

<comp id="122" class="1004" name="lshr_ln14_3_fu_122">
<pin_list>
<pin id="123" dir="0" index="0" bw="31" slack="0"/>
<pin id="124" dir="0" index="1" bw="32" slack="0"/>
<pin id="125" dir="0" index="2" bw="1" slack="0"/>
<pin id="126" dir="0" index="3" bw="6" slack="0"/>
<pin id="127" dir="1" index="4" bw="31" slack="0"/>
</pin_list>
<bind>
<opcode="partselect(1002) " fcode="partselect"/>
<opset="lshr_ln14_3/1 "/>
</bind>
</comp>

<comp id="132" class="1004" name="sub_ln14_2_fu_132">
<pin_list>
<pin id="133" dir="0" index="0" bw="1" slack="0"/>
<pin id="134" dir="0" index="1" bw="31" slack="0"/>
<pin id="135" dir="1" index="2" bw="31" slack="0"/>
</pin_list>
<bind>
<opcode="sub(10) " fcode="sub"/>
<opset="sub_ln14_2/1 "/>
</bind>
</comp>

<comp id="138" class="1004" name="lshr_ln14_4_fu_138">
<pin_list>
<pin id="139" dir="0" index="0" bw="31" slack="0"/>
<pin id="140" dir="0" index="1" bw="32" slack="0"/>
<pin id="141" dir="0" index="2" bw="1" slack="0"/>
<pin id="142" dir="0" index="3" bw="6" slack="0"/>
<pin id="143" dir="1" index="4" bw="31" slack="0"/>
</pin_list>
<bind>
<opcode="partselect(1002) " fcode="partselect"/>
<opset="lshr_ln14_4/1 "/>
</bind>
</comp>

<comp id="148" class="1004" name="kernel_rad_fu_148">
<pin_list>
<pin id="149" dir="0" index="0" bw="1" slack="0"/>
<pin id="150" dir="0" index="1" bw="31" slack="0"/>
<pin id="151" dir="0" index="2" bw="31" slack="0"/>
<pin id="152" dir="1" index="3" bw="31" slack="4"/>
</pin_list>
<bind>
<opcode="select(49) " fcode="select"/>
<opset="kernel_rad/1 "/>
</bind>
</comp>

<comp id="156" class="1004" name="zext_ln12_fu_156">
<pin_list>
<pin id="157" dir="0" index="0" bw="32" slack="1"/>
<pin id="158" dir="1" index="1" bw="64" slack="0"/>
</pin_list>
<bind>
<opcode="zext(34) " fcode="zext"/>
<opset="zext_ln12/3 "/>
</bind>
</comp>

<comp id="160" class="1004" name="zext_ln12_2_fu_160">
<pin_list>
<pin id="161" dir="0" index="0" bw="32" slack="1"/>
<pin id="162" dir="1" index="1" bw="64" slack="0"/>
</pin_list>
<bind>
<opcode="zext(34) " fcode="zext"/>
<opset="zext_ln12_2/3 "/>
</bind>
</comp>

<comp id="164" class="1004" name="icmp_ln21_fu_164">
<pin_list>
<pin id="165" dir="0" index="0" bw="32" slack="1"/>
<pin id="166" dir="0" index="1" bw="32" slack="0"/>
<pin id="167" dir="1" index="2" bw="1" slack="4"/>
</pin_list>
<bind>
<opcode="icmp(45) " fcode="icmp"/>
<opset="icmp_ln21/3 "/>
</bind>
</comp>

<comp id="169" class="1004" name="add_ln31_fu_169">
<pin_list>
<pin id="170" dir="0" index="0" bw="32" slack="4"/>
<pin id="171" dir="0" index="1" bw="1" slack="0"/>
<pin id="172" dir="1" index="2" bw="32" slack="0"/>
</pin_list>
<bind>
<opcode="add(8) " fcode="add"/>
<opset="add_ln31/5 "/>
</bind>
</comp>

<comp id="175" class="1004" name="bitcast_ln35_fu_175">
<pin_list>
<pin id="176" dir="0" index="0" bw="32" slack="0"/>
<pin id="177" dir="1" index="1" bw="32" slack="0"/>
</pin_list>
<bind>
<opcode="bitcast(44) " fcode="bitcast"/>
<opset="bitcast_ln35/5 "/>
</bind>
</comp>

<comp id="180" class="1004" name="trunc_ln33_fu_180">
<pin_list>
<pin id="181" dir="0" index="0" bw="34" slack="0"/>
<pin id="182" dir="1" index="1" bw="29" slack="0"/>
</pin_list>
<bind>
<opcode="trunc(33) " fcode="trunc"/>
<opset="trunc_ln33/5 "/>
</bind>
</comp>

<comp id="185" class="1004" name="sum_loc_load_load_fu_185">
<pin_list>
<pin id="186" dir="0" index="0" bw="32" slack="6"/>
<pin id="187" dir="1" index="1" bw="32" slack="0"/>
</pin_list>
<bind>
<opcode="load(27) " fcode="load"/>
<opset="sum_loc_load/7 "/>
</bind>
</comp>

<comp id="188" class="1004" name="bitcast_ln37_fu_188">
<pin_list>
<pin id="189" dir="0" index="0" bw="32" slack="0"/>
<pin id="190" dir="1" index="1" bw="32" slack="0"/>
</pin_list>
<bind>
<opcode="bitcast(44) " fcode="bitcast"/>
<opset="bitcast_ln37/7 "/>
</bind>
</comp>

<comp id="193" class="1005" name="kernel_size_read_reg_193">
<pin_list>
<pin id="194" dir="0" index="0" bw="32" slack="1"/>
<pin id="195" dir="1" index="1" bw="32" slack="1"/>
</pin_list>
<bind>
<opset="kernel_size_read "/>
</bind>
</comp>

<comp id="200" class="1005" name="n_read_reg_200">
<pin_list>
<pin id="201" dir="0" index="0" bw="32" slack="1"/>
<pin id="202" dir="1" index="1" bw="32" slack="1"/>
</pin_list>
<bind>
<opset="n_read "/>
</bind>
</comp>

<comp id="208" class="1005" name="sum_loc_reg_208">
<pin_list>
<pin id="209" dir="0" index="0" bw="32" slack="4"/>
<pin id="210" dir="1" index="1" bw="32" slack="4"/>
</pin_list>
<bind>
<opset="sum_loc "/>
</bind>
</comp>

<comp id="214" class="1005" name="kernel_rad_reg_214">
<pin_list>
<pin id="215" dir="0" index="0" bw="31" slack="4"/>
<pin id="216" dir="1" index="1" bw="31" slack="4"/>
</pin_list>
<bind>
<opset="kernel_rad "/>
</bind>
</comp>

<comp id="219" class="1005" name="squared_kernel_size_reg_219">
<pin_list>
<pin id="220" dir="0" index="0" bw="32" slack="1"/>
<pin id="221" dir="1" index="1" bw="32" slack="1"/>
</pin_list>
<bind>
<opset="squared_kernel_size "/>
</bind>
</comp>

<comp id="225" class="1005" name="mul_ln21_reg_225">
<pin_list>
<pin id="226" dir="0" index="0" bw="32" slack="1"/>
<pin id="227" dir="1" index="1" bw="32" slack="1"/>
</pin_list>
<bind>
<opset="mul_ln21 "/>
</bind>
</comp>

<comp id="231" class="1005" name="zext_ln12_reg_231">
<pin_list>
<pin id="232" dir="0" index="0" bw="64" slack="1"/>
<pin id="233" dir="1" index="1" bw="64" slack="1"/>
</pin_list>
<bind>
<opset="zext_ln12 "/>
</bind>
</comp>

<comp id="236" class="1005" name="zext_ln12_2_reg_236">
<pin_list>
<pin id="237" dir="0" index="0" bw="64" slack="1"/>
<pin id="238" dir="1" index="1" bw="64" slack="1"/>
</pin_list>
<bind>
<opset="zext_ln12_2 "/>
</bind>
</comp>

<comp id="241" class="1005" name="icmp_ln21_reg_241">
<pin_list>
<pin id="242" dir="0" index="0" bw="1" slack="4"/>
<pin id="243" dir="1" index="1" bw="1" slack="2147483647"/>
</pin_list>
<bind>
<opset="icmp_ln21 "/>
</bind>
</comp>

<comp id="245" class="1005" name="mul_ln12_reg_245">
<pin_list>
<pin id="246" dir="0" index="0" bw="64" slack="1"/>
<pin id="247" dir="1" index="1" bw="64" slack="1"/>
</pin_list>
<bind>
<opset="mul_ln12 "/>
</bind>
</comp>

<comp id="250" class="1005" name="A_read_4_reg_250">
<pin_list>
<pin id="251" dir="0" index="0" bw="32" slack="1"/>
<pin id="252" dir="1" index="1" bw="32" slack="1"/>
</pin_list>
<bind>
<opset="A_read_4 "/>
</bind>
</comp>

<comp id="255" class="1005" name="add_ln31_reg_255">
<pin_list>
<pin id="256" dir="0" index="0" bw="32" slack="1"/>
<pin id="257" dir="1" index="1" bw="32" slack="1"/>
</pin_list>
<bind>
<opset="add_ln31 "/>
</bind>
</comp>

<comp id="260" class="1005" name="bitcast_ln35_reg_260">
<pin_list>
<pin id="261" dir="0" index="0" bw="32" slack="1"/>
<pin id="262" dir="1" index="1" bw="32" slack="1"/>
</pin_list>
<bind>
<opset="bitcast_ln35 "/>
</bind>
</comp>

<comp id="265" class="1005" name="trunc_ln33_reg_265">
<pin_list>
<pin id="266" dir="0" index="0" bw="29" slack="1"/>
<pin id="267" dir="1" index="1" bw="29" slack="1"/>
</pin_list>
<bind>
<opset="trunc_ln33 "/>
</bind>
</comp>

<comp id="270" class="1004" name="grp_fu_270">
<pin_list>
<pin id="271" dir="0" index="0" bw="32" slack="2147483647"/>
<pin id="272" dir="0" index="1" bw="32" slack="2147483647"/>
<pin id="273" dir="1" index="2" bw="32" slack="2147483647"/>
</pin_list>
<bind>
<opcode="fadd(9) " fcode="fadd"/>
<opset="sum_1/49 "/>
</bind>
</comp>

<comp id="274" class="1004" name="grp_fu_274">
<pin_list>
<pin id="275" dir="0" index="0" bw="32" slack="2147483647"/>
<pin id="276" dir="0" index="1" bw="32" slack="2147483647"/>
<pin id="277" dir="1" index="2" bw="32" slack="2147483647"/>
</pin_list>
<bind>
<opcode="fmul(13) " fcode="fmul"/>
<opset="mul/45 "/>
</bind>
</comp>

</comp_list>

<net_list>
<net id="39"><net_src comp="14" pin="0"/><net_sink comp="36" pin=0"/></net>

<net id="44"><net_src comp="12" pin="0"/><net_sink comp="40" pin=0"/></net>

<net id="45"><net_src comp="10" pin="0"/><net_sink comp="40" pin=1"/></net>

<net id="50"><net_src comp="12" pin="0"/><net_sink comp="46" pin=0"/></net>

<net id="51"><net_src comp="8" pin="0"/><net_sink comp="46" pin=1"/></net>

<net id="56"><net_src comp="12" pin="0"/><net_sink comp="52" pin=0"/></net>

<net id="57"><net_src comp="6" pin="0"/><net_sink comp="52" pin=1"/></net>

<net id="62"><net_src comp="28" pin="0"/><net_sink comp="58" pin=0"/></net>

<net id="63"><net_src comp="2" pin="0"/><net_sink comp="58" pin=1"/></net>

<net id="68"><net_src comp="12" pin="0"/><net_sink comp="64" pin=0"/></net>

<net id="69"><net_src comp="0" pin="0"/><net_sink comp="64" pin=1"/></net>

<net id="75"><net_src comp="34" pin="0"/><net_sink comp="70" pin=0"/></net>

<net id="76"><net_src comp="4" pin="0"/><net_sink comp="70" pin=1"/></net>

<net id="90"><net_src comp="32" pin="0"/><net_sink comp="77" pin=0"/></net>

<net id="91"><net_src comp="64" pin="2"/><net_sink comp="77" pin=8"/></net>

<net id="100"><net_src comp="40" pin="2"/><net_sink comp="96" pin=0"/></net>

<net id="101"><net_src comp="40" pin="2"/><net_sink comp="96" pin=1"/></net>

<net id="106"><net_src comp="46" pin="2"/><net_sink comp="102" pin=0"/></net>

<net id="107"><net_src comp="46" pin="2"/><net_sink comp="102" pin=1"/></net>

<net id="113"><net_src comp="16" pin="0"/><net_sink comp="108" pin=0"/></net>

<net id="114"><net_src comp="40" pin="2"/><net_sink comp="108" pin=1"/></net>

<net id="115"><net_src comp="18" pin="0"/><net_sink comp="108" pin=2"/></net>

<net id="120"><net_src comp="20" pin="0"/><net_sink comp="116" pin=0"/></net>

<net id="121"><net_src comp="40" pin="2"/><net_sink comp="116" pin=1"/></net>

<net id="128"><net_src comp="22" pin="0"/><net_sink comp="122" pin=0"/></net>

<net id="129"><net_src comp="116" pin="2"/><net_sink comp="122" pin=1"/></net>

<net id="130"><net_src comp="24" pin="0"/><net_sink comp="122" pin=2"/></net>

<net id="131"><net_src comp="18" pin="0"/><net_sink comp="122" pin=3"/></net>

<net id="136"><net_src comp="26" pin="0"/><net_sink comp="132" pin=0"/></net>

<net id="137"><net_src comp="122" pin="4"/><net_sink comp="132" pin=1"/></net>

<net id="144"><net_src comp="22" pin="0"/><net_sink comp="138" pin=0"/></net>

<net id="145"><net_src comp="40" pin="2"/><net_sink comp="138" pin=1"/></net>

<net id="146"><net_src comp="24" pin="0"/><net_sink comp="138" pin=2"/></net>

<net id="147"><net_src comp="18" pin="0"/><net_sink comp="138" pin=3"/></net>

<net id="153"><net_src comp="108" pin="3"/><net_sink comp="148" pin=0"/></net>

<net id="154"><net_src comp="132" pin="2"/><net_sink comp="148" pin=1"/></net>

<net id="155"><net_src comp="138" pin="4"/><net_sink comp="148" pin=2"/></net>

<net id="159"><net_src comp="156" pin="1"/><net_sink comp="92" pin=0"/></net>

<net id="163"><net_src comp="160" pin="1"/><net_sink comp="92" pin=1"/></net>

<net id="168"><net_src comp="20" pin="0"/><net_sink comp="164" pin=1"/></net>

<net id="173"><net_src comp="30" pin="0"/><net_sink comp="169" pin=1"/></net>

<net id="174"><net_src comp="169" pin="2"/><net_sink comp="77" pin=6"/></net>

<net id="178"><net_src comp="52" pin="2"/><net_sink comp="175" pin=0"/></net>

<net id="179"><net_src comp="175" pin="1"/><net_sink comp="77" pin=9"/></net>

<net id="183"><net_src comp="58" pin="2"/><net_sink comp="180" pin=0"/></net>

<net id="184"><net_src comp="180" pin="1"/><net_sink comp="77" pin=7"/></net>

<net id="191"><net_src comp="185" pin="1"/><net_sink comp="188" pin=0"/></net>

<net id="192"><net_src comp="188" pin="1"/><net_sink comp="70" pin=2"/></net>

<net id="196"><net_src comp="40" pin="2"/><net_sink comp="193" pin=0"/></net>

<net id="197"><net_src comp="193" pin="1"/><net_sink comp="96" pin=0"/></net>

<net id="198"><net_src comp="193" pin="1"/><net_sink comp="96" pin=1"/></net>

<net id="199"><net_src comp="193" pin="1"/><net_sink comp="77" pin=4"/></net>

<net id="203"><net_src comp="46" pin="2"/><net_sink comp="200" pin=0"/></net>

<net id="204"><net_src comp="200" pin="1"/><net_sink comp="102" pin=0"/></net>

<net id="205"><net_src comp="200" pin="1"/><net_sink comp="102" pin=1"/></net>

<net id="206"><net_src comp="200" pin="1"/><net_sink comp="169" pin=0"/></net>

<net id="207"><net_src comp="200" pin="1"/><net_sink comp="77" pin=3"/></net>

<net id="211"><net_src comp="36" pin="1"/><net_sink comp="208" pin=0"/></net>

<net id="212"><net_src comp="208" pin="1"/><net_sink comp="77" pin=10"/></net>

<net id="213"><net_src comp="208" pin="1"/><net_sink comp="185" pin=0"/></net>

<net id="217"><net_src comp="148" pin="3"/><net_sink comp="214" pin=0"/></net>

<net id="218"><net_src comp="214" pin="1"/><net_sink comp="77" pin=5"/></net>

<net id="222"><net_src comp="96" pin="2"/><net_sink comp="219" pin=0"/></net>

<net id="223"><net_src comp="219" pin="1"/><net_sink comp="160" pin=0"/></net>

<net id="224"><net_src comp="219" pin="1"/><net_sink comp="77" pin=2"/></net>

<net id="228"><net_src comp="102" pin="2"/><net_sink comp="225" pin=0"/></net>

<net id="229"><net_src comp="225" pin="1"/><net_sink comp="156" pin=0"/></net>

<net id="230"><net_src comp="225" pin="1"/><net_sink comp="164" pin=0"/></net>

<net id="234"><net_src comp="156" pin="1"/><net_sink comp="231" pin=0"/></net>

<net id="235"><net_src comp="231" pin="1"/><net_sink comp="92" pin=0"/></net>

<net id="239"><net_src comp="160" pin="1"/><net_sink comp="236" pin=0"/></net>

<net id="240"><net_src comp="236" pin="1"/><net_sink comp="92" pin=1"/></net>

<net id="244"><net_src comp="164" pin="2"/><net_sink comp="241" pin=0"/></net>

<net id="248"><net_src comp="92" pin="2"/><net_sink comp="245" pin=0"/></net>

<net id="249"><net_src comp="245" pin="1"/><net_sink comp="77" pin=1"/></net>

<net id="253"><net_src comp="64" pin="2"/><net_sink comp="250" pin=0"/></net>

<net id="254"><net_src comp="250" pin="1"/><net_sink comp="77" pin=8"/></net>

<net id="258"><net_src comp="169" pin="2"/><net_sink comp="255" pin=0"/></net>

<net id="259"><net_src comp="255" pin="1"/><net_sink comp="77" pin=6"/></net>

<net id="263"><net_src comp="175" pin="1"/><net_sink comp="260" pin=0"/></net>

<net id="264"><net_src comp="260" pin="1"/><net_sink comp="77" pin=9"/></net>

<net id="268"><net_src comp="180" pin="1"/><net_sink comp="265" pin=0"/></net>

<net id="269"><net_src comp="265" pin="1"/><net_sink comp="77" pin=7"/></net>

</net_list>

</model> 
---------------- Datapath Model END ------------------

* FSMD analyzer results:
  - Output states:
	Port: B | {7 }
 - Input state : 
	Port: convolution : A_read | {5 }
	Port: convolution : A | {5 }
	Port: convolution : B | {}
	Port: convolution : kernel_read | {5 }
	Port: convolution : n | {1 }
	Port: convolution : kernel_size | {1 }
  - Chain level:
	State 1
		lshr_ln14_3 : 1
		sub_ln14_2 : 2
		kernel_rad : 3
	State 2
	State 3
		mul_ln12 : 1
	State 4
	State 5
		call_ln12 : 1
	State 6
	State 7
		bitcast_ln37 : 1
		write_ln37 : 2


============================================================
+ Verbose Summary: Datapath Resource usage 
============================================================

* Functional unit list:
|----------|----------------------------------------------------------------|---------|---------|---------|---------|
| Operation|                         Functional Unit                        |   DSP   |  Delay  |    FF   |   LUT   |
|----------|----------------------------------------------------------------|---------|---------|---------|---------|
|   call   | grp_convolution_Pipeline_VITIS_LOOP_21_1_VITIS_LOOP_26_2_fu_77 |    8    |  1.588  |  10625  |   8521  |
|----------|----------------------------------------------------------------|---------|---------|---------|---------|
|          |                            grp_fu_92                           |    4    |    0    |   165   |    50   |
|    mul   |                            grp_fu_96                           |    3    |    0    |   165   |    50   |
|          |                           grp_fu_102                           |    3    |    0    |   165   |    50   |
|----------|----------------------------------------------------------------|---------|---------|---------|---------|
|   fadd   |                           grp_fu_270                           |    2    |    0    |   205   |   390   |
|----------|----------------------------------------------------------------|---------|---------|---------|---------|
|   fmul   |                           grp_fu_274                           |    3    |    0    |   143   |   321   |
|----------|----------------------------------------------------------------|---------|---------|---------|---------|
|    sub   |                         sub_ln14_fu_116                        |    0    |    0    |    0    |    39   |
|          |                        sub_ln14_2_fu_132                       |    0    |    0    |    0    |    38   |
|----------|----------------------------------------------------------------|---------|---------|---------|---------|
|   icmp   |                        icmp_ln21_fu_164                        |    0    |    0    |    0    |    39   |
|----------|----------------------------------------------------------------|---------|---------|---------|---------|
|    add   |                         add_ln31_fu_169                        |    0    |    0    |    0    |    39   |
|----------|----------------------------------------------------------------|---------|---------|---------|---------|
|  select  |                        kernel_rad_fu_148                       |    0    |    0    |    0    |    31   |
|----------|----------------------------------------------------------------|---------|---------|---------|---------|
|          |                   kernel_size_read_read_fu_40                  |    0    |    0    |    0    |    0    |
|          |                        n_read_read_fu_46                       |    0    |    0    |    0    |    0    |
|   read   |                    kernel_read_2_read_fu_52                    |    0    |    0    |    0    |    0    |
|          |                       A_read_3_read_fu_58                      |    0    |    0    |    0    |    0    |
|          |                       A_read_4_read_fu_64                      |    0    |    0    |    0    |    0    |
|----------|----------------------------------------------------------------|---------|---------|---------|---------|
|   write  |                     write_ln37_write_fu_70                     |    0    |    0    |    0    |    0    |
|----------|----------------------------------------------------------------|---------|---------|---------|---------|
| bitselect|                           tmp_fu_108                           |    0    |    0    |    0    |    0    |
|----------|----------------------------------------------------------------|---------|---------|---------|---------|
|partselect|                       lshr_ln14_3_fu_122                       |    0    |    0    |    0    |    0    |
|          |                       lshr_ln14_4_fu_138                       |    0    |    0    |    0    |    0    |
|----------|----------------------------------------------------------------|---------|---------|---------|---------|
|   zext   |                        zext_ln12_fu_156                        |    0    |    0    |    0    |    0    |
|          |                       zext_ln12_2_fu_160                       |    0    |    0    |    0    |    0    |
|----------|----------------------------------------------------------------|---------|---------|---------|---------|
|   trunc  |                        trunc_ln33_fu_180                       |    0    |    0    |    0    |    0    |
|----------|----------------------------------------------------------------|---------|---------|---------|---------|
|   Total  |                                                                |    23   |  1.588  |  11468  |   9568  |
|----------|----------------------------------------------------------------|---------|---------|---------|---------|

Memories:
N/A

* Register list:
+---------------------------+--------+
|                           |   FF   |
+---------------------------+--------+
|      A_read_4_reg_250     |   32   |
|      add_ln31_reg_255     |   32   |
|    bitcast_ln35_reg_260   |   32   |
|     icmp_ln21_reg_241     |    1   |
|     kernel_rad_reg_214    |   31   |
|  kernel_size_read_reg_193 |   32   |
|      mul_ln12_reg_245     |   64   |
|      mul_ln21_reg_225     |   32   |
|       n_read_reg_200      |   32   |
|squared_kernel_size_reg_219|   32   |
|      sum_loc_reg_208      |   32   |
|     trunc_ln33_reg_265    |   29   |
|    zext_ln12_2_reg_236    |   64   |
|     zext_ln12_reg_231     |   64   |
+---------------------------+--------+
|           Total           |   509  |
+---------------------------+--------+

* Multiplexer (MUX) list: 
|----------------------------------------------------------------|------|------|------|--------||---------||---------||---------|
|                              Comp                              |  Pin | Size |  BW  | S x BW ||  Delay  ||    FF   ||   LUT   |
|----------------------------------------------------------------|------|------|------|--------||---------||---------||---------|
| grp_convolution_Pipeline_VITIS_LOOP_21_1_VITIS_LOOP_26_2_fu_77 |  p6  |   2  |  32  |   64   ||    0    ||    9    |
| grp_convolution_Pipeline_VITIS_LOOP_21_1_VITIS_LOOP_26_2_fu_77 |  p7  |   2  |  29  |   58   ||    0    ||    9    |
| grp_convolution_Pipeline_VITIS_LOOP_21_1_VITIS_LOOP_26_2_fu_77 |  p8  |   2  |  32  |   64   ||    0    ||    9    |
| grp_convolution_Pipeline_VITIS_LOOP_21_1_VITIS_LOOP_26_2_fu_77 |  p9  |   2  |  32  |   64   ||    0    ||    9    |
|                            grp_fu_92                           |  p0  |   2  |  32  |   64   ||    0    ||    9    |
|                            grp_fu_92                           |  p1  |   2  |  32  |   64   ||    0    ||    9    |
|                            grp_fu_96                           |  p0  |   2  |  32  |   64   ||    0    ||    9    |
|                            grp_fu_96                           |  p1  |   2  |  32  |   64   ||    0    ||    9    |
|                           grp_fu_102                           |  p0  |   2  |  32  |   64   ||    0    ||    9    |
|                           grp_fu_102                           |  p1  |   2  |  32  |   64   ||    0    ||    9    |
|----------------------------------------------------------------|------|------|------|--------||---------||---------||---------|
|                              Total                             |      |      |      |   634  ||  15.88  ||    0    ||    90   |
|----------------------------------------------------------------|------|------|------|--------||---------||---------||---------|



* Summary:
+-----------+--------+--------+--------+--------+
|           |   DSP  |  Delay |   FF   |   LUT  |
+-----------+--------+--------+--------+--------+
|  Function |   23   |    1   |  11468 |  9568  |
|   Memory  |    -   |    -   |    -   |    -   |
|Multiplexer|    -   |   15   |    0   |   90   |
|  Register |    -   |    -   |   509  |    -   |
+-----------+--------+--------+--------+--------+
|   Total   |   23   |   17   |  11977 |  9658  |
+-----------+--------+--------+--------+--------+
