

================================================================
== Vitis HLS Report for 'convolution_Pipeline_VITIS_LOOP_21_1_VITIS_LOOP_26_2'
================================================================
* Date:           Mon May  4 21:47:29 2026

* Version:        2025.2 (Build 6295257 on Nov 14 2025)
* Project:        proj_cifar10_multiple
* Solution:       fsolution (Vivado IP Flow Target)
* Product family: zynq
* Target device:  xc7z020-clg484-1


================================================================
== Performance Estimates
================================================================
+ Timing: 
    * Summary: 
    +--------+----------+----------+------------+
    |  Clock |  Target  | Estimated| Uncertainty|
    +--------+----------+----------+------------+
    |ap_clk  |  10.00 ns|  7.256 ns|     2.70 ns|
    +--------+----------+----------+------------+

+ Latency: 
    * Summary: 
    +---------+---------+----------+----------+-----+-----+-------------------+
    |  Latency (cycles) |  Latency (absolute) |  Interval |      Pipeline     |
    |   min   |   max   |    min   |    max   | min | max |        Type       |
    +---------+---------+----------+----------+-----+-----+-------------------+
    |        ?|        ?|         ?|         ?|    0|    0|  loop pipeline stp|
    +---------+---------+----------+----------+-----+-----+-------------------+

    + Detail: 
        * Instance: 
        N/A

        * Loop: 
        +-----------------------------------+---------+---------+----------+-----------+-----------+------+----------+
        |                                   |  Latency (cycles) | Iteration|  Initiation Interval  | Trip |          |
        |             Loop Name             |   min   |   max   |  Latency |  achieved |   target  | Count| Pipelined|
        +-----------------------------------+---------+---------+----------+-----------+-----------+------+----------+
        |- VITIS_LOOP_21_1_VITIS_LOOP_26_2  |        ?|        ?|        53|          6|          1|     ?|       yes|
        +-----------------------------------+---------+---------+----------+-----------+-----------+------+----------+

============================================================
+ Verbose Summary: Synthesis Manager
============================================================
InlineROM: 1
ExposeGlobal: 0
============================================================
+ Verbose Summary: CDFG Model
============================================================
IsTopModel: 0
ResetActiveHigh: 1
IsCombinational: 0
IsDatapathOnly: 0
HasWiredReturn: 1
HasMFsm: 2
HasVarLatency: 1
IsPipeline: 0
IsRtlPipelined: 0
IsInstanceOverlapped: 0
IsDontTouch: 0
HasImplIP: 0
IsGatedGlobalClock: 0

+ Individual pipeline summary: 
  * Pipeline-0: initiation interval (II) = 6, depth = 54


============================================================
+ Verbose Summary: Schedule
============================================================
* Number of FSM states : 54
* Pipeline : 1
  Pipeline-0 : II = 6, D = 54, States = { 1 2 3 4 5 6 7 8 9 10 11 12 13 14 15 16 17 18 19 20 21 22 23 24 25 26 27 28 29 30 31 32 33 34 35 36 37 38 39 40 41 42 43 44 45 46 47 48 49 50 51 52 53 54 }
* Dataflow Pipeline: 0

* FSM state transitions: 
1 --> 2 
2 --> 3 
3 --> 4 
4 --> 5 
5 --> 6 
6 --> 7 
7 --> 8 
8 --> 9 
9 --> 10 
10 --> 11 
11 --> 12 
12 --> 13 
13 --> 14 
14 --> 15 
15 --> 16 
16 --> 17 
17 --> 18 
18 --> 19 
19 --> 20 
20 --> 21 
21 --> 22 
22 --> 23 
23 --> 24 
24 --> 25 
25 --> 26 
26 --> 27 
27 --> 28 
28 --> 29 
29 --> 30 
30 --> 31 
31 --> 32 
32 --> 33 
33 --> 34 
34 --> 35 
35 --> 36 
36 --> 37 
37 --> 38 
38 --> 39 
39 --> 40 
40 --> 41 
41 --> 42 
42 --> 43 
43 --> 44 
44 --> 45 
45 --> 46 
46 --> 47 
47 --> 48 
48 --> 49 
49 --> 50 
50 --> 51 
51 --> 52 
52 --> 53 
53 --> 54 
54 --> 

* FSM state operations: 

State 1 <SV = 0> <Delay = 1.58>
ST_1 : Operation 56 [1/1] (0.00ns)   --->   "%sum = alloca i32 1" [cpu_functions.cpp:16]   --->   Operation 56 'alloca' 'sum' <Predicate = true> <Delay = 0.00>
ST_1 : Operation 57 [1/1] (0.00ns)   --->   "%k = alloca i32 1" [cpu_functions.cpp:26]   --->   Operation 57 'alloca' 'k' <Predicate = true> <Delay = 0.00>
ST_1 : Operation 58 [1/1] (0.00ns)   --->   "%block = alloca i32 1" [cpu_functions.cpp:21]   --->   Operation 58 'alloca' 'block' <Predicate = true> <Delay = 0.00>
ST_1 : Operation 59 [1/1] (0.00ns)   --->   "%indvar_flatten = alloca i32 1"   --->   Operation 59 'alloca' 'indvar_flatten' <Predicate = true> <Delay = 0.00>
ST_1 : Operation 60 [1/1] (0.00ns)   --->   "%bitcast_ln35_read = read i32 @_ssdm_op_Read.ap_auto.float, i32 %bitcast_ln35"   --->   Operation 60 'read' 'bitcast_ln35_read' <Predicate = true> <Delay = 0.00>
ST_1 : Operation 61 [1/1] (0.00ns)   --->   "%A_read_1 = read i32 @_ssdm_op_Read.ap_auto.i32, i32 %A_read"   --->   Operation 61 'read' 'A_read_1' <Predicate = true> <Delay = 0.00>
ST_1 : Operation 62 [1/1] (0.00ns)   --->   "%tmp = read i29 @_ssdm_op_Read.ap_auto.i29, i29 %empty"   --->   Operation 62 'read' 'tmp' <Predicate = true> <Delay = 0.00>
ST_1 : Operation 63 [1/1] (0.00ns)   --->   "%add_ln31_read = read i32 @_ssdm_op_Read.ap_auto.i32, i32 %add_ln31"   --->   Operation 63 'read' 'add_ln31_read' <Predicate = true> <Delay = 0.00>
ST_1 : Operation 64 [1/1] (0.00ns)   --->   "%kernel_rad_read = read i31 @_ssdm_op_Read.ap_auto.i31, i31 %kernel_rad"   --->   Operation 64 'read' 'kernel_rad_read' <Predicate = true> <Delay = 0.00>
ST_1 : Operation 65 [1/1] (0.00ns)   --->   "%kernel_size_read = read i32 @_ssdm_op_Read.ap_auto.i32, i32 %kernel_size"   --->   Operation 65 'read' 'kernel_size_read' <Predicate = true> <Delay = 0.00>
ST_1 : Operation 66 [1/1] (0.00ns)   --->   "%n_read = read i32 @_ssdm_op_Read.ap_auto.i32, i32 %n"   --->   Operation 66 'read' 'n_read' <Predicate = true> <Delay = 0.00>
ST_1 : Operation 67 [1/1] (0.00ns)   --->   "%squared_kernel_size_read = read i32 @_ssdm_op_Read.ap_auto.i32, i32 %squared_kernel_size"   --->   Operation 67 'read' 'squared_kernel_size_read' <Predicate = true> <Delay = 0.00>
ST_1 : Operation 68 [1/1] (0.00ns)   --->   "%mul_ln12_read = read i64 @_ssdm_op_Read.ap_auto.i64, i64 %mul_ln12"   --->   Operation 68 'read' 'mul_ln12_read' <Predicate = true> <Delay = 0.00>
ST_1 : Operation 69 [1/1] (0.00ns)   --->   "%kernel_rad_cast = sext i31 %kernel_rad_read"   --->   Operation 69 'sext' 'kernel_rad_cast' <Predicate = true> <Delay = 0.00>
ST_1 : Operation 70 [1/1] (1.58ns)   --->   "%store_ln0 = store i64 0, i64 %indvar_flatten"   --->   Operation 70 'store' 'store_ln0' <Predicate = true> <Delay = 1.58>
ST_1 : Operation 71 [1/1] (1.58ns)   --->   "%store_ln21 = store i32 0, i32 %block" [cpu_functions.cpp:21]   --->   Operation 71 'store' 'store_ln21' <Predicate = true> <Delay = 1.58>
ST_1 : Operation 72 [1/1] (1.58ns)   --->   "%store_ln26 = store i32 0, i32 %k" [cpu_functions.cpp:26]   --->   Operation 72 'store' 'store_ln26' <Predicate = true> <Delay = 1.58>
ST_1 : Operation 73 [1/1] (1.58ns)   --->   "%store_ln16 = store i32 0, i32 %sum" [cpu_functions.cpp:16]   --->   Operation 73 'store' 'store_ln16' <Predicate = true> <Delay = 1.58>
ST_1 : Operation 74 [1/1] (0.00ns)   --->   "%br_ln0 = br void %for.body6"   --->   Operation 74 'br' 'br_ln0' <Predicate = true> <Delay = 0.00>

State 2 <SV = 1> <Delay = 5.10>
ST_2 : Operation 75 [1/1] (0.00ns)   --->   "%indvar_flatten_load = load i64 %indvar_flatten" [cpu_functions.cpp:21]   --->   Operation 75 'load' 'indvar_flatten_load' <Predicate = true> <Delay = 0.00>
ST_2 : Operation 76 [1/1] (3.52ns)   --->   "%icmp_ln21 = icmp_eq  i64 %indvar_flatten_load, i64 %mul_ln12_read" [cpu_functions.cpp:21]   --->   Operation 76 'icmp' 'icmp_ln21' <Predicate = true> <Delay = 3.52> <CoreInst = "Cmp">   --->   Core 9 'Cmp' <Latency = 0> <II = 1> <Delay = 3.52> <FuncUnit> <Opcode : 'seteq' 'setne' 'setle' 'setge' 'setlt' 'setgt'> <InPorts = 2> <OutPorts = 1>
ST_2 : Operation 77 [1/1] (3.52ns)   --->   "%add_ln21 = add i64 %indvar_flatten_load, i64 1" [cpu_functions.cpp:21]   --->   Operation 77 'add' 'add_ln21' <Predicate = true> <Delay = 3.52> <CoreInst = "Adder">   --->   Core 1 'Adder' <Latency = 0> <II = 1> <Delay = 3.52> <FuncUnit> <Opcode : 'add' 'sub'> <InPorts = 2> <OutPorts = 1>
ST_2 : Operation 78 [1/1] (0.00ns)   --->   "%br_ln21 = br i1 %icmp_ln21, void %for.inc36, void %for.end38.loopexit.exitStub" [cpu_functions.cpp:21]   --->   Operation 78 'br' 'br_ln21' <Predicate = true> <Delay = 0.00>
ST_2 : Operation 79 [1/1] (0.00ns)   --->   "%k_load = load i32 %k" [cpu_functions.cpp:26]   --->   Operation 79 'load' 'k_load' <Predicate = (!icmp_ln21)> <Delay = 0.00>
ST_2 : Operation 80 [1/1] (0.00ns)   --->   "%block_load = load i32 %block" [cpu_functions.cpp:21]   --->   Operation 80 'load' 'block_load' <Predicate = (!icmp_ln21)> <Delay = 0.00>
ST_2 : Operation 81 [1/1] (2.55ns)   --->   "%icmp_ln26 = icmp_eq  i32 %k_load, i32 %squared_kernel_size_read" [cpu_functions.cpp:26]   --->   Operation 81 'icmp' 'icmp_ln26' <Predicate = (!icmp_ln21)> <Delay = 2.55> <CoreInst = "Cmp">   --->   Core 9 'Cmp' <Latency = 0> <II = 1> <Delay = 2.55> <FuncUnit> <Opcode : 'seteq' 'setne' 'setle' 'setge' 'setlt' 'setgt'> <InPorts = 2> <OutPorts = 1>
ST_2 : Operation 82 [1/1] (2.55ns)   --->   "%add_ln21_1 = add i32 %block_load, i32 1" [cpu_functions.cpp:21]   --->   Operation 82 'add' 'add_ln21_1' <Predicate = (!icmp_ln21)> <Delay = 2.55> <CoreInst = "Adder">   --->   Core 1 'Adder' <Latency = 0> <II = 1> <Delay = 2.55> <FuncUnit> <Opcode : 'add' 'sub'> <InPorts = 2> <OutPorts = 1>
ST_2 : Operation 83 [1/1] (0.69ns)   --->   "%select_ln21_2 = select i1 %icmp_ln26, i32 %add_ln21_1, i32 %block_load" [cpu_functions.cpp:21]   --->   Operation 83 'select' 'select_ln21_2' <Predicate = (!icmp_ln21)> <Delay = 0.69> <CoreInst = "Sel">   --->   Core 73 'Sel' <Latency = 0> <II = 1> <Delay = 0.69> <FuncUnit> <Opcode : 'select'> <InPorts = 3> <OutPorts = 1>
ST_2 : Operation 84 [1/1] (1.58ns)   --->   "%store_ln21 = store i64 %add_ln21, i64 %indvar_flatten" [cpu_functions.cpp:21]   --->   Operation 84 'store' 'store_ln21' <Predicate = (!icmp_ln21)> <Delay = 1.58>
ST_2 : Operation 85 [1/1] (1.58ns)   --->   "%store_ln21 = store i32 %select_ln21_2, i32 %block" [cpu_functions.cpp:21]   --->   Operation 85 'store' 'store_ln21' <Predicate = (!icmp_ln21)> <Delay = 1.58>

State 3 <SV = 2> <Delay = 4.33>
ST_3 : Operation 86 [36/36] (4.33ns)   --->   "%x = udiv i32 %select_ln21_2, i32 %n_read" [cpu_functions.cpp:23]   --->   Operation 86 'udiv' 'x' <Predicate = (!icmp_ln21)> <Delay = 4.33> <CoreInst = "Divider">   --->   Core 6 'Divider' <Latency = 35> <II = 1> <Delay = 4.33> <FuncUnit> <Opcode : 'udiv' 'sdiv' 'urem' 'srem'> <InPorts = 2> <OutPorts = 1>

State 4 <SV = 3> <Delay = 5.03>
ST_4 : Operation 87 [1/1] (0.69ns)   --->   "%select_ln21 = select i1 %icmp_ln26, i32 0, i32 %k_load" [cpu_functions.cpp:21]   --->   Operation 87 'select' 'select_ln21' <Predicate = (!icmp_ln21)> <Delay = 0.69> <CoreInst = "Sel">   --->   Core 73 'Sel' <Latency = 0> <II = 1> <Delay = 0.69> <FuncUnit> <Opcode : 'select'> <InPorts = 3> <OutPorts = 1>
ST_4 : Operation 88 [35/36] (4.33ns)   --->   "%x = udiv i32 %select_ln21_2, i32 %n_read" [cpu_functions.cpp:23]   --->   Operation 88 'udiv' 'x' <Predicate = (!icmp_ln21)> <Delay = 4.33> <CoreInst = "Divider">   --->   Core 6 'Divider' <Latency = 35> <II = 1> <Delay = 4.33> <FuncUnit> <Opcode : 'udiv' 'sdiv' 'urem' 'srem'> <InPorts = 2> <OutPorts = 1>
ST_4 : Operation 89 [36/36] (4.33ns)   --->   "%udiv_ln29 = udiv i32 %select_ln21, i32 %kernel_size_read" [cpu_functions.cpp:29]   --->   Operation 89 'udiv' 'udiv_ln29' <Predicate = (!icmp_ln21)> <Delay = 4.33> <CoreInst = "Divider">   --->   Core 6 'Divider' <Latency = 35> <II = 1> <Delay = 4.33> <FuncUnit> <Opcode : 'udiv' 'sdiv' 'urem' 'srem'> <InPorts = 2> <OutPorts = 1>

State 5 <SV = 4> <Delay = 4.33>
ST_5 : Operation 90 [34/36] (4.33ns)   --->   "%x = udiv i32 %select_ln21_2, i32 %n_read" [cpu_functions.cpp:23]   --->   Operation 90 'udiv' 'x' <Predicate = (!icmp_ln21)> <Delay = 4.33> <CoreInst = "Divider">   --->   Core 6 'Divider' <Latency = 35> <II = 1> <Delay = 4.33> <FuncUnit> <Opcode : 'udiv' 'sdiv' 'urem' 'srem'> <InPorts = 2> <OutPorts = 1>
ST_5 : Operation 91 [36/36] (4.33ns)   --->   "%y = urem i32 %select_ln21_2, i32 %n_read" [cpu_functions.cpp:24]   --->   Operation 91 'urem' 'y' <Predicate = (!icmp_ln21)> <Delay = 4.33> <CoreInst = "Divider">   --->   Core 6 'Divider' <Latency = 35> <II = 1> <Delay = 4.33> <FuncUnit> <Opcode : 'udiv' 'sdiv' 'urem' 'srem'> <InPorts = 2> <OutPorts = 1>
ST_5 : Operation 92 [35/36] (4.33ns)   --->   "%udiv_ln29 = udiv i32 %select_ln21, i32 %kernel_size_read" [cpu_functions.cpp:29]   --->   Operation 92 'udiv' 'udiv_ln29' <Predicate = (!icmp_ln21)> <Delay = 4.33> <CoreInst = "Divider">   --->   Core 6 'Divider' <Latency = 35> <II = 1> <Delay = 4.33> <FuncUnit> <Opcode : 'udiv' 'sdiv' 'urem' 'srem'> <InPorts = 2> <OutPorts = 1>

State 6 <SV = 5> <Delay = 4.33>
ST_6 : Operation 93 [33/36] (4.33ns)   --->   "%x = udiv i32 %select_ln21_2, i32 %n_read" [cpu_functions.cpp:23]   --->   Operation 93 'udiv' 'x' <Predicate = (!icmp_ln21)> <Delay = 4.33> <CoreInst = "Divider">   --->   Core 6 'Divider' <Latency = 35> <II = 1> <Delay = 4.33> <FuncUnit> <Opcode : 'udiv' 'sdiv' 'urem' 'srem'> <InPorts = 2> <OutPorts = 1>
ST_6 : Operation 94 [35/36] (4.33ns)   --->   "%y = urem i32 %select_ln21_2, i32 %n_read" [cpu_functions.cpp:24]   --->   Operation 94 'urem' 'y' <Predicate = (!icmp_ln21)> <Delay = 4.33> <CoreInst = "Divider">   --->   Core 6 'Divider' <Latency = 35> <II = 1> <Delay = 4.33> <FuncUnit> <Opcode : 'udiv' 'sdiv' 'urem' 'srem'> <InPorts = 2> <OutPorts = 1>
ST_6 : Operation 95 [34/36] (4.33ns)   --->   "%udiv_ln29 = udiv i32 %select_ln21, i32 %kernel_size_read" [cpu_functions.cpp:29]   --->   Operation 95 'udiv' 'udiv_ln29' <Predicate = (!icmp_ln21)> <Delay = 4.33> <CoreInst = "Divider">   --->   Core 6 'Divider' <Latency = 35> <II = 1> <Delay = 4.33> <FuncUnit> <Opcode : 'udiv' 'sdiv' 'urem' 'srem'> <InPorts = 2> <OutPorts = 1>
ST_6 : Operation 96 [36/36] (4.33ns)   --->   "%urem_ln30 = urem i32 %select_ln21, i32 %kernel_size_read" [cpu_functions.cpp:30]   --->   Operation 96 'urem' 'urem_ln30' <Predicate = (!icmp_ln21)> <Delay = 4.33> <CoreInst = "Divider">   --->   Core 6 'Divider' <Latency = 35> <II = 1> <Delay = 4.33> <FuncUnit> <Opcode : 'udiv' 'sdiv' 'urem' 'srem'> <InPorts = 2> <OutPorts = 1>

State 7 <SV = 6> <Delay = 4.33>
ST_7 : Operation 97 [32/36] (4.33ns)   --->   "%x = udiv i32 %select_ln21_2, i32 %n_read" [cpu_functions.cpp:23]   --->   Operation 97 'udiv' 'x' <Predicate = (!icmp_ln21)> <Delay = 4.33> <CoreInst = "Divider">   --->   Core 6 'Divider' <Latency = 35> <II = 1> <Delay = 4.33> <FuncUnit> <Opcode : 'udiv' 'sdiv' 'urem' 'srem'> <InPorts = 2> <OutPorts = 1>
ST_7 : Operation 98 [34/36] (4.33ns)   --->   "%y = urem i32 %select_ln21_2, i32 %n_read" [cpu_functions.cpp:24]   --->   Operation 98 'urem' 'y' <Predicate = (!icmp_ln21)> <Delay = 4.33> <CoreInst = "Divider">   --->   Core 6 'Divider' <Latency = 35> <II = 1> <Delay = 4.33> <FuncUnit> <Opcode : 'udiv' 'sdiv' 'urem' 'srem'> <InPorts = 2> <OutPorts = 1>
ST_7 : Operation 99 [33/36] (4.33ns)   --->   "%udiv_ln29 = udiv i32 %select_ln21, i32 %kernel_size_read" [cpu_functions.cpp:29]   --->   Operation 99 'udiv' 'udiv_ln29' <Predicate = (!icmp_ln21)> <Delay = 4.33> <CoreInst = "Divider">   --->   Core 6 'Divider' <Latency = 35> <II = 1> <Delay = 4.33> <FuncUnit> <Opcode : 'udiv' 'sdiv' 'urem' 'srem'> <InPorts = 2> <OutPorts = 1>
ST_7 : Operation 100 [35/36] (4.33ns)   --->   "%urem_ln30 = urem i32 %select_ln21, i32 %kernel_size_read" [cpu_functions.cpp:30]   --->   Operation 100 'urem' 'urem_ln30' <Predicate = (!icmp_ln21)> <Delay = 4.33> <CoreInst = "Divider">   --->   Core 6 'Divider' <Latency = 35> <II = 1> <Delay = 4.33> <FuncUnit> <Opcode : 'udiv' 'sdiv' 'urem' 'srem'> <InPorts = 2> <OutPorts = 1>
ST_7 : Operation 101 [1/1] (2.55ns)   --->   "%k_1 = add i32 %select_ln21, i32 1" [cpu_functions.cpp:26]   --->   Operation 101 'add' 'k_1' <Predicate = (!icmp_ln21)> <Delay = 2.55> <CoreInst = "Adder">   --->   Core 1 'Adder' <Latency = 0> <II = 1> <Delay = 2.55> <FuncUnit> <Opcode : 'add' 'sub'> <InPorts = 2> <OutPorts = 1>
ST_7 : Operation 102 [1/1] (1.58ns)   --->   "%store_ln26 = store i32 %k_1, i32 %k" [cpu_functions.cpp:26]   --->   Operation 102 'store' 'store_ln26' <Predicate = (!icmp_ln21)> <Delay = 1.58>

State 8 <SV = 7> <Delay = 4.33>
ST_8 : Operation 103 [31/36] (4.33ns)   --->   "%x = udiv i32 %select_ln21_2, i32 %n_read" [cpu_functions.cpp:23]   --->   Operation 103 'udiv' 'x' <Predicate = true> <Delay = 4.33> <CoreInst = "Divider">   --->   Core 6 'Divider' <Latency = 35> <II = 1> <Delay = 4.33> <FuncUnit> <Opcode : 'udiv' 'sdiv' 'urem' 'srem'> <InPorts = 2> <OutPorts = 1>
ST_8 : Operation 104 [33/36] (4.33ns)   --->   "%y = urem i32 %select_ln21_2, i32 %n_read" [cpu_functions.cpp:24]   --->   Operation 104 'urem' 'y' <Predicate = true> <Delay = 4.33> <CoreInst = "Divider">   --->   Core 6 'Divider' <Latency = 35> <II = 1> <Delay = 4.33> <FuncUnit> <Opcode : 'udiv' 'sdiv' 'urem' 'srem'> <InPorts = 2> <OutPorts = 1>
ST_8 : Operation 105 [32/36] (4.33ns)   --->   "%udiv_ln29 = udiv i32 %select_ln21, i32 %kernel_size_read" [cpu_functions.cpp:29]   --->   Operation 105 'udiv' 'udiv_ln29' <Predicate = true> <Delay = 4.33> <CoreInst = "Divider">   --->   Core 6 'Divider' <Latency = 35> <II = 1> <Delay = 4.33> <FuncUnit> <Opcode : 'udiv' 'sdiv' 'urem' 'srem'> <InPorts = 2> <OutPorts = 1>
ST_8 : Operation 106 [34/36] (4.33ns)   --->   "%urem_ln30 = urem i32 %select_ln21, i32 %kernel_size_read" [cpu_functions.cpp:30]   --->   Operation 106 'urem' 'urem_ln30' <Predicate = true> <Delay = 4.33> <CoreInst = "Divider">   --->   Core 6 'Divider' <Latency = 35> <II = 1> <Delay = 4.33> <FuncUnit> <Opcode : 'udiv' 'sdiv' 'urem' 'srem'> <InPorts = 2> <OutPorts = 1>

State 9 <SV = 8> <Delay = 4.33>
ST_9 : Operation 107 [30/36] (4.33ns)   --->   "%x = udiv i32 %select_ln21_2, i32 %n_read" [cpu_functions.cpp:23]   --->   Operation 107 'udiv' 'x' <Predicate = true> <Delay = 4.33> <CoreInst = "Divider">   --->   Core 6 'Divider' <Latency = 35> <II = 1> <Delay = 4.33> <FuncUnit> <Opcode : 'udiv' 'sdiv' 'urem' 'srem'> <InPorts = 2> <OutPorts = 1>
ST_9 : Operation 108 [32/36] (4.33ns)   --->   "%y = urem i32 %select_ln21_2, i32 %n_read" [cpu_functions.cpp:24]   --->   Operation 108 'urem' 'y' <Predicate = true> <Delay = 4.33> <CoreInst = "Divider">   --->   Core 6 'Divider' <Latency = 35> <II = 1> <Delay = 4.33> <FuncUnit> <Opcode : 'udiv' 'sdiv' 'urem' 'srem'> <InPorts = 2> <OutPorts = 1>
ST_9 : Operation 109 [31/36] (4.33ns)   --->   "%udiv_ln29 = udiv i32 %select_ln21, i32 %kernel_size_read" [cpu_functions.cpp:29]   --->   Operation 109 'udiv' 'udiv_ln29' <Predicate = true> <Delay = 4.33> <CoreInst = "Divider">   --->   Core 6 'Divider' <Latency = 35> <II = 1> <Delay = 4.33> <FuncUnit> <Opcode : 'udiv' 'sdiv' 'urem' 'srem'> <InPorts = 2> <OutPorts = 1>
ST_9 : Operation 110 [33/36] (4.33ns)   --->   "%urem_ln30 = urem i32 %select_ln21, i32 %kernel_size_read" [cpu_functions.cpp:30]   --->   Operation 110 'urem' 'urem_ln30' <Predicate = true> <Delay = 4.33> <CoreInst = "Divider">   --->   Core 6 'Divider' <Latency = 35> <II = 1> <Delay = 4.33> <FuncUnit> <Opcode : 'udiv' 'sdiv' 'urem' 'srem'> <InPorts = 2> <OutPorts = 1>

State 10 <SV = 9> <Delay = 4.33>
ST_10 : Operation 111 [29/36] (4.33ns)   --->   "%x = udiv i32 %select_ln21_2, i32 %n_read" [cpu_functions.cpp:23]   --->   Operation 111 'udiv' 'x' <Predicate = true> <Delay = 4.33> <CoreInst = "Divider">   --->   Core 6 'Divider' <Latency = 35> <II = 1> <Delay = 4.33> <FuncUnit> <Opcode : 'udiv' 'sdiv' 'urem' 'srem'> <InPorts = 2> <OutPorts = 1>
ST_10 : Operation 112 [31/36] (4.33ns)   --->   "%y = urem i32 %select_ln21_2, i32 %n_read" [cpu_functions.cpp:24]   --->   Operation 112 'urem' 'y' <Predicate = true> <Delay = 4.33> <CoreInst = "Divider">   --->   Core 6 'Divider' <Latency = 35> <II = 1> <Delay = 4.33> <FuncUnit> <Opcode : 'udiv' 'sdiv' 'urem' 'srem'> <InPorts = 2> <OutPorts = 1>
ST_10 : Operation 113 [30/36] (4.33ns)   --->   "%udiv_ln29 = udiv i32 %select_ln21, i32 %kernel_size_read" [cpu_functions.cpp:29]   --->   Operation 113 'udiv' 'udiv_ln29' <Predicate = true> <Delay = 4.33> <CoreInst = "Divider">   --->   Core 6 'Divider' <Latency = 35> <II = 1> <Delay = 4.33> <FuncUnit> <Opcode : 'udiv' 'sdiv' 'urem' 'srem'> <InPorts = 2> <OutPorts = 1>
ST_10 : Operation 114 [32/36] (4.33ns)   --->   "%urem_ln30 = urem i32 %select_ln21, i32 %kernel_size_read" [cpu_functions.cpp:30]   --->   Operation 114 'urem' 'urem_ln30' <Predicate = true> <Delay = 4.33> <CoreInst = "Divider">   --->   Core 6 'Divider' <Latency = 35> <II = 1> <Delay = 4.33> <FuncUnit> <Opcode : 'udiv' 'sdiv' 'urem' 'srem'> <InPorts = 2> <OutPorts = 1>

State 11 <SV = 10> <Delay = 4.33>
ST_11 : Operation 115 [28/36] (4.33ns)   --->   "%x = udiv i32 %select_ln21_2, i32 %n_read" [cpu_functions.cpp:23]   --->   Operation 115 'udiv' 'x' <Predicate = true> <Delay = 4.33> <CoreInst = "Divider">   --->   Core 6 'Divider' <Latency = 35> <II = 1> <Delay = 4.33> <FuncUnit> <Opcode : 'udiv' 'sdiv' 'urem' 'srem'> <InPorts = 2> <OutPorts = 1>
ST_11 : Operation 116 [30/36] (4.33ns)   --->   "%y = urem i32 %select_ln21_2, i32 %n_read" [cpu_functions.cpp:24]   --->   Operation 116 'urem' 'y' <Predicate = true> <Delay = 4.33> <CoreInst = "Divider">   --->   Core 6 'Divider' <Latency = 35> <II = 1> <Delay = 4.33> <FuncUnit> <Opcode : 'udiv' 'sdiv' 'urem' 'srem'> <InPorts = 2> <OutPorts = 1>
ST_11 : Operation 117 [29/36] (4.33ns)   --->   "%udiv_ln29 = udiv i32 %select_ln21, i32 %kernel_size_read" [cpu_functions.cpp:29]   --->   Operation 117 'udiv' 'udiv_ln29' <Predicate = true> <Delay = 4.33> <CoreInst = "Divider">   --->   Core 6 'Divider' <Latency = 35> <II = 1> <Delay = 4.33> <FuncUnit> <Opcode : 'udiv' 'sdiv' 'urem' 'srem'> <InPorts = 2> <OutPorts = 1>
ST_11 : Operation 118 [31/36] (4.33ns)   --->   "%urem_ln30 = urem i32 %select_ln21, i32 %kernel_size_read" [cpu_functions.cpp:30]   --->   Operation 118 'urem' 'urem_ln30' <Predicate = true> <Delay = 4.33> <CoreInst = "Divider">   --->   Core 6 'Divider' <Latency = 35> <II = 1> <Delay = 4.33> <FuncUnit> <Opcode : 'udiv' 'sdiv' 'urem' 'srem'> <InPorts = 2> <OutPorts = 1>

State 12 <SV = 11> <Delay = 4.33>
ST_12 : Operation 119 [27/36] (4.33ns)   --->   "%x = udiv i32 %select_ln21_2, i32 %n_read" [cpu_functions.cpp:23]   --->   Operation 119 'udiv' 'x' <Predicate = true> <Delay = 4.33> <CoreInst = "Divider">   --->   Core 6 'Divider' <Latency = 35> <II = 1> <Delay = 4.33> <FuncUnit> <Opcode : 'udiv' 'sdiv' 'urem' 'srem'> <InPorts = 2> <OutPorts = 1>
ST_12 : Operation 120 [29/36] (4.33ns)   --->   "%y = urem i32 %select_ln21_2, i32 %n_read" [cpu_functions.cpp:24]   --->   Operation 120 'urem' 'y' <Predicate = true> <Delay = 4.33> <CoreInst = "Divider">   --->   Core 6 'Divider' <Latency = 35> <II = 1> <Delay = 4.33> <FuncUnit> <Opcode : 'udiv' 'sdiv' 'urem' 'srem'> <InPorts = 2> <OutPorts = 1>
ST_12 : Operation 121 [28/36] (4.33ns)   --->   "%udiv_ln29 = udiv i32 %select_ln21, i32 %kernel_size_read" [cpu_functions.cpp:29]   --->   Operation 121 'udiv' 'udiv_ln29' <Predicate = true> <Delay = 4.33> <CoreInst = "Divider">   --->   Core 6 'Divider' <Latency = 35> <II = 1> <Delay = 4.33> <FuncUnit> <Opcode : 'udiv' 'sdiv' 'urem' 'srem'> <InPorts = 2> <OutPorts = 1>
ST_12 : Operation 122 [30/36] (4.33ns)   --->   "%urem_ln30 = urem i32 %select_ln21, i32 %kernel_size_read" [cpu_functions.cpp:30]   --->   Operation 122 'urem' 'urem_ln30' <Predicate = true> <Delay = 4.33> <CoreInst = "Divider">   --->   Core 6 'Divider' <Latency = 35> <II = 1> <Delay = 4.33> <FuncUnit> <Opcode : 'udiv' 'sdiv' 'urem' 'srem'> <InPorts = 2> <OutPorts = 1>

State 13 <SV = 12> <Delay = 4.33>
ST_13 : Operation 123 [26/36] (4.33ns)   --->   "%x = udiv i32 %select_ln21_2, i32 %n_read" [cpu_functions.cpp:23]   --->   Operation 123 'udiv' 'x' <Predicate = true> <Delay = 4.33> <CoreInst = "Divider">   --->   Core 6 'Divider' <Latency = 35> <II = 1> <Delay = 4.33> <FuncUnit> <Opcode : 'udiv' 'sdiv' 'urem' 'srem'> <InPorts = 2> <OutPorts = 1>
ST_13 : Operation 124 [28/36] (4.33ns)   --->   "%y = urem i32 %select_ln21_2, i32 %n_read" [cpu_functions.cpp:24]   --->   Operation 124 'urem' 'y' <Predicate = true> <Delay = 4.33> <CoreInst = "Divider">   --->   Core 6 'Divider' <Latency = 35> <II = 1> <Delay = 4.33> <FuncUnit> <Opcode : 'udiv' 'sdiv' 'urem' 'srem'> <InPorts = 2> <OutPorts = 1>
ST_13 : Operation 125 [27/36] (4.33ns)   --->   "%udiv_ln29 = udiv i32 %select_ln21, i32 %kernel_size_read" [cpu_functions.cpp:29]   --->   Operation 125 'udiv' 'udiv_ln29' <Predicate = true> <Delay = 4.33> <CoreInst = "Divider">   --->   Core 6 'Divider' <Latency = 35> <II = 1> <Delay = 4.33> <FuncUnit> <Opcode : 'udiv' 'sdiv' 'urem' 'srem'> <InPorts = 2> <OutPorts = 1>
ST_13 : Operation 126 [29/36] (4.33ns)   --->   "%urem_ln30 = urem i32 %select_ln21, i32 %kernel_size_read" [cpu_functions.cpp:30]   --->   Operation 126 'urem' 'urem_ln30' <Predicate = true> <Delay = 4.33> <CoreInst = "Divider">   --->   Core 6 'Divider' <Latency = 35> <II = 1> <Delay = 4.33> <FuncUnit> <Opcode : 'udiv' 'sdiv' 'urem' 'srem'> <InPorts = 2> <OutPorts = 1>

State 14 <SV = 13> <Delay = 4.33>
ST_14 : Operation 127 [25/36] (4.33ns)   --->   "%x = udiv i32 %select_ln21_2, i32 %n_read" [cpu_functions.cpp:23]   --->   Operation 127 'udiv' 'x' <Predicate = true> <Delay = 4.33> <CoreInst = "Divider">   --->   Core 6 'Divider' <Latency = 35> <II = 1> <Delay = 4.33> <FuncUnit> <Opcode : 'udiv' 'sdiv' 'urem' 'srem'> <InPorts = 2> <OutPorts = 1>
ST_14 : Operation 128 [27/36] (4.33ns)   --->   "%y = urem i32 %select_ln21_2, i32 %n_read" [cpu_functions.cpp:24]   --->   Operation 128 'urem' 'y' <Predicate = true> <Delay = 4.33> <CoreInst = "Divider">   --->   Core 6 'Divider' <Latency = 35> <II = 1> <Delay = 4.33> <FuncUnit> <Opcode : 'udiv' 'sdiv' 'urem' 'srem'> <InPorts = 2> <OutPorts = 1>
ST_14 : Operation 129 [26/36] (4.33ns)   --->   "%udiv_ln29 = udiv i32 %select_ln21, i32 %kernel_size_read" [cpu_functions.cpp:29]   --->   Operation 129 'udiv' 'udiv_ln29' <Predicate = true> <Delay = 4.33> <CoreInst = "Divider">   --->   Core 6 'Divider' <Latency = 35> <II = 1> <Delay = 4.33> <FuncUnit> <Opcode : 'udiv' 'sdiv' 'urem' 'srem'> <InPorts = 2> <OutPorts = 1>
ST_14 : Operation 130 [28/36] (4.33ns)   --->   "%urem_ln30 = urem i32 %select_ln21, i32 %kernel_size_read" [cpu_functions.cpp:30]   --->   Operation 130 'urem' 'urem_ln30' <Predicate = true> <Delay = 4.33> <CoreInst = "Divider">   --->   Core 6 'Divider' <Latency = 35> <II = 1> <Delay = 4.33> <FuncUnit> <Opcode : 'udiv' 'sdiv' 'urem' 'srem'> <InPorts = 2> <OutPorts = 1>

State 15 <SV = 14> <Delay = 4.33>
ST_15 : Operation 131 [24/36] (4.33ns)   --->   "%x = udiv i32 %select_ln21_2, i32 %n_read" [cpu_functions.cpp:23]   --->   Operation 131 'udiv' 'x' <Predicate = true> <Delay = 4.33> <CoreInst = "Divider">   --->   Core 6 'Divider' <Latency = 35> <II = 1> <Delay = 4.33> <FuncUnit> <Opcode : 'udiv' 'sdiv' 'urem' 'srem'> <InPorts = 2> <OutPorts = 1>
ST_15 : Operation 132 [26/36] (4.33ns)   --->   "%y = urem i32 %select_ln21_2, i32 %n_read" [cpu_functions.cpp:24]   --->   Operation 132 'urem' 'y' <Predicate = true> <Delay = 4.33> <CoreInst = "Divider">   --->   Core 6 'Divider' <Latency = 35> <II = 1> <Delay = 4.33> <FuncUnit> <Opcode : 'udiv' 'sdiv' 'urem' 'srem'> <InPorts = 2> <OutPorts = 1>
ST_15 : Operation 133 [25/36] (4.33ns)   --->   "%udiv_ln29 = udiv i32 %select_ln21, i32 %kernel_size_read" [cpu_functions.cpp:29]   --->   Operation 133 'udiv' 'udiv_ln29' <Predicate = true> <Delay = 4.33> <CoreInst = "Divider">   --->   Core 6 'Divider' <Latency = 35> <II = 1> <Delay = 4.33> <FuncUnit> <Opcode : 'udiv' 'sdiv' 'urem' 'srem'> <InPorts = 2> <OutPorts = 1>
ST_15 : Operation 134 [27/36] (4.33ns)   --->   "%urem_ln30 = urem i32 %select_ln21, i32 %kernel_size_read" [cpu_functions.cpp:30]   --->   Operation 134 'urem' 'urem_ln30' <Predicate = true> <Delay = 4.33> <CoreInst = "Divider">   --->   Core 6 'Divider' <Latency = 35> <II = 1> <Delay = 4.33> <FuncUnit> <Opcode : 'udiv' 'sdiv' 'urem' 'srem'> <InPorts = 2> <OutPorts = 1>

State 16 <SV = 15> <Delay = 4.33>
ST_16 : Operation 135 [23/36] (4.33ns)   --->   "%x = udiv i32 %select_ln21_2, i32 %n_read" [cpu_functions.cpp:23]   --->   Operation 135 'udiv' 'x' <Predicate = true> <Delay = 4.33> <CoreInst = "Divider">   --->   Core 6 'Divider' <Latency = 35> <II = 1> <Delay = 4.33> <FuncUnit> <Opcode : 'udiv' 'sdiv' 'urem' 'srem'> <InPorts = 2> <OutPorts = 1>
ST_16 : Operation 136 [25/36] (4.33ns)   --->   "%y = urem i32 %select_ln21_2, i32 %n_read" [cpu_functions.cpp:24]   --->   Operation 136 'urem' 'y' <Predicate = true> <Delay = 4.33> <CoreInst = "Divider">   --->   Core 6 'Divider' <Latency = 35> <II = 1> <Delay = 4.33> <FuncUnit> <Opcode : 'udiv' 'sdiv' 'urem' 'srem'> <InPorts = 2> <OutPorts = 1>
ST_16 : Operation 137 [24/36] (4.33ns)   --->   "%udiv_ln29 = udiv i32 %select_ln21, i32 %kernel_size_read" [cpu_functions.cpp:29]   --->   Operation 137 'udiv' 'udiv_ln29' <Predicate = true> <Delay = 4.33> <CoreInst = "Divider">   --->   Core 6 'Divider' <Latency = 35> <II = 1> <Delay = 4.33> <FuncUnit> <Opcode : 'udiv' 'sdiv' 'urem' 'srem'> <InPorts = 2> <OutPorts = 1>
ST_16 : Operation 138 [26/36] (4.33ns)   --->   "%urem_ln30 = urem i32 %select_ln21, i32 %kernel_size_read" [cpu_functions.cpp:30]   --->   Operation 138 'urem' 'urem_ln30' <Predicate = true> <Delay = 4.33> <CoreInst = "Divider">   --->   Core 6 'Divider' <Latency = 35> <II = 1> <Delay = 4.33> <FuncUnit> <Opcode : 'udiv' 'sdiv' 'urem' 'srem'> <InPorts = 2> <OutPorts = 1>

State 17 <SV = 16> <Delay = 4.33>
ST_17 : Operation 139 [22/36] (4.33ns)   --->   "%x = udiv i32 %select_ln21_2, i32 %n_read" [cpu_functions.cpp:23]   --->   Operation 139 'udiv' 'x' <Predicate = true> <Delay = 4.33> <CoreInst = "Divider">   --->   Core 6 'Divider' <Latency = 35> <II = 1> <Delay = 4.33> <FuncUnit> <Opcode : 'udiv' 'sdiv' 'urem' 'srem'> <InPorts = 2> <OutPorts = 1>
ST_17 : Operation 140 [24/36] (4.33ns)   --->   "%y = urem i32 %select_ln21_2, i32 %n_read" [cpu_functions.cpp:24]   --->   Operation 140 'urem' 'y' <Predicate = true> <Delay = 4.33> <CoreInst = "Divider">   --->   Core 6 'Divider' <Latency = 35> <II = 1> <Delay = 4.33> <FuncUnit> <Opcode : 'udiv' 'sdiv' 'urem' 'srem'> <InPorts = 2> <OutPorts = 1>
ST_17 : Operation 141 [23/36] (4.33ns)   --->   "%udiv_ln29 = udiv i32 %select_ln21, i32 %kernel_size_read" [cpu_functions.cpp:29]   --->   Operation 141 'udiv' 'udiv_ln29' <Predicate = true> <Delay = 4.33> <CoreInst = "Divider">   --->   Core 6 'Divider' <Latency = 35> <II = 1> <Delay = 4.33> <FuncUnit> <Opcode : 'udiv' 'sdiv' 'urem' 'srem'> <InPorts = 2> <OutPorts = 1>
ST_17 : Operation 142 [25/36] (4.33ns)   --->   "%urem_ln30 = urem i32 %select_ln21, i32 %kernel_size_read" [cpu_functions.cpp:30]   --->   Operation 142 'urem' 'urem_ln30' <Predicate = true> <Delay = 4.33> <CoreInst = "Divider">   --->   Core 6 'Divider' <Latency = 35> <II = 1> <Delay = 4.33> <FuncUnit> <Opcode : 'udiv' 'sdiv' 'urem' 'srem'> <InPorts = 2> <OutPorts = 1>

State 18 <SV = 17> <Delay = 4.33>
ST_18 : Operation 143 [21/36] (4.33ns)   --->   "%x = udiv i32 %select_ln21_2, i32 %n_read" [cpu_functions.cpp:23]   --->   Operation 143 'udiv' 'x' <Predicate = true> <Delay = 4.33> <CoreInst = "Divider">   --->   Core 6 'Divider' <Latency = 35> <II = 1> <Delay = 4.33> <FuncUnit> <Opcode : 'udiv' 'sdiv' 'urem' 'srem'> <InPorts = 2> <OutPorts = 1>
ST_18 : Operation 144 [23/36] (4.33ns)   --->   "%y = urem i32 %select_ln21_2, i32 %n_read" [cpu_functions.cpp:24]   --->   Operation 144 'urem' 'y' <Predicate = true> <Delay = 4.33> <CoreInst = "Divider">   --->   Core 6 'Divider' <Latency = 35> <II = 1> <Delay = 4.33> <FuncUnit> <Opcode : 'udiv' 'sdiv' 'urem' 'srem'> <InPorts = 2> <OutPorts = 1>
ST_18 : Operation 145 [22/36] (4.33ns)   --->   "%udiv_ln29 = udiv i32 %select_ln21, i32 %kernel_size_read" [cpu_functions.cpp:29]   --->   Operation 145 'udiv' 'udiv_ln29' <Predicate = true> <Delay = 4.33> <CoreInst = "Divider">   --->   Core 6 'Divider' <Latency = 35> <II = 1> <Delay = 4.33> <FuncUnit> <Opcode : 'udiv' 'sdiv' 'urem' 'srem'> <InPorts = 2> <OutPorts = 1>
ST_18 : Operation 146 [24/36] (4.33ns)   --->   "%urem_ln30 = urem i32 %select_ln21, i32 %kernel_size_read" [cpu_functions.cpp:30]   --->   Operation 146 'urem' 'urem_ln30' <Predicate = true> <Delay = 4.33> <CoreInst = "Divider">   --->   Core 6 'Divider' <Latency = 35> <II = 1> <Delay = 4.33> <FuncUnit> <Opcode : 'udiv' 'sdiv' 'urem' 'srem'> <InPorts = 2> <OutPorts = 1>

State 19 <SV = 18> <Delay = 4.33>
ST_19 : Operation 147 [20/36] (4.33ns)   --->   "%x = udiv i32 %select_ln21_2, i32 %n_read" [cpu_functions.cpp:23]   --->   Operation 147 'udiv' 'x' <Predicate = true> <Delay = 4.33> <CoreInst = "Divider">   --->   Core 6 'Divider' <Latency = 35> <II = 1> <Delay = 4.33> <FuncUnit> <Opcode : 'udiv' 'sdiv' 'urem' 'srem'> <InPorts = 2> <OutPorts = 1>
ST_19 : Operation 148 [22/36] (4.33ns)   --->   "%y = urem i32 %select_ln21_2, i32 %n_read" [cpu_functions.cpp:24]   --->   Operation 148 'urem' 'y' <Predicate = true> <Delay = 4.33> <CoreInst = "Divider">   --->   Core 6 'Divider' <Latency = 35> <II = 1> <Delay = 4.33> <FuncUnit> <Opcode : 'udiv' 'sdiv' 'urem' 'srem'> <InPorts = 2> <OutPorts = 1>
ST_19 : Operation 149 [21/36] (4.33ns)   --->   "%udiv_ln29 = udiv i32 %select_ln21, i32 %kernel_size_read" [cpu_functions.cpp:29]   --->   Operation 149 'udiv' 'udiv_ln29' <Predicate = true> <Delay = 4.33> <CoreInst = "Divider">   --->   Core 6 'Divider' <Latency = 35> <II = 1> <Delay = 4.33> <FuncUnit> <Opcode : 'udiv' 'sdiv' 'urem' 'srem'> <InPorts = 2> <OutPorts = 1>
ST_19 : Operation 150 [23/36] (4.33ns)   --->   "%urem_ln30 = urem i32 %select_ln21, i32 %kernel_size_read" [cpu_functions.cpp:30]   --->   Operation 150 'urem' 'urem_ln30' <Predicate = true> <Delay = 4.33> <CoreInst = "Divider">   --->   Core 6 'Divider' <Latency = 35> <II = 1> <Delay = 4.33> <FuncUnit> <Opcode : 'udiv' 'sdiv' 'urem' 'srem'> <InPorts = 2> <OutPorts = 1>

State 20 <SV = 19> <Delay = 4.33>
ST_20 : Operation 151 [19/36] (4.33ns)   --->   "%x = udiv i32 %select_ln21_2, i32 %n_read" [cpu_functions.cpp:23]   --->   Operation 151 'udiv' 'x' <Predicate = true> <Delay = 4.33> <CoreInst = "Divider">   --->   Core 6 'Divider' <Latency = 35> <II = 1> <Delay = 4.33> <FuncUnit> <Opcode : 'udiv' 'sdiv' 'urem' 'srem'> <InPorts = 2> <OutPorts = 1>
ST_20 : Operation 152 [21/36] (4.33ns)   --->   "%y = urem i32 %select_ln21_2, i32 %n_read" [cpu_functions.cpp:24]   --->   Operation 152 'urem' 'y' <Predicate = true> <Delay = 4.33> <CoreInst = "Divider">   --->   Core 6 'Divider' <Latency = 35> <II = 1> <Delay = 4.33> <FuncUnit> <Opcode : 'udiv' 'sdiv' 'urem' 'srem'> <InPorts = 2> <OutPorts = 1>
ST_20 : Operation 153 [20/36] (4.33ns)   --->   "%udiv_ln29 = udiv i32 %select_ln21, i32 %kernel_size_read" [cpu_functions.cpp:29]   --->   Operation 153 'udiv' 'udiv_ln29' <Predicate = true> <Delay = 4.33> <CoreInst = "Divider">   --->   Core 6 'Divider' <Latency = 35> <II = 1> <Delay = 4.33> <FuncUnit> <Opcode : 'udiv' 'sdiv' 'urem' 'srem'> <InPorts = 2> <OutPorts = 1>
ST_20 : Operation 154 [22/36] (4.33ns)   --->   "%urem_ln30 = urem i32 %select_ln21, i32 %kernel_size_read" [cpu_functions.cpp:30]   --->   Operation 154 'urem' 'urem_ln30' <Predicate = true> <Delay = 4.33> <CoreInst = "Divider">   --->   Core 6 'Divider' <Latency = 35> <II = 1> <Delay = 4.33> <FuncUnit> <Opcode : 'udiv' 'sdiv' 'urem' 'srem'> <InPorts = 2> <OutPorts = 1>

State 21 <SV = 20> <Delay = 4.33>
ST_21 : Operation 155 [18/36] (4.33ns)   --->   "%x = udiv i32 %select_ln21_2, i32 %n_read" [cpu_functions.cpp:23]   --->   Operation 155 'udiv' 'x' <Predicate = true> <Delay = 4.33> <CoreInst = "Divider">   --->   Core 6 'Divider' <Latency = 35> <II = 1> <Delay = 4.33> <FuncUnit> <Opcode : 'udiv' 'sdiv' 'urem' 'srem'> <InPorts = 2> <OutPorts = 1>
ST_21 : Operation 156 [20/36] (4.33ns)   --->   "%y = urem i32 %select_ln21_2, i32 %n_read" [cpu_functions.cpp:24]   --->   Operation 156 'urem' 'y' <Predicate = true> <Delay = 4.33> <CoreInst = "Divider">   --->   Core 6 'Divider' <Latency = 35> <II = 1> <Delay = 4.33> <FuncUnit> <Opcode : 'udiv' 'sdiv' 'urem' 'srem'> <InPorts = 2> <OutPorts = 1>
ST_21 : Operation 157 [19/36] (4.33ns)   --->   "%udiv_ln29 = udiv i32 %select_ln21, i32 %kernel_size_read" [cpu_functions.cpp:29]   --->   Operation 157 'udiv' 'udiv_ln29' <Predicate = true> <Delay = 4.33> <CoreInst = "Divider">   --->   Core 6 'Divider' <Latency = 35> <II = 1> <Delay = 4.33> <FuncUnit> <Opcode : 'udiv' 'sdiv' 'urem' 'srem'> <InPorts = 2> <OutPorts = 1>
ST_21 : Operation 158 [21/36] (4.33ns)   --->   "%urem_ln30 = urem i32 %select_ln21, i32 %kernel_size_read" [cpu_functions.cpp:30]   --->   Operation 158 'urem' 'urem_ln30' <Predicate = true> <Delay = 4.33> <CoreInst = "Divider">   --->   Core 6 'Divider' <Latency = 35> <II = 1> <Delay = 4.33> <FuncUnit> <Opcode : 'udiv' 'sdiv' 'urem' 'srem'> <InPorts = 2> <OutPorts = 1>

State 22 <SV = 21> <Delay = 4.33>
ST_22 : Operation 159 [17/36] (4.33ns)   --->   "%x = udiv i32 %select_ln21_2, i32 %n_read" [cpu_functions.cpp:23]   --->   Operation 159 'udiv' 'x' <Predicate = true> <Delay = 4.33> <CoreInst = "Divider">   --->   Core 6 'Divider' <Latency = 35> <II = 1> <Delay = 4.33> <FuncUnit> <Opcode : 'udiv' 'sdiv' 'urem' 'srem'> <InPorts = 2> <OutPorts = 1>
ST_22 : Operation 160 [19/36] (4.33ns)   --->   "%y = urem i32 %select_ln21_2, i32 %n_read" [cpu_functions.cpp:24]   --->   Operation 160 'urem' 'y' <Predicate = true> <Delay = 4.33> <CoreInst = "Divider">   --->   Core 6 'Divider' <Latency = 35> <II = 1> <Delay = 4.33> <FuncUnit> <Opcode : 'udiv' 'sdiv' 'urem' 'srem'> <InPorts = 2> <OutPorts = 1>
ST_22 : Operation 161 [18/36] (4.33ns)   --->   "%udiv_ln29 = udiv i32 %select_ln21, i32 %kernel_size_read" [cpu_functions.cpp:29]   --->   Operation 161 'udiv' 'udiv_ln29' <Predicate = true> <Delay = 4.33> <CoreInst = "Divider">   --->   Core 6 'Divider' <Latency = 35> <II = 1> <Delay = 4.33> <FuncUnit> <Opcode : 'udiv' 'sdiv' 'urem' 'srem'> <InPorts = 2> <OutPorts = 1>
ST_22 : Operation 162 [20/36] (4.33ns)   --->   "%urem_ln30 = urem i32 %select_ln21, i32 %kernel_size_read" [cpu_functions.cpp:30]   --->   Operation 162 'urem' 'urem_ln30' <Predicate = true> <Delay = 4.33> <CoreInst = "Divider">   --->   Core 6 'Divider' <Latency = 35> <II = 1> <Delay = 4.33> <FuncUnit> <Opcode : 'udiv' 'sdiv' 'urem' 'srem'> <InPorts = 2> <OutPorts = 1>

State 23 <SV = 22> <Delay = 4.33>
ST_23 : Operation 163 [16/36] (4.33ns)   --->   "%x = udiv i32 %select_ln21_2, i32 %n_read" [cpu_functions.cpp:23]   --->   Operation 163 'udiv' 'x' <Predicate = true> <Delay = 4.33> <CoreInst = "Divider">   --->   Core 6 'Divider' <Latency = 35> <II = 1> <Delay = 4.33> <FuncUnit> <Opcode : 'udiv' 'sdiv' 'urem' 'srem'> <InPorts = 2> <OutPorts = 1>
ST_23 : Operation 164 [18/36] (4.33ns)   --->   "%y = urem i32 %select_ln21_2, i32 %n_read" [cpu_functions.cpp:24]   --->   Operation 164 'urem' 'y' <Predicate = true> <Delay = 4.33> <CoreInst = "Divider">   --->   Core 6 'Divider' <Latency = 35> <II = 1> <Delay = 4.33> <FuncUnit> <Opcode : 'udiv' 'sdiv' 'urem' 'srem'> <InPorts = 2> <OutPorts = 1>
ST_23 : Operation 165 [17/36] (4.33ns)   --->   "%udiv_ln29 = udiv i32 %select_ln21, i32 %kernel_size_read" [cpu_functions.cpp:29]   --->   Operation 165 'udiv' 'udiv_ln29' <Predicate = true> <Delay = 4.33> <CoreInst = "Divider">   --->   Core 6 'Divider' <Latency = 35> <II = 1> <Delay = 4.33> <FuncUnit> <Opcode : 'udiv' 'sdiv' 'urem' 'srem'> <InPorts = 2> <OutPorts = 1>
ST_23 : Operation 166 [19/36] (4.33ns)   --->   "%urem_ln30 = urem i32 %select_ln21, i32 %kernel_size_read" [cpu_functions.cpp:30]   --->   Operation 166 'urem' 'urem_ln30' <Predicate = true> <Delay = 4.33> <CoreInst = "Divider">   --->   Core 6 'Divider' <Latency = 35> <II = 1> <Delay = 4.33> <FuncUnit> <Opcode : 'udiv' 'sdiv' 'urem' 'srem'> <InPorts = 2> <OutPorts = 1>

State 24 <SV = 23> <Delay = 4.33>
ST_24 : Operation 167 [15/36] (4.33ns)   --->   "%x = udiv i32 %select_ln21_2, i32 %n_read" [cpu_functions.cpp:23]   --->   Operation 167 'udiv' 'x' <Predicate = true> <Delay = 4.33> <CoreInst = "Divider">   --->   Core 6 'Divider' <Latency = 35> <II = 1> <Delay = 4.33> <FuncUnit> <Opcode : 'udiv' 'sdiv' 'urem' 'srem'> <InPorts = 2> <OutPorts = 1>
ST_24 : Operation 168 [17/36] (4.33ns)   --->   "%y = urem i32 %select_ln21_2, i32 %n_read" [cpu_functions.cpp:24]   --->   Operation 168 'urem' 'y' <Predicate = true> <Delay = 4.33> <CoreInst = "Divider">   --->   Core 6 'Divider' <Latency = 35> <II = 1> <Delay = 4.33> <FuncUnit> <Opcode : 'udiv' 'sdiv' 'urem' 'srem'> <InPorts = 2> <OutPorts = 1>
ST_24 : Operation 169 [16/36] (4.33ns)   --->   "%udiv_ln29 = udiv i32 %select_ln21, i32 %kernel_size_read" [cpu_functions.cpp:29]   --->   Operation 169 'udiv' 'udiv_ln29' <Predicate = true> <Delay = 4.33> <CoreInst = "Divider">   --->   Core 6 'Divider' <Latency = 35> <II = 1> <Delay = 4.33> <FuncUnit> <Opcode : 'udiv' 'sdiv' 'urem' 'srem'> <InPorts = 2> <OutPorts = 1>
ST_24 : Operation 170 [18/36] (4.33ns)   --->   "%urem_ln30 = urem i32 %select_ln21, i32 %kernel_size_read" [cpu_functions.cpp:30]   --->   Operation 170 'urem' 'urem_ln30' <Predicate = true> <Delay = 4.33> <CoreInst = "Divider">   --->   Core 6 'Divider' <Latency = 35> <II = 1> <Delay = 4.33> <FuncUnit> <Opcode : 'udiv' 'sdiv' 'urem' 'srem'> <InPorts = 2> <OutPorts = 1>

State 25 <SV = 24> <Delay = 4.33>
ST_25 : Operation 171 [14/36] (4.33ns)   --->   "%x = udiv i32 %select_ln21_2, i32 %n_read" [cpu_functions.cpp:23]   --->   Operation 171 'udiv' 'x' <Predicate = true> <Delay = 4.33> <CoreInst = "Divider">   --->   Core 6 'Divider' <Latency = 35> <II = 1> <Delay = 4.33> <FuncUnit> <Opcode : 'udiv' 'sdiv' 'urem' 'srem'> <InPorts = 2> <OutPorts = 1>
ST_25 : Operation 172 [16/36] (4.33ns)   --->   "%y = urem i32 %select_ln21_2, i32 %n_read" [cpu_functions.cpp:24]   --->   Operation 172 'urem' 'y' <Predicate = true> <Delay = 4.33> <CoreInst = "Divider">   --->   Core 6 'Divider' <Latency = 35> <II = 1> <Delay = 4.33> <FuncUnit> <Opcode : 'udiv' 'sdiv' 'urem' 'srem'> <InPorts = 2> <OutPorts = 1>
ST_25 : Operation 173 [15/36] (4.33ns)   --->   "%udiv_ln29 = udiv i32 %select_ln21, i32 %kernel_size_read" [cpu_functions.cpp:29]   --->   Operation 173 'udiv' 'udiv_ln29' <Predicate = true> <Delay = 4.33> <CoreInst = "Divider">   --->   Core 6 'Divider' <Latency = 35> <II = 1> <Delay = 4.33> <FuncUnit> <Opcode : 'udiv' 'sdiv' 'urem' 'srem'> <InPorts = 2> <OutPorts = 1>
ST_25 : Operation 174 [17/36] (4.33ns)   --->   "%urem_ln30 = urem i32 %select_ln21, i32 %kernel_size_read" [cpu_functions.cpp:30]   --->   Operation 174 'urem' 'urem_ln30' <Predicate = true> <Delay = 4.33> <CoreInst = "Divider">   --->   Core 6 'Divider' <Latency = 35> <II = 1> <Delay = 4.33> <FuncUnit> <Opcode : 'udiv' 'sdiv' 'urem' 'srem'> <InPorts = 2> <OutPorts = 1>

State 26 <SV = 25> <Delay = 4.33>
ST_26 : Operation 175 [13/36] (4.33ns)   --->   "%x = udiv i32 %select_ln21_2, i32 %n_read" [cpu_functions.cpp:23]   --->   Operation 175 'udiv' 'x' <Predicate = true> <Delay = 4.33> <CoreInst = "Divider">   --->   Core 6 'Divider' <Latency = 35> <II = 1> <Delay = 4.33> <FuncUnit> <Opcode : 'udiv' 'sdiv' 'urem' 'srem'> <InPorts = 2> <OutPorts = 1>
ST_26 : Operation 176 [15/36] (4.33ns)   --->   "%y = urem i32 %select_ln21_2, i32 %n_read" [cpu_functions.cpp:24]   --->   Operation 176 'urem' 'y' <Predicate = true> <Delay = 4.33> <CoreInst = "Divider">   --->   Core 6 'Divider' <Latency = 35> <II = 1> <Delay = 4.33> <FuncUnit> <Opcode : 'udiv' 'sdiv' 'urem' 'srem'> <InPorts = 2> <OutPorts = 1>
ST_26 : Operation 177 [14/36] (4.33ns)   --->   "%udiv_ln29 = udiv i32 %select_ln21, i32 %kernel_size_read" [cpu_functions.cpp:29]   --->   Operation 177 'udiv' 'udiv_ln29' <Predicate = true> <Delay = 4.33> <CoreInst = "Divider">   --->   Core 6 'Divider' <Latency = 35> <II = 1> <Delay = 4.33> <FuncUnit> <Opcode : 'udiv' 'sdiv' 'urem' 'srem'> <InPorts = 2> <OutPorts = 1>
ST_26 : Operation 178 [16/36] (4.33ns)   --->   "%urem_ln30 = urem i32 %select_ln21, i32 %kernel_size_read" [cpu_functions.cpp:30]   --->   Operation 178 'urem' 'urem_ln30' <Predicate = true> <Delay = 4.33> <CoreInst = "Divider">   --->   Core 6 'Divider' <Latency = 35> <II = 1> <Delay = 4.33> <FuncUnit> <Opcode : 'udiv' 'sdiv' 'urem' 'srem'> <InPorts = 2> <OutPorts = 1>

State 27 <SV = 26> <Delay = 4.33>
ST_27 : Operation 179 [12/36] (4.33ns)   --->   "%x = udiv i32 %select_ln21_2, i32 %n_read" [cpu_functions.cpp:23]   --->   Operation 179 'udiv' 'x' <Predicate = true> <Delay = 4.33> <CoreInst = "Divider">   --->   Core 6 'Divider' <Latency = 35> <II = 1> <Delay = 4.33> <FuncUnit> <Opcode : 'udiv' 'sdiv' 'urem' 'srem'> <InPorts = 2> <OutPorts = 1>
ST_27 : Operation 180 [14/36] (4.33ns)   --->   "%y = urem i32 %select_ln21_2, i32 %n_read" [cpu_functions.cpp:24]   --->   Operation 180 'urem' 'y' <Predicate = true> <Delay = 4.33> <CoreInst = "Divider">   --->   Core 6 'Divider' <Latency = 35> <II = 1> <Delay = 4.33> <FuncUnit> <Opcode : 'udiv' 'sdiv' 'urem' 'srem'> <InPorts = 2> <OutPorts = 1>
ST_27 : Operation 181 [13/36] (4.33ns)   --->   "%udiv_ln29 = udiv i32 %select_ln21, i32 %kernel_size_read" [cpu_functions.cpp:29]   --->   Operation 181 'udiv' 'udiv_ln29' <Predicate = true> <Delay = 4.33> <CoreInst = "Divider">   --->   Core 6 'Divider' <Latency = 35> <II = 1> <Delay = 4.33> <FuncUnit> <Opcode : 'udiv' 'sdiv' 'urem' 'srem'> <InPorts = 2> <OutPorts = 1>
ST_27 : Operation 182 [15/36] (4.33ns)   --->   "%urem_ln30 = urem i32 %select_ln21, i32 %kernel_size_read" [cpu_functions.cpp:30]   --->   Operation 182 'urem' 'urem_ln30' <Predicate = true> <Delay = 4.33> <CoreInst = "Divider">   --->   Core 6 'Divider' <Latency = 35> <II = 1> <Delay = 4.33> <FuncUnit> <Opcode : 'udiv' 'sdiv' 'urem' 'srem'> <InPorts = 2> <OutPorts = 1>

State 28 <SV = 27> <Delay = 4.33>
ST_28 : Operation 183 [11/36] (4.33ns)   --->   "%x = udiv i32 %select_ln21_2, i32 %n_read" [cpu_functions.cpp:23]   --->   Operation 183 'udiv' 'x' <Predicate = true> <Delay = 4.33> <CoreInst = "Divider">   --->   Core 6 'Divider' <Latency = 35> <II = 1> <Delay = 4.33> <FuncUnit> <Opcode : 'udiv' 'sdiv' 'urem' 'srem'> <InPorts = 2> <OutPorts = 1>
ST_28 : Operation 184 [13/36] (4.33ns)   --->   "%y = urem i32 %select_ln21_2, i32 %n_read" [cpu_functions.cpp:24]   --->   Operation 184 'urem' 'y' <Predicate = true> <Delay = 4.33> <CoreInst = "Divider">   --->   Core 6 'Divider' <Latency = 35> <II = 1> <Delay = 4.33> <FuncUnit> <Opcode : 'udiv' 'sdiv' 'urem' 'srem'> <InPorts = 2> <OutPorts = 1>
ST_28 : Operation 185 [12/36] (4.33ns)   --->   "%udiv_ln29 = udiv i32 %select_ln21, i32 %kernel_size_read" [cpu_functions.cpp:29]   --->   Operation 185 'udiv' 'udiv_ln29' <Predicate = true> <Delay = 4.33> <CoreInst = "Divider">   --->   Core 6 'Divider' <Latency = 35> <II = 1> <Delay = 4.33> <FuncUnit> <Opcode : 'udiv' 'sdiv' 'urem' 'srem'> <InPorts = 2> <OutPorts = 1>
ST_28 : Operation 186 [14/36] (4.33ns)   --->   "%urem_ln30 = urem i32 %select_ln21, i32 %kernel_size_read" [cpu_functions.cpp:30]   --->   Operation 186 'urem' 'urem_ln30' <Predicate = true> <Delay = 4.33> <CoreInst = "Divider">   --->   Core 6 'Divider' <Latency = 35> <II = 1> <Delay = 4.33> <FuncUnit> <Opcode : 'udiv' 'sdiv' 'urem' 'srem'> <InPorts = 2> <OutPorts = 1>

State 29 <SV = 28> <Delay = 4.33>
ST_29 : Operation 187 [10/36] (4.33ns)   --->   "%x = udiv i32 %select_ln21_2, i32 %n_read" [cpu_functions.cpp:23]   --->   Operation 187 'udiv' 'x' <Predicate = true> <Delay = 4.33> <CoreInst = "Divider">   --->   Core 6 'Divider' <Latency = 35> <II = 1> <Delay = 4.33> <FuncUnit> <Opcode : 'udiv' 'sdiv' 'urem' 'srem'> <InPorts = 2> <OutPorts = 1>
ST_29 : Operation 188 [12/36] (4.33ns)   --->   "%y = urem i32 %select_ln21_2, i32 %n_read" [cpu_functions.cpp:24]   --->   Operation 188 'urem' 'y' <Predicate = true> <Delay = 4.33> <CoreInst = "Divider">   --->   Core 6 'Divider' <Latency = 35> <II = 1> <Delay = 4.33> <FuncUnit> <Opcode : 'udiv' 'sdiv' 'urem' 'srem'> <InPorts = 2> <OutPorts = 1>
ST_29 : Operation 189 [11/36] (4.33ns)   --->   "%udiv_ln29 = udiv i32 %select_ln21, i32 %kernel_size_read" [cpu_functions.cpp:29]   --->   Operation 189 'udiv' 'udiv_ln29' <Predicate = true> <Delay = 4.33> <CoreInst = "Divider">   --->   Core 6 'Divider' <Latency = 35> <II = 1> <Delay = 4.33> <FuncUnit> <Opcode : 'udiv' 'sdiv' 'urem' 'srem'> <InPorts = 2> <OutPorts = 1>
ST_29 : Operation 190 [13/36] (4.33ns)   --->   "%urem_ln30 = urem i32 %select_ln21, i32 %kernel_size_read" [cpu_functions.cpp:30]   --->   Operation 190 'urem' 'urem_ln30' <Predicate = true> <Delay = 4.33> <CoreInst = "Divider">   --->   Core 6 'Divider' <Latency = 35> <II = 1> <Delay = 4.33> <FuncUnit> <Opcode : 'udiv' 'sdiv' 'urem' 'srem'> <InPorts = 2> <OutPorts = 1>

State 30 <SV = 29> <Delay = 4.33>
ST_30 : Operation 191 [9/36] (4.33ns)   --->   "%x = udiv i32 %select_ln21_2, i32 %n_read" [cpu_functions.cpp:23]   --->   Operation 191 'udiv' 'x' <Predicate = true> <Delay = 4.33> <CoreInst = "Divider">   --->   Core 6 'Divider' <Latency = 35> <II = 1> <Delay = 4.33> <FuncUnit> <Opcode : 'udiv' 'sdiv' 'urem' 'srem'> <InPorts = 2> <OutPorts = 1>
ST_30 : Operation 192 [11/36] (4.33ns)   --->   "%y = urem i32 %select_ln21_2, i32 %n_read" [cpu_functions.cpp:24]   --->   Operation 192 'urem' 'y' <Predicate = true> <Delay = 4.33> <CoreInst = "Divider">   --->   Core 6 'Divider' <Latency = 35> <II = 1> <Delay = 4.33> <FuncUnit> <Opcode : 'udiv' 'sdiv' 'urem' 'srem'> <InPorts = 2> <OutPorts = 1>
ST_30 : Operation 193 [10/36] (4.33ns)   --->   "%udiv_ln29 = udiv i32 %select_ln21, i32 %kernel_size_read" [cpu_functions.cpp:29]   --->   Operation 193 'udiv' 'udiv_ln29' <Predicate = true> <Delay = 4.33> <CoreInst = "Divider">   --->   Core 6 'Divider' <Latency = 35> <II = 1> <Delay = 4.33> <FuncUnit> <Opcode : 'udiv' 'sdiv' 'urem' 'srem'> <InPorts = 2> <OutPorts = 1>
ST_30 : Operation 194 [12/36] (4.33ns)   --->   "%urem_ln30 = urem i32 %select_ln21, i32 %kernel_size_read" [cpu_functions.cpp:30]   --->   Operation 194 'urem' 'urem_ln30' <Predicate = true> <Delay = 4.33> <CoreInst = "Divider">   --->   Core 6 'Divider' <Latency = 35> <II = 1> <Delay = 4.33> <FuncUnit> <Opcode : 'udiv' 'sdiv' 'urem' 'srem'> <InPorts = 2> <OutPorts = 1>

State 31 <SV = 30> <Delay = 4.33>
ST_31 : Operation 195 [8/36] (4.33ns)   --->   "%x = udiv i32 %select_ln21_2, i32 %n_read" [cpu_functions.cpp:23]   --->   Operation 195 'udiv' 'x' <Predicate = true> <Delay = 4.33> <CoreInst = "Divider">   --->   Core 6 'Divider' <Latency = 35> <II = 1> <Delay = 4.33> <FuncUnit> <Opcode : 'udiv' 'sdiv' 'urem' 'srem'> <InPorts = 2> <OutPorts = 1>
ST_31 : Operation 196 [10/36] (4.33ns)   --->   "%y = urem i32 %select_ln21_2, i32 %n_read" [cpu_functions.cpp:24]   --->   Operation 196 'urem' 'y' <Predicate = true> <Delay = 4.33> <CoreInst = "Divider">   --->   Core 6 'Divider' <Latency = 35> <II = 1> <Delay = 4.33> <FuncUnit> <Opcode : 'udiv' 'sdiv' 'urem' 'srem'> <InPorts = 2> <OutPorts = 1>
ST_31 : Operation 197 [9/36] (4.33ns)   --->   "%udiv_ln29 = udiv i32 %select_ln21, i32 %kernel_size_read" [cpu_functions.cpp:29]   --->   Operation 197 'udiv' 'udiv_ln29' <Predicate = true> <Delay = 4.33> <CoreInst = "Divider">   --->   Core 6 'Divider' <Latency = 35> <II = 1> <Delay = 4.33> <FuncUnit> <Opcode : 'udiv' 'sdiv' 'urem' 'srem'> <InPorts = 2> <OutPorts = 1>
ST_31 : Operation 198 [11/36] (4.33ns)   --->   "%urem_ln30 = urem i32 %select_ln21, i32 %kernel_size_read" [cpu_functions.cpp:30]   --->   Operation 198 'urem' 'urem_ln30' <Predicate = true> <Delay = 4.33> <CoreInst = "Divider">   --->   Core 6 'Divider' <Latency = 35> <II = 1> <Delay = 4.33> <FuncUnit> <Opcode : 'udiv' 'sdiv' 'urem' 'srem'> <InPorts = 2> <OutPorts = 1>

State 32 <SV = 31> <Delay = 4.33>
ST_32 : Operation 199 [7/36] (4.33ns)   --->   "%x = udiv i32 %select_ln21_2, i32 %n_read" [cpu_functions.cpp:23]   --->   Operation 199 'udiv' 'x' <Predicate = true> <Delay = 4.33> <CoreInst = "Divider">   --->   Core 6 'Divider' <Latency = 35> <II = 1> <Delay = 4.33> <FuncUnit> <Opcode : 'udiv' 'sdiv' 'urem' 'srem'> <InPorts = 2> <OutPorts = 1>
ST_32 : Operation 200 [9/36] (4.33ns)   --->   "%y = urem i32 %select_ln21_2, i32 %n_read" [cpu_functions.cpp:24]   --->   Operation 200 'urem' 'y' <Predicate = true> <Delay = 4.33> <CoreInst = "Divider">   --->   Core 6 'Divider' <Latency = 35> <II = 1> <Delay = 4.33> <FuncUnit> <Opcode : 'udiv' 'sdiv' 'urem' 'srem'> <InPorts = 2> <OutPorts = 1>
ST_32 : Operation 201 [8/36] (4.33ns)   --->   "%udiv_ln29 = udiv i32 %select_ln21, i32 %kernel_size_read" [cpu_functions.cpp:29]   --->   Operation 201 'udiv' 'udiv_ln29' <Predicate = true> <Delay = 4.33> <CoreInst = "Divider">   --->   Core 6 'Divider' <Latency = 35> <II = 1> <Delay = 4.33> <FuncUnit> <Opcode : 'udiv' 'sdiv' 'urem' 'srem'> <InPorts = 2> <OutPorts = 1>
ST_32 : Operation 202 [10/36] (4.33ns)   --->   "%urem_ln30 = urem i32 %select_ln21, i32 %kernel_size_read" [cpu_functions.cpp:30]   --->   Operation 202 'urem' 'urem_ln30' <Predicate = true> <Delay = 4.33> <CoreInst = "Divider">   --->   Core 6 'Divider' <Latency = 35> <II = 1> <Delay = 4.33> <FuncUnit> <Opcode : 'udiv' 'sdiv' 'urem' 'srem'> <InPorts = 2> <OutPorts = 1>

State 33 <SV = 32> <Delay = 4.33>
ST_33 : Operation 203 [6/36] (4.33ns)   --->   "%x = udiv i32 %select_ln21_2, i32 %n_read" [cpu_functions.cpp:23]   --->   Operation 203 'udiv' 'x' <Predicate = true> <Delay = 4.33> <CoreInst = "Divider">   --->   Core 6 'Divider' <Latency = 35> <II = 1> <Delay = 4.33> <FuncUnit> <Opcode : 'udiv' 'sdiv' 'urem' 'srem'> <InPorts = 2> <OutPorts = 1>
ST_33 : Operation 204 [8/36] (4.33ns)   --->   "%y = urem i32 %select_ln21_2, i32 %n_read" [cpu_functions.cpp:24]   --->   Operation 204 'urem' 'y' <Predicate = true> <Delay = 4.33> <CoreInst = "Divider">   --->   Core 6 'Divider' <Latency = 35> <II = 1> <Delay = 4.33> <FuncUnit> <Opcode : 'udiv' 'sdiv' 'urem' 'srem'> <InPorts = 2> <OutPorts = 1>
ST_33 : Operation 205 [7/36] (4.33ns)   --->   "%udiv_ln29 = udiv i32 %select_ln21, i32 %kernel_size_read" [cpu_functions.cpp:29]   --->   Operation 205 'udiv' 'udiv_ln29' <Predicate = true> <Delay = 4.33> <CoreInst = "Divider">   --->   Core 6 'Divider' <Latency = 35> <II = 1> <Delay = 4.33> <FuncUnit> <Opcode : 'udiv' 'sdiv' 'urem' 'srem'> <InPorts = 2> <OutPorts = 1>
ST_33 : Operation 206 [9/36] (4.33ns)   --->   "%urem_ln30 = urem i32 %select_ln21, i32 %kernel_size_read" [cpu_functions.cpp:30]   --->   Operation 206 'urem' 'urem_ln30' <Predicate = true> <Delay = 4.33> <CoreInst = "Divider">   --->   Core 6 'Divider' <Latency = 35> <II = 1> <Delay = 4.33> <FuncUnit> <Opcode : 'udiv' 'sdiv' 'urem' 'srem'> <InPorts = 2> <OutPorts = 1>

State 34 <SV = 33> <Delay = 4.33>
ST_34 : Operation 207 [5/36] (4.33ns)   --->   "%x = udiv i32 %select_ln21_2, i32 %n_read" [cpu_functions.cpp:23]   --->   Operation 207 'udiv' 'x' <Predicate = true> <Delay = 4.33> <CoreInst = "Divider">   --->   Core 6 'Divider' <Latency = 35> <II = 1> <Delay = 4.33> <FuncUnit> <Opcode : 'udiv' 'sdiv' 'urem' 'srem'> <InPorts = 2> <OutPorts = 1>
ST_34 : Operation 208 [7/36] (4.33ns)   --->   "%y = urem i32 %select_ln21_2, i32 %n_read" [cpu_functions.cpp:24]   --->   Operation 208 'urem' 'y' <Predicate = true> <Delay = 4.33> <CoreInst = "Divider">   --->   Core 6 'Divider' <Latency = 35> <II = 1> <Delay = 4.33> <FuncUnit> <Opcode : 'udiv' 'sdiv' 'urem' 'srem'> <InPorts = 2> <OutPorts = 1>
ST_34 : Operation 209 [6/36] (4.33ns)   --->   "%udiv_ln29 = udiv i32 %select_ln21, i32 %kernel_size_read" [cpu_functions.cpp:29]   --->   Operation 209 'udiv' 'udiv_ln29' <Predicate = true> <Delay = 4.33> <CoreInst = "Divider">   --->   Core 6 'Divider' <Latency = 35> <II = 1> <Delay = 4.33> <FuncUnit> <Opcode : 'udiv' 'sdiv' 'urem' 'srem'> <InPorts = 2> <OutPorts = 1>
ST_34 : Operation 210 [8/36] (4.33ns)   --->   "%urem_ln30 = urem i32 %select_ln21, i32 %kernel_size_read" [cpu_functions.cpp:30]   --->   Operation 210 'urem' 'urem_ln30' <Predicate = true> <Delay = 4.33> <CoreInst = "Divider">   --->   Core 6 'Divider' <Latency = 35> <II = 1> <Delay = 4.33> <FuncUnit> <Opcode : 'udiv' 'sdiv' 'urem' 'srem'> <InPorts = 2> <OutPorts = 1>

State 35 <SV = 34> <Delay = 4.33>
ST_35 : Operation 211 [4/36] (4.33ns)   --->   "%x = udiv i32 %select_ln21_2, i32 %n_read" [cpu_functions.cpp:23]   --->   Operation 211 'udiv' 'x' <Predicate = true> <Delay = 4.33> <CoreInst = "Divider">   --->   Core 6 'Divider' <Latency = 35> <II = 1> <Delay = 4.33> <FuncUnit> <Opcode : 'udiv' 'sdiv' 'urem' 'srem'> <InPorts = 2> <OutPorts = 1>
ST_35 : Operation 212 [6/36] (4.33ns)   --->   "%y = urem i32 %select_ln21_2, i32 %n_read" [cpu_functions.cpp:24]   --->   Operation 212 'urem' 'y' <Predicate = true> <Delay = 4.33> <CoreInst = "Divider">   --->   Core 6 'Divider' <Latency = 35> <II = 1> <Delay = 4.33> <FuncUnit> <Opcode : 'udiv' 'sdiv' 'urem' 'srem'> <InPorts = 2> <OutPorts = 1>
ST_35 : Operation 213 [5/36] (4.33ns)   --->   "%udiv_ln29 = udiv i32 %select_ln21, i32 %kernel_size_read" [cpu_functions.cpp:29]   --->   Operation 213 'udiv' 'udiv_ln29' <Predicate = true> <Delay = 4.33> <CoreInst = "Divider">   --->   Core 6 'Divider' <Latency = 35> <II = 1> <Delay = 4.33> <FuncUnit> <Opcode : 'udiv' 'sdiv' 'urem' 'srem'> <InPorts = 2> <OutPorts = 1>
ST_35 : Operation 214 [7/36] (4.33ns)   --->   "%urem_ln30 = urem i32 %select_ln21, i32 %kernel_size_read" [cpu_functions.cpp:30]   --->   Operation 214 'urem' 'urem_ln30' <Predicate = true> <Delay = 4.33> <CoreInst = "Divider">   --->   Core 6 'Divider' <Latency = 35> <II = 1> <Delay = 4.33> <FuncUnit> <Opcode : 'udiv' 'sdiv' 'urem' 'srem'> <InPorts = 2> <OutPorts = 1>

State 36 <SV = 35> <Delay = 4.33>
ST_36 : Operation 215 [3/36] (4.33ns)   --->   "%x = udiv i32 %select_ln21_2, i32 %n_read" [cpu_functions.cpp:23]   --->   Operation 215 'udiv' 'x' <Predicate = true> <Delay = 4.33> <CoreInst = "Divider">   --->   Core 6 'Divider' <Latency = 35> <II = 1> <Delay = 4.33> <FuncUnit> <Opcode : 'udiv' 'sdiv' 'urem' 'srem'> <InPorts = 2> <OutPorts = 1>
ST_36 : Operation 216 [5/36] (4.33ns)   --->   "%y = urem i32 %select_ln21_2, i32 %n_read" [cpu_functions.cpp:24]   --->   Operation 216 'urem' 'y' <Predicate = true> <Delay = 4.33> <CoreInst = "Divider">   --->   Core 6 'Divider' <Latency = 35> <II = 1> <Delay = 4.33> <FuncUnit> <Opcode : 'udiv' 'sdiv' 'urem' 'srem'> <InPorts = 2> <OutPorts = 1>
ST_36 : Operation 217 [4/36] (4.33ns)   --->   "%udiv_ln29 = udiv i32 %select_ln21, i32 %kernel_size_read" [cpu_functions.cpp:29]   --->   Operation 217 'udiv' 'udiv_ln29' <Predicate = true> <Delay = 4.33> <CoreInst = "Divider">   --->   Core 6 'Divider' <Latency = 35> <II = 1> <Delay = 4.33> <FuncUnit> <Opcode : 'udiv' 'sdiv' 'urem' 'srem'> <InPorts = 2> <OutPorts = 1>
ST_36 : Operation 218 [6/36] (4.33ns)   --->   "%urem_ln30 = urem i32 %select_ln21, i32 %kernel_size_read" [cpu_functions.cpp:30]   --->   Operation 218 'urem' 'urem_ln30' <Predicate = true> <Delay = 4.33> <CoreInst = "Divider">   --->   Core 6 'Divider' <Latency = 35> <II = 1> <Delay = 4.33> <FuncUnit> <Opcode : 'udiv' 'sdiv' 'urem' 'srem'> <InPorts = 2> <OutPorts = 1>

State 37 <SV = 36> <Delay = 4.33>
ST_37 : Operation 219 [2/36] (4.33ns)   --->   "%x = udiv i32 %select_ln21_2, i32 %n_read" [cpu_functions.cpp:23]   --->   Operation 219 'udiv' 'x' <Predicate = true> <Delay = 4.33> <CoreInst = "Divider">   --->   Core 6 'Divider' <Latency = 35> <II = 1> <Delay = 4.33> <FuncUnit> <Opcode : 'udiv' 'sdiv' 'urem' 'srem'> <InPorts = 2> <OutPorts = 1>
ST_37 : Operation 220 [4/36] (4.33ns)   --->   "%y = urem i32 %select_ln21_2, i32 %n_read" [cpu_functions.cpp:24]   --->   Operation 220 'urem' 'y' <Predicate = true> <Delay = 4.33> <CoreInst = "Divider">   --->   Core 6 'Divider' <Latency = 35> <II = 1> <Delay = 4.33> <FuncUnit> <Opcode : 'udiv' 'sdiv' 'urem' 'srem'> <InPorts = 2> <OutPorts = 1>
ST_37 : Operation 221 [3/36] (4.33ns)   --->   "%udiv_ln29 = udiv i32 %select_ln21, i32 %kernel_size_read" [cpu_functions.cpp:29]   --->   Operation 221 'udiv' 'udiv_ln29' <Predicate = true> <Delay = 4.33> <CoreInst = "Divider">   --->   Core 6 'Divider' <Latency = 35> <II = 1> <Delay = 4.33> <FuncUnit> <Opcode : 'udiv' 'sdiv' 'urem' 'srem'> <InPorts = 2> <OutPorts = 1>
ST_37 : Operation 222 [5/36] (4.33ns)   --->   "%urem_ln30 = urem i32 %select_ln21, i32 %kernel_size_read" [cpu_functions.cpp:30]   --->   Operation 222 'urem' 'urem_ln30' <Predicate = true> <Delay = 4.33> <CoreInst = "Divider">   --->   Core 6 'Divider' <Latency = 35> <II = 1> <Delay = 4.33> <FuncUnit> <Opcode : 'udiv' 'sdiv' 'urem' 'srem'> <InPorts = 2> <OutPorts = 1>

State 38 <SV = 37> <Delay = 4.33>
ST_38 : Operation 223 [1/36] (4.33ns)   --->   "%x = udiv i32 %select_ln21_2, i32 %n_read" [cpu_functions.cpp:23]   --->   Operation 223 'udiv' 'x' <Predicate = true> <Delay = 4.33> <CoreInst = "Divider">   --->   Core 6 'Divider' <Latency = 35> <II = 1> <Delay = 4.33> <FuncUnit> <Opcode : 'udiv' 'sdiv' 'urem' 'srem'> <InPorts = 2> <OutPorts = 1>
ST_38 : Operation 224 [3/36] (4.33ns)   --->   "%y = urem i32 %select_ln21_2, i32 %n_read" [cpu_functions.cpp:24]   --->   Operation 224 'urem' 'y' <Predicate = true> <Delay = 4.33> <CoreInst = "Divider">   --->   Core 6 'Divider' <Latency = 35> <II = 1> <Delay = 4.33> <FuncUnit> <Opcode : 'udiv' 'sdiv' 'urem' 'srem'> <InPorts = 2> <OutPorts = 1>
ST_38 : Operation 225 [2/36] (4.33ns)   --->   "%udiv_ln29 = udiv i32 %select_ln21, i32 %kernel_size_read" [cpu_functions.cpp:29]   --->   Operation 225 'udiv' 'udiv_ln29' <Predicate = true> <Delay = 4.33> <CoreInst = "Divider">   --->   Core 6 'Divider' <Latency = 35> <II = 1> <Delay = 4.33> <FuncUnit> <Opcode : 'udiv' 'sdiv' 'urem' 'srem'> <InPorts = 2> <OutPorts = 1>
ST_38 : Operation 226 [4/36] (4.33ns)   --->   "%urem_ln30 = urem i32 %select_ln21, i32 %kernel_size_read" [cpu_functions.cpp:30]   --->   Operation 226 'urem' 'urem_ln30' <Predicate = true> <Delay = 4.33> <CoreInst = "Divider">   --->   Core 6 'Divider' <Latency = 35> <II = 1> <Delay = 4.33> <FuncUnit> <Opcode : 'udiv' 'sdiv' 'urem' 'srem'> <InPorts = 2> <OutPorts = 1>

State 39 <SV = 38> <Delay = 4.33>
ST_39 : Operation 227 [2/36] (4.33ns)   --->   "%y = urem i32 %select_ln21_2, i32 %n_read" [cpu_functions.cpp:24]   --->   Operation 227 'urem' 'y' <Predicate = true> <Delay = 4.33> <CoreInst = "Divider">   --->   Core 6 'Divider' <Latency = 35> <II = 1> <Delay = 4.33> <FuncUnit> <Opcode : 'udiv' 'sdiv' 'urem' 'srem'> <InPorts = 2> <OutPorts = 1>
ST_39 : Operation 228 [1/36] (4.33ns)   --->   "%udiv_ln29 = udiv i32 %select_ln21, i32 %kernel_size_read" [cpu_functions.cpp:29]   --->   Operation 228 'udiv' 'udiv_ln29' <Predicate = true> <Delay = 4.33> <CoreInst = "Divider">   --->   Core 6 'Divider' <Latency = 35> <II = 1> <Delay = 4.33> <FuncUnit> <Opcode : 'udiv' 'sdiv' 'urem' 'srem'> <InPorts = 2> <OutPorts = 1>
ST_39 : Operation 229 [3/36] (4.33ns)   --->   "%urem_ln30 = urem i32 %select_ln21, i32 %kernel_size_read" [cpu_functions.cpp:30]   --->   Operation 229 'urem' 'urem_ln30' <Predicate = true> <Delay = 4.33> <CoreInst = "Divider">   --->   Core 6 'Divider' <Latency = 35> <II = 1> <Delay = 4.33> <FuncUnit> <Opcode : 'udiv' 'sdiv' 'urem' 'srem'> <InPorts = 2> <OutPorts = 1>

State 40 <SV = 39> <Delay = 4.37>
ST_40 : Operation 230 [1/36] (4.33ns)   --->   "%y = urem i32 %select_ln21_2, i32 %n_read" [cpu_functions.cpp:24]   --->   Operation 230 'urem' 'y' <Predicate = true> <Delay = 4.33> <CoreInst = "Divider">   --->   Core 6 'Divider' <Latency = 35> <II = 1> <Delay = 4.33> <FuncUnit> <Opcode : 'udiv' 'sdiv' 'urem' 'srem'> <InPorts = 2> <OutPorts = 1>
ST_40 : Operation 231 [1/1] (0.00ns) (grouped into TernaryAdder)   --->   "%kx = sub i32 %udiv_ln29, i32 %kernel_rad_cast" [cpu_functions.cpp:29]   --->   Operation 231 'sub' 'kx' <Predicate = true> <Delay = 0.00> <CoreInst = "TAddSub">   --->   Core 10 'TAddSub' <Latency = 0> <II = 1> <Delay = 2.18> <IPBlock> <Opcode : 'add' 'sub'> <InPorts = 3> <OutPorts = 1> <Sync> <CReg>
ST_40 : Operation 232 [2/36] (4.33ns)   --->   "%urem_ln30 = urem i32 %select_ln21, i32 %kernel_size_read" [cpu_functions.cpp:30]   --->   Operation 232 'urem' 'urem_ln30' <Predicate = true> <Delay = 4.33> <CoreInst = "Divider">   --->   Core 6 'Divider' <Latency = 35> <II = 1> <Delay = 4.33> <FuncUnit> <Opcode : 'udiv' 'sdiv' 'urem' 'srem'> <InPorts = 2> <OutPorts = 1>
ST_40 : Operation 233 [1/1] (4.37ns) (root node of TernaryAdder)   --->   "%add_ln31_1 = add i32 %kx, i32 %x" [cpu_functions.cpp:31]   --->   Operation 233 'add' 'add_ln31_1' <Predicate = true> <Delay = 4.37> <CoreInst = "TAddSub">   --->   Core 10 'TAddSub' <Latency = 0> <II = 1> <Delay = 2.18> <IPBlock> <Opcode : 'add' 'sub'> <InPorts = 3> <OutPorts = 1> <Sync> <CReg>

State 41 <SV = 40> <Delay = 6.91>
ST_41 : Operation 234 [1/36] (4.33ns)   --->   "%urem_ln30 = urem i32 %select_ln21, i32 %kernel_size_read" [cpu_functions.cpp:30]   --->   Operation 234 'urem' 'urem_ln30' <Predicate = true> <Delay = 4.33> <CoreInst = "Divider">   --->   Core 6 'Divider' <Latency = 35> <II = 1> <Delay = 4.33> <FuncUnit> <Opcode : 'udiv' 'sdiv' 'urem' 'srem'> <InPorts = 2> <OutPorts = 1>
ST_41 : Operation 235 [2/2] (6.91ns)   --->   "%mul_ln33 = mul i32 %add_ln31_1, i32 %n_read" [cpu_functions.cpp:33]   --->   Operation 235 'mul' 'mul_ln33' <Predicate = true> <Delay = 6.91> <CoreInst = "Multiplier">   --->   Core 3 'Multiplier' <Latency = 1> <II = 1> <Delay = 6.91> <FuncUnit> <Opcode : 'mul'> <InPorts = 2> <OutPorts = 1>

State 42 <SV = 41> <Delay = 6.92>
ST_42 : Operation 236 [1/1] (0.00ns) (grouped into TernaryAdder)   --->   "%ky = sub i32 %urem_ln30, i32 %kernel_rad_cast" [cpu_functions.cpp:30]   --->   Operation 236 'sub' 'ky' <Predicate = true> <Delay = 0.00> <CoreInst = "TAddSub">   --->   Core 10 'TAddSub' <Latency = 0> <II = 1> <Delay = 2.18> <IPBlock> <Opcode : 'add' 'sub'> <InPorts = 3> <OutPorts = 1> <Sync> <CReg>
ST_42 : Operation 237 [1/1] (4.37ns) (root node of TernaryAdder)   --->   "%add_ln31_2 = add i32 %ky, i32 %y" [cpu_functions.cpp:31]   --->   Operation 237 'add' 'add_ln31_2' <Predicate = true> <Delay = 4.37> <CoreInst = "TAddSub">   --->   Core 10 'TAddSub' <Latency = 0> <II = 1> <Delay = 2.18> <IPBlock> <Opcode : 'add' 'sub'> <InPorts = 3> <OutPorts = 1> <Sync> <CReg>
ST_42 : Operation 238 [1/1] (0.00ns)   --->   "%trunc_ln31 = trunc i32 %add_ln31_2" [cpu_functions.cpp:31]   --->   Operation 238 'trunc' 'trunc_ln31' <Predicate = true> <Delay = 0.00>
ST_42 : Operation 239 [1/1] (2.55ns)   --->   "%icmp_ln31 = icmp_sgt  i32 %add_ln31_1, i32 %add_ln31_read" [cpu_functions.cpp:31]   --->   Operation 239 'icmp' 'icmp_ln31' <Predicate = true> <Delay = 2.55> <CoreInst = "Cmp">   --->   Core 9 'Cmp' <Latency = 0> <II = 1> <Delay = 2.55> <FuncUnit> <Opcode : 'seteq' 'setne' 'setle' 'setge' 'setlt' 'setgt'> <InPorts = 2> <OutPorts = 1>
ST_42 : Operation 240 [1/1] (2.55ns)   --->   "%icmp_ln31_1 = icmp_sgt  i32 %add_ln31_2, i32 %add_ln31_read" [cpu_functions.cpp:31]   --->   Operation 240 'icmp' 'icmp_ln31_1' <Predicate = true> <Delay = 2.55> <CoreInst = "Cmp">   --->   Core 9 'Cmp' <Latency = 0> <II = 1> <Delay = 2.55> <FuncUnit> <Opcode : 'seteq' 'setne' 'setle' 'setge' 'setlt' 'setgt'> <InPorts = 2> <OutPorts = 1>
ST_42 : Operation 241 [1/2] (6.91ns)   --->   "%mul_ln33 = mul i32 %add_ln31_1, i32 %n_read" [cpu_functions.cpp:33]   --->   Operation 241 'mul' 'mul_ln33' <Predicate = true> <Delay = 6.91> <CoreInst = "Multiplier">   --->   Core 3 'Multiplier' <Latency = 1> <II = 1> <Delay = 6.91> <FuncUnit> <Opcode : 'mul'> <InPorts = 2> <OutPorts = 1>
ST_42 : Operation 242 [1/1] (0.00ns)   --->   "%trunc_ln33 = trunc i32 %mul_ln33" [cpu_functions.cpp:33]   --->   Operation 242 'trunc' 'trunc_ln33' <Predicate = true> <Delay = 0.00>

State 43 <SV = 42> <Delay = 4.86>
ST_43 : Operation 243 [1/1] (2.40ns)   --->   "%add_ln33 = add i27 %trunc_ln33, i27 %trunc_ln31" [cpu_functions.cpp:33]   --->   Operation 243 'add' 'add_ln33' <Predicate = true> <Delay = 2.40> <CoreInst = "Adder">   --->   Core 1 'Adder' <Latency = 0> <II = 1> <Delay = 2.40> <FuncUnit> <Opcode : 'add' 'sub'> <InPorts = 2> <OutPorts = 1>
ST_43 : Operation 244 [1/1] (0.00ns)   --->   "%shl_ln33_1 = bitconcatenate i29 @_ssdm_op_BitConcatenate.i29.i27.i2, i27 %add_ln33, i2 0" [cpu_functions.cpp:33]   --->   Operation 244 'bitconcatenate' 'shl_ln33_1' <Predicate = true> <Delay = 0.00>
ST_43 : Operation 245 [1/1] (2.46ns)   --->   "%add_ln33_1 = add i29 %shl_ln33_1, i29 %tmp" [cpu_functions.cpp:33]   --->   Operation 245 'add' 'add_ln33_1' <Predicate = true> <Delay = 2.46> <CoreInst = "Adder">   --->   Core 1 'Adder' <Latency = 0> <II = 1> <Delay = 2.46> <FuncUnit> <Opcode : 'add' 'sub'> <InPorts = 2> <OutPorts = 1>

State 44 <SV = 43> <Delay = 5.41>
ST_44 : Operation 246 [1/1] (0.00ns) (grouped into LUT with out node value_1)   --->   "%or_ln31 = or i32 %add_ln31_2, i32 %add_ln31_1" [cpu_functions.cpp:31]   --->   Operation 246 'or' 'or_ln31' <Predicate = true> <Delay = 0.00> <CoreInst = "LogicGate">   --->   Core 74 'LogicGate' <Latency = 0> <II = 1> <Delay = 0.99> <FuncUnit> <Opcode : 'and' 'or' 'xor'> <InPorts = 2> <OutPorts = 1>
ST_44 : Operation 247 [1/1] (0.00ns) (grouped into LUT with out node value_1)   --->   "%tmp_31 = bitselect i1 @_ssdm_op_BitSelect.i1.i32.i32, i32 %or_ln31, i32 31" [cpu_functions.cpp:31]   --->   Operation 247 'bitselect' 'tmp_31' <Predicate = true> <Delay = 0.00>
ST_44 : Operation 248 [1/1] (0.00ns) (grouped into LUT with out node value_1)   --->   "%or_ln31_1 = or i1 %icmp_ln31, i1 %tmp_31" [cpu_functions.cpp:31]   --->   Operation 248 'or' 'or_ln31_1' <Predicate = true> <Delay = 0.00> <CoreInst = "LogicGate">   --->   Core 74 'LogicGate' <Latency = 0> <II = 1> <Delay = 0.97> <FuncUnit> <Opcode : 'and' 'or' 'xor'> <InPorts = 2> <OutPorts = 1>
ST_44 : Operation 249 [1/1] (0.00ns) (grouped into LUT with out node value_1)   --->   "%or_ln31_2 = or i1 %or_ln31_1, i1 %icmp_ln31_1" [cpu_functions.cpp:31]   --->   Operation 249 'or' 'or_ln31_2' <Predicate = true> <Delay = 0.00> <CoreInst = "LogicGate">   --->   Core 74 'LogicGate' <Latency = 0> <II = 1> <Delay = 0.97> <FuncUnit> <Opcode : 'and' 'or' 'xor'> <InPorts = 2> <OutPorts = 1>
ST_44 : Operation 250 [1/1] (0.00ns)   --->   "%shl_ln = bitconcatenate i32 @_ssdm_op_BitConcatenate.i32.i29.i3, i29 %add_ln33_1, i3 0" [cpu_functions.cpp:33]   --->   Operation 250 'bitconcatenate' 'shl_ln' <Predicate = true> <Delay = 0.00>
ST_44 : Operation 251 [1/1] (4.42ns)   --->   "%lshr_ln33 = lshr i32 %A_read_1, i32 %shl_ln" [cpu_functions.cpp:33]   --->   Operation 251 'lshr' 'lshr_ln33' <Predicate = true> <Delay = 4.42> <CoreInst = "Shifter">   --->   Core 75 'Shifter' <Latency = 0> <II = 1> <Delay = 4.42> <FuncUnit> <Opcode : 'shl' 'lshr' 'ashr'> <InPorts = 2> <OutPorts = 1>
ST_44 : Operation 252 [1/1] (0.00ns) (grouped into LUT with out node value_1)   --->   "%value = bitcast i32 %lshr_ln33" [cpu_functions.cpp:33]   --->   Operation 252 'bitcast' 'value' <Predicate = true> <Delay = 0.00>
ST_44 : Operation 253 [1/1] (0.99ns) (out node of the LUT)   --->   "%value_1 = select i1 %or_ln31_2, i32 0, i32 %value" [cpu_functions.cpp:31]   --->   Operation 253 'select' 'value_1' <Predicate = true> <Delay = 0.99> <CoreInst = "Sel">   --->   Core 73 'Sel' <Latency = 0> <II = 1> <Delay = 0.69> <FuncUnit> <Opcode : 'select'> <InPorts = 3> <OutPorts = 1>

State 45 <SV = 44> <Delay = 5.70>
ST_45 : Operation 254 [4/4] (5.70ns)   --->   "%mul = fmul i32 %value_1, i32 %bitcast_ln35_read" [cpu_functions.cpp:35]   --->   Operation 254 'fmul' 'mul' <Predicate = true> <Delay = 5.70> <CoreInst = "FMul_maxdsp">   --->   Core 30 'FMul_maxdsp' <Latency = 3> <II = 1> <Delay = 5.70> <FuncUnit> <Opcode : 'fmul'> <InPorts = 2> <OutPorts = 1>

State 46 <SV = 45> <Delay = 5.70>
ST_46 : Operation 255 [3/4] (5.70ns)   --->   "%mul = fmul i32 %value_1, i32 %bitcast_ln35_read" [cpu_functions.cpp:35]   --->   Operation 255 'fmul' 'mul' <Predicate = true> <Delay = 5.70> <CoreInst = "FMul_maxdsp">   --->   Core 30 'FMul_maxdsp' <Latency = 3> <II = 1> <Delay = 5.70> <FuncUnit> <Opcode : 'fmul'> <InPorts = 2> <OutPorts = 1>

State 47 <SV = 46> <Delay = 5.70>
ST_47 : Operation 256 [2/4] (5.70ns)   --->   "%mul = fmul i32 %value_1, i32 %bitcast_ln35_read" [cpu_functions.cpp:35]   --->   Operation 256 'fmul' 'mul' <Predicate = true> <Delay = 5.70> <CoreInst = "FMul_maxdsp">   --->   Core 30 'FMul_maxdsp' <Latency = 3> <II = 1> <Delay = 5.70> <FuncUnit> <Opcode : 'fmul'> <InPorts = 2> <OutPorts = 1>

State 48 <SV = 47> <Delay = 5.70>
ST_48 : Operation 257 [1/1] (0.00ns)   --->   "%sum_load_1 = load i32 %sum" [cpu_functions.cpp:21]   --->   Operation 257 'load' 'sum_load_1' <Predicate = (!icmp_ln26)> <Delay = 0.00>
ST_48 : Operation 258 [1/1] (0.69ns)   --->   "%select_ln21_1 = select i1 %icmp_ln26, i32 0, i32 %sum_load_1" [cpu_functions.cpp:21]   --->   Operation 258 'select' 'select_ln21_1' <Predicate = true> <Delay = 0.69> <CoreInst = "Sel">   --->   Core 73 'Sel' <Latency = 0> <II = 1> <Delay = 0.69> <FuncUnit> <Opcode : 'select'> <InPorts = 3> <OutPorts = 1>
ST_48 : Operation 259 [1/4] (5.70ns)   --->   "%mul = fmul i32 %value_1, i32 %bitcast_ln35_read" [cpu_functions.cpp:35]   --->   Operation 259 'fmul' 'mul' <Predicate = true> <Delay = 5.70> <CoreInst = "FMul_maxdsp">   --->   Core 30 'FMul_maxdsp' <Latency = 3> <II = 1> <Delay = 5.70> <FuncUnit> <Opcode : 'fmul'> <InPorts = 2> <OutPorts = 1>
ST_48 : Operation 269 [1/1] (0.00ns)   --->   "%sum_load = load i32 %sum"   --->   Operation 269 'load' 'sum_load' <Predicate = (icmp_ln21)> <Delay = 0.00>
ST_48 : Operation 270 [1/1] (0.00ns)   --->   "%write_ln0 = write void @_ssdm_op_Write.ap_auto.floatP0A, i32 %sum_out, i32 %sum_load"   --->   Operation 270 'write' 'write_ln0' <Predicate = (icmp_ln21)> <Delay = 0.00>
ST_48 : Operation 271 [1/1] (1.58ns)   --->   "%ret_ln0 = ret"   --->   Operation 271 'ret' 'ret_ln0' <Predicate = (icmp_ln21)> <Delay = 1.58>

State 49 <SV = 48> <Delay = 7.25>
ST_49 : Operation 260 [5/5] (7.25ns)   --->   "%sum_1 = fadd i32 %select_ln21_1, i32 %mul" [cpu_functions.cpp:35]   --->   Operation 260 'fadd' 'sum_1' <Predicate = true> <Delay = 7.25> <CoreInst = "FAddSub_fulldsp">   --->   Core 18 'FAddSub_fulldsp' <Latency = 4> <II = 1> <Delay = 7.25> <FuncUnit> <Opcode : 'fadd' 'fsub'> <InPorts = 2> <OutPorts = 1>

State 50 <SV = 49> <Delay = 7.25>
ST_50 : Operation 261 [4/5] (7.25ns)   --->   "%sum_1 = fadd i32 %select_ln21_1, i32 %mul" [cpu_functions.cpp:35]   --->   Operation 261 'fadd' 'sum_1' <Predicate = true> <Delay = 7.25> <CoreInst = "FAddSub_fulldsp">   --->   Core 18 'FAddSub_fulldsp' <Latency = 4> <II = 1> <Delay = 7.25> <FuncUnit> <Opcode : 'fadd' 'fsub'> <InPorts = 2> <OutPorts = 1>

State 51 <SV = 50> <Delay = 7.25>
ST_51 : Operation 262 [3/5] (7.25ns)   --->   "%sum_1 = fadd i32 %select_ln21_1, i32 %mul" [cpu_functions.cpp:35]   --->   Operation 262 'fadd' 'sum_1' <Predicate = true> <Delay = 7.25> <CoreInst = "FAddSub_fulldsp">   --->   Core 18 'FAddSub_fulldsp' <Latency = 4> <II = 1> <Delay = 7.25> <FuncUnit> <Opcode : 'fadd' 'fsub'> <InPorts = 2> <OutPorts = 1>

State 52 <SV = 51> <Delay = 7.25>
ST_52 : Operation 263 [2/5] (7.25ns)   --->   "%sum_1 = fadd i32 %select_ln21_1, i32 %mul" [cpu_functions.cpp:35]   --->   Operation 263 'fadd' 'sum_1' <Predicate = true> <Delay = 7.25> <CoreInst = "FAddSub_fulldsp">   --->   Core 18 'FAddSub_fulldsp' <Latency = 4> <II = 1> <Delay = 7.25> <FuncUnit> <Opcode : 'fadd' 'fsub'> <InPorts = 2> <OutPorts = 1>

State 53 <SV = 52> <Delay = 7.25>
ST_53 : Operation 264 [1/5] (7.25ns)   --->   "%sum_1 = fadd i32 %select_ln21_1, i32 %mul" [cpu_functions.cpp:35]   --->   Operation 264 'fadd' 'sum_1' <Predicate = true> <Delay = 7.25> <CoreInst = "FAddSub_fulldsp">   --->   Core 18 'FAddSub_fulldsp' <Latency = 4> <II = 1> <Delay = 7.25> <FuncUnit> <Opcode : 'fadd' 'fsub'> <InPorts = 2> <OutPorts = 1>

State 54 <SV = 53> <Delay = 2.28>
ST_54 : Operation 265 [1/1] (0.00ns)   --->   "%specloopname_ln0 = specloopname void @_ssdm_op_SpecLoopName, void @VITIS_LOOP_21_1_VITIS_LOOP_26_2_str"   --->   Operation 265 'specloopname' 'specloopname_ln0' <Predicate = true> <Delay = 0.00>
ST_54 : Operation 266 [1/1] (0.00ns)   --->   "%specpipeline_ln16 = specpipeline void @_ssdm_op_SpecPipeline, i32 4294967295, i32 0, i32 0, i32 0, i32 4294967295, void @empty_2" [cpu_functions.cpp:16]   --->   Operation 266 'specpipeline' 'specpipeline_ln16' <Predicate = true> <Delay = 0.00>
ST_54 : Operation 267 [1/1] (1.58ns)   --->   "%store_ln16 = store i32 %sum_1, i32 %sum" [cpu_functions.cpp:16]   --->   Operation 267 'store' 'store_ln16' <Predicate = true> <Delay = 1.58>
ST_54 : Operation 268 [1/1] (0.00ns)   --->   "%br_ln26 = br void %for.body6" [cpu_functions.cpp:26]   --->   Operation 268 'br' 'br_ln26' <Predicate = true> <Delay = 0.00>


============================================================
+ Verbose Summary: Timing violations
============================================================
Target clock period: 10.000ns, clock uncertainty: 2.700ns.

 <State 1>: 1.588ns
The critical path consists of the following:
	'alloca' operation 64 bit ('indvar_flatten') [14]  (0.000 ns)
	'store' operation ('store_ln0') of constant 0 64 bit on local variable 'indvar_flatten' [25]  (1.588 ns)

 <State 2>: 5.108ns
The critical path consists of the following:
	'load' operation 64 bit ('indvar_flatten_load', cpu_functions.cpp:21) on local variable 'indvar_flatten' [31]  (0.000 ns)
	'icmp' operation 1 bit ('icmp_ln21', cpu_functions.cpp:21) [32]  (3.520 ns)
	'store' operation ('store_ln21', cpu_functions.cpp:21) of variable 'add_ln21', cpu_functions.cpp:21 64 bit on local variable 'indvar_flatten' [73]  (1.588 ns)

 <State 3>: 4.336ns
The critical path consists of the following:
	'udiv' operation 32 bit ('x', cpu_functions.cpp:23) [45]  (4.336 ns)

 <State 4>: 5.034ns
The critical path consists of the following:
	'select' operation 32 bit ('select_ln21', cpu_functions.cpp:21) [41]  (0.698 ns)
	'udiv' operation 32 bit ('udiv_ln29', cpu_functions.cpp:29) [48]  (4.336 ns)

 <State 5>: 4.336ns
The critical path consists of the following:
	'udiv' operation 32 bit ('x', cpu_functions.cpp:23) [45]  (4.336 ns)

 <State 6>: 4.336ns
The critical path consists of the following:
	'udiv' operation 32 bit ('x', cpu_functions.cpp:23) [45]  (4.336 ns)

 <State 7>: 4.336ns
The critical path consists of the following:
	'udiv' operation 32 bit ('x', cpu_functions.cpp:23) [45]  (4.336 ns)

 <State 8>: 4.336ns
The critical path consists of the following:
	'udiv' operation 32 bit ('x', cpu_functions.cpp:23) [45]  (4.336 ns)

 <State 9>: 4.336ns
The critical path consists of the following:
	'udiv' operation 32 bit ('x', cpu_functions.cpp:23) [45]  (4.336 ns)

 <State 10>: 4.336ns
The critical path consists of the following:
	'udiv' operation 32 bit ('x', cpu_functions.cpp:23) [45]  (4.336 ns)

 <State 11>: 4.336ns
The critical path consists of the following:
	'udiv' operation 32 bit ('x', cpu_functions.cpp:23) [45]  (4.336 ns)

 <State 12>: 4.336ns
The critical path consists of the following:
	'udiv' operation 32 bit ('x', cpu_functions.cpp:23) [45]  (4.336 ns)

 <State 13>: 4.336ns
The critical path consists of the following:
	'udiv' operation 32 bit ('x', cpu_functions.cpp:23) [45]  (4.336 ns)

 <State 14>: 4.336ns
The critical path consists of the following:
	'udiv' operation 32 bit ('x', cpu_functions.cpp:23) [45]  (4.336 ns)

 <State 15>: 4.336ns
The critical path consists of the following:
	'udiv' operation 32 bit ('x', cpu_functions.cpp:23) [45]  (4.336 ns)

 <State 16>: 4.336ns
The critical path consists of the following:
	'udiv' operation 32 bit ('x', cpu_functions.cpp:23) [45]  (4.336 ns)

 <State 17>: 4.336ns
The critical path consists of the following:
	'udiv' operation 32 bit ('x', cpu_functions.cpp:23) [45]  (4.336 ns)

 <State 18>: 4.336ns
The critical path consists of the following:
	'udiv' operation 32 bit ('x', cpu_functions.cpp:23) [45]  (4.336 ns)

 <State 19>: 4.336ns
The critical path consists of the following:
	'udiv' operation 32 bit ('x', cpu_functions.cpp:23) [45]  (4.336 ns)

 <State 20>: 4.336ns
The critical path consists of the following:
	'udiv' operation 32 bit ('x', cpu_functions.cpp:23) [45]  (4.336 ns)

 <State 21>: 4.336ns
The critical path consists of the following:
	'udiv' operation 32 bit ('x', cpu_functions.cpp:23) [45]  (4.336 ns)

 <State 22>: 4.336ns
The critical path consists of the following:
	'udiv' operation 32 bit ('x', cpu_functions.cpp:23) [45]  (4.336 ns)

 <State 23>: 4.336ns
The critical path consists of the following:
	'udiv' operation 32 bit ('x', cpu_functions.cpp:23) [45]  (4.336 ns)

 <State 24>: 4.336ns
The critical path consists of the following:
	'udiv' operation 32 bit ('x', cpu_functions.cpp:23) [45]  (4.336 ns)

 <State 25>: 4.336ns
The critical path consists of the following:
	'udiv' operation 32 bit ('x', cpu_functions.cpp:23) [45]  (4.336 ns)

 <State 26>: 4.336ns
The critical path consists of the following:
	'udiv' operation 32 bit ('x', cpu_functions.cpp:23) [45]  (4.336 ns)

 <State 27>: 4.336ns
The critical path consists of the following:
	'udiv' operation 32 bit ('x', cpu_functions.cpp:23) [45]  (4.336 ns)

 <State 28>: 4.336ns
The critical path consists of the following:
	'udiv' operation 32 bit ('x', cpu_functions.cpp:23) [45]  (4.336 ns)

 <State 29>: 4.336ns
The critical path consists of the following:
	'udiv' operation 32 bit ('x', cpu_functions.cpp:23) [45]  (4.336 ns)

 <State 30>: 4.336ns
The critical path consists of the following:
	'udiv' operation 32 bit ('x', cpu_functions.cpp:23) [45]  (4.336 ns)

 <State 31>: 4.336ns
The critical path consists of the following:
	'udiv' operation 32 bit ('x', cpu_functions.cpp:23) [45]  (4.336 ns)

 <State 32>: 4.336ns
The critical path consists of the following:
	'udiv' operation 32 bit ('x', cpu_functions.cpp:23) [45]  (4.336 ns)

 <State 33>: 4.336ns
The critical path consists of the following:
	'udiv' operation 32 bit ('x', cpu_functions.cpp:23) [45]  (4.336 ns)

 <State 34>: 4.336ns
The critical path consists of the following:
	'udiv' operation 32 bit ('x', cpu_functions.cpp:23) [45]  (4.336 ns)

 <State 35>: 4.336ns
The critical path consists of the following:
	'udiv' operation 32 bit ('x', cpu_functions.cpp:23) [45]  (4.336 ns)

 <State 36>: 4.336ns
The critical path consists of the following:
	'udiv' operation 32 bit ('x', cpu_functions.cpp:23) [45]  (4.336 ns)

 <State 37>: 4.336ns
The critical path consists of the following:
	'udiv' operation 32 bit ('x', cpu_functions.cpp:23) [45]  (4.336 ns)

 <State 38>: 4.336ns
The critical path consists of the following:
	'udiv' operation 32 bit ('x', cpu_functions.cpp:23) [45]  (4.336 ns)

 <State 39>: 4.336ns
The critical path consists of the following:
	'urem' operation 32 bit ('y', cpu_functions.cpp:24) [46]  (4.336 ns)

 <State 40>: 4.371ns
The critical path consists of the following:
	'sub' operation 32 bit ('kx', cpu_functions.cpp:29) [49]  (0.000 ns)
	'add' operation 32 bit ('add_ln31_1', cpu_functions.cpp:31) [52]  (4.371 ns)

 <State 41>: 6.912ns
The critical path consists of the following:
	'mul' operation 32 bit ('mul_ln33', cpu_functions.cpp:33) [61]  (6.912 ns)

 <State 42>: 6.923ns
The critical path consists of the following:
	'sub' operation 32 bit ('ky', cpu_functions.cpp:30) [51]  (0.000 ns)
	'add' operation 32 bit ('add_ln31_2', cpu_functions.cpp:31) [53]  (4.371 ns)
	'icmp' operation 1 bit ('icmp_ln31_1', cpu_functions.cpp:31) [56]  (2.552 ns)

 <State 43>: 4.867ns
The critical path consists of the following:
	'add' operation 27 bit ('add_ln33', cpu_functions.cpp:33) [63]  (2.404 ns)
	'add' operation 29 bit ('add_ln33_1', cpu_functions.cpp:33) [65]  (2.463 ns)

 <State 44>: 5.413ns
The critical path consists of the following:
	'lshr' operation 32 bit ('lshr_ln33', cpu_functions.cpp:33) [67]  (4.420 ns)
	'select' operation 32 bit ('value', cpu_functions.cpp:31) [69]  (0.993 ns)

 <State 45>: 5.702ns
The critical path consists of the following:
	'fmul' operation 32 bit ('mul', cpu_functions.cpp:35) [70]  (5.702 ns)

 <State 46>: 5.702ns
The critical path consists of the following:
	'fmul' operation 32 bit ('mul', cpu_functions.cpp:35) [70]  (5.702 ns)

 <State 47>: 5.702ns
The critical path consists of the following:
	'fmul' operation 32 bit ('mul', cpu_functions.cpp:35) [70]  (5.702 ns)

 <State 48>: 5.702ns
The critical path consists of the following:
	'fmul' operation 32 bit ('mul', cpu_functions.cpp:35) [70]  (5.702 ns)

 <State 49>: 7.256ns
The critical path consists of the following:
	'fadd' operation 32 bit ('sum', cpu_functions.cpp:35) [71]  (7.256 ns)

 <State 50>: 7.256ns
The critical path consists of the following:
	'fadd' operation 32 bit ('sum', cpu_functions.cpp:35) [71]  (7.256 ns)

 <State 51>: 7.256ns
The critical path consists of the following:
	'fadd' operation 32 bit ('sum', cpu_functions.cpp:35) [71]  (7.256 ns)

 <State 52>: 7.256ns
The critical path consists of the following:
	'fadd' operation 32 bit ('sum', cpu_functions.cpp:35) [71]  (7.256 ns)

 <State 53>: 7.256ns
The critical path consists of the following:
	'fadd' operation 32 bit ('sum', cpu_functions.cpp:35) [71]  (7.256 ns)

 <State 54>: 2.286ns
The critical path consists of the following:
	'store' operation ('store_ln16', cpu_functions.cpp:16) of variable 'sum', cpu_functions.cpp:35 32 bit on local variable 'sum', cpu_functions.cpp:16 [76]  (1.588 ns)
	'load' operation 32 bit ('sum_load_1', cpu_functions.cpp:21) on local variable 'sum', cpu_functions.cpp:16 [36]  (0.000 ns)
	'select' operation 32 bit ('select_ln21_1', cpu_functions.cpp:21) [42]  (0.698 ns)


============================================================
+ Verbose Summary: Binding
============================================================
N/A
* FSMD analyzer results:
  - Output states:
 - Input state : 
  - Chain level:
	State 1
	State 2
	State 3
	State 4
	State 5
	State 6
	State 7
	State 8
	State 9
	State 10
	State 11
	State 12
	State 13
	State 14
	State 15
	State 16
	State 17
	State 18
	State 19
	State 20
	State 21
	State 22
	State 23
	State 24
	State 25
	State 26
	State 27
	State 28
	State 29
	State 30
	State 31
	State 32
	State 33
	State 34
	State 35
	State 36
	State 37
	State 38
	State 39
	State 40
	State 41
	State 42
	State 43
	State 44
	State 45
	State 46
	State 47
	State 48
	State 49
	State 50
	State 51
	State 52
	State 53
	State 54


============================================================
+ Verbose Summary: Datapath Resource usage 
============================================================
N/A
