

================================================================
== Vitis HLS Report for 'convolution_1_Pipeline_VITIS_LOOP_21_1_VITIS_LOOP_26_2'
================================================================
* Date:           Mon May  4 21:47:29 2026

* Version:        2025.2 (Build 6295257 on Nov 14 2025)
* Project:        proj_cifar10_multiple
* Solution:       fsolution (Vivado IP Flow Target)
* Product family: zynq
* Target device:  xc7z020-clg484-1


================================================================
== Performance Estimates
================================================================
+ Timing: 
    * Summary: 
    +--------+----------+----------+------------+
    |  Clock |  Target  | Estimated| Uncertainty|
    +--------+----------+----------+------------+
    |ap_clk  |  10.00 ns|  7.256 ns|     2.70 ns|
    +--------+----------+----------+------------+

+ Latency: 
    * Summary: 
    +---------+---------+----------+----------+-----+-----+-------------------+
    |  Latency (cycles) |  Latency (absolute) |  Interval |      Pipeline     |
    |   min   |   max   |    min   |    max   | min | max |        Type       |
    +---------+---------+----------+----------+-----+-----+-------------------+
    |        ?|        ?|         ?|         ?|    0|    0|  loop pipeline stp|
    +---------+---------+----------+----------+-----+-----+-------------------+

    + Detail: 
        * Instance: 
        N/A

        * Loop: 
        +-----------------------------------+---------+---------+----------+-----------+-----------+------+----------+
        |                                   |  Latency (cycles) | Iteration|  Initiation Interval  | Trip |          |
        |             Loop Name             |   min   |   max   |  Latency |  achieved |   target  | Count| Pipelined|
        +-----------------------------------+---------+---------+----------+-----------+-----------+------+----------+
        |- VITIS_LOOP_21_1_VITIS_LOOP_26_2  |        ?|        ?|        51|          6|          1|     ?|       yes|
        +-----------------------------------+---------+---------+----------+-----------+-----------+------+----------+

============================================================
+ Verbose Summary: Synthesis Manager
============================================================
InlineROM: 1
ExposeGlobal: 0
============================================================
+ Verbose Summary: CDFG Model
============================================================
IsTopModel: 0
ResetActiveHigh: 1
IsCombinational: 0
IsDatapathOnly: 0
HasWiredReturn: 1
HasMFsm: 2
HasVarLatency: 1
IsPipeline: 0
IsRtlPipelined: 0
IsInstanceOverlapped: 0
IsDontTouch: 0
HasImplIP: 0
IsGatedGlobalClock: 0

+ Individual pipeline summary: 
  * Pipeline-0: initiation interval (II) = 6, depth = 52


============================================================
+ Verbose Summary: Schedule
============================================================
* Number of FSM states : 52
* Pipeline : 1
  Pipeline-0 : II = 6, D = 52, States = { 1 2 3 4 5 6 7 8 9 10 11 12 13 14 15 16 17 18 19 20 21 22 23 24 25 26 27 28 29 30 31 32 33 34 35 36 37 38 39 40 41 42 43 44 45 46 47 48 49 50 51 52 }
* Dataflow Pipeline: 0

* FSM state transitions: 
1 --> 2 
2 --> 3 
3 --> 4 
4 --> 5 
5 --> 6 
6 --> 7 
7 --> 8 
8 --> 9 
9 --> 10 
10 --> 11 
11 --> 12 
12 --> 13 
13 --> 14 
14 --> 15 
15 --> 16 
16 --> 17 
17 --> 18 
18 --> 19 
19 --> 20 
20 --> 21 
21 --> 22 
22 --> 23 
23 --> 24 
24 --> 25 
25 --> 26 
26 --> 27 
27 --> 28 
28 --> 29 
29 --> 30 
30 --> 31 
31 --> 32 
32 --> 33 
33 --> 34 
34 --> 35 
35 --> 36 
36 --> 37 
37 --> 38 
38 --> 39 
39 --> 40 
40 --> 41 
41 --> 42 
42 --> 43 
43 --> 44 
44 --> 45 
45 --> 46 
46 --> 47 
47 --> 48 
48 --> 49 
49 --> 50 
50 --> 51 
51 --> 52 
52 --> 

* FSM state operations: 

State 1 <SV = 0> <Delay = 1.58>
ST_1 : Operation 54 [1/1] (0.00ns)   --->   "%sum = alloca i32 1" [cpu_functions.cpp:16]   --->   Operation 54 'alloca' 'sum' <Predicate = true> <Delay = 0.00>
ST_1 : Operation 55 [1/1] (0.00ns)   --->   "%k = alloca i32 1" [cpu_functions.cpp:26]   --->   Operation 55 'alloca' 'k' <Predicate = true> <Delay = 0.00>
ST_1 : Operation 56 [1/1] (0.00ns)   --->   "%block = alloca i32 1" [cpu_functions.cpp:21]   --->   Operation 56 'alloca' 'block' <Predicate = true> <Delay = 0.00>
ST_1 : Operation 57 [1/1] (0.00ns)   --->   "%indvar_flatten = alloca i32 1"   --->   Operation 57 'alloca' 'indvar_flatten' <Predicate = true> <Delay = 0.00>
ST_1 : Operation 58 [1/1] (0.00ns)   --->   "%bitcast_ln35_read = read i32 @_ssdm_op_Read.ap_auto.float, i32 %bitcast_ln35"   --->   Operation 58 'read' 'bitcast_ln35_read' <Predicate = true> <Delay = 0.00>
ST_1 : Operation 59 [1/1] (0.00ns)   --->   "%value_read = read i32 @_ssdm_op_Read.ap_auto.float, i32 %value_r"   --->   Operation 59 'read' 'value_read' <Predicate = true> <Delay = 0.00>
ST_1 : Operation 60 [1/1] (0.00ns)   --->   "%add_ln31_read = read i32 @_ssdm_op_Read.ap_auto.i32, i32 %add_ln31"   --->   Operation 60 'read' 'add_ln31_read' <Predicate = true> <Delay = 0.00>
ST_1 : Operation 61 [1/1] (0.00ns)   --->   "%kernel_rad_read = read i31 @_ssdm_op_Read.ap_auto.i31, i31 %kernel_rad"   --->   Operation 61 'read' 'kernel_rad_read' <Predicate = true> <Delay = 0.00>
ST_1 : Operation 62 [1/1] (0.00ns)   --->   "%kernel_size_read = read i32 @_ssdm_op_Read.ap_auto.i32, i32 %kernel_size"   --->   Operation 62 'read' 'kernel_size_read' <Predicate = true> <Delay = 0.00>
ST_1 : Operation 63 [1/1] (0.00ns)   --->   "%n_read = read i32 @_ssdm_op_Read.ap_auto.i32, i32 %n"   --->   Operation 63 'read' 'n_read' <Predicate = true> <Delay = 0.00>
ST_1 : Operation 64 [1/1] (0.00ns)   --->   "%squared_kernel_size_read = read i32 @_ssdm_op_Read.ap_auto.i32, i32 %squared_kernel_size"   --->   Operation 64 'read' 'squared_kernel_size_read' <Predicate = true> <Delay = 0.00>
ST_1 : Operation 65 [1/1] (0.00ns)   --->   "%mul_ln12_read = read i64 @_ssdm_op_Read.ap_auto.i64, i64 %mul_ln12"   --->   Operation 65 'read' 'mul_ln12_read' <Predicate = true> <Delay = 0.00>
ST_1 : Operation 66 [1/1] (0.00ns)   --->   "%kernel_rad_cast = sext i31 %kernel_rad_read"   --->   Operation 66 'sext' 'kernel_rad_cast' <Predicate = true> <Delay = 0.00>
ST_1 : Operation 67 [1/1] (1.58ns)   --->   "%store_ln0 = store i64 0, i64 %indvar_flatten"   --->   Operation 67 'store' 'store_ln0' <Predicate = true> <Delay = 1.58>
ST_1 : Operation 68 [1/1] (1.58ns)   --->   "%store_ln21 = store i32 0, i32 %block" [cpu_functions.cpp:21]   --->   Operation 68 'store' 'store_ln21' <Predicate = true> <Delay = 1.58>
ST_1 : Operation 69 [1/1] (1.58ns)   --->   "%store_ln26 = store i32 0, i32 %k" [cpu_functions.cpp:26]   --->   Operation 69 'store' 'store_ln26' <Predicate = true> <Delay = 1.58>
ST_1 : Operation 70 [1/1] (1.58ns)   --->   "%store_ln16 = store i32 0, i32 %sum" [cpu_functions.cpp:16]   --->   Operation 70 'store' 'store_ln16' <Predicate = true> <Delay = 1.58>
ST_1 : Operation 71 [1/1] (0.00ns)   --->   "%br_ln0 = br void %for.body6"   --->   Operation 71 'br' 'br_ln0' <Predicate = true> <Delay = 0.00>

State 2 <SV = 1> <Delay = 5.10>
ST_2 : Operation 72 [1/1] (0.00ns)   --->   "%indvar_flatten_load = load i64 %indvar_flatten" [cpu_functions.cpp:21]   --->   Operation 72 'load' 'indvar_flatten_load' <Predicate = true> <Delay = 0.00>
ST_2 : Operation 73 [1/1] (3.52ns)   --->   "%icmp_ln21 = icmp_eq  i64 %indvar_flatten_load, i64 %mul_ln12_read" [cpu_functions.cpp:21]   --->   Operation 73 'icmp' 'icmp_ln21' <Predicate = true> <Delay = 3.52> <CoreInst = "Cmp">   --->   Core 9 'Cmp' <Latency = 0> <II = 1> <Delay = 3.52> <FuncUnit> <Opcode : 'seteq' 'setne' 'setle' 'setge' 'setlt' 'setgt'> <InPorts = 2> <OutPorts = 1>
ST_2 : Operation 74 [1/1] (3.52ns)   --->   "%add_ln21 = add i64 %indvar_flatten_load, i64 1" [cpu_functions.cpp:21]   --->   Operation 74 'add' 'add_ln21' <Predicate = true> <Delay = 3.52> <CoreInst = "Adder">   --->   Core 1 'Adder' <Latency = 0> <II = 1> <Delay = 3.52> <FuncUnit> <Opcode : 'add' 'sub'> <InPorts = 2> <OutPorts = 1>
ST_2 : Operation 75 [1/1] (0.00ns)   --->   "%br_ln21 = br i1 %icmp_ln21, void %for.inc36, void %for.end38.loopexit.exitStub" [cpu_functions.cpp:21]   --->   Operation 75 'br' 'br_ln21' <Predicate = true> <Delay = 0.00>
ST_2 : Operation 76 [1/1] (0.00ns)   --->   "%k_load = load i32 %k" [cpu_functions.cpp:26]   --->   Operation 76 'load' 'k_load' <Predicate = (!icmp_ln21)> <Delay = 0.00>
ST_2 : Operation 77 [1/1] (0.00ns)   --->   "%block_load = load i32 %block" [cpu_functions.cpp:21]   --->   Operation 77 'load' 'block_load' <Predicate = (!icmp_ln21)> <Delay = 0.00>
ST_2 : Operation 78 [1/1] (2.55ns)   --->   "%icmp_ln26 = icmp_eq  i32 %k_load, i32 %squared_kernel_size_read" [cpu_functions.cpp:26]   --->   Operation 78 'icmp' 'icmp_ln26' <Predicate = (!icmp_ln21)> <Delay = 2.55> <CoreInst = "Cmp">   --->   Core 9 'Cmp' <Latency = 0> <II = 1> <Delay = 2.55> <FuncUnit> <Opcode : 'seteq' 'setne' 'setle' 'setge' 'setlt' 'setgt'> <InPorts = 2> <OutPorts = 1>
ST_2 : Operation 79 [1/1] (2.55ns)   --->   "%add_ln21_2 = add i32 %block_load, i32 1" [cpu_functions.cpp:21]   --->   Operation 79 'add' 'add_ln21_2' <Predicate = (!icmp_ln21)> <Delay = 2.55> <CoreInst = "Adder">   --->   Core 1 'Adder' <Latency = 0> <II = 1> <Delay = 2.55> <FuncUnit> <Opcode : 'add' 'sub'> <InPorts = 2> <OutPorts = 1>
ST_2 : Operation 80 [1/1] (0.69ns)   --->   "%select_ln21_2 = select i1 %icmp_ln26, i32 %add_ln21_2, i32 %block_load" [cpu_functions.cpp:21]   --->   Operation 80 'select' 'select_ln21_2' <Predicate = (!icmp_ln21)> <Delay = 0.69> <CoreInst = "Sel">   --->   Core 73 'Sel' <Latency = 0> <II = 1> <Delay = 0.69> <FuncUnit> <Opcode : 'select'> <InPorts = 3> <OutPorts = 1>
ST_2 : Operation 81 [1/1] (1.58ns)   --->   "%store_ln21 = store i64 %add_ln21, i64 %indvar_flatten" [cpu_functions.cpp:21]   --->   Operation 81 'store' 'store_ln21' <Predicate = (!icmp_ln21)> <Delay = 1.58>
ST_2 : Operation 82 [1/1] (1.58ns)   --->   "%store_ln21 = store i32 %select_ln21_2, i32 %block" [cpu_functions.cpp:21]   --->   Operation 82 'store' 'store_ln21' <Predicate = (!icmp_ln21)> <Delay = 1.58>

State 3 <SV = 2> <Delay = 4.33>
ST_3 : Operation 83 [36/36] (4.33ns)   --->   "%x = udiv i32 %select_ln21_2, i32 %n_read" [cpu_functions.cpp:23]   --->   Operation 83 'udiv' 'x' <Predicate = (!icmp_ln21)> <Delay = 4.33> <CoreInst = "Divider">   --->   Core 6 'Divider' <Latency = 35> <II = 1> <Delay = 4.33> <FuncUnit> <Opcode : 'udiv' 'sdiv' 'urem' 'srem'> <InPorts = 2> <OutPorts = 1>

State 4 <SV = 3> <Delay = 4.33>
ST_4 : Operation 84 [35/36] (4.33ns)   --->   "%x = udiv i32 %select_ln21_2, i32 %n_read" [cpu_functions.cpp:23]   --->   Operation 84 'udiv' 'x' <Predicate = (!icmp_ln21)> <Delay = 4.33> <CoreInst = "Divider">   --->   Core 6 'Divider' <Latency = 35> <II = 1> <Delay = 4.33> <FuncUnit> <Opcode : 'udiv' 'sdiv' 'urem' 'srem'> <InPorts = 2> <OutPorts = 1>
ST_4 : Operation 85 [36/36] (4.33ns)   --->   "%y = urem i32 %select_ln21_2, i32 %n_read" [cpu_functions.cpp:24]   --->   Operation 85 'urem' 'y' <Predicate = (!icmp_ln21)> <Delay = 4.33> <CoreInst = "Divider">   --->   Core 6 'Divider' <Latency = 35> <II = 1> <Delay = 4.33> <FuncUnit> <Opcode : 'udiv' 'sdiv' 'urem' 'srem'> <InPorts = 2> <OutPorts = 1>

State 5 <SV = 4> <Delay = 5.03>
ST_5 : Operation 86 [1/1] (0.69ns)   --->   "%select_ln21 = select i1 %icmp_ln26, i32 0, i32 %k_load" [cpu_functions.cpp:21]   --->   Operation 86 'select' 'select_ln21' <Predicate = (!icmp_ln21)> <Delay = 0.69> <CoreInst = "Sel">   --->   Core 73 'Sel' <Latency = 0> <II = 1> <Delay = 0.69> <FuncUnit> <Opcode : 'select'> <InPorts = 3> <OutPorts = 1>
ST_5 : Operation 87 [34/36] (4.33ns)   --->   "%x = udiv i32 %select_ln21_2, i32 %n_read" [cpu_functions.cpp:23]   --->   Operation 87 'udiv' 'x' <Predicate = (!icmp_ln21)> <Delay = 4.33> <CoreInst = "Divider">   --->   Core 6 'Divider' <Latency = 35> <II = 1> <Delay = 4.33> <FuncUnit> <Opcode : 'udiv' 'sdiv' 'urem' 'srem'> <InPorts = 2> <OutPorts = 1>
ST_5 : Operation 88 [35/36] (4.33ns)   --->   "%y = urem i32 %select_ln21_2, i32 %n_read" [cpu_functions.cpp:24]   --->   Operation 88 'urem' 'y' <Predicate = (!icmp_ln21)> <Delay = 4.33> <CoreInst = "Divider">   --->   Core 6 'Divider' <Latency = 35> <II = 1> <Delay = 4.33> <FuncUnit> <Opcode : 'udiv' 'sdiv' 'urem' 'srem'> <InPorts = 2> <OutPorts = 1>
ST_5 : Operation 89 [36/36] (4.33ns)   --->   "%udiv_ln29 = udiv i32 %select_ln21, i32 %kernel_size_read" [cpu_functions.cpp:29]   --->   Operation 89 'udiv' 'udiv_ln29' <Predicate = (!icmp_ln21)> <Delay = 4.33> <CoreInst = "Divider">   --->   Core 6 'Divider' <Latency = 35> <II = 1> <Delay = 4.33> <FuncUnit> <Opcode : 'udiv' 'sdiv' 'urem' 'srem'> <InPorts = 2> <OutPorts = 1>

State 6 <SV = 5> <Delay = 4.33>
ST_6 : Operation 90 [33/36] (4.33ns)   --->   "%x = udiv i32 %select_ln21_2, i32 %n_read" [cpu_functions.cpp:23]   --->   Operation 90 'udiv' 'x' <Predicate = (!icmp_ln21)> <Delay = 4.33> <CoreInst = "Divider">   --->   Core 6 'Divider' <Latency = 35> <II = 1> <Delay = 4.33> <FuncUnit> <Opcode : 'udiv' 'sdiv' 'urem' 'srem'> <InPorts = 2> <OutPorts = 1>
ST_6 : Operation 91 [34/36] (4.33ns)   --->   "%y = urem i32 %select_ln21_2, i32 %n_read" [cpu_functions.cpp:24]   --->   Operation 91 'urem' 'y' <Predicate = (!icmp_ln21)> <Delay = 4.33> <CoreInst = "Divider">   --->   Core 6 'Divider' <Latency = 35> <II = 1> <Delay = 4.33> <FuncUnit> <Opcode : 'udiv' 'sdiv' 'urem' 'srem'> <InPorts = 2> <OutPorts = 1>
ST_6 : Operation 92 [35/36] (4.33ns)   --->   "%udiv_ln29 = udiv i32 %select_ln21, i32 %kernel_size_read" [cpu_functions.cpp:29]   --->   Operation 92 'udiv' 'udiv_ln29' <Predicate = (!icmp_ln21)> <Delay = 4.33> <CoreInst = "Divider">   --->   Core 6 'Divider' <Latency = 35> <II = 1> <Delay = 4.33> <FuncUnit> <Opcode : 'udiv' 'sdiv' 'urem' 'srem'> <InPorts = 2> <OutPorts = 1>
ST_6 : Operation 93 [36/36] (4.33ns)   --->   "%urem_ln30 = urem i32 %select_ln21, i32 %kernel_size_read" [cpu_functions.cpp:30]   --->   Operation 93 'urem' 'urem_ln30' <Predicate = (!icmp_ln21)> <Delay = 4.33> <CoreInst = "Divider">   --->   Core 6 'Divider' <Latency = 35> <II = 1> <Delay = 4.33> <FuncUnit> <Opcode : 'udiv' 'sdiv' 'urem' 'srem'> <InPorts = 2> <OutPorts = 1>

State 7 <SV = 6> <Delay = 4.33>
ST_7 : Operation 94 [32/36] (4.33ns)   --->   "%x = udiv i32 %select_ln21_2, i32 %n_read" [cpu_functions.cpp:23]   --->   Operation 94 'udiv' 'x' <Predicate = (!icmp_ln21)> <Delay = 4.33> <CoreInst = "Divider">   --->   Core 6 'Divider' <Latency = 35> <II = 1> <Delay = 4.33> <FuncUnit> <Opcode : 'udiv' 'sdiv' 'urem' 'srem'> <InPorts = 2> <OutPorts = 1>
ST_7 : Operation 95 [33/36] (4.33ns)   --->   "%y = urem i32 %select_ln21_2, i32 %n_read" [cpu_functions.cpp:24]   --->   Operation 95 'urem' 'y' <Predicate = (!icmp_ln21)> <Delay = 4.33> <CoreInst = "Divider">   --->   Core 6 'Divider' <Latency = 35> <II = 1> <Delay = 4.33> <FuncUnit> <Opcode : 'udiv' 'sdiv' 'urem' 'srem'> <InPorts = 2> <OutPorts = 1>
ST_7 : Operation 96 [34/36] (4.33ns)   --->   "%udiv_ln29 = udiv i32 %select_ln21, i32 %kernel_size_read" [cpu_functions.cpp:29]   --->   Operation 96 'udiv' 'udiv_ln29' <Predicate = (!icmp_ln21)> <Delay = 4.33> <CoreInst = "Divider">   --->   Core 6 'Divider' <Latency = 35> <II = 1> <Delay = 4.33> <FuncUnit> <Opcode : 'udiv' 'sdiv' 'urem' 'srem'> <InPorts = 2> <OutPorts = 1>
ST_7 : Operation 97 [35/36] (4.33ns)   --->   "%urem_ln30 = urem i32 %select_ln21, i32 %kernel_size_read" [cpu_functions.cpp:30]   --->   Operation 97 'urem' 'urem_ln30' <Predicate = (!icmp_ln21)> <Delay = 4.33> <CoreInst = "Divider">   --->   Core 6 'Divider' <Latency = 35> <II = 1> <Delay = 4.33> <FuncUnit> <Opcode : 'udiv' 'sdiv' 'urem' 'srem'> <InPorts = 2> <OutPorts = 1>
ST_7 : Operation 98 [1/1] (2.55ns)   --->   "%k_2 = add i32 %select_ln21, i32 1" [cpu_functions.cpp:26]   --->   Operation 98 'add' 'k_2' <Predicate = (!icmp_ln21)> <Delay = 2.55> <CoreInst = "Adder">   --->   Core 1 'Adder' <Latency = 0> <II = 1> <Delay = 2.55> <FuncUnit> <Opcode : 'add' 'sub'> <InPorts = 2> <OutPorts = 1>
ST_7 : Operation 99 [1/1] (1.58ns)   --->   "%store_ln26 = store i32 %k_2, i32 %k" [cpu_functions.cpp:26]   --->   Operation 99 'store' 'store_ln26' <Predicate = (!icmp_ln21)> <Delay = 1.58>

State 8 <SV = 7> <Delay = 4.33>
ST_8 : Operation 100 [31/36] (4.33ns)   --->   "%x = udiv i32 %select_ln21_2, i32 %n_read" [cpu_functions.cpp:23]   --->   Operation 100 'udiv' 'x' <Predicate = true> <Delay = 4.33> <CoreInst = "Divider">   --->   Core 6 'Divider' <Latency = 35> <II = 1> <Delay = 4.33> <FuncUnit> <Opcode : 'udiv' 'sdiv' 'urem' 'srem'> <InPorts = 2> <OutPorts = 1>
ST_8 : Operation 101 [32/36] (4.33ns)   --->   "%y = urem i32 %select_ln21_2, i32 %n_read" [cpu_functions.cpp:24]   --->   Operation 101 'urem' 'y' <Predicate = true> <Delay = 4.33> <CoreInst = "Divider">   --->   Core 6 'Divider' <Latency = 35> <II = 1> <Delay = 4.33> <FuncUnit> <Opcode : 'udiv' 'sdiv' 'urem' 'srem'> <InPorts = 2> <OutPorts = 1>
ST_8 : Operation 102 [33/36] (4.33ns)   --->   "%udiv_ln29 = udiv i32 %select_ln21, i32 %kernel_size_read" [cpu_functions.cpp:29]   --->   Operation 102 'udiv' 'udiv_ln29' <Predicate = true> <Delay = 4.33> <CoreInst = "Divider">   --->   Core 6 'Divider' <Latency = 35> <II = 1> <Delay = 4.33> <FuncUnit> <Opcode : 'udiv' 'sdiv' 'urem' 'srem'> <InPorts = 2> <OutPorts = 1>
ST_8 : Operation 103 [34/36] (4.33ns)   --->   "%urem_ln30 = urem i32 %select_ln21, i32 %kernel_size_read" [cpu_functions.cpp:30]   --->   Operation 103 'urem' 'urem_ln30' <Predicate = true> <Delay = 4.33> <CoreInst = "Divider">   --->   Core 6 'Divider' <Latency = 35> <II = 1> <Delay = 4.33> <FuncUnit> <Opcode : 'udiv' 'sdiv' 'urem' 'srem'> <InPorts = 2> <OutPorts = 1>

State 9 <SV = 8> <Delay = 4.33>
ST_9 : Operation 104 [30/36] (4.33ns)   --->   "%x = udiv i32 %select_ln21_2, i32 %n_read" [cpu_functions.cpp:23]   --->   Operation 104 'udiv' 'x' <Predicate = true> <Delay = 4.33> <CoreInst = "Divider">   --->   Core 6 'Divider' <Latency = 35> <II = 1> <Delay = 4.33> <FuncUnit> <Opcode : 'udiv' 'sdiv' 'urem' 'srem'> <InPorts = 2> <OutPorts = 1>
ST_9 : Operation 105 [31/36] (4.33ns)   --->   "%y = urem i32 %select_ln21_2, i32 %n_read" [cpu_functions.cpp:24]   --->   Operation 105 'urem' 'y' <Predicate = true> <Delay = 4.33> <CoreInst = "Divider">   --->   Core 6 'Divider' <Latency = 35> <II = 1> <Delay = 4.33> <FuncUnit> <Opcode : 'udiv' 'sdiv' 'urem' 'srem'> <InPorts = 2> <OutPorts = 1>
ST_9 : Operation 106 [32/36] (4.33ns)   --->   "%udiv_ln29 = udiv i32 %select_ln21, i32 %kernel_size_read" [cpu_functions.cpp:29]   --->   Operation 106 'udiv' 'udiv_ln29' <Predicate = true> <Delay = 4.33> <CoreInst = "Divider">   --->   Core 6 'Divider' <Latency = 35> <II = 1> <Delay = 4.33> <FuncUnit> <Opcode : 'udiv' 'sdiv' 'urem' 'srem'> <InPorts = 2> <OutPorts = 1>
ST_9 : Operation 107 [33/36] (4.33ns)   --->   "%urem_ln30 = urem i32 %select_ln21, i32 %kernel_size_read" [cpu_functions.cpp:30]   --->   Operation 107 'urem' 'urem_ln30' <Predicate = true> <Delay = 4.33> <CoreInst = "Divider">   --->   Core 6 'Divider' <Latency = 35> <II = 1> <Delay = 4.33> <FuncUnit> <Opcode : 'udiv' 'sdiv' 'urem' 'srem'> <InPorts = 2> <OutPorts = 1>

State 10 <SV = 9> <Delay = 4.33>
ST_10 : Operation 108 [29/36] (4.33ns)   --->   "%x = udiv i32 %select_ln21_2, i32 %n_read" [cpu_functions.cpp:23]   --->   Operation 108 'udiv' 'x' <Predicate = true> <Delay = 4.33> <CoreInst = "Divider">   --->   Core 6 'Divider' <Latency = 35> <II = 1> <Delay = 4.33> <FuncUnit> <Opcode : 'udiv' 'sdiv' 'urem' 'srem'> <InPorts = 2> <OutPorts = 1>
ST_10 : Operation 109 [30/36] (4.33ns)   --->   "%y = urem i32 %select_ln21_2, i32 %n_read" [cpu_functions.cpp:24]   --->   Operation 109 'urem' 'y' <Predicate = true> <Delay = 4.33> <CoreInst = "Divider">   --->   Core 6 'Divider' <Latency = 35> <II = 1> <Delay = 4.33> <FuncUnit> <Opcode : 'udiv' 'sdiv' 'urem' 'srem'> <InPorts = 2> <OutPorts = 1>
ST_10 : Operation 110 [31/36] (4.33ns)   --->   "%udiv_ln29 = udiv i32 %select_ln21, i32 %kernel_size_read" [cpu_functions.cpp:29]   --->   Operation 110 'udiv' 'udiv_ln29' <Predicate = true> <Delay = 4.33> <CoreInst = "Divider">   --->   Core 6 'Divider' <Latency = 35> <II = 1> <Delay = 4.33> <FuncUnit> <Opcode : 'udiv' 'sdiv' 'urem' 'srem'> <InPorts = 2> <OutPorts = 1>
ST_10 : Operation 111 [32/36] (4.33ns)   --->   "%urem_ln30 = urem i32 %select_ln21, i32 %kernel_size_read" [cpu_functions.cpp:30]   --->   Operation 111 'urem' 'urem_ln30' <Predicate = true> <Delay = 4.33> <CoreInst = "Divider">   --->   Core 6 'Divider' <Latency = 35> <II = 1> <Delay = 4.33> <FuncUnit> <Opcode : 'udiv' 'sdiv' 'urem' 'srem'> <InPorts = 2> <OutPorts = 1>

State 11 <SV = 10> <Delay = 4.33>
ST_11 : Operation 112 [28/36] (4.33ns)   --->   "%x = udiv i32 %select_ln21_2, i32 %n_read" [cpu_functions.cpp:23]   --->   Operation 112 'udiv' 'x' <Predicate = true> <Delay = 4.33> <CoreInst = "Divider">   --->   Core 6 'Divider' <Latency = 35> <II = 1> <Delay = 4.33> <FuncUnit> <Opcode : 'udiv' 'sdiv' 'urem' 'srem'> <InPorts = 2> <OutPorts = 1>
ST_11 : Operation 113 [29/36] (4.33ns)   --->   "%y = urem i32 %select_ln21_2, i32 %n_read" [cpu_functions.cpp:24]   --->   Operation 113 'urem' 'y' <Predicate = true> <Delay = 4.33> <CoreInst = "Divider">   --->   Core 6 'Divider' <Latency = 35> <II = 1> <Delay = 4.33> <FuncUnit> <Opcode : 'udiv' 'sdiv' 'urem' 'srem'> <InPorts = 2> <OutPorts = 1>
ST_11 : Operation 114 [30/36] (4.33ns)   --->   "%udiv_ln29 = udiv i32 %select_ln21, i32 %kernel_size_read" [cpu_functions.cpp:29]   --->   Operation 114 'udiv' 'udiv_ln29' <Predicate = true> <Delay = 4.33> <CoreInst = "Divider">   --->   Core 6 'Divider' <Latency = 35> <II = 1> <Delay = 4.33> <FuncUnit> <Opcode : 'udiv' 'sdiv' 'urem' 'srem'> <InPorts = 2> <OutPorts = 1>
ST_11 : Operation 115 [31/36] (4.33ns)   --->   "%urem_ln30 = urem i32 %select_ln21, i32 %kernel_size_read" [cpu_functions.cpp:30]   --->   Operation 115 'urem' 'urem_ln30' <Predicate = true> <Delay = 4.33> <CoreInst = "Divider">   --->   Core 6 'Divider' <Latency = 35> <II = 1> <Delay = 4.33> <FuncUnit> <Opcode : 'udiv' 'sdiv' 'urem' 'srem'> <InPorts = 2> <OutPorts = 1>

State 12 <SV = 11> <Delay = 4.33>
ST_12 : Operation 116 [27/36] (4.33ns)   --->   "%x = udiv i32 %select_ln21_2, i32 %n_read" [cpu_functions.cpp:23]   --->   Operation 116 'udiv' 'x' <Predicate = true> <Delay = 4.33> <CoreInst = "Divider">   --->   Core 6 'Divider' <Latency = 35> <II = 1> <Delay = 4.33> <FuncUnit> <Opcode : 'udiv' 'sdiv' 'urem' 'srem'> <InPorts = 2> <OutPorts = 1>
ST_12 : Operation 117 [28/36] (4.33ns)   --->   "%y = urem i32 %select_ln21_2, i32 %n_read" [cpu_functions.cpp:24]   --->   Operation 117 'urem' 'y' <Predicate = true> <Delay = 4.33> <CoreInst = "Divider">   --->   Core 6 'Divider' <Latency = 35> <II = 1> <Delay = 4.33> <FuncUnit> <Opcode : 'udiv' 'sdiv' 'urem' 'srem'> <InPorts = 2> <OutPorts = 1>
ST_12 : Operation 118 [29/36] (4.33ns)   --->   "%udiv_ln29 = udiv i32 %select_ln21, i32 %kernel_size_read" [cpu_functions.cpp:29]   --->   Operation 118 'udiv' 'udiv_ln29' <Predicate = true> <Delay = 4.33> <CoreInst = "Divider">   --->   Core 6 'Divider' <Latency = 35> <II = 1> <Delay = 4.33> <FuncUnit> <Opcode : 'udiv' 'sdiv' 'urem' 'srem'> <InPorts = 2> <OutPorts = 1>
ST_12 : Operation 119 [30/36] (4.33ns)   --->   "%urem_ln30 = urem i32 %select_ln21, i32 %kernel_size_read" [cpu_functions.cpp:30]   --->   Operation 119 'urem' 'urem_ln30' <Predicate = true> <Delay = 4.33> <CoreInst = "Divider">   --->   Core 6 'Divider' <Latency = 35> <II = 1> <Delay = 4.33> <FuncUnit> <Opcode : 'udiv' 'sdiv' 'urem' 'srem'> <InPorts = 2> <OutPorts = 1>

State 13 <SV = 12> <Delay = 4.33>
ST_13 : Operation 120 [26/36] (4.33ns)   --->   "%x = udiv i32 %select_ln21_2, i32 %n_read" [cpu_functions.cpp:23]   --->   Operation 120 'udiv' 'x' <Predicate = true> <Delay = 4.33> <CoreInst = "Divider">   --->   Core 6 'Divider' <Latency = 35> <II = 1> <Delay = 4.33> <FuncUnit> <Opcode : 'udiv' 'sdiv' 'urem' 'srem'> <InPorts = 2> <OutPorts = 1>
ST_13 : Operation 121 [27/36] (4.33ns)   --->   "%y = urem i32 %select_ln21_2, i32 %n_read" [cpu_functions.cpp:24]   --->   Operation 121 'urem' 'y' <Predicate = true> <Delay = 4.33> <CoreInst = "Divider">   --->   Core 6 'Divider' <Latency = 35> <II = 1> <Delay = 4.33> <FuncUnit> <Opcode : 'udiv' 'sdiv' 'urem' 'srem'> <InPorts = 2> <OutPorts = 1>
ST_13 : Operation 122 [28/36] (4.33ns)   --->   "%udiv_ln29 = udiv i32 %select_ln21, i32 %kernel_size_read" [cpu_functions.cpp:29]   --->   Operation 122 'udiv' 'udiv_ln29' <Predicate = true> <Delay = 4.33> <CoreInst = "Divider">   --->   Core 6 'Divider' <Latency = 35> <II = 1> <Delay = 4.33> <FuncUnit> <Opcode : 'udiv' 'sdiv' 'urem' 'srem'> <InPorts = 2> <OutPorts = 1>
ST_13 : Operation 123 [29/36] (4.33ns)   --->   "%urem_ln30 = urem i32 %select_ln21, i32 %kernel_size_read" [cpu_functions.cpp:30]   --->   Operation 123 'urem' 'urem_ln30' <Predicate = true> <Delay = 4.33> <CoreInst = "Divider">   --->   Core 6 'Divider' <Latency = 35> <II = 1> <Delay = 4.33> <FuncUnit> <Opcode : 'udiv' 'sdiv' 'urem' 'srem'> <InPorts = 2> <OutPorts = 1>

State 14 <SV = 13> <Delay = 4.33>
ST_14 : Operation 124 [25/36] (4.33ns)   --->   "%x = udiv i32 %select_ln21_2, i32 %n_read" [cpu_functions.cpp:23]   --->   Operation 124 'udiv' 'x' <Predicate = true> <Delay = 4.33> <CoreInst = "Divider">   --->   Core 6 'Divider' <Latency = 35> <II = 1> <Delay = 4.33> <FuncUnit> <Opcode : 'udiv' 'sdiv' 'urem' 'srem'> <InPorts = 2> <OutPorts = 1>
ST_14 : Operation 125 [26/36] (4.33ns)   --->   "%y = urem i32 %select_ln21_2, i32 %n_read" [cpu_functions.cpp:24]   --->   Operation 125 'urem' 'y' <Predicate = true> <Delay = 4.33> <CoreInst = "Divider">   --->   Core 6 'Divider' <Latency = 35> <II = 1> <Delay = 4.33> <FuncUnit> <Opcode : 'udiv' 'sdiv' 'urem' 'srem'> <InPorts = 2> <OutPorts = 1>
ST_14 : Operation 126 [27/36] (4.33ns)   --->   "%udiv_ln29 = udiv i32 %select_ln21, i32 %kernel_size_read" [cpu_functions.cpp:29]   --->   Operation 126 'udiv' 'udiv_ln29' <Predicate = true> <Delay = 4.33> <CoreInst = "Divider">   --->   Core 6 'Divider' <Latency = 35> <II = 1> <Delay = 4.33> <FuncUnit> <Opcode : 'udiv' 'sdiv' 'urem' 'srem'> <InPorts = 2> <OutPorts = 1>
ST_14 : Operation 127 [28/36] (4.33ns)   --->   "%urem_ln30 = urem i32 %select_ln21, i32 %kernel_size_read" [cpu_functions.cpp:30]   --->   Operation 127 'urem' 'urem_ln30' <Predicate = true> <Delay = 4.33> <CoreInst = "Divider">   --->   Core 6 'Divider' <Latency = 35> <II = 1> <Delay = 4.33> <FuncUnit> <Opcode : 'udiv' 'sdiv' 'urem' 'srem'> <InPorts = 2> <OutPorts = 1>

State 15 <SV = 14> <Delay = 4.33>
ST_15 : Operation 128 [24/36] (4.33ns)   --->   "%x = udiv i32 %select_ln21_2, i32 %n_read" [cpu_functions.cpp:23]   --->   Operation 128 'udiv' 'x' <Predicate = true> <Delay = 4.33> <CoreInst = "Divider">   --->   Core 6 'Divider' <Latency = 35> <II = 1> <Delay = 4.33> <FuncUnit> <Opcode : 'udiv' 'sdiv' 'urem' 'srem'> <InPorts = 2> <OutPorts = 1>
ST_15 : Operation 129 [25/36] (4.33ns)   --->   "%y = urem i32 %select_ln21_2, i32 %n_read" [cpu_functions.cpp:24]   --->   Operation 129 'urem' 'y' <Predicate = true> <Delay = 4.33> <CoreInst = "Divider">   --->   Core 6 'Divider' <Latency = 35> <II = 1> <Delay = 4.33> <FuncUnit> <Opcode : 'udiv' 'sdiv' 'urem' 'srem'> <InPorts = 2> <OutPorts = 1>
ST_15 : Operation 130 [26/36] (4.33ns)   --->   "%udiv_ln29 = udiv i32 %select_ln21, i32 %kernel_size_read" [cpu_functions.cpp:29]   --->   Operation 130 'udiv' 'udiv_ln29' <Predicate = true> <Delay = 4.33> <CoreInst = "Divider">   --->   Core 6 'Divider' <Latency = 35> <II = 1> <Delay = 4.33> <FuncUnit> <Opcode : 'udiv' 'sdiv' 'urem' 'srem'> <InPorts = 2> <OutPorts = 1>
ST_15 : Operation 131 [27/36] (4.33ns)   --->   "%urem_ln30 = urem i32 %select_ln21, i32 %kernel_size_read" [cpu_functions.cpp:30]   --->   Operation 131 'urem' 'urem_ln30' <Predicate = true> <Delay = 4.33> <CoreInst = "Divider">   --->   Core 6 'Divider' <Latency = 35> <II = 1> <Delay = 4.33> <FuncUnit> <Opcode : 'udiv' 'sdiv' 'urem' 'srem'> <InPorts = 2> <OutPorts = 1>

State 16 <SV = 15> <Delay = 4.33>
ST_16 : Operation 132 [23/36] (4.33ns)   --->   "%x = udiv i32 %select_ln21_2, i32 %n_read" [cpu_functions.cpp:23]   --->   Operation 132 'udiv' 'x' <Predicate = true> <Delay = 4.33> <CoreInst = "Divider">   --->   Core 6 'Divider' <Latency = 35> <II = 1> <Delay = 4.33> <FuncUnit> <Opcode : 'udiv' 'sdiv' 'urem' 'srem'> <InPorts = 2> <OutPorts = 1>
ST_16 : Operation 133 [24/36] (4.33ns)   --->   "%y = urem i32 %select_ln21_2, i32 %n_read" [cpu_functions.cpp:24]   --->   Operation 133 'urem' 'y' <Predicate = true> <Delay = 4.33> <CoreInst = "Divider">   --->   Core 6 'Divider' <Latency = 35> <II = 1> <Delay = 4.33> <FuncUnit> <Opcode : 'udiv' 'sdiv' 'urem' 'srem'> <InPorts = 2> <OutPorts = 1>
ST_16 : Operation 134 [25/36] (4.33ns)   --->   "%udiv_ln29 = udiv i32 %select_ln21, i32 %kernel_size_read" [cpu_functions.cpp:29]   --->   Operation 134 'udiv' 'udiv_ln29' <Predicate = true> <Delay = 4.33> <CoreInst = "Divider">   --->   Core 6 'Divider' <Latency = 35> <II = 1> <Delay = 4.33> <FuncUnit> <Opcode : 'udiv' 'sdiv' 'urem' 'srem'> <InPorts = 2> <OutPorts = 1>
ST_16 : Operation 135 [26/36] (4.33ns)   --->   "%urem_ln30 = urem i32 %select_ln21, i32 %kernel_size_read" [cpu_functions.cpp:30]   --->   Operation 135 'urem' 'urem_ln30' <Predicate = true> <Delay = 4.33> <CoreInst = "Divider">   --->   Core 6 'Divider' <Latency = 35> <II = 1> <Delay = 4.33> <FuncUnit> <Opcode : 'udiv' 'sdiv' 'urem' 'srem'> <InPorts = 2> <OutPorts = 1>

State 17 <SV = 16> <Delay = 4.33>
ST_17 : Operation 136 [22/36] (4.33ns)   --->   "%x = udiv i32 %select_ln21_2, i32 %n_read" [cpu_functions.cpp:23]   --->   Operation 136 'udiv' 'x' <Predicate = true> <Delay = 4.33> <CoreInst = "Divider">   --->   Core 6 'Divider' <Latency = 35> <II = 1> <Delay = 4.33> <FuncUnit> <Opcode : 'udiv' 'sdiv' 'urem' 'srem'> <InPorts = 2> <OutPorts = 1>
ST_17 : Operation 137 [23/36] (4.33ns)   --->   "%y = urem i32 %select_ln21_2, i32 %n_read" [cpu_functions.cpp:24]   --->   Operation 137 'urem' 'y' <Predicate = true> <Delay = 4.33> <CoreInst = "Divider">   --->   Core 6 'Divider' <Latency = 35> <II = 1> <Delay = 4.33> <FuncUnit> <Opcode : 'udiv' 'sdiv' 'urem' 'srem'> <InPorts = 2> <OutPorts = 1>
ST_17 : Operation 138 [24/36] (4.33ns)   --->   "%udiv_ln29 = udiv i32 %select_ln21, i32 %kernel_size_read" [cpu_functions.cpp:29]   --->   Operation 138 'udiv' 'udiv_ln29' <Predicate = true> <Delay = 4.33> <CoreInst = "Divider">   --->   Core 6 'Divider' <Latency = 35> <II = 1> <Delay = 4.33> <FuncUnit> <Opcode : 'udiv' 'sdiv' 'urem' 'srem'> <InPorts = 2> <OutPorts = 1>
ST_17 : Operation 139 [25/36] (4.33ns)   --->   "%urem_ln30 = urem i32 %select_ln21, i32 %kernel_size_read" [cpu_functions.cpp:30]   --->   Operation 139 'urem' 'urem_ln30' <Predicate = true> <Delay = 4.33> <CoreInst = "Divider">   --->   Core 6 'Divider' <Latency = 35> <II = 1> <Delay = 4.33> <FuncUnit> <Opcode : 'udiv' 'sdiv' 'urem' 'srem'> <InPorts = 2> <OutPorts = 1>

State 18 <SV = 17> <Delay = 4.33>
ST_18 : Operation 140 [21/36] (4.33ns)   --->   "%x = udiv i32 %select_ln21_2, i32 %n_read" [cpu_functions.cpp:23]   --->   Operation 140 'udiv' 'x' <Predicate = true> <Delay = 4.33> <CoreInst = "Divider">   --->   Core 6 'Divider' <Latency = 35> <II = 1> <Delay = 4.33> <FuncUnit> <Opcode : 'udiv' 'sdiv' 'urem' 'srem'> <InPorts = 2> <OutPorts = 1>
ST_18 : Operation 141 [22/36] (4.33ns)   --->   "%y = urem i32 %select_ln21_2, i32 %n_read" [cpu_functions.cpp:24]   --->   Operation 141 'urem' 'y' <Predicate = true> <Delay = 4.33> <CoreInst = "Divider">   --->   Core 6 'Divider' <Latency = 35> <II = 1> <Delay = 4.33> <FuncUnit> <Opcode : 'udiv' 'sdiv' 'urem' 'srem'> <InPorts = 2> <OutPorts = 1>
ST_18 : Operation 142 [23/36] (4.33ns)   --->   "%udiv_ln29 = udiv i32 %select_ln21, i32 %kernel_size_read" [cpu_functions.cpp:29]   --->   Operation 142 'udiv' 'udiv_ln29' <Predicate = true> <Delay = 4.33> <CoreInst = "Divider">   --->   Core 6 'Divider' <Latency = 35> <II = 1> <Delay = 4.33> <FuncUnit> <Opcode : 'udiv' 'sdiv' 'urem' 'srem'> <InPorts = 2> <OutPorts = 1>
ST_18 : Operation 143 [24/36] (4.33ns)   --->   "%urem_ln30 = urem i32 %select_ln21, i32 %kernel_size_read" [cpu_functions.cpp:30]   --->   Operation 143 'urem' 'urem_ln30' <Predicate = true> <Delay = 4.33> <CoreInst = "Divider">   --->   Core 6 'Divider' <Latency = 35> <II = 1> <Delay = 4.33> <FuncUnit> <Opcode : 'udiv' 'sdiv' 'urem' 'srem'> <InPorts = 2> <OutPorts = 1>

State 19 <SV = 18> <Delay = 4.33>
ST_19 : Operation 144 [20/36] (4.33ns)   --->   "%x = udiv i32 %select_ln21_2, i32 %n_read" [cpu_functions.cpp:23]   --->   Operation 144 'udiv' 'x' <Predicate = true> <Delay = 4.33> <CoreInst = "Divider">   --->   Core 6 'Divider' <Latency = 35> <II = 1> <Delay = 4.33> <FuncUnit> <Opcode : 'udiv' 'sdiv' 'urem' 'srem'> <InPorts = 2> <OutPorts = 1>
ST_19 : Operation 145 [21/36] (4.33ns)   --->   "%y = urem i32 %select_ln21_2, i32 %n_read" [cpu_functions.cpp:24]   --->   Operation 145 'urem' 'y' <Predicate = true> <Delay = 4.33> <CoreInst = "Divider">   --->   Core 6 'Divider' <Latency = 35> <II = 1> <Delay = 4.33> <FuncUnit> <Opcode : 'udiv' 'sdiv' 'urem' 'srem'> <InPorts = 2> <OutPorts = 1>
ST_19 : Operation 146 [22/36] (4.33ns)   --->   "%udiv_ln29 = udiv i32 %select_ln21, i32 %kernel_size_read" [cpu_functions.cpp:29]   --->   Operation 146 'udiv' 'udiv_ln29' <Predicate = true> <Delay = 4.33> <CoreInst = "Divider">   --->   Core 6 'Divider' <Latency = 35> <II = 1> <Delay = 4.33> <FuncUnit> <Opcode : 'udiv' 'sdiv' 'urem' 'srem'> <InPorts = 2> <OutPorts = 1>
ST_19 : Operation 147 [23/36] (4.33ns)   --->   "%urem_ln30 = urem i32 %select_ln21, i32 %kernel_size_read" [cpu_functions.cpp:30]   --->   Operation 147 'urem' 'urem_ln30' <Predicate = true> <Delay = 4.33> <CoreInst = "Divider">   --->   Core 6 'Divider' <Latency = 35> <II = 1> <Delay = 4.33> <FuncUnit> <Opcode : 'udiv' 'sdiv' 'urem' 'srem'> <InPorts = 2> <OutPorts = 1>

State 20 <SV = 19> <Delay = 4.33>
ST_20 : Operation 148 [19/36] (4.33ns)   --->   "%x = udiv i32 %select_ln21_2, i32 %n_read" [cpu_functions.cpp:23]   --->   Operation 148 'udiv' 'x' <Predicate = true> <Delay = 4.33> <CoreInst = "Divider">   --->   Core 6 'Divider' <Latency = 35> <II = 1> <Delay = 4.33> <FuncUnit> <Opcode : 'udiv' 'sdiv' 'urem' 'srem'> <InPorts = 2> <OutPorts = 1>
ST_20 : Operation 149 [20/36] (4.33ns)   --->   "%y = urem i32 %select_ln21_2, i32 %n_read" [cpu_functions.cpp:24]   --->   Operation 149 'urem' 'y' <Predicate = true> <Delay = 4.33> <CoreInst = "Divider">   --->   Core 6 'Divider' <Latency = 35> <II = 1> <Delay = 4.33> <FuncUnit> <Opcode : 'udiv' 'sdiv' 'urem' 'srem'> <InPorts = 2> <OutPorts = 1>
ST_20 : Operation 150 [21/36] (4.33ns)   --->   "%udiv_ln29 = udiv i32 %select_ln21, i32 %kernel_size_read" [cpu_functions.cpp:29]   --->   Operation 150 'udiv' 'udiv_ln29' <Predicate = true> <Delay = 4.33> <CoreInst = "Divider">   --->   Core 6 'Divider' <Latency = 35> <II = 1> <Delay = 4.33> <FuncUnit> <Opcode : 'udiv' 'sdiv' 'urem' 'srem'> <InPorts = 2> <OutPorts = 1>
ST_20 : Operation 151 [22/36] (4.33ns)   --->   "%urem_ln30 = urem i32 %select_ln21, i32 %kernel_size_read" [cpu_functions.cpp:30]   --->   Operation 151 'urem' 'urem_ln30' <Predicate = true> <Delay = 4.33> <CoreInst = "Divider">   --->   Core 6 'Divider' <Latency = 35> <II = 1> <Delay = 4.33> <FuncUnit> <Opcode : 'udiv' 'sdiv' 'urem' 'srem'> <InPorts = 2> <OutPorts = 1>

State 21 <SV = 20> <Delay = 4.33>
ST_21 : Operation 152 [18/36] (4.33ns)   --->   "%x = udiv i32 %select_ln21_2, i32 %n_read" [cpu_functions.cpp:23]   --->   Operation 152 'udiv' 'x' <Predicate = true> <Delay = 4.33> <CoreInst = "Divider">   --->   Core 6 'Divider' <Latency = 35> <II = 1> <Delay = 4.33> <FuncUnit> <Opcode : 'udiv' 'sdiv' 'urem' 'srem'> <InPorts = 2> <OutPorts = 1>
ST_21 : Operation 153 [19/36] (4.33ns)   --->   "%y = urem i32 %select_ln21_2, i32 %n_read" [cpu_functions.cpp:24]   --->   Operation 153 'urem' 'y' <Predicate = true> <Delay = 4.33> <CoreInst = "Divider">   --->   Core 6 'Divider' <Latency = 35> <II = 1> <Delay = 4.33> <FuncUnit> <Opcode : 'udiv' 'sdiv' 'urem' 'srem'> <InPorts = 2> <OutPorts = 1>
ST_21 : Operation 154 [20/36] (4.33ns)   --->   "%udiv_ln29 = udiv i32 %select_ln21, i32 %kernel_size_read" [cpu_functions.cpp:29]   --->   Operation 154 'udiv' 'udiv_ln29' <Predicate = true> <Delay = 4.33> <CoreInst = "Divider">   --->   Core 6 'Divider' <Latency = 35> <II = 1> <Delay = 4.33> <FuncUnit> <Opcode : 'udiv' 'sdiv' 'urem' 'srem'> <InPorts = 2> <OutPorts = 1>
ST_21 : Operation 155 [21/36] (4.33ns)   --->   "%urem_ln30 = urem i32 %select_ln21, i32 %kernel_size_read" [cpu_functions.cpp:30]   --->   Operation 155 'urem' 'urem_ln30' <Predicate = true> <Delay = 4.33> <CoreInst = "Divider">   --->   Core 6 'Divider' <Latency = 35> <II = 1> <Delay = 4.33> <FuncUnit> <Opcode : 'udiv' 'sdiv' 'urem' 'srem'> <InPorts = 2> <OutPorts = 1>

State 22 <SV = 21> <Delay = 4.33>
ST_22 : Operation 156 [17/36] (4.33ns)   --->   "%x = udiv i32 %select_ln21_2, i32 %n_read" [cpu_functions.cpp:23]   --->   Operation 156 'udiv' 'x' <Predicate = true> <Delay = 4.33> <CoreInst = "Divider">   --->   Core 6 'Divider' <Latency = 35> <II = 1> <Delay = 4.33> <FuncUnit> <Opcode : 'udiv' 'sdiv' 'urem' 'srem'> <InPorts = 2> <OutPorts = 1>
ST_22 : Operation 157 [18/36] (4.33ns)   --->   "%y = urem i32 %select_ln21_2, i32 %n_read" [cpu_functions.cpp:24]   --->   Operation 157 'urem' 'y' <Predicate = true> <Delay = 4.33> <CoreInst = "Divider">   --->   Core 6 'Divider' <Latency = 35> <II = 1> <Delay = 4.33> <FuncUnit> <Opcode : 'udiv' 'sdiv' 'urem' 'srem'> <InPorts = 2> <OutPorts = 1>
ST_22 : Operation 158 [19/36] (4.33ns)   --->   "%udiv_ln29 = udiv i32 %select_ln21, i32 %kernel_size_read" [cpu_functions.cpp:29]   --->   Operation 158 'udiv' 'udiv_ln29' <Predicate = true> <Delay = 4.33> <CoreInst = "Divider">   --->   Core 6 'Divider' <Latency = 35> <II = 1> <Delay = 4.33> <FuncUnit> <Opcode : 'udiv' 'sdiv' 'urem' 'srem'> <InPorts = 2> <OutPorts = 1>
ST_22 : Operation 159 [20/36] (4.33ns)   --->   "%urem_ln30 = urem i32 %select_ln21, i32 %kernel_size_read" [cpu_functions.cpp:30]   --->   Operation 159 'urem' 'urem_ln30' <Predicate = true> <Delay = 4.33> <CoreInst = "Divider">   --->   Core 6 'Divider' <Latency = 35> <II = 1> <Delay = 4.33> <FuncUnit> <Opcode : 'udiv' 'sdiv' 'urem' 'srem'> <InPorts = 2> <OutPorts = 1>

State 23 <SV = 22> <Delay = 4.33>
ST_23 : Operation 160 [16/36] (4.33ns)   --->   "%x = udiv i32 %select_ln21_2, i32 %n_read" [cpu_functions.cpp:23]   --->   Operation 160 'udiv' 'x' <Predicate = true> <Delay = 4.33> <CoreInst = "Divider">   --->   Core 6 'Divider' <Latency = 35> <II = 1> <Delay = 4.33> <FuncUnit> <Opcode : 'udiv' 'sdiv' 'urem' 'srem'> <InPorts = 2> <OutPorts = 1>
ST_23 : Operation 161 [17/36] (4.33ns)   --->   "%y = urem i32 %select_ln21_2, i32 %n_read" [cpu_functions.cpp:24]   --->   Operation 161 'urem' 'y' <Predicate = true> <Delay = 4.33> <CoreInst = "Divider">   --->   Core 6 'Divider' <Latency = 35> <II = 1> <Delay = 4.33> <FuncUnit> <Opcode : 'udiv' 'sdiv' 'urem' 'srem'> <InPorts = 2> <OutPorts = 1>
ST_23 : Operation 162 [18/36] (4.33ns)   --->   "%udiv_ln29 = udiv i32 %select_ln21, i32 %kernel_size_read" [cpu_functions.cpp:29]   --->   Operation 162 'udiv' 'udiv_ln29' <Predicate = true> <Delay = 4.33> <CoreInst = "Divider">   --->   Core 6 'Divider' <Latency = 35> <II = 1> <Delay = 4.33> <FuncUnit> <Opcode : 'udiv' 'sdiv' 'urem' 'srem'> <InPorts = 2> <OutPorts = 1>
ST_23 : Operation 163 [19/36] (4.33ns)   --->   "%urem_ln30 = urem i32 %select_ln21, i32 %kernel_size_read" [cpu_functions.cpp:30]   --->   Operation 163 'urem' 'urem_ln30' <Predicate = true> <Delay = 4.33> <CoreInst = "Divider">   --->   Core 6 'Divider' <Latency = 35> <II = 1> <Delay = 4.33> <FuncUnit> <Opcode : 'udiv' 'sdiv' 'urem' 'srem'> <InPorts = 2> <OutPorts = 1>

State 24 <SV = 23> <Delay = 4.33>
ST_24 : Operation 164 [15/36] (4.33ns)   --->   "%x = udiv i32 %select_ln21_2, i32 %n_read" [cpu_functions.cpp:23]   --->   Operation 164 'udiv' 'x' <Predicate = true> <Delay = 4.33> <CoreInst = "Divider">   --->   Core 6 'Divider' <Latency = 35> <II = 1> <Delay = 4.33> <FuncUnit> <Opcode : 'udiv' 'sdiv' 'urem' 'srem'> <InPorts = 2> <OutPorts = 1>
ST_24 : Operation 165 [16/36] (4.33ns)   --->   "%y = urem i32 %select_ln21_2, i32 %n_read" [cpu_functions.cpp:24]   --->   Operation 165 'urem' 'y' <Predicate = true> <Delay = 4.33> <CoreInst = "Divider">   --->   Core 6 'Divider' <Latency = 35> <II = 1> <Delay = 4.33> <FuncUnit> <Opcode : 'udiv' 'sdiv' 'urem' 'srem'> <InPorts = 2> <OutPorts = 1>
ST_24 : Operation 166 [17/36] (4.33ns)   --->   "%udiv_ln29 = udiv i32 %select_ln21, i32 %kernel_size_read" [cpu_functions.cpp:29]   --->   Operation 166 'udiv' 'udiv_ln29' <Predicate = true> <Delay = 4.33> <CoreInst = "Divider">   --->   Core 6 'Divider' <Latency = 35> <II = 1> <Delay = 4.33> <FuncUnit> <Opcode : 'udiv' 'sdiv' 'urem' 'srem'> <InPorts = 2> <OutPorts = 1>
ST_24 : Operation 167 [18/36] (4.33ns)   --->   "%urem_ln30 = urem i32 %select_ln21, i32 %kernel_size_read" [cpu_functions.cpp:30]   --->   Operation 167 'urem' 'urem_ln30' <Predicate = true> <Delay = 4.33> <CoreInst = "Divider">   --->   Core 6 'Divider' <Latency = 35> <II = 1> <Delay = 4.33> <FuncUnit> <Opcode : 'udiv' 'sdiv' 'urem' 'srem'> <InPorts = 2> <OutPorts = 1>

State 25 <SV = 24> <Delay = 4.33>
ST_25 : Operation 168 [14/36] (4.33ns)   --->   "%x = udiv i32 %select_ln21_2, i32 %n_read" [cpu_functions.cpp:23]   --->   Operation 168 'udiv' 'x' <Predicate = true> <Delay = 4.33> <CoreInst = "Divider">   --->   Core 6 'Divider' <Latency = 35> <II = 1> <Delay = 4.33> <FuncUnit> <Opcode : 'udiv' 'sdiv' 'urem' 'srem'> <InPorts = 2> <OutPorts = 1>
ST_25 : Operation 169 [15/36] (4.33ns)   --->   "%y = urem i32 %select_ln21_2, i32 %n_read" [cpu_functions.cpp:24]   --->   Operation 169 'urem' 'y' <Predicate = true> <Delay = 4.33> <CoreInst = "Divider">   --->   Core 6 'Divider' <Latency = 35> <II = 1> <Delay = 4.33> <FuncUnit> <Opcode : 'udiv' 'sdiv' 'urem' 'srem'> <InPorts = 2> <OutPorts = 1>
ST_25 : Operation 170 [16/36] (4.33ns)   --->   "%udiv_ln29 = udiv i32 %select_ln21, i32 %kernel_size_read" [cpu_functions.cpp:29]   --->   Operation 170 'udiv' 'udiv_ln29' <Predicate = true> <Delay = 4.33> <CoreInst = "Divider">   --->   Core 6 'Divider' <Latency = 35> <II = 1> <Delay = 4.33> <FuncUnit> <Opcode : 'udiv' 'sdiv' 'urem' 'srem'> <InPorts = 2> <OutPorts = 1>
ST_25 : Operation 171 [17/36] (4.33ns)   --->   "%urem_ln30 = urem i32 %select_ln21, i32 %kernel_size_read" [cpu_functions.cpp:30]   --->   Operation 171 'urem' 'urem_ln30' <Predicate = true> <Delay = 4.33> <CoreInst = "Divider">   --->   Core 6 'Divider' <Latency = 35> <II = 1> <Delay = 4.33> <FuncUnit> <Opcode : 'udiv' 'sdiv' 'urem' 'srem'> <InPorts = 2> <OutPorts = 1>

State 26 <SV = 25> <Delay = 4.33>
ST_26 : Operation 172 [13/36] (4.33ns)   --->   "%x = udiv i32 %select_ln21_2, i32 %n_read" [cpu_functions.cpp:23]   --->   Operation 172 'udiv' 'x' <Predicate = true> <Delay = 4.33> <CoreInst = "Divider">   --->   Core 6 'Divider' <Latency = 35> <II = 1> <Delay = 4.33> <FuncUnit> <Opcode : 'udiv' 'sdiv' 'urem' 'srem'> <InPorts = 2> <OutPorts = 1>
ST_26 : Operation 173 [14/36] (4.33ns)   --->   "%y = urem i32 %select_ln21_2, i32 %n_read" [cpu_functions.cpp:24]   --->   Operation 173 'urem' 'y' <Predicate = true> <Delay = 4.33> <CoreInst = "Divider">   --->   Core 6 'Divider' <Latency = 35> <II = 1> <Delay = 4.33> <FuncUnit> <Opcode : 'udiv' 'sdiv' 'urem' 'srem'> <InPorts = 2> <OutPorts = 1>
ST_26 : Operation 174 [15/36] (4.33ns)   --->   "%udiv_ln29 = udiv i32 %select_ln21, i32 %kernel_size_read" [cpu_functions.cpp:29]   --->   Operation 174 'udiv' 'udiv_ln29' <Predicate = true> <Delay = 4.33> <CoreInst = "Divider">   --->   Core 6 'Divider' <Latency = 35> <II = 1> <Delay = 4.33> <FuncUnit> <Opcode : 'udiv' 'sdiv' 'urem' 'srem'> <InPorts = 2> <OutPorts = 1>
ST_26 : Operation 175 [16/36] (4.33ns)   --->   "%urem_ln30 = urem i32 %select_ln21, i32 %kernel_size_read" [cpu_functions.cpp:30]   --->   Operation 175 'urem' 'urem_ln30' <Predicate = true> <Delay = 4.33> <CoreInst = "Divider">   --->   Core 6 'Divider' <Latency = 35> <II = 1> <Delay = 4.33> <FuncUnit> <Opcode : 'udiv' 'sdiv' 'urem' 'srem'> <InPorts = 2> <OutPorts = 1>

State 27 <SV = 26> <Delay = 4.33>
ST_27 : Operation 176 [12/36] (4.33ns)   --->   "%x = udiv i32 %select_ln21_2, i32 %n_read" [cpu_functions.cpp:23]   --->   Operation 176 'udiv' 'x' <Predicate = true> <Delay = 4.33> <CoreInst = "Divider">   --->   Core 6 'Divider' <Latency = 35> <II = 1> <Delay = 4.33> <FuncUnit> <Opcode : 'udiv' 'sdiv' 'urem' 'srem'> <InPorts = 2> <OutPorts = 1>
ST_27 : Operation 177 [13/36] (4.33ns)   --->   "%y = urem i32 %select_ln21_2, i32 %n_read" [cpu_functions.cpp:24]   --->   Operation 177 'urem' 'y' <Predicate = true> <Delay = 4.33> <CoreInst = "Divider">   --->   Core 6 'Divider' <Latency = 35> <II = 1> <Delay = 4.33> <FuncUnit> <Opcode : 'udiv' 'sdiv' 'urem' 'srem'> <InPorts = 2> <OutPorts = 1>
ST_27 : Operation 178 [14/36] (4.33ns)   --->   "%udiv_ln29 = udiv i32 %select_ln21, i32 %kernel_size_read" [cpu_functions.cpp:29]   --->   Operation 178 'udiv' 'udiv_ln29' <Predicate = true> <Delay = 4.33> <CoreInst = "Divider">   --->   Core 6 'Divider' <Latency = 35> <II = 1> <Delay = 4.33> <FuncUnit> <Opcode : 'udiv' 'sdiv' 'urem' 'srem'> <InPorts = 2> <OutPorts = 1>
ST_27 : Operation 179 [15/36] (4.33ns)   --->   "%urem_ln30 = urem i32 %select_ln21, i32 %kernel_size_read" [cpu_functions.cpp:30]   --->   Operation 179 'urem' 'urem_ln30' <Predicate = true> <Delay = 4.33> <CoreInst = "Divider">   --->   Core 6 'Divider' <Latency = 35> <II = 1> <Delay = 4.33> <FuncUnit> <Opcode : 'udiv' 'sdiv' 'urem' 'srem'> <InPorts = 2> <OutPorts = 1>

State 28 <SV = 27> <Delay = 4.33>
ST_28 : Operation 180 [11/36] (4.33ns)   --->   "%x = udiv i32 %select_ln21_2, i32 %n_read" [cpu_functions.cpp:23]   --->   Operation 180 'udiv' 'x' <Predicate = true> <Delay = 4.33> <CoreInst = "Divider">   --->   Core 6 'Divider' <Latency = 35> <II = 1> <Delay = 4.33> <FuncUnit> <Opcode : 'udiv' 'sdiv' 'urem' 'srem'> <InPorts = 2> <OutPorts = 1>
ST_28 : Operation 181 [12/36] (4.33ns)   --->   "%y = urem i32 %select_ln21_2, i32 %n_read" [cpu_functions.cpp:24]   --->   Operation 181 'urem' 'y' <Predicate = true> <Delay = 4.33> <CoreInst = "Divider">   --->   Core 6 'Divider' <Latency = 35> <II = 1> <Delay = 4.33> <FuncUnit> <Opcode : 'udiv' 'sdiv' 'urem' 'srem'> <InPorts = 2> <OutPorts = 1>
ST_28 : Operation 182 [13/36] (4.33ns)   --->   "%udiv_ln29 = udiv i32 %select_ln21, i32 %kernel_size_read" [cpu_functions.cpp:29]   --->   Operation 182 'udiv' 'udiv_ln29' <Predicate = true> <Delay = 4.33> <CoreInst = "Divider">   --->   Core 6 'Divider' <Latency = 35> <II = 1> <Delay = 4.33> <FuncUnit> <Opcode : 'udiv' 'sdiv' 'urem' 'srem'> <InPorts = 2> <OutPorts = 1>
ST_28 : Operation 183 [14/36] (4.33ns)   --->   "%urem_ln30 = urem i32 %select_ln21, i32 %kernel_size_read" [cpu_functions.cpp:30]   --->   Operation 183 'urem' 'urem_ln30' <Predicate = true> <Delay = 4.33> <CoreInst = "Divider">   --->   Core 6 'Divider' <Latency = 35> <II = 1> <Delay = 4.33> <FuncUnit> <Opcode : 'udiv' 'sdiv' 'urem' 'srem'> <InPorts = 2> <OutPorts = 1>

State 29 <SV = 28> <Delay = 4.33>
ST_29 : Operation 184 [10/36] (4.33ns)   --->   "%x = udiv i32 %select_ln21_2, i32 %n_read" [cpu_functions.cpp:23]   --->   Operation 184 'udiv' 'x' <Predicate = true> <Delay = 4.33> <CoreInst = "Divider">   --->   Core 6 'Divider' <Latency = 35> <II = 1> <Delay = 4.33> <FuncUnit> <Opcode : 'udiv' 'sdiv' 'urem' 'srem'> <InPorts = 2> <OutPorts = 1>
ST_29 : Operation 185 [11/36] (4.33ns)   --->   "%y = urem i32 %select_ln21_2, i32 %n_read" [cpu_functions.cpp:24]   --->   Operation 185 'urem' 'y' <Predicate = true> <Delay = 4.33> <CoreInst = "Divider">   --->   Core 6 'Divider' <Latency = 35> <II = 1> <Delay = 4.33> <FuncUnit> <Opcode : 'udiv' 'sdiv' 'urem' 'srem'> <InPorts = 2> <OutPorts = 1>
ST_29 : Operation 186 [12/36] (4.33ns)   --->   "%udiv_ln29 = udiv i32 %select_ln21, i32 %kernel_size_read" [cpu_functions.cpp:29]   --->   Operation 186 'udiv' 'udiv_ln29' <Predicate = true> <Delay = 4.33> <CoreInst = "Divider">   --->   Core 6 'Divider' <Latency = 35> <II = 1> <Delay = 4.33> <FuncUnit> <Opcode : 'udiv' 'sdiv' 'urem' 'srem'> <InPorts = 2> <OutPorts = 1>
ST_29 : Operation 187 [13/36] (4.33ns)   --->   "%urem_ln30 = urem i32 %select_ln21, i32 %kernel_size_read" [cpu_functions.cpp:30]   --->   Operation 187 'urem' 'urem_ln30' <Predicate = true> <Delay = 4.33> <CoreInst = "Divider">   --->   Core 6 'Divider' <Latency = 35> <II = 1> <Delay = 4.33> <FuncUnit> <Opcode : 'udiv' 'sdiv' 'urem' 'srem'> <InPorts = 2> <OutPorts = 1>

State 30 <SV = 29> <Delay = 4.33>
ST_30 : Operation 188 [9/36] (4.33ns)   --->   "%x = udiv i32 %select_ln21_2, i32 %n_read" [cpu_functions.cpp:23]   --->   Operation 188 'udiv' 'x' <Predicate = true> <Delay = 4.33> <CoreInst = "Divider">   --->   Core 6 'Divider' <Latency = 35> <II = 1> <Delay = 4.33> <FuncUnit> <Opcode : 'udiv' 'sdiv' 'urem' 'srem'> <InPorts = 2> <OutPorts = 1>
ST_30 : Operation 189 [10/36] (4.33ns)   --->   "%y = urem i32 %select_ln21_2, i32 %n_read" [cpu_functions.cpp:24]   --->   Operation 189 'urem' 'y' <Predicate = true> <Delay = 4.33> <CoreInst = "Divider">   --->   Core 6 'Divider' <Latency = 35> <II = 1> <Delay = 4.33> <FuncUnit> <Opcode : 'udiv' 'sdiv' 'urem' 'srem'> <InPorts = 2> <OutPorts = 1>
ST_30 : Operation 190 [11/36] (4.33ns)   --->   "%udiv_ln29 = udiv i32 %select_ln21, i32 %kernel_size_read" [cpu_functions.cpp:29]   --->   Operation 190 'udiv' 'udiv_ln29' <Predicate = true> <Delay = 4.33> <CoreInst = "Divider">   --->   Core 6 'Divider' <Latency = 35> <II = 1> <Delay = 4.33> <FuncUnit> <Opcode : 'udiv' 'sdiv' 'urem' 'srem'> <InPorts = 2> <OutPorts = 1>
ST_30 : Operation 191 [12/36] (4.33ns)   --->   "%urem_ln30 = urem i32 %select_ln21, i32 %kernel_size_read" [cpu_functions.cpp:30]   --->   Operation 191 'urem' 'urem_ln30' <Predicate = true> <Delay = 4.33> <CoreInst = "Divider">   --->   Core 6 'Divider' <Latency = 35> <II = 1> <Delay = 4.33> <FuncUnit> <Opcode : 'udiv' 'sdiv' 'urem' 'srem'> <InPorts = 2> <OutPorts = 1>

State 31 <SV = 30> <Delay = 4.33>
ST_31 : Operation 192 [8/36] (4.33ns)   --->   "%x = udiv i32 %select_ln21_2, i32 %n_read" [cpu_functions.cpp:23]   --->   Operation 192 'udiv' 'x' <Predicate = true> <Delay = 4.33> <CoreInst = "Divider">   --->   Core 6 'Divider' <Latency = 35> <II = 1> <Delay = 4.33> <FuncUnit> <Opcode : 'udiv' 'sdiv' 'urem' 'srem'> <InPorts = 2> <OutPorts = 1>
ST_31 : Operation 193 [9/36] (4.33ns)   --->   "%y = urem i32 %select_ln21_2, i32 %n_read" [cpu_functions.cpp:24]   --->   Operation 193 'urem' 'y' <Predicate = true> <Delay = 4.33> <CoreInst = "Divider">   --->   Core 6 'Divider' <Latency = 35> <II = 1> <Delay = 4.33> <FuncUnit> <Opcode : 'udiv' 'sdiv' 'urem' 'srem'> <InPorts = 2> <OutPorts = 1>
ST_31 : Operation 194 [10/36] (4.33ns)   --->   "%udiv_ln29 = udiv i32 %select_ln21, i32 %kernel_size_read" [cpu_functions.cpp:29]   --->   Operation 194 'udiv' 'udiv_ln29' <Predicate = true> <Delay = 4.33> <CoreInst = "Divider">   --->   Core 6 'Divider' <Latency = 35> <II = 1> <Delay = 4.33> <FuncUnit> <Opcode : 'udiv' 'sdiv' 'urem' 'srem'> <InPorts = 2> <OutPorts = 1>
ST_31 : Operation 195 [11/36] (4.33ns)   --->   "%urem_ln30 = urem i32 %select_ln21, i32 %kernel_size_read" [cpu_functions.cpp:30]   --->   Operation 195 'urem' 'urem_ln30' <Predicate = true> <Delay = 4.33> <CoreInst = "Divider">   --->   Core 6 'Divider' <Latency = 35> <II = 1> <Delay = 4.33> <FuncUnit> <Opcode : 'udiv' 'sdiv' 'urem' 'srem'> <InPorts = 2> <OutPorts = 1>

State 32 <SV = 31> <Delay = 4.33>
ST_32 : Operation 196 [7/36] (4.33ns)   --->   "%x = udiv i32 %select_ln21_2, i32 %n_read" [cpu_functions.cpp:23]   --->   Operation 196 'udiv' 'x' <Predicate = true> <Delay = 4.33> <CoreInst = "Divider">   --->   Core 6 'Divider' <Latency = 35> <II = 1> <Delay = 4.33> <FuncUnit> <Opcode : 'udiv' 'sdiv' 'urem' 'srem'> <InPorts = 2> <OutPorts = 1>
ST_32 : Operation 197 [8/36] (4.33ns)   --->   "%y = urem i32 %select_ln21_2, i32 %n_read" [cpu_functions.cpp:24]   --->   Operation 197 'urem' 'y' <Predicate = true> <Delay = 4.33> <CoreInst = "Divider">   --->   Core 6 'Divider' <Latency = 35> <II = 1> <Delay = 4.33> <FuncUnit> <Opcode : 'udiv' 'sdiv' 'urem' 'srem'> <InPorts = 2> <OutPorts = 1>
ST_32 : Operation 198 [9/36] (4.33ns)   --->   "%udiv_ln29 = udiv i32 %select_ln21, i32 %kernel_size_read" [cpu_functions.cpp:29]   --->   Operation 198 'udiv' 'udiv_ln29' <Predicate = true> <Delay = 4.33> <CoreInst = "Divider">   --->   Core 6 'Divider' <Latency = 35> <II = 1> <Delay = 4.33> <FuncUnit> <Opcode : 'udiv' 'sdiv' 'urem' 'srem'> <InPorts = 2> <OutPorts = 1>
ST_32 : Operation 199 [10/36] (4.33ns)   --->   "%urem_ln30 = urem i32 %select_ln21, i32 %kernel_size_read" [cpu_functions.cpp:30]   --->   Operation 199 'urem' 'urem_ln30' <Predicate = true> <Delay = 4.33> <CoreInst = "Divider">   --->   Core 6 'Divider' <Latency = 35> <II = 1> <Delay = 4.33> <FuncUnit> <Opcode : 'udiv' 'sdiv' 'urem' 'srem'> <InPorts = 2> <OutPorts = 1>

State 33 <SV = 32> <Delay = 4.33>
ST_33 : Operation 200 [6/36] (4.33ns)   --->   "%x = udiv i32 %select_ln21_2, i32 %n_read" [cpu_functions.cpp:23]   --->   Operation 200 'udiv' 'x' <Predicate = true> <Delay = 4.33> <CoreInst = "Divider">   --->   Core 6 'Divider' <Latency = 35> <II = 1> <Delay = 4.33> <FuncUnit> <Opcode : 'udiv' 'sdiv' 'urem' 'srem'> <InPorts = 2> <OutPorts = 1>
ST_33 : Operation 201 [7/36] (4.33ns)   --->   "%y = urem i32 %select_ln21_2, i32 %n_read" [cpu_functions.cpp:24]   --->   Operation 201 'urem' 'y' <Predicate = true> <Delay = 4.33> <CoreInst = "Divider">   --->   Core 6 'Divider' <Latency = 35> <II = 1> <Delay = 4.33> <FuncUnit> <Opcode : 'udiv' 'sdiv' 'urem' 'srem'> <InPorts = 2> <OutPorts = 1>
ST_33 : Operation 202 [8/36] (4.33ns)   --->   "%udiv_ln29 = udiv i32 %select_ln21, i32 %kernel_size_read" [cpu_functions.cpp:29]   --->   Operation 202 'udiv' 'udiv_ln29' <Predicate = true> <Delay = 4.33> <CoreInst = "Divider">   --->   Core 6 'Divider' <Latency = 35> <II = 1> <Delay = 4.33> <FuncUnit> <Opcode : 'udiv' 'sdiv' 'urem' 'srem'> <InPorts = 2> <OutPorts = 1>
ST_33 : Operation 203 [9/36] (4.33ns)   --->   "%urem_ln30 = urem i32 %select_ln21, i32 %kernel_size_read" [cpu_functions.cpp:30]   --->   Operation 203 'urem' 'urem_ln30' <Predicate = true> <Delay = 4.33> <CoreInst = "Divider">   --->   Core 6 'Divider' <Latency = 35> <II = 1> <Delay = 4.33> <FuncUnit> <Opcode : 'udiv' 'sdiv' 'urem' 'srem'> <InPorts = 2> <OutPorts = 1>

State 34 <SV = 33> <Delay = 4.33>
ST_34 : Operation 204 [5/36] (4.33ns)   --->   "%x = udiv i32 %select_ln21_2, i32 %n_read" [cpu_functions.cpp:23]   --->   Operation 204 'udiv' 'x' <Predicate = true> <Delay = 4.33> <CoreInst = "Divider">   --->   Core 6 'Divider' <Latency = 35> <II = 1> <Delay = 4.33> <FuncUnit> <Opcode : 'udiv' 'sdiv' 'urem' 'srem'> <InPorts = 2> <OutPorts = 1>
ST_34 : Operation 205 [6/36] (4.33ns)   --->   "%y = urem i32 %select_ln21_2, i32 %n_read" [cpu_functions.cpp:24]   --->   Operation 205 'urem' 'y' <Predicate = true> <Delay = 4.33> <CoreInst = "Divider">   --->   Core 6 'Divider' <Latency = 35> <II = 1> <Delay = 4.33> <FuncUnit> <Opcode : 'udiv' 'sdiv' 'urem' 'srem'> <InPorts = 2> <OutPorts = 1>
ST_34 : Operation 206 [7/36] (4.33ns)   --->   "%udiv_ln29 = udiv i32 %select_ln21, i32 %kernel_size_read" [cpu_functions.cpp:29]   --->   Operation 206 'udiv' 'udiv_ln29' <Predicate = true> <Delay = 4.33> <CoreInst = "Divider">   --->   Core 6 'Divider' <Latency = 35> <II = 1> <Delay = 4.33> <FuncUnit> <Opcode : 'udiv' 'sdiv' 'urem' 'srem'> <InPorts = 2> <OutPorts = 1>
ST_34 : Operation 207 [8/36] (4.33ns)   --->   "%urem_ln30 = urem i32 %select_ln21, i32 %kernel_size_read" [cpu_functions.cpp:30]   --->   Operation 207 'urem' 'urem_ln30' <Predicate = true> <Delay = 4.33> <CoreInst = "Divider">   --->   Core 6 'Divider' <Latency = 35> <II = 1> <Delay = 4.33> <FuncUnit> <Opcode : 'udiv' 'sdiv' 'urem' 'srem'> <InPorts = 2> <OutPorts = 1>

State 35 <SV = 34> <Delay = 4.33>
ST_35 : Operation 208 [4/36] (4.33ns)   --->   "%x = udiv i32 %select_ln21_2, i32 %n_read" [cpu_functions.cpp:23]   --->   Operation 208 'udiv' 'x' <Predicate = true> <Delay = 4.33> <CoreInst = "Divider">   --->   Core 6 'Divider' <Latency = 35> <II = 1> <Delay = 4.33> <FuncUnit> <Opcode : 'udiv' 'sdiv' 'urem' 'srem'> <InPorts = 2> <OutPorts = 1>
ST_35 : Operation 209 [5/36] (4.33ns)   --->   "%y = urem i32 %select_ln21_2, i32 %n_read" [cpu_functions.cpp:24]   --->   Operation 209 'urem' 'y' <Predicate = true> <Delay = 4.33> <CoreInst = "Divider">   --->   Core 6 'Divider' <Latency = 35> <II = 1> <Delay = 4.33> <FuncUnit> <Opcode : 'udiv' 'sdiv' 'urem' 'srem'> <InPorts = 2> <OutPorts = 1>
ST_35 : Operation 210 [6/36] (4.33ns)   --->   "%udiv_ln29 = udiv i32 %select_ln21, i32 %kernel_size_read" [cpu_functions.cpp:29]   --->   Operation 210 'udiv' 'udiv_ln29' <Predicate = true> <Delay = 4.33> <CoreInst = "Divider">   --->   Core 6 'Divider' <Latency = 35> <II = 1> <Delay = 4.33> <FuncUnit> <Opcode : 'udiv' 'sdiv' 'urem' 'srem'> <InPorts = 2> <OutPorts = 1>
ST_35 : Operation 211 [7/36] (4.33ns)   --->   "%urem_ln30 = urem i32 %select_ln21, i32 %kernel_size_read" [cpu_functions.cpp:30]   --->   Operation 211 'urem' 'urem_ln30' <Predicate = true> <Delay = 4.33> <CoreInst = "Divider">   --->   Core 6 'Divider' <Latency = 35> <II = 1> <Delay = 4.33> <FuncUnit> <Opcode : 'udiv' 'sdiv' 'urem' 'srem'> <InPorts = 2> <OutPorts = 1>

State 36 <SV = 35> <Delay = 4.33>
ST_36 : Operation 212 [3/36] (4.33ns)   --->   "%x = udiv i32 %select_ln21_2, i32 %n_read" [cpu_functions.cpp:23]   --->   Operation 212 'udiv' 'x' <Predicate = true> <Delay = 4.33> <CoreInst = "Divider">   --->   Core 6 'Divider' <Latency = 35> <II = 1> <Delay = 4.33> <FuncUnit> <Opcode : 'udiv' 'sdiv' 'urem' 'srem'> <InPorts = 2> <OutPorts = 1>
ST_36 : Operation 213 [4/36] (4.33ns)   --->   "%y = urem i32 %select_ln21_2, i32 %n_read" [cpu_functions.cpp:24]   --->   Operation 213 'urem' 'y' <Predicate = true> <Delay = 4.33> <CoreInst = "Divider">   --->   Core 6 'Divider' <Latency = 35> <II = 1> <Delay = 4.33> <FuncUnit> <Opcode : 'udiv' 'sdiv' 'urem' 'srem'> <InPorts = 2> <OutPorts = 1>
ST_36 : Operation 214 [5/36] (4.33ns)   --->   "%udiv_ln29 = udiv i32 %select_ln21, i32 %kernel_size_read" [cpu_functions.cpp:29]   --->   Operation 214 'udiv' 'udiv_ln29' <Predicate = true> <Delay = 4.33> <CoreInst = "Divider">   --->   Core 6 'Divider' <Latency = 35> <II = 1> <Delay = 4.33> <FuncUnit> <Opcode : 'udiv' 'sdiv' 'urem' 'srem'> <InPorts = 2> <OutPorts = 1>
ST_36 : Operation 215 [6/36] (4.33ns)   --->   "%urem_ln30 = urem i32 %select_ln21, i32 %kernel_size_read" [cpu_functions.cpp:30]   --->   Operation 215 'urem' 'urem_ln30' <Predicate = true> <Delay = 4.33> <CoreInst = "Divider">   --->   Core 6 'Divider' <Latency = 35> <II = 1> <Delay = 4.33> <FuncUnit> <Opcode : 'udiv' 'sdiv' 'urem' 'srem'> <InPorts = 2> <OutPorts = 1>

State 37 <SV = 36> <Delay = 4.33>
ST_37 : Operation 216 [2/36] (4.33ns)   --->   "%x = udiv i32 %select_ln21_2, i32 %n_read" [cpu_functions.cpp:23]   --->   Operation 216 'udiv' 'x' <Predicate = true> <Delay = 4.33> <CoreInst = "Divider">   --->   Core 6 'Divider' <Latency = 35> <II = 1> <Delay = 4.33> <FuncUnit> <Opcode : 'udiv' 'sdiv' 'urem' 'srem'> <InPorts = 2> <OutPorts = 1>
ST_37 : Operation 217 [3/36] (4.33ns)   --->   "%y = urem i32 %select_ln21_2, i32 %n_read" [cpu_functions.cpp:24]   --->   Operation 217 'urem' 'y' <Predicate = true> <Delay = 4.33> <CoreInst = "Divider">   --->   Core 6 'Divider' <Latency = 35> <II = 1> <Delay = 4.33> <FuncUnit> <Opcode : 'udiv' 'sdiv' 'urem' 'srem'> <InPorts = 2> <OutPorts = 1>
ST_37 : Operation 218 [4/36] (4.33ns)   --->   "%udiv_ln29 = udiv i32 %select_ln21, i32 %kernel_size_read" [cpu_functions.cpp:29]   --->   Operation 218 'udiv' 'udiv_ln29' <Predicate = true> <Delay = 4.33> <CoreInst = "Divider">   --->   Core 6 'Divider' <Latency = 35> <II = 1> <Delay = 4.33> <FuncUnit> <Opcode : 'udiv' 'sdiv' 'urem' 'srem'> <InPorts = 2> <OutPorts = 1>
ST_37 : Operation 219 [5/36] (4.33ns)   --->   "%urem_ln30 = urem i32 %select_ln21, i32 %kernel_size_read" [cpu_functions.cpp:30]   --->   Operation 219 'urem' 'urem_ln30' <Predicate = true> <Delay = 4.33> <CoreInst = "Divider">   --->   Core 6 'Divider' <Latency = 35> <II = 1> <Delay = 4.33> <FuncUnit> <Opcode : 'udiv' 'sdiv' 'urem' 'srem'> <InPorts = 2> <OutPorts = 1>

State 38 <SV = 37> <Delay = 4.33>
ST_38 : Operation 220 [1/36] (4.33ns)   --->   "%x = udiv i32 %select_ln21_2, i32 %n_read" [cpu_functions.cpp:23]   --->   Operation 220 'udiv' 'x' <Predicate = true> <Delay = 4.33> <CoreInst = "Divider">   --->   Core 6 'Divider' <Latency = 35> <II = 1> <Delay = 4.33> <FuncUnit> <Opcode : 'udiv' 'sdiv' 'urem' 'srem'> <InPorts = 2> <OutPorts = 1>
ST_38 : Operation 221 [2/36] (4.33ns)   --->   "%y = urem i32 %select_ln21_2, i32 %n_read" [cpu_functions.cpp:24]   --->   Operation 221 'urem' 'y' <Predicate = true> <Delay = 4.33> <CoreInst = "Divider">   --->   Core 6 'Divider' <Latency = 35> <II = 1> <Delay = 4.33> <FuncUnit> <Opcode : 'udiv' 'sdiv' 'urem' 'srem'> <InPorts = 2> <OutPorts = 1>
ST_38 : Operation 222 [3/36] (4.33ns)   --->   "%udiv_ln29 = udiv i32 %select_ln21, i32 %kernel_size_read" [cpu_functions.cpp:29]   --->   Operation 222 'udiv' 'udiv_ln29' <Predicate = true> <Delay = 4.33> <CoreInst = "Divider">   --->   Core 6 'Divider' <Latency = 35> <II = 1> <Delay = 4.33> <FuncUnit> <Opcode : 'udiv' 'sdiv' 'urem' 'srem'> <InPorts = 2> <OutPorts = 1>
ST_38 : Operation 223 [4/36] (4.33ns)   --->   "%urem_ln30 = urem i32 %select_ln21, i32 %kernel_size_read" [cpu_functions.cpp:30]   --->   Operation 223 'urem' 'urem_ln30' <Predicate = true> <Delay = 4.33> <CoreInst = "Divider">   --->   Core 6 'Divider' <Latency = 35> <II = 1> <Delay = 4.33> <FuncUnit> <Opcode : 'udiv' 'sdiv' 'urem' 'srem'> <InPorts = 2> <OutPorts = 1>

State 39 <SV = 38> <Delay = 4.33>
ST_39 : Operation 224 [1/36] (4.33ns)   --->   "%y = urem i32 %select_ln21_2, i32 %n_read" [cpu_functions.cpp:24]   --->   Operation 224 'urem' 'y' <Predicate = true> <Delay = 4.33> <CoreInst = "Divider">   --->   Core 6 'Divider' <Latency = 35> <II = 1> <Delay = 4.33> <FuncUnit> <Opcode : 'udiv' 'sdiv' 'urem' 'srem'> <InPorts = 2> <OutPorts = 1>
ST_39 : Operation 225 [2/36] (4.33ns)   --->   "%udiv_ln29 = udiv i32 %select_ln21, i32 %kernel_size_read" [cpu_functions.cpp:29]   --->   Operation 225 'udiv' 'udiv_ln29' <Predicate = true> <Delay = 4.33> <CoreInst = "Divider">   --->   Core 6 'Divider' <Latency = 35> <II = 1> <Delay = 4.33> <FuncUnit> <Opcode : 'udiv' 'sdiv' 'urem' 'srem'> <InPorts = 2> <OutPorts = 1>
ST_39 : Operation 226 [3/36] (4.33ns)   --->   "%urem_ln30 = urem i32 %select_ln21, i32 %kernel_size_read" [cpu_functions.cpp:30]   --->   Operation 226 'urem' 'urem_ln30' <Predicate = true> <Delay = 4.33> <CoreInst = "Divider">   --->   Core 6 'Divider' <Latency = 35> <II = 1> <Delay = 4.33> <FuncUnit> <Opcode : 'udiv' 'sdiv' 'urem' 'srem'> <InPorts = 2> <OutPorts = 1>

State 40 <SV = 39> <Delay = 4.33>
ST_40 : Operation 227 [1/36] (4.33ns)   --->   "%udiv_ln29 = udiv i32 %select_ln21, i32 %kernel_size_read" [cpu_functions.cpp:29]   --->   Operation 227 'udiv' 'udiv_ln29' <Predicate = true> <Delay = 4.33> <CoreInst = "Divider">   --->   Core 6 'Divider' <Latency = 35> <II = 1> <Delay = 4.33> <FuncUnit> <Opcode : 'udiv' 'sdiv' 'urem' 'srem'> <InPorts = 2> <OutPorts = 1>
ST_40 : Operation 228 [2/36] (4.33ns)   --->   "%urem_ln30 = urem i32 %select_ln21, i32 %kernel_size_read" [cpu_functions.cpp:30]   --->   Operation 228 'urem' 'urem_ln30' <Predicate = true> <Delay = 4.33> <CoreInst = "Divider">   --->   Core 6 'Divider' <Latency = 35> <II = 1> <Delay = 4.33> <FuncUnit> <Opcode : 'udiv' 'sdiv' 'urem' 'srem'> <InPorts = 2> <OutPorts = 1>

State 41 <SV = 40> <Delay = 4.37>
ST_41 : Operation 229 [1/1] (0.00ns) (grouped into TernaryAdder)   --->   "%kx = sub i32 %udiv_ln29, i32 %kernel_rad_cast" [cpu_functions.cpp:29]   --->   Operation 229 'sub' 'kx' <Predicate = true> <Delay = 0.00> <CoreInst = "TAddSub">   --->   Core 10 'TAddSub' <Latency = 0> <II = 1> <Delay = 2.18> <IPBlock> <Opcode : 'add' 'sub'> <InPorts = 3> <OutPorts = 1> <Sync> <CReg>
ST_41 : Operation 230 [1/36] (4.33ns)   --->   "%urem_ln30 = urem i32 %select_ln21, i32 %kernel_size_read" [cpu_functions.cpp:30]   --->   Operation 230 'urem' 'urem_ln30' <Predicate = true> <Delay = 4.33> <CoreInst = "Divider">   --->   Core 6 'Divider' <Latency = 35> <II = 1> <Delay = 4.33> <FuncUnit> <Opcode : 'udiv' 'sdiv' 'urem' 'srem'> <InPorts = 2> <OutPorts = 1>
ST_41 : Operation 231 [1/1] (4.37ns) (root node of TernaryAdder)   --->   "%add_ln31_1 = add i32 %kx, i32 %x" [cpu_functions.cpp:31]   --->   Operation 231 'add' 'add_ln31_1' <Predicate = true> <Delay = 4.37> <CoreInst = "TAddSub">   --->   Core 10 'TAddSub' <Latency = 0> <II = 1> <Delay = 2.18> <IPBlock> <Opcode : 'add' 'sub'> <InPorts = 3> <OutPorts = 1> <Sync> <CReg>

State 42 <SV = 41> <Delay = 6.92>
ST_42 : Operation 232 [1/1] (0.00ns) (grouped into TernaryAdder)   --->   "%ky = sub i32 %urem_ln30, i32 %kernel_rad_cast" [cpu_functions.cpp:30]   --->   Operation 232 'sub' 'ky' <Predicate = true> <Delay = 0.00> <CoreInst = "TAddSub">   --->   Core 10 'TAddSub' <Latency = 0> <II = 1> <Delay = 2.18> <IPBlock> <Opcode : 'add' 'sub'> <InPorts = 3> <OutPorts = 1> <Sync> <CReg>
ST_42 : Operation 233 [1/1] (4.37ns) (root node of TernaryAdder)   --->   "%add_ln31_2 = add i32 %ky, i32 %y" [cpu_functions.cpp:31]   --->   Operation 233 'add' 'add_ln31_2' <Predicate = true> <Delay = 4.37> <CoreInst = "TAddSub">   --->   Core 10 'TAddSub' <Latency = 0> <II = 1> <Delay = 2.18> <IPBlock> <Opcode : 'add' 'sub'> <InPorts = 3> <OutPorts = 1> <Sync> <CReg>
ST_42 : Operation 234 [1/1] (2.55ns)   --->   "%icmp_ln31 = icmp_sgt  i32 %add_ln31_1, i32 %add_ln31_read" [cpu_functions.cpp:31]   --->   Operation 234 'icmp' 'icmp_ln31' <Predicate = true> <Delay = 2.55> <CoreInst = "Cmp">   --->   Core 9 'Cmp' <Latency = 0> <II = 1> <Delay = 2.55> <FuncUnit> <Opcode : 'seteq' 'setne' 'setle' 'setge' 'setlt' 'setgt'> <InPorts = 2> <OutPorts = 1>
ST_42 : Operation 235 [1/1] (2.55ns)   --->   "%icmp_ln31_1 = icmp_sgt  i32 %add_ln31_2, i32 %add_ln31_read" [cpu_functions.cpp:31]   --->   Operation 235 'icmp' 'icmp_ln31_1' <Predicate = true> <Delay = 2.55> <CoreInst = "Cmp">   --->   Core 9 'Cmp' <Latency = 0> <II = 1> <Delay = 2.55> <FuncUnit> <Opcode : 'seteq' 'setne' 'setle' 'setge' 'setlt' 'setgt'> <InPorts = 2> <OutPorts = 1>

State 43 <SV = 42> <Delay = 6.69>
ST_43 : Operation 236 [1/1] (0.00ns) (grouped into LUT with out node value_2)   --->   "%or_ln31 = or i32 %add_ln31_2, i32 %add_ln31_1" [cpu_functions.cpp:31]   --->   Operation 236 'or' 'or_ln31' <Predicate = true> <Delay = 0.00> <CoreInst = "LogicGate">   --->   Core 74 'LogicGate' <Latency = 0> <II = 1> <Delay = 0.99> <FuncUnit> <Opcode : 'and' 'or' 'xor'> <InPorts = 2> <OutPorts = 1>
ST_43 : Operation 237 [1/1] (0.00ns) (grouped into LUT with out node value_2)   --->   "%tmp = bitselect i1 @_ssdm_op_BitSelect.i1.i32.i32, i32 %or_ln31, i32 31" [cpu_functions.cpp:31]   --->   Operation 237 'bitselect' 'tmp' <Predicate = true> <Delay = 0.00>
ST_43 : Operation 238 [1/1] (0.00ns) (grouped into LUT with out node value_2)   --->   "%or_ln31_1 = or i1 %icmp_ln31, i1 %tmp" [cpu_functions.cpp:31]   --->   Operation 238 'or' 'or_ln31_1' <Predicate = true> <Delay = 0.00> <CoreInst = "LogicGate">   --->   Core 74 'LogicGate' <Latency = 0> <II = 1> <Delay = 0.97> <FuncUnit> <Opcode : 'and' 'or' 'xor'> <InPorts = 2> <OutPorts = 1>
ST_43 : Operation 239 [1/1] (0.00ns) (grouped into LUT with out node value_2)   --->   "%or_ln31_2 = or i1 %or_ln31_1, i1 %icmp_ln31_1" [cpu_functions.cpp:31]   --->   Operation 239 'or' 'or_ln31_2' <Predicate = true> <Delay = 0.00> <CoreInst = "LogicGate">   --->   Core 74 'LogicGate' <Latency = 0> <II = 1> <Delay = 0.97> <FuncUnit> <Opcode : 'and' 'or' 'xor'> <InPorts = 2> <OutPorts = 1>
ST_43 : Operation 240 [1/1] (0.99ns) (out node of the LUT)   --->   "%value_2 = select i1 %or_ln31_2, i32 0, i32 %value_read" [cpu_functions.cpp:31]   --->   Operation 240 'select' 'value_2' <Predicate = true> <Delay = 0.99> <CoreInst = "Sel">   --->   Core 73 'Sel' <Latency = 0> <II = 1> <Delay = 0.69> <FuncUnit> <Opcode : 'select'> <InPorts = 3> <OutPorts = 1>
ST_43 : Operation 241 [4/4] (5.70ns)   --->   "%mul = fmul i32 %value_2, i32 %bitcast_ln35_read" [cpu_functions.cpp:35]   --->   Operation 241 'fmul' 'mul' <Predicate = true> <Delay = 5.70> <CoreInst = "FMul_maxdsp">   --->   Core 30 'FMul_maxdsp' <Latency = 3> <II = 1> <Delay = 5.70> <FuncUnit> <Opcode : 'fmul'> <InPorts = 2> <OutPorts = 1>

State 44 <SV = 43> <Delay = 5.70>
ST_44 : Operation 242 [3/4] (5.70ns)   --->   "%mul = fmul i32 %value_2, i32 %bitcast_ln35_read" [cpu_functions.cpp:35]   --->   Operation 242 'fmul' 'mul' <Predicate = true> <Delay = 5.70> <CoreInst = "FMul_maxdsp">   --->   Core 30 'FMul_maxdsp' <Latency = 3> <II = 1> <Delay = 5.70> <FuncUnit> <Opcode : 'fmul'> <InPorts = 2> <OutPorts = 1>

State 45 <SV = 44> <Delay = 5.70>
ST_45 : Operation 243 [2/4] (5.70ns)   --->   "%mul = fmul i32 %value_2, i32 %bitcast_ln35_read" [cpu_functions.cpp:35]   --->   Operation 243 'fmul' 'mul' <Predicate = true> <Delay = 5.70> <CoreInst = "FMul_maxdsp">   --->   Core 30 'FMul_maxdsp' <Latency = 3> <II = 1> <Delay = 5.70> <FuncUnit> <Opcode : 'fmul'> <InPorts = 2> <OutPorts = 1>

State 46 <SV = 45> <Delay = 5.70>
ST_46 : Operation 244 [1/1] (0.00ns)   --->   "%sum_load_2 = load i32 %sum" [cpu_functions.cpp:21]   --->   Operation 244 'load' 'sum_load_2' <Predicate = (!icmp_ln26)> <Delay = 0.00>
ST_46 : Operation 245 [1/1] (0.69ns)   --->   "%select_ln21_1 = select i1 %icmp_ln26, i32 0, i32 %sum_load_2" [cpu_functions.cpp:21]   --->   Operation 245 'select' 'select_ln21_1' <Predicate = true> <Delay = 0.69> <CoreInst = "Sel">   --->   Core 73 'Sel' <Latency = 0> <II = 1> <Delay = 0.69> <FuncUnit> <Opcode : 'select'> <InPorts = 3> <OutPorts = 1>
ST_46 : Operation 246 [1/4] (5.70ns)   --->   "%mul = fmul i32 %value_2, i32 %bitcast_ln35_read" [cpu_functions.cpp:35]   --->   Operation 246 'fmul' 'mul' <Predicate = true> <Delay = 5.70> <CoreInst = "FMul_maxdsp">   --->   Core 30 'FMul_maxdsp' <Latency = 3> <II = 1> <Delay = 5.70> <FuncUnit> <Opcode : 'fmul'> <InPorts = 2> <OutPorts = 1>
ST_46 : Operation 256 [1/1] (0.00ns)   --->   "%sum_load = load i32 %sum"   --->   Operation 256 'load' 'sum_load' <Predicate = (icmp_ln21)> <Delay = 0.00>
ST_46 : Operation 257 [1/1] (0.00ns)   --->   "%write_ln0 = write void @_ssdm_op_Write.ap_auto.floatP0A, i32 %sum_out, i32 %sum_load"   --->   Operation 257 'write' 'write_ln0' <Predicate = (icmp_ln21)> <Delay = 0.00>
ST_46 : Operation 258 [1/1] (1.58ns)   --->   "%ret_ln0 = ret"   --->   Operation 258 'ret' 'ret_ln0' <Predicate = (icmp_ln21)> <Delay = 1.58>

State 47 <SV = 46> <Delay = 7.25>
ST_47 : Operation 247 [5/5] (7.25ns)   --->   "%sum_1 = fadd i32 %select_ln21_1, i32 %mul" [cpu_functions.cpp:35]   --->   Operation 247 'fadd' 'sum_1' <Predicate = true> <Delay = 7.25> <CoreInst = "FAddSub_fulldsp">   --->   Core 18 'FAddSub_fulldsp' <Latency = 4> <II = 1> <Delay = 7.25> <FuncUnit> <Opcode : 'fadd' 'fsub'> <InPorts = 2> <OutPorts = 1>

State 48 <SV = 47> <Delay = 7.25>
ST_48 : Operation 248 [4/5] (7.25ns)   --->   "%sum_1 = fadd i32 %select_ln21_1, i32 %mul" [cpu_functions.cpp:35]   --->   Operation 248 'fadd' 'sum_1' <Predicate = true> <Delay = 7.25> <CoreInst = "FAddSub_fulldsp">   --->   Core 18 'FAddSub_fulldsp' <Latency = 4> <II = 1> <Delay = 7.25> <FuncUnit> <Opcode : 'fadd' 'fsub'> <InPorts = 2> <OutPorts = 1>

State 49 <SV = 48> <Delay = 7.25>
ST_49 : Operation 249 [3/5] (7.25ns)   --->   "%sum_1 = fadd i32 %select_ln21_1, i32 %mul" [cpu_functions.cpp:35]   --->   Operation 249 'fadd' 'sum_1' <Predicate = true> <Delay = 7.25> <CoreInst = "FAddSub_fulldsp">   --->   Core 18 'FAddSub_fulldsp' <Latency = 4> <II = 1> <Delay = 7.25> <FuncUnit> <Opcode : 'fadd' 'fsub'> <InPorts = 2> <OutPorts = 1>

State 50 <SV = 49> <Delay = 7.25>
ST_50 : Operation 250 [2/5] (7.25ns)   --->   "%sum_1 = fadd i32 %select_ln21_1, i32 %mul" [cpu_functions.cpp:35]   --->   Operation 250 'fadd' 'sum_1' <Predicate = true> <Delay = 7.25> <CoreInst = "FAddSub_fulldsp">   --->   Core 18 'FAddSub_fulldsp' <Latency = 4> <II = 1> <Delay = 7.25> <FuncUnit> <Opcode : 'fadd' 'fsub'> <InPorts = 2> <OutPorts = 1>

State 51 <SV = 50> <Delay = 7.25>
ST_51 : Operation 251 [1/5] (7.25ns)   --->   "%sum_1 = fadd i32 %select_ln21_1, i32 %mul" [cpu_functions.cpp:35]   --->   Operation 251 'fadd' 'sum_1' <Predicate = true> <Delay = 7.25> <CoreInst = "FAddSub_fulldsp">   --->   Core 18 'FAddSub_fulldsp' <Latency = 4> <II = 1> <Delay = 7.25> <FuncUnit> <Opcode : 'fadd' 'fsub'> <InPorts = 2> <OutPorts = 1>

State 52 <SV = 51> <Delay = 2.28>
ST_52 : Operation 252 [1/1] (0.00ns)   --->   "%specloopname_ln0 = specloopname void @_ssdm_op_SpecLoopName, void @VITIS_LOOP_21_1_VITIS_LOOP_26_2_str"   --->   Operation 252 'specloopname' 'specloopname_ln0' <Predicate = true> <Delay = 0.00>
ST_52 : Operation 253 [1/1] (0.00ns)   --->   "%specpipeline_ln16 = specpipeline void @_ssdm_op_SpecPipeline, i32 4294967295, i32 0, i32 0, i32 0, i32 4294967295, void @empty_2" [cpu_functions.cpp:16]   --->   Operation 253 'specpipeline' 'specpipeline_ln16' <Predicate = true> <Delay = 0.00>
ST_52 : Operation 254 [1/1] (1.58ns)   --->   "%store_ln16 = store i32 %sum_1, i32 %sum" [cpu_functions.cpp:16]   --->   Operation 254 'store' 'store_ln16' <Predicate = true> <Delay = 1.58>
ST_52 : Operation 255 [1/1] (0.00ns)   --->   "%br_ln26 = br void %for.body6" [cpu_functions.cpp:26]   --->   Operation 255 'br' 'br_ln26' <Predicate = true> <Delay = 0.00>


============================================================
+ Verbose Summary: Timing violations
============================================================
Target clock period: 10.000ns, clock uncertainty: 2.700ns.

 <State 1>: 1.588ns
The critical path consists of the following:
	'alloca' operation 64 bit ('indvar_flatten') [13]  (0.000 ns)
	'store' operation ('store_ln0') of constant 0 64 bit on local variable 'indvar_flatten' [23]  (1.588 ns)

 <State 2>: 5.108ns
The critical path consists of the following:
	'load' operation 64 bit ('indvar_flatten_load', cpu_functions.cpp:21) on local variable 'indvar_flatten' [29]  (0.000 ns)
	'icmp' operation 1 bit ('icmp_ln21', cpu_functions.cpp:21) [30]  (3.520 ns)
	'store' operation ('store_ln21', cpu_functions.cpp:21) of variable 'add_ln21', cpu_functions.cpp:21 64 bit on local variable 'indvar_flatten' [62]  (1.588 ns)

 <State 3>: 4.336ns
The critical path consists of the following:
	'udiv' operation 32 bit ('x', cpu_functions.cpp:23) [43]  (4.336 ns)

 <State 4>: 4.336ns
The critical path consists of the following:
	'udiv' operation 32 bit ('x', cpu_functions.cpp:23) [43]  (4.336 ns)

 <State 5>: 5.034ns
The critical path consists of the following:
	'select' operation 32 bit ('select_ln21', cpu_functions.cpp:21) [39]  (0.698 ns)
	'udiv' operation 32 bit ('udiv_ln29', cpu_functions.cpp:29) [46]  (4.336 ns)

 <State 6>: 4.336ns
The critical path consists of the following:
	'udiv' operation 32 bit ('x', cpu_functions.cpp:23) [43]  (4.336 ns)

 <State 7>: 4.336ns
The critical path consists of the following:
	'udiv' operation 32 bit ('x', cpu_functions.cpp:23) [43]  (4.336 ns)

 <State 8>: 4.336ns
The critical path consists of the following:
	'udiv' operation 32 bit ('x', cpu_functions.cpp:23) [43]  (4.336 ns)

 <State 9>: 4.336ns
The critical path consists of the following:
	'udiv' operation 32 bit ('x', cpu_functions.cpp:23) [43]  (4.336 ns)

 <State 10>: 4.336ns
The critical path consists of the following:
	'udiv' operation 32 bit ('x', cpu_functions.cpp:23) [43]  (4.336 ns)

 <State 11>: 4.336ns
The critical path consists of the following:
	'udiv' operation 32 bit ('x', cpu_functions.cpp:23) [43]  (4.336 ns)

 <State 12>: 4.336ns
The critical path consists of the following:
	'udiv' operation 32 bit ('x', cpu_functions.cpp:23) [43]  (4.336 ns)

 <State 13>: 4.336ns
The critical path consists of the following:
	'udiv' operation 32 bit ('x', cpu_functions.cpp:23) [43]  (4.336 ns)

 <State 14>: 4.336ns
The critical path consists of the following:
	'udiv' operation 32 bit ('x', cpu_functions.cpp:23) [43]  (4.336 ns)

 <State 15>: 4.336ns
The critical path consists of the following:
	'udiv' operation 32 bit ('x', cpu_functions.cpp:23) [43]  (4.336 ns)

 <State 16>: 4.336ns
The critical path consists of the following:
	'udiv' operation 32 bit ('x', cpu_functions.cpp:23) [43]  (4.336 ns)

 <State 17>: 4.336ns
The critical path consists of the following:
	'udiv' operation 32 bit ('x', cpu_functions.cpp:23) [43]  (4.336 ns)

 <State 18>: 4.336ns
The critical path consists of the following:
	'udiv' operation 32 bit ('x', cpu_functions.cpp:23) [43]  (4.336 ns)

 <State 19>: 4.336ns
The critical path consists of the following:
	'udiv' operation 32 bit ('x', cpu_functions.cpp:23) [43]  (4.336 ns)

 <State 20>: 4.336ns
The critical path consists of the following:
	'udiv' operation 32 bit ('x', cpu_functions.cpp:23) [43]  (4.336 ns)

 <State 21>: 4.336ns
The critical path consists of the following:
	'udiv' operation 32 bit ('x', cpu_functions.cpp:23) [43]  (4.336 ns)

 <State 22>: 4.336ns
The critical path consists of the following:
	'udiv' operation 32 bit ('x', cpu_functions.cpp:23) [43]  (4.336 ns)

 <State 23>: 4.336ns
The critical path consists of the following:
	'udiv' operation 32 bit ('x', cpu_functions.cpp:23) [43]  (4.336 ns)

 <State 24>: 4.336ns
The critical path consists of the following:
	'udiv' operation 32 bit ('x', cpu_functions.cpp:23) [43]  (4.336 ns)

 <State 25>: 4.336ns
The critical path consists of the following:
	'udiv' operation 32 bit ('x', cpu_functions.cpp:23) [43]  (4.336 ns)

 <State 26>: 4.336ns
The critical path consists of the following:
	'udiv' operation 32 bit ('x', cpu_functions.cpp:23) [43]  (4.336 ns)

 <State 27>: 4.336ns
The critical path consists of the following:
	'udiv' operation 32 bit ('x', cpu_functions.cpp:23) [43]  (4.336 ns)

 <State 28>: 4.336ns
The critical path consists of the following:
	'udiv' operation 32 bit ('x', cpu_functions.cpp:23) [43]  (4.336 ns)

 <State 29>: 4.336ns
The critical path consists of the following:
	'udiv' operation 32 bit ('x', cpu_functions.cpp:23) [43]  (4.336 ns)

 <State 30>: 4.336ns
The critical path consists of the following:
	'udiv' operation 32 bit ('x', cpu_functions.cpp:23) [43]  (4.336 ns)

 <State 31>: 4.336ns
The critical path consists of the following:
	'udiv' operation 32 bit ('x', cpu_functions.cpp:23) [43]  (4.336 ns)

 <State 32>: 4.336ns
The critical path consists of the following:
	'udiv' operation 32 bit ('x', cpu_functions.cpp:23) [43]  (4.336 ns)

 <State 33>: 4.336ns
The critical path consists of the following:
	'udiv' operation 32 bit ('x', cpu_functions.cpp:23) [43]  (4.336 ns)

 <State 34>: 4.336ns
The critical path consists of the following:
	'udiv' operation 32 bit ('x', cpu_functions.cpp:23) [43]  (4.336 ns)

 <State 35>: 4.336ns
The critical path consists of the following:
	'udiv' operation 32 bit ('x', cpu_functions.cpp:23) [43]  (4.336 ns)

 <State 36>: 4.336ns
The critical path consists of the following:
	'udiv' operation 32 bit ('x', cpu_functions.cpp:23) [43]  (4.336 ns)

 <State 37>: 4.336ns
The critical path consists of the following:
	'udiv' operation 32 bit ('x', cpu_functions.cpp:23) [43]  (4.336 ns)

 <State 38>: 4.336ns
The critical path consists of the following:
	'udiv' operation 32 bit ('x', cpu_functions.cpp:23) [43]  (4.336 ns)

 <State 39>: 4.336ns
The critical path consists of the following:
	'urem' operation 32 bit ('y', cpu_functions.cpp:24) [44]  (4.336 ns)

 <State 40>: 4.336ns
The critical path consists of the following:
	'udiv' operation 32 bit ('udiv_ln29', cpu_functions.cpp:29) [46]  (4.336 ns)

 <State 41>: 4.371ns
The critical path consists of the following:
	'sub' operation 32 bit ('kx', cpu_functions.cpp:29) [47]  (0.000 ns)
	'add' operation 32 bit ('add_ln31_1', cpu_functions.cpp:31) [50]  (4.371 ns)

 <State 42>: 6.923ns
The critical path consists of the following:
	'sub' operation 32 bit ('ky', cpu_functions.cpp:30) [49]  (0.000 ns)
	'add' operation 32 bit ('add_ln31_2', cpu_functions.cpp:31) [51]  (4.371 ns)
	'icmp' operation 1 bit ('icmp_ln31_1', cpu_functions.cpp:31) [53]  (2.552 ns)

 <State 43>: 6.695ns
The critical path consists of the following:
	'or' operation 32 bit ('or_ln31', cpu_functions.cpp:31) [54]  (0.000 ns)
	'or' operation 1 bit ('or_ln31_1', cpu_functions.cpp:31) [56]  (0.000 ns)
	'or' operation 1 bit ('or_ln31_2', cpu_functions.cpp:31) [57]  (0.000 ns)
	'select' operation 32 bit ('value', cpu_functions.cpp:31) [58]  (0.993 ns)
	'fmul' operation 32 bit ('mul', cpu_functions.cpp:35) [59]  (5.702 ns)

 <State 44>: 5.702ns
The critical path consists of the following:
	'fmul' operation 32 bit ('mul', cpu_functions.cpp:35) [59]  (5.702 ns)

 <State 45>: 5.702ns
The critical path consists of the following:
	'fmul' operation 32 bit ('mul', cpu_functions.cpp:35) [59]  (5.702 ns)

 <State 46>: 5.702ns
The critical path consists of the following:
	'fmul' operation 32 bit ('mul', cpu_functions.cpp:35) [59]  (5.702 ns)

 <State 47>: 7.256ns
The critical path consists of the following:
	'fadd' operation 32 bit ('sum', cpu_functions.cpp:35) [60]  (7.256 ns)

 <State 48>: 7.256ns
The critical path consists of the following:
	'fadd' operation 32 bit ('sum', cpu_functions.cpp:35) [60]  (7.256 ns)

 <State 49>: 7.256ns
The critical path consists of the following:
	'fadd' operation 32 bit ('sum', cpu_functions.cpp:35) [60]  (7.256 ns)

 <State 50>: 7.256ns
The critical path consists of the following:
	'fadd' operation 32 bit ('sum', cpu_functions.cpp:35) [60]  (7.256 ns)

 <State 51>: 7.256ns
The critical path consists of the following:
	'fadd' operation 32 bit ('sum', cpu_functions.cpp:35) [60]  (7.256 ns)

 <State 52>: 2.286ns
The critical path consists of the following:
	'store' operation ('store_ln16', cpu_functions.cpp:16) of variable 'sum', cpu_functions.cpp:35 32 bit on local variable 'sum', cpu_functions.cpp:16 [65]  (1.588 ns)
	'load' operation 32 bit ('sum_load_2', cpu_functions.cpp:21) on local variable 'sum', cpu_functions.cpp:16 [34]  (0.000 ns)
	'select' operation 32 bit ('select_ln21_1', cpu_functions.cpp:21) [40]  (0.698 ns)


============================================================
+ Verbose Summary: Binding
============================================================
N/A
* FSMD analyzer results:
  - Output states:
 - Input state : 
  - Chain level:
	State 1
	State 2
	State 3
	State 4
	State 5
	State 6
	State 7
	State 8
	State 9
	State 10
	State 11
	State 12
	State 13
	State 14
	State 15
	State 16
	State 17
	State 18
	State 19
	State 20
	State 21
	State 22
	State 23
	State 24
	State 25
	State 26
	State 27
	State 28
	State 29
	State 30
	State 31
	State 32
	State 33
	State 34
	State 35
	State 36
	State 37
	State 38
	State 39
	State 40
	State 41
	State 42
	State 43
	State 44
	State 45
	State 46
	State 47
	State 48
	State 49
	State 50
	State 51
	State 52


============================================================
+ Verbose Summary: Datapath Resource usage 
============================================================
N/A
