

================================================================
== Vitis HLS Report for 'convolution_1'
================================================================
* Date:           Mon May  4 21:47:29 2026

* Version:        2025.2 (Build 6295257 on Nov 14 2025)
* Project:        proj_cifar10_multiple
* Solution:       fsolution (Vivado IP Flow Target)
* Product family: zynq
* Target device:  xc7z020-clg484-1


================================================================
== Performance Estimates
================================================================
+ Timing: 
    * Summary: 
    +--------+----------+----------+------------+
    |  Clock |  Target  | Estimated| Uncertainty|
    +--------+----------+----------+------------+
    |ap_clk  |  10.00 ns|  7.256 ns|     2.70 ns|
    +--------+----------+----------+------------+

+ Latency: 
    * Summary: 
    +---------+---------+----------+----------+-----+-----+---------+
    |  Latency (cycles) |  Latency (absolute) |  Interval | Pipeline|
    |   min   |   max   |    min   |    max   | min | max |   Type  |
    +---------+---------+----------+----------+-----+-----+---------+
    |        ?|        ?|         ?|         ?|    ?|    ?|       no|
    +---------+---------+----------+----------+-----+-----+---------+

    + Detail: 
        * Instance: 
        N/A

        * Loop: 
        N/A

============================================================
+ Verbose Summary: Synthesis Manager
============================================================
InlineROM: 1
ExposeGlobal: 0
============================================================
+ Verbose Summary: CDFG Model
============================================================
IsTopModel: 0
ResetActiveHigh: 1
IsCombinational: 0
IsDatapathOnly: 0
HasWiredReturn: 1
HasMFsm: 0
HasVarLatency: 1
IsPipeline: 0
IsRtlPipelined: 0
IsInstanceOverlapped: 0
IsDontTouch: 0
HasImplIP: 0
IsGatedGlobalClock: 0


============================================================
+ Verbose Summary: Schedule
============================================================
* Number of FSM states : 6
* Pipeline : 0
* Dataflow Pipeline: 0

* FSM state transitions: 
1 --> 2 
2 --> 3 
3 --> 4 
4 --> 5 
5 --> 6 
6 --> 

* FSM state operations: 

State 1 <SV = 0> <Delay = 6.91>
ST_1 : Operation 7 [1/1] (0.00ns)   --->   "%kernel_size_read = read i32 @_ssdm_op_Read.ap_auto.i32, i32 %kernel_size"   --->   Operation 7 'read' 'kernel_size_read' <Predicate = true> <Delay = 0.00>
ST_1 : Operation 8 [1/1] (0.00ns)   --->   "%n_read = read i32 @_ssdm_op_Read.ap_auto.i32, i32 %n"   --->   Operation 8 'read' 'n_read' <Predicate = true> <Delay = 0.00>
ST_1 : Operation 9 [1/1] (0.00ns)   --->   "%sum_loc = alloca i64 1"   --->   Operation 9 'alloca' 'sum_loc' <Predicate = true> <Delay = 0.00>
ST_1 : Operation 10 [1/1] (0.00ns)   --->   "%tmp = bitselect i1 @_ssdm_op_BitSelect.i1.i32.i32, i32 %kernel_size_read, i32 31" [cpu_functions.cpp:14]   --->   Operation 10 'bitselect' 'tmp' <Predicate = true> <Delay = 0.00>
ST_1 : Operation 11 [1/1] (2.55ns)   --->   "%sub_ln14 = sub i32 0, i32 %kernel_size_read" [cpu_functions.cpp:14]   --->   Operation 11 'sub' 'sub_ln14' <Predicate = true> <Delay = 2.55> <CoreInst = "Adder">   --->   Core 1 'Adder' <Latency = 0> <II = 1> <Delay = 2.55> <FuncUnit> <Opcode : 'add' 'sub'> <InPorts = 2> <OutPorts = 1>
ST_1 : Operation 12 [1/1] (0.00ns)   --->   "%lshr_ln14_1 = partselect i31 @_ssdm_op_PartSelect.i31.i32.i32.i32, i32 %sub_ln14, i32 1, i32 31" [cpu_functions.cpp:14]   --->   Operation 12 'partselect' 'lshr_ln14_1' <Predicate = true> <Delay = 0.00>
ST_1 : Operation 13 [1/1] (2.52ns)   --->   "%sub_ln14_1 = sub i31 0, i31 %lshr_ln14_1" [cpu_functions.cpp:14]   --->   Operation 13 'sub' 'sub_ln14_1' <Predicate = true> <Delay = 2.52> <CoreInst = "Adder">   --->   Core 1 'Adder' <Latency = 0> <II = 1> <Delay = 2.52> <FuncUnit> <Opcode : 'add' 'sub'> <InPorts = 2> <OutPorts = 1>
ST_1 : Operation 14 [1/1] (0.00ns)   --->   "%lshr_ln14_2 = partselect i31 @_ssdm_op_PartSelect.i31.i32.i32.i32, i32 %kernel_size_read, i32 1, i32 31" [cpu_functions.cpp:14]   --->   Operation 14 'partselect' 'lshr_ln14_2' <Predicate = true> <Delay = 0.00>
ST_1 : Operation 15 [1/1] (0.73ns)   --->   "%kernel_rad = select i1 %tmp, i31 %sub_ln14_1, i31 %lshr_ln14_2" [cpu_functions.cpp:14]   --->   Operation 15 'select' 'kernel_rad' <Predicate = true> <Delay = 0.73> <CoreInst = "Sel">   --->   Core 73 'Sel' <Latency = 0> <II = 1> <Delay = 0.73> <FuncUnit> <Opcode : 'select'> <InPorts = 3> <OutPorts = 1>
ST_1 : Operation 16 [2/2] (6.91ns)   --->   "%squared_kernel_size = mul i32 %kernel_size_read, i32 %kernel_size_read" [cpu_functions.cpp:19]   --->   Operation 16 'mul' 'squared_kernel_size' <Predicate = true> <Delay = 6.91> <CoreInst = "Multiplier">   --->   Core 3 'Multiplier' <Latency = 1> <II = 1> <Delay = 6.91> <FuncUnit> <Opcode : 'mul'> <InPorts = 2> <OutPorts = 1>
ST_1 : Operation 17 [2/2] (6.91ns)   --->   "%mul_ln21 = mul i32 %n_read, i32 %n_read" [cpu_functions.cpp:21]   --->   Operation 17 'mul' 'mul_ln21' <Predicate = true> <Delay = 6.91> <CoreInst = "Multiplier">   --->   Core 3 'Multiplier' <Latency = 1> <II = 1> <Delay = 6.91> <FuncUnit> <Opcode : 'mul'> <InPorts = 2> <OutPorts = 1>

State 2 <SV = 1> <Delay = 6.91>
ST_2 : Operation 18 [1/2] (6.91ns)   --->   "%squared_kernel_size = mul i32 %kernel_size_read, i32 %kernel_size_read" [cpu_functions.cpp:19]   --->   Operation 18 'mul' 'squared_kernel_size' <Predicate = true> <Delay = 6.91> <CoreInst = "Multiplier">   --->   Core 3 'Multiplier' <Latency = 1> <II = 1> <Delay = 6.91> <FuncUnit> <Opcode : 'mul'> <InPorts = 2> <OutPorts = 1>
ST_2 : Operation 19 [1/2] (6.91ns)   --->   "%mul_ln21 = mul i32 %n_read, i32 %n_read" [cpu_functions.cpp:21]   --->   Operation 19 'mul' 'mul_ln21' <Predicate = true> <Delay = 6.91> <CoreInst = "Multiplier">   --->   Core 3 'Multiplier' <Latency = 1> <II = 1> <Delay = 6.91> <FuncUnit> <Opcode : 'mul'> <InPorts = 2> <OutPorts = 1>

State 3 <SV = 2> <Delay = 6.91>
ST_3 : Operation 20 [1/1] (0.00ns)   --->   "%zext_ln12 = zext i32 %mul_ln21" [cpu_functions.cpp:12]   --->   Operation 20 'zext' 'zext_ln12' <Predicate = true> <Delay = 0.00>
ST_3 : Operation 21 [1/1] (0.00ns)   --->   "%zext_ln12_1 = zext i32 %squared_kernel_size" [cpu_functions.cpp:12]   --->   Operation 21 'zext' 'zext_ln12_1' <Predicate = true> <Delay = 0.00>
ST_3 : Operation 22 [2/2] (6.91ns)   --->   "%mul_ln12 = mul i64 %zext_ln12, i64 %zext_ln12_1" [cpu_functions.cpp:12]   --->   Operation 22 'mul' 'mul_ln12' <Predicate = true> <Delay = 6.91> <CoreInst = "Multiplier">   --->   Core 3 'Multiplier' <Latency = 1> <II = 1> <Delay = 6.91> <FuncUnit> <Opcode : 'mul'> <InPorts = 2> <OutPorts = 1>
ST_3 : Operation 23 [1/1] (2.55ns)   --->   "%icmp_ln21 = icmp_eq  i32 %mul_ln21, i32 0" [cpu_functions.cpp:21]   --->   Operation 23 'icmp' 'icmp_ln21' <Predicate = true> <Delay = 2.55> <CoreInst = "Cmp">   --->   Core 9 'Cmp' <Latency = 0> <II = 1> <Delay = 2.55> <FuncUnit> <Opcode : 'seteq' 'setne' 'setle' 'setge' 'setlt' 'setgt'> <InPorts = 2> <OutPorts = 1>

State 4 <SV = 3> <Delay = 6.91>
ST_4 : Operation 24 [1/1] (0.00ns)   --->   "%kernel_read_1 = read i32 @_ssdm_op_Read.ap_auto.i32, i32 %kernel_read"   --->   Operation 24 'read' 'kernel_read_1' <Predicate = true> <Delay = 0.00>
ST_4 : Operation 25 [1/1] (0.00ns)   --->   "%A_read_2 = read i32 @_ssdm_op_Read.ap_auto.i32, i32 %A_read"   --->   Operation 25 'read' 'A_read_2' <Predicate = true> <Delay = 0.00>
ST_4 : Operation 26 [1/1] (2.55ns)   --->   "%add_ln31 = add i32 %n_read, i32 4294967295" [cpu_functions.cpp:31]   --->   Operation 26 'add' 'add_ln31' <Predicate = true> <Delay = 2.55> <CoreInst = "Adder">   --->   Core 1 'Adder' <Latency = 0> <II = 1> <Delay = 2.55> <FuncUnit> <Opcode : 'add' 'sub'> <InPorts = 2> <OutPorts = 1>
ST_4 : Operation 27 [1/1] (0.00ns)   --->   "%bitcast_ln35 = bitcast i32 %kernel_read_1" [cpu_functions.cpp:35]   --->   Operation 27 'bitcast' 'bitcast_ln35' <Predicate = true> <Delay = 0.00>
ST_4 : Operation 28 [1/1] (0.00ns)   --->   "%value = bitcast i32 %A_read_2" [cpu_functions.cpp:33]   --->   Operation 28 'bitcast' 'value' <Predicate = true> <Delay = 0.00>
ST_4 : Operation 29 [1/2] (6.91ns)   --->   "%mul_ln12 = mul i64 %zext_ln12, i64 %zext_ln12_1" [cpu_functions.cpp:12]   --->   Operation 29 'mul' 'mul_ln12' <Predicate = true> <Delay = 6.91> <CoreInst = "Multiplier">   --->   Core 3 'Multiplier' <Latency = 1> <II = 1> <Delay = 6.91> <FuncUnit> <Opcode : 'mul'> <InPorts = 2> <OutPorts = 1>
ST_4 : Operation 30 [2/2] (0.00ns)   --->   "%call_ln12 = call void @convolution.1_Pipeline_VITIS_LOOP_21_1_VITIS_LOOP_26_2, i64 %mul_ln12, i32 %squared_kernel_size, i32 %n_read, i32 %kernel_size_read, i31 %kernel_rad, i32 %add_ln31, i32 %value, i32 %bitcast_ln35, i32 %sum_loc" [cpu_functions.cpp:12]   --->   Operation 30 'call' 'call_ln12' <Predicate = true> <Delay = 0.00> <CoreType = "Generic">   --->   Generic Core

State 5 <SV = 4> <Delay = 0.00>
ST_5 : Operation 31 [1/2] (0.00ns)   --->   "%call_ln12 = call void @convolution.1_Pipeline_VITIS_LOOP_21_1_VITIS_LOOP_26_2, i64 %mul_ln12, i32 %squared_kernel_size, i32 %n_read, i32 %kernel_size_read, i31 %kernel_rad, i32 %add_ln31, i32 %value, i32 %bitcast_ln35, i32 %sum_loc" [cpu_functions.cpp:12]   --->   Operation 31 'call' 'call_ln12' <Predicate = true> <Delay = 0.00> <CoreType = "Generic">   --->   Generic Core

State 6 <SV = 5> <Delay = 0.00>
ST_6 : Operation 32 [1/1] (0.00ns)   --->   "%sum_loc_load = load i32 %sum_loc"   --->   Operation 32 'load' 'sum_loc_load' <Predicate = true> <Delay = 0.00>
ST_6 : Operation 33 [1/1] (0.00ns)   --->   "%bitcast_ln37 = bitcast i32 %sum_loc_load" [cpu_functions.cpp:37]   --->   Operation 33 'bitcast' 'bitcast_ln37' <Predicate = true> <Delay = 0.00>
ST_6 : Operation 34 [1/1] (0.00ns)   --->   "%br_ln21 = br i1 %icmp_ln21, void %for.end38.loopexit.split, void %for.end38" [cpu_functions.cpp:21]   --->   Operation 34 'br' 'br_ln21' <Predicate = true> <Delay = 0.00>
ST_6 : Operation 35 [1/1] (0.00ns)   --->   "%write_ln37 = write void @_ssdm_op_Write.ap_auto.i32P0A, i32 %B, i32 %bitcast_ln37" [cpu_functions.cpp:37]   --->   Operation 35 'write' 'write_ln37' <Predicate = (!icmp_ln21)> <Delay = 0.00>
ST_6 : Operation 36 [1/1] (0.00ns)   --->   "%br_ln39 = br void %for.end38" [cpu_functions.cpp:39]   --->   Operation 36 'br' 'br_ln39' <Predicate = (!icmp_ln21)> <Delay = 0.00>
ST_6 : Operation 37 [1/1] (0.00ns)   --->   "%ret_ln39 = ret" [cpu_functions.cpp:39]   --->   Operation 37 'ret' 'ret_ln39' <Predicate = true> <Delay = 0.00>


============================================================
+ Verbose Summary: Timing violations
============================================================
Target clock period: 10.000ns, clock uncertainty: 2.700ns.

 <State 1>: 6.912ns
The critical path consists of the following:
	wire read operation ('kernel_size') on port 'kernel_size' [6]  (0.000 ns)
	'mul' operation 32 bit ('squared_kernel_size', cpu_functions.cpp:19) [17]  (6.912 ns)

 <State 2>: 6.912ns
The critical path consists of the following:
	'mul' operation 32 bit ('squared_kernel_size', cpu_functions.cpp:19) [17]  (6.912 ns)

 <State 3>: 6.912ns
The critical path consists of the following:
	'mul' operation 64 bit ('mul_ln12', cpu_functions.cpp:12) [24]  (6.912 ns)

 <State 4>: 6.912ns
The critical path consists of the following:
	'mul' operation 64 bit ('mul_ln12', cpu_functions.cpp:12) [24]  (6.912 ns)

 <State 5>: 0.000ns
The critical path consists of the following:

 <State 6>: 0.000ns
The critical path consists of the following:


============================================================
+ Verbose Summary: Binding
============================================================
N/A
* FSMD analyzer results:
  - Output states:
 - Input state : 
  - Chain level:
	State 1
	State 2
	State 3
	State 4
	State 5
	State 6


============================================================
+ Verbose Summary: Datapath Resource usage 
============================================================
N/A
