

================================================================
== Vitis HLS Report for 'convolution_1'
================================================================
* Date:           Mon May  4 21:47:29 2026

* Version:        2025.2 (Build 6295257 on Nov 14 2025)
* Project:        proj_cifar10_multiple
* Solution:       fsolution (Vivado IP Flow Target)
* Product family: zynq
* Target device:  xc7z020-clg484-1


================================================================
== Performance Estimates
================================================================
+ Timing: 
    * Summary: 
    +--------+----------+----------+------------+
    |  Clock |  Target  | Estimated| Uncertainty|
    +--------+----------+----------+------------+
    |ap_clk  |  10.00 ns|  7.256 ns|     2.70 ns|
    +--------+----------+----------+------------+

+ Latency: 
    * Summary: 
    +---------+---------+----------+----------+-----+-----+---------+
    |  Latency (cycles) |  Latency (absolute) |  Interval | Pipeline|
    |   min   |   max   |    min   |    max   | min | max |   Type  |
    +---------+---------+----------+----------+-----+-----+---------+
    |        ?|        ?|         ?|         ?|    ?|    ?|       no|
    +---------+---------+----------+----------+-----+-----+---------+

    + Detail: 
        * Instance: 
        +------------------------------------------------------------------+--------------------------------------------------------+---------+---------+----------+----------+-----+-----+-------------------+
        |                                                                  |                                                        |  Latency (cycles) |  Latency (absolute) |  Interval |      Pipeline     |
        |                             Instance                             |                         Module                         |   min   |   max   |    min   |    max   | min | max |        Type       |
        +------------------------------------------------------------------+--------------------------------------------------------+---------+---------+----------+----------+-----+-----+-------------------+
        |grp_convolution_1_Pipeline_VITIS_LOOP_21_1_VITIS_LOOP_26_2_fu_67  |convolution_1_Pipeline_VITIS_LOOP_21_1_VITIS_LOOP_26_2  |        ?|        ?|         ?|         ?|    0|    0|  loop pipeline stp|
        +------------------------------------------------------------------+--------------------------------------------------------+---------+---------+----------+----------+-----+-----+-------------------+

        * Loop: 
        N/A

============================================================
+ Verbose Summary: Synthesis Manager
============================================================
InlineROM: 1
ExposeGlobal: 0
============================================================
+ Verbose Summary: CDFG Model
============================================================
IsTopModel: 0
ResetActiveHigh: 1
IsCombinational: 0
IsDatapathOnly: 0
HasWiredReturn: 1
HasMFsm: 0
HasVarLatency: 1
IsPipeline: 0
IsRtlPipelined: 0
IsInstanceOverlapped: 0
IsDontTouch: 0
HasImplIP: 0
IsGatedGlobalClock: 0


============================================================
+ Verbose Summary: Schedule
============================================================
* Number of FSM states : 6
* Pipeline : 0
* Dataflow Pipeline: 0

* FSM state transitions: 
1 --> 2 
2 --> 3 
3 --> 4 
4 --> 5 
5 --> 6 
6 --> 

* FSM state operations: 

State 1 <SV = 0> <Delay = 6.91>
ST_1 : Operation 7 [1/1] (0.00ns)   --->   "%kernel_size_read = read i32 @_ssdm_op_Read.ap_auto.i32, i32 %kernel_size"   --->   Operation 7 'read' 'kernel_size_read' <Predicate = true> <Delay = 0.00>
ST_1 : Operation 8 [1/1] (0.00ns)   --->   "%n_read = read i32 @_ssdm_op_Read.ap_auto.i32, i32 %n"   --->   Operation 8 'read' 'n_read' <Predicate = true> <Delay = 0.00>
ST_1 : Operation 9 [1/1] (0.00ns)   --->   "%sum_loc = alloca i64 1"   --->   Operation 9 'alloca' 'sum_loc' <Predicate = true> <Delay = 0.00>
ST_1 : Operation 10 [1/1] (0.00ns)   --->   "%tmp = bitselect i1 @_ssdm_op_BitSelect.i1.i32.i32, i32 %kernel_size_read, i32 31" [cpu_functions.cpp:14]   --->   Operation 10 'bitselect' 'tmp' <Predicate = true> <Delay = 0.00>
ST_1 : Operation 11 [1/1] (2.55ns)   --->   "%sub_ln14 = sub i32 0, i32 %kernel_size_read" [cpu_functions.cpp:14]   --->   Operation 11 'sub' 'sub_ln14' <Predicate = true> <Delay = 2.55> <CoreInst = "Adder">   --->   Core 1 'Adder' <Latency = 0> <II = 1> <Delay = 2.55> <FuncUnit> <Opcode : 'add' 'sub'> <InPorts = 2> <OutPorts = 1>
ST_1 : Operation 12 [1/1] (0.00ns)   --->   "%lshr_ln14_1 = partselect i31 @_ssdm_op_PartSelect.i31.i32.i32.i32, i32 %sub_ln14, i32 1, i32 31" [cpu_functions.cpp:14]   --->   Operation 12 'partselect' 'lshr_ln14_1' <Predicate = true> <Delay = 0.00>
ST_1 : Operation 13 [1/1] (2.52ns)   --->   "%sub_ln14_1 = sub i31 0, i31 %lshr_ln14_1" [cpu_functions.cpp:14]   --->   Operation 13 'sub' 'sub_ln14_1' <Predicate = true> <Delay = 2.52> <CoreInst = "Adder">   --->   Core 1 'Adder' <Latency = 0> <II = 1> <Delay = 2.52> <FuncUnit> <Opcode : 'add' 'sub'> <InPorts = 2> <OutPorts = 1>
ST_1 : Operation 14 [1/1] (0.00ns)   --->   "%lshr_ln14_2 = partselect i31 @_ssdm_op_PartSelect.i31.i32.i32.i32, i32 %kernel_size_read, i32 1, i32 31" [cpu_functions.cpp:14]   --->   Operation 14 'partselect' 'lshr_ln14_2' <Predicate = true> <Delay = 0.00>
ST_1 : Operation 15 [1/1] (0.73ns)   --->   "%kernel_rad = select i1 %tmp, i31 %sub_ln14_1, i31 %lshr_ln14_2" [cpu_functions.cpp:14]   --->   Operation 15 'select' 'kernel_rad' <Predicate = true> <Delay = 0.73> <CoreInst = "Sel">   --->   Core 73 'Sel' <Latency = 0> <II = 1> <Delay = 0.73> <FuncUnit> <Opcode : 'select'> <InPorts = 3> <OutPorts = 1>
ST_1 : Operation 16 [2/2] (6.91ns)   --->   "%squared_kernel_size = mul i32 %kernel_size_read, i32 %kernel_size_read" [cpu_functions.cpp:19]   --->   Operation 16 'mul' 'squared_kernel_size' <Predicate = true> <Delay = 6.91> <CoreInst = "Multiplier">   --->   Core 3 'Multiplier' <Latency = 1> <II = 1> <Delay = 6.91> <FuncUnit> <Opcode : 'mul'> <InPorts = 2> <OutPorts = 1>
ST_1 : Operation 17 [2/2] (6.91ns)   --->   "%mul_ln21 = mul i32 %n_read, i32 %n_read" [cpu_functions.cpp:21]   --->   Operation 17 'mul' 'mul_ln21' <Predicate = true> <Delay = 6.91> <CoreInst = "Multiplier">   --->   Core 3 'Multiplier' <Latency = 1> <II = 1> <Delay = 6.91> <FuncUnit> <Opcode : 'mul'> <InPorts = 2> <OutPorts = 1>

State 2 <SV = 1> <Delay = 6.91>
ST_2 : Operation 18 [1/2] (6.91ns)   --->   "%squared_kernel_size = mul i32 %kernel_size_read, i32 %kernel_size_read" [cpu_functions.cpp:19]   --->   Operation 18 'mul' 'squared_kernel_size' <Predicate = true> <Delay = 6.91> <CoreInst = "Multiplier">   --->   Core 3 'Multiplier' <Latency = 1> <II = 1> <Delay = 6.91> <FuncUnit> <Opcode : 'mul'> <InPorts = 2> <OutPorts = 1>
ST_2 : Operation 19 [1/2] (6.91ns)   --->   "%mul_ln21 = mul i32 %n_read, i32 %n_read" [cpu_functions.cpp:21]   --->   Operation 19 'mul' 'mul_ln21' <Predicate = true> <Delay = 6.91> <CoreInst = "Multiplier">   --->   Core 3 'Multiplier' <Latency = 1> <II = 1> <Delay = 6.91> <FuncUnit> <Opcode : 'mul'> <InPorts = 2> <OutPorts = 1>

State 3 <SV = 2> <Delay = 6.91>
ST_3 : Operation 20 [1/1] (0.00ns)   --->   "%zext_ln12 = zext i32 %mul_ln21" [cpu_functions.cpp:12]   --->   Operation 20 'zext' 'zext_ln12' <Predicate = true> <Delay = 0.00>
ST_3 : Operation 21 [1/1] (0.00ns)   --->   "%zext_ln12_1 = zext i32 %squared_kernel_size" [cpu_functions.cpp:12]   --->   Operation 21 'zext' 'zext_ln12_1' <Predicate = true> <Delay = 0.00>
ST_3 : Operation 22 [2/2] (6.91ns)   --->   "%mul_ln12 = mul i64 %zext_ln12, i64 %zext_ln12_1" [cpu_functions.cpp:12]   --->   Operation 22 'mul' 'mul_ln12' <Predicate = true> <Delay = 6.91> <CoreInst = "Multiplier">   --->   Core 3 'Multiplier' <Latency = 1> <II = 1> <Delay = 6.91> <FuncUnit> <Opcode : 'mul'> <InPorts = 2> <OutPorts = 1>
ST_3 : Operation 23 [1/1] (2.55ns)   --->   "%icmp_ln21 = icmp_eq  i32 %mul_ln21, i32 0" [cpu_functions.cpp:21]   --->   Operation 23 'icmp' 'icmp_ln21' <Predicate = true> <Delay = 2.55> <CoreInst = "Cmp">   --->   Core 9 'Cmp' <Latency = 0> <II = 1> <Delay = 2.55> <FuncUnit> <Opcode : 'seteq' 'setne' 'setle' 'setge' 'setlt' 'setgt'> <InPorts = 2> <OutPorts = 1>

State 4 <SV = 3> <Delay = 6.91>
ST_4 : Operation 24 [1/1] (0.00ns)   --->   "%kernel_read_1 = read i32 @_ssdm_op_Read.ap_auto.i32, i32 %kernel_read"   --->   Operation 24 'read' 'kernel_read_1' <Predicate = true> <Delay = 0.00>
ST_4 : Operation 25 [1/1] (0.00ns)   --->   "%A_read_2 = read i32 @_ssdm_op_Read.ap_auto.i32, i32 %A_read"   --->   Operation 25 'read' 'A_read_2' <Predicate = true> <Delay = 0.00>
ST_4 : Operation 26 [1/1] (2.55ns)   --->   "%add_ln31 = add i32 %n_read, i32 4294967295" [cpu_functions.cpp:31]   --->   Operation 26 'add' 'add_ln31' <Predicate = true> <Delay = 2.55> <CoreInst = "Adder">   --->   Core 1 'Adder' <Latency = 0> <II = 1> <Delay = 2.55> <FuncUnit> <Opcode : 'add' 'sub'> <InPorts = 2> <OutPorts = 1>
ST_4 : Operation 27 [1/1] (0.00ns)   --->   "%bitcast_ln35 = bitcast i32 %kernel_read_1" [cpu_functions.cpp:35]   --->   Operation 27 'bitcast' 'bitcast_ln35' <Predicate = true> <Delay = 0.00>
ST_4 : Operation 28 [1/1] (0.00ns)   --->   "%value = bitcast i32 %A_read_2" [cpu_functions.cpp:33]   --->   Operation 28 'bitcast' 'value' <Predicate = true> <Delay = 0.00>
ST_4 : Operation 29 [1/2] (6.91ns)   --->   "%mul_ln12 = mul i64 %zext_ln12, i64 %zext_ln12_1" [cpu_functions.cpp:12]   --->   Operation 29 'mul' 'mul_ln12' <Predicate = true> <Delay = 6.91> <CoreInst = "Multiplier">   --->   Core 3 'Multiplier' <Latency = 1> <II = 1> <Delay = 6.91> <FuncUnit> <Opcode : 'mul'> <InPorts = 2> <OutPorts = 1>
ST_4 : Operation 30 [2/2] (0.00ns)   --->   "%call_ln12 = call void @convolution.1_Pipeline_VITIS_LOOP_21_1_VITIS_LOOP_26_2, i64 %mul_ln12, i32 %squared_kernel_size, i32 %n_read, i32 %kernel_size_read, i31 %kernel_rad, i32 %add_ln31, i32 %value, i32 %bitcast_ln35, i32 %sum_loc" [cpu_functions.cpp:12]   --->   Operation 30 'call' 'call_ln12' <Predicate = true> <Delay = 0.00> <CoreType = "Generic">   --->   Generic Core

State 5 <SV = 4> <Delay = 0.00>
ST_5 : Operation 31 [1/2] (0.00ns)   --->   "%call_ln12 = call void @convolution.1_Pipeline_VITIS_LOOP_21_1_VITIS_LOOP_26_2, i64 %mul_ln12, i32 %squared_kernel_size, i32 %n_read, i32 %kernel_size_read, i31 %kernel_rad, i32 %add_ln31, i32 %value, i32 %bitcast_ln35, i32 %sum_loc" [cpu_functions.cpp:12]   --->   Operation 31 'call' 'call_ln12' <Predicate = true> <Delay = 0.00> <CoreType = "Generic">   --->   Generic Core

State 6 <SV = 5> <Delay = 0.00>
ST_6 : Operation 32 [1/1] (0.00ns)   --->   "%sum_loc_load = load i32 %sum_loc"   --->   Operation 32 'load' 'sum_loc_load' <Predicate = true> <Delay = 0.00>
ST_6 : Operation 33 [1/1] (0.00ns)   --->   "%bitcast_ln37 = bitcast i32 %sum_loc_load" [cpu_functions.cpp:37]   --->   Operation 33 'bitcast' 'bitcast_ln37' <Predicate = true> <Delay = 0.00>
ST_6 : Operation 34 [1/1] (0.00ns)   --->   "%br_ln21 = br i1 %icmp_ln21, void %for.end38.loopexit.split, void %for.end38" [cpu_functions.cpp:21]   --->   Operation 34 'br' 'br_ln21' <Predicate = true> <Delay = 0.00>
ST_6 : Operation 35 [1/1] (0.00ns)   --->   "%write_ln37 = write void @_ssdm_op_Write.ap_auto.i32P0A, i32 %B, i32 %bitcast_ln37" [cpu_functions.cpp:37]   --->   Operation 35 'write' 'write_ln37' <Predicate = (!icmp_ln21)> <Delay = 0.00>
ST_6 : Operation 36 [1/1] (0.00ns)   --->   "%br_ln39 = br void %for.end38" [cpu_functions.cpp:39]   --->   Operation 36 'br' 'br_ln39' <Predicate = (!icmp_ln21)> <Delay = 0.00>
ST_6 : Operation 37 [1/1] (0.00ns)   --->   "%ret_ln39 = ret" [cpu_functions.cpp:39]   --->   Operation 37 'ret' 'ret_ln39' <Predicate = true> <Delay = 0.00>


============================================================
+ Verbose Summary: Binding
============================================================
STG Binding: 
---------------- STG Properties BEGIN ----------------
- Is combinational: 0
- Is one-state seq: 0
- Is datapath-only: 0
- Is pipelined: 0
- Is top level: 0
Port [ Return ] is wired: 1; IO mode=ap_ctrl_hs:ce=0
Port [ A_read]:  wired=1; compound=0; hidden=0; nouse=0; global=0; static=0; extern=0; dir=0; type=0; pingpong=0; private_global=0; IO mode=ap_none:ce=0
Port [ B]:  wired=1; compound=0; hidden=0; nouse=0; global=0; static=0; extern=0; dir=1; type=0; pingpong=0; private_global=0; IO mode=ap_vld:ce=0
Port [ kernel_read]:  wired=1; compound=0; hidden=0; nouse=0; global=0; static=0; extern=0; dir=0; type=0; pingpong=0; private_global=0; IO mode=ap_none:ce=0
Port [ n]:  wired=1; compound=0; hidden=0; nouse=0; global=0; static=0; extern=0; dir=0; type=0; pingpong=0; private_global=0; IO mode=ap_none:ce=0
Port [ kernel_size]:  wired=1; compound=0; hidden=0; nouse=0; global=0; static=0; extern=0; dir=0; type=0; pingpong=0; private_global=0; IO mode=ap_none:ce=0
---------------- STG Properties END ------------------

---------------- Datapath Model BEGIN ----------------

<LifeTime>
<method=bitvector/>
kernel_size_read    (read      ) [ 0011110]
n_read              (read      ) [ 0011110]
sum_loc             (alloca    ) [ 0011111]
tmp                 (bitselect ) [ 0000000]
sub_ln14            (sub       ) [ 0000000]
lshr_ln14_1         (partselect) [ 0000000]
sub_ln14_1          (sub       ) [ 0000000]
lshr_ln14_2         (partselect) [ 0000000]
kernel_rad          (select    ) [ 0011110]
squared_kernel_size (mul       ) [ 0001110]
mul_ln21            (mul       ) [ 0001000]
zext_ln12           (zext      ) [ 0000100]
zext_ln12_1         (zext      ) [ 0000100]
icmp_ln21           (icmp      ) [ 0000111]
kernel_read_1       (read      ) [ 0000000]
A_read_2            (read      ) [ 0000000]
add_ln31            (add       ) [ 0000010]
bitcast_ln35        (bitcast   ) [ 0000010]
value               (bitcast   ) [ 0000010]
mul_ln12            (mul       ) [ 0000010]
call_ln12           (call      ) [ 0000000]
sum_loc_load        (load      ) [ 0000000]
bitcast_ln37        (bitcast   ) [ 0000000]
br_ln21             (br        ) [ 0000000]
write_ln37          (write     ) [ 0000000]
br_ln39             (br        ) [ 0000000]
ret_ln39            (ret       ) [ 0000000]
</LifeTime>

<model>

<comp_list>
<comp id="0" class="1000" name="A_read">
<pin_list>
<pin id="1" dir="1" index="0" bw="1" slack="0"/>
</pin_list>
<bind>
<StgValue><ssdm name="A_read"/></StgValue>
</bind>
</comp>

<comp id="2" class="1000" name="B">
<pin_list>
<pin id="3" dir="1" index="0" bw="1" slack="0"/>
</pin_list>
<bind>
<StgValue><ssdm name="B"/></StgValue>
</bind>
</comp>

<comp id="4" class="1000" name="kernel_read">
<pin_list>
<pin id="5" dir="1" index="0" bw="1" slack="0"/>
</pin_list>
<bind>
<StgValue><ssdm name="kernel_read"/></StgValue>
</bind>
</comp>

<comp id="6" class="1000" name="n">
<pin_list>
<pin id="7" dir="1" index="0" bw="1" slack="0"/>
</pin_list>
<bind>
<StgValue><ssdm name="n"/></StgValue>
</bind>
</comp>

<comp id="8" class="1000" name="kernel_size">
<pin_list>
<pin id="9" dir="1" index="0" bw="1" slack="0"/>
</pin_list>
<bind>
<StgValue><ssdm name="kernel_size"/></StgValue>
</bind>
</comp>

<comp id="10" class="1001" name="const_10">
<pin_list>
<pin id="11" dir="1" index="0" bw="1" slack="0"/>
</pin_list>
<bind>
<StgValue><ssdm name="_ssdm_op_Read.ap_auto.i32"/></StgValue>
</bind>
</comp>

<comp id="12" class="1001" name="const_12">
<pin_list>
<pin id="13" dir="1" index="0" bw="1" slack="0"/>
</pin_list>
<bind>
<StgValue><ssdm name=""/></StgValue>
</bind>
</comp>

<comp id="14" class="1001" name="const_14">
<pin_list>
<pin id="15" dir="1" index="0" bw="1" slack="0"/>
</pin_list>
<bind>
<StgValue><ssdm name="_ssdm_op_BitSelect.i1.i32.i32"/></StgValue>
</bind>
</comp>

<comp id="16" class="1001" name="const_16">
<pin_list>
<pin id="17" dir="1" index="0" bw="1" slack="0"/>
</pin_list>
<bind>
<StgValue><ssdm name=""/></StgValue>
</bind>
</comp>

<comp id="18" class="1001" name="const_18">
<pin_list>
<pin id="19" dir="1" index="0" bw="1" slack="0"/>
</pin_list>
<bind>
<StgValue><ssdm name=""/></StgValue>
</bind>
</comp>

<comp id="20" class="1001" name="const_20">
<pin_list>
<pin id="21" dir="1" index="0" bw="1" slack="0"/>
</pin_list>
<bind>
<StgValue><ssdm name="_ssdm_op_PartSelect.i31.i32.i32.i32"/></StgValue>
</bind>
</comp>

<comp id="22" class="1001" name="const_22">
<pin_list>
<pin id="23" dir="1" index="0" bw="1" slack="0"/>
</pin_list>
<bind>
<StgValue><ssdm name=""/></StgValue>
</bind>
</comp>

<comp id="24" class="1001" name="const_24">
<pin_list>
<pin id="25" dir="1" index="0" bw="1" slack="0"/>
</pin_list>
<bind>
<StgValue><ssdm name=""/></StgValue>
</bind>
</comp>

<comp id="26" class="1001" name="const_26">
<pin_list>
<pin id="27" dir="1" index="0" bw="1" slack="0"/>
</pin_list>
<bind>
<StgValue><ssdm name=""/></StgValue>
</bind>
</comp>

<comp id="28" class="1001" name="const_28">
<pin_list>
<pin id="29" dir="1" index="0" bw="1" slack="0"/>
</pin_list>
<bind>
<StgValue><ssdm name="convolution.1_Pipeline_VITIS_LOOP_21_1_VITIS_LOOP_26_2"/></StgValue>
</bind>
</comp>

<comp id="30" class="1001" name="const_30">
<pin_list>
<pin id="31" dir="1" index="0" bw="1" slack="0"/>
</pin_list>
<bind>
<StgValue><ssdm name="_ssdm_op_Write.ap_auto.i32P0A"/></StgValue>
</bind>
</comp>

<comp id="32" class="1004" name="sum_loc_fu_32">
<pin_list>
<pin id="33" dir="0" index="0" bw="1" slack="0"/>
<pin id="34" dir="1" index="1" bw="32" slack="3"/>
</pin_list>
<bind>
<opcode="alloca(26) " fcode="alloca"/>
<opset="sum_loc/1 "/>
</bind>
</comp>

<comp id="36" class="1004" name="kernel_size_read_read_fu_36">
<pin_list>
<pin id="37" dir="0" index="0" bw="32" slack="0"/>
<pin id="38" dir="0" index="1" bw="32" slack="0"/>
<pin id="39" dir="1" index="2" bw="32" slack="0"/>
</pin_list>
<bind>
<opcode="read(1150) " fcode="read"/>
<opset="kernel_size_read/1 "/>
</bind>
</comp>

<comp id="42" class="1004" name="n_read_read_fu_42">
<pin_list>
<pin id="43" dir="0" index="0" bw="32" slack="0"/>
<pin id="44" dir="0" index="1" bw="32" slack="0"/>
<pin id="45" dir="1" index="2" bw="32" slack="0"/>
</pin_list>
<bind>
<opcode="read(1150) " fcode="read"/>
<opset="n_read/1 "/>
</bind>
</comp>

<comp id="48" class="1004" name="kernel_read_1_read_fu_48">
<pin_list>
<pin id="49" dir="0" index="0" bw="32" slack="0"/>
<pin id="50" dir="0" index="1" bw="32" slack="0"/>
<pin id="51" dir="1" index="2" bw="32" slack="0"/>
</pin_list>
<bind>
<opcode="read(1150) " fcode="read"/>
<opset="kernel_read_1/4 "/>
</bind>
</comp>

<comp id="54" class="1004" name="A_read_2_read_fu_54">
<pin_list>
<pin id="55" dir="0" index="0" bw="32" slack="0"/>
<pin id="56" dir="0" index="1" bw="32" slack="0"/>
<pin id="57" dir="1" index="2" bw="32" slack="0"/>
</pin_list>
<bind>
<opcode="read(1150) " fcode="read"/>
<opset="A_read_2/4 "/>
</bind>
</comp>

<comp id="60" class="1004" name="write_ln37_write_fu_60">
<pin_list>
<pin id="61" dir="0" index="0" bw="0" slack="0"/>
<pin id="62" dir="0" index="1" bw="32" slack="0"/>
<pin id="63" dir="0" index="2" bw="32" slack="0"/>
<pin id="64" dir="1" index="3" bw="0" slack="2147483647"/>
</pin_list>
<bind>
<opcode="write(1151) " fcode="write"/>
<opset="write_ln37/6 "/>
</bind>
</comp>

<comp id="67" class="1004" name="grp_convolution_1_Pipeline_VITIS_LOOP_21_1_VITIS_LOOP_26_2_fu_67">
<pin_list>
<pin id="68" dir="0" index="0" bw="0" slack="0"/>
<pin id="69" dir="0" index="1" bw="64" slack="0"/>
<pin id="70" dir="0" index="2" bw="32" slack="2"/>
<pin id="71" dir="0" index="3" bw="32" slack="3"/>
<pin id="72" dir="0" index="4" bw="32" slack="3"/>
<pin id="73" dir="0" index="5" bw="31" slack="3"/>
<pin id="74" dir="0" index="6" bw="32" slack="0"/>
<pin id="75" dir="0" index="7" bw="32" slack="0"/>
<pin id="76" dir="0" index="8" bw="32" slack="0"/>
<pin id="77" dir="0" index="9" bw="32" slack="3"/>
<pin id="78" dir="1" index="10" bw="0" slack="2147483647"/>
</pin_list>
<bind>
<opcode="call(48) " fcode="call"/>
<opset="call_ln12/4 "/>
</bind>
</comp>

<comp id="80" class="1004" name="grp_fu_80">
<pin_list>
<pin id="81" dir="0" index="0" bw="32" slack="0"/>
<pin id="82" dir="0" index="1" bw="32" slack="0"/>
<pin id="83" dir="1" index="2" bw="64" slack="0"/>
</pin_list>
<bind>
<opcode="mul(12) " fcode="mul"/>
<opset="mul_ln12/3 "/>
</bind>
</comp>

<comp id="85" class="1004" name="grp_fu_85">
<pin_list>
<pin id="86" dir="0" index="0" bw="32" slack="0"/>
<pin id="87" dir="0" index="1" bw="32" slack="0"/>
<pin id="88" dir="1" index="2" bw="32" slack="1"/>
</pin_list>
<bind>
<opcode="mul(12) " fcode="mul"/>
<opset="squared_kernel_size/1 "/>
</bind>
</comp>

<comp id="91" class="1004" name="grp_fu_91">
<pin_list>
<pin id="92" dir="0" index="0" bw="32" slack="0"/>
<pin id="93" dir="0" index="1" bw="32" slack="0"/>
<pin id="94" dir="1" index="2" bw="32" slack="1"/>
</pin_list>
<bind>
<opcode="mul(12) " fcode="mul"/>
<opset="mul_ln21/1 "/>
</bind>
</comp>

<comp id="97" class="1004" name="tmp_fu_97">
<pin_list>
<pin id="98" dir="0" index="0" bw="1" slack="0"/>
<pin id="99" dir="0" index="1" bw="32" slack="0"/>
<pin id="100" dir="0" index="2" bw="6" slack="0"/>
<pin id="101" dir="1" index="3" bw="1" slack="0"/>
</pin_list>
<bind>
<opcode="bitselect(1000) " fcode="bitselect"/>
<opset="tmp/1 "/>
</bind>
</comp>

<comp id="105" class="1004" name="sub_ln14_fu_105">
<pin_list>
<pin id="106" dir="0" index="0" bw="1" slack="0"/>
<pin id="107" dir="0" index="1" bw="32" slack="0"/>
<pin id="108" dir="1" index="2" bw="32" slack="0"/>
</pin_list>
<bind>
<opcode="sub(10) " fcode="sub"/>
<opset="sub_ln14/1 "/>
</bind>
</comp>

<comp id="111" class="1004" name="lshr_ln14_1_fu_111">
<pin_list>
<pin id="112" dir="0" index="0" bw="31" slack="0"/>
<pin id="113" dir="0" index="1" bw="32" slack="0"/>
<pin id="114" dir="0" index="2" bw="1" slack="0"/>
<pin id="115" dir="0" index="3" bw="6" slack="0"/>
<pin id="116" dir="1" index="4" bw="31" slack="0"/>
</pin_list>
<bind>
<opcode="partselect(1002) " fcode="partselect"/>
<opset="lshr_ln14_1/1 "/>
</bind>
</comp>

<comp id="121" class="1004" name="sub_ln14_1_fu_121">
<pin_list>
<pin id="122" dir="0" index="0" bw="1" slack="0"/>
<pin id="123" dir="0" index="1" bw="31" slack="0"/>
<pin id="124" dir="1" index="2" bw="31" slack="0"/>
</pin_list>
<bind>
<opcode="sub(10) " fcode="sub"/>
<opset="sub_ln14_1/1 "/>
</bind>
</comp>

<comp id="127" class="1004" name="lshr_ln14_2_fu_127">
<pin_list>
<pin id="128" dir="0" index="0" bw="31" slack="0"/>
<pin id="129" dir="0" index="1" bw="32" slack="0"/>
<pin id="130" dir="0" index="2" bw="1" slack="0"/>
<pin id="131" dir="0" index="3" bw="6" slack="0"/>
<pin id="132" dir="1" index="4" bw="31" slack="0"/>
</pin_list>
<bind>
<opcode="partselect(1002) " fcode="partselect"/>
<opset="lshr_ln14_2/1 "/>
</bind>
</comp>

<comp id="137" class="1004" name="kernel_rad_fu_137">
<pin_list>
<pin id="138" dir="0" index="0" bw="1" slack="0"/>
<pin id="139" dir="0" index="1" bw="31" slack="0"/>
<pin id="140" dir="0" index="2" bw="31" slack="0"/>
<pin id="141" dir="1" index="3" bw="31" slack="3"/>
</pin_list>
<bind>
<opcode="select(49) " fcode="select"/>
<opset="kernel_rad/1 "/>
</bind>
</comp>

<comp id="145" class="1004" name="zext_ln12_fu_145">
<pin_list>
<pin id="146" dir="0" index="0" bw="32" slack="1"/>
<pin id="147" dir="1" index="1" bw="64" slack="0"/>
</pin_list>
<bind>
<opcode="zext(34) " fcode="zext"/>
<opset="zext_ln12/3 "/>
</bind>
</comp>

<comp id="149" class="1004" name="zext_ln12_1_fu_149">
<pin_list>
<pin id="150" dir="0" index="0" bw="32" slack="1"/>
<pin id="151" dir="1" index="1" bw="64" slack="0"/>
</pin_list>
<bind>
<opcode="zext(34) " fcode="zext"/>
<opset="zext_ln12_1/3 "/>
</bind>
</comp>

<comp id="153" class="1004" name="icmp_ln21_fu_153">
<pin_list>
<pin id="154" dir="0" index="0" bw="32" slack="1"/>
<pin id="155" dir="0" index="1" bw="1" slack="0"/>
<pin id="156" dir="1" index="2" bw="1" slack="3"/>
</pin_list>
<bind>
<opcode="icmp(45) " fcode="icmp"/>
<opset="icmp_ln21/3 "/>
</bind>
</comp>

<comp id="158" class="1004" name="add_ln31_fu_158">
<pin_list>
<pin id="159" dir="0" index="0" bw="32" slack="3"/>
<pin id="160" dir="0" index="1" bw="1" slack="0"/>
<pin id="161" dir="1" index="2" bw="32" slack="0"/>
</pin_list>
<bind>
<opcode="add(8) " fcode="add"/>
<opset="add_ln31/4 "/>
</bind>
</comp>

<comp id="164" class="1004" name="bitcast_ln35_fu_164">
<pin_list>
<pin id="165" dir="0" index="0" bw="32" slack="0"/>
<pin id="166" dir="1" index="1" bw="32" slack="0"/>
</pin_list>
<bind>
<opcode="bitcast(44) " fcode="bitcast"/>
<opset="bitcast_ln35/4 "/>
</bind>
</comp>

<comp id="169" class="1004" name="value_fu_169">
<pin_list>
<pin id="170" dir="0" index="0" bw="32" slack="0"/>
<pin id="171" dir="1" index="1" bw="32" slack="0"/>
</pin_list>
<bind>
<opcode="bitcast(44) " fcode="bitcast"/>
<opset="value/4 "/>
</bind>
</comp>

<comp id="174" class="1004" name="sum_loc_load_load_fu_174">
<pin_list>
<pin id="175" dir="0" index="0" bw="32" slack="5"/>
<pin id="176" dir="1" index="1" bw="32" slack="0"/>
</pin_list>
<bind>
<opcode="load(27) " fcode="load"/>
<opset="sum_loc_load/6 "/>
</bind>
</comp>

<comp id="177" class="1004" name="bitcast_ln37_fu_177">
<pin_list>
<pin id="178" dir="0" index="0" bw="32" slack="0"/>
<pin id="179" dir="1" index="1" bw="32" slack="0"/>
</pin_list>
<bind>
<opcode="bitcast(44) " fcode="bitcast"/>
<opset="bitcast_ln37/6 "/>
</bind>
</comp>

<comp id="182" class="1005" name="kernel_size_read_reg_182">
<pin_list>
<pin id="183" dir="0" index="0" bw="32" slack="1"/>
<pin id="184" dir="1" index="1" bw="32" slack="1"/>
</pin_list>
<bind>
<opset="kernel_size_read "/>
</bind>
</comp>

<comp id="189" class="1005" name="n_read_reg_189">
<pin_list>
<pin id="190" dir="0" index="0" bw="32" slack="1"/>
<pin id="191" dir="1" index="1" bw="32" slack="1"/>
</pin_list>
<bind>
<opset="n_read "/>
</bind>
</comp>

<comp id="197" class="1005" name="sum_loc_reg_197">
<pin_list>
<pin id="198" dir="0" index="0" bw="32" slack="3"/>
<pin id="199" dir="1" index="1" bw="32" slack="3"/>
</pin_list>
<bind>
<opset="sum_loc "/>
</bind>
</comp>

<comp id="203" class="1005" name="kernel_rad_reg_203">
<pin_list>
<pin id="204" dir="0" index="0" bw="31" slack="3"/>
<pin id="205" dir="1" index="1" bw="31" slack="3"/>
</pin_list>
<bind>
<opset="kernel_rad "/>
</bind>
</comp>

<comp id="208" class="1005" name="squared_kernel_size_reg_208">
<pin_list>
<pin id="209" dir="0" index="0" bw="32" slack="1"/>
<pin id="210" dir="1" index="1" bw="32" slack="1"/>
</pin_list>
<bind>
<opset="squared_kernel_size "/>
</bind>
</comp>

<comp id="214" class="1005" name="mul_ln21_reg_214">
<pin_list>
<pin id="215" dir="0" index="0" bw="32" slack="1"/>
<pin id="216" dir="1" index="1" bw="32" slack="1"/>
</pin_list>
<bind>
<opset="mul_ln21 "/>
</bind>
</comp>

<comp id="220" class="1005" name="zext_ln12_reg_220">
<pin_list>
<pin id="221" dir="0" index="0" bw="64" slack="1"/>
<pin id="222" dir="1" index="1" bw="64" slack="1"/>
</pin_list>
<bind>
<opset="zext_ln12 "/>
</bind>
</comp>

<comp id="225" class="1005" name="zext_ln12_1_reg_225">
<pin_list>
<pin id="226" dir="0" index="0" bw="64" slack="1"/>
<pin id="227" dir="1" index="1" bw="64" slack="1"/>
</pin_list>
<bind>
<opset="zext_ln12_1 "/>
</bind>
</comp>

<comp id="230" class="1005" name="icmp_ln21_reg_230">
<pin_list>
<pin id="231" dir="0" index="0" bw="1" slack="3"/>
<pin id="232" dir="1" index="1" bw="1" slack="2147483647"/>
</pin_list>
<bind>
<opset="icmp_ln21 "/>
</bind>
</comp>

<comp id="234" class="1005" name="add_ln31_reg_234">
<pin_list>
<pin id="235" dir="0" index="0" bw="32" slack="1"/>
<pin id="236" dir="1" index="1" bw="32" slack="1"/>
</pin_list>
<bind>
<opset="add_ln31 "/>
</bind>
</comp>

<comp id="239" class="1005" name="bitcast_ln35_reg_239">
<pin_list>
<pin id="240" dir="0" index="0" bw="32" slack="1"/>
<pin id="241" dir="1" index="1" bw="32" slack="1"/>
</pin_list>
<bind>
<opset="bitcast_ln35 "/>
</bind>
</comp>

<comp id="244" class="1005" name="value_reg_244">
<pin_list>
<pin id="245" dir="0" index="0" bw="32" slack="1"/>
<pin id="246" dir="1" index="1" bw="32" slack="1"/>
</pin_list>
<bind>
<opset="value "/>
</bind>
</comp>

<comp id="249" class="1005" name="mul_ln12_reg_249">
<pin_list>
<pin id="250" dir="0" index="0" bw="64" slack="1"/>
<pin id="251" dir="1" index="1" bw="64" slack="1"/>
</pin_list>
<bind>
<opset="mul_ln12 "/>
</bind>
</comp>

</comp_list>

<net_list>
<net id="35"><net_src comp="12" pin="0"/><net_sink comp="32" pin=0"/></net>

<net id="40"><net_src comp="10" pin="0"/><net_sink comp="36" pin=0"/></net>

<net id="41"><net_src comp="8" pin="0"/><net_sink comp="36" pin=1"/></net>

<net id="46"><net_src comp="10" pin="0"/><net_sink comp="42" pin=0"/></net>

<net id="47"><net_src comp="6" pin="0"/><net_sink comp="42" pin=1"/></net>

<net id="52"><net_src comp="10" pin="0"/><net_sink comp="48" pin=0"/></net>

<net id="53"><net_src comp="4" pin="0"/><net_sink comp="48" pin=1"/></net>

<net id="58"><net_src comp="10" pin="0"/><net_sink comp="54" pin=0"/></net>

<net id="59"><net_src comp="0" pin="0"/><net_sink comp="54" pin=1"/></net>

<net id="65"><net_src comp="30" pin="0"/><net_sink comp="60" pin=0"/></net>

<net id="66"><net_src comp="2" pin="0"/><net_sink comp="60" pin=1"/></net>

<net id="79"><net_src comp="28" pin="0"/><net_sink comp="67" pin=0"/></net>

<net id="84"><net_src comp="80" pin="2"/><net_sink comp="67" pin=1"/></net>

<net id="89"><net_src comp="36" pin="2"/><net_sink comp="85" pin=0"/></net>

<net id="90"><net_src comp="36" pin="2"/><net_sink comp="85" pin=1"/></net>

<net id="95"><net_src comp="42" pin="2"/><net_sink comp="91" pin=0"/></net>

<net id="96"><net_src comp="42" pin="2"/><net_sink comp="91" pin=1"/></net>

<net id="102"><net_src comp="14" pin="0"/><net_sink comp="97" pin=0"/></net>

<net id="103"><net_src comp="36" pin="2"/><net_sink comp="97" pin=1"/></net>

<net id="104"><net_src comp="16" pin="0"/><net_sink comp="97" pin=2"/></net>

<net id="109"><net_src comp="18" pin="0"/><net_sink comp="105" pin=0"/></net>

<net id="110"><net_src comp="36" pin="2"/><net_sink comp="105" pin=1"/></net>

<net id="117"><net_src comp="20" pin="0"/><net_sink comp="111" pin=0"/></net>

<net id="118"><net_src comp="105" pin="2"/><net_sink comp="111" pin=1"/></net>

<net id="119"><net_src comp="22" pin="0"/><net_sink comp="111" pin=2"/></net>

<net id="120"><net_src comp="16" pin="0"/><net_sink comp="111" pin=3"/></net>

<net id="125"><net_src comp="24" pin="0"/><net_sink comp="121" pin=0"/></net>

<net id="126"><net_src comp="111" pin="4"/><net_sink comp="121" pin=1"/></net>

<net id="133"><net_src comp="20" pin="0"/><net_sink comp="127" pin=0"/></net>

<net id="134"><net_src comp="36" pin="2"/><net_sink comp="127" pin=1"/></net>

<net id="135"><net_src comp="22" pin="0"/><net_sink comp="127" pin=2"/></net>

<net id="136"><net_src comp="16" pin="0"/><net_sink comp="127" pin=3"/></net>

<net id="142"><net_src comp="97" pin="3"/><net_sink comp="137" pin=0"/></net>

<net id="143"><net_src comp="121" pin="2"/><net_sink comp="137" pin=1"/></net>

<net id="144"><net_src comp="127" pin="4"/><net_sink comp="137" pin=2"/></net>

<net id="148"><net_src comp="145" pin="1"/><net_sink comp="80" pin=0"/></net>

<net id="152"><net_src comp="149" pin="1"/><net_sink comp="80" pin=1"/></net>

<net id="157"><net_src comp="18" pin="0"/><net_sink comp="153" pin=1"/></net>

<net id="162"><net_src comp="26" pin="0"/><net_sink comp="158" pin=1"/></net>

<net id="163"><net_src comp="158" pin="2"/><net_sink comp="67" pin=6"/></net>

<net id="167"><net_src comp="48" pin="2"/><net_sink comp="164" pin=0"/></net>

<net id="168"><net_src comp="164" pin="1"/><net_sink comp="67" pin=8"/></net>

<net id="172"><net_src comp="54" pin="2"/><net_sink comp="169" pin=0"/></net>

<net id="173"><net_src comp="169" pin="1"/><net_sink comp="67" pin=7"/></net>

<net id="180"><net_src comp="174" pin="1"/><net_sink comp="177" pin=0"/></net>

<net id="181"><net_src comp="177" pin="1"/><net_sink comp="60" pin=2"/></net>

<net id="185"><net_src comp="36" pin="2"/><net_sink comp="182" pin=0"/></net>

<net id="186"><net_src comp="182" pin="1"/><net_sink comp="85" pin=0"/></net>

<net id="187"><net_src comp="182" pin="1"/><net_sink comp="85" pin=1"/></net>

<net id="188"><net_src comp="182" pin="1"/><net_sink comp="67" pin=4"/></net>

<net id="192"><net_src comp="42" pin="2"/><net_sink comp="189" pin=0"/></net>

<net id="193"><net_src comp="189" pin="1"/><net_sink comp="91" pin=0"/></net>

<net id="194"><net_src comp="189" pin="1"/><net_sink comp="91" pin=1"/></net>

<net id="195"><net_src comp="189" pin="1"/><net_sink comp="158" pin=0"/></net>

<net id="196"><net_src comp="189" pin="1"/><net_sink comp="67" pin=3"/></net>

<net id="200"><net_src comp="32" pin="1"/><net_sink comp="197" pin=0"/></net>

<net id="201"><net_src comp="197" pin="1"/><net_sink comp="67" pin=9"/></net>

<net id="202"><net_src comp="197" pin="1"/><net_sink comp="174" pin=0"/></net>

<net id="206"><net_src comp="137" pin="3"/><net_sink comp="203" pin=0"/></net>

<net id="207"><net_src comp="203" pin="1"/><net_sink comp="67" pin=5"/></net>

<net id="211"><net_src comp="85" pin="2"/><net_sink comp="208" pin=0"/></net>

<net id="212"><net_src comp="208" pin="1"/><net_sink comp="149" pin=0"/></net>

<net id="213"><net_src comp="208" pin="1"/><net_sink comp="67" pin=2"/></net>

<net id="217"><net_src comp="91" pin="2"/><net_sink comp="214" pin=0"/></net>

<net id="218"><net_src comp="214" pin="1"/><net_sink comp="145" pin=0"/></net>

<net id="219"><net_src comp="214" pin="1"/><net_sink comp="153" pin=0"/></net>

<net id="223"><net_src comp="145" pin="1"/><net_sink comp="220" pin=0"/></net>

<net id="224"><net_src comp="220" pin="1"/><net_sink comp="80" pin=0"/></net>

<net id="228"><net_src comp="149" pin="1"/><net_sink comp="225" pin=0"/></net>

<net id="229"><net_src comp="225" pin="1"/><net_sink comp="80" pin=1"/></net>

<net id="233"><net_src comp="153" pin="2"/><net_sink comp="230" pin=0"/></net>

<net id="237"><net_src comp="158" pin="2"/><net_sink comp="234" pin=0"/></net>

<net id="238"><net_src comp="234" pin="1"/><net_sink comp="67" pin=6"/></net>

<net id="242"><net_src comp="164" pin="1"/><net_sink comp="239" pin=0"/></net>

<net id="243"><net_src comp="239" pin="1"/><net_sink comp="67" pin=8"/></net>

<net id="247"><net_src comp="169" pin="1"/><net_sink comp="244" pin=0"/></net>

<net id="248"><net_src comp="244" pin="1"/><net_sink comp="67" pin=7"/></net>

<net id="252"><net_src comp="80" pin="2"/><net_sink comp="249" pin=0"/></net>

<net id="253"><net_src comp="249" pin="1"/><net_sink comp="67" pin=1"/></net>

</net_list>

</model> 
---------------- Datapath Model END ------------------

* FSMD analyzer results:
  - Output states:
	Port: B | {6 }
 - Input state : 
	Port: convolution.1 : A_read | {4 }
	Port: convolution.1 : kernel_read | {4 }
	Port: convolution.1 : n | {1 }
	Port: convolution.1 : kernel_size | {1 }
  - Chain level:
	State 1
		lshr_ln14_1 : 1
		sub_ln14_1 : 2
		kernel_rad : 3
	State 2
	State 3
		mul_ln12 : 1
	State 4
		call_ln12 : 1
	State 5
	State 6
		bitcast_ln37 : 1
		write_ln37 : 2


============================================================
+ Verbose Summary: Datapath Resource usage 
============================================================

* Functional unit list:
|----------|------------------------------------------------------------------|---------|---------|---------|---------|
| Operation|                          Functional Unit                         |   DSP   |  Delay  |    FF   |   LUT   |
|----------|------------------------------------------------------------------|---------|---------|---------|---------|
|   call   | grp_convolution_1_Pipeline_VITIS_LOOP_21_1_VITIS_LOOP_26_2_fu_67 |    5    |  3.176  |  10348  |   8310  |
|----------|------------------------------------------------------------------|---------|---------|---------|---------|
|          |                             grp_fu_80                            |    4    |    0    |   165   |    50   |
|    mul   |                             grp_fu_85                            |    3    |    0    |   165   |    50   |
|          |                             grp_fu_91                            |    3    |    0    |   165   |    50   |
|----------|------------------------------------------------------------------|---------|---------|---------|---------|
|    sub   |                          sub_ln14_fu_105                         |    0    |    0    |    0    |    39   |
|          |                         sub_ln14_1_fu_121                        |    0    |    0    |    0    |    38   |
|----------|------------------------------------------------------------------|---------|---------|---------|---------|
|   icmp   |                         icmp_ln21_fu_153                         |    0    |    0    |    0    |    39   |
|----------|------------------------------------------------------------------|---------|---------|---------|---------|
|    add   |                          add_ln31_fu_158                         |    0    |    0    |    0    |    39   |
|----------|------------------------------------------------------------------|---------|---------|---------|---------|
|  select  |                         kernel_rad_fu_137                        |    0    |    0    |    0    |    31   |
|----------|------------------------------------------------------------------|---------|---------|---------|---------|
|          |                    kernel_size_read_read_fu_36                   |    0    |    0    |    0    |    0    |
|   read   |                         n_read_read_fu_42                        |    0    |    0    |    0    |    0    |
|          |                     kernel_read_1_read_fu_48                     |    0    |    0    |    0    |    0    |
|          |                        A_read_2_read_fu_54                       |    0    |    0    |    0    |    0    |
|----------|------------------------------------------------------------------|---------|---------|---------|---------|
|   write  |                      write_ln37_write_fu_60                      |    0    |    0    |    0    |    0    |
|----------|------------------------------------------------------------------|---------|---------|---------|---------|
| bitselect|                             tmp_fu_97                            |    0    |    0    |    0    |    0    |
|----------|------------------------------------------------------------------|---------|---------|---------|---------|
|partselect|                        lshr_ln14_1_fu_111                        |    0    |    0    |    0    |    0    |
|          |                        lshr_ln14_2_fu_127                        |    0    |    0    |    0    |    0    |
|----------|------------------------------------------------------------------|---------|---------|---------|---------|
|   zext   |                         zext_ln12_fu_145                         |    0    |    0    |    0    |    0    |
|          |                        zext_ln12_1_fu_149                        |    0    |    0    |    0    |    0    |
|----------|------------------------------------------------------------------|---------|---------|---------|---------|
|   Total  |                                                                  |    15   |  3.176  |  10843  |   8646  |
|----------|------------------------------------------------------------------|---------|---------|---------|---------|

Memories:
N/A

* Register list:
+---------------------------+--------+
|                           |   FF   |
+---------------------------+--------+
|      add_ln31_reg_234     |   32   |
|    bitcast_ln35_reg_239   |   32   |
|     icmp_ln21_reg_230     |    1   |
|     kernel_rad_reg_203    |   31   |
|  kernel_size_read_reg_182 |   32   |
|      mul_ln12_reg_249     |   64   |
|      mul_ln21_reg_214     |   32   |
|       n_read_reg_189      |   32   |
|squared_kernel_size_reg_208|   32   |
|      sum_loc_reg_197      |   32   |
|       value_reg_244       |   32   |
|    zext_ln12_1_reg_225    |   64   |
|     zext_ln12_reg_220     |   64   |
+---------------------------+--------+
|           Total           |   480  |
+---------------------------+--------+

* Multiplexer (MUX) list: 
|------------------------------------------------------------------|------|------|------|--------||---------||---------||---------|
|                               Comp                               |  Pin | Size |  BW  | S x BW ||  Delay  ||    FF   ||   LUT   |
|------------------------------------------------------------------|------|------|------|--------||---------||---------||---------|
| grp_convolution_1_Pipeline_VITIS_LOOP_21_1_VITIS_LOOP_26_2_fu_67 |  p1  |   2  |  64  |   128  ||    0    ||    9    |
| grp_convolution_1_Pipeline_VITIS_LOOP_21_1_VITIS_LOOP_26_2_fu_67 |  p6  |   2  |  32  |   64   ||    0    ||    9    |
| grp_convolution_1_Pipeline_VITIS_LOOP_21_1_VITIS_LOOP_26_2_fu_67 |  p7  |   2  |  32  |   64   ||    0    ||    9    |
| grp_convolution_1_Pipeline_VITIS_LOOP_21_1_VITIS_LOOP_26_2_fu_67 |  p8  |   2  |  32  |   64   ||    0    ||    9    |
|                             grp_fu_80                            |  p0  |   2  |  32  |   64   ||    0    ||    9    |
|                             grp_fu_80                            |  p1  |   2  |  32  |   64   ||    0    ||    9    |
|                             grp_fu_85                            |  p0  |   2  |  32  |   64   ||    0    ||    9    |
|                             grp_fu_85                            |  p1  |   2  |  32  |   64   ||    0    ||    9    |
|                             grp_fu_91                            |  p0  |   2  |  32  |   64   ||    0    ||    9    |
|                             grp_fu_91                            |  p1  |   2  |  32  |   64   ||    0    ||    9    |
|------------------------------------------------------------------|------|------|------|--------||---------||---------||---------|
|                               Total                              |      |      |      |   704  ||  15.88  ||    0    ||    90   |
|------------------------------------------------------------------|------|------|------|--------||---------||---------||---------|



* Summary:
+-----------+--------+--------+--------+--------+
|           |   DSP  |  Delay |   FF   |   LUT  |
+-----------+--------+--------+--------+--------+
|  Function |   15   |    3   |  10843 |  8646  |
|   Memory  |    -   |    -   |    -   |    -   |
|Multiplexer|    -   |   15   |    0   |   90   |
|  Register |    -   |    -   |   480  |    -   |
+-----------+--------+--------+--------+--------+
|   Total   |   15   |   19   |  11323 |  8736  |
+-----------+--------+--------+--------+--------+
