

================================================================
== Vitis HLS Report for 'cifar10_Pipeline_VITIS_LOOP_125_34'
================================================================
* Date:           Mon May  4 21:06:55 2026

* Version:        2025.2 (Build 6295257 on Nov 14 2025)
* Project:        proj_cifar10
* Solution:       fsolution (Vivado IP Flow Target)
* Product family: zynq
* Target device:  xc7z020-clg484-1


================================================================
== Performance Estimates
================================================================
+ Timing: 
    * Summary: 
    +--------+----------+----------+------------+
    |  Clock |  Target  | Estimated| Uncertainty|
    +--------+----------+----------+------------+
    |ap_clk  |  10.00 ns|  7.300 ns|     2.70 ns|
    +--------+----------+----------+------------+

+ Latency: 
    * Summary: 
    +---------+---------+----------+----------+-----+-----+-------------------+
    |  Latency (cycles) |  Latency (absolute) |  Interval |      Pipeline     |
    |   min   |   max   |    min   |    max   | min | max |        Type       |
    +---------+---------+----------+----------+-----+-----+-------------------+
    |       22|        ?|  0.220 us|         ?|    0|    0|  loop pipeline stp|
    +---------+---------+----------+----------+-----+-----+-------------------+

    + Detail: 
        * Instance: 
        N/A

        * Loop: 
        +--------------------+---------+---------+----------+-----------+-----------+-------+----------+
        |                    |  Latency (cycles) | Iteration|  Initiation Interval  |  Trip |          |
        |      Loop Name     |   min   |   max   |  Latency |  achieved |   target  | Count | Pipelined|
        +--------------------+---------+---------+----------+-----------+-----------+-------+----------+
        |- VITIS_LOOP_125_3  |       20|        ?|        21|          6|          1|  1 ~ ?|       yes|
        +--------------------+---------+---------+----------+-----------+-----------+-------+----------+



================================================================
== Utilization Estimates
================================================================
* Summary: 
+-----------------+---------+-----+--------+-------+-----+
|       Name      | BRAM_18K| DSP |   FF   |  LUT  | URAM|
+-----------------+---------+-----+--------+-------+-----+
|DSP              |        -|    -|       -|      -|    -|
|Expression       |        -|    -|       0|    166|    -|
|FIFO             |        -|    -|       -|      -|    -|
|Instance         |        -|    -|       -|      -|    -|
|Memory           |        -|    -|       -|      -|    -|
|Multiplexer      |        -|    -|       0|    150|    -|
|Register         |        -|    -|     338|     32|    -|
+-----------------+---------+-----+--------+-------+-----+
|Total            |        0|    0|     338|    348|    0|
+-----------------+---------+-----+--------+-------+-----+
|Available        |      280|  220|  106400|  53200|    0|
+-----------------+---------+-----+--------+-------+-----+
|Utilization (%)  |        0|    0|      ~0|     ~0|    0|
+-----------------+---------+-----+--------+-------+-----+

+ Detail: 
    * Instance: 
    N/A

    * DSP: 
    N/A

    * Memory: 
    N/A

    * FIFO: 
    N/A

    * Expression: 
    +---------------------------+----------+----+---+----+------------+------------+
    |       Variable Name       | Operation| DSP| FF| LUT| Bitwidth P0| Bitwidth P1|
    +---------------------------+----------+----+---+----+------------+------------+
    |add_ln125_fu_138_p2        |         +|   0|  0|  39|          32|           1|
    |add_ln127_1_fu_158_p2      |         +|   0|  0|  39|          32|          32|
    |add_ln127_fu_152_p2        |         +|   0|  0|  39|          32|          32|
    |ap_block_pp0_stage1_11001  |       and|   0|  0|   2|           1|           1|
    |ap_block_pp0_stage2_11001  |       and|   0|  0|   2|           1|           1|
    |ap_block_pp0_stage3_11001  |       and|   0|  0|   2|           1|           1|
    |ap_block_state2_io_grp1    |       and|   0|  0|   2|           1|           1|
    |icmp_ln125_fu_132_p2       |      icmp|   0|  0|  39|          32|          32|
    |ap_enable_pp0              |       xor|   0|  0|   2|           1|           2|
    +---------------------------+----------+----+---+----+------------+------------+
    |Total                      |          |   0|  0| 166|         133|         103|
    +---------------------------+----------+----+---+----+------------+------------+

    * Multiplexer: 
    +----------------------------------+----+-----------+-----+-----------+
    |               Name               | LUT| Input Size| Bits| Total Bits|
    +----------------------------------+----+-----------+-----+-----------+
    |acumulated_fu_58                  |   9|          2|   32|         64|
    |ap_NS_fsm                         |  37|          7|    1|          7|
    |ap_done_int                       |   9|          2|    1|          2|
    |ap_enable_reg_pp0_iter0           |   9|          2|    1|          2|
    |ap_enable_reg_pp0_iter1           |   9|          2|    1|          2|
    |ap_enable_reg_pp0_iter3           |   9|          2|    1|          2|
    |ap_loop_exit_ready_pp0_iter1_reg  |   9|          2|    1|          2|
    |ap_loop_exit_ready_pp0_iter2_reg  |   9|          2|    1|          2|
    |ap_sig_allocacmp_k                |   9|          2|   32|         64|
    |gmem_blk_n_AR                     |   9|          2|    1|          2|
    |gmem_blk_n_R                      |   9|          2|    1|          2|
    |k_2_fu_62                         |   9|          2|   32|         64|
    |m_axi_gmem_0_ARADDR               |  14|          3|   32|         96|
    +----------------------------------+----+-----------+-----+-----------+
    |Total                             | 150|         32|  137|        311|
    +----------------------------------+----+-----------+-----+-----------+

    * Register: 
    +-------------------------------------------+----+----+-----+-----------+
    |                    Name                   | FF | LUT| Bits| Const Bits|
    +-------------------------------------------+----+----+-----+-----------+
    |acumulated_1_reg_272                       |  32|   0|   32|          0|
    |acumulated_fu_58                           |  32|   0|   32|          0|
    |add_ln127_1_reg_225                        |  32|   0|   32|          0|
    |add_ln127_reg_220                          |  32|   0|   32|          0|
    |ap_CS_fsm                                  |   6|   0|    6|          0|
    |ap_block_pp0_stage1_subdone_grp0_done_reg  |   1|   0|    1|          0|
    |ap_block_pp0_stage2_subdone_grp0_done_reg  |   1|   0|    1|          0|
    |ap_block_pp0_stage3_subdone_grp0_done_reg  |   1|   0|    1|          0|
    |ap_block_pp0_stage4_subdone_grp0_done_reg  |   1|   0|    1|          0|
    |ap_done_reg                                |   1|   0|    1|          0|
    |ap_enable_reg_pp0_iter0_reg                |   1|   0|    1|          0|
    |ap_enable_reg_pp0_iter1                    |   1|   0|    1|          0|
    |ap_enable_reg_pp0_iter2                    |   1|   0|    1|          0|
    |ap_enable_reg_pp0_iter3                    |   1|   0|    1|          0|
    |ap_loop_exit_ready_pp0_iter1_reg           |   1|   0|    1|          0|
    |ap_loop_exit_ready_pp0_iter2_reg           |   1|   0|    1|          0|
    |gmem_addr_3_read_reg_247                   |  32|   0|   32|          0|
    |gmem_addr_read_reg_242                     |  32|   0|   32|          0|
    |icmp_ln125_reg_216                         |   1|   0|    1|          0|
    |k_2_fu_62                                  |  32|   0|   32|          0|
    |mul13_i1_reg_262                           |  32|   0|   32|          0|
    |icmp_ln125_reg_216                         |  64|  32|    1|          0|
    +-------------------------------------------+----+----+-----+-----------+
    |Total                                      | 338|  32|  275|          0|
    +-------------------------------------------+----+----+-----+-----------+



================================================================
== Interface
================================================================
* Summary: 
+-------------------------+-----+-----+------------+------------------------------------+--------------+
|        RTL Ports        | Dir | Bits|  Protocol  |            Source Object           |    C Type    |
+-------------------------+-----+-----+------------+------------------------------------+--------------+
|ap_clk                   |   in|    1|  ap_ctrl_hs|  cifar10_Pipeline_VITIS_LOOP_125_34|  return value|
|ap_rst                   |   in|    1|  ap_ctrl_hs|  cifar10_Pipeline_VITIS_LOOP_125_34|  return value|
|ap_start                 |   in|    1|  ap_ctrl_hs|  cifar10_Pipeline_VITIS_LOOP_125_34|  return value|
|ap_done                  |  out|    1|  ap_ctrl_hs|  cifar10_Pipeline_VITIS_LOOP_125_34|  return value|
|ap_idle                  |  out|    1|  ap_ctrl_hs|  cifar10_Pipeline_VITIS_LOOP_125_34|  return value|
|ap_ready                 |  out|    1|  ap_ctrl_hs|  cifar10_Pipeline_VITIS_LOOP_125_34|  return value|
|grp_fu_1797_p_din0       |  out|   32|  ap_ctrl_hs|  cifar10_Pipeline_VITIS_LOOP_125_34|  return value|
|grp_fu_1797_p_din1       |  out|   32|  ap_ctrl_hs|  cifar10_Pipeline_VITIS_LOOP_125_34|  return value|
|grp_fu_1797_p_opcode     |  out|    2|  ap_ctrl_hs|  cifar10_Pipeline_VITIS_LOOP_125_34|  return value|
|grp_fu_1797_p_dout0      |   in|   32|  ap_ctrl_hs|  cifar10_Pipeline_VITIS_LOOP_125_34|  return value|
|grp_fu_1797_p_ce         |  out|    1|  ap_ctrl_hs|  cifar10_Pipeline_VITIS_LOOP_125_34|  return value|
|grp_fu_1801_p_din0       |  out|   32|  ap_ctrl_hs|  cifar10_Pipeline_VITIS_LOOP_125_34|  return value|
|grp_fu_1801_p_din1       |  out|   32|  ap_ctrl_hs|  cifar10_Pipeline_VITIS_LOOP_125_34|  return value|
|grp_fu_1801_p_dout0      |   in|   32|  ap_ctrl_hs|  cifar10_Pipeline_VITIS_LOOP_125_34|  return value|
|grp_fu_1801_p_ce         |  out|    1|  ap_ctrl_hs|  cifar10_Pipeline_VITIS_LOOP_125_34|  return value|
|m_axi_gmem_0_AWVALID     |  out|    1|       m_axi|                                gmem|       pointer|
|m_axi_gmem_0_AWREADY     |   in|    1|       m_axi|                                gmem|       pointer|
|m_axi_gmem_0_AWADDR      |  out|   32|       m_axi|                                gmem|       pointer|
|m_axi_gmem_0_AWID        |  out|    1|       m_axi|                                gmem|       pointer|
|m_axi_gmem_0_AWLEN       |  out|   32|       m_axi|                                gmem|       pointer|
|m_axi_gmem_0_AWSIZE      |  out|    3|       m_axi|                                gmem|       pointer|
|m_axi_gmem_0_AWBURST     |  out|    2|       m_axi|                                gmem|       pointer|
|m_axi_gmem_0_AWLOCK      |  out|    2|       m_axi|                                gmem|       pointer|
|m_axi_gmem_0_AWCACHE     |  out|    4|       m_axi|                                gmem|       pointer|
|m_axi_gmem_0_AWPROT      |  out|    3|       m_axi|                                gmem|       pointer|
|m_axi_gmem_0_AWQOS       |  out|    4|       m_axi|                                gmem|       pointer|
|m_axi_gmem_0_AWREGION    |  out|    4|       m_axi|                                gmem|       pointer|
|m_axi_gmem_0_AWUSER      |  out|    1|       m_axi|                                gmem|       pointer|
|m_axi_gmem_0_WVALID      |  out|    1|       m_axi|                                gmem|       pointer|
|m_axi_gmem_0_WREADY      |   in|    1|       m_axi|                                gmem|       pointer|
|m_axi_gmem_0_WDATA       |  out|   32|       m_axi|                                gmem|       pointer|
|m_axi_gmem_0_WSTRB       |  out|    4|       m_axi|                                gmem|       pointer|
|m_axi_gmem_0_WLAST       |  out|    1|       m_axi|                                gmem|       pointer|
|m_axi_gmem_0_WID         |  out|    1|       m_axi|                                gmem|       pointer|
|m_axi_gmem_0_WUSER       |  out|    1|       m_axi|                                gmem|       pointer|
|m_axi_gmem_0_ARVALID     |  out|    1|       m_axi|                                gmem|       pointer|
|m_axi_gmem_0_ARREADY     |   in|    1|       m_axi|                                gmem|       pointer|
|m_axi_gmem_0_ARADDR      |  out|   32|       m_axi|                                gmem|       pointer|
|m_axi_gmem_0_ARID        |  out|    1|       m_axi|                                gmem|       pointer|
|m_axi_gmem_0_ARLEN       |  out|   32|       m_axi|                                gmem|       pointer|
|m_axi_gmem_0_ARSIZE      |  out|    3|       m_axi|                                gmem|       pointer|
|m_axi_gmem_0_ARBURST     |  out|    2|       m_axi|                                gmem|       pointer|
|m_axi_gmem_0_ARLOCK      |  out|    2|       m_axi|                                gmem|       pointer|
|m_axi_gmem_0_ARCACHE     |  out|    4|       m_axi|                                gmem|       pointer|
|m_axi_gmem_0_ARPROT      |  out|    3|       m_axi|                                gmem|       pointer|
|m_axi_gmem_0_ARQOS       |  out|    4|       m_axi|                                gmem|       pointer|
|m_axi_gmem_0_ARREGION    |  out|    4|       m_axi|                                gmem|       pointer|
|m_axi_gmem_0_ARUSER      |  out|    1|       m_axi|                                gmem|       pointer|
|m_axi_gmem_0_RVALID      |   in|    1|       m_axi|                                gmem|       pointer|
|m_axi_gmem_0_RREADY      |  out|    1|       m_axi|                                gmem|       pointer|
|m_axi_gmem_0_RDATA       |   in|   32|       m_axi|                                gmem|       pointer|
|m_axi_gmem_0_RLAST       |   in|    1|       m_axi|                                gmem|       pointer|
|m_axi_gmem_0_RID         |   in|    1|       m_axi|                                gmem|       pointer|
|m_axi_gmem_0_RFIFONUM    |   in|    9|       m_axi|                                gmem|       pointer|
|m_axi_gmem_0_RUSER       |   in|    1|       m_axi|                                gmem|       pointer|
|m_axi_gmem_0_RRESP       |   in|    2|       m_axi|                                gmem|       pointer|
|m_axi_gmem_0_BVALID      |   in|    1|       m_axi|                                gmem|       pointer|
|m_axi_gmem_0_BREADY      |  out|    1|       m_axi|                                gmem|       pointer|
|m_axi_gmem_0_BRESP       |   in|    2|       m_axi|                                gmem|       pointer|
|m_axi_gmem_0_BID         |   in|    1|       m_axi|                                gmem|       pointer|
|m_axi_gmem_0_BUSER       |   in|    1|       m_axi|                                gmem|       pointer|
|neurons_dense_1_size     |   in|   32|     ap_none|                neurons_dense_1_size|        scalar|
|sext_ln125_3             |   in|   30|     ap_none|                        sext_ln125_3|        scalar|
|sext_ln125_2             |   in|   30|     ap_none|                        sext_ln125_2|        scalar|
|acumulated_2_out         |  out|   32|      ap_vld|                    acumulated_2_out|       pointer|
|acumulated_2_out_ap_vld  |  out|    1|      ap_vld|                    acumulated_2_out|       pointer|
+-------------------------+-----+-----+------------+------------------------------------+--------------+

============================================================
+ Verbose Summary: Synthesis Manager
============================================================
InlineROM: 1
ExposeGlobal: 0
============================================================
+ Verbose Summary: CDFG Model
============================================================
IsTopModel: 0
ResetActiveHigh: 1
IsCombinational: 2
IsDatapathOnly: 2
HasWiredReturn: 1
HasMFsm: 2
HasVarLatency: 1
IsPipeline: 0
IsRtlPipelined: 0
IsInstanceOverlapped: 0
IsDontTouch: 0
HasImplIP: 0
IsGatedGlobalClock: 0

+ Individual pipeline summary: 
  * Pipeline-0: initiation interval (II) = 6, depth = 21


============================================================
+ Verbose Summary: Schedule
============================================================
* Number of FSM states : 21
* Pipeline : 1
  Pipeline-0 : II = 6, D = 21, States = { 1 2 3 4 5 6 7 8 9 10 11 12 13 14 15 16 17 18 19 20 21 }
* Dataflow Pipeline: 0

* FSM state transitions: 
1 --> 2 
2 --> 3 
3 --> 4 
4 --> 5 
5 --> 6 
6 --> 7 
7 --> 8 
8 --> 9 
9 --> 10 
10 --> 11 
11 --> 12 
12 --> 13 
13 --> 14 
14 --> 15 
15 --> 16 
16 --> 17 
17 --> 18 
18 --> 19 
19 --> 20 
20 --> 21 
21 --> 

* FSM state operations: 

State 1 <SV = 0> <Delay = 5.72>
ST_1 : Operation 24 [1/1] (0.00ns)   --->   "%acumulated = alloca i32 1" [cpu_functions.cpp:124->cpu_functions.cpp:190]   --->   Operation 24 'alloca' 'acumulated' <Predicate = true> <Delay = 0.00>
ST_1 : Operation 25 [1/1] (0.00ns)   --->   "%k_2 = alloca i32 1" [cpu_functions.cpp:125->cpu_functions.cpp:190]   --->   Operation 25 'alloca' 'k_2' <Predicate = true> <Delay = 0.00>
ST_1 : Operation 26 [1/1] (0.00ns)   --->   "%sext_ln125_2_read = read i30 @_ssdm_op_Read.ap_auto.i30, i30 %sext_ln125_2"   --->   Operation 26 'read' 'sext_ln125_2_read' <Predicate = true> <Delay = 0.00>
ST_1 : Operation 27 [1/1] (0.00ns)   --->   "%sext_ln125_3_read = read i30 @_ssdm_op_Read.ap_auto.i30, i30 %sext_ln125_3"   --->   Operation 27 'read' 'sext_ln125_3_read' <Predicate = true> <Delay = 0.00>
ST_1 : Operation 28 [1/1] (0.00ns)   --->   "%neurons_dense_1_size_read = read i32 @_ssdm_op_Read.ap_auto.i32, i32 %neurons_dense_1_size"   --->   Operation 28 'read' 'neurons_dense_1_size_read' <Predicate = true> <Delay = 0.00>
ST_1 : Operation 29 [1/1] (0.00ns)   --->   "%sext_ln125_2_cast = sext i30 %sext_ln125_2_read"   --->   Operation 29 'sext' 'sext_ln125_2_cast' <Predicate = true> <Delay = 0.00>
ST_1 : Operation 30 [1/1] (0.00ns)   --->   "%sext_ln125_3_cast = sext i30 %sext_ln125_3_read"   --->   Operation 30 'sext' 'sext_ln125_3_cast' <Predicate = true> <Delay = 0.00>
ST_1 : Operation 31 [1/1] (0.00ns)   --->   "%specinterface_ln0 = specinterface void @_ssdm_op_SpecInterface, i32 %gmem, void @empty_0, i32 0, i32 0, void @empty_14, i32 0, i32 0, void @empty, void @empty_20, void @empty_14, i32 16, i32 16, i32 16, i32 16, void @empty_14, void @empty_14, i32 4294967295, i32 0, i32 0, i32 4"   --->   Operation 31 'specinterface' 'specinterface_ln0' <Predicate = true> <Delay = 0.00>
ST_1 : Operation 32 [1/1] (1.58ns)   --->   "%store_ln125 = store i32 0, i32 %k_2" [cpu_functions.cpp:125->cpu_functions.cpp:190]   --->   Operation 32 'store' 'store_ln125' <Predicate = true> <Delay = 1.58>
ST_1 : Operation 33 [1/1] (1.58ns)   --->   "%store_ln124 = store i32 0, i32 %acumulated" [cpu_functions.cpp:124->cpu_functions.cpp:190]   --->   Operation 33 'store' 'store_ln124' <Predicate = true> <Delay = 1.58>
ST_1 : Operation 34 [1/1] (0.00ns)   --->   "%br_ln0 = br void %for.inc.i157"   --->   Operation 34 'br' 'br_ln0' <Predicate = true> <Delay = 0.00>
ST_1 : Operation 35 [1/1] (0.00ns)   --->   "%k = load i32 %k_2" [cpu_functions.cpp:125->cpu_functions.cpp:190]   --->   Operation 35 'load' 'k' <Predicate = true> <Delay = 0.00>
ST_1 : Operation 36 [1/1] (0.00ns)   --->   "%specbitsmap_ln0 = specbitsmap void @_ssdm_op_SpecBitsMap, i32 %gmem"   --->   Operation 36 'specbitsmap' 'specbitsmap_ln0' <Predicate = true> <Delay = 0.00>
ST_1 : Operation 37 [1/1] (2.55ns)   --->   "%icmp_ln125 = icmp_eq  i32 %k, i32 %neurons_dense_1_size_read" [cpu_functions.cpp:125->cpu_functions.cpp:190]   --->   Operation 37 'icmp' 'icmp_ln125' <Predicate = true> <Delay = 2.55> <CoreInst = "Cmp">   --->   Core 9 'Cmp' <Latency = 0> <II = 1> <Delay = 2.55> <FuncUnit> <Opcode : 'seteq' 'setne' 'setle' 'setge' 'setlt' 'setgt'> <InPorts = 2> <OutPorts = 1>
ST_1 : Operation 38 [1/1] (0.00ns)   --->   "%empty = speclooptripcount i32 @_ssdm_op_SpecLoopTripCount, i64 1, i64 18446744073709551615, i64 0"   --->   Operation 38 'speclooptripcount' 'empty' <Predicate = true> <Delay = 0.00>
ST_1 : Operation 39 [1/1] (2.55ns)   --->   "%add_ln125 = add i32 %k, i32 1" [cpu_functions.cpp:125->cpu_functions.cpp:190]   --->   Operation 39 'add' 'add_ln125' <Predicate = true> <Delay = 2.55> <CoreInst = "Adder">   --->   Core 1 'Adder' <Latency = 0> <II = 1> <Delay = 2.55> <FuncUnit> <Opcode : 'add' 'sub'> <InPorts = 2> <OutPorts = 1>
ST_1 : Operation 40 [1/1] (0.00ns)   --->   "%br_ln125 = br i1 %icmp_ln125, void %for.inc.i157.split, void %for.inc19.i164.exitStub" [cpu_functions.cpp:125->cpu_functions.cpp:190]   --->   Operation 40 'br' 'br_ln125' <Predicate = true> <Delay = 0.00>
ST_1 : Operation 41 [1/1] (0.00ns)   --->   "%trunc_ln127 = trunc i32 %k" [cpu_functions.cpp:127->cpu_functions.cpp:190]   --->   Operation 41 'trunc' 'trunc_ln127' <Predicate = (!icmp_ln125)> <Delay = 0.00>
ST_1 : Operation 42 [1/1] (0.00ns)   --->   "%zext_ln127 = zext i30 %trunc_ln127" [cpu_functions.cpp:127->cpu_functions.cpp:190]   --->   Operation 42 'zext' 'zext_ln127' <Predicate = (!icmp_ln125)> <Delay = 0.00>
ST_1 : Operation 43 [1/1] (2.49ns)   --->   "%add_ln127 = add i32 %zext_ln127, i32 %sext_ln125_3_cast" [cpu_functions.cpp:127->cpu_functions.cpp:190]   --->   Operation 43 'add' 'add_ln127' <Predicate = (!icmp_ln125)> <Delay = 2.49> <CoreInst = "Adder">   --->   Core 1 'Adder' <Latency = 0> <II = 1> <Delay = 2.55> <FuncUnit> <Opcode : 'add' 'sub'> <InPorts = 2> <OutPorts = 1>
ST_1 : Operation 44 [1/1] (2.49ns)   --->   "%add_ln127_1 = add i32 %zext_ln127, i32 %sext_ln125_2_cast" [cpu_functions.cpp:127->cpu_functions.cpp:190]   --->   Operation 44 'add' 'add_ln127_1' <Predicate = (!icmp_ln125)> <Delay = 2.49> <CoreInst = "Adder">   --->   Core 1 'Adder' <Latency = 0> <II = 1> <Delay = 2.55> <FuncUnit> <Opcode : 'add' 'sub'> <InPorts = 2> <OutPorts = 1>
ST_1 : Operation 45 [1/1] (1.58ns)   --->   "%store_ln125 = store i32 %add_ln125, i32 %k_2" [cpu_functions.cpp:125->cpu_functions.cpp:190]   --->   Operation 45 'store' 'store_ln125' <Predicate = (!icmp_ln125)> <Delay = 1.58>

State 2 <SV = 1> <Delay = 7.30>
ST_2 : Operation 46 [1/1] (0.00ns)   --->   "%gmem_addr = getelementptr i32 %gmem, i32 %add_ln127" [cpu_functions.cpp:127->cpu_functions.cpp:190]   --->   Operation 46 'getelementptr' 'gmem_addr' <Predicate = (!icmp_ln125)> <Delay = 0.00>
ST_2 : Operation 47 [8/8] (7.30ns)   --->   "%gmem_load_11_req = readreq i1 @_ssdm_op_ReadReq.m_axi.i32P1A, i32 %gmem_addr, i32 1" [cpu_functions.cpp:127->cpu_functions.cpp:190]   --->   Operation 47 'readreq' 'gmem_load_11_req' <Predicate = (!icmp_ln125)> <Delay = 7.30> <CoreInst = "m_axi">   --->   Core 111 'm_axi' <Latency = 6> <II = 1> <Delay = 1.00> <Adapter> <Opcode : 'readrequnaligned' 'writerequnaligned' 'read' 'write' 'readreq' 'writereq' 'writeresp'>

State 3 <SV = 2> <Delay = 7.30>
ST_3 : Operation 48 [7/8] (7.30ns)   --->   "%gmem_load_11_req = readreq i1 @_ssdm_op_ReadReq.m_axi.i32P1A, i32 %gmem_addr, i32 1" [cpu_functions.cpp:127->cpu_functions.cpp:190]   --->   Operation 48 'readreq' 'gmem_load_11_req' <Predicate = (!icmp_ln125)> <Delay = 7.30> <CoreInst = "m_axi">   --->   Core 111 'm_axi' <Latency = 6> <II = 1> <Delay = 1.00> <Adapter> <Opcode : 'readrequnaligned' 'writerequnaligned' 'read' 'write' 'readreq' 'writereq' 'writeresp'>
ST_3 : Operation 49 [1/1] (0.00ns)   --->   "%gmem_addr_3 = getelementptr i32 %gmem, i32 %add_ln127_1" [cpu_functions.cpp:127->cpu_functions.cpp:190]   --->   Operation 49 'getelementptr' 'gmem_addr_3' <Predicate = (!icmp_ln125)> <Delay = 0.00>
ST_3 : Operation 50 [8/8] (7.30ns)   --->   "%gmem_load_12_req = readreq i1 @_ssdm_op_ReadReq.m_axi.i32P1A, i32 %gmem_addr_3, i32 1" [cpu_functions.cpp:127->cpu_functions.cpp:190]   --->   Operation 50 'readreq' 'gmem_load_12_req' <Predicate = (!icmp_ln125)> <Delay = 7.30> <CoreInst = "m_axi">   --->   Core 111 'm_axi' <Latency = 6> <II = 1> <Delay = 1.00> <Adapter> <Opcode : 'readrequnaligned' 'writerequnaligned' 'read' 'write' 'readreq' 'writereq' 'writeresp'>

State 4 <SV = 3> <Delay = 0.00>
ST_4 : Operation 51 [6/8] (7.30ns)   --->   "%gmem_load_11_req = readreq i1 @_ssdm_op_ReadReq.m_axi.i32P1A, i32 %gmem_addr, i32 1" [cpu_functions.cpp:127->cpu_functions.cpp:190]   --->   Operation 51 'readreq' 'gmem_load_11_req' <Predicate = (!icmp_ln125)> <Delay = 7.30> <CoreInst = "m_axi">   --->   Core 111 'm_axi' <Latency = 6> <II = 1> <Delay = 1.00> <Adapter> <Opcode : 'readrequnaligned' 'writerequnaligned' 'read' 'write' 'readreq' 'writereq' 'writeresp'>
ST_4 : Operation 52 [7/8] (7.30ns)   --->   "%gmem_load_12_req = readreq i1 @_ssdm_op_ReadReq.m_axi.i32P1A, i32 %gmem_addr_3, i32 1" [cpu_functions.cpp:127->cpu_functions.cpp:190]   --->   Operation 52 'readreq' 'gmem_load_12_req' <Predicate = (!icmp_ln125)> <Delay = 7.30> <CoreInst = "m_axi">   --->   Core 111 'm_axi' <Latency = 6> <II = 1> <Delay = 1.00> <Adapter> <Opcode : 'readrequnaligned' 'writerequnaligned' 'read' 'write' 'readreq' 'writereq' 'writeresp'>

State 5 <SV = 4> <Delay = 0.00>
ST_5 : Operation 53 [5/8] (7.30ns)   --->   "%gmem_load_11_req = readreq i1 @_ssdm_op_ReadReq.m_axi.i32P1A, i32 %gmem_addr, i32 1" [cpu_functions.cpp:127->cpu_functions.cpp:190]   --->   Operation 53 'readreq' 'gmem_load_11_req' <Predicate = (!icmp_ln125)> <Delay = 7.30> <CoreInst = "m_axi">   --->   Core 111 'm_axi' <Latency = 6> <II = 1> <Delay = 1.00> <Adapter> <Opcode : 'readrequnaligned' 'writerequnaligned' 'read' 'write' 'readreq' 'writereq' 'writeresp'>
ST_5 : Operation 54 [6/8] (7.30ns)   --->   "%gmem_load_12_req = readreq i1 @_ssdm_op_ReadReq.m_axi.i32P1A, i32 %gmem_addr_3, i32 1" [cpu_functions.cpp:127->cpu_functions.cpp:190]   --->   Operation 54 'readreq' 'gmem_load_12_req' <Predicate = (!icmp_ln125)> <Delay = 7.30> <CoreInst = "m_axi">   --->   Core 111 'm_axi' <Latency = 6> <II = 1> <Delay = 1.00> <Adapter> <Opcode : 'readrequnaligned' 'writerequnaligned' 'read' 'write' 'readreq' 'writereq' 'writeresp'>

State 6 <SV = 5> <Delay = 0.00>
ST_6 : Operation 55 [4/8] (7.30ns)   --->   "%gmem_load_11_req = readreq i1 @_ssdm_op_ReadReq.m_axi.i32P1A, i32 %gmem_addr, i32 1" [cpu_functions.cpp:127->cpu_functions.cpp:190]   --->   Operation 55 'readreq' 'gmem_load_11_req' <Predicate = (!icmp_ln125)> <Delay = 7.30> <CoreInst = "m_axi">   --->   Core 111 'm_axi' <Latency = 6> <II = 1> <Delay = 1.00> <Adapter> <Opcode : 'readrequnaligned' 'writerequnaligned' 'read' 'write' 'readreq' 'writereq' 'writeresp'>
ST_6 : Operation 56 [5/8] (7.30ns)   --->   "%gmem_load_12_req = readreq i1 @_ssdm_op_ReadReq.m_axi.i32P1A, i32 %gmem_addr_3, i32 1" [cpu_functions.cpp:127->cpu_functions.cpp:190]   --->   Operation 56 'readreq' 'gmem_load_12_req' <Predicate = (!icmp_ln125)> <Delay = 7.30> <CoreInst = "m_axi">   --->   Core 111 'm_axi' <Latency = 6> <II = 1> <Delay = 1.00> <Adapter> <Opcode : 'readrequnaligned' 'writerequnaligned' 'read' 'write' 'readreq' 'writereq' 'writeresp'>

State 7 <SV = 6> <Delay = 0.00>
ST_7 : Operation 57 [3/8] (7.30ns)   --->   "%gmem_load_11_req = readreq i1 @_ssdm_op_ReadReq.m_axi.i32P1A, i32 %gmem_addr, i32 1" [cpu_functions.cpp:127->cpu_functions.cpp:190]   --->   Operation 57 'readreq' 'gmem_load_11_req' <Predicate = true> <Delay = 7.30> <CoreInst = "m_axi">   --->   Core 111 'm_axi' <Latency = 6> <II = 1> <Delay = 1.00> <Adapter> <Opcode : 'readrequnaligned' 'writerequnaligned' 'read' 'write' 'readreq' 'writereq' 'writeresp'>
ST_7 : Operation 58 [4/8] (7.30ns)   --->   "%gmem_load_12_req = readreq i1 @_ssdm_op_ReadReq.m_axi.i32P1A, i32 %gmem_addr_3, i32 1" [cpu_functions.cpp:127->cpu_functions.cpp:190]   --->   Operation 58 'readreq' 'gmem_load_12_req' <Predicate = true> <Delay = 7.30> <CoreInst = "m_axi">   --->   Core 111 'm_axi' <Latency = 6> <II = 1> <Delay = 1.00> <Adapter> <Opcode : 'readrequnaligned' 'writerequnaligned' 'read' 'write' 'readreq' 'writereq' 'writeresp'>

State 8 <SV = 7> <Delay = 0.00>
ST_8 : Operation 59 [2/8] (7.30ns)   --->   "%gmem_load_11_req = readreq i1 @_ssdm_op_ReadReq.m_axi.i32P1A, i32 %gmem_addr, i32 1" [cpu_functions.cpp:127->cpu_functions.cpp:190]   --->   Operation 59 'readreq' 'gmem_load_11_req' <Predicate = true> <Delay = 7.30> <CoreInst = "m_axi">   --->   Core 111 'm_axi' <Latency = 6> <II = 1> <Delay = 1.00> <Adapter> <Opcode : 'readrequnaligned' 'writerequnaligned' 'read' 'write' 'readreq' 'writereq' 'writeresp'>
ST_8 : Operation 60 [3/8] (7.30ns)   --->   "%gmem_load_12_req = readreq i1 @_ssdm_op_ReadReq.m_axi.i32P1A, i32 %gmem_addr_3, i32 1" [cpu_functions.cpp:127->cpu_functions.cpp:190]   --->   Operation 60 'readreq' 'gmem_load_12_req' <Predicate = true> <Delay = 7.30> <CoreInst = "m_axi">   --->   Core 111 'm_axi' <Latency = 6> <II = 1> <Delay = 1.00> <Adapter> <Opcode : 'readrequnaligned' 'writerequnaligned' 'read' 'write' 'readreq' 'writereq' 'writeresp'>

State 9 <SV = 8> <Delay = 7.30>
ST_9 : Operation 61 [1/8] ( I:7.30ns O:7.30ns )   --->   "%gmem_load_11_req = readreq i1 @_ssdm_op_ReadReq.m_axi.i32P1A, i32 %gmem_addr, i32 1" [cpu_functions.cpp:127->cpu_functions.cpp:190]   --->   Operation 61 'readreq' 'gmem_load_11_req' <Predicate = true> <Delay = 7.30> <CoreInst = "m_axi">   --->   Core 111 'm_axi' <Latency = 6> <II = 1> <Delay = 1.00> <Adapter> <Opcode : 'readrequnaligned' 'writerequnaligned' 'read' 'write' 'readreq' 'writereq' 'writeresp'>
ST_9 : Operation 62 [2/8] (7.30ns)   --->   "%gmem_load_12_req = readreq i1 @_ssdm_op_ReadReq.m_axi.i32P1A, i32 %gmem_addr_3, i32 1" [cpu_functions.cpp:127->cpu_functions.cpp:190]   --->   Operation 62 'readreq' 'gmem_load_12_req' <Predicate = true> <Delay = 7.30> <CoreInst = "m_axi">   --->   Core 111 'm_axi' <Latency = 6> <II = 1> <Delay = 1.00> <Adapter> <Opcode : 'readrequnaligned' 'writerequnaligned' 'read' 'write' 'readreq' 'writereq' 'writeresp'>

State 10 <SV = 9> <Delay = 7.30>
ST_10 : Operation 63 [1/1] ( I:7.30ns O:7.30ns )   --->   "%gmem_addr_read = read i32 @_ssdm_op_Read.m_axi.i32P1A, i32 %gmem_addr" [cpu_functions.cpp:127->cpu_functions.cpp:190]   --->   Operation 63 'read' 'gmem_addr_read' <Predicate = true> <Delay = 7.30> <CoreInst = "m_axi">   --->   Core 111 'm_axi' <Latency = 3> <II = 1> <Delay = 1.00> <Adapter> <Opcode : 'readrequnaligned' 'writerequnaligned' 'read' 'write' 'readreq' 'writereq' 'writeresp'>
ST_10 : Operation 64 [1/8] ( I:7.30ns O:7.30ns )   --->   "%gmem_load_12_req = readreq i1 @_ssdm_op_ReadReq.m_axi.i32P1A, i32 %gmem_addr_3, i32 1" [cpu_functions.cpp:127->cpu_functions.cpp:190]   --->   Operation 64 'readreq' 'gmem_load_12_req' <Predicate = true> <Delay = 7.30> <CoreInst = "m_axi">   --->   Core 111 'm_axi' <Latency = 6> <II = 1> <Delay = 1.00> <Adapter> <Opcode : 'readrequnaligned' 'writerequnaligned' 'read' 'write' 'readreq' 'writereq' 'writeresp'>

State 11 <SV = 10> <Delay = 7.30>
ST_11 : Operation 65 [1/1] ( I:7.30ns O:7.30ns )   --->   "%gmem_addr_3_read = read i32 @_ssdm_op_Read.m_axi.i32P1A, i32 %gmem_addr_3" [cpu_functions.cpp:127->cpu_functions.cpp:190]   --->   Operation 65 'read' 'gmem_addr_3_read' <Predicate = true> <Delay = 7.30> <CoreInst = "m_axi">   --->   Core 111 'm_axi' <Latency = 3> <II = 1> <Delay = 1.00> <Adapter> <Opcode : 'readrequnaligned' 'writerequnaligned' 'read' 'write' 'readreq' 'writereq' 'writeresp'>

State 12 <SV = 11> <Delay = 5.70>
ST_12 : Operation 66 [1/1] (0.00ns)   --->   "%bitcast_ln127 = bitcast i32 %gmem_addr_read" [cpu_functions.cpp:127->cpu_functions.cpp:190]   --->   Operation 66 'bitcast' 'bitcast_ln127' <Predicate = true> <Delay = 0.00>
ST_12 : Operation 67 [1/1] (0.00ns)   --->   "%bitcast_ln127_1 = bitcast i32 %gmem_addr_3_read" [cpu_functions.cpp:127->cpu_functions.cpp:190]   --->   Operation 67 'bitcast' 'bitcast_ln127_1' <Predicate = true> <Delay = 0.00>
ST_12 : Operation 68 [4/4] (5.70ns)   --->   "%mul13_i1 = fmul i32 %bitcast_ln127, i32 %bitcast_ln127_1" [cpu_functions.cpp:127->cpu_functions.cpp:190]   --->   Operation 68 'fmul' 'mul13_i1' <Predicate = true> <Delay = 5.70> <CoreInst = "FMul_maxdsp">   --->   Core 30 'FMul_maxdsp' <Latency = 3> <II = 1> <Delay = 5.70> <FuncUnit> <Opcode : 'fmul'> <InPorts = 2> <OutPorts = 1>

State 13 <SV = 12> <Delay = 5.70>
ST_13 : Operation 69 [3/4] (5.70ns)   --->   "%mul13_i1 = fmul i32 %bitcast_ln127, i32 %bitcast_ln127_1" [cpu_functions.cpp:127->cpu_functions.cpp:190]   --->   Operation 69 'fmul' 'mul13_i1' <Predicate = true> <Delay = 5.70> <CoreInst = "FMul_maxdsp">   --->   Core 30 'FMul_maxdsp' <Latency = 3> <II = 1> <Delay = 5.70> <FuncUnit> <Opcode : 'fmul'> <InPorts = 2> <OutPorts = 1>

State 14 <SV = 13> <Delay = 5.70>
ST_14 : Operation 70 [2/4] (5.70ns)   --->   "%mul13_i1 = fmul i32 %bitcast_ln127, i32 %bitcast_ln127_1" [cpu_functions.cpp:127->cpu_functions.cpp:190]   --->   Operation 70 'fmul' 'mul13_i1' <Predicate = true> <Delay = 5.70> <CoreInst = "FMul_maxdsp">   --->   Core 30 'FMul_maxdsp' <Latency = 3> <II = 1> <Delay = 5.70> <FuncUnit> <Opcode : 'fmul'> <InPorts = 2> <OutPorts = 1>

State 15 <SV = 14> <Delay = 5.70>
ST_15 : Operation 71 [1/4] (5.70ns)   --->   "%mul13_i1 = fmul i32 %bitcast_ln127, i32 %bitcast_ln127_1" [cpu_functions.cpp:127->cpu_functions.cpp:190]   --->   Operation 71 'fmul' 'mul13_i1' <Predicate = true> <Delay = 5.70> <CoreInst = "FMul_maxdsp">   --->   Core 30 'FMul_maxdsp' <Latency = 3> <II = 1> <Delay = 5.70> <FuncUnit> <Opcode : 'fmul'> <InPorts = 2> <OutPorts = 1>
ST_15 : Operation 82 [1/1] (0.00ns)   --->   "%acumulated_load = load i32 %acumulated"   --->   Operation 82 'load' 'acumulated_load' <Predicate = (icmp_ln125)> <Delay = 0.00>
ST_15 : Operation 83 [1/1] (0.00ns)   --->   "%write_ln0 = write void @_ssdm_op_Write.ap_auto.floatP0A, i32 %acumulated_2_out, i32 %acumulated_load"   --->   Operation 83 'write' 'write_ln0' <Predicate = (icmp_ln125)> <Delay = 0.00>
ST_15 : Operation 84 [1/1] (1.58ns)   --->   "%ret_ln0 = ret"   --->   Operation 84 'ret' 'ret_ln0' <Predicate = (icmp_ln125)> <Delay = 1.58>

State 16 <SV = 15> <Delay = 7.25>
ST_16 : Operation 72 [1/1] (0.00ns)   --->   "%acumulated_load_1 = load i32 %acumulated" [cpu_functions.cpp:127->cpu_functions.cpp:190]   --->   Operation 72 'load' 'acumulated_load_1' <Predicate = true> <Delay = 0.00>
ST_16 : Operation 73 [5/5] (7.25ns)   --->   "%acumulated_1 = fadd i32 %acumulated_load_1, i32 %mul13_i1" [cpu_functions.cpp:127->cpu_functions.cpp:190]   --->   Operation 73 'fadd' 'acumulated_1' <Predicate = true> <Delay = 7.25> <CoreInst = "FAddSub_fulldsp">   --->   Core 18 'FAddSub_fulldsp' <Latency = 4> <II = 1> <Delay = 7.25> <FuncUnit> <Opcode : 'fadd' 'fsub'> <InPorts = 2> <OutPorts = 1>

State 17 <SV = 16> <Delay = 7.25>
ST_17 : Operation 74 [4/5] (7.25ns)   --->   "%acumulated_1 = fadd i32 %acumulated_load_1, i32 %mul13_i1" [cpu_functions.cpp:127->cpu_functions.cpp:190]   --->   Operation 74 'fadd' 'acumulated_1' <Predicate = true> <Delay = 7.25> <CoreInst = "FAddSub_fulldsp">   --->   Core 18 'FAddSub_fulldsp' <Latency = 4> <II = 1> <Delay = 7.25> <FuncUnit> <Opcode : 'fadd' 'fsub'> <InPorts = 2> <OutPorts = 1>

State 18 <SV = 17> <Delay = 7.25>
ST_18 : Operation 75 [3/5] (7.25ns)   --->   "%acumulated_1 = fadd i32 %acumulated_load_1, i32 %mul13_i1" [cpu_functions.cpp:127->cpu_functions.cpp:190]   --->   Operation 75 'fadd' 'acumulated_1' <Predicate = true> <Delay = 7.25> <CoreInst = "FAddSub_fulldsp">   --->   Core 18 'FAddSub_fulldsp' <Latency = 4> <II = 1> <Delay = 7.25> <FuncUnit> <Opcode : 'fadd' 'fsub'> <InPorts = 2> <OutPorts = 1>

State 19 <SV = 18> <Delay = 7.25>
ST_19 : Operation 76 [2/5] (7.25ns)   --->   "%acumulated_1 = fadd i32 %acumulated_load_1, i32 %mul13_i1" [cpu_functions.cpp:127->cpu_functions.cpp:190]   --->   Operation 76 'fadd' 'acumulated_1' <Predicate = true> <Delay = 7.25> <CoreInst = "FAddSub_fulldsp">   --->   Core 18 'FAddSub_fulldsp' <Latency = 4> <II = 1> <Delay = 7.25> <FuncUnit> <Opcode : 'fadd' 'fsub'> <InPorts = 2> <OutPorts = 1>

State 20 <SV = 19> <Delay = 7.25>
ST_20 : Operation 77 [1/5] (7.25ns)   --->   "%acumulated_1 = fadd i32 %acumulated_load_1, i32 %mul13_i1" [cpu_functions.cpp:127->cpu_functions.cpp:190]   --->   Operation 77 'fadd' 'acumulated_1' <Predicate = true> <Delay = 7.25> <CoreInst = "FAddSub_fulldsp">   --->   Core 18 'FAddSub_fulldsp' <Latency = 4> <II = 1> <Delay = 7.25> <FuncUnit> <Opcode : 'fadd' 'fsub'> <InPorts = 2> <OutPorts = 1>

State 21 <SV = 20> <Delay = 1.58>
ST_21 : Operation 78 [1/1] (0.00ns)   --->   "%specpipeline_ln124 = specpipeline void @_ssdm_op_SpecPipeline, i32 4294967295, i32 0, i32 0, i32 0, i32 4294967295, void @empty_14" [cpu_functions.cpp:124->cpu_functions.cpp:190]   --->   Operation 78 'specpipeline' 'specpipeline_ln124' <Predicate = true> <Delay = 0.00>
ST_21 : Operation 79 [1/1] (0.00ns)   --->   "%specloopname_ln125 = specloopname void @_ssdm_op_SpecLoopName, void @empty_36" [cpu_functions.cpp:125->cpu_functions.cpp:190]   --->   Operation 79 'specloopname' 'specloopname_ln125' <Predicate = true> <Delay = 0.00>
ST_21 : Operation 80 [1/1] (1.58ns)   --->   "%store_ln124 = store i32 %acumulated_1, i32 %acumulated" [cpu_functions.cpp:124->cpu_functions.cpp:190]   --->   Operation 80 'store' 'store_ln124' <Predicate = true> <Delay = 1.58>
ST_21 : Operation 81 [1/1] (0.00ns)   --->   "%br_ln125 = br void %for.inc.i157" [cpu_functions.cpp:125->cpu_functions.cpp:190]   --->   Operation 81 'br' 'br_ln125' <Predicate = true> <Delay = 0.00>


============================================================
+ Verbose Summary: Binding
============================================================
STG Binding: 
---------------- STG Properties BEGIN ----------------
- Is combinational: 0
- Is one-state seq: 0
- Is datapath-only: 0
- Is pipelined: 0
- Is top level: 0
Port [ Return ] is wired: 1; IO mode=ap_ctrl_hs:ce=0
Port [ gmem]:  wired=1; compound=1; hidden=0; nouse=0; global=0; static=0; extern=0; dir=0; type=4; pingpong=0; private_global=0; IO mode=m_axi:ce=0
Port [ neurons_dense_1_size]:  wired=1; compound=0; hidden=0; nouse=0; global=0; static=0; extern=0; dir=0; type=0; pingpong=0; private_global=0; IO mode=ap_none:ce=0
Port [ sext_ln125_3]:  wired=1; compound=0; hidden=0; nouse=0; global=0; static=0; extern=0; dir=0; type=0; pingpong=0; private_global=0; IO mode=ap_none:ce=0
Port [ sext_ln125_2]:  wired=1; compound=0; hidden=0; nouse=0; global=0; static=0; extern=0; dir=0; type=0; pingpong=0; private_global=0; IO mode=ap_none:ce=0
Port [ acumulated_2_out]:  wired=1; compound=0; hidden=0; nouse=0; global=0; static=0; extern=0; dir=1; type=0; pingpong=0; private_global=0; IO mode=ap_vld:ce=0
---------------- STG Properties END ------------------

---------------- Datapath Model BEGIN ----------------

<LifeTime>
<method=bitvector/>
acumulated                (alloca           ) [ 0111111111111111111111]
k_2                       (alloca           ) [ 0100000000000000000000]
sext_ln125_2_read         (read             ) [ 0000000000000000000000]
sext_ln125_3_read         (read             ) [ 0000000000000000000000]
neurons_dense_1_size_read (read             ) [ 0000000000000000000000]
sext_ln125_2_cast         (sext             ) [ 0000000000000000000000]
sext_ln125_3_cast         (sext             ) [ 0000000000000000000000]
specinterface_ln0         (specinterface    ) [ 0000000000000000000000]
store_ln125               (store            ) [ 0000000000000000000000]
store_ln124               (store            ) [ 0000000000000000000000]
br_ln0                    (br               ) [ 0000000000000000000000]
k                         (load             ) [ 0000000000000000000000]
specbitsmap_ln0           (specbitsmap      ) [ 0000000000000000000000]
icmp_ln125                (icmp             ) [ 0111111111111111000000]
empty                     (speclooptripcount) [ 0000000000000000000000]
add_ln125                 (add              ) [ 0000000000000000000000]
br_ln125                  (br               ) [ 0000000000000000000000]
trunc_ln127               (trunc            ) [ 0000000000000000000000]
zext_ln127                (zext             ) [ 0000000000000000000000]
add_ln127                 (add              ) [ 0010000000000000000000]
add_ln127_1               (add              ) [ 0011000000000000000000]
store_ln125               (store            ) [ 0000000000000000000000]
gmem_addr                 (getelementptr    ) [ 0111111111100000000000]
gmem_addr_3               (getelementptr    ) [ 0111111111110000000000]
gmem_load_11_req          (readreq          ) [ 0000000000000000000000]
gmem_addr_read            (read             ) [ 0000011000011000000000]
gmem_load_12_req          (readreq          ) [ 0000000000000000000000]
gmem_addr_3_read          (read             ) [ 0000001000001000000000]
bitcast_ln127             (bitcast          ) [ 0111000000000111000000]
bitcast_ln127_1           (bitcast          ) [ 0111000000000111000000]
mul13_i1                  (fmul             ) [ 0110111000000000111110]
acumulated_load_1         (load             ) [ 0110011000000000011110]
acumulated_1              (fadd             ) [ 0001000000000000000001]
specpipeline_ln124        (specpipeline     ) [ 0000000000000000000000]
specloopname_ln125        (specloopname     ) [ 0000000000000000000000]
store_ln124               (store            ) [ 0000000000000000000000]
br_ln125                  (br               ) [ 0000000000000000000000]
acumulated_load           (load             ) [ 0000000000000000000000]
write_ln0                 (write            ) [ 0000000000000000000000]
ret_ln0                   (ret              ) [ 0000000000000000000000]
</LifeTime>

<model>

<comp_list>
<comp id="0" class="1000" name="gmem">
<pin_list>
<pin id="1" dir="1" index="0" bw="1" slack="0"/>
</pin_list>
<bind>
<StgValue><ssdm name="gmem"/><MemPortTyVec>0 </MemPortTyVec>
</StgValue>
</bind>
</comp>

<comp id="2" class="1000" name="neurons_dense_1_size">
<pin_list>
<pin id="3" dir="1" index="0" bw="1" slack="0"/>
</pin_list>
<bind>
<StgValue><ssdm name="neurons_dense_1_size"/></StgValue>
</bind>
</comp>

<comp id="4" class="1000" name="sext_ln125_3">
<pin_list>
<pin id="5" dir="1" index="0" bw="1" slack="0"/>
</pin_list>
<bind>
<StgValue><ssdm name="sext_ln125_3"/></StgValue>
</bind>
</comp>

<comp id="6" class="1000" name="sext_ln125_2">
<pin_list>
<pin id="7" dir="1" index="0" bw="1" slack="0"/>
</pin_list>
<bind>
<StgValue><ssdm name="sext_ln125_2"/></StgValue>
</bind>
</comp>

<comp id="8" class="1000" name="acumulated_2_out">
<pin_list>
<pin id="9" dir="1" index="0" bw="1" slack="0"/>
</pin_list>
<bind>
<StgValue><ssdm name="acumulated_2_out"/></StgValue>
</bind>
</comp>

<comp id="10" class="1001" name="const_10">
<pin_list>
<pin id="11" dir="1" index="0" bw="1" slack="0"/>
</pin_list>
<bind>
<StgValue><ssdm name=""/></StgValue>
</bind>
</comp>

<comp id="12" class="1001" name="const_12">
<pin_list>
<pin id="13" dir="1" index="0" bw="1" slack="0"/>
</pin_list>
<bind>
<StgValue><ssdm name="_ssdm_op_Read.ap_auto.i30"/></StgValue>
</bind>
</comp>

<comp id="14" class="1001" name="const_14">
<pin_list>
<pin id="15" dir="1" index="0" bw="1" slack="0"/>
</pin_list>
<bind>
<StgValue><ssdm name="_ssdm_op_Read.ap_auto.i32"/></StgValue>
</bind>
</comp>

<comp id="16" class="1001" name="const_16">
<pin_list>
<pin id="17" dir="1" index="0" bw="1" slack="2147483647"/>
</pin_list>
<bind>
<StgValue><ssdm name="_ssdm_op_SpecInterface"/></StgValue>
</bind>
</comp>

<comp id="18" class="1001" name="const_18">
<pin_list>
<pin id="19" dir="1" index="0" bw="1" slack="2147483647"/>
</pin_list>
<bind>
<StgValue><ssdm name="empty_0"/></StgValue>
</bind>
</comp>

<comp id="20" class="1001" name="const_20">
<pin_list>
<pin id="21" dir="1" index="0" bw="1" slack="0"/>
</pin_list>
<bind>
<StgValue><ssdm name=""/></StgValue>
</bind>
</comp>

<comp id="22" class="1001" name="const_22">
<pin_list>
<pin id="23" dir="1" index="0" bw="1" slack="2147483647"/>
</pin_list>
<bind>
<StgValue><ssdm name="empty_14"/></StgValue>
</bind>
</comp>

<comp id="24" class="1001" name="const_24">
<pin_list>
<pin id="25" dir="1" index="0" bw="1" slack="2147483647"/>
</pin_list>
<bind>
<StgValue><ssdm name="empty"/></StgValue>
</bind>
</comp>

<comp id="26" class="1001" name="const_26">
<pin_list>
<pin id="27" dir="1" index="0" bw="1" slack="2147483647"/>
</pin_list>
<bind>
<StgValue><ssdm name="empty_20"/></StgValue>
</bind>
</comp>

<comp id="28" class="1001" name="const_28">
<pin_list>
<pin id="29" dir="1" index="0" bw="1" slack="2147483647"/>
</pin_list>
<bind>
<StgValue><ssdm name=""/></StgValue>
</bind>
</comp>

<comp id="30" class="1001" name="const_30">
<pin_list>
<pin id="31" dir="1" index="0" bw="1" slack="2147483647"/>
</pin_list>
<bind>
<StgValue><ssdm name=""/></StgValue>
</bind>
</comp>

<comp id="32" class="1001" name="const_32">
<pin_list>
<pin id="33" dir="1" index="0" bw="1" slack="2147483647"/>
</pin_list>
<bind>
<StgValue><ssdm name=""/></StgValue>
</bind>
</comp>

<comp id="34" class="1001" name="const_34">
<pin_list>
<pin id="35" dir="1" index="0" bw="1" slack="0"/>
</pin_list>
<bind>
<StgValue><ssdm name=""/></StgValue>
</bind>
</comp>

<comp id="36" class="1001" name="const_36">
<pin_list>
<pin id="37" dir="1" index="0" bw="1" slack="2147483647"/>
</pin_list>
<bind>
<StgValue><ssdm name="_ssdm_op_SpecBitsMap"/></StgValue>
</bind>
</comp>

<comp id="38" class="1001" name="const_38">
<pin_list>
<pin id="39" dir="1" index="0" bw="1" slack="2147483647"/>
</pin_list>
<bind>
<StgValue><ssdm name="_ssdm_op_SpecLoopTripCount"/></StgValue>
</bind>
</comp>

<comp id="40" class="1001" name="const_40">
<pin_list>
<pin id="41" dir="1" index="0" bw="1" slack="2147483647"/>
</pin_list>
<bind>
<StgValue><ssdm name=""/></StgValue>
</bind>
</comp>

<comp id="42" class="1001" name="const_42">
<pin_list>
<pin id="43" dir="1" index="0" bw="1" slack="2147483647"/>
</pin_list>
<bind>
<StgValue><ssdm name=""/></StgValue>
</bind>
</comp>

<comp id="44" class="1001" name="const_44">
<pin_list>
<pin id="45" dir="1" index="0" bw="1" slack="2147483647"/>
</pin_list>
<bind>
<StgValue><ssdm name=""/></StgValue>
</bind>
</comp>

<comp id="46" class="1001" name="const_46">
<pin_list>
<pin id="47" dir="1" index="0" bw="1" slack="0"/>
</pin_list>
<bind>
<StgValue><ssdm name="_ssdm_op_ReadReq.m_axi.i32P1A"/></StgValue>
</bind>
</comp>

<comp id="48" class="1001" name="const_48">
<pin_list>
<pin id="49" dir="1" index="0" bw="1" slack="0"/>
</pin_list>
<bind>
<StgValue><ssdm name="_ssdm_op_Read.m_axi.i32P1A"/></StgValue>
</bind>
</comp>

<comp id="50" class="1001" name="const_50">
<pin_list>
<pin id="51" dir="1" index="0" bw="1" slack="2147483647"/>
</pin_list>
<bind>
<StgValue><ssdm name="_ssdm_op_SpecPipeline"/></StgValue>
</bind>
</comp>

<comp id="52" class="1001" name="const_52">
<pin_list>
<pin id="53" dir="1" index="0" bw="1" slack="2147483647"/>
</pin_list>
<bind>
<StgValue><ssdm name="_ssdm_op_SpecLoopName"/></StgValue>
</bind>
</comp>

<comp id="54" class="1001" name="const_54">
<pin_list>
<pin id="55" dir="1" index="0" bw="1" slack="2147483647"/>
</pin_list>
<bind>
<StgValue><ssdm name="empty_36"/></StgValue>
</bind>
</comp>

<comp id="56" class="1001" name="const_56">
<pin_list>
<pin id="57" dir="1" index="0" bw="1" slack="0"/>
</pin_list>
<bind>
<StgValue><ssdm name="_ssdm_op_Write.ap_auto.floatP0A"/></StgValue>
</bind>
</comp>

<comp id="58" class="1004" name="acumulated_fu_58">
<pin_list>
<pin id="59" dir="0" index="0" bw="1" slack="0"/>
<pin id="60" dir="1" index="1" bw="32" slack="0"/>
</pin_list>
<bind>
<opcode="alloca(26) " fcode="alloca"/>
<opset="acumulated/1 "/>
</bind>
</comp>

<comp id="62" class="1004" name="k_2_fu_62">
<pin_list>
<pin id="63" dir="0" index="0" bw="1" slack="0"/>
<pin id="64" dir="1" index="1" bw="32" slack="0"/>
</pin_list>
<bind>
<opcode="alloca(26) " fcode="alloca"/>
<opset="k_2/1 "/>
</bind>
</comp>

<comp id="66" class="1004" name="sext_ln125_2_read_read_fu_66">
<pin_list>
<pin id="67" dir="0" index="0" bw="30" slack="0"/>
<pin id="68" dir="0" index="1" bw="30" slack="0"/>
<pin id="69" dir="1" index="2" bw="30" slack="0"/>
</pin_list>
<bind>
<opcode="read(1150) " fcode="read"/>
<opset="sext_ln125_2_read/1 "/>
</bind>
</comp>

<comp id="72" class="1004" name="sext_ln125_3_read_read_fu_72">
<pin_list>
<pin id="73" dir="0" index="0" bw="30" slack="0"/>
<pin id="74" dir="0" index="1" bw="30" slack="0"/>
<pin id="75" dir="1" index="2" bw="30" slack="0"/>
</pin_list>
<bind>
<opcode="read(1150) " fcode="read"/>
<opset="sext_ln125_3_read/1 "/>
</bind>
</comp>

<comp id="78" class="1004" name="neurons_dense_1_size_read_read_fu_78">
<pin_list>
<pin id="79" dir="0" index="0" bw="32" slack="0"/>
<pin id="80" dir="0" index="1" bw="32" slack="0"/>
<pin id="81" dir="1" index="2" bw="32" slack="0"/>
</pin_list>
<bind>
<opcode="read(1150) " fcode="read"/>
<opset="neurons_dense_1_size_read/1 "/>
</bind>
</comp>

<comp id="84" class="1004" name="write_ln0_write_fu_84">
<pin_list>
<pin id="85" dir="0" index="0" bw="0" slack="0"/>
<pin id="86" dir="0" index="1" bw="32" slack="0"/>
<pin id="87" dir="0" index="2" bw="32" slack="0"/>
<pin id="88" dir="1" index="3" bw="0" slack="2147483647"/>
</pin_list>
<bind>
<opcode="write(1151) " fcode="write"/>
<opset="write_ln0/15 "/>
</bind>
</comp>

<comp id="91" class="1004" name="grp_readreq_fu_91">
<pin_list>
<pin id="92" dir="0" index="0" bw="1" slack="0"/>
<pin id="93" dir="0" index="1" bw="32" slack="0"/>
<pin id="94" dir="0" index="2" bw="1" slack="0"/>
<pin id="95" dir="1" index="3" bw="1" slack="2147483647"/>
</pin_list>
<bind>
<opcode="readreq(1154) " fcode="readreq"/>
<opset="gmem_load_11_req/2 gmem_load_12_req/3 "/>
</bind>
</comp>

<comp id="98" class="1004" name="grp_read_fu_98">
<pin_list>
<pin id="99" dir="0" index="0" bw="32" slack="0"/>
<pin id="100" dir="0" index="1" bw="32" slack="8"/>
<pin id="101" dir="1" index="2" bw="32" slack="1"/>
</pin_list>
<bind>
<opcode="read(1150) " fcode="read"/>
<opset="gmem_addr_read/10 gmem_addr_3_read/11 "/>
</bind>
</comp>

<comp id="103" class="1004" name="grp_fu_103">
<pin_list>
<pin id="104" dir="0" index="0" bw="32" slack="0"/>
<pin id="105" dir="0" index="1" bw="32" slack="1"/>
<pin id="106" dir="1" index="2" bw="32" slack="1"/>
</pin_list>
<bind>
<opcode="fadd(9) " fcode="fadd"/>
<opset="acumulated_1/16 "/>
</bind>
</comp>

<comp id="107" class="1004" name="grp_fu_107">
<pin_list>
<pin id="108" dir="0" index="0" bw="32" slack="0"/>
<pin id="109" dir="0" index="1" bw="32" slack="0"/>
<pin id="110" dir="1" index="2" bw="32" slack="1"/>
</pin_list>
<bind>
<opcode="fmul(13) " fcode="fmul"/>
<opset="mul13_i1/12 "/>
</bind>
</comp>

<comp id="111" class="1004" name="sext_ln125_2_cast_fu_111">
<pin_list>
<pin id="112" dir="0" index="0" bw="30" slack="0"/>
<pin id="113" dir="1" index="1" bw="32" slack="0"/>
</pin_list>
<bind>
<opcode="sext(35) " fcode="sext"/>
<opset="sext_ln125_2_cast/1 "/>
</bind>
</comp>

<comp id="115" class="1004" name="sext_ln125_3_cast_fu_115">
<pin_list>
<pin id="116" dir="0" index="0" bw="30" slack="0"/>
<pin id="117" dir="1" index="1" bw="32" slack="0"/>
</pin_list>
<bind>
<opcode="sext(35) " fcode="sext"/>
<opset="sext_ln125_3_cast/1 "/>
</bind>
</comp>

<comp id="119" class="1004" name="store_ln125_store_fu_119">
<pin_list>
<pin id="120" dir="0" index="0" bw="1" slack="0"/>
<pin id="121" dir="0" index="1" bw="32" slack="0"/>
<pin id="122" dir="1" index="2" bw="0" slack="2147483647"/>
</pin_list>
<bind>
<opcode="store(28) " fcode="store"/>
<opset="store_ln125/1 "/>
</bind>
</comp>

<comp id="124" class="1004" name="store_ln124_store_fu_124">
<pin_list>
<pin id="125" dir="0" index="0" bw="32" slack="0"/>
<pin id="126" dir="0" index="1" bw="32" slack="0"/>
<pin id="127" dir="1" index="2" bw="0" slack="2147483647"/>
</pin_list>
<bind>
<opcode="store(28) " fcode="store"/>
<opset="store_ln124/1 "/>
</bind>
</comp>

<comp id="129" class="1004" name="k_load_fu_129">
<pin_list>
<pin id="130" dir="0" index="0" bw="32" slack="0"/>
<pin id="131" dir="1" index="1" bw="32" slack="0"/>
</pin_list>
<bind>
<opcode="load(27) " fcode="load"/>
<opset="k/1 "/>
</bind>
</comp>

<comp id="132" class="1004" name="icmp_ln125_fu_132">
<pin_list>
<pin id="133" dir="0" index="0" bw="32" slack="0"/>
<pin id="134" dir="0" index="1" bw="32" slack="0"/>
<pin id="135" dir="1" index="2" bw="1" slack="1"/>
</pin_list>
<bind>
<opcode="icmp(45) " fcode="icmp"/>
<opset="icmp_ln125/1 "/>
</bind>
</comp>

<comp id="138" class="1004" name="add_ln125_fu_138">
<pin_list>
<pin id="139" dir="0" index="0" bw="32" slack="0"/>
<pin id="140" dir="0" index="1" bw="1" slack="0"/>
<pin id="141" dir="1" index="2" bw="32" slack="0"/>
</pin_list>
<bind>
<opcode="add(8) " fcode="add"/>
<opset="add_ln125/1 "/>
</bind>
</comp>

<comp id="144" class="1004" name="trunc_ln127_fu_144">
<pin_list>
<pin id="145" dir="0" index="0" bw="32" slack="0"/>
<pin id="146" dir="1" index="1" bw="30" slack="0"/>
</pin_list>
<bind>
<opcode="trunc(33) " fcode="trunc"/>
<opset="trunc_ln127/1 "/>
</bind>
</comp>

<comp id="148" class="1004" name="zext_ln127_fu_148">
<pin_list>
<pin id="149" dir="0" index="0" bw="30" slack="0"/>
<pin id="150" dir="1" index="1" bw="32" slack="0"/>
</pin_list>
<bind>
<opcode="zext(34) " fcode="zext"/>
<opset="zext_ln127/1 "/>
</bind>
</comp>

<comp id="152" class="1004" name="add_ln127_fu_152">
<pin_list>
<pin id="153" dir="0" index="0" bw="30" slack="0"/>
<pin id="154" dir="0" index="1" bw="30" slack="0"/>
<pin id="155" dir="1" index="2" bw="32" slack="1"/>
</pin_list>
<bind>
<opcode="add(8) " fcode="add"/>
<opset="add_ln127/1 "/>
</bind>
</comp>

<comp id="158" class="1004" name="add_ln127_1_fu_158">
<pin_list>
<pin id="159" dir="0" index="0" bw="30" slack="0"/>
<pin id="160" dir="0" index="1" bw="30" slack="0"/>
<pin id="161" dir="1" index="2" bw="32" slack="2"/>
</pin_list>
<bind>
<opcode="add(8) " fcode="add"/>
<opset="add_ln127_1/1 "/>
</bind>
</comp>

<comp id="164" class="1004" name="store_ln125_store_fu_164">
<pin_list>
<pin id="165" dir="0" index="0" bw="32" slack="0"/>
<pin id="166" dir="0" index="1" bw="32" slack="0"/>
<pin id="167" dir="1" index="2" bw="0" slack="2147483647"/>
</pin_list>
<bind>
<opcode="store(28) " fcode="store"/>
<opset="store_ln125/1 "/>
</bind>
</comp>

<comp id="169" class="1004" name="gmem_addr_fu_169">
<pin_list>
<pin id="170" dir="0" index="0" bw="32" slack="0"/>
<pin id="171" dir="0" index="1" bw="32" slack="1"/>
<pin id="172" dir="1" index="2" bw="32" slack="0"/>
</pin_list>
<bind>
<opcode="getelementptr(29) " fcode="getelementptr"/>
<opset="gmem_addr/2 "/>
</bind>
</comp>

<comp id="175" class="1004" name="gmem_addr_3_fu_175">
<pin_list>
<pin id="176" dir="0" index="0" bw="32" slack="0"/>
<pin id="177" dir="0" index="1" bw="32" slack="2"/>
<pin id="178" dir="1" index="2" bw="32" slack="0"/>
</pin_list>
<bind>
<opcode="getelementptr(29) " fcode="getelementptr"/>
<opset="gmem_addr_3/3 "/>
</bind>
</comp>

<comp id="181" class="1004" name="bitcast_ln127_fu_181">
<pin_list>
<pin id="182" dir="0" index="0" bw="32" slack="2"/>
<pin id="183" dir="1" index="1" bw="32" slack="0"/>
</pin_list>
<bind>
<opcode="bitcast(44) " fcode="bitcast"/>
<opset="bitcast_ln127/12 "/>
</bind>
</comp>

<comp id="185" class="1004" name="bitcast_ln127_1_fu_185">
<pin_list>
<pin id="186" dir="0" index="0" bw="32" slack="1"/>
<pin id="187" dir="1" index="1" bw="32" slack="0"/>
</pin_list>
<bind>
<opcode="bitcast(44) " fcode="bitcast"/>
<opset="bitcast_ln127_1/12 "/>
</bind>
</comp>

<comp id="189" class="1004" name="acumulated_load_1_load_fu_189">
<pin_list>
<pin id="190" dir="0" index="0" bw="32" slack="15"/>
<pin id="191" dir="1" index="1" bw="32" slack="0"/>
</pin_list>
<bind>
<opcode="load(27) " fcode="load"/>
<opset="acumulated_load_1/16 "/>
</bind>
</comp>

<comp id="193" class="1004" name="store_ln124_store_fu_193">
<pin_list>
<pin id="194" dir="0" index="0" bw="32" slack="1"/>
<pin id="195" dir="0" index="1" bw="32" slack="20"/>
<pin id="196" dir="1" index="2" bw="0" slack="2147483647"/>
</pin_list>
<bind>
<opcode="store(28) " fcode="store"/>
<opset="store_ln124/21 "/>
</bind>
</comp>

<comp id="197" class="1004" name="acumulated_load_load_fu_197">
<pin_list>
<pin id="198" dir="0" index="0" bw="32" slack="14"/>
<pin id="199" dir="1" index="1" bw="32" slack="0"/>
</pin_list>
<bind>
<opcode="load(27) " fcode="load"/>
<opset="acumulated_load/15 "/>
</bind>
</comp>

<comp id="201" class="1005" name="acumulated_reg_201">
<pin_list>
<pin id="202" dir="0" index="0" bw="32" slack="0"/>
<pin id="203" dir="1" index="1" bw="32" slack="0"/>
</pin_list>
<bind>
<opset="acumulated "/>
</bind>
</comp>

<comp id="209" class="1005" name="k_2_reg_209">
<pin_list>
<pin id="210" dir="0" index="0" bw="32" slack="0"/>
<pin id="211" dir="1" index="1" bw="32" slack="0"/>
</pin_list>
<bind>
<opset="k_2 "/>
</bind>
</comp>

<comp id="216" class="1005" name="icmp_ln125_reg_216">
<pin_list>
<pin id="217" dir="0" index="0" bw="1" slack="1"/>
<pin id="218" dir="1" index="1" bw="1" slack="2147483647"/>
</pin_list>
<bind>
<opset="icmp_ln125 "/>
</bind>
</comp>

<comp id="220" class="1005" name="add_ln127_reg_220">
<pin_list>
<pin id="221" dir="0" index="0" bw="32" slack="1"/>
<pin id="222" dir="1" index="1" bw="32" slack="1"/>
</pin_list>
<bind>
<opset="add_ln127 "/>
</bind>
</comp>

<comp id="225" class="1005" name="add_ln127_1_reg_225">
<pin_list>
<pin id="226" dir="0" index="0" bw="32" slack="2"/>
<pin id="227" dir="1" index="1" bw="32" slack="2"/>
</pin_list>
<bind>
<opset="add_ln127_1 "/>
</bind>
</comp>

<comp id="230" class="1005" name="gmem_addr_reg_230">
<pin_list>
<pin id="231" dir="0" index="0" bw="32" slack="1"/>
<pin id="232" dir="1" index="1" bw="32" slack="1"/>
</pin_list>
<bind>
<opset="gmem_addr "/>
</bind>
</comp>

<comp id="236" class="1005" name="gmem_addr_3_reg_236">
<pin_list>
<pin id="237" dir="0" index="0" bw="32" slack="1"/>
<pin id="238" dir="1" index="1" bw="32" slack="1"/>
</pin_list>
<bind>
<opset="gmem_addr_3 "/>
</bind>
</comp>

<comp id="242" class="1005" name="gmem_addr_read_reg_242">
<pin_list>
<pin id="243" dir="0" index="0" bw="32" slack="2"/>
<pin id="244" dir="1" index="1" bw="32" slack="2"/>
</pin_list>
<bind>
<opset="gmem_addr_read "/>
</bind>
</comp>

<comp id="247" class="1005" name="gmem_addr_3_read_reg_247">
<pin_list>
<pin id="248" dir="0" index="0" bw="32" slack="1"/>
<pin id="249" dir="1" index="1" bw="32" slack="1"/>
</pin_list>
<bind>
<opset="gmem_addr_3_read "/>
</bind>
</comp>

<comp id="252" class="1005" name="bitcast_ln127_reg_252">
<pin_list>
<pin id="253" dir="0" index="0" bw="32" slack="1"/>
<pin id="254" dir="1" index="1" bw="32" slack="1"/>
</pin_list>
<bind>
<opset="bitcast_ln127 "/>
</bind>
</comp>

<comp id="257" class="1005" name="bitcast_ln127_1_reg_257">
<pin_list>
<pin id="258" dir="0" index="0" bw="32" slack="1"/>
<pin id="259" dir="1" index="1" bw="32" slack="1"/>
</pin_list>
<bind>
<opset="bitcast_ln127_1 "/>
</bind>
</comp>

<comp id="262" class="1005" name="mul13_i1_reg_262">
<pin_list>
<pin id="263" dir="0" index="0" bw="32" slack="1"/>
<pin id="264" dir="1" index="1" bw="32" slack="1"/>
</pin_list>
<bind>
<opset="mul13_i1 "/>
</bind>
</comp>

<comp id="267" class="1005" name="acumulated_load_1_reg_267">
<pin_list>
<pin id="268" dir="0" index="0" bw="32" slack="1"/>
<pin id="269" dir="1" index="1" bw="32" slack="1"/>
</pin_list>
<bind>
<opset="acumulated_load_1 "/>
</bind>
</comp>

<comp id="272" class="1005" name="acumulated_1_reg_272">
<pin_list>
<pin id="273" dir="0" index="0" bw="32" slack="1"/>
<pin id="274" dir="1" index="1" bw="32" slack="1"/>
</pin_list>
<bind>
<opset="acumulated_1 "/>
</bind>
</comp>

</comp_list>

<net_list>
<net id="61"><net_src comp="10" pin="0"/><net_sink comp="58" pin=0"/></net>

<net id="65"><net_src comp="10" pin="0"/><net_sink comp="62" pin=0"/></net>

<net id="70"><net_src comp="12" pin="0"/><net_sink comp="66" pin=0"/></net>

<net id="71"><net_src comp="6" pin="0"/><net_sink comp="66" pin=1"/></net>

<net id="76"><net_src comp="12" pin="0"/><net_sink comp="72" pin=0"/></net>

<net id="77"><net_src comp="4" pin="0"/><net_sink comp="72" pin=1"/></net>

<net id="82"><net_src comp="14" pin="0"/><net_sink comp="78" pin=0"/></net>

<net id="83"><net_src comp="2" pin="0"/><net_sink comp="78" pin=1"/></net>

<net id="89"><net_src comp="56" pin="0"/><net_sink comp="84" pin=0"/></net>

<net id="90"><net_src comp="8" pin="0"/><net_sink comp="84" pin=1"/></net>

<net id="96"><net_src comp="46" pin="0"/><net_sink comp="91" pin=0"/></net>

<net id="97"><net_src comp="10" pin="0"/><net_sink comp="91" pin=2"/></net>

<net id="102"><net_src comp="48" pin="0"/><net_sink comp="98" pin=0"/></net>

<net id="114"><net_src comp="66" pin="2"/><net_sink comp="111" pin=0"/></net>

<net id="118"><net_src comp="72" pin="2"/><net_sink comp="115" pin=0"/></net>

<net id="123"><net_src comp="20" pin="0"/><net_sink comp="119" pin=0"/></net>

<net id="128"><net_src comp="34" pin="0"/><net_sink comp="124" pin=0"/></net>

<net id="136"><net_src comp="129" pin="1"/><net_sink comp="132" pin=0"/></net>

<net id="137"><net_src comp="78" pin="2"/><net_sink comp="132" pin=1"/></net>

<net id="142"><net_src comp="129" pin="1"/><net_sink comp="138" pin=0"/></net>

<net id="143"><net_src comp="10" pin="0"/><net_sink comp="138" pin=1"/></net>

<net id="147"><net_src comp="129" pin="1"/><net_sink comp="144" pin=0"/></net>

<net id="151"><net_src comp="144" pin="1"/><net_sink comp="148" pin=0"/></net>

<net id="156"><net_src comp="148" pin="1"/><net_sink comp="152" pin=0"/></net>

<net id="157"><net_src comp="115" pin="1"/><net_sink comp="152" pin=1"/></net>

<net id="162"><net_src comp="148" pin="1"/><net_sink comp="158" pin=0"/></net>

<net id="163"><net_src comp="111" pin="1"/><net_sink comp="158" pin=1"/></net>

<net id="168"><net_src comp="138" pin="2"/><net_sink comp="164" pin=0"/></net>

<net id="173"><net_src comp="0" pin="0"/><net_sink comp="169" pin=0"/></net>

<net id="174"><net_src comp="169" pin="2"/><net_sink comp="91" pin=1"/></net>

<net id="179"><net_src comp="0" pin="0"/><net_sink comp="175" pin=0"/></net>

<net id="180"><net_src comp="175" pin="2"/><net_sink comp="91" pin=1"/></net>

<net id="184"><net_src comp="181" pin="1"/><net_sink comp="107" pin=0"/></net>

<net id="188"><net_src comp="185" pin="1"/><net_sink comp="107" pin=1"/></net>

<net id="192"><net_src comp="189" pin="1"/><net_sink comp="103" pin=0"/></net>

<net id="200"><net_src comp="197" pin="1"/><net_sink comp="84" pin=2"/></net>

<net id="204"><net_src comp="58" pin="1"/><net_sink comp="201" pin=0"/></net>

<net id="205"><net_src comp="201" pin="1"/><net_sink comp="124" pin=1"/></net>

<net id="206"><net_src comp="201" pin="1"/><net_sink comp="189" pin=0"/></net>

<net id="207"><net_src comp="201" pin="1"/><net_sink comp="193" pin=1"/></net>

<net id="208"><net_src comp="201" pin="1"/><net_sink comp="197" pin=0"/></net>

<net id="212"><net_src comp="62" pin="1"/><net_sink comp="209" pin=0"/></net>

<net id="213"><net_src comp="209" pin="1"/><net_sink comp="119" pin=1"/></net>

<net id="214"><net_src comp="209" pin="1"/><net_sink comp="129" pin=0"/></net>

<net id="215"><net_src comp="209" pin="1"/><net_sink comp="164" pin=1"/></net>

<net id="219"><net_src comp="132" pin="2"/><net_sink comp="216" pin=0"/></net>

<net id="223"><net_src comp="152" pin="2"/><net_sink comp="220" pin=0"/></net>

<net id="224"><net_src comp="220" pin="1"/><net_sink comp="169" pin=1"/></net>

<net id="228"><net_src comp="158" pin="2"/><net_sink comp="225" pin=0"/></net>

<net id="229"><net_src comp="225" pin="1"/><net_sink comp="175" pin=1"/></net>

<net id="233"><net_src comp="169" pin="2"/><net_sink comp="230" pin=0"/></net>

<net id="234"><net_src comp="230" pin="1"/><net_sink comp="91" pin=1"/></net>

<net id="235"><net_src comp="230" pin="1"/><net_sink comp="98" pin=1"/></net>

<net id="239"><net_src comp="175" pin="2"/><net_sink comp="236" pin=0"/></net>

<net id="240"><net_src comp="236" pin="1"/><net_sink comp="91" pin=1"/></net>

<net id="241"><net_src comp="236" pin="1"/><net_sink comp="98" pin=1"/></net>

<net id="245"><net_src comp="98" pin="2"/><net_sink comp="242" pin=0"/></net>

<net id="246"><net_src comp="242" pin="1"/><net_sink comp="181" pin=0"/></net>

<net id="250"><net_src comp="98" pin="2"/><net_sink comp="247" pin=0"/></net>

<net id="251"><net_src comp="247" pin="1"/><net_sink comp="185" pin=0"/></net>

<net id="255"><net_src comp="181" pin="1"/><net_sink comp="252" pin=0"/></net>

<net id="256"><net_src comp="252" pin="1"/><net_sink comp="107" pin=0"/></net>

<net id="260"><net_src comp="185" pin="1"/><net_sink comp="257" pin=0"/></net>

<net id="261"><net_src comp="257" pin="1"/><net_sink comp="107" pin=1"/></net>

<net id="265"><net_src comp="107" pin="2"/><net_sink comp="262" pin=0"/></net>

<net id="266"><net_src comp="262" pin="1"/><net_sink comp="103" pin=1"/></net>

<net id="270"><net_src comp="189" pin="1"/><net_sink comp="267" pin=0"/></net>

<net id="271"><net_src comp="267" pin="1"/><net_sink comp="103" pin=0"/></net>

<net id="275"><net_src comp="103" pin="2"/><net_sink comp="272" pin=0"/></net>

<net id="276"><net_src comp="272" pin="1"/><net_sink comp="193" pin=0"/></net>

</net_list>

</model> 
---------------- Datapath Model END ------------------

* FSMD analyzer results:
  - Output states:
	Port: gmem | {}
	Port: acumulated_2_out | {15 }
 - Input state : 
	Port: cifar10_Pipeline_VITIS_LOOP_125_34 : gmem | {2 3 4 5 6 7 8 9 10 11 }
	Port: cifar10_Pipeline_VITIS_LOOP_125_34 : neurons_dense_1_size | {1 }
	Port: cifar10_Pipeline_VITIS_LOOP_125_34 : sext_ln125_3 | {1 }
	Port: cifar10_Pipeline_VITIS_LOOP_125_34 : sext_ln125_2 | {1 }
  - Chain level:
	State 1
		store_ln125 : 1
		store_ln124 : 1
		k : 1
		icmp_ln125 : 2
		add_ln125 : 2
		br_ln125 : 3
		trunc_ln127 : 2
		zext_ln127 : 3
		add_ln127 : 4
		add_ln127_1 : 4
		store_ln125 : 3
	State 2
		gmem_load_11_req : 1
	State 3
		gmem_load_12_req : 1
	State 4
	State 5
	State 6
	State 7
	State 8
	State 9
	State 10
	State 11
	State 12
		mul13_i1 : 1
	State 13
	State 14
	State 15
		write_ln0 : 1
	State 16
		acumulated_1 : 1
	State 17
	State 18
	State 19
	State 20
	State 21


============================================================
+ Verbose Summary: Datapath Resource usage 
============================================================

* Functional unit list:
|----------|--------------------------------------|---------|---------|---------|
| Operation|            Functional Unit           |   DSP   |    FF   |   LUT   |
|----------|--------------------------------------|---------|---------|---------|
|   fadd   |              grp_fu_103              |    2    |   205   |   390   |
|----------|--------------------------------------|---------|---------|---------|
|   fmul   |              grp_fu_107              |    3    |   143   |   321   |
|----------|--------------------------------------|---------|---------|---------|
|          |           add_ln125_fu_138           |    0    |    0    |    39   |
|    add   |           add_ln127_fu_152           |    0    |    0    |    37   |
|          |          add_ln127_1_fu_158          |    0    |    0    |    37   |
|----------|--------------------------------------|---------|---------|---------|
|   icmp   |           icmp_ln125_fu_132          |    0    |    0    |    39   |
|----------|--------------------------------------|---------|---------|---------|
|          |     sext_ln125_2_read_read_fu_66     |    0    |    0    |    0    |
|   read   |     sext_ln125_3_read_read_fu_72     |    0    |    0    |    0    |
|          | neurons_dense_1_size_read_read_fu_78 |    0    |    0    |    0    |
|          |            grp_read_fu_98            |    0    |    0    |    0    |
|----------|--------------------------------------|---------|---------|---------|
|   write  |         write_ln0_write_fu_84        |    0    |    0    |    0    |
|----------|--------------------------------------|---------|---------|---------|
|  readreq |           grp_readreq_fu_91          |    0    |    0    |    0    |
|----------|--------------------------------------|---------|---------|---------|
|   sext   |       sext_ln125_2_cast_fu_111       |    0    |    0    |    0    |
|          |       sext_ln125_3_cast_fu_115       |    0    |    0    |    0    |
|----------|--------------------------------------|---------|---------|---------|
|   trunc  |          trunc_ln127_fu_144          |    0    |    0    |    0    |
|----------|--------------------------------------|---------|---------|---------|
|   zext   |           zext_ln127_fu_148          |    0    |    0    |    0    |
|----------|--------------------------------------|---------|---------|---------|
|   Total  |                                      |    5    |   348   |   863   |
|----------|--------------------------------------|---------|---------|---------|

Memories:
N/A

* Register list:
+-------------------------+--------+
|                         |   FF   |
+-------------------------+--------+
|   acumulated_1_reg_272  |   32   |
|acumulated_load_1_reg_267|   32   |
|    acumulated_reg_201   |   32   |
|   add_ln127_1_reg_225   |   32   |
|    add_ln127_reg_220    |   32   |
| bitcast_ln127_1_reg_257 |   32   |
|  bitcast_ln127_reg_252  |   32   |
| gmem_addr_3_read_reg_247|   32   |
|   gmem_addr_3_reg_236   |   32   |
|  gmem_addr_read_reg_242 |   32   |
|    gmem_addr_reg_230    |   32   |
|    icmp_ln125_reg_216   |    1   |
|       k_2_reg_209       |   32   |
|     mul13_i1_reg_262    |   32   |
+-------------------------+--------+
|          Total          |   417  |
+-------------------------+--------+

* Multiplexer (MUX) list: 
|-------------------|------|------|------|--------||---------||---------||---------|
|        Comp       |  Pin | Size |  BW  | S x BW ||  Delay  ||    FF   ||   LUT   |
|-------------------|------|------|------|--------||---------||---------||---------|
| grp_readreq_fu_91 |  p1  |   4  |  32  |   128  ||    0    ||    20   |
|   grp_read_fu_98  |  p1  |   2  |  32  |   64   ||    0    ||    9    |
|     grp_fu_103    |  p0  |   2  |  32  |   64   ||    0    ||    9    |
|     grp_fu_107    |  p0  |   2  |  32  |   64   ||    0    ||    9    |
|     grp_fu_107    |  p1  |   2  |  32  |   64   ||    0    ||    9    |
|-------------------|------|------|------|--------||---------||---------||---------|
|       Total       |      |      |      |   384  ||  8.1786 ||    0    ||    56   |
|-------------------|------|------|------|--------||---------||---------||---------|



* Summary:
+-----------+--------+--------+--------+--------+
|           |   DSP  |  Delay |   FF   |   LUT  |
+-----------+--------+--------+--------+--------+
|  Function |    5   |    -   |   348  |   863  |
|   Memory  |    -   |    -   |    -   |    -   |
|Multiplexer|    -   |    8   |    0   |   56   |
|  Register |    -   |    -   |   417  |    -   |
+-----------+--------+--------+--------+--------+
|   Total   |    5   |    8   |   765  |   919  |
+-----------+--------+--------+--------+--------+
