

================================================================
== Vitis HLS Report for 'cifar10_Pipeline_VITIS_LOOP_140_1'
================================================================
* Date:           Mon May  4 21:06:53 2026

* Version:        2025.2 (Build 6295257 on Nov 14 2025)
* Project:        proj_cifar10
* Solution:       fsolution (Vivado IP Flow Target)
* Product family: zynq
* Target device:  xc7z020-clg484-1


================================================================
== Performance Estimates
================================================================
+ Timing: 
    * Summary: 
    +--------+----------+----------+------------+
    |  Clock |  Target  | Estimated| Uncertainty|
    +--------+----------+----------+------------+
    |ap_clk  |  10.00 ns|  7.300 ns|     2.70 ns|
    +--------+----------+----------+------------+

+ Latency: 
    * Summary: 
    +---------+---------+----------+----------+-----+-----+-------------------+
    |  Latency (cycles) |  Latency (absolute) |  Interval |      Pipeline     |
    |   min   |   max   |    min   |    max   | min | max |        Type       |
    +---------+---------+----------+----------+-----+-----+-------------------+
    |       19|        ?|  0.190 us|         ?|    0|    0|  loop pipeline stp|
    +---------+---------+----------+----------+-----+-----+-------------------+

    + Detail: 
        * Instance: 
        N/A

        * Loop: 
        +--------------------+---------+---------+----------+-----------+-----------+-------+----------+
        |                    |  Latency (cycles) | Iteration|  Initiation Interval  |  Trip |          |
        |      Loop Name     |   min   |   max   |  Latency |  achieved |   target  | Count | Pipelined|
        +--------------------+---------+---------+----------+-----------+-----------+-------+----------+
        |- VITIS_LOOP_140_1  |       17|        ?|        18|          6|          1|  1 ~ ?|       yes|
        +--------------------+---------+---------+----------+-----------+-----------+-------+----------+

============================================================
+ Verbose Summary: Synthesis Manager
============================================================
InlineROM: 1
ExposeGlobal: 0
============================================================
+ Verbose Summary: CDFG Model
============================================================
IsTopModel: 0
ResetActiveHigh: 1
IsCombinational: 0
IsDatapathOnly: 0
HasWiredReturn: 1
HasMFsm: 2
HasVarLatency: 1
IsPipeline: 0
IsRtlPipelined: 0
IsInstanceOverlapped: 0
IsDontTouch: 0
HasImplIP: 0
IsGatedGlobalClock: 0

+ Individual pipeline summary: 
  * Pipeline-0: initiation interval (II) = 6, depth = 18


============================================================
+ Verbose Summary: Schedule
============================================================
* Number of FSM states : 18
* Pipeline : 1
  Pipeline-0 : II = 6, D = 18, States = { 1 2 3 4 5 6 7 8 9 10 11 12 13 14 15 16 17 18 }
* Dataflow Pipeline: 0

* FSM state transitions: 
1 --> 2 
2 --> 3 
3 --> 4 
4 --> 5 
5 --> 6 
6 --> 7 
7 --> 8 
8 --> 9 
9 --> 10 
10 --> 11 
11 --> 12 
12 --> 13 
13 --> 14 
14 --> 15 
15 --> 16 
16 --> 17 
17 --> 18 
18 --> 

* FSM state operations: 

State 1 <SV = 0> <Delay = 5.72>
ST_1 : Operation 21 [1/1] (0.00ns)   --->   "%sum_values = alloca i32 1" [cpu_functions.cpp:137->cpu_functions.cpp:196]   --->   Operation 21 'alloca' 'sum_values' <Predicate = true> <Delay = 0.00>
ST_1 : Operation 22 [1/1] (0.00ns)   --->   "%i = alloca i32 1" [cpu_functions.cpp:140->cpu_functions.cpp:196]   --->   Operation 22 'alloca' 'i' <Predicate = true> <Delay = 0.00>
ST_1 : Operation 23 [1/1] (0.00ns)   --->   "%sext_ln140_read = read i30 @_ssdm_op_Read.ap_auto.i30, i30 %sext_ln140"   --->   Operation 23 'read' 'sext_ln140_read' <Predicate = true> <Delay = 0.00>
ST_1 : Operation 24 [1/1] (0.00ns)   --->   "%sext_ln120_1_read = read i30 @_ssdm_op_Read.ap_auto.i30, i30 %sext_ln120_1"   --->   Operation 24 'read' 'sext_ln120_1_read' <Predicate = true> <Delay = 0.00>
ST_1 : Operation 25 [1/1] (0.00ns)   --->   "%neurons_dense_2_size_read = read i32 @_ssdm_op_Read.ap_auto.i32, i32 %neurons_dense_2_size"   --->   Operation 25 'read' 'neurons_dense_2_size_read' <Predicate = true> <Delay = 0.00>
ST_1 : Operation 26 [1/1] (0.00ns)   --->   "%sext_ln140_cast = sext i30 %sext_ln140_read"   --->   Operation 26 'sext' 'sext_ln140_cast' <Predicate = true> <Delay = 0.00>
ST_1 : Operation 27 [1/1] (0.00ns)   --->   "%sext_ln120_1_cast = sext i30 %sext_ln120_1_read"   --->   Operation 27 'sext' 'sext_ln120_1_cast' <Predicate = true> <Delay = 0.00>
ST_1 : Operation 28 [1/1] (0.00ns)   --->   "%specinterface_ln0 = specinterface void @_ssdm_op_SpecInterface, i32 %gmem, void @empty_0, i32 0, i32 0, void @empty_14, i32 0, i32 0, void @empty, void @empty_20, void @empty_14, i32 16, i32 16, i32 16, i32 16, void @empty_14, void @empty_14, i32 4294967295, i32 0, i32 0, i32 4"   --->   Operation 28 'specinterface' 'specinterface_ln0' <Predicate = true> <Delay = 0.00>
ST_1 : Operation 29 [1/1] (1.58ns)   --->   "%store_ln140 = store i32 0, i32 %i" [cpu_functions.cpp:140->cpu_functions.cpp:196]   --->   Operation 29 'store' 'store_ln140' <Predicate = true> <Delay = 1.58>
ST_1 : Operation 30 [1/1] (1.58ns)   --->   "%store_ln137 = store i32 0, i32 %sum_values" [cpu_functions.cpp:137->cpu_functions.cpp:196]   --->   Operation 30 'store' 'store_ln137' <Predicate = true> <Delay = 1.58>
ST_1 : Operation 31 [1/1] (0.00ns)   --->   "%br_ln0 = br void %for.inc.i187"   --->   Operation 31 'br' 'br_ln0' <Predicate = true> <Delay = 0.00>
ST_1 : Operation 32 [1/1] (0.00ns)   --->   "%i_4 = load i32 %i" [cpu_functions.cpp:140->cpu_functions.cpp:196]   --->   Operation 32 'load' 'i_4' <Predicate = true> <Delay = 0.00>
ST_1 : Operation 33 [1/1] (0.00ns)   --->   "%specbitsmap_ln0 = specbitsmap void @_ssdm_op_SpecBitsMap, i32 %gmem"   --->   Operation 33 'specbitsmap' 'specbitsmap_ln0' <Predicate = true> <Delay = 0.00>
ST_1 : Operation 34 [1/1] (2.55ns)   --->   "%icmp_ln140 = icmp_eq  i32 %i_4, i32 %neurons_dense_2_size_read" [cpu_functions.cpp:140->cpu_functions.cpp:196]   --->   Operation 34 'icmp' 'icmp_ln140' <Predicate = true> <Delay = 2.55> <CoreInst = "Cmp">   --->   Core 9 'Cmp' <Latency = 0> <II = 1> <Delay = 2.55> <FuncUnit> <Opcode : 'seteq' 'setne' 'setle' 'setge' 'setlt' 'setgt'> <InPorts = 2> <OutPorts = 1>
ST_1 : Operation 35 [1/1] (0.00ns)   --->   "%empty = speclooptripcount i32 @_ssdm_op_SpecLoopTripCount, i64 1, i64 18446744073709551615, i64 0"   --->   Operation 35 'speclooptripcount' 'empty' <Predicate = true> <Delay = 0.00>
ST_1 : Operation 36 [1/1] (2.55ns)   --->   "%add_ln140 = add i32 %i_4, i32 1" [cpu_functions.cpp:140->cpu_functions.cpp:196]   --->   Operation 36 'add' 'add_ln140' <Predicate = true> <Delay = 2.55> <CoreInst = "Adder">   --->   Core 1 'Adder' <Latency = 0> <II = 1> <Delay = 2.55> <FuncUnit> <Opcode : 'add' 'sub'> <InPorts = 2> <OutPorts = 1>
ST_1 : Operation 37 [1/1] (0.00ns)   --->   "%br_ln140 = br i1 %icmp_ln140, void %for.inc.i187.split, void %VITIS_LOOP_147_2.i.loopexit.exitStub" [cpu_functions.cpp:140->cpu_functions.cpp:196]   --->   Operation 37 'br' 'br_ln140' <Predicate = true> <Delay = 0.00>
ST_1 : Operation 38 [1/1] (1.58ns)   --->   "%store_ln140 = store i32 %add_ln140, i32 %i" [cpu_functions.cpp:140->cpu_functions.cpp:196]   --->   Operation 38 'store' 'store_ln140' <Predicate = (!icmp_ln140)> <Delay = 1.58>

State 2 <SV = 1> <Delay = 7.30>
ST_2 : Operation 39 [1/1] (0.00ns)   --->   "%gmem_addr = getelementptr i32 %gmem, i32 %sext_ln120_1_cast" [cpu_functions.cpp:120->cpu_functions.cpp:190]   --->   Operation 39 'getelementptr' 'gmem_addr' <Predicate = (!icmp_ln140)> <Delay = 0.00>
ST_2 : Operation 40 [1/1] ( I:7.30ns O:7.30ns )   --->   "%gmem_addr_read = read i32 @_ssdm_op_Read.m_axi.i32.p1i32, i32 %gmem_addr" [cpu_functions.cpp:142->cpu_functions.cpp:196]   --->   Operation 40 'read' 'gmem_addr_read' <Predicate = (!icmp_ln140)> <Delay = 7.30> <CoreInst = "m_axi">   --->   Core 111 'm_axi' <Latency = 3> <II = 1> <Delay = 1.00> <Adapter> <Opcode : 'readrequnaligned' 'writerequnaligned' 'read' 'write' 'readreq' 'writereq' 'writeresp'>

State 3 <SV = 2> <Delay = 7.14>
ST_3 : Operation 41 [1/1] (0.00ns)   --->   "%bitcast_ln142 = bitcast i32 %gmem_addr_read" [cpu_functions.cpp:142->cpu_functions.cpp:196]   --->   Operation 41 'bitcast' 'bitcast_ln142' <Predicate = (!icmp_ln140)> <Delay = 0.00>
ST_3 : Operation 42 [10/10] (7.14ns)   --->   "%value = fexp i32 @llvm.exp.f32, i32 %bitcast_ln142" [cpu_functions.cpp:142->cpu_functions.cpp:196]   --->   Operation 42 'fexp' 'value' <Predicate = (!icmp_ln140)> <Delay = 7.14> <CoreInst = "FExp_fulldsp">   --->   Core 23 'FExp_fulldsp' <Latency = 9> <II = 1> <Delay = 7.14> <FuncUnit> <Opcode : 'fexp'> <InPorts = 1> <OutPorts = 1>

State 4 <SV = 3> <Delay = 7.14>
ST_4 : Operation 43 [9/10] (7.14ns)   --->   "%value = fexp i32 @llvm.exp.f32, i32 %bitcast_ln142" [cpu_functions.cpp:142->cpu_functions.cpp:196]   --->   Operation 43 'fexp' 'value' <Predicate = (!icmp_ln140)> <Delay = 7.14> <CoreInst = "FExp_fulldsp">   --->   Core 23 'FExp_fulldsp' <Latency = 9> <II = 1> <Delay = 7.14> <FuncUnit> <Opcode : 'fexp'> <InPorts = 1> <OutPorts = 1>

State 5 <SV = 4> <Delay = 7.14>
ST_5 : Operation 44 [8/10] (7.14ns)   --->   "%value = fexp i32 @llvm.exp.f32, i32 %bitcast_ln142" [cpu_functions.cpp:142->cpu_functions.cpp:196]   --->   Operation 44 'fexp' 'value' <Predicate = (!icmp_ln140)> <Delay = 7.14> <CoreInst = "FExp_fulldsp">   --->   Core 23 'FExp_fulldsp' <Latency = 9> <II = 1> <Delay = 7.14> <FuncUnit> <Opcode : 'fexp'> <InPorts = 1> <OutPorts = 1>

State 6 <SV = 5> <Delay = 7.14>
ST_6 : Operation 45 [7/10] (7.14ns)   --->   "%value = fexp i32 @llvm.exp.f32, i32 %bitcast_ln142" [cpu_functions.cpp:142->cpu_functions.cpp:196]   --->   Operation 45 'fexp' 'value' <Predicate = (!icmp_ln140)> <Delay = 7.14> <CoreInst = "FExp_fulldsp">   --->   Core 23 'FExp_fulldsp' <Latency = 9> <II = 1> <Delay = 7.14> <FuncUnit> <Opcode : 'fexp'> <InPorts = 1> <OutPorts = 1>

State 7 <SV = 6> <Delay = 7.14>
ST_7 : Operation 46 [6/10] (7.14ns)   --->   "%value = fexp i32 @llvm.exp.f32, i32 %bitcast_ln142" [cpu_functions.cpp:142->cpu_functions.cpp:196]   --->   Operation 46 'fexp' 'value' <Predicate = true> <Delay = 7.14> <CoreInst = "FExp_fulldsp">   --->   Core 23 'FExp_fulldsp' <Latency = 9> <II = 1> <Delay = 7.14> <FuncUnit> <Opcode : 'fexp'> <InPorts = 1> <OutPorts = 1>

State 8 <SV = 7> <Delay = 7.14>
ST_8 : Operation 47 [5/10] (7.14ns)   --->   "%value = fexp i32 @llvm.exp.f32, i32 %bitcast_ln142" [cpu_functions.cpp:142->cpu_functions.cpp:196]   --->   Operation 47 'fexp' 'value' <Predicate = true> <Delay = 7.14> <CoreInst = "FExp_fulldsp">   --->   Core 23 'FExp_fulldsp' <Latency = 9> <II = 1> <Delay = 7.14> <FuncUnit> <Opcode : 'fexp'> <InPorts = 1> <OutPorts = 1>

State 9 <SV = 8> <Delay = 7.14>
ST_9 : Operation 48 [4/10] (7.14ns)   --->   "%value = fexp i32 @llvm.exp.f32, i32 %bitcast_ln142" [cpu_functions.cpp:142->cpu_functions.cpp:196]   --->   Operation 48 'fexp' 'value' <Predicate = true> <Delay = 7.14> <CoreInst = "FExp_fulldsp">   --->   Core 23 'FExp_fulldsp' <Latency = 9> <II = 1> <Delay = 7.14> <FuncUnit> <Opcode : 'fexp'> <InPorts = 1> <OutPorts = 1>

State 10 <SV = 9> <Delay = 7.14>
ST_10 : Operation 49 [3/10] (7.14ns)   --->   "%value = fexp i32 @llvm.exp.f32, i32 %bitcast_ln142" [cpu_functions.cpp:142->cpu_functions.cpp:196]   --->   Operation 49 'fexp' 'value' <Predicate = true> <Delay = 7.14> <CoreInst = "FExp_fulldsp">   --->   Core 23 'FExp_fulldsp' <Latency = 9> <II = 1> <Delay = 7.14> <FuncUnit> <Opcode : 'fexp'> <InPorts = 1> <OutPorts = 1>

State 11 <SV = 10> <Delay = 7.14>
ST_11 : Operation 50 [2/10] (7.14ns)   --->   "%value = fexp i32 @llvm.exp.f32, i32 %bitcast_ln142" [cpu_functions.cpp:142->cpu_functions.cpp:196]   --->   Operation 50 'fexp' 'value' <Predicate = true> <Delay = 7.14> <CoreInst = "FExp_fulldsp">   --->   Core 23 'FExp_fulldsp' <Latency = 9> <II = 1> <Delay = 7.14> <FuncUnit> <Opcode : 'fexp'> <InPorts = 1> <OutPorts = 1>

State 12 <SV = 11> <Delay = 7.14>
ST_12 : Operation 51 [1/10] (7.14ns)   --->   "%value = fexp i32 @llvm.exp.f32, i32 %bitcast_ln142" [cpu_functions.cpp:142->cpu_functions.cpp:196]   --->   Operation 51 'fexp' 'value' <Predicate = true> <Delay = 7.14> <CoreInst = "FExp_fulldsp">   --->   Core 23 'FExp_fulldsp' <Latency = 9> <II = 1> <Delay = 7.14> <FuncUnit> <Opcode : 'fexp'> <InPorts = 1> <OutPorts = 1>
ST_12 : Operation 65 [1/1] (0.00ns)   --->   "%sum_values_load_1 = load i32 %sum_values"   --->   Operation 65 'load' 'sum_values_load_1' <Predicate = (icmp_ln140)> <Delay = 0.00>
ST_12 : Operation 66 [1/1] (0.00ns)   --->   "%write_ln0 = write void @_ssdm_op_Write.ap_auto.floatP0A, i32 %sum_values_out, i32 %sum_values_load_1"   --->   Operation 66 'write' 'write_ln0' <Predicate = (icmp_ln140)> <Delay = 0.00>
ST_12 : Operation 67 [1/1] (1.58ns)   --->   "%ret_ln0 = ret"   --->   Operation 67 'ret' 'ret_ln0' <Predicate = (icmp_ln140)> <Delay = 1.58>

State 13 <SV = 12> <Delay = 7.30>
ST_13 : Operation 52 [1/1] (0.00ns)   --->   "%sum_values_load = load i32 %sum_values" [cpu_functions.cpp:143->cpu_functions.cpp:196]   --->   Operation 52 'load' 'sum_values_load' <Predicate = true> <Delay = 0.00>
ST_13 : Operation 53 [1/1] (0.00ns)   --->   "%gmem_addr_2 = getelementptr i32 %gmem, i32 %sext_ln140_cast" [cpu_functions.cpp:140->cpu_functions.cpp:196]   --->   Operation 53 'getelementptr' 'gmem_addr_2' <Predicate = true> <Delay = 0.00>
ST_13 : Operation 54 [5/5] (7.25ns)   --->   "%sum_values_1 = fadd i32 %sum_values_load, i32 %value" [cpu_functions.cpp:143->cpu_functions.cpp:196]   --->   Operation 54 'fadd' 'sum_values_1' <Predicate = true> <Delay = 7.25> <CoreInst = "FAddSub_fulldsp">   --->   Core 18 'FAddSub_fulldsp' <Latency = 4> <II = 1> <Delay = 7.25> <FuncUnit> <Opcode : 'fadd' 'fsub'> <InPorts = 2> <OutPorts = 1>
ST_13 : Operation 55 [1/1] (0.00ns)   --->   "%bitcast_ln144 = bitcast i32 %value" [cpu_functions.cpp:144->cpu_functions.cpp:196]   --->   Operation 55 'bitcast' 'bitcast_ln144' <Predicate = true> <Delay = 0.00>
ST_13 : Operation 56 [1/1] ( I:7.30ns O:7.30ns )   --->   "%write_ln144 = write void @_ssdm_op_Write.m_axi.p1i32.i32, i32 %gmem_addr_2, i32 %bitcast_ln144, i4 15" [cpu_functions.cpp:144->cpu_functions.cpp:196]   --->   Operation 56 'write' 'write_ln144' <Predicate = true> <Delay = 7.30> <CoreInst = "m_axi">   --->   Core 111 'm_axi' <Latency = 5> <II = 1> <Delay = 1.00> <Adapter> <Opcode : 'readrequnaligned' 'writerequnaligned' 'read' 'write' 'readreq' 'writereq' 'writeresp'>

State 14 <SV = 13> <Delay = 7.25>
ST_14 : Operation 57 [4/5] (7.25ns)   --->   "%sum_values_1 = fadd i32 %sum_values_load, i32 %value" [cpu_functions.cpp:143->cpu_functions.cpp:196]   --->   Operation 57 'fadd' 'sum_values_1' <Predicate = true> <Delay = 7.25> <CoreInst = "FAddSub_fulldsp">   --->   Core 18 'FAddSub_fulldsp' <Latency = 4> <II = 1> <Delay = 7.25> <FuncUnit> <Opcode : 'fadd' 'fsub'> <InPorts = 2> <OutPorts = 1>

State 15 <SV = 14> <Delay = 7.25>
ST_15 : Operation 58 [3/5] (7.25ns)   --->   "%sum_values_1 = fadd i32 %sum_values_load, i32 %value" [cpu_functions.cpp:143->cpu_functions.cpp:196]   --->   Operation 58 'fadd' 'sum_values_1' <Predicate = true> <Delay = 7.25> <CoreInst = "FAddSub_fulldsp">   --->   Core 18 'FAddSub_fulldsp' <Latency = 4> <II = 1> <Delay = 7.25> <FuncUnit> <Opcode : 'fadd' 'fsub'> <InPorts = 2> <OutPorts = 1>

State 16 <SV = 15> <Delay = 7.25>
ST_16 : Operation 59 [2/5] (7.25ns)   --->   "%sum_values_1 = fadd i32 %sum_values_load, i32 %value" [cpu_functions.cpp:143->cpu_functions.cpp:196]   --->   Operation 59 'fadd' 'sum_values_1' <Predicate = true> <Delay = 7.25> <CoreInst = "FAddSub_fulldsp">   --->   Core 18 'FAddSub_fulldsp' <Latency = 4> <II = 1> <Delay = 7.25> <FuncUnit> <Opcode : 'fadd' 'fsub'> <InPorts = 2> <OutPorts = 1>

State 17 <SV = 16> <Delay = 7.25>
ST_17 : Operation 60 [1/5] (7.25ns)   --->   "%sum_values_1 = fadd i32 %sum_values_load, i32 %value" [cpu_functions.cpp:143->cpu_functions.cpp:196]   --->   Operation 60 'fadd' 'sum_values_1' <Predicate = true> <Delay = 7.25> <CoreInst = "FAddSub_fulldsp">   --->   Core 18 'FAddSub_fulldsp' <Latency = 4> <II = 1> <Delay = 7.25> <FuncUnit> <Opcode : 'fadd' 'fsub'> <InPorts = 2> <OutPorts = 1>

State 18 <SV = 17> <Delay = 1.58>
ST_18 : Operation 61 [1/1] (0.00ns)   --->   "%specpipeline_ln137 = specpipeline void @_ssdm_op_SpecPipeline, i32 4294967295, i32 0, i32 0, i32 0, i32 4294967295, void @empty_14" [cpu_functions.cpp:137->cpu_functions.cpp:196]   --->   Operation 61 'specpipeline' 'specpipeline_ln137' <Predicate = true> <Delay = 0.00>
ST_18 : Operation 62 [1/1] (0.00ns)   --->   "%specloopname_ln140 = specloopname void @_ssdm_op_SpecLoopName, void @empty_24" [cpu_functions.cpp:140->cpu_functions.cpp:196]   --->   Operation 62 'specloopname' 'specloopname_ln140' <Predicate = true> <Delay = 0.00>
ST_18 : Operation 63 [1/1] (1.58ns)   --->   "%store_ln137 = store i32 %sum_values_1, i32 %sum_values" [cpu_functions.cpp:137->cpu_functions.cpp:196]   --->   Operation 63 'store' 'store_ln137' <Predicate = true> <Delay = 1.58>
ST_18 : Operation 64 [1/1] (0.00ns)   --->   "%br_ln140 = br void %for.inc.i187" [cpu_functions.cpp:140->cpu_functions.cpp:196]   --->   Operation 64 'br' 'br_ln140' <Predicate = true> <Delay = 0.00>


============================================================
+ Verbose Summary: Binding
============================================================
STG Binding: 
---------------- STG Properties BEGIN ----------------
- Is combinational: 0
- Is one-state seq: 0
- Is datapath-only: 0
- Is pipelined: 0
- Is top level: 0
Port [ Return ] is wired: 1; IO mode=ap_ctrl_hs:ce=0
Port [ gmem]:  wired=1; compound=1; hidden=0; nouse=0; global=0; static=0; extern=0; dir=2; type=4; pingpong=0; private_global=0; IO mode=m_axi:ce=0
Port [ neurons_dense_2_size]:  wired=1; compound=0; hidden=0; nouse=0; global=0; static=0; extern=0; dir=0; type=0; pingpong=0; private_global=0; IO mode=ap_none:ce=0
Port [ sext_ln120_1]:  wired=1; compound=0; hidden=0; nouse=0; global=0; static=0; extern=0; dir=0; type=0; pingpong=0; private_global=0; IO mode=ap_none:ce=0
Port [ sext_ln140]:  wired=1; compound=0; hidden=0; nouse=0; global=0; static=0; extern=0; dir=0; type=0; pingpong=0; private_global=0; IO mode=ap_none:ce=0
Port [ sum_values_out]:  wired=1; compound=0; hidden=0; nouse=0; global=0; static=0; extern=0; dir=1; type=0; pingpong=0; private_global=0; IO mode=ap_vld:ce=0
---------------- STG Properties END ------------------

---------------- Datapath Model BEGIN ----------------

<LifeTime>
<method=bitvector/>
sum_values                (alloca           ) [ 0111111111111111111]
i                         (alloca           ) [ 0100000000000000000]
sext_ln140_read           (read             ) [ 0000000000000000000]
sext_ln120_1_read         (read             ) [ 0000000000000000000]
neurons_dense_2_size_read (read             ) [ 0000000000000000000]
sext_ln140_cast           (sext             ) [ 0111111111111100000]
sext_ln120_1_cast         (sext             ) [ 0010000000000000000]
specinterface_ln0         (specinterface    ) [ 0000000000000000000]
store_ln140               (store            ) [ 0000000000000000000]
store_ln137               (store            ) [ 0000000000000000000]
br_ln0                    (br               ) [ 0000000000000000000]
i_4                       (load             ) [ 0000000000000000000]
specbitsmap_ln0           (specbitsmap      ) [ 0000000000000000000]
icmp_ln140                (icmp             ) [ 0111111111111000000]
empty                     (speclooptripcount) [ 0000000000000000000]
add_ln140                 (add              ) [ 0000000000000000000]
br_ln140                  (br               ) [ 0000000000000000000]
store_ln140               (store            ) [ 0000000000000000000]
gmem_addr                 (getelementptr    ) [ 0000000000000000000]
gmem_addr_read            (read             ) [ 0001000000000000000]
bitcast_ln142             (bitcast          ) [ 0111111111111000000]
value                     (fexp             ) [ 0111110000000111110]
sum_values_load           (load             ) [ 0011110000000011110]
gmem_addr_2               (getelementptr    ) [ 0000000000000000000]
bitcast_ln144             (bitcast          ) [ 0000000000000000000]
write_ln144               (write            ) [ 0000000000000000000]
sum_values_1              (fadd             ) [ 0000001000000000001]
specpipeline_ln137        (specpipeline     ) [ 0000000000000000000]
specloopname_ln140        (specloopname     ) [ 0000000000000000000]
store_ln137               (store            ) [ 0000000000000000000]
br_ln140                  (br               ) [ 0000000000000000000]
sum_values_load_1         (load             ) [ 0000000000000000000]
write_ln0                 (write            ) [ 0000000000000000000]
ret_ln0                   (ret              ) [ 0000000000000000000]
</LifeTime>

<model>

<comp_list>
<comp id="0" class="1000" name="gmem">
<pin_list>
<pin id="1" dir="1" index="0" bw="1" slack="0"/>
</pin_list>
<bind>
<StgValue><ssdm name="gmem"/><MemPortTyVec>2 </MemPortTyVec>
</StgValue>
</bind>
</comp>

<comp id="2" class="1000" name="neurons_dense_2_size">
<pin_list>
<pin id="3" dir="1" index="0" bw="1" slack="0"/>
</pin_list>
<bind>
<StgValue><ssdm name="neurons_dense_2_size"/></StgValue>
</bind>
</comp>

<comp id="4" class="1000" name="sext_ln120_1">
<pin_list>
<pin id="5" dir="1" index="0" bw="1" slack="0"/>
</pin_list>
<bind>
<StgValue><ssdm name="sext_ln120_1"/></StgValue>
</bind>
</comp>

<comp id="6" class="1000" name="sext_ln140">
<pin_list>
<pin id="7" dir="1" index="0" bw="1" slack="0"/>
</pin_list>
<bind>
<StgValue><ssdm name="sext_ln140"/></StgValue>
</bind>
</comp>

<comp id="8" class="1000" name="sum_values_out">
<pin_list>
<pin id="9" dir="1" index="0" bw="1" slack="0"/>
</pin_list>
<bind>
<StgValue><ssdm name="sum_values_out"/></StgValue>
</bind>
</comp>

<comp id="10" class="1001" name="const_10">
<pin_list>
<pin id="11" dir="1" index="0" bw="1" slack="0"/>
</pin_list>
<bind>
<StgValue><ssdm name=""/></StgValue>
</bind>
</comp>

<comp id="12" class="1001" name="const_12">
<pin_list>
<pin id="13" dir="1" index="0" bw="1" slack="0"/>
</pin_list>
<bind>
<StgValue><ssdm name="_ssdm_op_Read.ap_auto.i30"/></StgValue>
</bind>
</comp>

<comp id="14" class="1001" name="const_14">
<pin_list>
<pin id="15" dir="1" index="0" bw="1" slack="0"/>
</pin_list>
<bind>
<StgValue><ssdm name="_ssdm_op_Read.ap_auto.i32"/></StgValue>
</bind>
</comp>

<comp id="16" class="1001" name="const_16">
<pin_list>
<pin id="17" dir="1" index="0" bw="1" slack="2147483647"/>
</pin_list>
<bind>
<StgValue><ssdm name="_ssdm_op_SpecInterface"/></StgValue>
</bind>
</comp>

<comp id="18" class="1001" name="const_18">
<pin_list>
<pin id="19" dir="1" index="0" bw="1" slack="2147483647"/>
</pin_list>
<bind>
<StgValue><ssdm name="empty_0"/></StgValue>
</bind>
</comp>

<comp id="20" class="1001" name="const_20">
<pin_list>
<pin id="21" dir="1" index="0" bw="1" slack="0"/>
</pin_list>
<bind>
<StgValue><ssdm name=""/></StgValue>
</bind>
</comp>

<comp id="22" class="1001" name="const_22">
<pin_list>
<pin id="23" dir="1" index="0" bw="1" slack="2147483647"/>
</pin_list>
<bind>
<StgValue><ssdm name="empty_14"/></StgValue>
</bind>
</comp>

<comp id="24" class="1001" name="const_24">
<pin_list>
<pin id="25" dir="1" index="0" bw="1" slack="2147483647"/>
</pin_list>
<bind>
<StgValue><ssdm name="empty"/></StgValue>
</bind>
</comp>

<comp id="26" class="1001" name="const_26">
<pin_list>
<pin id="27" dir="1" index="0" bw="1" slack="2147483647"/>
</pin_list>
<bind>
<StgValue><ssdm name="empty_20"/></StgValue>
</bind>
</comp>

<comp id="28" class="1001" name="const_28">
<pin_list>
<pin id="29" dir="1" index="0" bw="1" slack="2147483647"/>
</pin_list>
<bind>
<StgValue><ssdm name=""/></StgValue>
</bind>
</comp>

<comp id="30" class="1001" name="const_30">
<pin_list>
<pin id="31" dir="1" index="0" bw="1" slack="2147483647"/>
</pin_list>
<bind>
<StgValue><ssdm name=""/></StgValue>
</bind>
</comp>

<comp id="32" class="1001" name="const_32">
<pin_list>
<pin id="33" dir="1" index="0" bw="1" slack="2147483647"/>
</pin_list>
<bind>
<StgValue><ssdm name=""/></StgValue>
</bind>
</comp>

<comp id="34" class="1001" name="const_34">
<pin_list>
<pin id="35" dir="1" index="0" bw="1" slack="0"/>
</pin_list>
<bind>
<StgValue><ssdm name=""/></StgValue>
</bind>
</comp>

<comp id="36" class="1001" name="const_36">
<pin_list>
<pin id="37" dir="1" index="0" bw="1" slack="2147483647"/>
</pin_list>
<bind>
<StgValue><ssdm name="_ssdm_op_SpecBitsMap"/></StgValue>
</bind>
</comp>

<comp id="38" class="1001" name="const_38">
<pin_list>
<pin id="39" dir="1" index="0" bw="1" slack="2147483647"/>
</pin_list>
<bind>
<StgValue><ssdm name="_ssdm_op_SpecLoopTripCount"/></StgValue>
</bind>
</comp>

<comp id="40" class="1001" name="const_40">
<pin_list>
<pin id="41" dir="1" index="0" bw="1" slack="2147483647"/>
</pin_list>
<bind>
<StgValue><ssdm name=""/></StgValue>
</bind>
</comp>

<comp id="42" class="1001" name="const_42">
<pin_list>
<pin id="43" dir="1" index="0" bw="1" slack="2147483647"/>
</pin_list>
<bind>
<StgValue><ssdm name=""/></StgValue>
</bind>
</comp>

<comp id="44" class="1001" name="const_44">
<pin_list>
<pin id="45" dir="1" index="0" bw="1" slack="2147483647"/>
</pin_list>
<bind>
<StgValue><ssdm name=""/></StgValue>
</bind>
</comp>

<comp id="46" class="1001" name="const_46">
<pin_list>
<pin id="47" dir="1" index="0" bw="1" slack="0"/>
</pin_list>
<bind>
<StgValue><ssdm name="_ssdm_op_Read.m_axi.i32.p1i32"/></StgValue>
</bind>
</comp>

<comp id="48" class="1001" name="const_48">
<pin_list>
<pin id="49" dir="1" index="0" bw="1" slack="0"/>
</pin_list>
<bind>
<StgValue><ssdm name="llvm.exp.f32"/></StgValue>
</bind>
</comp>

<comp id="50" class="1001" name="const_50">
<pin_list>
<pin id="51" dir="1" index="0" bw="1" slack="0"/>
</pin_list>
<bind>
<StgValue><ssdm name="_ssdm_op_Write.m_axi.p1i32.i32"/></StgValue>
</bind>
</comp>

<comp id="52" class="1001" name="const_52">
<pin_list>
<pin id="53" dir="1" index="0" bw="1" slack="0"/>
</pin_list>
<bind>
<StgValue><ssdm name=""/></StgValue>
</bind>
</comp>

<comp id="54" class="1001" name="const_54">
<pin_list>
<pin id="55" dir="1" index="0" bw="1" slack="2147483647"/>
</pin_list>
<bind>
<StgValue><ssdm name="_ssdm_op_SpecPipeline"/></StgValue>
</bind>
</comp>

<comp id="56" class="1001" name="const_56">
<pin_list>
<pin id="57" dir="1" index="0" bw="1" slack="2147483647"/>
</pin_list>
<bind>
<StgValue><ssdm name="_ssdm_op_SpecLoopName"/></StgValue>
</bind>
</comp>

<comp id="58" class="1001" name="const_58">
<pin_list>
<pin id="59" dir="1" index="0" bw="1" slack="2147483647"/>
</pin_list>
<bind>
<StgValue><ssdm name="empty_24"/></StgValue>
</bind>
</comp>

<comp id="60" class="1001" name="const_60">
<pin_list>
<pin id="61" dir="1" index="0" bw="1" slack="0"/>
</pin_list>
<bind>
<StgValue><ssdm name="_ssdm_op_Write.ap_auto.floatP0A"/></StgValue>
</bind>
</comp>

<comp id="62" class="1004" name="sum_values_fu_62">
<pin_list>
<pin id="63" dir="0" index="0" bw="1" slack="0"/>
<pin id="64" dir="1" index="1" bw="32" slack="0"/>
</pin_list>
<bind>
<opcode="alloca(26) " fcode="alloca"/>
<opset="sum_values/1 "/>
</bind>
</comp>

<comp id="66" class="1004" name="i_fu_66">
<pin_list>
<pin id="67" dir="0" index="0" bw="1" slack="0"/>
<pin id="68" dir="1" index="1" bw="32" slack="0"/>
</pin_list>
<bind>
<opcode="alloca(26) " fcode="alloca"/>
<opset="i/1 "/>
</bind>
</comp>

<comp id="70" class="1004" name="sext_ln140_read_read_fu_70">
<pin_list>
<pin id="71" dir="0" index="0" bw="30" slack="0"/>
<pin id="72" dir="0" index="1" bw="30" slack="0"/>
<pin id="73" dir="1" index="2" bw="30" slack="0"/>
</pin_list>
<bind>
<opcode="read(1150) " fcode="read"/>
<opset="sext_ln140_read/1 "/>
</bind>
</comp>

<comp id="76" class="1004" name="sext_ln120_1_read_read_fu_76">
<pin_list>
<pin id="77" dir="0" index="0" bw="30" slack="0"/>
<pin id="78" dir="0" index="1" bw="30" slack="0"/>
<pin id="79" dir="1" index="2" bw="30" slack="0"/>
</pin_list>
<bind>
<opcode="read(1150) " fcode="read"/>
<opset="sext_ln120_1_read/1 "/>
</bind>
</comp>

<comp id="82" class="1004" name="neurons_dense_2_size_read_read_fu_82">
<pin_list>
<pin id="83" dir="0" index="0" bw="32" slack="0"/>
<pin id="84" dir="0" index="1" bw="32" slack="0"/>
<pin id="85" dir="1" index="2" bw="32" slack="0"/>
</pin_list>
<bind>
<opcode="read(1150) " fcode="read"/>
<opset="neurons_dense_2_size_read/1 "/>
</bind>
</comp>

<comp id="88" class="1004" name="write_ln0_write_fu_88">
<pin_list>
<pin id="89" dir="0" index="0" bw="0" slack="0"/>
<pin id="90" dir="0" index="1" bw="32" slack="0"/>
<pin id="91" dir="0" index="2" bw="32" slack="0"/>
<pin id="92" dir="1" index="3" bw="0" slack="2147483647"/>
</pin_list>
<bind>
<opcode="write(1151) " fcode="write"/>
<opset="write_ln0/12 "/>
</bind>
</comp>

<comp id="95" class="1004" name="gmem_addr_read_read_fu_95">
<pin_list>
<pin id="96" dir="0" index="0" bw="32" slack="0"/>
<pin id="97" dir="0" index="1" bw="32" slack="0"/>
<pin id="98" dir="1" index="2" bw="32" slack="1"/>
</pin_list>
<bind>
<opcode="read(1150) " fcode="read"/>
<opset="gmem_addr_read/2 "/>
</bind>
</comp>

<comp id="100" class="1004" name="write_ln144_write_fu_100">
<pin_list>
<pin id="101" dir="0" index="0" bw="0" slack="0"/>
<pin id="102" dir="0" index="1" bw="32" slack="0"/>
<pin id="103" dir="0" index="2" bw="32" slack="0"/>
<pin id="104" dir="0" index="3" bw="1" slack="0"/>
<pin id="105" dir="1" index="4" bw="0" slack="2147483647"/>
</pin_list>
<bind>
<opcode="write(1151) " fcode="write"/>
<opset="write_ln144/13 "/>
</bind>
</comp>

<comp id="108" class="1004" name="grp_fu_108">
<pin_list>
<pin id="109" dir="0" index="0" bw="32" slack="0"/>
<pin id="110" dir="0" index="1" bw="32" slack="1"/>
<pin id="111" dir="1" index="2" bw="32" slack="1"/>
</pin_list>
<bind>
<opcode="fadd(9) " fcode="fadd"/>
<opset="sum_values_1/13 "/>
</bind>
</comp>

<comp id="112" class="1004" name="grp_fu_112">
<pin_list>
<pin id="113" dir="0" index="0" bw="32" slack="0"/>
<pin id="114" dir="0" index="1" bw="32" slack="0"/>
<pin id="115" dir="1" index="2" bw="32" slack="1"/>
</pin_list>
<bind>
<opcode="fexp(507) " fcode="fexp"/>
<opset="value/3 "/>
</bind>
</comp>

<comp id="117" class="1004" name="sext_ln140_cast_fu_117">
<pin_list>
<pin id="118" dir="0" index="0" bw="30" slack="0"/>
<pin id="119" dir="1" index="1" bw="32" slack="12"/>
</pin_list>
<bind>
<opcode="sext(35) " fcode="sext"/>
<opset="sext_ln140_cast/1 "/>
</bind>
</comp>

<comp id="121" class="1004" name="sext_ln120_1_cast_fu_121">
<pin_list>
<pin id="122" dir="0" index="0" bw="30" slack="0"/>
<pin id="123" dir="1" index="1" bw="32" slack="1"/>
</pin_list>
<bind>
<opcode="sext(35) " fcode="sext"/>
<opset="sext_ln120_1_cast/1 "/>
</bind>
</comp>

<comp id="125" class="1004" name="store_ln140_store_fu_125">
<pin_list>
<pin id="126" dir="0" index="0" bw="1" slack="0"/>
<pin id="127" dir="0" index="1" bw="32" slack="0"/>
<pin id="128" dir="1" index="2" bw="0" slack="2147483647"/>
</pin_list>
<bind>
<opcode="store(28) " fcode="store"/>
<opset="store_ln140/1 "/>
</bind>
</comp>

<comp id="130" class="1004" name="store_ln137_store_fu_130">
<pin_list>
<pin id="131" dir="0" index="0" bw="32" slack="0"/>
<pin id="132" dir="0" index="1" bw="32" slack="0"/>
<pin id="133" dir="1" index="2" bw="0" slack="2147483647"/>
</pin_list>
<bind>
<opcode="store(28) " fcode="store"/>
<opset="store_ln137/1 "/>
</bind>
</comp>

<comp id="135" class="1004" name="i_4_load_fu_135">
<pin_list>
<pin id="136" dir="0" index="0" bw="32" slack="0"/>
<pin id="137" dir="1" index="1" bw="32" slack="0"/>
</pin_list>
<bind>
<opcode="load(27) " fcode="load"/>
<opset="i_4/1 "/>
</bind>
</comp>

<comp id="138" class="1004" name="icmp_ln140_fu_138">
<pin_list>
<pin id="139" dir="0" index="0" bw="32" slack="0"/>
<pin id="140" dir="0" index="1" bw="32" slack="0"/>
<pin id="141" dir="1" index="2" bw="1" slack="1"/>
</pin_list>
<bind>
<opcode="icmp(45) " fcode="icmp"/>
<opset="icmp_ln140/1 "/>
</bind>
</comp>

<comp id="144" class="1004" name="add_ln140_fu_144">
<pin_list>
<pin id="145" dir="0" index="0" bw="32" slack="0"/>
<pin id="146" dir="0" index="1" bw="1" slack="0"/>
<pin id="147" dir="1" index="2" bw="32" slack="0"/>
</pin_list>
<bind>
<opcode="add(8) " fcode="add"/>
<opset="add_ln140/1 "/>
</bind>
</comp>

<comp id="150" class="1004" name="store_ln140_store_fu_150">
<pin_list>
<pin id="151" dir="0" index="0" bw="32" slack="0"/>
<pin id="152" dir="0" index="1" bw="32" slack="0"/>
<pin id="153" dir="1" index="2" bw="0" slack="2147483647"/>
</pin_list>
<bind>
<opcode="store(28) " fcode="store"/>
<opset="store_ln140/1 "/>
</bind>
</comp>

<comp id="155" class="1004" name="gmem_addr_fu_155">
<pin_list>
<pin id="156" dir="0" index="0" bw="32" slack="0"/>
<pin id="157" dir="0" index="1" bw="30" slack="1"/>
<pin id="158" dir="1" index="2" bw="32" slack="0"/>
</pin_list>
<bind>
<opcode="getelementptr(29) " fcode="getelementptr"/>
<opset="gmem_addr/2 "/>
</bind>
</comp>

<comp id="161" class="1004" name="bitcast_ln142_fu_161">
<pin_list>
<pin id="162" dir="0" index="0" bw="32" slack="1"/>
<pin id="163" dir="1" index="1" bw="32" slack="0"/>
</pin_list>
<bind>
<opcode="bitcast(44) " fcode="bitcast"/>
<opset="bitcast_ln142/3 "/>
</bind>
</comp>

<comp id="165" class="1004" name="sum_values_load_load_fu_165">
<pin_list>
<pin id="166" dir="0" index="0" bw="32" slack="12"/>
<pin id="167" dir="1" index="1" bw="32" slack="0"/>
</pin_list>
<bind>
<opcode="load(27) " fcode="load"/>
<opset="sum_values_load/13 "/>
</bind>
</comp>

<comp id="169" class="1004" name="gmem_addr_2_fu_169">
<pin_list>
<pin id="170" dir="0" index="0" bw="32" slack="0"/>
<pin id="171" dir="0" index="1" bw="30" slack="12"/>
<pin id="172" dir="1" index="2" bw="32" slack="0"/>
</pin_list>
<bind>
<opcode="getelementptr(29) " fcode="getelementptr"/>
<opset="gmem_addr_2/13 "/>
</bind>
</comp>

<comp id="175" class="1004" name="bitcast_ln144_fu_175">
<pin_list>
<pin id="176" dir="0" index="0" bw="32" slack="1"/>
<pin id="177" dir="1" index="1" bw="32" slack="0"/>
</pin_list>
<bind>
<opcode="bitcast(44) " fcode="bitcast"/>
<opset="bitcast_ln144/13 "/>
</bind>
</comp>

<comp id="179" class="1004" name="store_ln137_store_fu_179">
<pin_list>
<pin id="180" dir="0" index="0" bw="32" slack="1"/>
<pin id="181" dir="0" index="1" bw="32" slack="17"/>
<pin id="182" dir="1" index="2" bw="0" slack="2147483647"/>
</pin_list>
<bind>
<opcode="store(28) " fcode="store"/>
<opset="store_ln137/18 "/>
</bind>
</comp>

<comp id="183" class="1004" name="sum_values_load_1_load_fu_183">
<pin_list>
<pin id="184" dir="0" index="0" bw="32" slack="11"/>
<pin id="185" dir="1" index="1" bw="32" slack="0"/>
</pin_list>
<bind>
<opcode="load(27) " fcode="load"/>
<opset="sum_values_load_1/12 "/>
</bind>
</comp>

<comp id="187" class="1005" name="sum_values_reg_187">
<pin_list>
<pin id="188" dir="0" index="0" bw="32" slack="0"/>
<pin id="189" dir="1" index="1" bw="32" slack="0"/>
</pin_list>
<bind>
<opset="sum_values "/>
</bind>
</comp>

<comp id="195" class="1005" name="i_reg_195">
<pin_list>
<pin id="196" dir="0" index="0" bw="32" slack="0"/>
<pin id="197" dir="1" index="1" bw="32" slack="0"/>
</pin_list>
<bind>
<opset="i "/>
</bind>
</comp>

<comp id="202" class="1005" name="sext_ln140_cast_reg_202">
<pin_list>
<pin id="203" dir="0" index="0" bw="32" slack="12"/>
<pin id="204" dir="1" index="1" bw="32" slack="12"/>
</pin_list>
<bind>
<opset="sext_ln140_cast "/>
</bind>
</comp>

<comp id="207" class="1005" name="sext_ln120_1_cast_reg_207">
<pin_list>
<pin id="208" dir="0" index="0" bw="32" slack="1"/>
<pin id="209" dir="1" index="1" bw="32" slack="1"/>
</pin_list>
<bind>
<opset="sext_ln120_1_cast "/>
</bind>
</comp>

<comp id="212" class="1005" name="icmp_ln140_reg_212">
<pin_list>
<pin id="213" dir="0" index="0" bw="1" slack="1"/>
<pin id="214" dir="1" index="1" bw="1" slack="2147483647"/>
</pin_list>
<bind>
<opset="icmp_ln140 "/>
</bind>
</comp>

<comp id="216" class="1005" name="gmem_addr_read_reg_216">
<pin_list>
<pin id="217" dir="0" index="0" bw="32" slack="1"/>
<pin id="218" dir="1" index="1" bw="32" slack="1"/>
</pin_list>
<bind>
<opset="gmem_addr_read "/>
</bind>
</comp>

<comp id="221" class="1005" name="bitcast_ln142_reg_221">
<pin_list>
<pin id="222" dir="0" index="0" bw="32" slack="1"/>
<pin id="223" dir="1" index="1" bw="32" slack="1"/>
</pin_list>
<bind>
<opset="bitcast_ln142 "/>
</bind>
</comp>

<comp id="226" class="1005" name="value_reg_226">
<pin_list>
<pin id="227" dir="0" index="0" bw="32" slack="1"/>
<pin id="228" dir="1" index="1" bw="32" slack="1"/>
</pin_list>
<bind>
<opset="value "/>
</bind>
</comp>

<comp id="232" class="1005" name="sum_values_load_reg_232">
<pin_list>
<pin id="233" dir="0" index="0" bw="32" slack="1"/>
<pin id="234" dir="1" index="1" bw="32" slack="1"/>
</pin_list>
<bind>
<opset="sum_values_load "/>
</bind>
</comp>

<comp id="237" class="1005" name="sum_values_1_reg_237">
<pin_list>
<pin id="238" dir="0" index="0" bw="32" slack="1"/>
<pin id="239" dir="1" index="1" bw="32" slack="1"/>
</pin_list>
<bind>
<opset="sum_values_1 "/>
</bind>
</comp>

</comp_list>

<net_list>
<net id="65"><net_src comp="10" pin="0"/><net_sink comp="62" pin=0"/></net>

<net id="69"><net_src comp="10" pin="0"/><net_sink comp="66" pin=0"/></net>

<net id="74"><net_src comp="12" pin="0"/><net_sink comp="70" pin=0"/></net>

<net id="75"><net_src comp="6" pin="0"/><net_sink comp="70" pin=1"/></net>

<net id="80"><net_src comp="12" pin="0"/><net_sink comp="76" pin=0"/></net>

<net id="81"><net_src comp="4" pin="0"/><net_sink comp="76" pin=1"/></net>

<net id="86"><net_src comp="14" pin="0"/><net_sink comp="82" pin=0"/></net>

<net id="87"><net_src comp="2" pin="0"/><net_sink comp="82" pin=1"/></net>

<net id="93"><net_src comp="60" pin="0"/><net_sink comp="88" pin=0"/></net>

<net id="94"><net_src comp="8" pin="0"/><net_sink comp="88" pin=1"/></net>

<net id="99"><net_src comp="46" pin="0"/><net_sink comp="95" pin=0"/></net>

<net id="106"><net_src comp="50" pin="0"/><net_sink comp="100" pin=0"/></net>

<net id="107"><net_src comp="52" pin="0"/><net_sink comp="100" pin=3"/></net>

<net id="116"><net_src comp="48" pin="0"/><net_sink comp="112" pin=0"/></net>

<net id="120"><net_src comp="70" pin="2"/><net_sink comp="117" pin=0"/></net>

<net id="124"><net_src comp="76" pin="2"/><net_sink comp="121" pin=0"/></net>

<net id="129"><net_src comp="20" pin="0"/><net_sink comp="125" pin=0"/></net>

<net id="134"><net_src comp="34" pin="0"/><net_sink comp="130" pin=0"/></net>

<net id="142"><net_src comp="135" pin="1"/><net_sink comp="138" pin=0"/></net>

<net id="143"><net_src comp="82" pin="2"/><net_sink comp="138" pin=1"/></net>

<net id="148"><net_src comp="135" pin="1"/><net_sink comp="144" pin=0"/></net>

<net id="149"><net_src comp="10" pin="0"/><net_sink comp="144" pin=1"/></net>

<net id="154"><net_src comp="144" pin="2"/><net_sink comp="150" pin=0"/></net>

<net id="159"><net_src comp="0" pin="0"/><net_sink comp="155" pin=0"/></net>

<net id="160"><net_src comp="155" pin="2"/><net_sink comp="95" pin=1"/></net>

<net id="164"><net_src comp="161" pin="1"/><net_sink comp="112" pin=1"/></net>

<net id="168"><net_src comp="165" pin="1"/><net_sink comp="108" pin=0"/></net>

<net id="173"><net_src comp="0" pin="0"/><net_sink comp="169" pin=0"/></net>

<net id="174"><net_src comp="169" pin="2"/><net_sink comp="100" pin=1"/></net>

<net id="178"><net_src comp="175" pin="1"/><net_sink comp="100" pin=2"/></net>

<net id="186"><net_src comp="183" pin="1"/><net_sink comp="88" pin=2"/></net>

<net id="190"><net_src comp="62" pin="1"/><net_sink comp="187" pin=0"/></net>

<net id="191"><net_src comp="187" pin="1"/><net_sink comp="130" pin=1"/></net>

<net id="192"><net_src comp="187" pin="1"/><net_sink comp="165" pin=0"/></net>

<net id="193"><net_src comp="187" pin="1"/><net_sink comp="179" pin=1"/></net>

<net id="194"><net_src comp="187" pin="1"/><net_sink comp="183" pin=0"/></net>

<net id="198"><net_src comp="66" pin="1"/><net_sink comp="195" pin=0"/></net>

<net id="199"><net_src comp="195" pin="1"/><net_sink comp="125" pin=1"/></net>

<net id="200"><net_src comp="195" pin="1"/><net_sink comp="135" pin=0"/></net>

<net id="201"><net_src comp="195" pin="1"/><net_sink comp="150" pin=1"/></net>

<net id="205"><net_src comp="117" pin="1"/><net_sink comp="202" pin=0"/></net>

<net id="206"><net_src comp="202" pin="1"/><net_sink comp="169" pin=1"/></net>

<net id="210"><net_src comp="121" pin="1"/><net_sink comp="207" pin=0"/></net>

<net id="211"><net_src comp="207" pin="1"/><net_sink comp="155" pin=1"/></net>

<net id="215"><net_src comp="138" pin="2"/><net_sink comp="212" pin=0"/></net>

<net id="219"><net_src comp="95" pin="2"/><net_sink comp="216" pin=0"/></net>

<net id="220"><net_src comp="216" pin="1"/><net_sink comp="161" pin=0"/></net>

<net id="224"><net_src comp="161" pin="1"/><net_sink comp="221" pin=0"/></net>

<net id="225"><net_src comp="221" pin="1"/><net_sink comp="112" pin=1"/></net>

<net id="229"><net_src comp="112" pin="2"/><net_sink comp="226" pin=0"/></net>

<net id="230"><net_src comp="226" pin="1"/><net_sink comp="108" pin=1"/></net>

<net id="231"><net_src comp="226" pin="1"/><net_sink comp="175" pin=0"/></net>

<net id="235"><net_src comp="165" pin="1"/><net_sink comp="232" pin=0"/></net>

<net id="236"><net_src comp="232" pin="1"/><net_sink comp="108" pin=0"/></net>

<net id="240"><net_src comp="108" pin="2"/><net_sink comp="237" pin=0"/></net>

<net id="241"><net_src comp="237" pin="1"/><net_sink comp="179" pin=0"/></net>

</net_list>

</model> 
---------------- Datapath Model END ------------------

* FSMD analyzer results:
  - Output states:
	Port: gmem | {13 }
	Port: sum_values_out | {12 }
 - Input state : 
	Port: cifar10_Pipeline_VITIS_LOOP_140_1 : gmem | {2 }
	Port: cifar10_Pipeline_VITIS_LOOP_140_1 : neurons_dense_2_size | {1 }
	Port: cifar10_Pipeline_VITIS_LOOP_140_1 : sext_ln120_1 | {1 }
	Port: cifar10_Pipeline_VITIS_LOOP_140_1 : sext_ln140 | {1 }
  - Chain level:
	State 1
		store_ln140 : 1
		store_ln137 : 1
		i_4 : 1
		icmp_ln140 : 2
		add_ln140 : 2
		br_ln140 : 3
		store_ln140 : 3
	State 2
		gmem_addr_read : 1
	State 3
		value : 1
	State 4
	State 5
	State 6
	State 7
	State 8
	State 9
	State 10
	State 11
	State 12
		write_ln0 : 1
	State 13
		sum_values_1 : 1
		write_ln144 : 1
	State 14
	State 15
	State 16
	State 17
	State 18


============================================================
+ Verbose Summary: Datapath Resource usage 
============================================================

* Functional unit list:
|----------|--------------------------------------|---------|---------|---------|
| Operation|            Functional Unit           |   DSP   |    FF   |   LUT   |
|----------|--------------------------------------|---------|---------|---------|
|   fexp   |              grp_fu_112              |    7    |   317   |   918   |
|----------|--------------------------------------|---------|---------|---------|
|   fadd   |              grp_fu_108              |    2    |   205   |   390   |
|----------|--------------------------------------|---------|---------|---------|
|   icmp   |           icmp_ln140_fu_138          |    0    |    0    |    39   |
|----------|--------------------------------------|---------|---------|---------|
|    add   |           add_ln140_fu_144           |    0    |    0    |    39   |
|----------|--------------------------------------|---------|---------|---------|
|          |      sext_ln140_read_read_fu_70      |    0    |    0    |    0    |
|   read   |     sext_ln120_1_read_read_fu_76     |    0    |    0    |    0    |
|          | neurons_dense_2_size_read_read_fu_82 |    0    |    0    |    0    |
|          |       gmem_addr_read_read_fu_95      |    0    |    0    |    0    |
|----------|--------------------------------------|---------|---------|---------|
|   write  |         write_ln0_write_fu_88        |    0    |    0    |    0    |
|          |       write_ln144_write_fu_100       |    0    |    0    |    0    |
|----------|--------------------------------------|---------|---------|---------|
|   sext   |        sext_ln140_cast_fu_117        |    0    |    0    |    0    |
|          |       sext_ln120_1_cast_fu_121       |    0    |    0    |    0    |
|----------|--------------------------------------|---------|---------|---------|
|   Total  |                                      |    9    |   522   |   1386  |
|----------|--------------------------------------|---------|---------|---------|

Memories:
N/A

* Register list:
+-------------------------+--------+
|                         |   FF   |
+-------------------------+--------+
|  bitcast_ln142_reg_221  |   32   |
|  gmem_addr_read_reg_216 |   32   |
|        i_reg_195        |   32   |
|    icmp_ln140_reg_212   |    1   |
|sext_ln120_1_cast_reg_207|   32   |
| sext_ln140_cast_reg_202 |   32   |
|   sum_values_1_reg_237  |   32   |
| sum_values_load_reg_232 |   32   |
|    sum_values_reg_187   |   32   |
|      value_reg_226      |   32   |
+-------------------------+--------+
|          Total          |   289  |
+-------------------------+--------+

* Multiplexer (MUX) list: 
|------------|------|------|------|--------||---------||---------||---------|
|    Comp    |  Pin | Size |  BW  | S x BW ||  Delay  ||    FF   ||   LUT   |
|------------|------|------|------|--------||---------||---------||---------|
| grp_fu_108 |  p0  |   2  |  32  |   64   ||    0    ||    9    |
| grp_fu_112 |  p1  |   2  |  32  |   64   ||    0    ||    9    |
|------------|------|------|------|--------||---------||---------||---------|
|    Total   |      |      |      |   128  ||  3.176  ||    0    ||    18   |
|------------|------|------|------|--------||---------||---------||---------|



* Summary:
+-----------+--------+--------+--------+--------+
|           |   DSP  |  Delay |   FF   |   LUT  |
+-----------+--------+--------+--------+--------+
|  Function |    9   |    -   |   522  |  1386  |
|   Memory  |    -   |    -   |    -   |    -   |
|Multiplexer|    -   |    3   |    0   |   18   |
|  Register |    -   |    -   |   289  |    -   |
+-----------+--------+--------+--------+--------+
|   Total   |    9   |    3   |   811  |  1404  |
+-----------+--------+--------+--------+--------+
