

================================================================
== Vitis HLS Report for 'cifar10_Pipeline_VITIS_LOOP_125_3'
================================================================
* Date:           Mon May  4 21:06:53 2026

* Version:        2025.2 (Build 6295257 on Nov 14 2025)
* Project:        proj_cifar10
* Solution:       fsolution (Vivado IP Flow Target)
* Product family: zynq
* Target device:  xc7z020-clg484-1


================================================================
== Performance Estimates
================================================================
+ Timing: 
    * Summary: 
    +--------+----------+----------+------------+
    |  Clock |  Target  | Estimated| Uncertainty|
    +--------+----------+----------+------------+
    |ap_clk  |  10.00 ns|  7.300 ns|     2.70 ns|
    +--------+----------+----------+------------+

+ Latency: 
    * Summary: 
    +---------+---------+----------+----------+-----+-----+-------------------+
    |  Latency (cycles) |  Latency (absolute) |  Interval |      Pipeline     |
    |   min   |   max   |    min   |    max   | min | max |        Type       |
    +---------+---------+----------+----------+-----+-----+-------------------+
    |        ?|        ?|         ?|         ?|    0|    0|  loop pipeline stp|
    +---------+---------+----------+----------+-----+-----+-------------------+

    + Detail: 
        * Instance: 
        N/A

        * Loop: 
        +--------------------+---------+---------+----------+-----------+-----------+------+----------+
        |                    |  Latency (cycles) | Iteration|  Initiation Interval  | Trip |          |
        |      Loop Name     |   min   |   max   |  Latency |  achieved |   target  | Count| Pipelined|
        +--------------------+---------+---------+----------+-----------+-----------+------+----------+
        |- VITIS_LOOP_125_3  |        ?|        ?|        21|          6|          1|     ?|       yes|
        +--------------------+---------+---------+----------+-----------+-----------+------+----------+

============================================================
+ Verbose Summary: Synthesis Manager
============================================================
InlineROM: 1
ExposeGlobal: 0
============================================================
+ Verbose Summary: CDFG Model
============================================================
IsTopModel: 0
ResetActiveHigh: 1
IsCombinational: 0
IsDatapathOnly: 0
HasWiredReturn: 1
HasMFsm: 2
HasVarLatency: 1
IsPipeline: 0
IsRtlPipelined: 0
IsInstanceOverlapped: 0
IsDontTouch: 0
HasImplIP: 0
IsGatedGlobalClock: 0

+ Individual pipeline summary: 
  * Pipeline-0: initiation interval (II) = 6, depth = 21


============================================================
+ Verbose Summary: Schedule
============================================================
* Number of FSM states : 21
* Pipeline : 1
  Pipeline-0 : II = 6, D = 21, States = { 1 2 3 4 5 6 7 8 9 10 11 12 13 14 15 16 17 18 19 20 21 }
* Dataflow Pipeline: 0

* FSM state transitions: 
1 --> 2 
2 --> 3 
3 --> 4 
4 --> 5 
5 --> 6 
6 --> 7 
7 --> 8 
8 --> 9 
9 --> 10 
10 --> 11 
11 --> 12 
12 --> 13 
13 --> 14 
14 --> 15 
15 --> 16 
16 --> 17 
17 --> 18 
18 --> 19 
19 --> 20 
20 --> 21 
21 --> 

* FSM state operations: 

State 1 <SV = 0> <Delay = 5.72>
ST_1 : Operation 24 [1/1] (0.00ns)   --->   "%acumulated = alloca i32 1" [cpu_functions.cpp:124->cpu_functions.cpp:184]   --->   Operation 24 'alloca' 'acumulated' <Predicate = true> <Delay = 0.00>
ST_1 : Operation 25 [1/1] (0.00ns)   --->   "%k = alloca i32 1" [cpu_functions.cpp:125->cpu_functions.cpp:184]   --->   Operation 25 'alloca' 'k' <Predicate = true> <Delay = 0.00>
ST_1 : Operation 26 [1/1] (0.00ns)   --->   "%sext_ln125_read = read i30 @_ssdm_op_Read.ap_auto.i30, i30 %sext_ln125"   --->   Operation 26 'read' 'sext_ln125_read' <Predicate = true> <Delay = 0.00>
ST_1 : Operation 27 [1/1] (0.00ns)   --->   "%sext_ln125_1_read = read i30 @_ssdm_op_Read.ap_auto.i30, i30 %sext_ln125_1"   --->   Operation 27 'read' 'sext_ln125_1_read' <Predicate = true> <Delay = 0.00>
ST_1 : Operation 28 [1/1] (0.00ns)   --->   "%mul_ln184_read = read i32 @_ssdm_op_Read.ap_auto.i32, i32 %mul_ln184"   --->   Operation 28 'read' 'mul_ln184_read' <Predicate = true> <Delay = 0.00>
ST_1 : Operation 29 [1/1] (0.00ns)   --->   "%sext_ln125_cast = sext i30 %sext_ln125_read"   --->   Operation 29 'sext' 'sext_ln125_cast' <Predicate = true> <Delay = 0.00>
ST_1 : Operation 30 [1/1] (0.00ns)   --->   "%sext_ln125_1_cast = sext i30 %sext_ln125_1_read"   --->   Operation 30 'sext' 'sext_ln125_1_cast' <Predicate = true> <Delay = 0.00>
ST_1 : Operation 31 [1/1] (0.00ns)   --->   "%specinterface_ln0 = specinterface void @_ssdm_op_SpecInterface, i32 %gmem, void @empty_0, i32 0, i32 0, void @empty_14, i32 0, i32 0, void @empty, void @empty_20, void @empty_14, i32 16, i32 16, i32 16, i32 16, void @empty_14, void @empty_14, i32 4294967295, i32 0, i32 0, i32 4"   --->   Operation 31 'specinterface' 'specinterface_ln0' <Predicate = true> <Delay = 0.00>
ST_1 : Operation 32 [1/1] (1.58ns)   --->   "%store_ln125 = store i32 0, i32 %k" [cpu_functions.cpp:125->cpu_functions.cpp:184]   --->   Operation 32 'store' 'store_ln125' <Predicate = true> <Delay = 1.58>
ST_1 : Operation 33 [1/1] (1.58ns)   --->   "%store_ln124 = store i32 0, i32 %acumulated" [cpu_functions.cpp:124->cpu_functions.cpp:184]   --->   Operation 33 'store' 'store_ln124' <Predicate = true> <Delay = 1.58>
ST_1 : Operation 34 [1/1] (0.00ns)   --->   "%br_ln0 = br void %for.inc.i128"   --->   Operation 34 'br' 'br_ln0' <Predicate = true> <Delay = 0.00>
ST_1 : Operation 35 [1/1] (0.00ns)   --->   "%k_3 = load i32 %k" [cpu_functions.cpp:125->cpu_functions.cpp:184]   --->   Operation 35 'load' 'k_3' <Predicate = true> <Delay = 0.00>
ST_1 : Operation 36 [1/1] (0.00ns)   --->   "%specbitsmap_ln0 = specbitsmap void @_ssdm_op_SpecBitsMap, i32 %gmem"   --->   Operation 36 'specbitsmap' 'specbitsmap_ln0' <Predicate = true> <Delay = 0.00>
ST_1 : Operation 37 [1/1] (2.55ns)   --->   "%icmp_ln125 = icmp_eq  i32 %k_3, i32 %mul_ln184_read" [cpu_functions.cpp:125->cpu_functions.cpp:184]   --->   Operation 37 'icmp' 'icmp_ln125' <Predicate = true> <Delay = 2.55> <CoreInst = "Cmp">   --->   Core 9 'Cmp' <Latency = 0> <II = 1> <Delay = 2.55> <FuncUnit> <Opcode : 'seteq' 'setne' 'setle' 'setge' 'setlt' 'setgt'> <InPorts = 2> <OutPorts = 1>
ST_1 : Operation 38 [1/1] (2.55ns)   --->   "%add_ln125 = add i32 %k_3, i32 1" [cpu_functions.cpp:125->cpu_functions.cpp:184]   --->   Operation 38 'add' 'add_ln125' <Predicate = true> <Delay = 2.55> <CoreInst = "Adder">   --->   Core 1 'Adder' <Latency = 0> <II = 1> <Delay = 2.55> <FuncUnit> <Opcode : 'add' 'sub'> <InPorts = 2> <OutPorts = 1>
ST_1 : Operation 39 [1/1] (0.00ns)   --->   "%br_ln125 = br i1 %icmp_ln125, void %for.inc.i128.split, void %for.inc19.i.exitStub" [cpu_functions.cpp:125->cpu_functions.cpp:184]   --->   Operation 39 'br' 'br_ln125' <Predicate = true> <Delay = 0.00>
ST_1 : Operation 40 [1/1] (0.00ns)   --->   "%trunc_ln127 = trunc i32 %k_3" [cpu_functions.cpp:127->cpu_functions.cpp:184]   --->   Operation 40 'trunc' 'trunc_ln127' <Predicate = (!icmp_ln125)> <Delay = 0.00>
ST_1 : Operation 41 [1/1] (0.00ns)   --->   "%zext_ln127 = zext i30 %trunc_ln127" [cpu_functions.cpp:127->cpu_functions.cpp:184]   --->   Operation 41 'zext' 'zext_ln127' <Predicate = (!icmp_ln125)> <Delay = 0.00>
ST_1 : Operation 42 [1/1] (2.49ns)   --->   "%add_ln127 = add i32 %zext_ln127, i32 %sext_ln125_1_cast" [cpu_functions.cpp:127->cpu_functions.cpp:184]   --->   Operation 42 'add' 'add_ln127' <Predicate = (!icmp_ln125)> <Delay = 2.49> <CoreInst = "Adder">   --->   Core 1 'Adder' <Latency = 0> <II = 1> <Delay = 2.49> <FuncUnit> <Opcode : 'add' 'sub'> <InPorts = 2> <OutPorts = 1>
ST_1 : Operation 43 [1/1] (2.49ns)   --->   "%add_ln127_1 = add i32 %zext_ln127, i32 %sext_ln125_cast" [cpu_functions.cpp:127->cpu_functions.cpp:184]   --->   Operation 43 'add' 'add_ln127_1' <Predicate = (!icmp_ln125)> <Delay = 2.49> <CoreInst = "Adder">   --->   Core 1 'Adder' <Latency = 0> <II = 1> <Delay = 2.49> <FuncUnit> <Opcode : 'add' 'sub'> <InPorts = 2> <OutPorts = 1>
ST_1 : Operation 44 [1/1] (1.58ns)   --->   "%store_ln125 = store i32 %add_ln125, i32 %k" [cpu_functions.cpp:125->cpu_functions.cpp:184]   --->   Operation 44 'store' 'store_ln125' <Predicate = (!icmp_ln125)> <Delay = 1.58>

State 2 <SV = 1> <Delay = 7.30>
ST_2 : Operation 45 [1/1] (0.00ns)   --->   "%gmem_addr = getelementptr i32 %gmem, i32 %add_ln127" [cpu_functions.cpp:127->cpu_functions.cpp:184]   --->   Operation 45 'getelementptr' 'gmem_addr' <Predicate = (!icmp_ln125)> <Delay = 0.00>
ST_2 : Operation 46 [8/8] (7.30ns)   --->   "%gmem_load_8_req = readreq i1 @_ssdm_op_ReadReq.m_axi.i32P1A, i32 %gmem_addr, i32 1" [cpu_functions.cpp:127->cpu_functions.cpp:184]   --->   Operation 46 'readreq' 'gmem_load_8_req' <Predicate = (!icmp_ln125)> <Delay = 7.30> <CoreInst = "m_axi">   --->   Core 111 'm_axi' <Latency = 6> <II = 1> <Delay = 1.00> <Adapter> <Opcode : 'readrequnaligned' 'writerequnaligned' 'read' 'write' 'readreq' 'writereq' 'writeresp'>

State 3 <SV = 2> <Delay = 7.30>
ST_3 : Operation 47 [7/8] (7.30ns)   --->   "%gmem_load_8_req = readreq i1 @_ssdm_op_ReadReq.m_axi.i32P1A, i32 %gmem_addr, i32 1" [cpu_functions.cpp:127->cpu_functions.cpp:184]   --->   Operation 47 'readreq' 'gmem_load_8_req' <Predicate = (!icmp_ln125)> <Delay = 7.30> <CoreInst = "m_axi">   --->   Core 111 'm_axi' <Latency = 6> <II = 1> <Delay = 1.00> <Adapter> <Opcode : 'readrequnaligned' 'writerequnaligned' 'read' 'write' 'readreq' 'writereq' 'writeresp'>
ST_3 : Operation 48 [1/1] (0.00ns)   --->   "%gmem_addr_4 = getelementptr i32 %gmem, i32 %add_ln127_1" [cpu_functions.cpp:127->cpu_functions.cpp:184]   --->   Operation 48 'getelementptr' 'gmem_addr_4' <Predicate = (!icmp_ln125)> <Delay = 0.00>
ST_3 : Operation 49 [8/8] (7.30ns)   --->   "%gmem_load_9_req = readreq i1 @_ssdm_op_ReadReq.m_axi.i32P1A, i32 %gmem_addr_4, i32 1" [cpu_functions.cpp:127->cpu_functions.cpp:184]   --->   Operation 49 'readreq' 'gmem_load_9_req' <Predicate = (!icmp_ln125)> <Delay = 7.30> <CoreInst = "m_axi">   --->   Core 111 'm_axi' <Latency = 6> <II = 1> <Delay = 1.00> <Adapter> <Opcode : 'readrequnaligned' 'writerequnaligned' 'read' 'write' 'readreq' 'writereq' 'writeresp'>

State 4 <SV = 3> <Delay = 0.00>
ST_4 : Operation 50 [6/8] (7.30ns)   --->   "%gmem_load_8_req = readreq i1 @_ssdm_op_ReadReq.m_axi.i32P1A, i32 %gmem_addr, i32 1" [cpu_functions.cpp:127->cpu_functions.cpp:184]   --->   Operation 50 'readreq' 'gmem_load_8_req' <Predicate = (!icmp_ln125)> <Delay = 7.30> <CoreInst = "m_axi">   --->   Core 111 'm_axi' <Latency = 6> <II = 1> <Delay = 1.00> <Adapter> <Opcode : 'readrequnaligned' 'writerequnaligned' 'read' 'write' 'readreq' 'writereq' 'writeresp'>
ST_4 : Operation 51 [7/8] (7.30ns)   --->   "%gmem_load_9_req = readreq i1 @_ssdm_op_ReadReq.m_axi.i32P1A, i32 %gmem_addr_4, i32 1" [cpu_functions.cpp:127->cpu_functions.cpp:184]   --->   Operation 51 'readreq' 'gmem_load_9_req' <Predicate = (!icmp_ln125)> <Delay = 7.30> <CoreInst = "m_axi">   --->   Core 111 'm_axi' <Latency = 6> <II = 1> <Delay = 1.00> <Adapter> <Opcode : 'readrequnaligned' 'writerequnaligned' 'read' 'write' 'readreq' 'writereq' 'writeresp'>

State 5 <SV = 4> <Delay = 0.00>
ST_5 : Operation 52 [5/8] (7.30ns)   --->   "%gmem_load_8_req = readreq i1 @_ssdm_op_ReadReq.m_axi.i32P1A, i32 %gmem_addr, i32 1" [cpu_functions.cpp:127->cpu_functions.cpp:184]   --->   Operation 52 'readreq' 'gmem_load_8_req' <Predicate = (!icmp_ln125)> <Delay = 7.30> <CoreInst = "m_axi">   --->   Core 111 'm_axi' <Latency = 6> <II = 1> <Delay = 1.00> <Adapter> <Opcode : 'readrequnaligned' 'writerequnaligned' 'read' 'write' 'readreq' 'writereq' 'writeresp'>
ST_5 : Operation 53 [6/8] (7.30ns)   --->   "%gmem_load_9_req = readreq i1 @_ssdm_op_ReadReq.m_axi.i32P1A, i32 %gmem_addr_4, i32 1" [cpu_functions.cpp:127->cpu_functions.cpp:184]   --->   Operation 53 'readreq' 'gmem_load_9_req' <Predicate = (!icmp_ln125)> <Delay = 7.30> <CoreInst = "m_axi">   --->   Core 111 'm_axi' <Latency = 6> <II = 1> <Delay = 1.00> <Adapter> <Opcode : 'readrequnaligned' 'writerequnaligned' 'read' 'write' 'readreq' 'writereq' 'writeresp'>

State 6 <SV = 5> <Delay = 0.00>
ST_6 : Operation 54 [4/8] (7.30ns)   --->   "%gmem_load_8_req = readreq i1 @_ssdm_op_ReadReq.m_axi.i32P1A, i32 %gmem_addr, i32 1" [cpu_functions.cpp:127->cpu_functions.cpp:184]   --->   Operation 54 'readreq' 'gmem_load_8_req' <Predicate = (!icmp_ln125)> <Delay = 7.30> <CoreInst = "m_axi">   --->   Core 111 'm_axi' <Latency = 6> <II = 1> <Delay = 1.00> <Adapter> <Opcode : 'readrequnaligned' 'writerequnaligned' 'read' 'write' 'readreq' 'writereq' 'writeresp'>
ST_6 : Operation 55 [5/8] (7.30ns)   --->   "%gmem_load_9_req = readreq i1 @_ssdm_op_ReadReq.m_axi.i32P1A, i32 %gmem_addr_4, i32 1" [cpu_functions.cpp:127->cpu_functions.cpp:184]   --->   Operation 55 'readreq' 'gmem_load_9_req' <Predicate = (!icmp_ln125)> <Delay = 7.30> <CoreInst = "m_axi">   --->   Core 111 'm_axi' <Latency = 6> <II = 1> <Delay = 1.00> <Adapter> <Opcode : 'readrequnaligned' 'writerequnaligned' 'read' 'write' 'readreq' 'writereq' 'writeresp'>

State 7 <SV = 6> <Delay = 0.00>
ST_7 : Operation 56 [3/8] (7.30ns)   --->   "%gmem_load_8_req = readreq i1 @_ssdm_op_ReadReq.m_axi.i32P1A, i32 %gmem_addr, i32 1" [cpu_functions.cpp:127->cpu_functions.cpp:184]   --->   Operation 56 'readreq' 'gmem_load_8_req' <Predicate = true> <Delay = 7.30> <CoreInst = "m_axi">   --->   Core 111 'm_axi' <Latency = 6> <II = 1> <Delay = 1.00> <Adapter> <Opcode : 'readrequnaligned' 'writerequnaligned' 'read' 'write' 'readreq' 'writereq' 'writeresp'>
ST_7 : Operation 57 [4/8] (7.30ns)   --->   "%gmem_load_9_req = readreq i1 @_ssdm_op_ReadReq.m_axi.i32P1A, i32 %gmem_addr_4, i32 1" [cpu_functions.cpp:127->cpu_functions.cpp:184]   --->   Operation 57 'readreq' 'gmem_load_9_req' <Predicate = true> <Delay = 7.30> <CoreInst = "m_axi">   --->   Core 111 'm_axi' <Latency = 6> <II = 1> <Delay = 1.00> <Adapter> <Opcode : 'readrequnaligned' 'writerequnaligned' 'read' 'write' 'readreq' 'writereq' 'writeresp'>

State 8 <SV = 7> <Delay = 0.00>
ST_8 : Operation 58 [2/8] (7.30ns)   --->   "%gmem_load_8_req = readreq i1 @_ssdm_op_ReadReq.m_axi.i32P1A, i32 %gmem_addr, i32 1" [cpu_functions.cpp:127->cpu_functions.cpp:184]   --->   Operation 58 'readreq' 'gmem_load_8_req' <Predicate = true> <Delay = 7.30> <CoreInst = "m_axi">   --->   Core 111 'm_axi' <Latency = 6> <II = 1> <Delay = 1.00> <Adapter> <Opcode : 'readrequnaligned' 'writerequnaligned' 'read' 'write' 'readreq' 'writereq' 'writeresp'>
ST_8 : Operation 59 [3/8] (7.30ns)   --->   "%gmem_load_9_req = readreq i1 @_ssdm_op_ReadReq.m_axi.i32P1A, i32 %gmem_addr_4, i32 1" [cpu_functions.cpp:127->cpu_functions.cpp:184]   --->   Operation 59 'readreq' 'gmem_load_9_req' <Predicate = true> <Delay = 7.30> <CoreInst = "m_axi">   --->   Core 111 'm_axi' <Latency = 6> <II = 1> <Delay = 1.00> <Adapter> <Opcode : 'readrequnaligned' 'writerequnaligned' 'read' 'write' 'readreq' 'writereq' 'writeresp'>

State 9 <SV = 8> <Delay = 7.30>
ST_9 : Operation 60 [1/8] ( I:7.30ns O:7.30ns )   --->   "%gmem_load_8_req = readreq i1 @_ssdm_op_ReadReq.m_axi.i32P1A, i32 %gmem_addr, i32 1" [cpu_functions.cpp:127->cpu_functions.cpp:184]   --->   Operation 60 'readreq' 'gmem_load_8_req' <Predicate = true> <Delay = 7.30> <CoreInst = "m_axi">   --->   Core 111 'm_axi' <Latency = 6> <II = 1> <Delay = 1.00> <Adapter> <Opcode : 'readrequnaligned' 'writerequnaligned' 'read' 'write' 'readreq' 'writereq' 'writeresp'>
ST_9 : Operation 61 [2/8] (7.30ns)   --->   "%gmem_load_9_req = readreq i1 @_ssdm_op_ReadReq.m_axi.i32P1A, i32 %gmem_addr_4, i32 1" [cpu_functions.cpp:127->cpu_functions.cpp:184]   --->   Operation 61 'readreq' 'gmem_load_9_req' <Predicate = true> <Delay = 7.30> <CoreInst = "m_axi">   --->   Core 111 'm_axi' <Latency = 6> <II = 1> <Delay = 1.00> <Adapter> <Opcode : 'readrequnaligned' 'writerequnaligned' 'read' 'write' 'readreq' 'writereq' 'writeresp'>

State 10 <SV = 9> <Delay = 7.30>
ST_10 : Operation 62 [1/1] ( I:7.30ns O:7.30ns )   --->   "%gmem_addr_read = read i32 @_ssdm_op_Read.m_axi.i32P1A, i32 %gmem_addr" [cpu_functions.cpp:127->cpu_functions.cpp:184]   --->   Operation 62 'read' 'gmem_addr_read' <Predicate = true> <Delay = 7.30> <CoreInst = "m_axi">   --->   Core 111 'm_axi' <Latency = 3> <II = 1> <Delay = 1.00> <Adapter> <Opcode : 'readrequnaligned' 'writerequnaligned' 'read' 'write' 'readreq' 'writereq' 'writeresp'>
ST_10 : Operation 63 [1/8] ( I:7.30ns O:7.30ns )   --->   "%gmem_load_9_req = readreq i1 @_ssdm_op_ReadReq.m_axi.i32P1A, i32 %gmem_addr_4, i32 1" [cpu_functions.cpp:127->cpu_functions.cpp:184]   --->   Operation 63 'readreq' 'gmem_load_9_req' <Predicate = true> <Delay = 7.30> <CoreInst = "m_axi">   --->   Core 111 'm_axi' <Latency = 6> <II = 1> <Delay = 1.00> <Adapter> <Opcode : 'readrequnaligned' 'writerequnaligned' 'read' 'write' 'readreq' 'writereq' 'writeresp'>

State 11 <SV = 10> <Delay = 7.30>
ST_11 : Operation 64 [1/1] ( I:7.30ns O:7.30ns )   --->   "%gmem_addr_4_read = read i32 @_ssdm_op_Read.m_axi.i32P1A, i32 %gmem_addr_4" [cpu_functions.cpp:127->cpu_functions.cpp:184]   --->   Operation 64 'read' 'gmem_addr_4_read' <Predicate = true> <Delay = 7.30> <CoreInst = "m_axi">   --->   Core 111 'm_axi' <Latency = 3> <II = 1> <Delay = 1.00> <Adapter> <Opcode : 'readrequnaligned' 'writerequnaligned' 'read' 'write' 'readreq' 'writereq' 'writeresp'>

State 12 <SV = 11> <Delay = 5.70>
ST_12 : Operation 65 [1/1] (0.00ns)   --->   "%bitcast_ln127 = bitcast i32 %gmem_addr_read" [cpu_functions.cpp:127->cpu_functions.cpp:184]   --->   Operation 65 'bitcast' 'bitcast_ln127' <Predicate = true> <Delay = 0.00>
ST_12 : Operation 66 [1/1] (0.00ns)   --->   "%bitcast_ln127_1 = bitcast i32 %gmem_addr_4_read" [cpu_functions.cpp:127->cpu_functions.cpp:184]   --->   Operation 66 'bitcast' 'bitcast_ln127_1' <Predicate = true> <Delay = 0.00>
ST_12 : Operation 67 [4/4] (5.70ns)   --->   "%mul13_i = fmul i32 %bitcast_ln127, i32 %bitcast_ln127_1" [cpu_functions.cpp:127->cpu_functions.cpp:184]   --->   Operation 67 'fmul' 'mul13_i' <Predicate = true> <Delay = 5.70> <CoreInst = "FMul_maxdsp">   --->   Core 30 'FMul_maxdsp' <Latency = 3> <II = 1> <Delay = 5.70> <FuncUnit> <Opcode : 'fmul'> <InPorts = 2> <OutPorts = 1>

State 13 <SV = 12> <Delay = 5.70>
ST_13 : Operation 68 [3/4] (5.70ns)   --->   "%mul13_i = fmul i32 %bitcast_ln127, i32 %bitcast_ln127_1" [cpu_functions.cpp:127->cpu_functions.cpp:184]   --->   Operation 68 'fmul' 'mul13_i' <Predicate = true> <Delay = 5.70> <CoreInst = "FMul_maxdsp">   --->   Core 30 'FMul_maxdsp' <Latency = 3> <II = 1> <Delay = 5.70> <FuncUnit> <Opcode : 'fmul'> <InPorts = 2> <OutPorts = 1>

State 14 <SV = 13> <Delay = 5.70>
ST_14 : Operation 69 [2/4] (5.70ns)   --->   "%mul13_i = fmul i32 %bitcast_ln127, i32 %bitcast_ln127_1" [cpu_functions.cpp:127->cpu_functions.cpp:184]   --->   Operation 69 'fmul' 'mul13_i' <Predicate = true> <Delay = 5.70> <CoreInst = "FMul_maxdsp">   --->   Core 30 'FMul_maxdsp' <Latency = 3> <II = 1> <Delay = 5.70> <FuncUnit> <Opcode : 'fmul'> <InPorts = 2> <OutPorts = 1>

State 15 <SV = 14> <Delay = 5.70>
ST_15 : Operation 70 [1/4] (5.70ns)   --->   "%mul13_i = fmul i32 %bitcast_ln127, i32 %bitcast_ln127_1" [cpu_functions.cpp:127->cpu_functions.cpp:184]   --->   Operation 70 'fmul' 'mul13_i' <Predicate = true> <Delay = 5.70> <CoreInst = "FMul_maxdsp">   --->   Core 30 'FMul_maxdsp' <Latency = 3> <II = 1> <Delay = 5.70> <FuncUnit> <Opcode : 'fmul'> <InPorts = 2> <OutPorts = 1>
ST_15 : Operation 81 [1/1] (0.00ns)   --->   "%acumulated_load_2 = load i32 %acumulated"   --->   Operation 81 'load' 'acumulated_load_2' <Predicate = (icmp_ln125)> <Delay = 0.00>
ST_15 : Operation 82 [1/1] (0.00ns)   --->   "%write_ln0 = write void @_ssdm_op_Write.ap_auto.floatP0A, i32 %acumulated_out, i32 %acumulated_load_2"   --->   Operation 82 'write' 'write_ln0' <Predicate = (icmp_ln125)> <Delay = 0.00>
ST_15 : Operation 83 [1/1] (1.58ns)   --->   "%ret_ln0 = ret"   --->   Operation 83 'ret' 'ret_ln0' <Predicate = (icmp_ln125)> <Delay = 1.58>

State 16 <SV = 15> <Delay = 7.25>
ST_16 : Operation 71 [1/1] (0.00ns)   --->   "%acumulated_load = load i32 %acumulated" [cpu_functions.cpp:127->cpu_functions.cpp:184]   --->   Operation 71 'load' 'acumulated_load' <Predicate = true> <Delay = 0.00>
ST_16 : Operation 72 [5/5] (7.25ns)   --->   "%acumulated_1 = fadd i32 %acumulated_load, i32 %mul13_i" [cpu_functions.cpp:127->cpu_functions.cpp:184]   --->   Operation 72 'fadd' 'acumulated_1' <Predicate = true> <Delay = 7.25> <CoreInst = "FAddSub_fulldsp">   --->   Core 18 'FAddSub_fulldsp' <Latency = 4> <II = 1> <Delay = 7.25> <FuncUnit> <Opcode : 'fadd' 'fsub'> <InPorts = 2> <OutPorts = 1>

State 17 <SV = 16> <Delay = 7.25>
ST_17 : Operation 73 [4/5] (7.25ns)   --->   "%acumulated_1 = fadd i32 %acumulated_load, i32 %mul13_i" [cpu_functions.cpp:127->cpu_functions.cpp:184]   --->   Operation 73 'fadd' 'acumulated_1' <Predicate = true> <Delay = 7.25> <CoreInst = "FAddSub_fulldsp">   --->   Core 18 'FAddSub_fulldsp' <Latency = 4> <II = 1> <Delay = 7.25> <FuncUnit> <Opcode : 'fadd' 'fsub'> <InPorts = 2> <OutPorts = 1>

State 18 <SV = 17> <Delay = 7.25>
ST_18 : Operation 74 [3/5] (7.25ns)   --->   "%acumulated_1 = fadd i32 %acumulated_load, i32 %mul13_i" [cpu_functions.cpp:127->cpu_functions.cpp:184]   --->   Operation 74 'fadd' 'acumulated_1' <Predicate = true> <Delay = 7.25> <CoreInst = "FAddSub_fulldsp">   --->   Core 18 'FAddSub_fulldsp' <Latency = 4> <II = 1> <Delay = 7.25> <FuncUnit> <Opcode : 'fadd' 'fsub'> <InPorts = 2> <OutPorts = 1>

State 19 <SV = 18> <Delay = 7.25>
ST_19 : Operation 75 [2/5] (7.25ns)   --->   "%acumulated_1 = fadd i32 %acumulated_load, i32 %mul13_i" [cpu_functions.cpp:127->cpu_functions.cpp:184]   --->   Operation 75 'fadd' 'acumulated_1' <Predicate = true> <Delay = 7.25> <CoreInst = "FAddSub_fulldsp">   --->   Core 18 'FAddSub_fulldsp' <Latency = 4> <II = 1> <Delay = 7.25> <FuncUnit> <Opcode : 'fadd' 'fsub'> <InPorts = 2> <OutPorts = 1>

State 20 <SV = 19> <Delay = 7.25>
ST_20 : Operation 76 [1/5] (7.25ns)   --->   "%acumulated_1 = fadd i32 %acumulated_load, i32 %mul13_i" [cpu_functions.cpp:127->cpu_functions.cpp:184]   --->   Operation 76 'fadd' 'acumulated_1' <Predicate = true> <Delay = 7.25> <CoreInst = "FAddSub_fulldsp">   --->   Core 18 'FAddSub_fulldsp' <Latency = 4> <II = 1> <Delay = 7.25> <FuncUnit> <Opcode : 'fadd' 'fsub'> <InPorts = 2> <OutPorts = 1>

State 21 <SV = 20> <Delay = 1.58>
ST_21 : Operation 77 [1/1] (0.00ns)   --->   "%specpipeline_ln124 = specpipeline void @_ssdm_op_SpecPipeline, i32 4294967295, i32 0, i32 0, i32 0, i32 4294967295, void @empty_14" [cpu_functions.cpp:124->cpu_functions.cpp:184]   --->   Operation 77 'specpipeline' 'specpipeline_ln124' <Predicate = true> <Delay = 0.00>
ST_21 : Operation 78 [1/1] (0.00ns)   --->   "%specloopname_ln125 = specloopname void @_ssdm_op_SpecLoopName, void @empty_36" [cpu_functions.cpp:125->cpu_functions.cpp:184]   --->   Operation 78 'specloopname' 'specloopname_ln125' <Predicate = true> <Delay = 0.00>
ST_21 : Operation 79 [1/1] (1.58ns)   --->   "%store_ln124 = store i32 %acumulated_1, i32 %acumulated" [cpu_functions.cpp:124->cpu_functions.cpp:184]   --->   Operation 79 'store' 'store_ln124' <Predicate = true> <Delay = 1.58>
ST_21 : Operation 80 [1/1] (0.00ns)   --->   "%br_ln125 = br void %for.inc.i128" [cpu_functions.cpp:125->cpu_functions.cpp:184]   --->   Operation 80 'br' 'br_ln125' <Predicate = true> <Delay = 0.00>


============================================================
+ Verbose Summary: Binding
============================================================
STG Binding: 
---------------- STG Properties BEGIN ----------------
- Is combinational: 0
- Is one-state seq: 0
- Is datapath-only: 0
- Is pipelined: 0
- Is top level: 0
Port [ Return ] is wired: 1; IO mode=ap_ctrl_hs:ce=0
Port [ gmem]:  wired=1; compound=1; hidden=0; nouse=0; global=0; static=0; extern=0; dir=0; type=4; pingpong=0; private_global=0; IO mode=m_axi:ce=0
Port [ mul_ln184]:  wired=1; compound=0; hidden=0; nouse=0; global=0; static=0; extern=0; dir=0; type=0; pingpong=0; private_global=0; IO mode=ap_none:ce=0
Port [ sext_ln125_1]:  wired=1; compound=0; hidden=0; nouse=0; global=0; static=0; extern=0; dir=0; type=0; pingpong=0; private_global=0; IO mode=ap_none:ce=0
Port [ sext_ln125]:  wired=1; compound=0; hidden=0; nouse=0; global=0; static=0; extern=0; dir=0; type=0; pingpong=0; private_global=0; IO mode=ap_none:ce=0
Port [ acumulated_out]:  wired=1; compound=0; hidden=0; nouse=0; global=0; static=0; extern=0; dir=1; type=0; pingpong=0; private_global=0; IO mode=ap_vld:ce=0
---------------- STG Properties END ------------------

---------------- Datapath Model BEGIN ----------------

<LifeTime>
<method=bitvector/>
acumulated         (alloca       ) [ 0111111111111111111111]
k                  (alloca       ) [ 0100000000000000000000]
sext_ln125_read    (read         ) [ 0000000000000000000000]
sext_ln125_1_read  (read         ) [ 0000000000000000000000]
mul_ln184_read     (read         ) [ 0000000000000000000000]
sext_ln125_cast    (sext         ) [ 0000000000000000000000]
sext_ln125_1_cast  (sext         ) [ 0000000000000000000000]
specinterface_ln0  (specinterface) [ 0000000000000000000000]
store_ln125        (store        ) [ 0000000000000000000000]
store_ln124        (store        ) [ 0000000000000000000000]
br_ln0             (br           ) [ 0000000000000000000000]
k_3                (load         ) [ 0000000000000000000000]
specbitsmap_ln0    (specbitsmap  ) [ 0000000000000000000000]
icmp_ln125         (icmp         ) [ 0111111111111111000000]
add_ln125          (add          ) [ 0000000000000000000000]
br_ln125           (br           ) [ 0000000000000000000000]
trunc_ln127        (trunc        ) [ 0000000000000000000000]
zext_ln127         (zext         ) [ 0000000000000000000000]
add_ln127          (add          ) [ 0010000000000000000000]
add_ln127_1        (add          ) [ 0011000000000000000000]
store_ln125        (store        ) [ 0000000000000000000000]
gmem_addr          (getelementptr) [ 0111111111100000000000]
gmem_addr_4        (getelementptr) [ 0111111111110000000000]
gmem_load_8_req    (readreq      ) [ 0000000000000000000000]
gmem_addr_read     (read         ) [ 0000011000011000000000]
gmem_load_9_req    (readreq      ) [ 0000000000000000000000]
gmem_addr_4_read   (read         ) [ 0000001000001000000000]
bitcast_ln127      (bitcast      ) [ 0111000000000111000000]
bitcast_ln127_1    (bitcast      ) [ 0111000000000111000000]
mul13_i            (fmul         ) [ 0110111000000000111110]
acumulated_load    (load         ) [ 0110011000000000011110]
acumulated_1       (fadd         ) [ 0001000000000000000001]
specpipeline_ln124 (specpipeline ) [ 0000000000000000000000]
specloopname_ln125 (specloopname ) [ 0000000000000000000000]
store_ln124        (store        ) [ 0000000000000000000000]
br_ln125           (br           ) [ 0000000000000000000000]
acumulated_load_2  (load         ) [ 0000000000000000000000]
write_ln0          (write        ) [ 0000000000000000000000]
ret_ln0            (ret          ) [ 0000000000000000000000]
</LifeTime>

<model>

<comp_list>
<comp id="0" class="1000" name="gmem">
<pin_list>
<pin id="1" dir="1" index="0" bw="1" slack="0"/>
</pin_list>
<bind>
<StgValue><ssdm name="gmem"/><MemPortTyVec>0 </MemPortTyVec>
</StgValue>
</bind>
</comp>

<comp id="2" class="1000" name="mul_ln184">
<pin_list>
<pin id="3" dir="1" index="0" bw="1" slack="0"/>
</pin_list>
<bind>
<StgValue><ssdm name="mul_ln184"/></StgValue>
</bind>
</comp>

<comp id="4" class="1000" name="sext_ln125_1">
<pin_list>
<pin id="5" dir="1" index="0" bw="1" slack="0"/>
</pin_list>
<bind>
<StgValue><ssdm name="sext_ln125_1"/></StgValue>
</bind>
</comp>

<comp id="6" class="1000" name="sext_ln125">
<pin_list>
<pin id="7" dir="1" index="0" bw="1" slack="0"/>
</pin_list>
<bind>
<StgValue><ssdm name="sext_ln125"/></StgValue>
</bind>
</comp>

<comp id="8" class="1000" name="acumulated_out">
<pin_list>
<pin id="9" dir="1" index="0" bw="1" slack="0"/>
</pin_list>
<bind>
<StgValue><ssdm name="acumulated_out"/></StgValue>
</bind>
</comp>

<comp id="10" class="1001" name="const_10">
<pin_list>
<pin id="11" dir="1" index="0" bw="1" slack="0"/>
</pin_list>
<bind>
<StgValue><ssdm name=""/></StgValue>
</bind>
</comp>

<comp id="12" class="1001" name="const_12">
<pin_list>
<pin id="13" dir="1" index="0" bw="1" slack="0"/>
</pin_list>
<bind>
<StgValue><ssdm name="_ssdm_op_Read.ap_auto.i30"/></StgValue>
</bind>
</comp>

<comp id="14" class="1001" name="const_14">
<pin_list>
<pin id="15" dir="1" index="0" bw="1" slack="0"/>
</pin_list>
<bind>
<StgValue><ssdm name="_ssdm_op_Read.ap_auto.i32"/></StgValue>
</bind>
</comp>

<comp id="16" class="1001" name="const_16">
<pin_list>
<pin id="17" dir="1" index="0" bw="1" slack="2147483647"/>
</pin_list>
<bind>
<StgValue><ssdm name="_ssdm_op_SpecInterface"/></StgValue>
</bind>
</comp>

<comp id="18" class="1001" name="const_18">
<pin_list>
<pin id="19" dir="1" index="0" bw="1" slack="2147483647"/>
</pin_list>
<bind>
<StgValue><ssdm name="empty_0"/></StgValue>
</bind>
</comp>

<comp id="20" class="1001" name="const_20">
<pin_list>
<pin id="21" dir="1" index="0" bw="1" slack="0"/>
</pin_list>
<bind>
<StgValue><ssdm name=""/></StgValue>
</bind>
</comp>

<comp id="22" class="1001" name="const_22">
<pin_list>
<pin id="23" dir="1" index="0" bw="1" slack="2147483647"/>
</pin_list>
<bind>
<StgValue><ssdm name="empty_14"/></StgValue>
</bind>
</comp>

<comp id="24" class="1001" name="const_24">
<pin_list>
<pin id="25" dir="1" index="0" bw="1" slack="2147483647"/>
</pin_list>
<bind>
<StgValue><ssdm name="empty"/></StgValue>
</bind>
</comp>

<comp id="26" class="1001" name="const_26">
<pin_list>
<pin id="27" dir="1" index="0" bw="1" slack="2147483647"/>
</pin_list>
<bind>
<StgValue><ssdm name="empty_20"/></StgValue>
</bind>
</comp>

<comp id="28" class="1001" name="const_28">
<pin_list>
<pin id="29" dir="1" index="0" bw="1" slack="2147483647"/>
</pin_list>
<bind>
<StgValue><ssdm name=""/></StgValue>
</bind>
</comp>

<comp id="30" class="1001" name="const_30">
<pin_list>
<pin id="31" dir="1" index="0" bw="1" slack="2147483647"/>
</pin_list>
<bind>
<StgValue><ssdm name=""/></StgValue>
</bind>
</comp>

<comp id="32" class="1001" name="const_32">
<pin_list>
<pin id="33" dir="1" index="0" bw="1" slack="2147483647"/>
</pin_list>
<bind>
<StgValue><ssdm name=""/></StgValue>
</bind>
</comp>

<comp id="34" class="1001" name="const_34">
<pin_list>
<pin id="35" dir="1" index="0" bw="1" slack="0"/>
</pin_list>
<bind>
<StgValue><ssdm name=""/></StgValue>
</bind>
</comp>

<comp id="36" class="1001" name="const_36">
<pin_list>
<pin id="37" dir="1" index="0" bw="1" slack="2147483647"/>
</pin_list>
<bind>
<StgValue><ssdm name="_ssdm_op_SpecBitsMap"/></StgValue>
</bind>
</comp>

<comp id="38" class="1001" name="const_38">
<pin_list>
<pin id="39" dir="1" index="0" bw="1" slack="0"/>
</pin_list>
<bind>
<StgValue><ssdm name="_ssdm_op_ReadReq.m_axi.i32P1A"/></StgValue>
</bind>
</comp>

<comp id="40" class="1001" name="const_40">
<pin_list>
<pin id="41" dir="1" index="0" bw="1" slack="0"/>
</pin_list>
<bind>
<StgValue><ssdm name="_ssdm_op_Read.m_axi.i32P1A"/></StgValue>
</bind>
</comp>

<comp id="42" class="1001" name="const_42">
<pin_list>
<pin id="43" dir="1" index="0" bw="1" slack="2147483647"/>
</pin_list>
<bind>
<StgValue><ssdm name="_ssdm_op_SpecPipeline"/></StgValue>
</bind>
</comp>

<comp id="44" class="1001" name="const_44">
<pin_list>
<pin id="45" dir="1" index="0" bw="1" slack="2147483647"/>
</pin_list>
<bind>
<StgValue><ssdm name="_ssdm_op_SpecLoopName"/></StgValue>
</bind>
</comp>

<comp id="46" class="1001" name="const_46">
<pin_list>
<pin id="47" dir="1" index="0" bw="1" slack="2147483647"/>
</pin_list>
<bind>
<StgValue><ssdm name="empty_36"/></StgValue>
</bind>
</comp>

<comp id="48" class="1001" name="const_48">
<pin_list>
<pin id="49" dir="1" index="0" bw="1" slack="0"/>
</pin_list>
<bind>
<StgValue><ssdm name="_ssdm_op_Write.ap_auto.floatP0A"/></StgValue>
</bind>
</comp>

<comp id="50" class="1004" name="acumulated_fu_50">
<pin_list>
<pin id="51" dir="0" index="0" bw="1" slack="0"/>
<pin id="52" dir="1" index="1" bw="32" slack="0"/>
</pin_list>
<bind>
<opcode="alloca(26) " fcode="alloca"/>
<opset="acumulated/1 "/>
</bind>
</comp>

<comp id="54" class="1004" name="k_fu_54">
<pin_list>
<pin id="55" dir="0" index="0" bw="1" slack="0"/>
<pin id="56" dir="1" index="1" bw="32" slack="0"/>
</pin_list>
<bind>
<opcode="alloca(26) " fcode="alloca"/>
<opset="k/1 "/>
</bind>
</comp>

<comp id="58" class="1004" name="sext_ln125_read_read_fu_58">
<pin_list>
<pin id="59" dir="0" index="0" bw="30" slack="0"/>
<pin id="60" dir="0" index="1" bw="30" slack="0"/>
<pin id="61" dir="1" index="2" bw="30" slack="0"/>
</pin_list>
<bind>
<opcode="read(1150) " fcode="read"/>
<opset="sext_ln125_read/1 "/>
</bind>
</comp>

<comp id="64" class="1004" name="sext_ln125_1_read_read_fu_64">
<pin_list>
<pin id="65" dir="0" index="0" bw="30" slack="0"/>
<pin id="66" dir="0" index="1" bw="30" slack="0"/>
<pin id="67" dir="1" index="2" bw="30" slack="0"/>
</pin_list>
<bind>
<opcode="read(1150) " fcode="read"/>
<opset="sext_ln125_1_read/1 "/>
</bind>
</comp>

<comp id="70" class="1004" name="mul_ln184_read_read_fu_70">
<pin_list>
<pin id="71" dir="0" index="0" bw="32" slack="0"/>
<pin id="72" dir="0" index="1" bw="32" slack="0"/>
<pin id="73" dir="1" index="2" bw="32" slack="0"/>
</pin_list>
<bind>
<opcode="read(1150) " fcode="read"/>
<opset="mul_ln184_read/1 "/>
</bind>
</comp>

<comp id="76" class="1004" name="write_ln0_write_fu_76">
<pin_list>
<pin id="77" dir="0" index="0" bw="0" slack="0"/>
<pin id="78" dir="0" index="1" bw="32" slack="0"/>
<pin id="79" dir="0" index="2" bw="32" slack="0"/>
<pin id="80" dir="1" index="3" bw="0" slack="2147483647"/>
</pin_list>
<bind>
<opcode="write(1151) " fcode="write"/>
<opset="write_ln0/15 "/>
</bind>
</comp>

<comp id="83" class="1004" name="grp_readreq_fu_83">
<pin_list>
<pin id="84" dir="0" index="0" bw="1" slack="0"/>
<pin id="85" dir="0" index="1" bw="32" slack="0"/>
<pin id="86" dir="0" index="2" bw="1" slack="0"/>
<pin id="87" dir="1" index="3" bw="1" slack="2147483647"/>
</pin_list>
<bind>
<opcode="readreq(1154) " fcode="readreq"/>
<opset="gmem_load_8_req/2 gmem_load_9_req/3 "/>
</bind>
</comp>

<comp id="90" class="1004" name="grp_read_fu_90">
<pin_list>
<pin id="91" dir="0" index="0" bw="32" slack="0"/>
<pin id="92" dir="0" index="1" bw="32" slack="8"/>
<pin id="93" dir="1" index="2" bw="32" slack="1"/>
</pin_list>
<bind>
<opcode="read(1150) " fcode="read"/>
<opset="gmem_addr_read/10 gmem_addr_4_read/11 "/>
</bind>
</comp>

<comp id="95" class="1004" name="grp_fu_95">
<pin_list>
<pin id="96" dir="0" index="0" bw="32" slack="0"/>
<pin id="97" dir="0" index="1" bw="32" slack="1"/>
<pin id="98" dir="1" index="2" bw="32" slack="1"/>
</pin_list>
<bind>
<opcode="fadd(9) " fcode="fadd"/>
<opset="acumulated_1/16 "/>
</bind>
</comp>

<comp id="99" class="1004" name="grp_fu_99">
<pin_list>
<pin id="100" dir="0" index="0" bw="32" slack="0"/>
<pin id="101" dir="0" index="1" bw="32" slack="0"/>
<pin id="102" dir="1" index="2" bw="32" slack="1"/>
</pin_list>
<bind>
<opcode="fmul(13) " fcode="fmul"/>
<opset="mul13_i/12 "/>
</bind>
</comp>

<comp id="103" class="1004" name="sext_ln125_cast_fu_103">
<pin_list>
<pin id="104" dir="0" index="0" bw="30" slack="0"/>
<pin id="105" dir="1" index="1" bw="32" slack="0"/>
</pin_list>
<bind>
<opcode="sext(35) " fcode="sext"/>
<opset="sext_ln125_cast/1 "/>
</bind>
</comp>

<comp id="107" class="1004" name="sext_ln125_1_cast_fu_107">
<pin_list>
<pin id="108" dir="0" index="0" bw="30" slack="0"/>
<pin id="109" dir="1" index="1" bw="32" slack="0"/>
</pin_list>
<bind>
<opcode="sext(35) " fcode="sext"/>
<opset="sext_ln125_1_cast/1 "/>
</bind>
</comp>

<comp id="111" class="1004" name="store_ln125_store_fu_111">
<pin_list>
<pin id="112" dir="0" index="0" bw="1" slack="0"/>
<pin id="113" dir="0" index="1" bw="32" slack="0"/>
<pin id="114" dir="1" index="2" bw="0" slack="2147483647"/>
</pin_list>
<bind>
<opcode="store(28) " fcode="store"/>
<opset="store_ln125/1 "/>
</bind>
</comp>

<comp id="116" class="1004" name="store_ln124_store_fu_116">
<pin_list>
<pin id="117" dir="0" index="0" bw="32" slack="0"/>
<pin id="118" dir="0" index="1" bw="32" slack="0"/>
<pin id="119" dir="1" index="2" bw="0" slack="2147483647"/>
</pin_list>
<bind>
<opcode="store(28) " fcode="store"/>
<opset="store_ln124/1 "/>
</bind>
</comp>

<comp id="121" class="1004" name="k_3_load_fu_121">
<pin_list>
<pin id="122" dir="0" index="0" bw="32" slack="0"/>
<pin id="123" dir="1" index="1" bw="32" slack="0"/>
</pin_list>
<bind>
<opcode="load(27) " fcode="load"/>
<opset="k_3/1 "/>
</bind>
</comp>

<comp id="124" class="1004" name="icmp_ln125_fu_124">
<pin_list>
<pin id="125" dir="0" index="0" bw="32" slack="0"/>
<pin id="126" dir="0" index="1" bw="32" slack="0"/>
<pin id="127" dir="1" index="2" bw="1" slack="1"/>
</pin_list>
<bind>
<opcode="icmp(45) " fcode="icmp"/>
<opset="icmp_ln125/1 "/>
</bind>
</comp>

<comp id="130" class="1004" name="add_ln125_fu_130">
<pin_list>
<pin id="131" dir="0" index="0" bw="32" slack="0"/>
<pin id="132" dir="0" index="1" bw="1" slack="0"/>
<pin id="133" dir="1" index="2" bw="32" slack="0"/>
</pin_list>
<bind>
<opcode="add(8) " fcode="add"/>
<opset="add_ln125/1 "/>
</bind>
</comp>

<comp id="136" class="1004" name="trunc_ln127_fu_136">
<pin_list>
<pin id="137" dir="0" index="0" bw="32" slack="0"/>
<pin id="138" dir="1" index="1" bw="30" slack="0"/>
</pin_list>
<bind>
<opcode="trunc(33) " fcode="trunc"/>
<opset="trunc_ln127/1 "/>
</bind>
</comp>

<comp id="140" class="1004" name="zext_ln127_fu_140">
<pin_list>
<pin id="141" dir="0" index="0" bw="30" slack="0"/>
<pin id="142" dir="1" index="1" bw="32" slack="0"/>
</pin_list>
<bind>
<opcode="zext(34) " fcode="zext"/>
<opset="zext_ln127/1 "/>
</bind>
</comp>

<comp id="144" class="1004" name="add_ln127_fu_144">
<pin_list>
<pin id="145" dir="0" index="0" bw="30" slack="0"/>
<pin id="146" dir="0" index="1" bw="30" slack="0"/>
<pin id="147" dir="1" index="2" bw="32" slack="1"/>
</pin_list>
<bind>
<opcode="add(8) " fcode="add"/>
<opset="add_ln127/1 "/>
</bind>
</comp>

<comp id="150" class="1004" name="add_ln127_1_fu_150">
<pin_list>
<pin id="151" dir="0" index="0" bw="30" slack="0"/>
<pin id="152" dir="0" index="1" bw="30" slack="0"/>
<pin id="153" dir="1" index="2" bw="32" slack="2"/>
</pin_list>
<bind>
<opcode="add(8) " fcode="add"/>
<opset="add_ln127_1/1 "/>
</bind>
</comp>

<comp id="156" class="1004" name="store_ln125_store_fu_156">
<pin_list>
<pin id="157" dir="0" index="0" bw="32" slack="0"/>
<pin id="158" dir="0" index="1" bw="32" slack="0"/>
<pin id="159" dir="1" index="2" bw="0" slack="2147483647"/>
</pin_list>
<bind>
<opcode="store(28) " fcode="store"/>
<opset="store_ln125/1 "/>
</bind>
</comp>

<comp id="161" class="1004" name="gmem_addr_fu_161">
<pin_list>
<pin id="162" dir="0" index="0" bw="32" slack="0"/>
<pin id="163" dir="0" index="1" bw="32" slack="1"/>
<pin id="164" dir="1" index="2" bw="32" slack="0"/>
</pin_list>
<bind>
<opcode="getelementptr(29) " fcode="getelementptr"/>
<opset="gmem_addr/2 "/>
</bind>
</comp>

<comp id="167" class="1004" name="gmem_addr_4_fu_167">
<pin_list>
<pin id="168" dir="0" index="0" bw="32" slack="0"/>
<pin id="169" dir="0" index="1" bw="32" slack="2"/>
<pin id="170" dir="1" index="2" bw="32" slack="0"/>
</pin_list>
<bind>
<opcode="getelementptr(29) " fcode="getelementptr"/>
<opset="gmem_addr_4/3 "/>
</bind>
</comp>

<comp id="173" class="1004" name="bitcast_ln127_fu_173">
<pin_list>
<pin id="174" dir="0" index="0" bw="32" slack="2"/>
<pin id="175" dir="1" index="1" bw="32" slack="0"/>
</pin_list>
<bind>
<opcode="bitcast(44) " fcode="bitcast"/>
<opset="bitcast_ln127/12 "/>
</bind>
</comp>

<comp id="177" class="1004" name="bitcast_ln127_1_fu_177">
<pin_list>
<pin id="178" dir="0" index="0" bw="32" slack="1"/>
<pin id="179" dir="1" index="1" bw="32" slack="0"/>
</pin_list>
<bind>
<opcode="bitcast(44) " fcode="bitcast"/>
<opset="bitcast_ln127_1/12 "/>
</bind>
</comp>

<comp id="181" class="1004" name="acumulated_load_load_fu_181">
<pin_list>
<pin id="182" dir="0" index="0" bw="32" slack="15"/>
<pin id="183" dir="1" index="1" bw="32" slack="0"/>
</pin_list>
<bind>
<opcode="load(27) " fcode="load"/>
<opset="acumulated_load/16 "/>
</bind>
</comp>

<comp id="185" class="1004" name="store_ln124_store_fu_185">
<pin_list>
<pin id="186" dir="0" index="0" bw="32" slack="1"/>
<pin id="187" dir="0" index="1" bw="32" slack="20"/>
<pin id="188" dir="1" index="2" bw="0" slack="2147483647"/>
</pin_list>
<bind>
<opcode="store(28) " fcode="store"/>
<opset="store_ln124/21 "/>
</bind>
</comp>

<comp id="189" class="1004" name="acumulated_load_2_load_fu_189">
<pin_list>
<pin id="190" dir="0" index="0" bw="32" slack="14"/>
<pin id="191" dir="1" index="1" bw="32" slack="0"/>
</pin_list>
<bind>
<opcode="load(27) " fcode="load"/>
<opset="acumulated_load_2/15 "/>
</bind>
</comp>

<comp id="193" class="1005" name="acumulated_reg_193">
<pin_list>
<pin id="194" dir="0" index="0" bw="32" slack="0"/>
<pin id="195" dir="1" index="1" bw="32" slack="0"/>
</pin_list>
<bind>
<opset="acumulated "/>
</bind>
</comp>

<comp id="201" class="1005" name="k_reg_201">
<pin_list>
<pin id="202" dir="0" index="0" bw="32" slack="0"/>
<pin id="203" dir="1" index="1" bw="32" slack="0"/>
</pin_list>
<bind>
<opset="k "/>
</bind>
</comp>

<comp id="208" class="1005" name="icmp_ln125_reg_208">
<pin_list>
<pin id="209" dir="0" index="0" bw="1" slack="1"/>
<pin id="210" dir="1" index="1" bw="1" slack="2147483647"/>
</pin_list>
<bind>
<opset="icmp_ln125 "/>
</bind>
</comp>

<comp id="212" class="1005" name="add_ln127_reg_212">
<pin_list>
<pin id="213" dir="0" index="0" bw="32" slack="1"/>
<pin id="214" dir="1" index="1" bw="32" slack="1"/>
</pin_list>
<bind>
<opset="add_ln127 "/>
</bind>
</comp>

<comp id="217" class="1005" name="add_ln127_1_reg_217">
<pin_list>
<pin id="218" dir="0" index="0" bw="32" slack="2"/>
<pin id="219" dir="1" index="1" bw="32" slack="2"/>
</pin_list>
<bind>
<opset="add_ln127_1 "/>
</bind>
</comp>

<comp id="222" class="1005" name="gmem_addr_reg_222">
<pin_list>
<pin id="223" dir="0" index="0" bw="32" slack="1"/>
<pin id="224" dir="1" index="1" bw="32" slack="1"/>
</pin_list>
<bind>
<opset="gmem_addr "/>
</bind>
</comp>

<comp id="228" class="1005" name="gmem_addr_4_reg_228">
<pin_list>
<pin id="229" dir="0" index="0" bw="32" slack="1"/>
<pin id="230" dir="1" index="1" bw="32" slack="1"/>
</pin_list>
<bind>
<opset="gmem_addr_4 "/>
</bind>
</comp>

<comp id="234" class="1005" name="gmem_addr_read_reg_234">
<pin_list>
<pin id="235" dir="0" index="0" bw="32" slack="2"/>
<pin id="236" dir="1" index="1" bw="32" slack="2"/>
</pin_list>
<bind>
<opset="gmem_addr_read "/>
</bind>
</comp>

<comp id="239" class="1005" name="gmem_addr_4_read_reg_239">
<pin_list>
<pin id="240" dir="0" index="0" bw="32" slack="1"/>
<pin id="241" dir="1" index="1" bw="32" slack="1"/>
</pin_list>
<bind>
<opset="gmem_addr_4_read "/>
</bind>
</comp>

<comp id="244" class="1005" name="bitcast_ln127_reg_244">
<pin_list>
<pin id="245" dir="0" index="0" bw="32" slack="1"/>
<pin id="246" dir="1" index="1" bw="32" slack="1"/>
</pin_list>
<bind>
<opset="bitcast_ln127 "/>
</bind>
</comp>

<comp id="249" class="1005" name="bitcast_ln127_1_reg_249">
<pin_list>
<pin id="250" dir="0" index="0" bw="32" slack="1"/>
<pin id="251" dir="1" index="1" bw="32" slack="1"/>
</pin_list>
<bind>
<opset="bitcast_ln127_1 "/>
</bind>
</comp>

<comp id="254" class="1005" name="mul13_i_reg_254">
<pin_list>
<pin id="255" dir="0" index="0" bw="32" slack="1"/>
<pin id="256" dir="1" index="1" bw="32" slack="1"/>
</pin_list>
<bind>
<opset="mul13_i "/>
</bind>
</comp>

<comp id="259" class="1005" name="acumulated_load_reg_259">
<pin_list>
<pin id="260" dir="0" index="0" bw="32" slack="1"/>
<pin id="261" dir="1" index="1" bw="32" slack="1"/>
</pin_list>
<bind>
<opset="acumulated_load "/>
</bind>
</comp>

<comp id="264" class="1005" name="acumulated_1_reg_264">
<pin_list>
<pin id="265" dir="0" index="0" bw="32" slack="1"/>
<pin id="266" dir="1" index="1" bw="32" slack="1"/>
</pin_list>
<bind>
<opset="acumulated_1 "/>
</bind>
</comp>

</comp_list>

<net_list>
<net id="53"><net_src comp="10" pin="0"/><net_sink comp="50" pin=0"/></net>

<net id="57"><net_src comp="10" pin="0"/><net_sink comp="54" pin=0"/></net>

<net id="62"><net_src comp="12" pin="0"/><net_sink comp="58" pin=0"/></net>

<net id="63"><net_src comp="6" pin="0"/><net_sink comp="58" pin=1"/></net>

<net id="68"><net_src comp="12" pin="0"/><net_sink comp="64" pin=0"/></net>

<net id="69"><net_src comp="4" pin="0"/><net_sink comp="64" pin=1"/></net>

<net id="74"><net_src comp="14" pin="0"/><net_sink comp="70" pin=0"/></net>

<net id="75"><net_src comp="2" pin="0"/><net_sink comp="70" pin=1"/></net>

<net id="81"><net_src comp="48" pin="0"/><net_sink comp="76" pin=0"/></net>

<net id="82"><net_src comp="8" pin="0"/><net_sink comp="76" pin=1"/></net>

<net id="88"><net_src comp="38" pin="0"/><net_sink comp="83" pin=0"/></net>

<net id="89"><net_src comp="10" pin="0"/><net_sink comp="83" pin=2"/></net>

<net id="94"><net_src comp="40" pin="0"/><net_sink comp="90" pin=0"/></net>

<net id="106"><net_src comp="58" pin="2"/><net_sink comp="103" pin=0"/></net>

<net id="110"><net_src comp="64" pin="2"/><net_sink comp="107" pin=0"/></net>

<net id="115"><net_src comp="20" pin="0"/><net_sink comp="111" pin=0"/></net>

<net id="120"><net_src comp="34" pin="0"/><net_sink comp="116" pin=0"/></net>

<net id="128"><net_src comp="121" pin="1"/><net_sink comp="124" pin=0"/></net>

<net id="129"><net_src comp="70" pin="2"/><net_sink comp="124" pin=1"/></net>

<net id="134"><net_src comp="121" pin="1"/><net_sink comp="130" pin=0"/></net>

<net id="135"><net_src comp="10" pin="0"/><net_sink comp="130" pin=1"/></net>

<net id="139"><net_src comp="121" pin="1"/><net_sink comp="136" pin=0"/></net>

<net id="143"><net_src comp="136" pin="1"/><net_sink comp="140" pin=0"/></net>

<net id="148"><net_src comp="140" pin="1"/><net_sink comp="144" pin=0"/></net>

<net id="149"><net_src comp="107" pin="1"/><net_sink comp="144" pin=1"/></net>

<net id="154"><net_src comp="140" pin="1"/><net_sink comp="150" pin=0"/></net>

<net id="155"><net_src comp="103" pin="1"/><net_sink comp="150" pin=1"/></net>

<net id="160"><net_src comp="130" pin="2"/><net_sink comp="156" pin=0"/></net>

<net id="165"><net_src comp="0" pin="0"/><net_sink comp="161" pin=0"/></net>

<net id="166"><net_src comp="161" pin="2"/><net_sink comp="83" pin=1"/></net>

<net id="171"><net_src comp="0" pin="0"/><net_sink comp="167" pin=0"/></net>

<net id="172"><net_src comp="167" pin="2"/><net_sink comp="83" pin=1"/></net>

<net id="176"><net_src comp="173" pin="1"/><net_sink comp="99" pin=0"/></net>

<net id="180"><net_src comp="177" pin="1"/><net_sink comp="99" pin=1"/></net>

<net id="184"><net_src comp="181" pin="1"/><net_sink comp="95" pin=0"/></net>

<net id="192"><net_src comp="189" pin="1"/><net_sink comp="76" pin=2"/></net>

<net id="196"><net_src comp="50" pin="1"/><net_sink comp="193" pin=0"/></net>

<net id="197"><net_src comp="193" pin="1"/><net_sink comp="116" pin=1"/></net>

<net id="198"><net_src comp="193" pin="1"/><net_sink comp="181" pin=0"/></net>

<net id="199"><net_src comp="193" pin="1"/><net_sink comp="185" pin=1"/></net>

<net id="200"><net_src comp="193" pin="1"/><net_sink comp="189" pin=0"/></net>

<net id="204"><net_src comp="54" pin="1"/><net_sink comp="201" pin=0"/></net>

<net id="205"><net_src comp="201" pin="1"/><net_sink comp="111" pin=1"/></net>

<net id="206"><net_src comp="201" pin="1"/><net_sink comp="121" pin=0"/></net>

<net id="207"><net_src comp="201" pin="1"/><net_sink comp="156" pin=1"/></net>

<net id="211"><net_src comp="124" pin="2"/><net_sink comp="208" pin=0"/></net>

<net id="215"><net_src comp="144" pin="2"/><net_sink comp="212" pin=0"/></net>

<net id="216"><net_src comp="212" pin="1"/><net_sink comp="161" pin=1"/></net>

<net id="220"><net_src comp="150" pin="2"/><net_sink comp="217" pin=0"/></net>

<net id="221"><net_src comp="217" pin="1"/><net_sink comp="167" pin=1"/></net>

<net id="225"><net_src comp="161" pin="2"/><net_sink comp="222" pin=0"/></net>

<net id="226"><net_src comp="222" pin="1"/><net_sink comp="83" pin=1"/></net>

<net id="227"><net_src comp="222" pin="1"/><net_sink comp="90" pin=1"/></net>

<net id="231"><net_src comp="167" pin="2"/><net_sink comp="228" pin=0"/></net>

<net id="232"><net_src comp="228" pin="1"/><net_sink comp="83" pin=1"/></net>

<net id="233"><net_src comp="228" pin="1"/><net_sink comp="90" pin=1"/></net>

<net id="237"><net_src comp="90" pin="2"/><net_sink comp="234" pin=0"/></net>

<net id="238"><net_src comp="234" pin="1"/><net_sink comp="173" pin=0"/></net>

<net id="242"><net_src comp="90" pin="2"/><net_sink comp="239" pin=0"/></net>

<net id="243"><net_src comp="239" pin="1"/><net_sink comp="177" pin=0"/></net>

<net id="247"><net_src comp="173" pin="1"/><net_sink comp="244" pin=0"/></net>

<net id="248"><net_src comp="244" pin="1"/><net_sink comp="99" pin=0"/></net>

<net id="252"><net_src comp="177" pin="1"/><net_sink comp="249" pin=0"/></net>

<net id="253"><net_src comp="249" pin="1"/><net_sink comp="99" pin=1"/></net>

<net id="257"><net_src comp="99" pin="2"/><net_sink comp="254" pin=0"/></net>

<net id="258"><net_src comp="254" pin="1"/><net_sink comp="95" pin=1"/></net>

<net id="262"><net_src comp="181" pin="1"/><net_sink comp="259" pin=0"/></net>

<net id="263"><net_src comp="259" pin="1"/><net_sink comp="95" pin=0"/></net>

<net id="267"><net_src comp="95" pin="2"/><net_sink comp="264" pin=0"/></net>

<net id="268"><net_src comp="264" pin="1"/><net_sink comp="185" pin=0"/></net>

</net_list>

</model> 
---------------- Datapath Model END ------------------

* FSMD analyzer results:
  - Output states:
	Port: acumulated_out | {15 }
 - Input state : 
	Port: cifar10_Pipeline_VITIS_LOOP_125_3 : gmem | {2 3 4 5 6 7 8 9 10 11 }
	Port: cifar10_Pipeline_VITIS_LOOP_125_3 : mul_ln184 | {1 }
	Port: cifar10_Pipeline_VITIS_LOOP_125_3 : sext_ln125_1 | {1 }
	Port: cifar10_Pipeline_VITIS_LOOP_125_3 : sext_ln125 | {1 }
  - Chain level:
	State 1
		store_ln125 : 1
		store_ln124 : 1
		k_3 : 1
		icmp_ln125 : 2
		add_ln125 : 2
		br_ln125 : 3
		trunc_ln127 : 2
		zext_ln127 : 3
		add_ln127 : 4
		add_ln127_1 : 4
		store_ln125 : 3
	State 2
		gmem_load_8_req : 1
	State 3
		gmem_load_9_req : 1
	State 4
	State 5
	State 6
	State 7
	State 8
	State 9
	State 10
	State 11
	State 12
		mul13_i : 1
	State 13
	State 14
	State 15
		write_ln0 : 1
	State 16
		acumulated_1 : 1
	State 17
	State 18
	State 19
	State 20
	State 21


============================================================
+ Verbose Summary: Datapath Resource usage 
============================================================

* Functional unit list:
|----------|------------------------------|---------|---------|---------|
| Operation|        Functional Unit       |   DSP   |    FF   |   LUT   |
|----------|------------------------------|---------|---------|---------|
|   fadd   |           grp_fu_95          |    2    |   205   |   390   |
|----------|------------------------------|---------|---------|---------|
|   fmul   |           grp_fu_99          |    3    |   143   |   321   |
|----------|------------------------------|---------|---------|---------|
|          |       add_ln125_fu_130       |    0    |    0    |    39   |
|    add   |       add_ln127_fu_144       |    0    |    0    |    37   |
|          |      add_ln127_1_fu_150      |    0    |    0    |    37   |
|----------|------------------------------|---------|---------|---------|
|   icmp   |       icmp_ln125_fu_124      |    0    |    0    |    39   |
|----------|------------------------------|---------|---------|---------|
|          |  sext_ln125_read_read_fu_58  |    0    |    0    |    0    |
|   read   | sext_ln125_1_read_read_fu_64 |    0    |    0    |    0    |
|          |   mul_ln184_read_read_fu_70  |    0    |    0    |    0    |
|          |        grp_read_fu_90        |    0    |    0    |    0    |
|----------|------------------------------|---------|---------|---------|
|   write  |     write_ln0_write_fu_76    |    0    |    0    |    0    |
|----------|------------------------------|---------|---------|---------|
|  readreq |       grp_readreq_fu_83      |    0    |    0    |    0    |
|----------|------------------------------|---------|---------|---------|
|   sext   |    sext_ln125_cast_fu_103    |    0    |    0    |    0    |
|          |   sext_ln125_1_cast_fu_107   |    0    |    0    |    0    |
|----------|------------------------------|---------|---------|---------|
|   trunc  |      trunc_ln127_fu_136      |    0    |    0    |    0    |
|----------|------------------------------|---------|---------|---------|
|   zext   |       zext_ln127_fu_140      |    0    |    0    |    0    |
|----------|------------------------------|---------|---------|---------|
|   Total  |                              |    5    |   348   |   863   |
|----------|------------------------------|---------|---------|---------|

Memories:
N/A

* Register list:
+------------------------+--------+
|                        |   FF   |
+------------------------+--------+
|  acumulated_1_reg_264  |   32   |
| acumulated_load_reg_259|   32   |
|   acumulated_reg_193   |   32   |
|   add_ln127_1_reg_217  |   32   |
|    add_ln127_reg_212   |   32   |
| bitcast_ln127_1_reg_249|   32   |
|  bitcast_ln127_reg_244 |   32   |
|gmem_addr_4_read_reg_239|   32   |
|   gmem_addr_4_reg_228  |   32   |
| gmem_addr_read_reg_234 |   32   |
|    gmem_addr_reg_222   |   32   |
|   icmp_ln125_reg_208   |    1   |
|        k_reg_201       |   32   |
|     mul13_i_reg_254    |   32   |
+------------------------+--------+
|          Total         |   417  |
+------------------------+--------+

* Multiplexer (MUX) list: 
|-------------------|------|------|------|--------||---------||---------||---------|
|        Comp       |  Pin | Size |  BW  | S x BW ||  Delay  ||    FF   ||   LUT   |
|-------------------|------|------|------|--------||---------||---------||---------|
| grp_readreq_fu_83 |  p1  |   4  |  32  |   128  ||    0    ||    20   |
|   grp_read_fu_90  |  p1  |   2  |  32  |   64   ||    0    ||    9    |
|     grp_fu_95     |  p0  |   2  |  32  |   64   ||    0    ||    9    |
|     grp_fu_99     |  p0  |   2  |  32  |   64   ||    0    ||    9    |
|     grp_fu_99     |  p1  |   2  |  32  |   64   ||    0    ||    9    |
|-------------------|------|------|------|--------||---------||---------||---------|
|       Total       |      |      |      |   384  ||  8.1786 ||    0    ||    56   |
|-------------------|------|------|------|--------||---------||---------||---------|



* Summary:
+-----------+--------+--------+--------+--------+
|           |   DSP  |  Delay |   FF   |   LUT  |
+-----------+--------+--------+--------+--------+
|  Function |    5   |    -   |   348  |   863  |
|   Memory  |    -   |    -   |    -   |    -   |
|Multiplexer|    -   |    8   |    0   |   56   |
|  Register |    -   |    -   |   417  |    -   |
+-----------+--------+--------+--------+--------+
|   Total   |    5   |    8   |   765  |   919  |
+-----------+--------+--------+--------+--------+
