

================================================================
== Vitis HLS Report for 'cifar10_Pipeline_VITIS_LOOP_51_1_VITIS_LOOP_53_21'
================================================================
* Date:           Mon May  4 21:06:53 2026

* Version:        2025.2 (Build 6295257 on Nov 14 2025)
* Project:        proj_cifar10
* Solution:       fsolution (Vivado IP Flow Target)
* Product family: zynq
* Target device:  xc7z020-clg484-1


================================================================
== Performance Estimates
================================================================
+ Timing: 
    * Summary: 
    +--------+----------+----------+------------+
    |  Clock |  Target  | Estimated| Uncertainty|
    +--------+----------+----------+------------+
    |ap_clk  |  10.00 ns|  7.300 ns|     2.70 ns|
    +--------+----------+----------+------------+

+ Latency: 
    * Summary: 
    +---------+---------+----------+----------+-----+-----+-------------------+
    |  Latency (cycles) |  Latency (absolute) |  Interval |      Pipeline     |
    |   min   |   max   |    min   |    max   | min | max |        Type       |
    +---------+---------+----------+----------+-----+-----+-------------------+
    |        ?|        ?|         ?|         ?|    0|    0|  loop pipeline stp|
    +---------+---------+----------+----------+-----+-----+-------------------+

    + Detail: 
        * Instance: 
        N/A

        * Loop: 
        +-----------------------------------+---------+---------+----------+-----------+-----------+------+----------+
        |                                   |  Latency (cycles) | Iteration|  Initiation Interval  | Trip |          |
        |             Loop Name             |   min   |   max   |  Latency |  achieved |   target  | Count| Pipelined|
        +-----------------------------------+---------+---------+----------+-----------+-----------+------+----------+
        |- VITIS_LOOP_51_1_VITIS_LOOP_53_2  |        ?|        ?|        21|         17|          1|     ?|       yes|
        +-----------------------------------+---------+---------+----------+-----------+-----------+------+----------+

============================================================
+ Verbose Summary: Synthesis Manager
============================================================
InlineROM: 1
ExposeGlobal: 0
============================================================
+ Verbose Summary: CDFG Model
============================================================
IsTopModel: 0
ResetActiveHigh: 1
IsCombinational: 0
IsDatapathOnly: 0
HasWiredReturn: 1
HasMFsm: 2
HasVarLatency: 1
IsPipeline: 0
IsRtlPipelined: 0
IsInstanceOverlapped: 0
IsDontTouch: 0
HasImplIP: 0
IsGatedGlobalClock: 0

+ Individual pipeline summary: 
  * Pipeline-0: initiation interval (II) = 17, depth = 22


============================================================
+ Verbose Summary: Schedule
============================================================
* Number of FSM states : 22
* Pipeline : 1
  Pipeline-0 : II = 17, D = 22, States = { 1 2 3 4 5 6 7 8 9 10 11 12 13 14 15 16 17 18 19 20 21 22 }
* Dataflow Pipeline: 0

* FSM state transitions: 
1 --> 2 
2 --> 3 
3 --> 4 
4 --> 5 
5 --> 6 
6 --> 7 
7 --> 8 
8 --> 9 
9 --> 10 
10 --> 11 
11 --> 12 
12 --> 13 
13 --> 14 
14 --> 15 
15 --> 16 
16 --> 17 
17 --> 18 
18 --> 19 
19 --> 20 
20 --> 21 
21 --> 22 
22 --> 

* FSM state operations: 

State 1 <SV = 0> <Delay = 1.58>
ST_1 : Operation 24 [1/1] (0.00ns)   --->   "%j = alloca i32 1" [cpu_functions.cpp:53->cpu_functions.cpp:174]   --->   Operation 24 'alloca' 'j' <Predicate = true> <Delay = 0.00>
ST_1 : Operation 25 [1/1] (0.00ns)   --->   "%i = alloca i32 1" [cpu_functions.cpp:51->cpu_functions.cpp:174]   --->   Operation 25 'alloca' 'i' <Predicate = true> <Delay = 0.00>
ST_1 : Operation 26 [1/1] (0.00ns)   --->   "%indvar_flatten173 = alloca i32 1"   --->   Operation 26 'alloca' 'indvar_flatten173' <Predicate = true> <Delay = 0.00>
ST_1 : Operation 27 [1/1] (0.00ns)   --->   "%specinterface_ln0 = specinterface void @_ssdm_op_SpecInterface, i32 %gmem, void @empty_0, i32 0, i32 0, void @empty_14, i32 0, i32 0, void @empty, void @empty_20, void @empty_14, i32 16, i32 16, i32 16, i32 16, void @empty_14, void @empty_14, i32 4294967295, i32 0, i32 0, i32 4"   --->   Operation 27 'specinterface' 'specinterface_ln0' <Predicate = true> <Delay = 0.00>
ST_1 : Operation 28 [1/1] (0.00ns)   --->   "%conv_2_output_read = read i32 @_ssdm_op_Read.ap_auto.i32, i32 %conv_2_output"   --->   Operation 28 'read' 'conv_2_output_read' <Predicate = true> <Delay = 0.00>
ST_1 : Operation 29 [1/1] (0.00ns)   --->   "%size_lateral_1_read = read i32 @_ssdm_op_Read.ap_auto.i32, i32 %size_lateral_1"   --->   Operation 29 'read' 'size_lateral_1_read' <Predicate = true> <Delay = 0.00>
ST_1 : Operation 30 [1/1] (0.00ns)   --->   "%mul_ln108_read = read i64 @_ssdm_op_Read.ap_auto.i64, i64 %mul_ln108"   --->   Operation 30 'read' 'mul_ln108_read' <Predicate = true> <Delay = 0.00>
ST_1 : Operation 31 [1/1] (1.58ns)   --->   "%store_ln0 = store i64 0, i64 %indvar_flatten173"   --->   Operation 31 'store' 'store_ln0' <Predicate = true> <Delay = 1.58>
ST_1 : Operation 32 [1/1] (1.58ns)   --->   "%store_ln51 = store i32 0, i32 %i" [cpu_functions.cpp:51->cpu_functions.cpp:174]   --->   Operation 32 'store' 'store_ln51' <Predicate = true> <Delay = 1.58>
ST_1 : Operation 33 [1/1] (1.58ns)   --->   "%store_ln53 = store i32 0, i32 %j" [cpu_functions.cpp:53->cpu_functions.cpp:174]   --->   Operation 33 'store' 'store_ln53' <Predicate = true> <Delay = 1.58>
ST_1 : Operation 34 [1/1] (0.00ns)   --->   "%br_ln0 = br void %for.body4.i32"   --->   Operation 34 'br' 'br_ln0' <Predicate = true> <Delay = 0.00>

State 2 <SV = 1> <Delay = 5.10>
ST_2 : Operation 35 [1/1] (0.00ns)   --->   "%indvar_flatten173_load = load i64 %indvar_flatten173" [cpu_functions.cpp:51->cpu_functions.cpp:174]   --->   Operation 35 'load' 'indvar_flatten173_load' <Predicate = true> <Delay = 0.00>
ST_2 : Operation 36 [1/1] (0.00ns)   --->   "%specbitsmap_ln0 = specbitsmap void @_ssdm_op_SpecBitsMap, i32 %gmem"   --->   Operation 36 'specbitsmap' 'specbitsmap_ln0' <Predicate = true> <Delay = 0.00>
ST_2 : Operation 37 [1/1] (3.52ns)   --->   "%icmp_ln51 = icmp_eq  i64 %indvar_flatten173_load, i64 %mul_ln108_read" [cpu_functions.cpp:51->cpu_functions.cpp:174]   --->   Operation 37 'icmp' 'icmp_ln51' <Predicate = true> <Delay = 3.52> <CoreInst = "Cmp">   --->   Core 9 'Cmp' <Latency = 0> <II = 1> <Delay = 3.52> <FuncUnit> <Opcode : 'seteq' 'setne' 'setle' 'setge' 'setlt' 'setgt'> <InPorts = 2> <OutPorts = 1>
ST_2 : Operation 38 [1/1] (3.52ns)   --->   "%add_ln51 = add i64 %indvar_flatten173_load, i64 1" [cpu_functions.cpp:51->cpu_functions.cpp:174]   --->   Operation 38 'add' 'add_ln51' <Predicate = true> <Delay = 3.52> <CoreInst = "Adder">   --->   Core 1 'Adder' <Latency = 0> <II = 1> <Delay = 3.52> <FuncUnit> <Opcode : 'add' 'sub'> <InPorts = 2> <OutPorts = 1>
ST_2 : Operation 39 [1/1] (0.00ns)   --->   "%br_ln51 = br i1 %icmp_ln51, void %for.inc18.i43, void %for.inc.i66.preheader.exitStub" [cpu_functions.cpp:51->cpu_functions.cpp:174]   --->   Operation 39 'br' 'br_ln51' <Predicate = true> <Delay = 0.00>
ST_2 : Operation 40 [1/1] (0.00ns)   --->   "%j_load = load i32 %j" [cpu_functions.cpp:53->cpu_functions.cpp:174]   --->   Operation 40 'load' 'j_load' <Predicate = (!icmp_ln51)> <Delay = 0.00>
ST_2 : Operation 41 [1/1] (0.00ns)   --->   "%i_load = load i32 %i" [cpu_functions.cpp:51->cpu_functions.cpp:174]   --->   Operation 41 'load' 'i_load' <Predicate = (!icmp_ln51)> <Delay = 0.00>
ST_2 : Operation 42 [1/1] (2.55ns)   --->   "%icmp_ln53 = icmp_eq  i32 %j_load, i32 %size_lateral_1_read" [cpu_functions.cpp:53->cpu_functions.cpp:174]   --->   Operation 42 'icmp' 'icmp_ln53' <Predicate = (!icmp_ln51)> <Delay = 2.55> <CoreInst = "Cmp">   --->   Core 9 'Cmp' <Latency = 0> <II = 1> <Delay = 2.55> <FuncUnit> <Opcode : 'seteq' 'setne' 'setle' 'setge' 'setlt' 'setgt'> <InPorts = 2> <OutPorts = 1>
ST_2 : Operation 43 [1/1] (2.55ns)   --->   "%add_ln51_1 = add i32 %i_load, i32 1" [cpu_functions.cpp:51->cpu_functions.cpp:174]   --->   Operation 43 'add' 'add_ln51_1' <Predicate = (!icmp_ln51)> <Delay = 2.55> <CoreInst = "Adder">   --->   Core 1 'Adder' <Latency = 0> <II = 1> <Delay = 2.55> <FuncUnit> <Opcode : 'add' 'sub'> <InPorts = 2> <OutPorts = 1>
ST_2 : Operation 44 [1/1] (0.69ns)   --->   "%select_ln51_1 = select i1 %icmp_ln53, i32 %add_ln51_1, i32 %i_load" [cpu_functions.cpp:51->cpu_functions.cpp:174]   --->   Operation 44 'select' 'select_ln51_1' <Predicate = (!icmp_ln51)> <Delay = 0.69> <CoreInst = "Sel">   --->   Core 73 'Sel' <Latency = 0> <II = 1> <Delay = 0.69> <FuncUnit> <Opcode : 'select'> <InPorts = 3> <OutPorts = 1>
ST_2 : Operation 45 [1/1] (1.58ns)   --->   "%store_ln51 = store i64 %add_ln51, i64 %indvar_flatten173" [cpu_functions.cpp:51->cpu_functions.cpp:174]   --->   Operation 45 'store' 'store_ln51' <Predicate = (!icmp_ln51)> <Delay = 1.58>
ST_2 : Operation 46 [1/1] (1.58ns)   --->   "%store_ln51 = store i32 %select_ln51_1, i32 %i" [cpu_functions.cpp:51->cpu_functions.cpp:174]   --->   Operation 46 'store' 'store_ln51' <Predicate = (!icmp_ln51)> <Delay = 1.58>

State 3 <SV = 2> <Delay = 6.91>
ST_3 : Operation 47 [2/2] (6.91ns)   --->   "%mul_ln55 = mul i32 %select_ln51_1, i32 %size_lateral_1_read" [cpu_functions.cpp:55->cpu_functions.cpp:174]   --->   Operation 47 'mul' 'mul_ln55' <Predicate = (!icmp_ln51)> <Delay = 6.91> <CoreInst = "Multiplier">   --->   Core 3 'Multiplier' <Latency = 1> <II = 1> <Delay = 6.91> <FuncUnit> <Opcode : 'mul'> <InPorts = 2> <OutPorts = 1>

State 4 <SV = 3> <Delay = 6.91>
ST_4 : Operation 48 [1/2] (6.91ns)   --->   "%mul_ln55 = mul i32 %select_ln51_1, i32 %size_lateral_1_read" [cpu_functions.cpp:55->cpu_functions.cpp:174]   --->   Operation 48 'mul' 'mul_ln55' <Predicate = (!icmp_ln51)> <Delay = 6.91> <CoreInst = "Multiplier">   --->   Core 3 'Multiplier' <Latency = 1> <II = 1> <Delay = 6.91> <FuncUnit> <Opcode : 'mul'> <InPorts = 2> <OutPorts = 1>
ST_4 : Operation 49 [1/1] (0.00ns)   --->   "%trunc_ln55 = trunc i32 %mul_ln55" [cpu_functions.cpp:55->cpu_functions.cpp:174]   --->   Operation 49 'trunc' 'trunc_ln55' <Predicate = (!icmp_ln51)> <Delay = 0.00>

State 5 <SV = 4> <Delay = 5.74>
ST_5 : Operation 50 [1/1] (0.69ns)   --->   "%select_ln51 = select i1 %icmp_ln53, i32 0, i32 %j_load" [cpu_functions.cpp:51->cpu_functions.cpp:174]   --->   Operation 50 'select' 'select_ln51' <Predicate = (!icmp_ln51)> <Delay = 0.69> <CoreInst = "Sel">   --->   Core 73 'Sel' <Latency = 0> <II = 1> <Delay = 0.69> <FuncUnit> <Opcode : 'select'> <InPorts = 3> <OutPorts = 1>
ST_5 : Operation 51 [1/1] (0.00ns)   --->   "%trunc_ln55_1 = trunc i32 %select_ln51" [cpu_functions.cpp:55->cpu_functions.cpp:174]   --->   Operation 51 'trunc' 'trunc_ln55_1' <Predicate = (!icmp_ln51)> <Delay = 0.00>
ST_5 : Operation 52 [1/1] (2.49ns)   --->   "%add_ln55 = add i30 %trunc_ln55_1, i30 %trunc_ln55" [cpu_functions.cpp:55->cpu_functions.cpp:174]   --->   Operation 52 'add' 'add_ln55' <Predicate = (!icmp_ln51)> <Delay = 2.49> <CoreInst = "Adder">   --->   Core 1 'Adder' <Latency = 0> <II = 1> <Delay = 2.49> <FuncUnit> <Opcode : 'add' 'sub'> <InPorts = 2> <OutPorts = 1>
ST_5 : Operation 53 [1/1] (0.00ns)   --->   "%shl_ln55_1 = bitconcatenate i32 @_ssdm_op_BitConcatenate.i32.i30.i2, i30 %add_ln55, i2 0" [cpu_functions.cpp:55->cpu_functions.cpp:174]   --->   Operation 53 'bitconcatenate' 'shl_ln55_1' <Predicate = (!icmp_ln51)> <Delay = 0.00>
ST_5 : Operation 54 [1/1] (2.55ns)   --->   "%add_ln55_1 = add i32 %shl_ln55_1, i32 %conv_2_output_read" [cpu_functions.cpp:55->cpu_functions.cpp:174]   --->   Operation 54 'add' 'add_ln55_1' <Predicate = (!icmp_ln51)> <Delay = 2.55> <CoreInst = "Adder">   --->   Core 1 'Adder' <Latency = 0> <II = 1> <Delay = 2.55> <FuncUnit> <Opcode : 'add' 'sub'> <InPorts = 2> <OutPorts = 1>
ST_5 : Operation 55 [1/1] (0.00ns)   --->   "%trunc_ln55_5 = partselect i30 @_ssdm_op_PartSelect.i30.i32.i32.i32, i32 %add_ln55_1, i32 2, i32 31" [cpu_functions.cpp:55->cpu_functions.cpp:174]   --->   Operation 55 'partselect' 'trunc_ln55_5' <Predicate = (!icmp_ln51)> <Delay = 0.00>
ST_5 : Operation 89 [1/1] (1.58ns)   --->   "%ret_ln0 = ret"   --->   Operation 89 'ret' 'ret_ln0' <Predicate = (icmp_ln51)> <Delay = 1.58>

State 6 <SV = 5> <Delay = 7.30>
ST_6 : Operation 56 [1/1] (0.00ns)   --->   "%sext_ln55 = sext i30 %trunc_ln55_5" [cpu_functions.cpp:55->cpu_functions.cpp:174]   --->   Operation 56 'sext' 'sext_ln55' <Predicate = (!icmp_ln51)> <Delay = 0.00>
ST_6 : Operation 57 [1/1] (0.00ns)   --->   "%gmem_addr = getelementptr i32 %gmem, i32 %sext_ln55" [cpu_functions.cpp:55->cpu_functions.cpp:174]   --->   Operation 57 'getelementptr' 'gmem_addr' <Predicate = (!icmp_ln51)> <Delay = 0.00>
ST_6 : Operation 58 [8/8] (7.30ns)   --->   "%gmem_load_4_req = readreq i1 @_ssdm_op_ReadReq.m_axi.i32P1A, i32 %gmem_addr, i32 1" [cpu_functions.cpp:55->cpu_functions.cpp:174]   --->   Operation 58 'readreq' 'gmem_load_4_req' <Predicate = (!icmp_ln51)> <Delay = 7.30> <CoreInst = "m_axi">   --->   Core 111 'm_axi' <Latency = 6> <II = 1> <Delay = 1.00> <Adapter> <Opcode : 'readrequnaligned' 'writerequnaligned' 'read' 'write' 'readreq' 'writereq' 'writeresp'>

State 7 <SV = 6> <Delay = 0.00>
ST_7 : Operation 59 [7/8] (7.30ns)   --->   "%gmem_load_4_req = readreq i1 @_ssdm_op_ReadReq.m_axi.i32P1A, i32 %gmem_addr, i32 1" [cpu_functions.cpp:55->cpu_functions.cpp:174]   --->   Operation 59 'readreq' 'gmem_load_4_req' <Predicate = (!icmp_ln51)> <Delay = 7.30> <CoreInst = "m_axi">   --->   Core 111 'm_axi' <Latency = 6> <II = 1> <Delay = 1.00> <Adapter> <Opcode : 'readrequnaligned' 'writerequnaligned' 'read' 'write' 'readreq' 'writereq' 'writeresp'>

State 8 <SV = 7> <Delay = 0.00>
ST_8 : Operation 60 [6/8] (7.30ns)   --->   "%gmem_load_4_req = readreq i1 @_ssdm_op_ReadReq.m_axi.i32P1A, i32 %gmem_addr, i32 1" [cpu_functions.cpp:55->cpu_functions.cpp:174]   --->   Operation 60 'readreq' 'gmem_load_4_req' <Predicate = (!icmp_ln51)> <Delay = 7.30> <CoreInst = "m_axi">   --->   Core 111 'm_axi' <Latency = 6> <II = 1> <Delay = 1.00> <Adapter> <Opcode : 'readrequnaligned' 'writerequnaligned' 'read' 'write' 'readreq' 'writereq' 'writeresp'>

State 9 <SV = 8> <Delay = 0.00>
ST_9 : Operation 61 [5/8] (7.30ns)   --->   "%gmem_load_4_req = readreq i1 @_ssdm_op_ReadReq.m_axi.i32P1A, i32 %gmem_addr, i32 1" [cpu_functions.cpp:55->cpu_functions.cpp:174]   --->   Operation 61 'readreq' 'gmem_load_4_req' <Predicate = (!icmp_ln51)> <Delay = 7.30> <CoreInst = "m_axi">   --->   Core 111 'm_axi' <Latency = 6> <II = 1> <Delay = 1.00> <Adapter> <Opcode : 'readrequnaligned' 'writerequnaligned' 'read' 'write' 'readreq' 'writereq' 'writeresp'>

State 10 <SV = 9> <Delay = 0.00>
ST_10 : Operation 62 [4/8] (7.30ns)   --->   "%gmem_load_4_req = readreq i1 @_ssdm_op_ReadReq.m_axi.i32P1A, i32 %gmem_addr, i32 1" [cpu_functions.cpp:55->cpu_functions.cpp:174]   --->   Operation 62 'readreq' 'gmem_load_4_req' <Predicate = (!icmp_ln51)> <Delay = 7.30> <CoreInst = "m_axi">   --->   Core 111 'm_axi' <Latency = 6> <II = 1> <Delay = 1.00> <Adapter> <Opcode : 'readrequnaligned' 'writerequnaligned' 'read' 'write' 'readreq' 'writereq' 'writeresp'>

State 11 <SV = 10> <Delay = 0.00>
ST_11 : Operation 63 [3/8] (7.30ns)   --->   "%gmem_load_4_req = readreq i1 @_ssdm_op_ReadReq.m_axi.i32P1A, i32 %gmem_addr, i32 1" [cpu_functions.cpp:55->cpu_functions.cpp:174]   --->   Operation 63 'readreq' 'gmem_load_4_req' <Predicate = (!icmp_ln51)> <Delay = 7.30> <CoreInst = "m_axi">   --->   Core 111 'm_axi' <Latency = 6> <II = 1> <Delay = 1.00> <Adapter> <Opcode : 'readrequnaligned' 'writerequnaligned' 'read' 'write' 'readreq' 'writereq' 'writeresp'>

State 12 <SV = 11> <Delay = 0.00>
ST_12 : Operation 64 [2/8] (7.30ns)   --->   "%gmem_load_4_req = readreq i1 @_ssdm_op_ReadReq.m_axi.i32P1A, i32 %gmem_addr, i32 1" [cpu_functions.cpp:55->cpu_functions.cpp:174]   --->   Operation 64 'readreq' 'gmem_load_4_req' <Predicate = (!icmp_ln51)> <Delay = 7.30> <CoreInst = "m_axi">   --->   Core 111 'm_axi' <Latency = 6> <II = 1> <Delay = 1.00> <Adapter> <Opcode : 'readrequnaligned' 'writerequnaligned' 'read' 'write' 'readreq' 'writereq' 'writeresp'>

State 13 <SV = 12> <Delay = 7.30>
ST_13 : Operation 65 [1/8] ( I:7.30ns O:7.30ns )   --->   "%gmem_load_4_req = readreq i1 @_ssdm_op_ReadReq.m_axi.i32P1A, i32 %gmem_addr, i32 1" [cpu_functions.cpp:55->cpu_functions.cpp:174]   --->   Operation 65 'readreq' 'gmem_load_4_req' <Predicate = (!icmp_ln51)> <Delay = 7.30> <CoreInst = "m_axi">   --->   Core 111 'm_axi' <Latency = 6> <II = 1> <Delay = 1.00> <Adapter> <Opcode : 'readrequnaligned' 'writerequnaligned' 'read' 'write' 'readreq' 'writereq' 'writeresp'>

State 14 <SV = 13> <Delay = 7.30>
ST_14 : Operation 66 [1/1] ( I:7.30ns O:7.30ns )   --->   "%gmem_addr_read = read i32 @_ssdm_op_Read.m_axi.i32P1A, i32 %gmem_addr" [cpu_functions.cpp:55->cpu_functions.cpp:174]   --->   Operation 66 'read' 'gmem_addr_read' <Predicate = (!icmp_ln51)> <Delay = 7.30> <CoreInst = "m_axi">   --->   Core 111 'm_axi' <Latency = 3> <II = 1> <Delay = 1.00> <Adapter> <Opcode : 'readrequnaligned' 'writerequnaligned' 'read' 'write' 'readreq' 'writereq' 'writeresp'>
ST_14 : Operation 67 [1/1] (0.00ns)   --->   "%tmp_20 = partselect i8 @_ssdm_op_PartSelect.i8.i32.i32.i32, i32 %gmem_addr_read, i32 23, i32 30" [cpu_functions.cpp:55->cpu_functions.cpp:174]   --->   Operation 67 'partselect' 'tmp_20' <Predicate = (!icmp_ln51)> <Delay = 0.00>
ST_14 : Operation 68 [1/1] (0.00ns)   --->   "%trunc_ln55_2 = trunc i32 %gmem_addr_read" [cpu_functions.cpp:55->cpu_functions.cpp:174]   --->   Operation 68 'trunc' 'trunc_ln55_2' <Predicate = (!icmp_ln51)> <Delay = 0.00>

State 15 <SV = 14> <Delay = 5.43>
ST_15 : Operation 69 [1/1] (0.00ns)   --->   "%bitcast_ln55 = bitcast i32 %gmem_addr_read" [cpu_functions.cpp:55->cpu_functions.cpp:174]   --->   Operation 69 'bitcast' 'bitcast_ln55' <Predicate = (!icmp_ln51)> <Delay = 0.00>
ST_15 : Operation 70 [1/1] (1.91ns)   --->   "%icmp_ln55 = icmp_ne  i8 %tmp_20, i8 255" [cpu_functions.cpp:55->cpu_functions.cpp:174]   --->   Operation 70 'icmp' 'icmp_ln55' <Predicate = (!icmp_ln51)> <Delay = 1.91> <CoreInst = "Cmp">   --->   Core 9 'Cmp' <Latency = 0> <II = 1> <Delay = 1.91> <FuncUnit> <Opcode : 'seteq' 'setne' 'setle' 'setge' 'setlt' 'setgt'> <InPorts = 2> <OutPorts = 1>
ST_15 : Operation 71 [1/1] (2.28ns)   --->   "%icmp_ln55_1 = icmp_eq  i23 %trunc_ln55_2, i23 0" [cpu_functions.cpp:55->cpu_functions.cpp:174]   --->   Operation 71 'icmp' 'icmp_ln55_1' <Predicate = (!icmp_ln51)> <Delay = 2.28> <CoreInst = "Cmp">   --->   Core 9 'Cmp' <Latency = 0> <II = 1> <Delay = 2.28> <FuncUnit> <Opcode : 'seteq' 'setne' 'setle' 'setge' 'setlt' 'setgt'> <InPorts = 2> <OutPorts = 1>
ST_15 : Operation 72 [2/2] (5.43ns)   --->   "%tmp_21 = fcmp_ogt  i32 %bitcast_ln55, i32 0" [cpu_functions.cpp:55->cpu_functions.cpp:174]   --->   Operation 72 'fcmp' 'tmp_21' <Predicate = (!icmp_ln51)> <Delay = 5.43> <CoreInst = "FCompare">   --->   Core 19 'FCompare' <Latency = 1> <II = 1> <Delay = 5.43> <FuncUnit> <Opcode : 'fcmp'> <InPorts = 2> <OutPorts = 1>

State 16 <SV = 15> <Delay = 7.30>
ST_16 : Operation 73 [1/1] (0.00ns) (grouped into LUT with out node and_ln55)   --->   "%or_ln55 = or i1 %icmp_ln55_1, i1 %icmp_ln55" [cpu_functions.cpp:55->cpu_functions.cpp:174]   --->   Operation 73 'or' 'or_ln55' <Predicate = (!icmp_ln51)> <Delay = 0.00> <CoreInst = "LogicGate">   --->   Core 74 'LogicGate' <Latency = 0> <II = 1> <Delay = 0.97> <FuncUnit> <Opcode : 'and' 'or' 'xor'> <InPorts = 2> <OutPorts = 1>
ST_16 : Operation 74 [1/2] (5.43ns)   --->   "%tmp_21 = fcmp_ogt  i32 %bitcast_ln55, i32 0" [cpu_functions.cpp:55->cpu_functions.cpp:174]   --->   Operation 74 'fcmp' 'tmp_21' <Predicate = (!icmp_ln51)> <Delay = 5.43> <CoreInst = "FCompare">   --->   Core 19 'FCompare' <Latency = 1> <II = 1> <Delay = 5.43> <FuncUnit> <Opcode : 'fcmp'> <InPorts = 2> <OutPorts = 1>
ST_16 : Operation 75 [1/1] (0.97ns) (out node of the LUT)   --->   "%and_ln55 = and i1 %or_ln55, i1 %tmp_21" [cpu_functions.cpp:55->cpu_functions.cpp:174]   --->   Operation 75 'and' 'and_ln55' <Predicate = (!icmp_ln51)> <Delay = 0.97> <CoreInst = "LogicGate">   --->   Core 74 'LogicGate' <Latency = 0> <II = 1> <Delay = 0.97> <FuncUnit> <Opcode : 'and' 'or' 'xor'> <InPorts = 2> <OutPorts = 1>
ST_16 : Operation 76 [1/1] (0.69ns)   --->   "%empty = select i1 %and_ln55, i32 %gmem_addr_read, i32 0" [cpu_functions.cpp:55->cpu_functions.cpp:174]   --->   Operation 76 'select' 'empty' <Predicate = (!icmp_ln51)> <Delay = 0.69> <CoreInst = "Sel">   --->   Core 73 'Sel' <Latency = 0> <II = 1> <Delay = 0.69> <FuncUnit> <Opcode : 'select'> <InPorts = 3> <OutPorts = 1>
ST_16 : Operation 77 [1/1] ( I:7.30ns O:7.30ns )   --->   "%gmem_addr_7_req = writereq i1 @_ssdm_op_WriteReq.m_axi.i32P1A, i32 %gmem_addr, i32 1" [cpu_functions.cpp:55->cpu_functions.cpp:174]   --->   Operation 77 'writereq' 'gmem_addr_7_req' <Predicate = (!icmp_ln51)> <Delay = 7.30> <CoreInst = "m_axi">   --->   Core 111 'm_axi' <Latency = 9> <II = 1> <Delay = 1.00> <Adapter> <Opcode : 'readrequnaligned' 'writerequnaligned' 'read' 'write' 'readreq' 'writereq' 'writeresp'>

State 17 <SV = 16> <Delay = 7.30>
ST_17 : Operation 78 [1/1] ( I:7.30ns O:7.30ns )   --->   "%write_ln55 = write void @_ssdm_op_Write.m_axi.i32P1A, i32 %gmem_addr, i32 %empty, i4 15" [cpu_functions.cpp:55->cpu_functions.cpp:174]   --->   Operation 78 'write' 'write_ln55' <Predicate = (!icmp_ln51)> <Delay = 7.30> <CoreInst = "m_axi">   --->   Core 111 'm_axi' <Latency = 5> <II = 1> <Delay = 1.00> <Adapter> <Opcode : 'readrequnaligned' 'writerequnaligned' 'read' 'write' 'readreq' 'writereq' 'writeresp'>

State 18 <SV = 17> <Delay = 4.14>
ST_18 : Operation 79 [5/5] (7.30ns)   --->   "%gmem_addr_7_resp = writeresp i1 @_ssdm_op_WriteResp.m_axi.i32P1A, i32 %gmem_addr" [cpu_functions.cpp:55->cpu_functions.cpp:174]   --->   Operation 79 'writeresp' 'gmem_addr_7_resp' <Predicate = (!icmp_ln51)> <Delay = 7.30> <CoreInst = "m_axi">   --->   Core 111 'm_axi' <Latency = 3> <II = 1> <Delay = 1.00> <Adapter> <Opcode : 'readrequnaligned' 'writerequnaligned' 'read' 'write' 'readreq' 'writereq' 'writeresp'>
ST_18 : Operation 80 [1/1] (2.55ns)   --->   "%add_ln53 = add i32 %select_ln51, i32 1" [cpu_functions.cpp:53->cpu_functions.cpp:174]   --->   Operation 80 'add' 'add_ln53' <Predicate = (!icmp_ln51)> <Delay = 2.55> <CoreInst = "Adder">   --->   Core 1 'Adder' <Latency = 0> <II = 1> <Delay = 2.55> <FuncUnit> <Opcode : 'add' 'sub'> <InPorts = 2> <OutPorts = 1>
ST_18 : Operation 81 [1/1] (1.58ns)   --->   "%store_ln53 = store i32 %add_ln53, i32 %j" [cpu_functions.cpp:53->cpu_functions.cpp:174]   --->   Operation 81 'store' 'store_ln53' <Predicate = (!icmp_ln51)> <Delay = 1.58>

State 19 <SV = 18> <Delay = 0.00>
ST_19 : Operation 82 [4/5] (7.30ns)   --->   "%gmem_addr_7_resp = writeresp i1 @_ssdm_op_WriteResp.m_axi.i32P1A, i32 %gmem_addr" [cpu_functions.cpp:55->cpu_functions.cpp:174]   --->   Operation 82 'writeresp' 'gmem_addr_7_resp' <Predicate = true> <Delay = 7.30> <CoreInst = "m_axi">   --->   Core 111 'm_axi' <Latency = 3> <II = 1> <Delay = 1.00> <Adapter> <Opcode : 'readrequnaligned' 'writerequnaligned' 'read' 'write' 'readreq' 'writereq' 'writeresp'>

State 20 <SV = 19> <Delay = 0.00>
ST_20 : Operation 83 [3/5] (7.30ns)   --->   "%gmem_addr_7_resp = writeresp i1 @_ssdm_op_WriteResp.m_axi.i32P1A, i32 %gmem_addr" [cpu_functions.cpp:55->cpu_functions.cpp:174]   --->   Operation 83 'writeresp' 'gmem_addr_7_resp' <Predicate = true> <Delay = 7.30> <CoreInst = "m_axi">   --->   Core 111 'm_axi' <Latency = 3> <II = 1> <Delay = 1.00> <Adapter> <Opcode : 'readrequnaligned' 'writerequnaligned' 'read' 'write' 'readreq' 'writereq' 'writeresp'>

State 21 <SV = 20> <Delay = 0.00>
ST_21 : Operation 84 [2/5] (7.30ns)   --->   "%gmem_addr_7_resp = writeresp i1 @_ssdm_op_WriteResp.m_axi.i32P1A, i32 %gmem_addr" [cpu_functions.cpp:55->cpu_functions.cpp:174]   --->   Operation 84 'writeresp' 'gmem_addr_7_resp' <Predicate = true> <Delay = 7.30> <CoreInst = "m_axi">   --->   Core 111 'm_axi' <Latency = 3> <II = 1> <Delay = 1.00> <Adapter> <Opcode : 'readrequnaligned' 'writerequnaligned' 'read' 'write' 'readreq' 'writereq' 'writeresp'>

State 22 <SV = 21> <Delay = 7.30>
ST_22 : Operation 85 [1/1] (0.00ns)   --->   "%specloopname_ln0 = specloopname void @_ssdm_op_SpecLoopName, void @VITIS_LOOP_51_1_VITIS_LOOP_53_2_str"   --->   Operation 85 'specloopname' 'specloopname_ln0' <Predicate = true> <Delay = 0.00>
ST_22 : Operation 86 [1/1] (0.00ns)   --->   "%specpipeline_ln53 = specpipeline void @_ssdm_op_SpecPipeline, i32 4294967295, i32 0, i32 0, i32 0, i32 4294967295, void @empty_14" [cpu_functions.cpp:53->cpu_functions.cpp:174]   --->   Operation 86 'specpipeline' 'specpipeline_ln53' <Predicate = true> <Delay = 0.00>
ST_22 : Operation 87 [1/5] ( I:7.30ns O:7.30ns )   --->   "%gmem_addr_7_resp = writeresp i1 @_ssdm_op_WriteResp.m_axi.i32P1A, i32 %gmem_addr" [cpu_functions.cpp:55->cpu_functions.cpp:174]   --->   Operation 87 'writeresp' 'gmem_addr_7_resp' <Predicate = true> <Delay = 7.30> <CoreInst = "m_axi">   --->   Core 111 'm_axi' <Latency = 3> <II = 1> <Delay = 1.00> <Adapter> <Opcode : 'readrequnaligned' 'writerequnaligned' 'read' 'write' 'readreq' 'writereq' 'writeresp'>
ST_22 : Operation 88 [1/1] (0.00ns)   --->   "%br_ln53 = br void %for.body4.i32" [cpu_functions.cpp:53->cpu_functions.cpp:174]   --->   Operation 88 'br' 'br_ln53' <Predicate = true> <Delay = 0.00>


============================================================
+ Verbose Summary: Timing violations
============================================================
Target clock period: 10.000ns, clock uncertainty: 2.700ns.

 <State 1>: 1.588ns
The critical path consists of the following:
	'alloca' operation 64 bit ('indvar_flatten173') [7]  (0.000 ns)
	'store' operation ('store_ln0') of constant 0 64 bit on local variable 'indvar_flatten173' [12]  (1.588 ns)

 <State 2>: 5.108ns
The critical path consists of the following:
	'load' operation 64 bit ('indvar_flatten173_load', cpu_functions.cpp:51->cpu_functions.cpp:174) on local variable 'indvar_flatten173' [17]  (0.000 ns)
	'add' operation 64 bit ('add_ln51', cpu_functions.cpp:51->cpu_functions.cpp:174) [20]  (3.520 ns)
	'store' operation ('store_ln51', cpu_functions.cpp:51->cpu_functions.cpp:174) of variable 'add_ln51', cpu_functions.cpp:51->cpu_functions.cpp:174 64 bit on local variable 'indvar_flatten173' [55]  (1.588 ns)

 <State 3>: 6.912ns
The critical path consists of the following:
	'mul' operation 32 bit ('mul_ln55', cpu_functions.cpp:55->cpu_functions.cpp:174) [30]  (6.912 ns)

 <State 4>: 6.912ns
The critical path consists of the following:
	'mul' operation 32 bit ('mul_ln55', cpu_functions.cpp:55->cpu_functions.cpp:174) [30]  (6.912 ns)

 <State 5>: 5.743ns
The critical path consists of the following:
	'select' operation 32 bit ('select_ln51', cpu_functions.cpp:51->cpu_functions.cpp:174) [27]  (0.698 ns)
	'add' operation 30 bit ('add_ln55', cpu_functions.cpp:55->cpu_functions.cpp:174) [34]  (2.493 ns)
	'add' operation 32 bit ('add_ln55_1', cpu_functions.cpp:55->cpu_functions.cpp:174) [36]  (2.552 ns)

 <State 6>: 7.300ns
The critical path consists of the following:
	'getelementptr' operation 32 bit ('gmem_addr', cpu_functions.cpp:55->cpu_functions.cpp:174) [39]  (0.000 ns)
	bus request operation ('gmem_load_4_req', cpu_functions.cpp:55->cpu_functions.cpp:174) on port 'gmem' (cpu_functions.cpp:55->cpu_functions.cpp:174) [40]  (0.000 ns)
	blocking operation 7.3 ns on control path)

 <State 7>: 0.000ns
The critical path consists of the following:

 <State 8>: 0.000ns
The critical path consists of the following:

 <State 9>: 0.000ns
The critical path consists of the following:

 <State 10>: 0.000ns
The critical path consists of the following:

 <State 11>: 0.000ns
The critical path consists of the following:

 <State 12>: 0.000ns
The critical path consists of the following:

 <State 13>: 7.300ns
The critical path consists of the following:
	bus request operation ('gmem_load_4_req', cpu_functions.cpp:55->cpu_functions.cpp:174) on port 'gmem' (cpu_functions.cpp:55->cpu_functions.cpp:174) [40]  (7.300 ns)

 <State 14>: 7.300ns
The critical path consists of the following:
	bus read operation ('gmem_addr_read', cpu_functions.cpp:55->cpu_functions.cpp:174) on port 'gmem' (cpu_functions.cpp:55->cpu_functions.cpp:174) [41]  (7.300 ns)

 <State 15>: 5.431ns
The critical path consists of the following:
	'fcmp' operation 1 bit ('tmp_21', cpu_functions.cpp:55->cpu_functions.cpp:174) [48]  (5.431 ns)

 <State 16>: 7.300ns
The critical path consists of the following:
	bus request operation ('gmem_addr_7_req', cpu_functions.cpp:55->cpu_functions.cpp:174) on port 'gmem' (cpu_functions.cpp:55->cpu_functions.cpp:174) [51]  (7.300 ns)

 <State 17>: 7.300ns
The critical path consists of the following:
	bus write operation ('write_ln55', cpu_functions.cpp:55->cpu_functions.cpp:174) on port 'gmem' (cpu_functions.cpp:55->cpu_functions.cpp:174) [52]  (7.300 ns)

 <State 18>: 4.140ns
The critical path consists of the following:
	'add' operation 32 bit ('add_ln53', cpu_functions.cpp:53->cpu_functions.cpp:174) [54]  (2.552 ns)
	'store' operation ('store_ln53', cpu_functions.cpp:53->cpu_functions.cpp:174) of variable 'add_ln53', cpu_functions.cpp:53->cpu_functions.cpp:174 32 bit on local variable 'j', cpu_functions.cpp:53->cpu_functions.cpp:174 [57]  (1.588 ns)

 <State 19>: 0.000ns
The critical path consists of the following:

 <State 20>: 0.000ns
The critical path consists of the following:

 <State 21>: 0.000ns
The critical path consists of the following:

 <State 22>: 7.300ns
The critical path consists of the following:
	bus response operation ('gmem_addr_7_resp', cpu_functions.cpp:55->cpu_functions.cpp:174) on port 'gmem' (cpu_functions.cpp:55->cpu_functions.cpp:174) [53]  (7.300 ns)


============================================================
+ Verbose Summary: Binding
============================================================
N/A
* FSMD analyzer results:
  - Output states:
 - Input state : 
  - Chain level:
	State 1
	State 2
	State 3
	State 4
	State 5
	State 6
	State 7
	State 8
	State 9
	State 10
	State 11
	State 12
	State 13
	State 14
	State 15
	State 16
	State 17
	State 18
	State 19
	State 20
	State 21
	State 22


============================================================
+ Verbose Summary: Datapath Resource usage 
============================================================
N/A
