

================================================================
== Vitis HLS Report for 'cifar10_Pipeline_VITIS_LOOP_51_1_VITIS_LOOP_53_21'
================================================================
* Date:           Mon May  4 21:06:53 2026

* Version:        2025.2 (Build 6295257 on Nov 14 2025)
* Project:        proj_cifar10
* Solution:       fsolution (Vivado IP Flow Target)
* Product family: zynq
* Target device:  xc7z020-clg484-1


================================================================
== Performance Estimates
================================================================
+ Timing: 
    * Summary: 
    +--------+----------+----------+------------+
    |  Clock |  Target  | Estimated| Uncertainty|
    +--------+----------+----------+------------+
    |ap_clk  |  10.00 ns|  7.300 ns|     2.70 ns|
    +--------+----------+----------+------------+

+ Latency: 
    * Summary: 
    +---------+---------+----------+----------+-----+-----+-------------------+
    |  Latency (cycles) |  Latency (absolute) |  Interval |      Pipeline     |
    |   min   |   max   |    min   |    max   | min | max |        Type       |
    +---------+---------+----------+----------+-----+-----+-------------------+
    |        ?|        ?|         ?|         ?|    0|    0|  loop pipeline stp|
    +---------+---------+----------+----------+-----+-----+-------------------+

    + Detail: 
        * Instance: 
        N/A

        * Loop: 
        +-----------------------------------+---------+---------+----------+-----------+-----------+------+----------+
        |                                   |  Latency (cycles) | Iteration|  Initiation Interval  | Trip |          |
        |             Loop Name             |   min   |   max   |  Latency |  achieved |   target  | Count| Pipelined|
        +-----------------------------------+---------+---------+----------+-----------+-----------+------+----------+
        |- VITIS_LOOP_51_1_VITIS_LOOP_53_2  |        ?|        ?|        21|         17|          1|     ?|       yes|
        +-----------------------------------+---------+---------+----------+-----------+-----------+------+----------+

============================================================
+ Verbose Summary: Synthesis Manager
============================================================
InlineROM: 1
ExposeGlobal: 0
============================================================
+ Verbose Summary: CDFG Model
============================================================
IsTopModel: 0
ResetActiveHigh: 1
IsCombinational: 0
IsDatapathOnly: 0
HasWiredReturn: 1
HasMFsm: 2
HasVarLatency: 1
IsPipeline: 0
IsRtlPipelined: 0
IsInstanceOverlapped: 0
IsDontTouch: 0
HasImplIP: 0
IsGatedGlobalClock: 0

+ Individual pipeline summary: 
  * Pipeline-0: initiation interval (II) = 17, depth = 22


============================================================
+ Verbose Summary: Schedule
============================================================
* Number of FSM states : 22
* Pipeline : 1
  Pipeline-0 : II = 17, D = 22, States = { 1 2 3 4 5 6 7 8 9 10 11 12 13 14 15 16 17 18 19 20 21 22 }
* Dataflow Pipeline: 0

* FSM state transitions: 
1 --> 2 
2 --> 3 
3 --> 4 
4 --> 5 
5 --> 6 
6 --> 7 
7 --> 8 
8 --> 9 
9 --> 10 
10 --> 11 
11 --> 12 
12 --> 13 
13 --> 14 
14 --> 15 
15 --> 16 
16 --> 17 
17 --> 18 
18 --> 19 
19 --> 20 
20 --> 21 
21 --> 22 
22 --> 

* FSM state operations: 

State 1 <SV = 0> <Delay = 1.58>
ST_1 : Operation 24 [1/1] (0.00ns)   --->   "%j = alloca i32 1" [cpu_functions.cpp:53->cpu_functions.cpp:174]   --->   Operation 24 'alloca' 'j' <Predicate = true> <Delay = 0.00>
ST_1 : Operation 25 [1/1] (0.00ns)   --->   "%i = alloca i32 1" [cpu_functions.cpp:51->cpu_functions.cpp:174]   --->   Operation 25 'alloca' 'i' <Predicate = true> <Delay = 0.00>
ST_1 : Operation 26 [1/1] (0.00ns)   --->   "%indvar_flatten173 = alloca i32 1"   --->   Operation 26 'alloca' 'indvar_flatten173' <Predicate = true> <Delay = 0.00>
ST_1 : Operation 27 [1/1] (0.00ns)   --->   "%specinterface_ln0 = specinterface void @_ssdm_op_SpecInterface, i32 %gmem, void @empty_0, i32 0, i32 0, void @empty_14, i32 0, i32 0, void @empty, void @empty_20, void @empty_14, i32 16, i32 16, i32 16, i32 16, void @empty_14, void @empty_14, i32 4294967295, i32 0, i32 0, i32 4"   --->   Operation 27 'specinterface' 'specinterface_ln0' <Predicate = true> <Delay = 0.00>
ST_1 : Operation 28 [1/1] (0.00ns)   --->   "%conv_2_output_read = read i32 @_ssdm_op_Read.ap_auto.i32, i32 %conv_2_output"   --->   Operation 28 'read' 'conv_2_output_read' <Predicate = true> <Delay = 0.00>
ST_1 : Operation 29 [1/1] (0.00ns)   --->   "%size_lateral_1_read = read i32 @_ssdm_op_Read.ap_auto.i32, i32 %size_lateral_1"   --->   Operation 29 'read' 'size_lateral_1_read' <Predicate = true> <Delay = 0.00>
ST_1 : Operation 30 [1/1] (0.00ns)   --->   "%mul_ln108_read = read i64 @_ssdm_op_Read.ap_auto.i64, i64 %mul_ln108"   --->   Operation 30 'read' 'mul_ln108_read' <Predicate = true> <Delay = 0.00>
ST_1 : Operation 31 [1/1] (1.58ns)   --->   "%store_ln0 = store i64 0, i64 %indvar_flatten173"   --->   Operation 31 'store' 'store_ln0' <Predicate = true> <Delay = 1.58>
ST_1 : Operation 32 [1/1] (1.58ns)   --->   "%store_ln51 = store i32 0, i32 %i" [cpu_functions.cpp:51->cpu_functions.cpp:174]   --->   Operation 32 'store' 'store_ln51' <Predicate = true> <Delay = 1.58>
ST_1 : Operation 33 [1/1] (1.58ns)   --->   "%store_ln53 = store i32 0, i32 %j" [cpu_functions.cpp:53->cpu_functions.cpp:174]   --->   Operation 33 'store' 'store_ln53' <Predicate = true> <Delay = 1.58>
ST_1 : Operation 34 [1/1] (0.00ns)   --->   "%br_ln0 = br void %for.body4.i32"   --->   Operation 34 'br' 'br_ln0' <Predicate = true> <Delay = 0.00>

State 2 <SV = 1> <Delay = 5.10>
ST_2 : Operation 35 [1/1] (0.00ns)   --->   "%indvar_flatten173_load = load i64 %indvar_flatten173" [cpu_functions.cpp:51->cpu_functions.cpp:174]   --->   Operation 35 'load' 'indvar_flatten173_load' <Predicate = true> <Delay = 0.00>
ST_2 : Operation 36 [1/1] (0.00ns)   --->   "%specbitsmap_ln0 = specbitsmap void @_ssdm_op_SpecBitsMap, i32 %gmem"   --->   Operation 36 'specbitsmap' 'specbitsmap_ln0' <Predicate = true> <Delay = 0.00>
ST_2 : Operation 37 [1/1] (3.52ns)   --->   "%icmp_ln51 = icmp_eq  i64 %indvar_flatten173_load, i64 %mul_ln108_read" [cpu_functions.cpp:51->cpu_functions.cpp:174]   --->   Operation 37 'icmp' 'icmp_ln51' <Predicate = true> <Delay = 3.52> <CoreInst = "Cmp">   --->   Core 9 'Cmp' <Latency = 0> <II = 1> <Delay = 3.52> <FuncUnit> <Opcode : 'seteq' 'setne' 'setle' 'setge' 'setlt' 'setgt'> <InPorts = 2> <OutPorts = 1>
ST_2 : Operation 38 [1/1] (3.52ns)   --->   "%add_ln51 = add i64 %indvar_flatten173_load, i64 1" [cpu_functions.cpp:51->cpu_functions.cpp:174]   --->   Operation 38 'add' 'add_ln51' <Predicate = true> <Delay = 3.52> <CoreInst = "Adder">   --->   Core 1 'Adder' <Latency = 0> <II = 1> <Delay = 3.52> <FuncUnit> <Opcode : 'add' 'sub'> <InPorts = 2> <OutPorts = 1>
ST_2 : Operation 39 [1/1] (0.00ns)   --->   "%br_ln51 = br i1 %icmp_ln51, void %for.inc18.i43, void %for.inc.i66.preheader.exitStub" [cpu_functions.cpp:51->cpu_functions.cpp:174]   --->   Operation 39 'br' 'br_ln51' <Predicate = true> <Delay = 0.00>
ST_2 : Operation 40 [1/1] (0.00ns)   --->   "%j_load = load i32 %j" [cpu_functions.cpp:53->cpu_functions.cpp:174]   --->   Operation 40 'load' 'j_load' <Predicate = (!icmp_ln51)> <Delay = 0.00>
ST_2 : Operation 41 [1/1] (0.00ns)   --->   "%i_load = load i32 %i" [cpu_functions.cpp:51->cpu_functions.cpp:174]   --->   Operation 41 'load' 'i_load' <Predicate = (!icmp_ln51)> <Delay = 0.00>
ST_2 : Operation 42 [1/1] (2.55ns)   --->   "%icmp_ln53 = icmp_eq  i32 %j_load, i32 %size_lateral_1_read" [cpu_functions.cpp:53->cpu_functions.cpp:174]   --->   Operation 42 'icmp' 'icmp_ln53' <Predicate = (!icmp_ln51)> <Delay = 2.55> <CoreInst = "Cmp">   --->   Core 9 'Cmp' <Latency = 0> <II = 1> <Delay = 2.55> <FuncUnit> <Opcode : 'seteq' 'setne' 'setle' 'setge' 'setlt' 'setgt'> <InPorts = 2> <OutPorts = 1>
ST_2 : Operation 43 [1/1] (2.55ns)   --->   "%add_ln51_1 = add i32 %i_load, i32 1" [cpu_functions.cpp:51->cpu_functions.cpp:174]   --->   Operation 43 'add' 'add_ln51_1' <Predicate = (!icmp_ln51)> <Delay = 2.55> <CoreInst = "Adder">   --->   Core 1 'Adder' <Latency = 0> <II = 1> <Delay = 2.55> <FuncUnit> <Opcode : 'add' 'sub'> <InPorts = 2> <OutPorts = 1>
ST_2 : Operation 44 [1/1] (0.69ns)   --->   "%select_ln51_1 = select i1 %icmp_ln53, i32 %add_ln51_1, i32 %i_load" [cpu_functions.cpp:51->cpu_functions.cpp:174]   --->   Operation 44 'select' 'select_ln51_1' <Predicate = (!icmp_ln51)> <Delay = 0.69> <CoreInst = "Sel">   --->   Core 73 'Sel' <Latency = 0> <II = 1> <Delay = 0.69> <FuncUnit> <Opcode : 'select'> <InPorts = 3> <OutPorts = 1>
ST_2 : Operation 45 [1/1] (1.58ns)   --->   "%store_ln51 = store i64 %add_ln51, i64 %indvar_flatten173" [cpu_functions.cpp:51->cpu_functions.cpp:174]   --->   Operation 45 'store' 'store_ln51' <Predicate = (!icmp_ln51)> <Delay = 1.58>
ST_2 : Operation 46 [1/1] (1.58ns)   --->   "%store_ln51 = store i32 %select_ln51_1, i32 %i" [cpu_functions.cpp:51->cpu_functions.cpp:174]   --->   Operation 46 'store' 'store_ln51' <Predicate = (!icmp_ln51)> <Delay = 1.58>

State 3 <SV = 2> <Delay = 6.91>
ST_3 : Operation 47 [2/2] (6.91ns)   --->   "%mul_ln55 = mul i32 %select_ln51_1, i32 %size_lateral_1_read" [cpu_functions.cpp:55->cpu_functions.cpp:174]   --->   Operation 47 'mul' 'mul_ln55' <Predicate = (!icmp_ln51)> <Delay = 6.91> <CoreInst = "Multiplier">   --->   Core 3 'Multiplier' <Latency = 1> <II = 1> <Delay = 6.91> <FuncUnit> <Opcode : 'mul'> <InPorts = 2> <OutPorts = 1>

State 4 <SV = 3> <Delay = 6.91>
ST_4 : Operation 48 [1/2] (6.91ns)   --->   "%mul_ln55 = mul i32 %select_ln51_1, i32 %size_lateral_1_read" [cpu_functions.cpp:55->cpu_functions.cpp:174]   --->   Operation 48 'mul' 'mul_ln55' <Predicate = (!icmp_ln51)> <Delay = 6.91> <CoreInst = "Multiplier">   --->   Core 3 'Multiplier' <Latency = 1> <II = 1> <Delay = 6.91> <FuncUnit> <Opcode : 'mul'> <InPorts = 2> <OutPorts = 1>
ST_4 : Operation 49 [1/1] (0.00ns)   --->   "%trunc_ln55 = trunc i32 %mul_ln55" [cpu_functions.cpp:55->cpu_functions.cpp:174]   --->   Operation 49 'trunc' 'trunc_ln55' <Predicate = (!icmp_ln51)> <Delay = 0.00>

State 5 <SV = 4> <Delay = 5.74>
ST_5 : Operation 50 [1/1] (0.69ns)   --->   "%select_ln51 = select i1 %icmp_ln53, i32 0, i32 %j_load" [cpu_functions.cpp:51->cpu_functions.cpp:174]   --->   Operation 50 'select' 'select_ln51' <Predicate = (!icmp_ln51)> <Delay = 0.69> <CoreInst = "Sel">   --->   Core 73 'Sel' <Latency = 0> <II = 1> <Delay = 0.69> <FuncUnit> <Opcode : 'select'> <InPorts = 3> <OutPorts = 1>
ST_5 : Operation 51 [1/1] (0.00ns)   --->   "%trunc_ln55_1 = trunc i32 %select_ln51" [cpu_functions.cpp:55->cpu_functions.cpp:174]   --->   Operation 51 'trunc' 'trunc_ln55_1' <Predicate = (!icmp_ln51)> <Delay = 0.00>
ST_5 : Operation 52 [1/1] (2.49ns)   --->   "%add_ln55 = add i30 %trunc_ln55_1, i30 %trunc_ln55" [cpu_functions.cpp:55->cpu_functions.cpp:174]   --->   Operation 52 'add' 'add_ln55' <Predicate = (!icmp_ln51)> <Delay = 2.49> <CoreInst = "Adder">   --->   Core 1 'Adder' <Latency = 0> <II = 1> <Delay = 2.49> <FuncUnit> <Opcode : 'add' 'sub'> <InPorts = 2> <OutPorts = 1>
ST_5 : Operation 53 [1/1] (0.00ns)   --->   "%shl_ln55_1 = bitconcatenate i32 @_ssdm_op_BitConcatenate.i32.i30.i2, i30 %add_ln55, i2 0" [cpu_functions.cpp:55->cpu_functions.cpp:174]   --->   Operation 53 'bitconcatenate' 'shl_ln55_1' <Predicate = (!icmp_ln51)> <Delay = 0.00>
ST_5 : Operation 54 [1/1] (2.55ns)   --->   "%add_ln55_1 = add i32 %shl_ln55_1, i32 %conv_2_output_read" [cpu_functions.cpp:55->cpu_functions.cpp:174]   --->   Operation 54 'add' 'add_ln55_1' <Predicate = (!icmp_ln51)> <Delay = 2.55> <CoreInst = "Adder">   --->   Core 1 'Adder' <Latency = 0> <II = 1> <Delay = 2.55> <FuncUnit> <Opcode : 'add' 'sub'> <InPorts = 2> <OutPorts = 1>
ST_5 : Operation 55 [1/1] (0.00ns)   --->   "%trunc_ln55_5 = partselect i30 @_ssdm_op_PartSelect.i30.i32.i32.i32, i32 %add_ln55_1, i32 2, i32 31" [cpu_functions.cpp:55->cpu_functions.cpp:174]   --->   Operation 55 'partselect' 'trunc_ln55_5' <Predicate = (!icmp_ln51)> <Delay = 0.00>
ST_5 : Operation 89 [1/1] (1.58ns)   --->   "%ret_ln0 = ret"   --->   Operation 89 'ret' 'ret_ln0' <Predicate = (icmp_ln51)> <Delay = 1.58>

State 6 <SV = 5> <Delay = 7.30>
ST_6 : Operation 56 [1/1] (0.00ns)   --->   "%sext_ln55 = sext i30 %trunc_ln55_5" [cpu_functions.cpp:55->cpu_functions.cpp:174]   --->   Operation 56 'sext' 'sext_ln55' <Predicate = (!icmp_ln51)> <Delay = 0.00>
ST_6 : Operation 57 [1/1] (0.00ns)   --->   "%gmem_addr = getelementptr i32 %gmem, i32 %sext_ln55" [cpu_functions.cpp:55->cpu_functions.cpp:174]   --->   Operation 57 'getelementptr' 'gmem_addr' <Predicate = (!icmp_ln51)> <Delay = 0.00>
ST_6 : Operation 58 [8/8] (7.30ns)   --->   "%gmem_load_4_req = readreq i1 @_ssdm_op_ReadReq.m_axi.i32P1A, i32 %gmem_addr, i32 1" [cpu_functions.cpp:55->cpu_functions.cpp:174]   --->   Operation 58 'readreq' 'gmem_load_4_req' <Predicate = (!icmp_ln51)> <Delay = 7.30> <CoreInst = "m_axi">   --->   Core 111 'm_axi' <Latency = 6> <II = 1> <Delay = 1.00> <Adapter> <Opcode : 'readrequnaligned' 'writerequnaligned' 'read' 'write' 'readreq' 'writereq' 'writeresp'>

State 7 <SV = 6> <Delay = 0.00>
ST_7 : Operation 59 [7/8] (7.30ns)   --->   "%gmem_load_4_req = readreq i1 @_ssdm_op_ReadReq.m_axi.i32P1A, i32 %gmem_addr, i32 1" [cpu_functions.cpp:55->cpu_functions.cpp:174]   --->   Operation 59 'readreq' 'gmem_load_4_req' <Predicate = (!icmp_ln51)> <Delay = 7.30> <CoreInst = "m_axi">   --->   Core 111 'm_axi' <Latency = 6> <II = 1> <Delay = 1.00> <Adapter> <Opcode : 'readrequnaligned' 'writerequnaligned' 'read' 'write' 'readreq' 'writereq' 'writeresp'>

State 8 <SV = 7> <Delay = 0.00>
ST_8 : Operation 60 [6/8] (7.30ns)   --->   "%gmem_load_4_req = readreq i1 @_ssdm_op_ReadReq.m_axi.i32P1A, i32 %gmem_addr, i32 1" [cpu_functions.cpp:55->cpu_functions.cpp:174]   --->   Operation 60 'readreq' 'gmem_load_4_req' <Predicate = (!icmp_ln51)> <Delay = 7.30> <CoreInst = "m_axi">   --->   Core 111 'm_axi' <Latency = 6> <II = 1> <Delay = 1.00> <Adapter> <Opcode : 'readrequnaligned' 'writerequnaligned' 'read' 'write' 'readreq' 'writereq' 'writeresp'>

State 9 <SV = 8> <Delay = 0.00>
ST_9 : Operation 61 [5/8] (7.30ns)   --->   "%gmem_load_4_req = readreq i1 @_ssdm_op_ReadReq.m_axi.i32P1A, i32 %gmem_addr, i32 1" [cpu_functions.cpp:55->cpu_functions.cpp:174]   --->   Operation 61 'readreq' 'gmem_load_4_req' <Predicate = (!icmp_ln51)> <Delay = 7.30> <CoreInst = "m_axi">   --->   Core 111 'm_axi' <Latency = 6> <II = 1> <Delay = 1.00> <Adapter> <Opcode : 'readrequnaligned' 'writerequnaligned' 'read' 'write' 'readreq' 'writereq' 'writeresp'>

State 10 <SV = 9> <Delay = 0.00>
ST_10 : Operation 62 [4/8] (7.30ns)   --->   "%gmem_load_4_req = readreq i1 @_ssdm_op_ReadReq.m_axi.i32P1A, i32 %gmem_addr, i32 1" [cpu_functions.cpp:55->cpu_functions.cpp:174]   --->   Operation 62 'readreq' 'gmem_load_4_req' <Predicate = (!icmp_ln51)> <Delay = 7.30> <CoreInst = "m_axi">   --->   Core 111 'm_axi' <Latency = 6> <II = 1> <Delay = 1.00> <Adapter> <Opcode : 'readrequnaligned' 'writerequnaligned' 'read' 'write' 'readreq' 'writereq' 'writeresp'>

State 11 <SV = 10> <Delay = 0.00>
ST_11 : Operation 63 [3/8] (7.30ns)   --->   "%gmem_load_4_req = readreq i1 @_ssdm_op_ReadReq.m_axi.i32P1A, i32 %gmem_addr, i32 1" [cpu_functions.cpp:55->cpu_functions.cpp:174]   --->   Operation 63 'readreq' 'gmem_load_4_req' <Predicate = (!icmp_ln51)> <Delay = 7.30> <CoreInst = "m_axi">   --->   Core 111 'm_axi' <Latency = 6> <II = 1> <Delay = 1.00> <Adapter> <Opcode : 'readrequnaligned' 'writerequnaligned' 'read' 'write' 'readreq' 'writereq' 'writeresp'>

State 12 <SV = 11> <Delay = 0.00>
ST_12 : Operation 64 [2/8] (7.30ns)   --->   "%gmem_load_4_req = readreq i1 @_ssdm_op_ReadReq.m_axi.i32P1A, i32 %gmem_addr, i32 1" [cpu_functions.cpp:55->cpu_functions.cpp:174]   --->   Operation 64 'readreq' 'gmem_load_4_req' <Predicate = (!icmp_ln51)> <Delay = 7.30> <CoreInst = "m_axi">   --->   Core 111 'm_axi' <Latency = 6> <II = 1> <Delay = 1.00> <Adapter> <Opcode : 'readrequnaligned' 'writerequnaligned' 'read' 'write' 'readreq' 'writereq' 'writeresp'>

State 13 <SV = 12> <Delay = 7.30>
ST_13 : Operation 65 [1/8] ( I:7.30ns O:7.30ns )   --->   "%gmem_load_4_req = readreq i1 @_ssdm_op_ReadReq.m_axi.i32P1A, i32 %gmem_addr, i32 1" [cpu_functions.cpp:55->cpu_functions.cpp:174]   --->   Operation 65 'readreq' 'gmem_load_4_req' <Predicate = (!icmp_ln51)> <Delay = 7.30> <CoreInst = "m_axi">   --->   Core 111 'm_axi' <Latency = 6> <II = 1> <Delay = 1.00> <Adapter> <Opcode : 'readrequnaligned' 'writerequnaligned' 'read' 'write' 'readreq' 'writereq' 'writeresp'>

State 14 <SV = 13> <Delay = 7.30>
ST_14 : Operation 66 [1/1] ( I:7.30ns O:7.30ns )   --->   "%gmem_addr_read = read i32 @_ssdm_op_Read.m_axi.i32P1A, i32 %gmem_addr" [cpu_functions.cpp:55->cpu_functions.cpp:174]   --->   Operation 66 'read' 'gmem_addr_read' <Predicate = (!icmp_ln51)> <Delay = 7.30> <CoreInst = "m_axi">   --->   Core 111 'm_axi' <Latency = 3> <II = 1> <Delay = 1.00> <Adapter> <Opcode : 'readrequnaligned' 'writerequnaligned' 'read' 'write' 'readreq' 'writereq' 'writeresp'>
ST_14 : Operation 67 [1/1] (0.00ns)   --->   "%tmp_20 = partselect i8 @_ssdm_op_PartSelect.i8.i32.i32.i32, i32 %gmem_addr_read, i32 23, i32 30" [cpu_functions.cpp:55->cpu_functions.cpp:174]   --->   Operation 67 'partselect' 'tmp_20' <Predicate = (!icmp_ln51)> <Delay = 0.00>
ST_14 : Operation 68 [1/1] (0.00ns)   --->   "%trunc_ln55_2 = trunc i32 %gmem_addr_read" [cpu_functions.cpp:55->cpu_functions.cpp:174]   --->   Operation 68 'trunc' 'trunc_ln55_2' <Predicate = (!icmp_ln51)> <Delay = 0.00>

State 15 <SV = 14> <Delay = 5.43>
ST_15 : Operation 69 [1/1] (0.00ns)   --->   "%bitcast_ln55 = bitcast i32 %gmem_addr_read" [cpu_functions.cpp:55->cpu_functions.cpp:174]   --->   Operation 69 'bitcast' 'bitcast_ln55' <Predicate = (!icmp_ln51)> <Delay = 0.00>
ST_15 : Operation 70 [1/1] (1.91ns)   --->   "%icmp_ln55 = icmp_ne  i8 %tmp_20, i8 255" [cpu_functions.cpp:55->cpu_functions.cpp:174]   --->   Operation 70 'icmp' 'icmp_ln55' <Predicate = (!icmp_ln51)> <Delay = 1.91> <CoreInst = "Cmp">   --->   Core 9 'Cmp' <Latency = 0> <II = 1> <Delay = 1.91> <FuncUnit> <Opcode : 'seteq' 'setne' 'setle' 'setge' 'setlt' 'setgt'> <InPorts = 2> <OutPorts = 1>
ST_15 : Operation 71 [1/1] (2.28ns)   --->   "%icmp_ln55_1 = icmp_eq  i23 %trunc_ln55_2, i23 0" [cpu_functions.cpp:55->cpu_functions.cpp:174]   --->   Operation 71 'icmp' 'icmp_ln55_1' <Predicate = (!icmp_ln51)> <Delay = 2.28> <CoreInst = "Cmp">   --->   Core 9 'Cmp' <Latency = 0> <II = 1> <Delay = 2.28> <FuncUnit> <Opcode : 'seteq' 'setne' 'setle' 'setge' 'setlt' 'setgt'> <InPorts = 2> <OutPorts = 1>
ST_15 : Operation 72 [2/2] (5.43ns)   --->   "%tmp_21 = fcmp_ogt  i32 %bitcast_ln55, i32 0" [cpu_functions.cpp:55->cpu_functions.cpp:174]   --->   Operation 72 'fcmp' 'tmp_21' <Predicate = (!icmp_ln51)> <Delay = 5.43> <CoreInst = "FCompare">   --->   Core 19 'FCompare' <Latency = 1> <II = 1> <Delay = 5.43> <FuncUnit> <Opcode : 'fcmp'> <InPorts = 2> <OutPorts = 1>

State 16 <SV = 15> <Delay = 7.30>
ST_16 : Operation 73 [1/1] (0.00ns) (grouped into LUT with out node and_ln55)   --->   "%or_ln55 = or i1 %icmp_ln55_1, i1 %icmp_ln55" [cpu_functions.cpp:55->cpu_functions.cpp:174]   --->   Operation 73 'or' 'or_ln55' <Predicate = (!icmp_ln51)> <Delay = 0.00> <CoreInst = "LogicGate">   --->   Core 74 'LogicGate' <Latency = 0> <II = 1> <Delay = 0.97> <FuncUnit> <Opcode : 'and' 'or' 'xor'> <InPorts = 2> <OutPorts = 1>
ST_16 : Operation 74 [1/2] (5.43ns)   --->   "%tmp_21 = fcmp_ogt  i32 %bitcast_ln55, i32 0" [cpu_functions.cpp:55->cpu_functions.cpp:174]   --->   Operation 74 'fcmp' 'tmp_21' <Predicate = (!icmp_ln51)> <Delay = 5.43> <CoreInst = "FCompare">   --->   Core 19 'FCompare' <Latency = 1> <II = 1> <Delay = 5.43> <FuncUnit> <Opcode : 'fcmp'> <InPorts = 2> <OutPorts = 1>
ST_16 : Operation 75 [1/1] (0.97ns) (out node of the LUT)   --->   "%and_ln55 = and i1 %or_ln55, i1 %tmp_21" [cpu_functions.cpp:55->cpu_functions.cpp:174]   --->   Operation 75 'and' 'and_ln55' <Predicate = (!icmp_ln51)> <Delay = 0.97> <CoreInst = "LogicGate">   --->   Core 74 'LogicGate' <Latency = 0> <II = 1> <Delay = 0.97> <FuncUnit> <Opcode : 'and' 'or' 'xor'> <InPorts = 2> <OutPorts = 1>
ST_16 : Operation 76 [1/1] (0.69ns)   --->   "%empty = select i1 %and_ln55, i32 %gmem_addr_read, i32 0" [cpu_functions.cpp:55->cpu_functions.cpp:174]   --->   Operation 76 'select' 'empty' <Predicate = (!icmp_ln51)> <Delay = 0.69> <CoreInst = "Sel">   --->   Core 73 'Sel' <Latency = 0> <II = 1> <Delay = 0.69> <FuncUnit> <Opcode : 'select'> <InPorts = 3> <OutPorts = 1>
ST_16 : Operation 77 [1/1] ( I:7.30ns O:7.30ns )   --->   "%gmem_addr_7_req = writereq i1 @_ssdm_op_WriteReq.m_axi.i32P1A, i32 %gmem_addr, i32 1" [cpu_functions.cpp:55->cpu_functions.cpp:174]   --->   Operation 77 'writereq' 'gmem_addr_7_req' <Predicate = (!icmp_ln51)> <Delay = 7.30> <CoreInst = "m_axi">   --->   Core 111 'm_axi' <Latency = 9> <II = 1> <Delay = 1.00> <Adapter> <Opcode : 'readrequnaligned' 'writerequnaligned' 'read' 'write' 'readreq' 'writereq' 'writeresp'>

State 17 <SV = 16> <Delay = 7.30>
ST_17 : Operation 78 [1/1] ( I:7.30ns O:7.30ns )   --->   "%write_ln55 = write void @_ssdm_op_Write.m_axi.i32P1A, i32 %gmem_addr, i32 %empty, i4 15" [cpu_functions.cpp:55->cpu_functions.cpp:174]   --->   Operation 78 'write' 'write_ln55' <Predicate = (!icmp_ln51)> <Delay = 7.30> <CoreInst = "m_axi">   --->   Core 111 'm_axi' <Latency = 5> <II = 1> <Delay = 1.00> <Adapter> <Opcode : 'readrequnaligned' 'writerequnaligned' 'read' 'write' 'readreq' 'writereq' 'writeresp'>

State 18 <SV = 17> <Delay = 4.14>
ST_18 : Operation 79 [5/5] (7.30ns)   --->   "%gmem_addr_7_resp = writeresp i1 @_ssdm_op_WriteResp.m_axi.i32P1A, i32 %gmem_addr" [cpu_functions.cpp:55->cpu_functions.cpp:174]   --->   Operation 79 'writeresp' 'gmem_addr_7_resp' <Predicate = (!icmp_ln51)> <Delay = 7.30> <CoreInst = "m_axi">   --->   Core 111 'm_axi' <Latency = 3> <II = 1> <Delay = 1.00> <Adapter> <Opcode : 'readrequnaligned' 'writerequnaligned' 'read' 'write' 'readreq' 'writereq' 'writeresp'>
ST_18 : Operation 80 [1/1] (2.55ns)   --->   "%add_ln53 = add i32 %select_ln51, i32 1" [cpu_functions.cpp:53->cpu_functions.cpp:174]   --->   Operation 80 'add' 'add_ln53' <Predicate = (!icmp_ln51)> <Delay = 2.55> <CoreInst = "Adder">   --->   Core 1 'Adder' <Latency = 0> <II = 1> <Delay = 2.55> <FuncUnit> <Opcode : 'add' 'sub'> <InPorts = 2> <OutPorts = 1>
ST_18 : Operation 81 [1/1] (1.58ns)   --->   "%store_ln53 = store i32 %add_ln53, i32 %j" [cpu_functions.cpp:53->cpu_functions.cpp:174]   --->   Operation 81 'store' 'store_ln53' <Predicate = (!icmp_ln51)> <Delay = 1.58>

State 19 <SV = 18> <Delay = 0.00>
ST_19 : Operation 82 [4/5] (7.30ns)   --->   "%gmem_addr_7_resp = writeresp i1 @_ssdm_op_WriteResp.m_axi.i32P1A, i32 %gmem_addr" [cpu_functions.cpp:55->cpu_functions.cpp:174]   --->   Operation 82 'writeresp' 'gmem_addr_7_resp' <Predicate = true> <Delay = 7.30> <CoreInst = "m_axi">   --->   Core 111 'm_axi' <Latency = 3> <II = 1> <Delay = 1.00> <Adapter> <Opcode : 'readrequnaligned' 'writerequnaligned' 'read' 'write' 'readreq' 'writereq' 'writeresp'>

State 20 <SV = 19> <Delay = 0.00>
ST_20 : Operation 83 [3/5] (7.30ns)   --->   "%gmem_addr_7_resp = writeresp i1 @_ssdm_op_WriteResp.m_axi.i32P1A, i32 %gmem_addr" [cpu_functions.cpp:55->cpu_functions.cpp:174]   --->   Operation 83 'writeresp' 'gmem_addr_7_resp' <Predicate = true> <Delay = 7.30> <CoreInst = "m_axi">   --->   Core 111 'm_axi' <Latency = 3> <II = 1> <Delay = 1.00> <Adapter> <Opcode : 'readrequnaligned' 'writerequnaligned' 'read' 'write' 'readreq' 'writereq' 'writeresp'>

State 21 <SV = 20> <Delay = 0.00>
ST_21 : Operation 84 [2/5] (7.30ns)   --->   "%gmem_addr_7_resp = writeresp i1 @_ssdm_op_WriteResp.m_axi.i32P1A, i32 %gmem_addr" [cpu_functions.cpp:55->cpu_functions.cpp:174]   --->   Operation 84 'writeresp' 'gmem_addr_7_resp' <Predicate = true> <Delay = 7.30> <CoreInst = "m_axi">   --->   Core 111 'm_axi' <Latency = 3> <II = 1> <Delay = 1.00> <Adapter> <Opcode : 'readrequnaligned' 'writerequnaligned' 'read' 'write' 'readreq' 'writereq' 'writeresp'>

State 22 <SV = 21> <Delay = 7.30>
ST_22 : Operation 85 [1/1] (0.00ns)   --->   "%specloopname_ln0 = specloopname void @_ssdm_op_SpecLoopName, void @VITIS_LOOP_51_1_VITIS_LOOP_53_2_str"   --->   Operation 85 'specloopname' 'specloopname_ln0' <Predicate = true> <Delay = 0.00>
ST_22 : Operation 86 [1/1] (0.00ns)   --->   "%specpipeline_ln53 = specpipeline void @_ssdm_op_SpecPipeline, i32 4294967295, i32 0, i32 0, i32 0, i32 4294967295, void @empty_14" [cpu_functions.cpp:53->cpu_functions.cpp:174]   --->   Operation 86 'specpipeline' 'specpipeline_ln53' <Predicate = true> <Delay = 0.00>
ST_22 : Operation 87 [1/5] ( I:7.30ns O:7.30ns )   --->   "%gmem_addr_7_resp = writeresp i1 @_ssdm_op_WriteResp.m_axi.i32P1A, i32 %gmem_addr" [cpu_functions.cpp:55->cpu_functions.cpp:174]   --->   Operation 87 'writeresp' 'gmem_addr_7_resp' <Predicate = true> <Delay = 7.30> <CoreInst = "m_axi">   --->   Core 111 'm_axi' <Latency = 3> <II = 1> <Delay = 1.00> <Adapter> <Opcode : 'readrequnaligned' 'writerequnaligned' 'read' 'write' 'readreq' 'writereq' 'writeresp'>
ST_22 : Operation 88 [1/1] (0.00ns)   --->   "%br_ln53 = br void %for.body4.i32" [cpu_functions.cpp:53->cpu_functions.cpp:174]   --->   Operation 88 'br' 'br_ln53' <Predicate = true> <Delay = 0.00>


============================================================
+ Verbose Summary: Binding
============================================================
STG Binding: 
---------------- STG Properties BEGIN ----------------
- Is combinational: 0
- Is one-state seq: 0
- Is datapath-only: 0
- Is pipelined: 0
- Is top level: 0
Port [ Return ] is wired: 1; IO mode=ap_ctrl_hs:ce=0
Port [ gmem]:  wired=1; compound=1; hidden=0; nouse=0; global=0; static=0; extern=0; dir=2; type=4; pingpong=0; private_global=0; IO mode=m_axi:ce=0
Port [ mul_ln108]:  wired=1; compound=0; hidden=0; nouse=0; global=0; static=0; extern=0; dir=0; type=0; pingpong=0; private_global=0; IO mode=ap_none:ce=0
Port [ size_lateral_1]:  wired=1; compound=0; hidden=0; nouse=0; global=0; static=0; extern=0; dir=0; type=0; pingpong=0; private_global=0; IO mode=ap_none:ce=0
Port [ conv_2_output]:  wired=1; compound=0; hidden=0; nouse=0; global=0; static=0; extern=0; dir=0; type=0; pingpong=0; private_global=0; IO mode=ap_none:ce=0
---------------- STG Properties END ------------------

---------------- Datapath Model BEGIN ----------------

<LifeTime>
<method=bitvector/>
j                      (alloca        ) [ 01111111111111111110000]
i                      (alloca        ) [ 01100000000000000000000]
indvar_flatten173      (alloca        ) [ 01100000000000000000000]
specinterface_ln0      (specinterface ) [ 00000000000000000000000]
conv_2_output_read     (read          ) [ 00111100000000000000000]
size_lateral_1_read    (read          ) [ 00111000000000000000000]
mul_ln108_read         (read          ) [ 00100000000000000000000]
store_ln0              (store         ) [ 00000000000000000000000]
store_ln51             (store         ) [ 00000000000000000000000]
store_ln53             (store         ) [ 00000000000000000000000]
br_ln0                 (br            ) [ 00000000000000000000000]
indvar_flatten173_load (load          ) [ 00000000000000000000000]
specbitsmap_ln0        (specbitsmap   ) [ 00000000000000000000000]
icmp_ln51              (icmp          ) [ 01111111111111111110000]
add_ln51               (add           ) [ 00000000000000000000000]
br_ln51                (br            ) [ 00000000000000000000000]
j_load                 (load          ) [ 00011100000000000000000]
i_load                 (load          ) [ 00000000000000000000000]
icmp_ln53              (icmp          ) [ 00011100000000000000000]
add_ln51_1             (add           ) [ 00000000000000000000000]
select_ln51_1          (select        ) [ 00011000000000000000000]
store_ln51             (store         ) [ 00000000000000000000000]
store_ln51             (store         ) [ 00000000000000000000000]
mul_ln55               (mul           ) [ 00000000000000000000000]
trunc_ln55             (trunc         ) [ 00000100000000000000000]
select_ln51            (select        ) [ 01000011111111111110000]
trunc_ln55_1           (trunc         ) [ 00000000000000000000000]
add_ln55               (add           ) [ 00000000000000000000000]
shl_ln55_1             (bitconcatenate) [ 00000000000000000000000]
add_ln55_1             (add           ) [ 00000000000000000000000]
trunc_ln55_5           (partselect    ) [ 00000010000000000000000]
sext_ln55              (sext          ) [ 00000000000000000000000]
gmem_addr              (getelementptr ) [ 01111101111111111111111]
gmem_load_4_req        (readreq       ) [ 00000000000000000000000]
gmem_addr_read         (read          ) [ 00000000000000011000000]
tmp_20                 (partselect    ) [ 00000000000000010000000]
trunc_ln55_2           (trunc         ) [ 00000000000000010000000]
bitcast_ln55           (bitcast       ) [ 00000000000000001000000]
icmp_ln55              (icmp          ) [ 00000000000000001000000]
icmp_ln55_1            (icmp          ) [ 00000000000000001000000]
or_ln55                (or            ) [ 00000000000000000000000]
tmp_21                 (fcmp          ) [ 00000000000000000000000]
and_ln55               (and           ) [ 00000000000000000000000]
empty                  (select        ) [ 00000000000000000100000]
gmem_addr_7_req        (writereq      ) [ 00000000000000000000000]
write_ln55             (write         ) [ 00000000000000000000000]
add_ln53               (add           ) [ 00000000000000000000000]
store_ln53             (store         ) [ 00000000000000000000000]
specloopname_ln0       (specloopname  ) [ 00000000000000000000000]
specpipeline_ln53      (specpipeline  ) [ 00000000000000000000000]
gmem_addr_7_resp       (writeresp     ) [ 00000000000000000000000]
br_ln53                (br            ) [ 00000000000000000000000]
ret_ln0                (ret           ) [ 00000000000000000000000]
</LifeTime>

<model>

<comp_list>
<comp id="0" class="1000" name="gmem">
<pin_list>
<pin id="1" dir="1" index="0" bw="1" slack="0"/>
</pin_list>
<bind>
<StgValue><ssdm name="gmem"/><MemPortTyVec>2 </MemPortTyVec>
</StgValue>
</bind>
</comp>

<comp id="2" class="1000" name="mul_ln108">
<pin_list>
<pin id="3" dir="1" index="0" bw="1" slack="0"/>
</pin_list>
<bind>
<StgValue><ssdm name="mul_ln108"/></StgValue>
</bind>
</comp>

<comp id="4" class="1000" name="size_lateral_1">
<pin_list>
<pin id="5" dir="1" index="0" bw="1" slack="0"/>
</pin_list>
<bind>
<StgValue><ssdm name="size_lateral_1"/></StgValue>
</bind>
</comp>

<comp id="6" class="1000" name="conv_2_output">
<pin_list>
<pin id="7" dir="1" index="0" bw="1" slack="0"/>
</pin_list>
<bind>
<StgValue><ssdm name="conv_2_output"/></StgValue>
</bind>
</comp>

<comp id="8" class="1001" name="const_8">
<pin_list>
<pin id="9" dir="1" index="0" bw="1" slack="0"/>
</pin_list>
<bind>
<StgValue><ssdm name=""/></StgValue>
</bind>
</comp>

<comp id="10" class="1001" name="const_10">
<pin_list>
<pin id="11" dir="1" index="0" bw="1" slack="2147483647"/>
</pin_list>
<bind>
<StgValue><ssdm name="_ssdm_op_SpecInterface"/></StgValue>
</bind>
</comp>

<comp id="12" class="1001" name="const_12">
<pin_list>
<pin id="13" dir="1" index="0" bw="1" slack="2147483647"/>
</pin_list>
<bind>
<StgValue><ssdm name="empty_0"/></StgValue>
</bind>
</comp>

<comp id="14" class="1001" name="const_14">
<pin_list>
<pin id="15" dir="1" index="0" bw="1" slack="0"/>
</pin_list>
<bind>
<StgValue><ssdm name=""/></StgValue>
</bind>
</comp>

<comp id="16" class="1001" name="const_16">
<pin_list>
<pin id="17" dir="1" index="0" bw="1" slack="2147483647"/>
</pin_list>
<bind>
<StgValue><ssdm name="empty_14"/></StgValue>
</bind>
</comp>

<comp id="18" class="1001" name="const_18">
<pin_list>
<pin id="19" dir="1" index="0" bw="1" slack="2147483647"/>
</pin_list>
<bind>
<StgValue><ssdm name="empty"/></StgValue>
</bind>
</comp>

<comp id="20" class="1001" name="const_20">
<pin_list>
<pin id="21" dir="1" index="0" bw="1" slack="2147483647"/>
</pin_list>
<bind>
<StgValue><ssdm name="empty_20"/></StgValue>
</bind>
</comp>

<comp id="22" class="1001" name="const_22">
<pin_list>
<pin id="23" dir="1" index="0" bw="1" slack="2147483647"/>
</pin_list>
<bind>
<StgValue><ssdm name=""/></StgValue>
</bind>
</comp>

<comp id="24" class="1001" name="const_24">
<pin_list>
<pin id="25" dir="1" index="0" bw="1" slack="2147483647"/>
</pin_list>
<bind>
<StgValue><ssdm name=""/></StgValue>
</bind>
</comp>

<comp id="26" class="1001" name="const_26">
<pin_list>
<pin id="27" dir="1" index="0" bw="1" slack="2147483647"/>
</pin_list>
<bind>
<StgValue><ssdm name=""/></StgValue>
</bind>
</comp>

<comp id="28" class="1001" name="const_28">
<pin_list>
<pin id="29" dir="1" index="0" bw="1" slack="0"/>
</pin_list>
<bind>
<StgValue><ssdm name="_ssdm_op_Read.ap_auto.i32"/></StgValue>
</bind>
</comp>

<comp id="30" class="1001" name="const_30">
<pin_list>
<pin id="31" dir="1" index="0" bw="1" slack="0"/>
</pin_list>
<bind>
<StgValue><ssdm name="_ssdm_op_Read.ap_auto.i64"/></StgValue>
</bind>
</comp>

<comp id="32" class="1001" name="const_32">
<pin_list>
<pin id="33" dir="1" index="0" bw="1" slack="0"/>
</pin_list>
<bind>
<StgValue><ssdm name=""/></StgValue>
</bind>
</comp>

<comp id="34" class="1001" name="const_34">
<pin_list>
<pin id="35" dir="1" index="0" bw="1" slack="2147483647"/>
</pin_list>
<bind>
<StgValue><ssdm name="_ssdm_op_SpecBitsMap"/></StgValue>
</bind>
</comp>

<comp id="36" class="1001" name="const_36">
<pin_list>
<pin id="37" dir="1" index="0" bw="1" slack="0"/>
</pin_list>
<bind>
<StgValue><ssdm name=""/></StgValue>
</bind>
</comp>

<comp id="38" class="1001" name="const_38">
<pin_list>
<pin id="39" dir="1" index="0" bw="1" slack="0"/>
</pin_list>
<bind>
<StgValue><ssdm name="_ssdm_op_BitConcatenate.i32.i30.i2"/></StgValue>
</bind>
</comp>

<comp id="40" class="1001" name="const_40">
<pin_list>
<pin id="41" dir="1" index="0" bw="1" slack="0"/>
</pin_list>
<bind>
<StgValue><ssdm name=""/></StgValue>
</bind>
</comp>

<comp id="42" class="1001" name="const_42">
<pin_list>
<pin id="43" dir="1" index="0" bw="1" slack="0"/>
</pin_list>
<bind>
<StgValue><ssdm name="_ssdm_op_PartSelect.i30.i32.i32.i32"/></StgValue>
</bind>
</comp>

<comp id="44" class="1001" name="const_44">
<pin_list>
<pin id="45" dir="1" index="0" bw="1" slack="0"/>
</pin_list>
<bind>
<StgValue><ssdm name=""/></StgValue>
</bind>
</comp>

<comp id="46" class="1001" name="const_46">
<pin_list>
<pin id="47" dir="1" index="0" bw="1" slack="0"/>
</pin_list>
<bind>
<StgValue><ssdm name=""/></StgValue>
</bind>
</comp>

<comp id="48" class="1001" name="const_48">
<pin_list>
<pin id="49" dir="1" index="0" bw="1" slack="0"/>
</pin_list>
<bind>
<StgValue><ssdm name="_ssdm_op_ReadReq.m_axi.i32P1A"/></StgValue>
</bind>
</comp>

<comp id="50" class="1001" name="const_50">
<pin_list>
<pin id="51" dir="1" index="0" bw="1" slack="0"/>
</pin_list>
<bind>
<StgValue><ssdm name="_ssdm_op_Read.m_axi.i32P1A"/></StgValue>
</bind>
</comp>

<comp id="52" class="1001" name="const_52">
<pin_list>
<pin id="53" dir="1" index="0" bw="1" slack="0"/>
</pin_list>
<bind>
<StgValue><ssdm name="_ssdm_op_PartSelect.i8.i32.i32.i32"/></StgValue>
</bind>
</comp>

<comp id="54" class="1001" name="const_54">
<pin_list>
<pin id="55" dir="1" index="0" bw="1" slack="0"/>
</pin_list>
<bind>
<StgValue><ssdm name=""/></StgValue>
</bind>
</comp>

<comp id="56" class="1001" name="const_56">
<pin_list>
<pin id="57" dir="1" index="0" bw="1" slack="0"/>
</pin_list>
<bind>
<StgValue><ssdm name=""/></StgValue>
</bind>
</comp>

<comp id="58" class="1001" name="const_58">
<pin_list>
<pin id="59" dir="1" index="0" bw="1" slack="0"/>
</pin_list>
<bind>
<StgValue><ssdm name=""/></StgValue>
</bind>
</comp>

<comp id="60" class="1001" name="const_60">
<pin_list>
<pin id="61" dir="1" index="0" bw="1" slack="0"/>
</pin_list>
<bind>
<StgValue><ssdm name=""/></StgValue>
</bind>
</comp>

<comp id="62" class="1001" name="const_62">
<pin_list>
<pin id="63" dir="1" index="0" bw="1" slack="0"/>
</pin_list>
<bind>
<StgValue><ssdm name=""/></StgValue>
</bind>
</comp>

<comp id="64" class="1001" name="const_64">
<pin_list>
<pin id="65" dir="1" index="0" bw="1" slack="0"/>
</pin_list>
<bind>
<StgValue><ssdm name="_ssdm_op_WriteReq.m_axi.i32P1A"/></StgValue>
</bind>
</comp>

<comp id="66" class="1001" name="const_66">
<pin_list>
<pin id="67" dir="1" index="0" bw="1" slack="0"/>
</pin_list>
<bind>
<StgValue><ssdm name="_ssdm_op_Write.m_axi.i32P1A"/></StgValue>
</bind>
</comp>

<comp id="68" class="1001" name="const_68">
<pin_list>
<pin id="69" dir="1" index="0" bw="1" slack="0"/>
</pin_list>
<bind>
<StgValue><ssdm name=""/></StgValue>
</bind>
</comp>

<comp id="70" class="1001" name="const_70">
<pin_list>
<pin id="71" dir="1" index="0" bw="1" slack="0"/>
</pin_list>
<bind>
<StgValue><ssdm name="_ssdm_op_WriteResp.m_axi.i32P1A"/></StgValue>
</bind>
</comp>

<comp id="72" class="1001" name="const_72">
<pin_list>
<pin id="73" dir="1" index="0" bw="1" slack="2147483647"/>
</pin_list>
<bind>
<StgValue><ssdm name="_ssdm_op_SpecLoopName"/></StgValue>
</bind>
</comp>

<comp id="74" class="1001" name="const_74">
<pin_list>
<pin id="75" dir="1" index="0" bw="1" slack="2147483647"/>
</pin_list>
<bind>
<StgValue><ssdm name="VITIS_LOOP_51_1_VITIS_LOOP_53_2_str"/></StgValue>
</bind>
</comp>

<comp id="76" class="1001" name="const_76">
<pin_list>
<pin id="77" dir="1" index="0" bw="1" slack="2147483647"/>
</pin_list>
<bind>
<StgValue><ssdm name="_ssdm_op_SpecPipeline"/></StgValue>
</bind>
</comp>

<comp id="78" class="1004" name="j_fu_78">
<pin_list>
<pin id="79" dir="0" index="0" bw="1" slack="0"/>
<pin id="80" dir="1" index="1" bw="32" slack="0"/>
</pin_list>
<bind>
<opcode="alloca(26) " fcode="alloca"/>
<opset="j/1 "/>
</bind>
</comp>

<comp id="82" class="1004" name="i_fu_82">
<pin_list>
<pin id="83" dir="0" index="0" bw="1" slack="0"/>
<pin id="84" dir="1" index="1" bw="32" slack="0"/>
</pin_list>
<bind>
<opcode="alloca(26) " fcode="alloca"/>
<opset="i/1 "/>
</bind>
</comp>

<comp id="86" class="1004" name="indvar_flatten173_fu_86">
<pin_list>
<pin id="87" dir="0" index="0" bw="1" slack="0"/>
<pin id="88" dir="1" index="1" bw="64" slack="0"/>
</pin_list>
<bind>
<opcode="alloca(26) " fcode="alloca"/>
<opset="indvar_flatten173/1 "/>
</bind>
</comp>

<comp id="90" class="1004" name="conv_2_output_read_read_fu_90">
<pin_list>
<pin id="91" dir="0" index="0" bw="32" slack="0"/>
<pin id="92" dir="0" index="1" bw="32" slack="0"/>
<pin id="93" dir="1" index="2" bw="32" slack="4"/>
</pin_list>
<bind>
<opcode="read(1150) " fcode="read"/>
<opset="conv_2_output_read/1 "/>
</bind>
</comp>

<comp id="96" class="1004" name="size_lateral_1_read_read_fu_96">
<pin_list>
<pin id="97" dir="0" index="0" bw="32" slack="0"/>
<pin id="98" dir="0" index="1" bw="32" slack="0"/>
<pin id="99" dir="1" index="2" bw="32" slack="1"/>
</pin_list>
<bind>
<opcode="read(1150) " fcode="read"/>
<opset="size_lateral_1_read/1 "/>
</bind>
</comp>

<comp id="102" class="1004" name="mul_ln108_read_read_fu_102">
<pin_list>
<pin id="103" dir="0" index="0" bw="64" slack="0"/>
<pin id="104" dir="0" index="1" bw="64" slack="0"/>
<pin id="105" dir="1" index="2" bw="64" slack="1"/>
</pin_list>
<bind>
<opcode="read(1150) " fcode="read"/>
<opset="mul_ln108_read/1 "/>
</bind>
</comp>

<comp id="108" class="1004" name="grp_readreq_fu_108">
<pin_list>
<pin id="109" dir="0" index="0" bw="1" slack="0"/>
<pin id="110" dir="0" index="1" bw="32" slack="0"/>
<pin id="111" dir="0" index="2" bw="1" slack="0"/>
<pin id="112" dir="1" index="3" bw="1" slack="2147483647"/>
</pin_list>
<bind>
<opcode="readreq(1154) " fcode="readreq"/>
<opset="gmem_load_4_req/6 "/>
</bind>
</comp>

<comp id="115" class="1004" name="gmem_addr_read_read_fu_115">
<pin_list>
<pin id="116" dir="0" index="0" bw="32" slack="0"/>
<pin id="117" dir="0" index="1" bw="32" slack="8"/>
<pin id="118" dir="1" index="2" bw="32" slack="0"/>
</pin_list>
<bind>
<opcode="read(1150) " fcode="read"/>
<opset="gmem_addr_read/14 "/>
</bind>
</comp>

<comp id="120" class="1004" name="gmem_addr_7_req_writereq_fu_120">
<pin_list>
<pin id="121" dir="0" index="0" bw="1" slack="0"/>
<pin id="122" dir="0" index="1" bw="32" slack="10"/>
<pin id="123" dir="0" index="2" bw="1" slack="0"/>
<pin id="124" dir="1" index="3" bw="1" slack="2147483647"/>
</pin_list>
<bind>
<opcode="writereq(1155) " fcode="writereq"/>
<opset="gmem_addr_7_req/16 "/>
</bind>
</comp>

<comp id="127" class="1004" name="write_ln55_write_fu_127">
<pin_list>
<pin id="128" dir="0" index="0" bw="0" slack="0"/>
<pin id="129" dir="0" index="1" bw="32" slack="11"/>
<pin id="130" dir="0" index="2" bw="32" slack="1"/>
<pin id="131" dir="0" index="3" bw="1" slack="0"/>
<pin id="132" dir="1" index="4" bw="0" slack="2147483647"/>
</pin_list>
<bind>
<opcode="write(1151) " fcode="write"/>
<opset="write_ln55/17 "/>
</bind>
</comp>

<comp id="135" class="1004" name="grp_writeresp_fu_135">
<pin_list>
<pin id="136" dir="0" index="0" bw="1" slack="0"/>
<pin id="137" dir="0" index="1" bw="32" slack="12"/>
<pin id="138" dir="1" index="2" bw="1" slack="2147483647"/>
</pin_list>
<bind>
<opcode="writeresp(1158) " fcode="writeresp"/>
<opset="gmem_addr_7_resp/18 "/>
</bind>
</comp>

<comp id="140" class="1004" name="grp_fu_140">
<pin_list>
<pin id="141" dir="0" index="0" bw="32" slack="0"/>
<pin id="142" dir="0" index="1" bw="32" slack="0"/>
<pin id="143" dir="1" index="2" bw="1" slack="0"/>
</pin_list>
<bind>
<opcode="fcmp(46) " fcode="fcmp"/>
<opset="tmp_21/15 "/>
</bind>
</comp>

<comp id="145" class="1004" name="grp_fu_145">
<pin_list>
<pin id="146" dir="0" index="0" bw="32" slack="1"/>
<pin id="147" dir="0" index="1" bw="32" slack="2"/>
<pin id="148" dir="1" index="2" bw="32" slack="0"/>
</pin_list>
<bind>
<opcode="mul(12) " fcode="mul"/>
<opset="mul_ln55/3 "/>
</bind>
</comp>

<comp id="149" class="1004" name="store_ln0_store_fu_149">
<pin_list>
<pin id="150" dir="0" index="0" bw="1" slack="0"/>
<pin id="151" dir="0" index="1" bw="64" slack="0"/>
<pin id="152" dir="1" index="2" bw="0" slack="2147483647"/>
</pin_list>
<bind>
<opcode="store(28) " fcode="store"/>
<opset="store_ln0/1 "/>
</bind>
</comp>

<comp id="154" class="1004" name="store_ln51_store_fu_154">
<pin_list>
<pin id="155" dir="0" index="0" bw="1" slack="0"/>
<pin id="156" dir="0" index="1" bw="32" slack="0"/>
<pin id="157" dir="1" index="2" bw="0" slack="2147483647"/>
</pin_list>
<bind>
<opcode="store(28) " fcode="store"/>
<opset="store_ln51/1 "/>
</bind>
</comp>

<comp id="159" class="1004" name="store_ln53_store_fu_159">
<pin_list>
<pin id="160" dir="0" index="0" bw="1" slack="0"/>
<pin id="161" dir="0" index="1" bw="32" slack="0"/>
<pin id="162" dir="1" index="2" bw="0" slack="2147483647"/>
</pin_list>
<bind>
<opcode="store(28) " fcode="store"/>
<opset="store_ln53/1 "/>
</bind>
</comp>

<comp id="164" class="1004" name="indvar_flatten173_load_load_fu_164">
<pin_list>
<pin id="165" dir="0" index="0" bw="64" slack="1"/>
<pin id="166" dir="1" index="1" bw="64" slack="0"/>
</pin_list>
<bind>
<opcode="load(27) " fcode="load"/>
<opset="indvar_flatten173_load/2 "/>
</bind>
</comp>

<comp id="167" class="1004" name="icmp_ln51_fu_167">
<pin_list>
<pin id="168" dir="0" index="0" bw="64" slack="0"/>
<pin id="169" dir="0" index="1" bw="64" slack="1"/>
<pin id="170" dir="1" index="2" bw="1" slack="1"/>
</pin_list>
<bind>
<opcode="icmp(45) " fcode="icmp"/>
<opset="icmp_ln51/2 "/>
</bind>
</comp>

<comp id="172" class="1004" name="add_ln51_fu_172">
<pin_list>
<pin id="173" dir="0" index="0" bw="64" slack="0"/>
<pin id="174" dir="0" index="1" bw="1" slack="0"/>
<pin id="175" dir="1" index="2" bw="64" slack="0"/>
</pin_list>
<bind>
<opcode="add(8) " fcode="add"/>
<opset="add_ln51/2 "/>
</bind>
</comp>

<comp id="178" class="1004" name="j_load_load_fu_178">
<pin_list>
<pin id="179" dir="0" index="0" bw="32" slack="1"/>
<pin id="180" dir="1" index="1" bw="32" slack="0"/>
</pin_list>
<bind>
<opcode="load(27) " fcode="load"/>
<opset="j_load/2 "/>
</bind>
</comp>

<comp id="181" class="1004" name="i_load_load_fu_181">
<pin_list>
<pin id="182" dir="0" index="0" bw="32" slack="1"/>
<pin id="183" dir="1" index="1" bw="32" slack="0"/>
</pin_list>
<bind>
<opcode="load(27) " fcode="load"/>
<opset="i_load/2 "/>
</bind>
</comp>

<comp id="184" class="1004" name="icmp_ln53_fu_184">
<pin_list>
<pin id="185" dir="0" index="0" bw="32" slack="0"/>
<pin id="186" dir="0" index="1" bw="32" slack="1"/>
<pin id="187" dir="1" index="2" bw="1" slack="0"/>
</pin_list>
<bind>
<opcode="icmp(45) " fcode="icmp"/>
<opset="icmp_ln53/2 "/>
</bind>
</comp>

<comp id="189" class="1004" name="add_ln51_1_fu_189">
<pin_list>
<pin id="190" dir="0" index="0" bw="32" slack="0"/>
<pin id="191" dir="0" index="1" bw="1" slack="0"/>
<pin id="192" dir="1" index="2" bw="32" slack="0"/>
</pin_list>
<bind>
<opcode="add(8) " fcode="add"/>
<opset="add_ln51_1/2 "/>
</bind>
</comp>

<comp id="195" class="1004" name="select_ln51_1_fu_195">
<pin_list>
<pin id="196" dir="0" index="0" bw="1" slack="0"/>
<pin id="197" dir="0" index="1" bw="32" slack="0"/>
<pin id="198" dir="0" index="2" bw="32" slack="0"/>
<pin id="199" dir="1" index="3" bw="32" slack="0"/>
</pin_list>
<bind>
<opcode="select(49) " fcode="select"/>
<opset="select_ln51_1/2 "/>
</bind>
</comp>

<comp id="203" class="1004" name="store_ln51_store_fu_203">
<pin_list>
<pin id="204" dir="0" index="0" bw="64" slack="0"/>
<pin id="205" dir="0" index="1" bw="64" slack="1"/>
<pin id="206" dir="1" index="2" bw="0" slack="2147483647"/>
</pin_list>
<bind>
<opcode="store(28) " fcode="store"/>
<opset="store_ln51/2 "/>
</bind>
</comp>

<comp id="208" class="1004" name="store_ln51_store_fu_208">
<pin_list>
<pin id="209" dir="0" index="0" bw="32" slack="0"/>
<pin id="210" dir="0" index="1" bw="32" slack="1"/>
<pin id="211" dir="1" index="2" bw="0" slack="2147483647"/>
</pin_list>
<bind>
<opcode="store(28) " fcode="store"/>
<opset="store_ln51/2 "/>
</bind>
</comp>

<comp id="213" class="1004" name="trunc_ln55_fu_213">
<pin_list>
<pin id="214" dir="0" index="0" bw="32" slack="0"/>
<pin id="215" dir="1" index="1" bw="30" slack="1"/>
</pin_list>
<bind>
<opcode="trunc(33) " fcode="trunc"/>
<opset="trunc_ln55/4 "/>
</bind>
</comp>

<comp id="217" class="1004" name="select_ln51_fu_217">
<pin_list>
<pin id="218" dir="0" index="0" bw="1" slack="3"/>
<pin id="219" dir="0" index="1" bw="1" slack="0"/>
<pin id="220" dir="0" index="2" bw="32" slack="3"/>
<pin id="221" dir="1" index="3" bw="32" slack="0"/>
</pin_list>
<bind>
<opcode="select(49) " fcode="select"/>
<opset="select_ln51/5 "/>
</bind>
</comp>

<comp id="223" class="1004" name="trunc_ln55_1_fu_223">
<pin_list>
<pin id="224" dir="0" index="0" bw="32" slack="0"/>
<pin id="225" dir="1" index="1" bw="30" slack="0"/>
</pin_list>
<bind>
<opcode="trunc(33) " fcode="trunc"/>
<opset="trunc_ln55_1/5 "/>
</bind>
</comp>

<comp id="227" class="1004" name="add_ln55_fu_227">
<pin_list>
<pin id="228" dir="0" index="0" bw="30" slack="0"/>
<pin id="229" dir="0" index="1" bw="30" slack="1"/>
<pin id="230" dir="1" index="2" bw="30" slack="0"/>
</pin_list>
<bind>
<opcode="add(8) " fcode="add"/>
<opset="add_ln55/5 "/>
</bind>
</comp>

<comp id="232" class="1004" name="shl_ln55_1_fu_232">
<pin_list>
<pin id="233" dir="0" index="0" bw="32" slack="0"/>
<pin id="234" dir="0" index="1" bw="30" slack="0"/>
<pin id="235" dir="0" index="2" bw="1" slack="0"/>
<pin id="236" dir="1" index="3" bw="32" slack="0"/>
</pin_list>
<bind>
<opcode="bitconcatenate(1004) " fcode="bitconcatenate"/>
<opset="shl_ln55_1/5 "/>
</bind>
</comp>

<comp id="240" class="1004" name="add_ln55_1_fu_240">
<pin_list>
<pin id="241" dir="0" index="0" bw="32" slack="0"/>
<pin id="242" dir="0" index="1" bw="32" slack="4"/>
<pin id="243" dir="1" index="2" bw="32" slack="0"/>
</pin_list>
<bind>
<opcode="add(8) " fcode="add"/>
<opset="add_ln55_1/5 "/>
</bind>
</comp>

<comp id="245" class="1004" name="trunc_ln55_5_fu_245">
<pin_list>
<pin id="246" dir="0" index="0" bw="30" slack="0"/>
<pin id="247" dir="0" index="1" bw="32" slack="0"/>
<pin id="248" dir="0" index="2" bw="3" slack="0"/>
<pin id="249" dir="0" index="3" bw="6" slack="0"/>
<pin id="250" dir="1" index="4" bw="30" slack="1"/>
</pin_list>
<bind>
<opcode="partselect(1002) " fcode="partselect"/>
<opset="trunc_ln55_5/5 "/>
</bind>
</comp>

<comp id="255" class="1004" name="sext_ln55_fu_255">
<pin_list>
<pin id="256" dir="0" index="0" bw="30" slack="1"/>
<pin id="257" dir="1" index="1" bw="32" slack="0"/>
</pin_list>
<bind>
<opcode="sext(35) " fcode="sext"/>
<opset="sext_ln55/6 "/>
</bind>
</comp>

<comp id="258" class="1004" name="gmem_addr_fu_258">
<pin_list>
<pin id="259" dir="0" index="0" bw="32" slack="0"/>
<pin id="260" dir="0" index="1" bw="30" slack="0"/>
<pin id="261" dir="1" index="2" bw="32" slack="0"/>
</pin_list>
<bind>
<opcode="getelementptr(29) " fcode="getelementptr"/>
<opset="gmem_addr/6 "/>
</bind>
</comp>

<comp id="265" class="1004" name="tmp_20_fu_265">
<pin_list>
<pin id="266" dir="0" index="0" bw="8" slack="0"/>
<pin id="267" dir="0" index="1" bw="32" slack="0"/>
<pin id="268" dir="0" index="2" bw="6" slack="0"/>
<pin id="269" dir="0" index="3" bw="6" slack="0"/>
<pin id="270" dir="1" index="4" bw="8" slack="1"/>
</pin_list>
<bind>
<opcode="partselect(1002) " fcode="partselect"/>
<opset="tmp_20/14 "/>
</bind>
</comp>

<comp id="275" class="1004" name="trunc_ln55_2_fu_275">
<pin_list>
<pin id="276" dir="0" index="0" bw="32" slack="0"/>
<pin id="277" dir="1" index="1" bw="23" slack="1"/>
</pin_list>
<bind>
<opcode="trunc(33) " fcode="trunc"/>
<opset="trunc_ln55_2/14 "/>
</bind>
</comp>

<comp id="279" class="1004" name="bitcast_ln55_fu_279">
<pin_list>
<pin id="280" dir="0" index="0" bw="32" slack="1"/>
<pin id="281" dir="1" index="1" bw="32" slack="0"/>
</pin_list>
<bind>
<opcode="bitcast(44) " fcode="bitcast"/>
<opset="bitcast_ln55/15 "/>
</bind>
</comp>

<comp id="283" class="1004" name="icmp_ln55_fu_283">
<pin_list>
<pin id="284" dir="0" index="0" bw="8" slack="1"/>
<pin id="285" dir="0" index="1" bw="1" slack="0"/>
<pin id="286" dir="1" index="2" bw="1" slack="1"/>
</pin_list>
<bind>
<opcode="icmp(45) " fcode="icmp"/>
<opset="icmp_ln55/15 "/>
</bind>
</comp>

<comp id="288" class="1004" name="icmp_ln55_1_fu_288">
<pin_list>
<pin id="289" dir="0" index="0" bw="23" slack="1"/>
<pin id="290" dir="0" index="1" bw="1" slack="0"/>
<pin id="291" dir="1" index="2" bw="1" slack="1"/>
</pin_list>
<bind>
<opcode="icmp(45) " fcode="icmp"/>
<opset="icmp_ln55_1/15 "/>
</bind>
</comp>

<comp id="293" class="1004" name="or_ln55_fu_293">
<pin_list>
<pin id="294" dir="0" index="0" bw="1" slack="1"/>
<pin id="295" dir="0" index="1" bw="1" slack="1"/>
<pin id="296" dir="1" index="2" bw="1" slack="0"/>
</pin_list>
<bind>
<opcode="or(24) " fcode="or"/>
<opset="or_ln55/16 "/>
</bind>
</comp>

<comp id="297" class="1004" name="and_ln55_fu_297">
<pin_list>
<pin id="298" dir="0" index="0" bw="1" slack="0"/>
<pin id="299" dir="0" index="1" bw="1" slack="0"/>
<pin id="300" dir="1" index="2" bw="1" slack="0"/>
</pin_list>
<bind>
<opcode="and(23) " fcode="and"/>
<opset="and_ln55/16 "/>
</bind>
</comp>

<comp id="303" class="1004" name="empty_fu_303">
<pin_list>
<pin id="304" dir="0" index="0" bw="1" slack="0"/>
<pin id="305" dir="0" index="1" bw="32" slack="2"/>
<pin id="306" dir="0" index="2" bw="1" slack="0"/>
<pin id="307" dir="1" index="3" bw="32" slack="1"/>
</pin_list>
<bind>
<opcode="select(49) " fcode="select"/>
<opset="empty/16 "/>
</bind>
</comp>

<comp id="310" class="1004" name="add_ln53_fu_310">
<pin_list>
<pin id="311" dir="0" index="0" bw="32" slack="13"/>
<pin id="312" dir="0" index="1" bw="1" slack="0"/>
<pin id="313" dir="1" index="2" bw="32" slack="0"/>
</pin_list>
<bind>
<opcode="add(8) " fcode="add"/>
<opset="add_ln53/18 "/>
</bind>
</comp>

<comp id="315" class="1004" name="store_ln53_store_fu_315">
<pin_list>
<pin id="316" dir="0" index="0" bw="32" slack="0"/>
<pin id="317" dir="0" index="1" bw="32" slack="17"/>
<pin id="318" dir="1" index="2" bw="0" slack="2147483647"/>
</pin_list>
<bind>
<opcode="store(28) " fcode="store"/>
<opset="store_ln53/18 "/>
</bind>
</comp>

<comp id="320" class="1005" name="j_reg_320">
<pin_list>
<pin id="321" dir="0" index="0" bw="32" slack="0"/>
<pin id="322" dir="1" index="1" bw="32" slack="0"/>
</pin_list>
<bind>
<opset="j "/>
</bind>
</comp>

<comp id="327" class="1005" name="i_reg_327">
<pin_list>
<pin id="328" dir="0" index="0" bw="32" slack="0"/>
<pin id="329" dir="1" index="1" bw="32" slack="0"/>
</pin_list>
<bind>
<opset="i "/>
</bind>
</comp>

<comp id="334" class="1005" name="indvar_flatten173_reg_334">
<pin_list>
<pin id="335" dir="0" index="0" bw="64" slack="0"/>
<pin id="336" dir="1" index="1" bw="64" slack="0"/>
</pin_list>
<bind>
<opset="indvar_flatten173 "/>
</bind>
</comp>

<comp id="341" class="1005" name="conv_2_output_read_reg_341">
<pin_list>
<pin id="342" dir="0" index="0" bw="32" slack="4"/>
<pin id="343" dir="1" index="1" bw="32" slack="4"/>
</pin_list>
<bind>
<opset="conv_2_output_read "/>
</bind>
</comp>

<comp id="346" class="1005" name="size_lateral_1_read_reg_346">
<pin_list>
<pin id="347" dir="0" index="0" bw="32" slack="1"/>
<pin id="348" dir="1" index="1" bw="32" slack="1"/>
</pin_list>
<bind>
<opset="size_lateral_1_read "/>
</bind>
</comp>

<comp id="352" class="1005" name="mul_ln108_read_reg_352">
<pin_list>
<pin id="353" dir="0" index="0" bw="64" slack="1"/>
<pin id="354" dir="1" index="1" bw="64" slack="1"/>
</pin_list>
<bind>
<opset="mul_ln108_read "/>
</bind>
</comp>

<comp id="357" class="1005" name="icmp_ln51_reg_357">
<pin_list>
<pin id="358" dir="0" index="0" bw="1" slack="1"/>
<pin id="359" dir="1" index="1" bw="1" slack="2147483647"/>
</pin_list>
<bind>
<opset="icmp_ln51 "/>
</bind>
</comp>

<comp id="361" class="1005" name="j_load_reg_361">
<pin_list>
<pin id="362" dir="0" index="0" bw="32" slack="3"/>
<pin id="363" dir="1" index="1" bw="32" slack="3"/>
</pin_list>
<bind>
<opset="j_load "/>
</bind>
</comp>

<comp id="366" class="1005" name="icmp_ln53_reg_366">
<pin_list>
<pin id="367" dir="0" index="0" bw="1" slack="3"/>
<pin id="368" dir="1" index="1" bw="1" slack="3"/>
</pin_list>
<bind>
<opset="icmp_ln53 "/>
</bind>
</comp>

<comp id="371" class="1005" name="select_ln51_1_reg_371">
<pin_list>
<pin id="372" dir="0" index="0" bw="32" slack="1"/>
<pin id="373" dir="1" index="1" bw="32" slack="1"/>
</pin_list>
<bind>
<opset="select_ln51_1 "/>
</bind>
</comp>

<comp id="376" class="1005" name="trunc_ln55_reg_376">
<pin_list>
<pin id="377" dir="0" index="0" bw="30" slack="1"/>
<pin id="378" dir="1" index="1" bw="30" slack="1"/>
</pin_list>
<bind>
<opset="trunc_ln55 "/>
</bind>
</comp>

<comp id="381" class="1005" name="select_ln51_reg_381">
<pin_list>
<pin id="382" dir="0" index="0" bw="32" slack="13"/>
<pin id="383" dir="1" index="1" bw="32" slack="13"/>
</pin_list>
<bind>
<opset="select_ln51 "/>
</bind>
</comp>

<comp id="386" class="1005" name="trunc_ln55_5_reg_386">
<pin_list>
<pin id="387" dir="0" index="0" bw="30" slack="1"/>
<pin id="388" dir="1" index="1" bw="30" slack="1"/>
</pin_list>
<bind>
<opset="trunc_ln55_5 "/>
</bind>
</comp>

<comp id="391" class="1005" name="gmem_addr_reg_391">
<pin_list>
<pin id="392" dir="0" index="0" bw="32" slack="1"/>
<pin id="393" dir="1" index="1" bw="32" slack="1"/>
</pin_list>
<bind>
<opset="gmem_addr "/>
</bind>
</comp>

<comp id="400" class="1005" name="gmem_addr_read_reg_400">
<pin_list>
<pin id="401" dir="0" index="0" bw="32" slack="1"/>
<pin id="402" dir="1" index="1" bw="32" slack="1"/>
</pin_list>
<bind>
<opset="gmem_addr_read "/>
</bind>
</comp>

<comp id="406" class="1005" name="tmp_20_reg_406">
<pin_list>
<pin id="407" dir="0" index="0" bw="8" slack="1"/>
<pin id="408" dir="1" index="1" bw="8" slack="1"/>
</pin_list>
<bind>
<opset="tmp_20 "/>
</bind>
</comp>

<comp id="411" class="1005" name="trunc_ln55_2_reg_411">
<pin_list>
<pin id="412" dir="0" index="0" bw="23" slack="1"/>
<pin id="413" dir="1" index="1" bw="23" slack="1"/>
</pin_list>
<bind>
<opset="trunc_ln55_2 "/>
</bind>
</comp>

<comp id="416" class="1005" name="bitcast_ln55_reg_416">
<pin_list>
<pin id="417" dir="0" index="0" bw="32" slack="1"/>
<pin id="418" dir="1" index="1" bw="32" slack="1"/>
</pin_list>
<bind>
<opset="bitcast_ln55 "/>
</bind>
</comp>

<comp id="421" class="1005" name="icmp_ln55_reg_421">
<pin_list>
<pin id="422" dir="0" index="0" bw="1" slack="1"/>
<pin id="423" dir="1" index="1" bw="1" slack="1"/>
</pin_list>
<bind>
<opset="icmp_ln55 "/>
</bind>
</comp>

<comp id="426" class="1005" name="icmp_ln55_1_reg_426">
<pin_list>
<pin id="427" dir="0" index="0" bw="1" slack="1"/>
<pin id="428" dir="1" index="1" bw="1" slack="1"/>
</pin_list>
<bind>
<opset="icmp_ln55_1 "/>
</bind>
</comp>

<comp id="431" class="1005" name="empty_reg_431">
<pin_list>
<pin id="432" dir="0" index="0" bw="32" slack="1"/>
<pin id="433" dir="1" index="1" bw="32" slack="1"/>
</pin_list>
<bind>
<opset="empty "/>
</bind>
</comp>

</comp_list>

<net_list>
<net id="81"><net_src comp="8" pin="0"/><net_sink comp="78" pin=0"/></net>

<net id="85"><net_src comp="8" pin="0"/><net_sink comp="82" pin=0"/></net>

<net id="89"><net_src comp="8" pin="0"/><net_sink comp="86" pin=0"/></net>

<net id="94"><net_src comp="28" pin="0"/><net_sink comp="90" pin=0"/></net>

<net id="95"><net_src comp="6" pin="0"/><net_sink comp="90" pin=1"/></net>

<net id="100"><net_src comp="28" pin="0"/><net_sink comp="96" pin=0"/></net>

<net id="101"><net_src comp="4" pin="0"/><net_sink comp="96" pin=1"/></net>

<net id="106"><net_src comp="30" pin="0"/><net_sink comp="102" pin=0"/></net>

<net id="107"><net_src comp="2" pin="0"/><net_sink comp="102" pin=1"/></net>

<net id="113"><net_src comp="48" pin="0"/><net_sink comp="108" pin=0"/></net>

<net id="114"><net_src comp="8" pin="0"/><net_sink comp="108" pin=2"/></net>

<net id="119"><net_src comp="50" pin="0"/><net_sink comp="115" pin=0"/></net>

<net id="125"><net_src comp="64" pin="0"/><net_sink comp="120" pin=0"/></net>

<net id="126"><net_src comp="8" pin="0"/><net_sink comp="120" pin=2"/></net>

<net id="133"><net_src comp="66" pin="0"/><net_sink comp="127" pin=0"/></net>

<net id="134"><net_src comp="68" pin="0"/><net_sink comp="127" pin=3"/></net>

<net id="139"><net_src comp="70" pin="0"/><net_sink comp="135" pin=0"/></net>

<net id="144"><net_src comp="62" pin="0"/><net_sink comp="140" pin=1"/></net>

<net id="153"><net_src comp="32" pin="0"/><net_sink comp="149" pin=0"/></net>

<net id="158"><net_src comp="14" pin="0"/><net_sink comp="154" pin=0"/></net>

<net id="163"><net_src comp="14" pin="0"/><net_sink comp="159" pin=0"/></net>

<net id="171"><net_src comp="164" pin="1"/><net_sink comp="167" pin=0"/></net>

<net id="176"><net_src comp="164" pin="1"/><net_sink comp="172" pin=0"/></net>

<net id="177"><net_src comp="36" pin="0"/><net_sink comp="172" pin=1"/></net>

<net id="188"><net_src comp="178" pin="1"/><net_sink comp="184" pin=0"/></net>

<net id="193"><net_src comp="181" pin="1"/><net_sink comp="189" pin=0"/></net>

<net id="194"><net_src comp="8" pin="0"/><net_sink comp="189" pin=1"/></net>

<net id="200"><net_src comp="184" pin="2"/><net_sink comp="195" pin=0"/></net>

<net id="201"><net_src comp="189" pin="2"/><net_sink comp="195" pin=1"/></net>

<net id="202"><net_src comp="181" pin="1"/><net_sink comp="195" pin=2"/></net>

<net id="207"><net_src comp="172" pin="2"/><net_sink comp="203" pin=0"/></net>

<net id="212"><net_src comp="195" pin="3"/><net_sink comp="208" pin=0"/></net>

<net id="216"><net_src comp="145" pin="2"/><net_sink comp="213" pin=0"/></net>

<net id="222"><net_src comp="14" pin="0"/><net_sink comp="217" pin=1"/></net>

<net id="226"><net_src comp="217" pin="3"/><net_sink comp="223" pin=0"/></net>

<net id="231"><net_src comp="223" pin="1"/><net_sink comp="227" pin=0"/></net>

<net id="237"><net_src comp="38" pin="0"/><net_sink comp="232" pin=0"/></net>

<net id="238"><net_src comp="227" pin="2"/><net_sink comp="232" pin=1"/></net>

<net id="239"><net_src comp="40" pin="0"/><net_sink comp="232" pin=2"/></net>

<net id="244"><net_src comp="232" pin="3"/><net_sink comp="240" pin=0"/></net>

<net id="251"><net_src comp="42" pin="0"/><net_sink comp="245" pin=0"/></net>

<net id="252"><net_src comp="240" pin="2"/><net_sink comp="245" pin=1"/></net>

<net id="253"><net_src comp="44" pin="0"/><net_sink comp="245" pin=2"/></net>

<net id="254"><net_src comp="46" pin="0"/><net_sink comp="245" pin=3"/></net>

<net id="262"><net_src comp="0" pin="0"/><net_sink comp="258" pin=0"/></net>

<net id="263"><net_src comp="255" pin="1"/><net_sink comp="258" pin=1"/></net>

<net id="264"><net_src comp="258" pin="2"/><net_sink comp="108" pin=1"/></net>

<net id="271"><net_src comp="52" pin="0"/><net_sink comp="265" pin=0"/></net>

<net id="272"><net_src comp="115" pin="2"/><net_sink comp="265" pin=1"/></net>

<net id="273"><net_src comp="54" pin="0"/><net_sink comp="265" pin=2"/></net>

<net id="274"><net_src comp="56" pin="0"/><net_sink comp="265" pin=3"/></net>

<net id="278"><net_src comp="115" pin="2"/><net_sink comp="275" pin=0"/></net>

<net id="282"><net_src comp="279" pin="1"/><net_sink comp="140" pin=0"/></net>

<net id="287"><net_src comp="58" pin="0"/><net_sink comp="283" pin=1"/></net>

<net id="292"><net_src comp="60" pin="0"/><net_sink comp="288" pin=1"/></net>

<net id="301"><net_src comp="293" pin="2"/><net_sink comp="297" pin=0"/></net>

<net id="302"><net_src comp="140" pin="2"/><net_sink comp="297" pin=1"/></net>

<net id="308"><net_src comp="297" pin="2"/><net_sink comp="303" pin=0"/></net>

<net id="309"><net_src comp="14" pin="0"/><net_sink comp="303" pin=2"/></net>

<net id="314"><net_src comp="8" pin="0"/><net_sink comp="310" pin=1"/></net>

<net id="319"><net_src comp="310" pin="2"/><net_sink comp="315" pin=0"/></net>

<net id="323"><net_src comp="78" pin="1"/><net_sink comp="320" pin=0"/></net>

<net id="324"><net_src comp="320" pin="1"/><net_sink comp="159" pin=1"/></net>

<net id="325"><net_src comp="320" pin="1"/><net_sink comp="178" pin=0"/></net>

<net id="326"><net_src comp="320" pin="1"/><net_sink comp="315" pin=1"/></net>

<net id="330"><net_src comp="82" pin="1"/><net_sink comp="327" pin=0"/></net>

<net id="331"><net_src comp="327" pin="1"/><net_sink comp="154" pin=1"/></net>

<net id="332"><net_src comp="327" pin="1"/><net_sink comp="181" pin=0"/></net>

<net id="333"><net_src comp="327" pin="1"/><net_sink comp="208" pin=1"/></net>

<net id="337"><net_src comp="86" pin="1"/><net_sink comp="334" pin=0"/></net>

<net id="338"><net_src comp="334" pin="1"/><net_sink comp="149" pin=1"/></net>

<net id="339"><net_src comp="334" pin="1"/><net_sink comp="164" pin=0"/></net>

<net id="340"><net_src comp="334" pin="1"/><net_sink comp="203" pin=1"/></net>

<net id="344"><net_src comp="90" pin="2"/><net_sink comp="341" pin=0"/></net>

<net id="345"><net_src comp="341" pin="1"/><net_sink comp="240" pin=1"/></net>

<net id="349"><net_src comp="96" pin="2"/><net_sink comp="346" pin=0"/></net>

<net id="350"><net_src comp="346" pin="1"/><net_sink comp="184" pin=1"/></net>

<net id="351"><net_src comp="346" pin="1"/><net_sink comp="145" pin=1"/></net>

<net id="355"><net_src comp="102" pin="2"/><net_sink comp="352" pin=0"/></net>

<net id="356"><net_src comp="352" pin="1"/><net_sink comp="167" pin=1"/></net>

<net id="360"><net_src comp="167" pin="2"/><net_sink comp="357" pin=0"/></net>

<net id="364"><net_src comp="178" pin="1"/><net_sink comp="361" pin=0"/></net>

<net id="365"><net_src comp="361" pin="1"/><net_sink comp="217" pin=2"/></net>

<net id="369"><net_src comp="184" pin="2"/><net_sink comp="366" pin=0"/></net>

<net id="370"><net_src comp="366" pin="1"/><net_sink comp="217" pin=0"/></net>

<net id="374"><net_src comp="195" pin="3"/><net_sink comp="371" pin=0"/></net>

<net id="375"><net_src comp="371" pin="1"/><net_sink comp="145" pin=0"/></net>

<net id="379"><net_src comp="213" pin="1"/><net_sink comp="376" pin=0"/></net>

<net id="380"><net_src comp="376" pin="1"/><net_sink comp="227" pin=1"/></net>

<net id="384"><net_src comp="217" pin="3"/><net_sink comp="381" pin=0"/></net>

<net id="385"><net_src comp="381" pin="1"/><net_sink comp="310" pin=0"/></net>

<net id="389"><net_src comp="245" pin="4"/><net_sink comp="386" pin=0"/></net>

<net id="390"><net_src comp="386" pin="1"/><net_sink comp="255" pin=0"/></net>

<net id="394"><net_src comp="258" pin="2"/><net_sink comp="391" pin=0"/></net>

<net id="395"><net_src comp="391" pin="1"/><net_sink comp="108" pin=1"/></net>

<net id="396"><net_src comp="391" pin="1"/><net_sink comp="115" pin=1"/></net>

<net id="397"><net_src comp="391" pin="1"/><net_sink comp="120" pin=1"/></net>

<net id="398"><net_src comp="391" pin="1"/><net_sink comp="127" pin=1"/></net>

<net id="399"><net_src comp="391" pin="1"/><net_sink comp="135" pin=1"/></net>

<net id="403"><net_src comp="115" pin="2"/><net_sink comp="400" pin=0"/></net>

<net id="404"><net_src comp="400" pin="1"/><net_sink comp="279" pin=0"/></net>

<net id="405"><net_src comp="400" pin="1"/><net_sink comp="303" pin=1"/></net>

<net id="409"><net_src comp="265" pin="4"/><net_sink comp="406" pin=0"/></net>

<net id="410"><net_src comp="406" pin="1"/><net_sink comp="283" pin=0"/></net>

<net id="414"><net_src comp="275" pin="1"/><net_sink comp="411" pin=0"/></net>

<net id="415"><net_src comp="411" pin="1"/><net_sink comp="288" pin=0"/></net>

<net id="419"><net_src comp="279" pin="1"/><net_sink comp="416" pin=0"/></net>

<net id="420"><net_src comp="416" pin="1"/><net_sink comp="140" pin=0"/></net>

<net id="424"><net_src comp="283" pin="2"/><net_sink comp="421" pin=0"/></net>

<net id="425"><net_src comp="421" pin="1"/><net_sink comp="293" pin=1"/></net>

<net id="429"><net_src comp="288" pin="2"/><net_sink comp="426" pin=0"/></net>

<net id="430"><net_src comp="426" pin="1"/><net_sink comp="293" pin=0"/></net>

<net id="434"><net_src comp="303" pin="3"/><net_sink comp="431" pin=0"/></net>

<net id="435"><net_src comp="431" pin="1"/><net_sink comp="127" pin=2"/></net>

</net_list>

</model> 
---------------- Datapath Model END ------------------

* FSMD analyzer results:
  - Output states:
	Port: gmem | {16 17 18 19 20 21 22 }
 - Input state : 
	Port: cifar10_Pipeline_VITIS_LOOP_51_1_VITIS_LOOP_53_21 : gmem | {6 7 8 9 10 11 12 13 14 }
	Port: cifar10_Pipeline_VITIS_LOOP_51_1_VITIS_LOOP_53_21 : mul_ln108 | {1 }
	Port: cifar10_Pipeline_VITIS_LOOP_51_1_VITIS_LOOP_53_21 : size_lateral_1 | {1 }
	Port: cifar10_Pipeline_VITIS_LOOP_51_1_VITIS_LOOP_53_21 : conv_2_output | {1 }
  - Chain level:
	State 1
		store_ln0 : 1
		store_ln51 : 1
		store_ln53 : 1
	State 2
		icmp_ln51 : 1
		add_ln51 : 1
		br_ln51 : 2
		icmp_ln53 : 1
		add_ln51_1 : 1
		select_ln51_1 : 2
		store_ln51 : 2
		store_ln51 : 3
	State 3
	State 4
		trunc_ln55 : 1
	State 5
		trunc_ln55_1 : 1
		add_ln55 : 2
		shl_ln55_1 : 3
		add_ln55_1 : 4
		trunc_ln55_5 : 5
	State 6
		gmem_addr : 1
		gmem_load_4_req : 2
	State 7
	State 8
	State 9
	State 10
	State 11
	State 12
	State 13
	State 14
	State 15
		tmp_21 : 1
	State 16
		and_ln55 : 1
		empty : 1
	State 17
	State 18
		store_ln53 : 1
	State 19
	State 20
	State 21
	State 22


============================================================
+ Verbose Summary: Datapath Resource usage 
============================================================

* Functional unit list:
|----------|---------------------------------|---------|---------|---------|
| Operation|         Functional Unit         |   DSP   |    FF   |   LUT   |
|----------|---------------------------------|---------|---------|---------|
|          |         add_ln51_fu_172         |    0    |    0    |    71   |
|          |        add_ln51_1_fu_189        |    0    |    0    |    39   |
|    add   |         add_ln55_fu_227         |    0    |    0    |    37   |
|          |        add_ln55_1_fu_240        |    0    |    0    |    39   |
|          |         add_ln53_fu_310         |    0    |    0    |    39   |
|----------|---------------------------------|---------|---------|---------|
|    mul   |            grp_fu_145           |    3    |   165   |    50   |
|----------|---------------------------------|---------|---------|---------|
|          |         icmp_ln51_fu_167        |    0    |    0    |    71   |
|   icmp   |         icmp_ln53_fu_184        |    0    |    0    |    39   |
|          |         icmp_ln55_fu_283        |    0    |    0    |    15   |
|          |        icmp_ln55_1_fu_288       |    0    |    0    |    30   |
|----------|---------------------------------|---------|---------|---------|
|          |       select_ln51_1_fu_195      |    0    |    0    |    32   |
|  select  |        select_ln51_fu_217       |    0    |    0    |    32   |
|          |           empty_fu_303          |    0    |    0    |    32   |
|----------|---------------------------------|---------|---------|---------|
|    or    |          or_ln55_fu_293         |    0    |    0    |    2    |
|----------|---------------------------------|---------|---------|---------|
|    and   |         and_ln55_fu_297         |    0    |    0    |    2    |
|----------|---------------------------------|---------|---------|---------|
|          |  conv_2_output_read_read_fu_90  |    0    |    0    |    0    |
|   read   |  size_lateral_1_read_read_fu_96 |    0    |    0    |    0    |
|          |    mul_ln108_read_read_fu_102   |    0    |    0    |    0    |
|          |    gmem_addr_read_read_fu_115   |    0    |    0    |    0    |
|----------|---------------------------------|---------|---------|---------|
|  readreq |        grp_readreq_fu_108       |    0    |    0    |    0    |
|----------|---------------------------------|---------|---------|---------|
| writereq | gmem_addr_7_req_writereq_fu_120 |    0    |    0    |    0    |
|----------|---------------------------------|---------|---------|---------|
|   write  |     write_ln55_write_fu_127     |    0    |    0    |    0    |
|----------|---------------------------------|---------|---------|---------|
| writeresp|       grp_writeresp_fu_135      |    0    |    0    |    0    |
|----------|---------------------------------|---------|---------|---------|
|   fcmp   |            grp_fu_140           |    0    |    0    |    0    |
|----------|---------------------------------|---------|---------|---------|
|          |        trunc_ln55_fu_213        |    0    |    0    |    0    |
|   trunc  |       trunc_ln55_1_fu_223       |    0    |    0    |    0    |
|          |       trunc_ln55_2_fu_275       |    0    |    0    |    0    |
|----------|---------------------------------|---------|---------|---------|
|bitconcatenate|        shl_ln55_1_fu_232        |    0    |    0    |    0    |
|----------|---------------------------------|---------|---------|---------|
|partselect|       trunc_ln55_5_fu_245       |    0    |    0    |    0    |
|          |          tmp_20_fu_265          |    0    |    0    |    0    |
|----------|---------------------------------|---------|---------|---------|
|   sext   |         sext_ln55_fu_255        |    0    |    0    |    0    |
|----------|---------------------------------|---------|---------|---------|
|   Total  |                                 |    3    |   165   |   530   |
|----------|---------------------------------|---------|---------|---------|

Memories:
N/A

* Register list:
+---------------------------+--------+
|                           |   FF   |
+---------------------------+--------+
|    bitcast_ln55_reg_416   |   32   |
| conv_2_output_read_reg_341|   32   |
|       empty_reg_431       |   32   |
|   gmem_addr_read_reg_400  |   32   |
|     gmem_addr_reg_391     |   32   |
|         i_reg_327         |   32   |
|     icmp_ln51_reg_357     |    1   |
|     icmp_ln53_reg_366     |    1   |
|    icmp_ln55_1_reg_426    |    1   |
|     icmp_ln55_reg_421     |    1   |
| indvar_flatten173_reg_334 |   64   |
|       j_load_reg_361      |   32   |
|         j_reg_320         |   32   |
|   mul_ln108_read_reg_352  |   64   |
|   select_ln51_1_reg_371   |   32   |
|    select_ln51_reg_381    |   32   |
|size_lateral_1_read_reg_346|   32   |
|       tmp_20_reg_406      |    8   |
|    trunc_ln55_2_reg_411   |   23   |
|    trunc_ln55_5_reg_386   |   30   |
|     trunc_ln55_reg_376    |   30   |
+---------------------------+--------+
|           Total           |   575  |
+---------------------------+--------+

* Multiplexer (MUX) list: 
|--------------------|------|------|------|--------||---------||---------||---------|
|        Comp        |  Pin | Size |  BW  | S x BW ||  Delay  ||    FF   ||   LUT   |
|--------------------|------|------|------|--------||---------||---------||---------|
| grp_readreq_fu_108 |  p1  |   2  |  32  |   64   ||    0    ||    9    |
|     grp_fu_140     |  p0  |   2  |  32  |   64   ||    0    ||    9    |
|--------------------|------|------|------|--------||---------||---------||---------|
|        Total       |      |      |      |   128  ||  3.176  ||    0    ||    18   |
|--------------------|------|------|------|--------||---------||---------||---------|



* Summary:
+-----------+--------+--------+--------+--------+
|           |   DSP  |  Delay |   FF   |   LUT  |
+-----------+--------+--------+--------+--------+
|  Function |    3   |    -   |   165  |   530  |
|   Memory  |    -   |    -   |    -   |    -   |
|Multiplexer|    -   |    3   |    0   |   18   |
|  Register |    -   |    -   |   575  |    -   |
+-----------+--------+--------+--------+--------+
|   Total   |    3   |    3   |   740  |   548  |
+-----------+--------+--------+--------+--------+
