

================================================================
== Vitis HLS Report for 'cifar10_Pipeline_VITIS_LOOP_140_1'
================================================================
* Date:           Mon May  4 21:06:53 2026

* Version:        2025.2 (Build 6295257 on Nov 14 2025)
* Project:        proj_cifar10
* Solution:       fsolution (Vivado IP Flow Target)
* Product family: zynq
* Target device:  xc7z020-clg484-1


================================================================
== Performance Estimates
================================================================
+ Timing: 
    * Summary: 
    +--------+----------+----------+------------+
    |  Clock |  Target  | Estimated| Uncertainty|
    +--------+----------+----------+------------+
    |ap_clk  |  10.00 ns|  7.300 ns|     2.70 ns|
    +--------+----------+----------+------------+

+ Latency: 
    * Summary: 
    +---------+---------+----------+----------+-----+-----+-------------------+
    |  Latency (cycles) |  Latency (absolute) |  Interval |      Pipeline     |
    |   min   |   max   |    min   |    max   | min | max |        Type       |
    +---------+---------+----------+----------+-----+-----+-------------------+
    |       19|        ?|  0.190 us|         ?|    0|    0|  loop pipeline stp|
    +---------+---------+----------+----------+-----+-----+-------------------+

    + Detail: 
        * Instance: 
        N/A

        * Loop: 
        +--------------------+---------+---------+----------+-----------+-----------+-------+----------+
        |                    |  Latency (cycles) | Iteration|  Initiation Interval  |  Trip |          |
        |      Loop Name     |   min   |   max   |  Latency |  achieved |   target  | Count | Pipelined|
        +--------------------+---------+---------+----------+-----------+-----------+-------+----------+
        |- VITIS_LOOP_140_1  |       17|        ?|        18|          6|          1|  1 ~ ?|       yes|
        +--------------------+---------+---------+----------+-----------+-----------+-------+----------+

============================================================
+ Verbose Summary: Synthesis Manager
============================================================
InlineROM: 1
ExposeGlobal: 0
============================================================
+ Verbose Summary: CDFG Model
============================================================
IsTopModel: 0
ResetActiveHigh: 1
IsCombinational: 0
IsDatapathOnly: 0
HasWiredReturn: 1
HasMFsm: 2
HasVarLatency: 1
IsPipeline: 0
IsRtlPipelined: 0
IsInstanceOverlapped: 0
IsDontTouch: 0
HasImplIP: 0
IsGatedGlobalClock: 0

+ Individual pipeline summary: 
  * Pipeline-0: initiation interval (II) = 6, depth = 18


============================================================
+ Verbose Summary: Schedule
============================================================
* Number of FSM states : 18
* Pipeline : 1
  Pipeline-0 : II = 6, D = 18, States = { 1 2 3 4 5 6 7 8 9 10 11 12 13 14 15 16 17 18 }
* Dataflow Pipeline: 0

* FSM state transitions: 
1 --> 2 
2 --> 3 
3 --> 4 
4 --> 5 
5 --> 6 
6 --> 7 
7 --> 8 
8 --> 9 
9 --> 10 
10 --> 11 
11 --> 12 
12 --> 13 
13 --> 14 
14 --> 15 
15 --> 16 
16 --> 17 
17 --> 18 
18 --> 

* FSM state operations: 

State 1 <SV = 0> <Delay = 5.72>
ST_1 : Operation 21 [1/1] (0.00ns)   --->   "%sum_values = alloca i32 1" [cpu_functions.cpp:137->cpu_functions.cpp:196]   --->   Operation 21 'alloca' 'sum_values' <Predicate = true> <Delay = 0.00>
ST_1 : Operation 22 [1/1] (0.00ns)   --->   "%i = alloca i32 1" [cpu_functions.cpp:140->cpu_functions.cpp:196]   --->   Operation 22 'alloca' 'i' <Predicate = true> <Delay = 0.00>
ST_1 : Operation 23 [1/1] (0.00ns)   --->   "%sext_ln140_read = read i30 @_ssdm_op_Read.ap_auto.i30, i30 %sext_ln140"   --->   Operation 23 'read' 'sext_ln140_read' <Predicate = true> <Delay = 0.00>
ST_1 : Operation 24 [1/1] (0.00ns)   --->   "%sext_ln120_1_read = read i30 @_ssdm_op_Read.ap_auto.i30, i30 %sext_ln120_1"   --->   Operation 24 'read' 'sext_ln120_1_read' <Predicate = true> <Delay = 0.00>
ST_1 : Operation 25 [1/1] (0.00ns)   --->   "%neurons_dense_2_size_read = read i32 @_ssdm_op_Read.ap_auto.i32, i32 %neurons_dense_2_size"   --->   Operation 25 'read' 'neurons_dense_2_size_read' <Predicate = true> <Delay = 0.00>
ST_1 : Operation 26 [1/1] (0.00ns)   --->   "%sext_ln140_cast = sext i30 %sext_ln140_read"   --->   Operation 26 'sext' 'sext_ln140_cast' <Predicate = true> <Delay = 0.00>
ST_1 : Operation 27 [1/1] (0.00ns)   --->   "%sext_ln120_1_cast = sext i30 %sext_ln120_1_read"   --->   Operation 27 'sext' 'sext_ln120_1_cast' <Predicate = true> <Delay = 0.00>
ST_1 : Operation 28 [1/1] (0.00ns)   --->   "%specinterface_ln0 = specinterface void @_ssdm_op_SpecInterface, i32 %gmem, void @empty_0, i32 0, i32 0, void @empty_14, i32 0, i32 0, void @empty, void @empty_20, void @empty_14, i32 16, i32 16, i32 16, i32 16, void @empty_14, void @empty_14, i32 4294967295, i32 0, i32 0, i32 4"   --->   Operation 28 'specinterface' 'specinterface_ln0' <Predicate = true> <Delay = 0.00>
ST_1 : Operation 29 [1/1] (1.58ns)   --->   "%store_ln140 = store i32 0, i32 %i" [cpu_functions.cpp:140->cpu_functions.cpp:196]   --->   Operation 29 'store' 'store_ln140' <Predicate = true> <Delay = 1.58>
ST_1 : Operation 30 [1/1] (1.58ns)   --->   "%store_ln137 = store i32 0, i32 %sum_values" [cpu_functions.cpp:137->cpu_functions.cpp:196]   --->   Operation 30 'store' 'store_ln137' <Predicate = true> <Delay = 1.58>
ST_1 : Operation 31 [1/1] (0.00ns)   --->   "%br_ln0 = br void %for.inc.i187"   --->   Operation 31 'br' 'br_ln0' <Predicate = true> <Delay = 0.00>
ST_1 : Operation 32 [1/1] (0.00ns)   --->   "%i_4 = load i32 %i" [cpu_functions.cpp:140->cpu_functions.cpp:196]   --->   Operation 32 'load' 'i_4' <Predicate = true> <Delay = 0.00>
ST_1 : Operation 33 [1/1] (0.00ns)   --->   "%specbitsmap_ln0 = specbitsmap void @_ssdm_op_SpecBitsMap, i32 %gmem"   --->   Operation 33 'specbitsmap' 'specbitsmap_ln0' <Predicate = true> <Delay = 0.00>
ST_1 : Operation 34 [1/1] (2.55ns)   --->   "%icmp_ln140 = icmp_eq  i32 %i_4, i32 %neurons_dense_2_size_read" [cpu_functions.cpp:140->cpu_functions.cpp:196]   --->   Operation 34 'icmp' 'icmp_ln140' <Predicate = true> <Delay = 2.55> <CoreInst = "Cmp">   --->   Core 9 'Cmp' <Latency = 0> <II = 1> <Delay = 2.55> <FuncUnit> <Opcode : 'seteq' 'setne' 'setle' 'setge' 'setlt' 'setgt'> <InPorts = 2> <OutPorts = 1>
ST_1 : Operation 35 [1/1] (0.00ns)   --->   "%empty = speclooptripcount i32 @_ssdm_op_SpecLoopTripCount, i64 1, i64 18446744073709551615, i64 0"   --->   Operation 35 'speclooptripcount' 'empty' <Predicate = true> <Delay = 0.00>
ST_1 : Operation 36 [1/1] (2.55ns)   --->   "%add_ln140 = add i32 %i_4, i32 1" [cpu_functions.cpp:140->cpu_functions.cpp:196]   --->   Operation 36 'add' 'add_ln140' <Predicate = true> <Delay = 2.55> <CoreInst = "Adder">   --->   Core 1 'Adder' <Latency = 0> <II = 1> <Delay = 2.55> <FuncUnit> <Opcode : 'add' 'sub'> <InPorts = 2> <OutPorts = 1>
ST_1 : Operation 37 [1/1] (0.00ns)   --->   "%br_ln140 = br i1 %icmp_ln140, void %for.inc.i187.split, void %VITIS_LOOP_147_2.i.loopexit.exitStub" [cpu_functions.cpp:140->cpu_functions.cpp:196]   --->   Operation 37 'br' 'br_ln140' <Predicate = true> <Delay = 0.00>
ST_1 : Operation 38 [1/1] (1.58ns)   --->   "%store_ln140 = store i32 %add_ln140, i32 %i" [cpu_functions.cpp:140->cpu_functions.cpp:196]   --->   Operation 38 'store' 'store_ln140' <Predicate = (!icmp_ln140)> <Delay = 1.58>

State 2 <SV = 1> <Delay = 7.30>
ST_2 : Operation 39 [1/1] (0.00ns)   --->   "%gmem_addr = getelementptr i32 %gmem, i32 %sext_ln120_1_cast" [cpu_functions.cpp:120->cpu_functions.cpp:190]   --->   Operation 39 'getelementptr' 'gmem_addr' <Predicate = (!icmp_ln140)> <Delay = 0.00>
ST_2 : Operation 40 [1/1] ( I:7.30ns O:7.30ns )   --->   "%gmem_addr_read = read i32 @_ssdm_op_Read.m_axi.i32.p1i32, i32 %gmem_addr" [cpu_functions.cpp:142->cpu_functions.cpp:196]   --->   Operation 40 'read' 'gmem_addr_read' <Predicate = (!icmp_ln140)> <Delay = 7.30> <CoreInst = "m_axi">   --->   Core 111 'm_axi' <Latency = 3> <II = 1> <Delay = 1.00> <Adapter> <Opcode : 'readrequnaligned' 'writerequnaligned' 'read' 'write' 'readreq' 'writereq' 'writeresp'>

State 3 <SV = 2> <Delay = 7.14>
ST_3 : Operation 41 [1/1] (0.00ns)   --->   "%bitcast_ln142 = bitcast i32 %gmem_addr_read" [cpu_functions.cpp:142->cpu_functions.cpp:196]   --->   Operation 41 'bitcast' 'bitcast_ln142' <Predicate = (!icmp_ln140)> <Delay = 0.00>
ST_3 : Operation 42 [10/10] (7.14ns)   --->   "%value = fexp i32 @llvm.exp.f32, i32 %bitcast_ln142" [cpu_functions.cpp:142->cpu_functions.cpp:196]   --->   Operation 42 'fexp' 'value' <Predicate = (!icmp_ln140)> <Delay = 7.14> <CoreInst = "FExp_fulldsp">   --->   Core 23 'FExp_fulldsp' <Latency = 9> <II = 1> <Delay = 7.14> <FuncUnit> <Opcode : 'fexp'> <InPorts = 1> <OutPorts = 1>

State 4 <SV = 3> <Delay = 7.14>
ST_4 : Operation 43 [9/10] (7.14ns)   --->   "%value = fexp i32 @llvm.exp.f32, i32 %bitcast_ln142" [cpu_functions.cpp:142->cpu_functions.cpp:196]   --->   Operation 43 'fexp' 'value' <Predicate = (!icmp_ln140)> <Delay = 7.14> <CoreInst = "FExp_fulldsp">   --->   Core 23 'FExp_fulldsp' <Latency = 9> <II = 1> <Delay = 7.14> <FuncUnit> <Opcode : 'fexp'> <InPorts = 1> <OutPorts = 1>

State 5 <SV = 4> <Delay = 7.14>
ST_5 : Operation 44 [8/10] (7.14ns)   --->   "%value = fexp i32 @llvm.exp.f32, i32 %bitcast_ln142" [cpu_functions.cpp:142->cpu_functions.cpp:196]   --->   Operation 44 'fexp' 'value' <Predicate = (!icmp_ln140)> <Delay = 7.14> <CoreInst = "FExp_fulldsp">   --->   Core 23 'FExp_fulldsp' <Latency = 9> <II = 1> <Delay = 7.14> <FuncUnit> <Opcode : 'fexp'> <InPorts = 1> <OutPorts = 1>

State 6 <SV = 5> <Delay = 7.14>
ST_6 : Operation 45 [7/10] (7.14ns)   --->   "%value = fexp i32 @llvm.exp.f32, i32 %bitcast_ln142" [cpu_functions.cpp:142->cpu_functions.cpp:196]   --->   Operation 45 'fexp' 'value' <Predicate = (!icmp_ln140)> <Delay = 7.14> <CoreInst = "FExp_fulldsp">   --->   Core 23 'FExp_fulldsp' <Latency = 9> <II = 1> <Delay = 7.14> <FuncUnit> <Opcode : 'fexp'> <InPorts = 1> <OutPorts = 1>

State 7 <SV = 6> <Delay = 7.14>
ST_7 : Operation 46 [6/10] (7.14ns)   --->   "%value = fexp i32 @llvm.exp.f32, i32 %bitcast_ln142" [cpu_functions.cpp:142->cpu_functions.cpp:196]   --->   Operation 46 'fexp' 'value' <Predicate = true> <Delay = 7.14> <CoreInst = "FExp_fulldsp">   --->   Core 23 'FExp_fulldsp' <Latency = 9> <II = 1> <Delay = 7.14> <FuncUnit> <Opcode : 'fexp'> <InPorts = 1> <OutPorts = 1>

State 8 <SV = 7> <Delay = 7.14>
ST_8 : Operation 47 [5/10] (7.14ns)   --->   "%value = fexp i32 @llvm.exp.f32, i32 %bitcast_ln142" [cpu_functions.cpp:142->cpu_functions.cpp:196]   --->   Operation 47 'fexp' 'value' <Predicate = true> <Delay = 7.14> <CoreInst = "FExp_fulldsp">   --->   Core 23 'FExp_fulldsp' <Latency = 9> <II = 1> <Delay = 7.14> <FuncUnit> <Opcode : 'fexp'> <InPorts = 1> <OutPorts = 1>

State 9 <SV = 8> <Delay = 7.14>
ST_9 : Operation 48 [4/10] (7.14ns)   --->   "%value = fexp i32 @llvm.exp.f32, i32 %bitcast_ln142" [cpu_functions.cpp:142->cpu_functions.cpp:196]   --->   Operation 48 'fexp' 'value' <Predicate = true> <Delay = 7.14> <CoreInst = "FExp_fulldsp">   --->   Core 23 'FExp_fulldsp' <Latency = 9> <II = 1> <Delay = 7.14> <FuncUnit> <Opcode : 'fexp'> <InPorts = 1> <OutPorts = 1>

State 10 <SV = 9> <Delay = 7.14>
ST_10 : Operation 49 [3/10] (7.14ns)   --->   "%value = fexp i32 @llvm.exp.f32, i32 %bitcast_ln142" [cpu_functions.cpp:142->cpu_functions.cpp:196]   --->   Operation 49 'fexp' 'value' <Predicate = true> <Delay = 7.14> <CoreInst = "FExp_fulldsp">   --->   Core 23 'FExp_fulldsp' <Latency = 9> <II = 1> <Delay = 7.14> <FuncUnit> <Opcode : 'fexp'> <InPorts = 1> <OutPorts = 1>

State 11 <SV = 10> <Delay = 7.14>
ST_11 : Operation 50 [2/10] (7.14ns)   --->   "%value = fexp i32 @llvm.exp.f32, i32 %bitcast_ln142" [cpu_functions.cpp:142->cpu_functions.cpp:196]   --->   Operation 50 'fexp' 'value' <Predicate = true> <Delay = 7.14> <CoreInst = "FExp_fulldsp">   --->   Core 23 'FExp_fulldsp' <Latency = 9> <II = 1> <Delay = 7.14> <FuncUnit> <Opcode : 'fexp'> <InPorts = 1> <OutPorts = 1>

State 12 <SV = 11> <Delay = 7.14>
ST_12 : Operation 51 [1/10] (7.14ns)   --->   "%value = fexp i32 @llvm.exp.f32, i32 %bitcast_ln142" [cpu_functions.cpp:142->cpu_functions.cpp:196]   --->   Operation 51 'fexp' 'value' <Predicate = true> <Delay = 7.14> <CoreInst = "FExp_fulldsp">   --->   Core 23 'FExp_fulldsp' <Latency = 9> <II = 1> <Delay = 7.14> <FuncUnit> <Opcode : 'fexp'> <InPorts = 1> <OutPorts = 1>
ST_12 : Operation 65 [1/1] (0.00ns)   --->   "%sum_values_load_1 = load i32 %sum_values"   --->   Operation 65 'load' 'sum_values_load_1' <Predicate = (icmp_ln140)> <Delay = 0.00>
ST_12 : Operation 66 [1/1] (0.00ns)   --->   "%write_ln0 = write void @_ssdm_op_Write.ap_auto.floatP0A, i32 %sum_values_out, i32 %sum_values_load_1"   --->   Operation 66 'write' 'write_ln0' <Predicate = (icmp_ln140)> <Delay = 0.00>
ST_12 : Operation 67 [1/1] (1.58ns)   --->   "%ret_ln0 = ret"   --->   Operation 67 'ret' 'ret_ln0' <Predicate = (icmp_ln140)> <Delay = 1.58>

State 13 <SV = 12> <Delay = 7.30>
ST_13 : Operation 52 [1/1] (0.00ns)   --->   "%sum_values_load = load i32 %sum_values" [cpu_functions.cpp:143->cpu_functions.cpp:196]   --->   Operation 52 'load' 'sum_values_load' <Predicate = true> <Delay = 0.00>
ST_13 : Operation 53 [1/1] (0.00ns)   --->   "%gmem_addr_2 = getelementptr i32 %gmem, i32 %sext_ln140_cast" [cpu_functions.cpp:140->cpu_functions.cpp:196]   --->   Operation 53 'getelementptr' 'gmem_addr_2' <Predicate = true> <Delay = 0.00>
ST_13 : Operation 54 [5/5] (7.25ns)   --->   "%sum_values_1 = fadd i32 %sum_values_load, i32 %value" [cpu_functions.cpp:143->cpu_functions.cpp:196]   --->   Operation 54 'fadd' 'sum_values_1' <Predicate = true> <Delay = 7.25> <CoreInst = "FAddSub_fulldsp">   --->   Core 18 'FAddSub_fulldsp' <Latency = 4> <II = 1> <Delay = 7.25> <FuncUnit> <Opcode : 'fadd' 'fsub'> <InPorts = 2> <OutPorts = 1>
ST_13 : Operation 55 [1/1] (0.00ns)   --->   "%bitcast_ln144 = bitcast i32 %value" [cpu_functions.cpp:144->cpu_functions.cpp:196]   --->   Operation 55 'bitcast' 'bitcast_ln144' <Predicate = true> <Delay = 0.00>
ST_13 : Operation 56 [1/1] ( I:7.30ns O:7.30ns )   --->   "%write_ln144 = write void @_ssdm_op_Write.m_axi.p1i32.i32, i32 %gmem_addr_2, i32 %bitcast_ln144, i4 15" [cpu_functions.cpp:144->cpu_functions.cpp:196]   --->   Operation 56 'write' 'write_ln144' <Predicate = true> <Delay = 7.30> <CoreInst = "m_axi">   --->   Core 111 'm_axi' <Latency = 5> <II = 1> <Delay = 1.00> <Adapter> <Opcode : 'readrequnaligned' 'writerequnaligned' 'read' 'write' 'readreq' 'writereq' 'writeresp'>

State 14 <SV = 13> <Delay = 7.25>
ST_14 : Operation 57 [4/5] (7.25ns)   --->   "%sum_values_1 = fadd i32 %sum_values_load, i32 %value" [cpu_functions.cpp:143->cpu_functions.cpp:196]   --->   Operation 57 'fadd' 'sum_values_1' <Predicate = true> <Delay = 7.25> <CoreInst = "FAddSub_fulldsp">   --->   Core 18 'FAddSub_fulldsp' <Latency = 4> <II = 1> <Delay = 7.25> <FuncUnit> <Opcode : 'fadd' 'fsub'> <InPorts = 2> <OutPorts = 1>

State 15 <SV = 14> <Delay = 7.25>
ST_15 : Operation 58 [3/5] (7.25ns)   --->   "%sum_values_1 = fadd i32 %sum_values_load, i32 %value" [cpu_functions.cpp:143->cpu_functions.cpp:196]   --->   Operation 58 'fadd' 'sum_values_1' <Predicate = true> <Delay = 7.25> <CoreInst = "FAddSub_fulldsp">   --->   Core 18 'FAddSub_fulldsp' <Latency = 4> <II = 1> <Delay = 7.25> <FuncUnit> <Opcode : 'fadd' 'fsub'> <InPorts = 2> <OutPorts = 1>

State 16 <SV = 15> <Delay = 7.25>
ST_16 : Operation 59 [2/5] (7.25ns)   --->   "%sum_values_1 = fadd i32 %sum_values_load, i32 %value" [cpu_functions.cpp:143->cpu_functions.cpp:196]   --->   Operation 59 'fadd' 'sum_values_1' <Predicate = true> <Delay = 7.25> <CoreInst = "FAddSub_fulldsp">   --->   Core 18 'FAddSub_fulldsp' <Latency = 4> <II = 1> <Delay = 7.25> <FuncUnit> <Opcode : 'fadd' 'fsub'> <InPorts = 2> <OutPorts = 1>

State 17 <SV = 16> <Delay = 7.25>
ST_17 : Operation 60 [1/5] (7.25ns)   --->   "%sum_values_1 = fadd i32 %sum_values_load, i32 %value" [cpu_functions.cpp:143->cpu_functions.cpp:196]   --->   Operation 60 'fadd' 'sum_values_1' <Predicate = true> <Delay = 7.25> <CoreInst = "FAddSub_fulldsp">   --->   Core 18 'FAddSub_fulldsp' <Latency = 4> <II = 1> <Delay = 7.25> <FuncUnit> <Opcode : 'fadd' 'fsub'> <InPorts = 2> <OutPorts = 1>

State 18 <SV = 17> <Delay = 1.58>
ST_18 : Operation 61 [1/1] (0.00ns)   --->   "%specpipeline_ln137 = specpipeline void @_ssdm_op_SpecPipeline, i32 4294967295, i32 0, i32 0, i32 0, i32 4294967295, void @empty_14" [cpu_functions.cpp:137->cpu_functions.cpp:196]   --->   Operation 61 'specpipeline' 'specpipeline_ln137' <Predicate = true> <Delay = 0.00>
ST_18 : Operation 62 [1/1] (0.00ns)   --->   "%specloopname_ln140 = specloopname void @_ssdm_op_SpecLoopName, void @empty_24" [cpu_functions.cpp:140->cpu_functions.cpp:196]   --->   Operation 62 'specloopname' 'specloopname_ln140' <Predicate = true> <Delay = 0.00>
ST_18 : Operation 63 [1/1] (1.58ns)   --->   "%store_ln137 = store i32 %sum_values_1, i32 %sum_values" [cpu_functions.cpp:137->cpu_functions.cpp:196]   --->   Operation 63 'store' 'store_ln137' <Predicate = true> <Delay = 1.58>
ST_18 : Operation 64 [1/1] (0.00ns)   --->   "%br_ln140 = br void %for.inc.i187" [cpu_functions.cpp:140->cpu_functions.cpp:196]   --->   Operation 64 'br' 'br_ln140' <Predicate = true> <Delay = 0.00>


============================================================
+ Verbose Summary: Timing violations
============================================================
Target clock period: 10.000ns, clock uncertainty: 2.700ns.

 <State 1>: 5.728ns
The critical path consists of the following:
	'store' operation ('store_ln140', cpu_functions.cpp:140->cpu_functions.cpp:196) of constant 0 32 bit on local variable 'i', cpu_functions.cpp:140->cpu_functions.cpp:196 [14]  (1.588 ns)
	'load' operation 32 bit ('i', cpu_functions.cpp:140->cpu_functions.cpp:196) on local variable 'i', cpu_functions.cpp:140->cpu_functions.cpp:196 [18]  (0.000 ns)
	'icmp' operation 1 bit ('icmp_ln140', cpu_functions.cpp:140->cpu_functions.cpp:196) [20]  (2.552 ns)
	'store' operation ('store_ln140', cpu_functions.cpp:140->cpu_functions.cpp:196) of variable 'add_ln140', cpu_functions.cpp:140->cpu_functions.cpp:196 32 bit on local variable 'i', cpu_functions.cpp:140->cpu_functions.cpp:196 [36]  (1.588 ns)

 <State 2>: 7.300ns
The critical path consists of the following:
	'getelementptr' operation 32 bit ('gmem_addr', cpu_functions.cpp:120->cpu_functions.cpp:190) [26]  (0.000 ns)
	bus read operation ('gmem_addr_read', cpu_functions.cpp:142->cpu_functions.cpp:196) on port 'gmem' (cpu_functions.cpp:142->cpu_functions.cpp:196) [30]  (7.300 ns)

 <State 3>: 7.141ns
The critical path consists of the following:
	'fexp' operation 32 bit ('value', cpu_functions.cpp:142->cpu_functions.cpp:196) [32]  (7.141 ns)

 <State 4>: 7.141ns
The critical path consists of the following:
	'fexp' operation 32 bit ('value', cpu_functions.cpp:142->cpu_functions.cpp:196) [32]  (7.141 ns)

 <State 5>: 7.141ns
The critical path consists of the following:
	'fexp' operation 32 bit ('value', cpu_functions.cpp:142->cpu_functions.cpp:196) [32]  (7.141 ns)

 <State 6>: 7.141ns
The critical path consists of the following:
	'fexp' operation 32 bit ('value', cpu_functions.cpp:142->cpu_functions.cpp:196) [32]  (7.141 ns)

 <State 7>: 7.141ns
The critical path consists of the following:
	'fexp' operation 32 bit ('value', cpu_functions.cpp:142->cpu_functions.cpp:196) [32]  (7.141 ns)

 <State 8>: 7.141ns
The critical path consists of the following:
	'fexp' operation 32 bit ('value', cpu_functions.cpp:142->cpu_functions.cpp:196) [32]  (7.141 ns)

 <State 9>: 7.141ns
The critical path consists of the following:
	'fexp' operation 32 bit ('value', cpu_functions.cpp:142->cpu_functions.cpp:196) [32]  (7.141 ns)

 <State 10>: 7.141ns
The critical path consists of the following:
	'fexp' operation 32 bit ('value', cpu_functions.cpp:142->cpu_functions.cpp:196) [32]  (7.141 ns)

 <State 11>: 7.141ns
The critical path consists of the following:
	'fexp' operation 32 bit ('value', cpu_functions.cpp:142->cpu_functions.cpp:196) [32]  (7.141 ns)

 <State 12>: 7.141ns
The critical path consists of the following:
	'fexp' operation 32 bit ('value', cpu_functions.cpp:142->cpu_functions.cpp:196) [32]  (7.141 ns)

 <State 13>: 7.300ns
The critical path consists of the following:
	'getelementptr' operation 32 bit ('gmem_addr_2', cpu_functions.cpp:140->cpu_functions.cpp:196) [27]  (0.000 ns)
	bus write operation ('write_ln144', cpu_functions.cpp:144->cpu_functions.cpp:196) on port 'gmem' (cpu_functions.cpp:144->cpu_functions.cpp:196) [35]  (7.300 ns)

 <State 14>: 7.256ns
The critical path consists of the following:
	'fadd' operation 32 bit ('sum_values', cpu_functions.cpp:143->cpu_functions.cpp:196) [33]  (7.256 ns)

 <State 15>: 7.256ns
The critical path consists of the following:
	'fadd' operation 32 bit ('sum_values', cpu_functions.cpp:143->cpu_functions.cpp:196) [33]  (7.256 ns)

 <State 16>: 7.256ns
The critical path consists of the following:
	'fadd' operation 32 bit ('sum_values', cpu_functions.cpp:143->cpu_functions.cpp:196) [33]  (7.256 ns)

 <State 17>: 7.256ns
The critical path consists of the following:
	'fadd' operation 32 bit ('sum_values', cpu_functions.cpp:143->cpu_functions.cpp:196) [33]  (7.256 ns)

 <State 18>: 1.588ns
The critical path consists of the following:
	'store' operation ('store_ln137', cpu_functions.cpp:137->cpu_functions.cpp:196) of variable 'sum_values', cpu_functions.cpp:143->cpu_functions.cpp:196 32 bit on local variable 'sum_values', cpu_functions.cpp:137->cpu_functions.cpp:196 [37]  (1.588 ns)


============================================================
+ Verbose Summary: Binding
============================================================
N/A
* FSMD analyzer results:
  - Output states:
 - Input state : 
  - Chain level:
	State 1
	State 2
	State 3
	State 4
	State 5
	State 6
	State 7
	State 8
	State 9
	State 10
	State 11
	State 12
	State 13
	State 14
	State 15
	State 16
	State 17
	State 18


============================================================
+ Verbose Summary: Datapath Resource usage 
============================================================
N/A
