

================================================================
== Vitis HLS Report for 'cifar10_Pipeline_VITIS_LOOP_71_1'
================================================================
* Date:           Mon May  4 21:06:53 2026

* Version:        2025.2 (Build 6295257 on Nov 14 2025)
* Project:        proj_cifar10
* Solution:       fsolution (Vivado IP Flow Target)
* Product family: zynq
* Target device:  xc7z020-clg484-1


================================================================
== Performance Estimates
================================================================
+ Timing: 
    * Summary: 
    +--------+----------+----------+------------+
    |  Clock |  Target  | Estimated| Uncertainty|
    +--------+----------+----------+------------+
    |ap_clk  |  10.00 ns|  7.300 ns|     2.70 ns|
    +--------+----------+----------+------------+

+ Latency: 
    * Summary: 
    +---------+---------+----------+----------+-----+-----+-------------------+
    |  Latency (cycles) |  Latency (absolute) |  Interval |      Pipeline     |
    |   min   |   max   |    min   |    max   | min | max |        Type       |
    +---------+---------+----------+----------+-----+-----+-------------------+
    |       19|        ?|  0.190 us|         ?|    0|    0|  loop pipeline stp|
    +---------+---------+----------+----------+-----+-----+-------------------+

    + Detail: 
        * Instance: 
        N/A

        * Loop: 
        +-------------------+---------+---------+----------+-----------+-----------+-------+----------+
        |                   |  Latency (cycles) | Iteration|  Initiation Interval  |  Trip |          |
        |     Loop Name     |   min   |   max   |  Latency |  achieved |   target  | Count | Pipelined|
        +-------------------+---------+---------+----------+-----------+-----------+-------+----------+
        |- VITIS_LOOP_71_1  |       17|        ?|        18|          1|          1|  1 ~ ?|       yes|
        +-------------------+---------+---------+----------+-----------+-----------+-------+----------+

============================================================
+ Verbose Summary: Synthesis Manager
============================================================
InlineROM: 1
ExposeGlobal: 0
============================================================
+ Verbose Summary: CDFG Model
============================================================
IsTopModel: 0
ResetActiveHigh: 1
IsCombinational: 0
IsDatapathOnly: 0
HasWiredReturn: 1
HasMFsm: 2
HasVarLatency: 1
IsPipeline: 0
IsRtlPipelined: 0
IsInstanceOverlapped: 0
IsDontTouch: 0
HasImplIP: 0
IsGatedGlobalClock: 0

+ Individual pipeline summary: 
  * Pipeline-0: initiation interval (II) = 1, depth = 18


============================================================
+ Verbose Summary: Schedule
============================================================
* Number of FSM states : 18
* Pipeline : 1
  Pipeline-0 : II = 1, D = 18, States = { 1 2 3 4 5 6 7 8 9 10 11 12 13 14 15 16 17 18 }
* Dataflow Pipeline: 0

* FSM state transitions: 
1 --> 2 
2 --> 3 
3 --> 4 
4 --> 5 
5 --> 6 
6 --> 7 
7 --> 8 
8 --> 9 
9 --> 10 
10 --> 11 
11 --> 12 
12 --> 13 
13 --> 14 
14 --> 15 
15 --> 16 
16 --> 17 
17 --> 18 
18 --> 

* FSM state operations: 

State 1 <SV = 0> <Delay = 5.72>
ST_1 : Operation 21 [1/1] (0.00ns)   --->   "%i = alloca i32 1" [cpu_functions.cpp:71->cpu_functions.cpp:187]   --->   Operation 21 'alloca' 'i' <Predicate = true> <Delay = 0.00>
ST_1 : Operation 22 [1/1] (0.00ns)   --->   "%specinterface_ln0 = specinterface void @_ssdm_op_SpecInterface, i32 %gmem, void @empty_0, i32 0, i32 0, void @empty_14, i32 0, i32 0, void @empty, void @empty_20, void @empty_14, i32 16, i32 16, i32 16, i32 16, void @empty_14, void @empty_14, i32 4294967295, i32 0, i32 0, i32 4"   --->   Operation 22 'specinterface' 'specinterface_ln0' <Predicate = true> <Delay = 0.00>
ST_1 : Operation 23 [1/1] (0.00ns)   --->   "%dense_layer_1_output_read = read i32 @_ssdm_op_Read.ap_auto.i32, i32 %dense_layer_1_output"   --->   Operation 23 'read' 'dense_layer_1_output_read' <Predicate = true> <Delay = 0.00>
ST_1 : Operation 24 [1/1] (0.00ns)   --->   "%neurons_dense_1_size_read = read i32 @_ssdm_op_Read.ap_auto.i32, i32 %neurons_dense_1_size"   --->   Operation 24 'read' 'neurons_dense_1_size_read' <Predicate = true> <Delay = 0.00>
ST_1 : Operation 25 [1/1] (1.58ns)   --->   "%store_ln71 = store i32 0, i32 %i" [cpu_functions.cpp:71->cpu_functions.cpp:187]   --->   Operation 25 'store' 'store_ln71' <Predicate = true> <Delay = 1.58>
ST_1 : Operation 26 [1/1] (0.00ns)   --->   "%br_ln0 = br void %for.body.i"   --->   Operation 26 'br' 'br_ln0' <Predicate = true> <Delay = 0.00>
ST_1 : Operation 27 [1/1] (0.00ns)   --->   "%i_2 = load i32 %i" [cpu_functions.cpp:71->cpu_functions.cpp:187]   --->   Operation 27 'load' 'i_2' <Predicate = true> <Delay = 0.00>
ST_1 : Operation 28 [1/1] (0.00ns)   --->   "%specbitsmap_ln0 = specbitsmap void @_ssdm_op_SpecBitsMap, i32 %gmem"   --->   Operation 28 'specbitsmap' 'specbitsmap_ln0' <Predicate = true> <Delay = 0.00>
ST_1 : Operation 29 [1/1] (2.55ns)   --->   "%icmp_ln71 = icmp_eq  i32 %i_2, i32 %neurons_dense_1_size_read" [cpu_functions.cpp:71->cpu_functions.cpp:187]   --->   Operation 29 'icmp' 'icmp_ln71' <Predicate = true> <Delay = 2.55> <CoreInst = "Cmp">   --->   Core 9 'Cmp' <Latency = 0> <II = 1> <Delay = 2.55> <FuncUnit> <Opcode : 'seteq' 'setne' 'setle' 'setge' 'setlt' 'setgt'> <InPorts = 2> <OutPorts = 1>
ST_1 : Operation 30 [1/1] (0.00ns)   --->   "%empty = speclooptripcount i32 @_ssdm_op_SpecLoopTripCount, i64 1, i64 18446744073709551615, i64 0"   --->   Operation 30 'speclooptripcount' 'empty' <Predicate = true> <Delay = 0.00>
ST_1 : Operation 31 [1/1] (2.55ns)   --->   "%add_ln71 = add i32 %i_2, i32 1" [cpu_functions.cpp:71->cpu_functions.cpp:187]   --->   Operation 31 'add' 'add_ln71' <Predicate = true> <Delay = 2.55> <CoreInst = "Adder">   --->   Core 1 'Adder' <Latency = 0> <II = 1> <Delay = 2.55> <FuncUnit> <Opcode : 'add' 'sub'> <InPorts = 2> <OutPorts = 1>
ST_1 : Operation 32 [1/1] (0.00ns)   --->   "%br_ln71 = br i1 %icmp_ln71, void %for.body.i.split, void %_Z11relu_linearPKfPfi.exit.loopexit.exitStub" [cpu_functions.cpp:71->cpu_functions.cpp:187]   --->   Operation 32 'br' 'br_ln71' <Predicate = true> <Delay = 0.00>
ST_1 : Operation 33 [1/1] (0.00ns) (grouped into LUT with out node add_ln73)   --->   "%shl_ln73 = shl i32 %i_2, i32 2" [cpu_functions.cpp:73->cpu_functions.cpp:187]   --->   Operation 33 'shl' 'shl_ln73' <Predicate = (!icmp_ln71)> <Delay = 0.00>
ST_1 : Operation 34 [1/1] (2.55ns) (out node of the LUT)   --->   "%add_ln73 = add i32 %shl_ln73, i32 %dense_layer_1_output_read" [cpu_functions.cpp:73->cpu_functions.cpp:187]   --->   Operation 34 'add' 'add_ln73' <Predicate = (!icmp_ln71)> <Delay = 2.55> <CoreInst = "Adder">   --->   Core 1 'Adder' <Latency = 0> <II = 1> <Delay = 2.55> <FuncUnit> <Opcode : 'add' 'sub'> <InPorts = 2> <OutPorts = 1>
ST_1 : Operation 35 [1/1] (0.00ns)   --->   "%trunc_ln73_2 = partselect i30 @_ssdm_op_PartSelect.i30.i32.i32.i32, i32 %add_ln73, i32 2, i32 31" [cpu_functions.cpp:73->cpu_functions.cpp:187]   --->   Operation 35 'partselect' 'trunc_ln73_2' <Predicate = (!icmp_ln71)> <Delay = 0.00>
ST_1 : Operation 36 [1/1] (1.58ns)   --->   "%store_ln71 = store i32 %add_ln71, i32 %i" [cpu_functions.cpp:71->cpu_functions.cpp:187]   --->   Operation 36 'store' 'store_ln71' <Predicate = (!icmp_ln71)> <Delay = 1.58>

State 2 <SV = 1> <Delay = 7.30>
ST_2 : Operation 37 [1/1] (0.00ns)   --->   "%sext_ln73 = sext i30 %trunc_ln73_2" [cpu_functions.cpp:73->cpu_functions.cpp:187]   --->   Operation 37 'sext' 'sext_ln73' <Predicate = true> <Delay = 0.00>
ST_2 : Operation 38 [1/1] (0.00ns)   --->   "%gmem_addr = getelementptr i32 %gmem, i32 %sext_ln73" [cpu_functions.cpp:73->cpu_functions.cpp:187]   --->   Operation 38 'getelementptr' 'gmem_addr' <Predicate = true> <Delay = 0.00>
ST_2 : Operation 39 [8/8] (7.30ns)   --->   "%gmem_load_7_req = readreq i1 @_ssdm_op_ReadReq.m_axi.i32P1A, i32 %gmem_addr, i32 1" [cpu_functions.cpp:73->cpu_functions.cpp:187]   --->   Operation 39 'readreq' 'gmem_load_7_req' <Predicate = true> <Delay = 7.30> <CoreInst = "m_axi">   --->   Core 111 'm_axi' <Latency = 6> <II = 1> <Delay = 1.00> <Adapter> <Opcode : 'readrequnaligned' 'writerequnaligned' 'read' 'write' 'readreq' 'writereq' 'writeresp'>

State 3 <SV = 2> <Delay = 0.00>
ST_3 : Operation 40 [7/8] (7.30ns)   --->   "%gmem_load_7_req = readreq i1 @_ssdm_op_ReadReq.m_axi.i32P1A, i32 %gmem_addr, i32 1" [cpu_functions.cpp:73->cpu_functions.cpp:187]   --->   Operation 40 'readreq' 'gmem_load_7_req' <Predicate = true> <Delay = 7.30> <CoreInst = "m_axi">   --->   Core 111 'm_axi' <Latency = 6> <II = 1> <Delay = 1.00> <Adapter> <Opcode : 'readrequnaligned' 'writerequnaligned' 'read' 'write' 'readreq' 'writereq' 'writeresp'>

State 4 <SV = 3> <Delay = 0.00>
ST_4 : Operation 41 [6/8] (7.30ns)   --->   "%gmem_load_7_req = readreq i1 @_ssdm_op_ReadReq.m_axi.i32P1A, i32 %gmem_addr, i32 1" [cpu_functions.cpp:73->cpu_functions.cpp:187]   --->   Operation 41 'readreq' 'gmem_load_7_req' <Predicate = true> <Delay = 7.30> <CoreInst = "m_axi">   --->   Core 111 'm_axi' <Latency = 6> <II = 1> <Delay = 1.00> <Adapter> <Opcode : 'readrequnaligned' 'writerequnaligned' 'read' 'write' 'readreq' 'writereq' 'writeresp'>

State 5 <SV = 4> <Delay = 0.00>
ST_5 : Operation 42 [5/8] (7.30ns)   --->   "%gmem_load_7_req = readreq i1 @_ssdm_op_ReadReq.m_axi.i32P1A, i32 %gmem_addr, i32 1" [cpu_functions.cpp:73->cpu_functions.cpp:187]   --->   Operation 42 'readreq' 'gmem_load_7_req' <Predicate = true> <Delay = 7.30> <CoreInst = "m_axi">   --->   Core 111 'm_axi' <Latency = 6> <II = 1> <Delay = 1.00> <Adapter> <Opcode : 'readrequnaligned' 'writerequnaligned' 'read' 'write' 'readreq' 'writereq' 'writeresp'>

State 6 <SV = 5> <Delay = 0.00>
ST_6 : Operation 43 [4/8] (7.30ns)   --->   "%gmem_load_7_req = readreq i1 @_ssdm_op_ReadReq.m_axi.i32P1A, i32 %gmem_addr, i32 1" [cpu_functions.cpp:73->cpu_functions.cpp:187]   --->   Operation 43 'readreq' 'gmem_load_7_req' <Predicate = true> <Delay = 7.30> <CoreInst = "m_axi">   --->   Core 111 'm_axi' <Latency = 6> <II = 1> <Delay = 1.00> <Adapter> <Opcode : 'readrequnaligned' 'writerequnaligned' 'read' 'write' 'readreq' 'writereq' 'writeresp'>

State 7 <SV = 6> <Delay = 0.00>
ST_7 : Operation 44 [3/8] (7.30ns)   --->   "%gmem_load_7_req = readreq i1 @_ssdm_op_ReadReq.m_axi.i32P1A, i32 %gmem_addr, i32 1" [cpu_functions.cpp:73->cpu_functions.cpp:187]   --->   Operation 44 'readreq' 'gmem_load_7_req' <Predicate = true> <Delay = 7.30> <CoreInst = "m_axi">   --->   Core 111 'm_axi' <Latency = 6> <II = 1> <Delay = 1.00> <Adapter> <Opcode : 'readrequnaligned' 'writerequnaligned' 'read' 'write' 'readreq' 'writereq' 'writeresp'>

State 8 <SV = 7> <Delay = 0.00>
ST_8 : Operation 45 [2/8] (7.30ns)   --->   "%gmem_load_7_req = readreq i1 @_ssdm_op_ReadReq.m_axi.i32P1A, i32 %gmem_addr, i32 1" [cpu_functions.cpp:73->cpu_functions.cpp:187]   --->   Operation 45 'readreq' 'gmem_load_7_req' <Predicate = true> <Delay = 7.30> <CoreInst = "m_axi">   --->   Core 111 'm_axi' <Latency = 6> <II = 1> <Delay = 1.00> <Adapter> <Opcode : 'readrequnaligned' 'writerequnaligned' 'read' 'write' 'readreq' 'writereq' 'writeresp'>

State 9 <SV = 8> <Delay = 7.30>
ST_9 : Operation 46 [1/8] ( I:7.30ns O:7.30ns )   --->   "%gmem_load_7_req = readreq i1 @_ssdm_op_ReadReq.m_axi.i32P1A, i32 %gmem_addr, i32 1" [cpu_functions.cpp:73->cpu_functions.cpp:187]   --->   Operation 46 'readreq' 'gmem_load_7_req' <Predicate = true> <Delay = 7.30> <CoreInst = "m_axi">   --->   Core 111 'm_axi' <Latency = 6> <II = 1> <Delay = 1.00> <Adapter> <Opcode : 'readrequnaligned' 'writerequnaligned' 'read' 'write' 'readreq' 'writereq' 'writeresp'>

State 10 <SV = 9> <Delay = 7.30>
ST_10 : Operation 47 [1/1] ( I:7.30ns O:7.30ns )   --->   "%gmem_addr_read = read i32 @_ssdm_op_Read.m_axi.i32P1A, i32 %gmem_addr" [cpu_functions.cpp:73->cpu_functions.cpp:187]   --->   Operation 47 'read' 'gmem_addr_read' <Predicate = true> <Delay = 7.30> <CoreInst = "m_axi">   --->   Core 111 'm_axi' <Latency = 3> <II = 1> <Delay = 1.00> <Adapter> <Opcode : 'readrequnaligned' 'writerequnaligned' 'read' 'write' 'readreq' 'writereq' 'writeresp'>
ST_10 : Operation 48 [1/1] (0.00ns)   --->   "%tmp_22 = partselect i8 @_ssdm_op_PartSelect.i8.i32.i32.i32, i32 %gmem_addr_read, i32 23, i32 30" [cpu_functions.cpp:73->cpu_functions.cpp:187]   --->   Operation 48 'partselect' 'tmp_22' <Predicate = true> <Delay = 0.00>
ST_10 : Operation 49 [1/1] (0.00ns)   --->   "%trunc_ln73 = trunc i32 %gmem_addr_read" [cpu_functions.cpp:73->cpu_functions.cpp:187]   --->   Operation 49 'trunc' 'trunc_ln73' <Predicate = true> <Delay = 0.00>

State 11 <SV = 10> <Delay = 5.43>
ST_11 : Operation 50 [1/1] (0.00ns)   --->   "%bitcast_ln73 = bitcast i32 %gmem_addr_read" [cpu_functions.cpp:73->cpu_functions.cpp:187]   --->   Operation 50 'bitcast' 'bitcast_ln73' <Predicate = true> <Delay = 0.00>
ST_11 : Operation 51 [1/1] (1.91ns)   --->   "%icmp_ln73 = icmp_ne  i8 %tmp_22, i8 255" [cpu_functions.cpp:73->cpu_functions.cpp:187]   --->   Operation 51 'icmp' 'icmp_ln73' <Predicate = true> <Delay = 1.91> <CoreInst = "Cmp">   --->   Core 9 'Cmp' <Latency = 0> <II = 1> <Delay = 1.91> <FuncUnit> <Opcode : 'seteq' 'setne' 'setle' 'setge' 'setlt' 'setgt'> <InPorts = 2> <OutPorts = 1>
ST_11 : Operation 52 [1/1] (2.28ns)   --->   "%icmp_ln73_1 = icmp_eq  i23 %trunc_ln73, i23 0" [cpu_functions.cpp:73->cpu_functions.cpp:187]   --->   Operation 52 'icmp' 'icmp_ln73_1' <Predicate = true> <Delay = 2.28> <CoreInst = "Cmp">   --->   Core 9 'Cmp' <Latency = 0> <II = 1> <Delay = 2.28> <FuncUnit> <Opcode : 'seteq' 'setne' 'setle' 'setge' 'setlt' 'setgt'> <InPorts = 2> <OutPorts = 1>
ST_11 : Operation 53 [2/2] (5.43ns)   --->   "%tmp_23 = fcmp_ogt  i32 %bitcast_ln73, i32 0" [cpu_functions.cpp:73->cpu_functions.cpp:187]   --->   Operation 53 'fcmp' 'tmp_23' <Predicate = true> <Delay = 5.43> <CoreInst = "FCompare">   --->   Core 19 'FCompare' <Latency = 1> <II = 1> <Delay = 5.43> <FuncUnit> <Opcode : 'fcmp'> <InPorts = 2> <OutPorts = 1>

State 12 <SV = 11> <Delay = 7.30>
ST_12 : Operation 54 [1/1] (0.00ns) (grouped into LUT with out node and_ln73)   --->   "%or_ln73 = or i1 %icmp_ln73_1, i1 %icmp_ln73" [cpu_functions.cpp:73->cpu_functions.cpp:187]   --->   Operation 54 'or' 'or_ln73' <Predicate = true> <Delay = 0.00> <CoreInst = "LogicGate">   --->   Core 74 'LogicGate' <Latency = 0> <II = 1> <Delay = 0.97> <FuncUnit> <Opcode : 'and' 'or' 'xor'> <InPorts = 2> <OutPorts = 1>
ST_12 : Operation 55 [1/2] (5.43ns)   --->   "%tmp_23 = fcmp_ogt  i32 %bitcast_ln73, i32 0" [cpu_functions.cpp:73->cpu_functions.cpp:187]   --->   Operation 55 'fcmp' 'tmp_23' <Predicate = true> <Delay = 5.43> <CoreInst = "FCompare">   --->   Core 19 'FCompare' <Latency = 1> <II = 1> <Delay = 5.43> <FuncUnit> <Opcode : 'fcmp'> <InPorts = 2> <OutPorts = 1>
ST_12 : Operation 56 [1/1] (0.97ns) (out node of the LUT)   --->   "%and_ln73 = and i1 %or_ln73, i1 %tmp_23" [cpu_functions.cpp:73->cpu_functions.cpp:187]   --->   Operation 56 'and' 'and_ln73' <Predicate = true> <Delay = 0.97> <CoreInst = "LogicGate">   --->   Core 74 'LogicGate' <Latency = 0> <II = 1> <Delay = 0.97> <FuncUnit> <Opcode : 'and' 'or' 'xor'> <InPorts = 2> <OutPorts = 1>
ST_12 : Operation 57 [1/1] (0.69ns)   --->   "%empty_97 = select i1 %and_ln73, i32 %gmem_addr_read, i32 0" [cpu_functions.cpp:73->cpu_functions.cpp:187]   --->   Operation 57 'select' 'empty_97' <Predicate = true> <Delay = 0.69> <CoreInst = "Sel">   --->   Core 73 'Sel' <Latency = 0> <II = 1> <Delay = 0.69> <FuncUnit> <Opcode : 'select'> <InPorts = 3> <OutPorts = 1>
ST_12 : Operation 58 [1/1] ( I:7.30ns O:7.30ns )   --->   "%gmem_addr_13_req = writereq i1 @_ssdm_op_WriteReq.m_axi.i32P1A, i32 %gmem_addr, i32 1" [cpu_functions.cpp:73->cpu_functions.cpp:187]   --->   Operation 58 'writereq' 'gmem_addr_13_req' <Predicate = true> <Delay = 7.30> <CoreInst = "m_axi">   --->   Core 111 'm_axi' <Latency = 9> <II = 1> <Delay = 1.00> <Adapter> <Opcode : 'readrequnaligned' 'writerequnaligned' 'read' 'write' 'readreq' 'writereq' 'writeresp'>

State 13 <SV = 12> <Delay = 7.30>
ST_13 : Operation 59 [1/1] ( I:7.30ns O:7.30ns )   --->   "%write_ln73 = write void @_ssdm_op_Write.m_axi.i32P1A, i32 %gmem_addr, i32 %empty_97, i4 15" [cpu_functions.cpp:73->cpu_functions.cpp:187]   --->   Operation 59 'write' 'write_ln73' <Predicate = true> <Delay = 7.30> <CoreInst = "m_axi">   --->   Core 111 'm_axi' <Latency = 5> <II = 1> <Delay = 1.00> <Adapter> <Opcode : 'readrequnaligned' 'writerequnaligned' 'read' 'write' 'readreq' 'writereq' 'writeresp'>

State 14 <SV = 13> <Delay = 0.00>
ST_14 : Operation 60 [5/5] (7.30ns)   --->   "%gmem_addr_13_resp = writeresp i1 @_ssdm_op_WriteResp.m_axi.i32P1A, i32 %gmem_addr" [cpu_functions.cpp:73->cpu_functions.cpp:187]   --->   Operation 60 'writeresp' 'gmem_addr_13_resp' <Predicate = true> <Delay = 7.30> <CoreInst = "m_axi">   --->   Core 111 'm_axi' <Latency = 3> <II = 1> <Delay = 1.00> <Adapter> <Opcode : 'readrequnaligned' 'writerequnaligned' 'read' 'write' 'readreq' 'writereq' 'writeresp'>

State 15 <SV = 14> <Delay = 0.00>
ST_15 : Operation 61 [4/5] (7.30ns)   --->   "%gmem_addr_13_resp = writeresp i1 @_ssdm_op_WriteResp.m_axi.i32P1A, i32 %gmem_addr" [cpu_functions.cpp:73->cpu_functions.cpp:187]   --->   Operation 61 'writeresp' 'gmem_addr_13_resp' <Predicate = true> <Delay = 7.30> <CoreInst = "m_axi">   --->   Core 111 'm_axi' <Latency = 3> <II = 1> <Delay = 1.00> <Adapter> <Opcode : 'readrequnaligned' 'writerequnaligned' 'read' 'write' 'readreq' 'writereq' 'writeresp'>

State 16 <SV = 15> <Delay = 0.00>
ST_16 : Operation 62 [3/5] (7.30ns)   --->   "%gmem_addr_13_resp = writeresp i1 @_ssdm_op_WriteResp.m_axi.i32P1A, i32 %gmem_addr" [cpu_functions.cpp:73->cpu_functions.cpp:187]   --->   Operation 62 'writeresp' 'gmem_addr_13_resp' <Predicate = true> <Delay = 7.30> <CoreInst = "m_axi">   --->   Core 111 'm_axi' <Latency = 3> <II = 1> <Delay = 1.00> <Adapter> <Opcode : 'readrequnaligned' 'writerequnaligned' 'read' 'write' 'readreq' 'writereq' 'writeresp'>

State 17 <SV = 16> <Delay = 1.58>
ST_17 : Operation 63 [2/5] (7.30ns)   --->   "%gmem_addr_13_resp = writeresp i1 @_ssdm_op_WriteResp.m_axi.i32P1A, i32 %gmem_addr" [cpu_functions.cpp:73->cpu_functions.cpp:187]   --->   Operation 63 'writeresp' 'gmem_addr_13_resp' <Predicate = true> <Delay = 7.30> <CoreInst = "m_axi">   --->   Core 111 'm_axi' <Latency = 3> <II = 1> <Delay = 1.00> <Adapter> <Opcode : 'readrequnaligned' 'writerequnaligned' 'read' 'write' 'readreq' 'writereq' 'writeresp'>
ST_17 : Operation 68 [1/1] (1.58ns)   --->   "%ret_ln0 = ret"   --->   Operation 68 'ret' 'ret_ln0' <Predicate = (icmp_ln71)> <Delay = 1.58>

State 18 <SV = 17> <Delay = 7.30>
ST_18 : Operation 64 [1/1] (0.00ns)   --->   "%specpipeline_ln71 = specpipeline void @_ssdm_op_SpecPipeline, i32 4294967295, i32 0, i32 0, i32 0, i32 4294967295, void @empty_14" [cpu_functions.cpp:71->cpu_functions.cpp:187]   --->   Operation 64 'specpipeline' 'specpipeline_ln71' <Predicate = true> <Delay = 0.00>
ST_18 : Operation 65 [1/1] (0.00ns)   --->   "%specloopname_ln71 = specloopname void @_ssdm_op_SpecLoopName, void @empty_9" [cpu_functions.cpp:71->cpu_functions.cpp:187]   --->   Operation 65 'specloopname' 'specloopname_ln71' <Predicate = true> <Delay = 0.00>
ST_18 : Operation 66 [1/5] ( I:7.30ns O:7.30ns )   --->   "%gmem_addr_13_resp = writeresp i1 @_ssdm_op_WriteResp.m_axi.i32P1A, i32 %gmem_addr" [cpu_functions.cpp:73->cpu_functions.cpp:187]   --->   Operation 66 'writeresp' 'gmem_addr_13_resp' <Predicate = true> <Delay = 7.30> <CoreInst = "m_axi">   --->   Core 111 'm_axi' <Latency = 3> <II = 1> <Delay = 1.00> <Adapter> <Opcode : 'readrequnaligned' 'writerequnaligned' 'read' 'write' 'readreq' 'writereq' 'writeresp'>
ST_18 : Operation 67 [1/1] (0.00ns)   --->   "%br_ln71 = br void %for.body.i" [cpu_functions.cpp:71->cpu_functions.cpp:187]   --->   Operation 67 'br' 'br_ln71' <Predicate = true> <Delay = 0.00>


============================================================
+ Verbose Summary: Timing violations
============================================================
Target clock period: 10.000ns, clock uncertainty: 2.700ns.

 <State 1>: 5.728ns
The critical path consists of the following:
	'store' operation ('store_ln71', cpu_functions.cpp:71->cpu_functions.cpp:187) of constant 0 32 bit on local variable 'i', cpu_functions.cpp:71->cpu_functions.cpp:187 [8]  (1.588 ns)
	'load' operation 32 bit ('i', cpu_functions.cpp:71->cpu_functions.cpp:187) on local variable 'i', cpu_functions.cpp:71->cpu_functions.cpp:187 [11]  (0.000 ns)
	'icmp' operation 1 bit ('icmp_ln71', cpu_functions.cpp:71->cpu_functions.cpp:187) [13]  (2.552 ns)
	'store' operation ('store_ln71', cpu_functions.cpp:71->cpu_functions.cpp:187) of variable 'add_ln71', cpu_functions.cpp:71->cpu_functions.cpp:187 32 bit on local variable 'i', cpu_functions.cpp:71->cpu_functions.cpp:187 [39]  (1.588 ns)

 <State 2>: 7.300ns
The critical path consists of the following:
	'getelementptr' operation 32 bit ('gmem_addr', cpu_functions.cpp:73->cpu_functions.cpp:187) [24]  (0.000 ns)
	bus request operation ('gmem_load_7_req', cpu_functions.cpp:73->cpu_functions.cpp:187) on port 'gmem' (cpu_functions.cpp:73->cpu_functions.cpp:187) [25]  (0.000 ns)
	blocking operation 7.3 ns on control path)

 <State 3>: 0.000ns
The critical path consists of the following:

 <State 4>: 0.000ns
The critical path consists of the following:

 <State 5>: 0.000ns
The critical path consists of the following:

 <State 6>: 0.000ns
The critical path consists of the following:

 <State 7>: 0.000ns
The critical path consists of the following:

 <State 8>: 0.000ns
The critical path consists of the following:

 <State 9>: 7.300ns
The critical path consists of the following:
	bus request operation ('gmem_load_7_req', cpu_functions.cpp:73->cpu_functions.cpp:187) on port 'gmem' (cpu_functions.cpp:73->cpu_functions.cpp:187) [25]  (7.300 ns)

 <State 10>: 7.300ns
The critical path consists of the following:
	bus read operation ('gmem_addr_read', cpu_functions.cpp:73->cpu_functions.cpp:187) on port 'gmem' (cpu_functions.cpp:73->cpu_functions.cpp:187) [26]  (7.300 ns)

 <State 11>: 5.431ns
The critical path consists of the following:
	'fcmp' operation 1 bit ('tmp_23', cpu_functions.cpp:73->cpu_functions.cpp:187) [33]  (5.431 ns)

 <State 12>: 7.300ns
The critical path consists of the following:
	bus request operation ('gmem_addr_13_req', cpu_functions.cpp:73->cpu_functions.cpp:187) on port 'gmem' (cpu_functions.cpp:73->cpu_functions.cpp:187) [36]  (7.300 ns)

 <State 13>: 7.300ns
The critical path consists of the following:
	bus write operation ('write_ln73', cpu_functions.cpp:73->cpu_functions.cpp:187) on port 'gmem' (cpu_functions.cpp:73->cpu_functions.cpp:187) [37]  (7.300 ns)

 <State 14>: 0.000ns
The critical path consists of the following:

 <State 15>: 0.000ns
The critical path consists of the following:

 <State 16>: 0.000ns
The critical path consists of the following:

 <State 17>: 1.588ns
The critical path consists of the following:

 <State 18>: 7.300ns
The critical path consists of the following:
	bus response operation ('gmem_addr_13_resp', cpu_functions.cpp:73->cpu_functions.cpp:187) on port 'gmem' (cpu_functions.cpp:73->cpu_functions.cpp:187) [38]  (7.300 ns)


============================================================
+ Verbose Summary: Binding
============================================================
N/A
* FSMD analyzer results:
  - Output states:
 - Input state : 
  - Chain level:
	State 1
	State 2
	State 3
	State 4
	State 5
	State 6
	State 7
	State 8
	State 9
	State 10
	State 11
	State 12
	State 13
	State 14
	State 15
	State 16
	State 17
	State 18


============================================================
+ Verbose Summary: Datapath Resource usage 
============================================================
N/A
