

================================================================
== Vitis HLS Report for 'cifar10_Pipeline_VITIS_LOOP_147_2'
================================================================
* Date:           Mon May  4 21:06:53 2026

* Version:        2025.2 (Build 6295257 on Nov 14 2025)
* Project:        proj_cifar10
* Solution:       fsolution (Vivado IP Flow Target)
* Product family: zynq
* Target device:  xc7z020-clg484-1


================================================================
== Performance Estimates
================================================================
+ Timing: 
    * Summary: 
    +--------+----------+----------+------------+
    |  Clock |  Target  | Estimated| Uncertainty|
    +--------+----------+----------+------------+
    |ap_clk  |  10.00 ns|  7.300 ns|     2.70 ns|
    +--------+----------+----------+------------+

+ Latency: 
    * Summary: 
    +---------+---------+----------+----------+-----+-----+-------------------+
    |  Latency (cycles) |  Latency (absolute) |  Interval |      Pipeline     |
    |   min   |   max   |    min   |    max   | min | max |        Type       |
    +---------+---------+----------+----------+-----+-----+-------------------+
    |       33|        ?|  0.330 us|         ?|    0|    0|  loop pipeline stp|
    +---------+---------+----------+----------+-----+-----+-------------------+

    + Detail: 
        * Instance: 
        N/A

        * Loop: 
        +--------------------+---------+---------+----------+-----------+-----------+-------+----------+
        |                    |  Latency (cycles) | Iteration|  Initiation Interval  |  Trip |          |
        |      Loop Name     |   min   |   max   |  Latency |  achieved |   target  | Count | Pipelined|
        +--------------------+---------+---------+----------+-----------+-----------+-------+----------+
        |- VITIS_LOOP_147_2  |       31|        ?|        32|          1|          1|  1 ~ ?|       yes|
        +--------------------+---------+---------+----------+-----------+-----------+-------+----------+

============================================================
+ Verbose Summary: Synthesis Manager
============================================================
InlineROM: 1
ExposeGlobal: 0
============================================================
+ Verbose Summary: CDFG Model
============================================================
IsTopModel: 0
ResetActiveHigh: 1
IsCombinational: 0
IsDatapathOnly: 0
HasWiredReturn: 1
HasMFsm: 2
HasVarLatency: 1
IsPipeline: 0
IsRtlPipelined: 0
IsInstanceOverlapped: 0
IsDontTouch: 0
HasImplIP: 0
IsGatedGlobalClock: 0

+ Individual pipeline summary: 
  * Pipeline-0: initiation interval (II) = 1, depth = 32


============================================================
+ Verbose Summary: Schedule
============================================================
* Number of FSM states : 32
* Pipeline : 1
  Pipeline-0 : II = 1, D = 32, States = { 1 2 3 4 5 6 7 8 9 10 11 12 13 14 15 16 17 18 19 20 21 22 23 24 25 26 27 28 29 30 31 32 }
* Dataflow Pipeline: 0

* FSM state transitions: 
1 --> 2 
2 --> 3 
3 --> 4 
4 --> 5 
5 --> 6 
6 --> 7 
7 --> 8 
8 --> 9 
9 --> 10 
10 --> 11 
11 --> 12 
12 --> 13 
13 --> 14 
14 --> 15 
15 --> 16 
16 --> 17 
17 --> 18 
18 --> 19 
19 --> 20 
20 --> 21 
21 --> 22 
22 --> 23 
23 --> 24 
24 --> 25 
25 --> 26 
26 --> 27 
27 --> 28 
28 --> 29 
29 --> 30 
30 --> 31 
31 --> 32 
32 --> 

* FSM state operations: 

State 1 <SV = 0> <Delay = 5.72>
ST_1 : Operation 35 [1/1] (0.00ns)   --->   "%i = alloca i32 1" [cpu_functions.cpp:147->cpu_functions.cpp:196]   --->   Operation 35 'alloca' 'i' <Predicate = true> <Delay = 0.00>
ST_1 : Operation 36 [1/1] (0.00ns)   --->   "%specinterface_ln0 = specinterface void @_ssdm_op_SpecInterface, i32 %gmem, void @empty_0, i32 0, i32 0, void @empty_14, i32 0, i32 0, void @empty, void @empty_20, void @empty_14, i32 16, i32 16, i32 16, i32 16, void @empty_14, void @empty_14, i32 4294967295, i32 0, i32 0, i32 4"   --->   Operation 36 'specinterface' 'specinterface_ln0' <Predicate = true> <Delay = 0.00>
ST_1 : Operation 37 [1/1] (0.00ns)   --->   "%sum_values_0_lcssa_i_read = read i32 @_ssdm_op_Read.ap_auto.float, i32 %sum_values_0_lcssa_i"   --->   Operation 37 'read' 'sum_values_0_lcssa_i_read' <Predicate = true> <Delay = 0.00>
ST_1 : Operation 38 [1/1] (0.00ns)   --->   "%output_data_read = read i32 @_ssdm_op_Read.ap_auto.i32, i32 %output_data"   --->   Operation 38 'read' 'output_data_read' <Predicate = true> <Delay = 0.00>
ST_1 : Operation 39 [1/1] (0.00ns)   --->   "%neurons_dense_2_size_read = read i32 @_ssdm_op_Read.ap_auto.i32, i32 %neurons_dense_2_size"   --->   Operation 39 'read' 'neurons_dense_2_size_read' <Predicate = true> <Delay = 0.00>
ST_1 : Operation 40 [1/1] (1.58ns)   --->   "%store_ln147 = store i32 0, i32 %i" [cpu_functions.cpp:147->cpu_functions.cpp:196]   --->   Operation 40 'store' 'store_ln147' <Predicate = true> <Delay = 1.58>
ST_1 : Operation 41 [1/1] (0.00ns)   --->   "%br_ln0 = br void %for.inc12.i"   --->   Operation 41 'br' 'br_ln0' <Predicate = true> <Delay = 0.00>
ST_1 : Operation 42 [1/1] (0.00ns)   --->   "%i_3 = load i32 %i" [cpu_functions.cpp:147->cpu_functions.cpp:196]   --->   Operation 42 'load' 'i_3' <Predicate = true> <Delay = 0.00>
ST_1 : Operation 43 [1/1] (0.00ns)   --->   "%specbitsmap_ln0 = specbitsmap void @_ssdm_op_SpecBitsMap, i32 %gmem"   --->   Operation 43 'specbitsmap' 'specbitsmap_ln0' <Predicate = true> <Delay = 0.00>
ST_1 : Operation 44 [1/1] (2.55ns)   --->   "%icmp_ln147 = icmp_eq  i32 %i_3, i32 %neurons_dense_2_size_read" [cpu_functions.cpp:147->cpu_functions.cpp:196]   --->   Operation 44 'icmp' 'icmp_ln147' <Predicate = true> <Delay = 2.55> <CoreInst = "Cmp">   --->   Core 9 'Cmp' <Latency = 0> <II = 1> <Delay = 2.55> <FuncUnit> <Opcode : 'seteq' 'setne' 'setle' 'setge' 'setlt' 'setgt'> <InPorts = 2> <OutPorts = 1>
ST_1 : Operation 45 [1/1] (0.00ns)   --->   "%empty = speclooptripcount i32 @_ssdm_op_SpecLoopTripCount, i64 1, i64 18446744073709551615, i64 0"   --->   Operation 45 'speclooptripcount' 'empty' <Predicate = true> <Delay = 0.00>
ST_1 : Operation 46 [1/1] (2.55ns)   --->   "%add_ln147 = add i32 %i_3, i32 1" [cpu_functions.cpp:147->cpu_functions.cpp:196]   --->   Operation 46 'add' 'add_ln147' <Predicate = true> <Delay = 2.55> <CoreInst = "Adder">   --->   Core 1 'Adder' <Latency = 0> <II = 1> <Delay = 2.55> <FuncUnit> <Opcode : 'add' 'sub'> <InPorts = 2> <OutPorts = 1>
ST_1 : Operation 47 [1/1] (0.00ns)   --->   "%br_ln147 = br i1 %icmp_ln147, void %for.inc12.i.split, void %_Z7softmaxPKfPfi.exit.exitStub" [cpu_functions.cpp:147->cpu_functions.cpp:196]   --->   Operation 47 'br' 'br_ln147' <Predicate = true> <Delay = 0.00>
ST_1 : Operation 48 [1/1] (0.00ns) (grouped into LUT with out node add_ln149)   --->   "%shl_ln149 = shl i32 %i_3, i32 2" [cpu_functions.cpp:149->cpu_functions.cpp:196]   --->   Operation 48 'shl' 'shl_ln149' <Predicate = (!icmp_ln147)> <Delay = 0.00>
ST_1 : Operation 49 [1/1] (2.55ns) (out node of the LUT)   --->   "%add_ln149 = add i32 %shl_ln149, i32 %output_data_read" [cpu_functions.cpp:149->cpu_functions.cpp:196]   --->   Operation 49 'add' 'add_ln149' <Predicate = (!icmp_ln147)> <Delay = 2.55> <CoreInst = "Adder">   --->   Core 1 'Adder' <Latency = 0> <II = 1> <Delay = 2.55> <FuncUnit> <Opcode : 'add' 'sub'> <InPorts = 2> <OutPorts = 1>
ST_1 : Operation 50 [1/1] (0.00ns)   --->   "%trunc_ln149_1 = partselect i30 @_ssdm_op_PartSelect.i30.i32.i32.i32, i32 %add_ln149, i32 2, i32 31" [cpu_functions.cpp:149->cpu_functions.cpp:196]   --->   Operation 50 'partselect' 'trunc_ln149_1' <Predicate = (!icmp_ln147)> <Delay = 0.00>
ST_1 : Operation 51 [1/1] (1.58ns)   --->   "%store_ln147 = store i32 %add_ln147, i32 %i" [cpu_functions.cpp:147->cpu_functions.cpp:196]   --->   Operation 51 'store' 'store_ln147' <Predicate = (!icmp_ln147)> <Delay = 1.58>

State 2 <SV = 1> <Delay = 7.30>
ST_2 : Operation 52 [1/1] (0.00ns)   --->   "%sext_ln149 = sext i30 %trunc_ln149_1" [cpu_functions.cpp:149->cpu_functions.cpp:196]   --->   Operation 52 'sext' 'sext_ln149' <Predicate = true> <Delay = 0.00>
ST_2 : Operation 53 [1/1] (0.00ns)   --->   "%gmem_addr = getelementptr i32 %gmem, i32 %sext_ln149" [cpu_functions.cpp:149->cpu_functions.cpp:196]   --->   Operation 53 'getelementptr' 'gmem_addr' <Predicate = true> <Delay = 0.00>
ST_2 : Operation 54 [8/8] (7.30ns)   --->   "%gmem_load_13_req = readreq i1 @_ssdm_op_ReadReq.m_axi.i32P1A, i32 %gmem_addr, i32 1" [cpu_functions.cpp:149->cpu_functions.cpp:196]   --->   Operation 54 'readreq' 'gmem_load_13_req' <Predicate = true> <Delay = 7.30> <CoreInst = "m_axi">   --->   Core 111 'm_axi' <Latency = 6> <II = 1> <Delay = 1.00> <Adapter> <Opcode : 'readrequnaligned' 'writerequnaligned' 'read' 'write' 'readreq' 'writereq' 'writeresp'>

State 3 <SV = 2> <Delay = 0.00>
ST_3 : Operation 55 [7/8] (7.30ns)   --->   "%gmem_load_13_req = readreq i1 @_ssdm_op_ReadReq.m_axi.i32P1A, i32 %gmem_addr, i32 1" [cpu_functions.cpp:149->cpu_functions.cpp:196]   --->   Operation 55 'readreq' 'gmem_load_13_req' <Predicate = true> <Delay = 7.30> <CoreInst = "m_axi">   --->   Core 111 'm_axi' <Latency = 6> <II = 1> <Delay = 1.00> <Adapter> <Opcode : 'readrequnaligned' 'writerequnaligned' 'read' 'write' 'readreq' 'writereq' 'writeresp'>

State 4 <SV = 3> <Delay = 0.00>
ST_4 : Operation 56 [6/8] (7.30ns)   --->   "%gmem_load_13_req = readreq i1 @_ssdm_op_ReadReq.m_axi.i32P1A, i32 %gmem_addr, i32 1" [cpu_functions.cpp:149->cpu_functions.cpp:196]   --->   Operation 56 'readreq' 'gmem_load_13_req' <Predicate = true> <Delay = 7.30> <CoreInst = "m_axi">   --->   Core 111 'm_axi' <Latency = 6> <II = 1> <Delay = 1.00> <Adapter> <Opcode : 'readrequnaligned' 'writerequnaligned' 'read' 'write' 'readreq' 'writereq' 'writeresp'>

State 5 <SV = 4> <Delay = 0.00>
ST_5 : Operation 57 [5/8] (7.30ns)   --->   "%gmem_load_13_req = readreq i1 @_ssdm_op_ReadReq.m_axi.i32P1A, i32 %gmem_addr, i32 1" [cpu_functions.cpp:149->cpu_functions.cpp:196]   --->   Operation 57 'readreq' 'gmem_load_13_req' <Predicate = true> <Delay = 7.30> <CoreInst = "m_axi">   --->   Core 111 'm_axi' <Latency = 6> <II = 1> <Delay = 1.00> <Adapter> <Opcode : 'readrequnaligned' 'writerequnaligned' 'read' 'write' 'readreq' 'writereq' 'writeresp'>

State 6 <SV = 5> <Delay = 0.00>
ST_6 : Operation 58 [4/8] (7.30ns)   --->   "%gmem_load_13_req = readreq i1 @_ssdm_op_ReadReq.m_axi.i32P1A, i32 %gmem_addr, i32 1" [cpu_functions.cpp:149->cpu_functions.cpp:196]   --->   Operation 58 'readreq' 'gmem_load_13_req' <Predicate = true> <Delay = 7.30> <CoreInst = "m_axi">   --->   Core 111 'm_axi' <Latency = 6> <II = 1> <Delay = 1.00> <Adapter> <Opcode : 'readrequnaligned' 'writerequnaligned' 'read' 'write' 'readreq' 'writereq' 'writeresp'>

State 7 <SV = 6> <Delay = 0.00>
ST_7 : Operation 59 [3/8] (7.30ns)   --->   "%gmem_load_13_req = readreq i1 @_ssdm_op_ReadReq.m_axi.i32P1A, i32 %gmem_addr, i32 1" [cpu_functions.cpp:149->cpu_functions.cpp:196]   --->   Operation 59 'readreq' 'gmem_load_13_req' <Predicate = true> <Delay = 7.30> <CoreInst = "m_axi">   --->   Core 111 'm_axi' <Latency = 6> <II = 1> <Delay = 1.00> <Adapter> <Opcode : 'readrequnaligned' 'writerequnaligned' 'read' 'write' 'readreq' 'writereq' 'writeresp'>

State 8 <SV = 7> <Delay = 0.00>
ST_8 : Operation 60 [2/8] (7.30ns)   --->   "%gmem_load_13_req = readreq i1 @_ssdm_op_ReadReq.m_axi.i32P1A, i32 %gmem_addr, i32 1" [cpu_functions.cpp:149->cpu_functions.cpp:196]   --->   Operation 60 'readreq' 'gmem_load_13_req' <Predicate = true> <Delay = 7.30> <CoreInst = "m_axi">   --->   Core 111 'm_axi' <Latency = 6> <II = 1> <Delay = 1.00> <Adapter> <Opcode : 'readrequnaligned' 'writerequnaligned' 'read' 'write' 'readreq' 'writereq' 'writeresp'>

State 9 <SV = 8> <Delay = 7.30>
ST_9 : Operation 61 [1/8] ( I:7.30ns O:7.30ns )   --->   "%gmem_load_13_req = readreq i1 @_ssdm_op_ReadReq.m_axi.i32P1A, i32 %gmem_addr, i32 1" [cpu_functions.cpp:149->cpu_functions.cpp:196]   --->   Operation 61 'readreq' 'gmem_load_13_req' <Predicate = true> <Delay = 7.30> <CoreInst = "m_axi">   --->   Core 111 'm_axi' <Latency = 6> <II = 1> <Delay = 1.00> <Adapter> <Opcode : 'readrequnaligned' 'writerequnaligned' 'read' 'write' 'readreq' 'writereq' 'writeresp'>

State 10 <SV = 9> <Delay = 7.30>
ST_10 : Operation 62 [1/1] ( I:7.30ns O:7.30ns )   --->   "%gmem_addr_read = read i32 @_ssdm_op_Read.m_axi.i32P1A, i32 %gmem_addr" [cpu_functions.cpp:149->cpu_functions.cpp:196]   --->   Operation 62 'read' 'gmem_addr_read' <Predicate = true> <Delay = 7.30> <CoreInst = "m_axi">   --->   Core 111 'm_axi' <Latency = 3> <II = 1> <Delay = 1.00> <Adapter> <Opcode : 'readrequnaligned' 'writerequnaligned' 'read' 'write' 'readreq' 'writereq' 'writeresp'>

State 11 <SV = 10> <Delay = 6.07>
ST_11 : Operation 63 [1/1] (0.00ns)   --->   "%bitcast_ln149 = bitcast i32 %gmem_addr_read" [cpu_functions.cpp:149->cpu_functions.cpp:196]   --->   Operation 63 'bitcast' 'bitcast_ln149' <Predicate = true> <Delay = 0.00>
ST_11 : Operation 64 [16/16] (6.07ns)   --->   "%div_i2 = fdiv i32 %bitcast_ln149, i32 %sum_values_0_lcssa_i_read" [cpu_functions.cpp:149->cpu_functions.cpp:196]   --->   Operation 64 'fdiv' 'div_i2' <Predicate = true> <Delay = 6.07> <CoreInst = "FDiv">   --->   Core 20 'FDiv' <Latency = 15> <II = 1> <Delay = 6.07> <FuncUnit> <Opcode : 'fdiv' 'frem'> <InPorts = 2> <OutPorts = 1>

State 12 <SV = 11> <Delay = 6.07>
ST_12 : Operation 65 [15/16] (6.07ns)   --->   "%div_i2 = fdiv i32 %bitcast_ln149, i32 %sum_values_0_lcssa_i_read" [cpu_functions.cpp:149->cpu_functions.cpp:196]   --->   Operation 65 'fdiv' 'div_i2' <Predicate = true> <Delay = 6.07> <CoreInst = "FDiv">   --->   Core 20 'FDiv' <Latency = 15> <II = 1> <Delay = 6.07> <FuncUnit> <Opcode : 'fdiv' 'frem'> <InPorts = 2> <OutPorts = 1>

State 13 <SV = 12> <Delay = 6.07>
ST_13 : Operation 66 [14/16] (6.07ns)   --->   "%div_i2 = fdiv i32 %bitcast_ln149, i32 %sum_values_0_lcssa_i_read" [cpu_functions.cpp:149->cpu_functions.cpp:196]   --->   Operation 66 'fdiv' 'div_i2' <Predicate = true> <Delay = 6.07> <CoreInst = "FDiv">   --->   Core 20 'FDiv' <Latency = 15> <II = 1> <Delay = 6.07> <FuncUnit> <Opcode : 'fdiv' 'frem'> <InPorts = 2> <OutPorts = 1>

State 14 <SV = 13> <Delay = 6.07>
ST_14 : Operation 67 [13/16] (6.07ns)   --->   "%div_i2 = fdiv i32 %bitcast_ln149, i32 %sum_values_0_lcssa_i_read" [cpu_functions.cpp:149->cpu_functions.cpp:196]   --->   Operation 67 'fdiv' 'div_i2' <Predicate = true> <Delay = 6.07> <CoreInst = "FDiv">   --->   Core 20 'FDiv' <Latency = 15> <II = 1> <Delay = 6.07> <FuncUnit> <Opcode : 'fdiv' 'frem'> <InPorts = 2> <OutPorts = 1>

State 15 <SV = 14> <Delay = 6.07>
ST_15 : Operation 68 [12/16] (6.07ns)   --->   "%div_i2 = fdiv i32 %bitcast_ln149, i32 %sum_values_0_lcssa_i_read" [cpu_functions.cpp:149->cpu_functions.cpp:196]   --->   Operation 68 'fdiv' 'div_i2' <Predicate = true> <Delay = 6.07> <CoreInst = "FDiv">   --->   Core 20 'FDiv' <Latency = 15> <II = 1> <Delay = 6.07> <FuncUnit> <Opcode : 'fdiv' 'frem'> <InPorts = 2> <OutPorts = 1>

State 16 <SV = 15> <Delay = 6.07>
ST_16 : Operation 69 [11/16] (6.07ns)   --->   "%div_i2 = fdiv i32 %bitcast_ln149, i32 %sum_values_0_lcssa_i_read" [cpu_functions.cpp:149->cpu_functions.cpp:196]   --->   Operation 69 'fdiv' 'div_i2' <Predicate = true> <Delay = 6.07> <CoreInst = "FDiv">   --->   Core 20 'FDiv' <Latency = 15> <II = 1> <Delay = 6.07> <FuncUnit> <Opcode : 'fdiv' 'frem'> <InPorts = 2> <OutPorts = 1>

State 17 <SV = 16> <Delay = 6.07>
ST_17 : Operation 70 [10/16] (6.07ns)   --->   "%div_i2 = fdiv i32 %bitcast_ln149, i32 %sum_values_0_lcssa_i_read" [cpu_functions.cpp:149->cpu_functions.cpp:196]   --->   Operation 70 'fdiv' 'div_i2' <Predicate = true> <Delay = 6.07> <CoreInst = "FDiv">   --->   Core 20 'FDiv' <Latency = 15> <II = 1> <Delay = 6.07> <FuncUnit> <Opcode : 'fdiv' 'frem'> <InPorts = 2> <OutPorts = 1>

State 18 <SV = 17> <Delay = 6.07>
ST_18 : Operation 71 [9/16] (6.07ns)   --->   "%div_i2 = fdiv i32 %bitcast_ln149, i32 %sum_values_0_lcssa_i_read" [cpu_functions.cpp:149->cpu_functions.cpp:196]   --->   Operation 71 'fdiv' 'div_i2' <Predicate = true> <Delay = 6.07> <CoreInst = "FDiv">   --->   Core 20 'FDiv' <Latency = 15> <II = 1> <Delay = 6.07> <FuncUnit> <Opcode : 'fdiv' 'frem'> <InPorts = 2> <OutPorts = 1>

State 19 <SV = 18> <Delay = 6.07>
ST_19 : Operation 72 [8/16] (6.07ns)   --->   "%div_i2 = fdiv i32 %bitcast_ln149, i32 %sum_values_0_lcssa_i_read" [cpu_functions.cpp:149->cpu_functions.cpp:196]   --->   Operation 72 'fdiv' 'div_i2' <Predicate = true> <Delay = 6.07> <CoreInst = "FDiv">   --->   Core 20 'FDiv' <Latency = 15> <II = 1> <Delay = 6.07> <FuncUnit> <Opcode : 'fdiv' 'frem'> <InPorts = 2> <OutPorts = 1>

State 20 <SV = 19> <Delay = 6.07>
ST_20 : Operation 73 [7/16] (6.07ns)   --->   "%div_i2 = fdiv i32 %bitcast_ln149, i32 %sum_values_0_lcssa_i_read" [cpu_functions.cpp:149->cpu_functions.cpp:196]   --->   Operation 73 'fdiv' 'div_i2' <Predicate = true> <Delay = 6.07> <CoreInst = "FDiv">   --->   Core 20 'FDiv' <Latency = 15> <II = 1> <Delay = 6.07> <FuncUnit> <Opcode : 'fdiv' 'frem'> <InPorts = 2> <OutPorts = 1>

State 21 <SV = 20> <Delay = 6.07>
ST_21 : Operation 74 [6/16] (6.07ns)   --->   "%div_i2 = fdiv i32 %bitcast_ln149, i32 %sum_values_0_lcssa_i_read" [cpu_functions.cpp:149->cpu_functions.cpp:196]   --->   Operation 74 'fdiv' 'div_i2' <Predicate = true> <Delay = 6.07> <CoreInst = "FDiv">   --->   Core 20 'FDiv' <Latency = 15> <II = 1> <Delay = 6.07> <FuncUnit> <Opcode : 'fdiv' 'frem'> <InPorts = 2> <OutPorts = 1>

State 22 <SV = 21> <Delay = 6.07>
ST_22 : Operation 75 [5/16] (6.07ns)   --->   "%div_i2 = fdiv i32 %bitcast_ln149, i32 %sum_values_0_lcssa_i_read" [cpu_functions.cpp:149->cpu_functions.cpp:196]   --->   Operation 75 'fdiv' 'div_i2' <Predicate = true> <Delay = 6.07> <CoreInst = "FDiv">   --->   Core 20 'FDiv' <Latency = 15> <II = 1> <Delay = 6.07> <FuncUnit> <Opcode : 'fdiv' 'frem'> <InPorts = 2> <OutPorts = 1>

State 23 <SV = 22> <Delay = 6.07>
ST_23 : Operation 76 [4/16] (6.07ns)   --->   "%div_i2 = fdiv i32 %bitcast_ln149, i32 %sum_values_0_lcssa_i_read" [cpu_functions.cpp:149->cpu_functions.cpp:196]   --->   Operation 76 'fdiv' 'div_i2' <Predicate = true> <Delay = 6.07> <CoreInst = "FDiv">   --->   Core 20 'FDiv' <Latency = 15> <II = 1> <Delay = 6.07> <FuncUnit> <Opcode : 'fdiv' 'frem'> <InPorts = 2> <OutPorts = 1>

State 24 <SV = 23> <Delay = 6.07>
ST_24 : Operation 77 [3/16] (6.07ns)   --->   "%div_i2 = fdiv i32 %bitcast_ln149, i32 %sum_values_0_lcssa_i_read" [cpu_functions.cpp:149->cpu_functions.cpp:196]   --->   Operation 77 'fdiv' 'div_i2' <Predicate = true> <Delay = 6.07> <CoreInst = "FDiv">   --->   Core 20 'FDiv' <Latency = 15> <II = 1> <Delay = 6.07> <FuncUnit> <Opcode : 'fdiv' 'frem'> <InPorts = 2> <OutPorts = 1>

State 25 <SV = 24> <Delay = 6.07>
ST_25 : Operation 78 [2/16] (6.07ns)   --->   "%div_i2 = fdiv i32 %bitcast_ln149, i32 %sum_values_0_lcssa_i_read" [cpu_functions.cpp:149->cpu_functions.cpp:196]   --->   Operation 78 'fdiv' 'div_i2' <Predicate = true> <Delay = 6.07> <CoreInst = "FDiv">   --->   Core 20 'FDiv' <Latency = 15> <II = 1> <Delay = 6.07> <FuncUnit> <Opcode : 'fdiv' 'frem'> <InPorts = 2> <OutPorts = 1>

State 26 <SV = 25> <Delay = 7.30>
ST_26 : Operation 79 [1/16] (6.07ns)   --->   "%div_i2 = fdiv i32 %bitcast_ln149, i32 %sum_values_0_lcssa_i_read" [cpu_functions.cpp:149->cpu_functions.cpp:196]   --->   Operation 79 'fdiv' 'div_i2' <Predicate = true> <Delay = 6.07> <CoreInst = "FDiv">   --->   Core 20 'FDiv' <Latency = 15> <II = 1> <Delay = 6.07> <FuncUnit> <Opcode : 'fdiv' 'frem'> <InPorts = 2> <OutPorts = 1>
ST_26 : Operation 80 [1/1] ( I:7.30ns O:7.30ns )   --->   "%gmem_addr_21_req = writereq i1 @_ssdm_op_WriteReq.m_axi.i32P1A, i32 %gmem_addr, i32 1" [cpu_functions.cpp:149->cpu_functions.cpp:196]   --->   Operation 80 'writereq' 'gmem_addr_21_req' <Predicate = true> <Delay = 7.30> <CoreInst = "m_axi">   --->   Core 111 'm_axi' <Latency = 9> <II = 1> <Delay = 1.00> <Adapter> <Opcode : 'readrequnaligned' 'writerequnaligned' 'read' 'write' 'readreq' 'writereq' 'writeresp'>

State 27 <SV = 26> <Delay = 7.30>
ST_27 : Operation 81 [1/1] (0.00ns)   --->   "%bitcast_ln149_1 = bitcast i32 %div_i2" [cpu_functions.cpp:149->cpu_functions.cpp:196]   --->   Operation 81 'bitcast' 'bitcast_ln149_1' <Predicate = true> <Delay = 0.00>
ST_27 : Operation 82 [1/1] ( I:7.30ns O:7.30ns )   --->   "%write_ln149 = write void @_ssdm_op_Write.m_axi.i32P1A, i32 %gmem_addr, i32 %bitcast_ln149_1, i4 15" [cpu_functions.cpp:149->cpu_functions.cpp:196]   --->   Operation 82 'write' 'write_ln149' <Predicate = true> <Delay = 7.30> <CoreInst = "m_axi">   --->   Core 111 'm_axi' <Latency = 5> <II = 1> <Delay = 1.00> <Adapter> <Opcode : 'readrequnaligned' 'writerequnaligned' 'read' 'write' 'readreq' 'writereq' 'writeresp'>

State 28 <SV = 27> <Delay = 0.00>
ST_28 : Operation 83 [5/5] (7.30ns)   --->   "%gmem_addr_21_resp = writeresp i1 @_ssdm_op_WriteResp.m_axi.i32P1A, i32 %gmem_addr" [cpu_functions.cpp:149->cpu_functions.cpp:196]   --->   Operation 83 'writeresp' 'gmem_addr_21_resp' <Predicate = true> <Delay = 7.30> <CoreInst = "m_axi">   --->   Core 111 'm_axi' <Latency = 3> <II = 1> <Delay = 1.00> <Adapter> <Opcode : 'readrequnaligned' 'writerequnaligned' 'read' 'write' 'readreq' 'writereq' 'writeresp'>

State 29 <SV = 28> <Delay = 0.00>
ST_29 : Operation 84 [4/5] (7.30ns)   --->   "%gmem_addr_21_resp = writeresp i1 @_ssdm_op_WriteResp.m_axi.i32P1A, i32 %gmem_addr" [cpu_functions.cpp:149->cpu_functions.cpp:196]   --->   Operation 84 'writeresp' 'gmem_addr_21_resp' <Predicate = true> <Delay = 7.30> <CoreInst = "m_axi">   --->   Core 111 'm_axi' <Latency = 3> <II = 1> <Delay = 1.00> <Adapter> <Opcode : 'readrequnaligned' 'writerequnaligned' 'read' 'write' 'readreq' 'writereq' 'writeresp'>

State 30 <SV = 29> <Delay = 0.00>
ST_30 : Operation 85 [3/5] (7.30ns)   --->   "%gmem_addr_21_resp = writeresp i1 @_ssdm_op_WriteResp.m_axi.i32P1A, i32 %gmem_addr" [cpu_functions.cpp:149->cpu_functions.cpp:196]   --->   Operation 85 'writeresp' 'gmem_addr_21_resp' <Predicate = true> <Delay = 7.30> <CoreInst = "m_axi">   --->   Core 111 'm_axi' <Latency = 3> <II = 1> <Delay = 1.00> <Adapter> <Opcode : 'readrequnaligned' 'writerequnaligned' 'read' 'write' 'readreq' 'writereq' 'writeresp'>

State 31 <SV = 30> <Delay = 1.58>
ST_31 : Operation 86 [2/5] (7.30ns)   --->   "%gmem_addr_21_resp = writeresp i1 @_ssdm_op_WriteResp.m_axi.i32P1A, i32 %gmem_addr" [cpu_functions.cpp:149->cpu_functions.cpp:196]   --->   Operation 86 'writeresp' 'gmem_addr_21_resp' <Predicate = true> <Delay = 7.30> <CoreInst = "m_axi">   --->   Core 111 'm_axi' <Latency = 3> <II = 1> <Delay = 1.00> <Adapter> <Opcode : 'readrequnaligned' 'writerequnaligned' 'read' 'write' 'readreq' 'writereq' 'writeresp'>
ST_31 : Operation 91 [1/1] (1.58ns)   --->   "%ret_ln0 = ret"   --->   Operation 91 'ret' 'ret_ln0' <Predicate = (icmp_ln147)> <Delay = 1.58>

State 32 <SV = 31> <Delay = 7.30>
ST_32 : Operation 87 [1/1] (0.00ns)   --->   "%specpipeline_ln147 = specpipeline void @_ssdm_op_SpecPipeline, i32 4294967295, i32 0, i32 0, i32 0, i32 4294967295, void @empty_14" [cpu_functions.cpp:147->cpu_functions.cpp:196]   --->   Operation 87 'specpipeline' 'specpipeline_ln147' <Predicate = true> <Delay = 0.00>
ST_32 : Operation 88 [1/1] (0.00ns)   --->   "%specloopname_ln147 = specloopname void @_ssdm_op_SpecLoopName, void @empty_33" [cpu_functions.cpp:147->cpu_functions.cpp:196]   --->   Operation 88 'specloopname' 'specloopname_ln147' <Predicate = true> <Delay = 0.00>
ST_32 : Operation 89 [1/5] ( I:7.30ns O:7.30ns )   --->   "%gmem_addr_21_resp = writeresp i1 @_ssdm_op_WriteResp.m_axi.i32P1A, i32 %gmem_addr" [cpu_functions.cpp:149->cpu_functions.cpp:196]   --->   Operation 89 'writeresp' 'gmem_addr_21_resp' <Predicate = true> <Delay = 7.30> <CoreInst = "m_axi">   --->   Core 111 'm_axi' <Latency = 3> <II = 1> <Delay = 1.00> <Adapter> <Opcode : 'readrequnaligned' 'writerequnaligned' 'read' 'write' 'readreq' 'writereq' 'writeresp'>
ST_32 : Operation 90 [1/1] (0.00ns)   --->   "%br_ln147 = br void %for.inc12.i" [cpu_functions.cpp:147->cpu_functions.cpp:196]   --->   Operation 90 'br' 'br_ln147' <Predicate = true> <Delay = 0.00>


============================================================
+ Verbose Summary: Binding
============================================================
STG Binding: 
---------------- STG Properties BEGIN ----------------
- Is combinational: 0
- Is one-state seq: 0
- Is datapath-only: 0
- Is pipelined: 0
- Is top level: 0
Port [ Return ] is wired: 1; IO mode=ap_ctrl_hs:ce=0
Port [ gmem]:  wired=1; compound=1; hidden=0; nouse=0; global=0; static=0; extern=0; dir=2; type=4; pingpong=0; private_global=0; IO mode=m_axi:ce=0
Port [ neurons_dense_2_size]:  wired=1; compound=0; hidden=0; nouse=0; global=0; static=0; extern=0; dir=0; type=0; pingpong=0; private_global=0; IO mode=ap_none:ce=0
Port [ output_data]:  wired=1; compound=0; hidden=0; nouse=0; global=0; static=0; extern=0; dir=0; type=0; pingpong=0; private_global=0; IO mode=ap_none:ce=0
Port [ sum_values_0_lcssa_i]:  wired=1; compound=0; hidden=0; nouse=0; global=0; static=0; extern=0; dir=0; type=0; pingpong=0; private_global=0; IO mode=ap_none:ce=0
---------------- STG Properties END ------------------

---------------- Datapath Model BEGIN ----------------

<LifeTime>
<method=bitvector/>
i                         (alloca           ) [ 010000000000000000000000000000000]
specinterface_ln0         (specinterface    ) [ 000000000000000000000000000000000]
sum_values_0_lcssa_i_read (read             ) [ 011111111111111111111111111000000]
output_data_read          (read             ) [ 000000000000000000000000000000000]
neurons_dense_2_size_read (read             ) [ 000000000000000000000000000000000]
store_ln147               (store            ) [ 000000000000000000000000000000000]
br_ln0                    (br               ) [ 000000000000000000000000000000000]
i_3                       (load             ) [ 000000000000000000000000000000000]
specbitsmap_ln0           (specbitsmap      ) [ 000000000000000000000000000000000]
icmp_ln147                (icmp             ) [ 011111111111111111111111111111110]
empty                     (speclooptripcount) [ 000000000000000000000000000000000]
add_ln147                 (add              ) [ 000000000000000000000000000000000]
br_ln147                  (br               ) [ 000000000000000000000000000000000]
shl_ln149                 (shl              ) [ 000000000000000000000000000000000]
add_ln149                 (add              ) [ 000000000000000000000000000000000]
trunc_ln149_1             (partselect       ) [ 011000000000000000000000000000000]
store_ln147               (store            ) [ 000000000000000000000000000000000]
sext_ln149                (sext             ) [ 000000000000000000000000000000000]
gmem_addr                 (getelementptr    ) [ 010111111111111111111111111111111]
gmem_load_13_req          (readreq          ) [ 000000000000000000000000000000000]
gmem_addr_read            (read             ) [ 010000000001000000000000000000000]
bitcast_ln149             (bitcast          ) [ 010000000000111111111111111000000]
div_i2                    (fdiv             ) [ 010000000000000000000000000100000]
gmem_addr_21_req          (writereq         ) [ 000000000000000000000000000000000]
bitcast_ln149_1           (bitcast          ) [ 000000000000000000000000000000000]
write_ln149               (write            ) [ 000000000000000000000000000000000]
specpipeline_ln147        (specpipeline     ) [ 000000000000000000000000000000000]
specloopname_ln147        (specloopname     ) [ 000000000000000000000000000000000]
gmem_addr_21_resp         (writeresp        ) [ 000000000000000000000000000000000]
br_ln147                  (br               ) [ 000000000000000000000000000000000]
ret_ln0                   (ret              ) [ 000000000000000000000000000000000]
</LifeTime>

<model>

<comp_list>
<comp id="0" class="1000" name="gmem">
<pin_list>
<pin id="1" dir="1" index="0" bw="1" slack="0"/>
</pin_list>
<bind>
<StgValue><ssdm name="gmem"/><MemPortTyVec>2 </MemPortTyVec>
</StgValue>
</bind>
</comp>

<comp id="2" class="1000" name="neurons_dense_2_size">
<pin_list>
<pin id="3" dir="1" index="0" bw="1" slack="0"/>
</pin_list>
<bind>
<StgValue><ssdm name="neurons_dense_2_size"/></StgValue>
</bind>
</comp>

<comp id="4" class="1000" name="output_data">
<pin_list>
<pin id="5" dir="1" index="0" bw="1" slack="0"/>
</pin_list>
<bind>
<StgValue><ssdm name="output_data"/></StgValue>
</bind>
</comp>

<comp id="6" class="1000" name="sum_values_0_lcssa_i">
<pin_list>
<pin id="7" dir="1" index="0" bw="1" slack="0"/>
</pin_list>
<bind>
<StgValue><ssdm name="sum_values_0_lcssa_i"/></StgValue>
</bind>
</comp>

<comp id="8" class="1001" name="const_8">
<pin_list>
<pin id="9" dir="1" index="0" bw="1" slack="0"/>
</pin_list>
<bind>
<StgValue><ssdm name=""/></StgValue>
</bind>
</comp>

<comp id="10" class="1001" name="const_10">
<pin_list>
<pin id="11" dir="1" index="0" bw="1" slack="2147483647"/>
</pin_list>
<bind>
<StgValue><ssdm name="_ssdm_op_SpecInterface"/></StgValue>
</bind>
</comp>

<comp id="12" class="1001" name="const_12">
<pin_list>
<pin id="13" dir="1" index="0" bw="1" slack="2147483647"/>
</pin_list>
<bind>
<StgValue><ssdm name="empty_0"/></StgValue>
</bind>
</comp>

<comp id="14" class="1001" name="const_14">
<pin_list>
<pin id="15" dir="1" index="0" bw="1" slack="0"/>
</pin_list>
<bind>
<StgValue><ssdm name=""/></StgValue>
</bind>
</comp>

<comp id="16" class="1001" name="const_16">
<pin_list>
<pin id="17" dir="1" index="0" bw="1" slack="2147483647"/>
</pin_list>
<bind>
<StgValue><ssdm name="empty_14"/></StgValue>
</bind>
</comp>

<comp id="18" class="1001" name="const_18">
<pin_list>
<pin id="19" dir="1" index="0" bw="1" slack="2147483647"/>
</pin_list>
<bind>
<StgValue><ssdm name="empty"/></StgValue>
</bind>
</comp>

<comp id="20" class="1001" name="const_20">
<pin_list>
<pin id="21" dir="1" index="0" bw="1" slack="2147483647"/>
</pin_list>
<bind>
<StgValue><ssdm name="empty_20"/></StgValue>
</bind>
</comp>

<comp id="22" class="1001" name="const_22">
<pin_list>
<pin id="23" dir="1" index="0" bw="1" slack="2147483647"/>
</pin_list>
<bind>
<StgValue><ssdm name=""/></StgValue>
</bind>
</comp>

<comp id="24" class="1001" name="const_24">
<pin_list>
<pin id="25" dir="1" index="0" bw="1" slack="2147483647"/>
</pin_list>
<bind>
<StgValue><ssdm name=""/></StgValue>
</bind>
</comp>

<comp id="26" class="1001" name="const_26">
<pin_list>
<pin id="27" dir="1" index="0" bw="1" slack="2147483647"/>
</pin_list>
<bind>
<StgValue><ssdm name=""/></StgValue>
</bind>
</comp>

<comp id="28" class="1001" name="const_28">
<pin_list>
<pin id="29" dir="1" index="0" bw="1" slack="0"/>
</pin_list>
<bind>
<StgValue><ssdm name="_ssdm_op_Read.ap_auto.float"/></StgValue>
</bind>
</comp>

<comp id="30" class="1001" name="const_30">
<pin_list>
<pin id="31" dir="1" index="0" bw="1" slack="0"/>
</pin_list>
<bind>
<StgValue><ssdm name="_ssdm_op_Read.ap_auto.i32"/></StgValue>
</bind>
</comp>

<comp id="32" class="1001" name="const_32">
<pin_list>
<pin id="33" dir="1" index="0" bw="1" slack="2147483647"/>
</pin_list>
<bind>
<StgValue><ssdm name="_ssdm_op_SpecBitsMap"/></StgValue>
</bind>
</comp>

<comp id="34" class="1001" name="const_34">
<pin_list>
<pin id="35" dir="1" index="0" bw="1" slack="2147483647"/>
</pin_list>
<bind>
<StgValue><ssdm name="_ssdm_op_SpecLoopTripCount"/></StgValue>
</bind>
</comp>

<comp id="36" class="1001" name="const_36">
<pin_list>
<pin id="37" dir="1" index="0" bw="1" slack="2147483647"/>
</pin_list>
<bind>
<StgValue><ssdm name=""/></StgValue>
</bind>
</comp>

<comp id="38" class="1001" name="const_38">
<pin_list>
<pin id="39" dir="1" index="0" bw="1" slack="2147483647"/>
</pin_list>
<bind>
<StgValue><ssdm name=""/></StgValue>
</bind>
</comp>

<comp id="40" class="1001" name="const_40">
<pin_list>
<pin id="41" dir="1" index="0" bw="1" slack="2147483647"/>
</pin_list>
<bind>
<StgValue><ssdm name=""/></StgValue>
</bind>
</comp>

<comp id="42" class="1001" name="const_42">
<pin_list>
<pin id="43" dir="1" index="0" bw="1" slack="0"/>
</pin_list>
<bind>
<StgValue><ssdm name=""/></StgValue>
</bind>
</comp>

<comp id="44" class="1001" name="const_44">
<pin_list>
<pin id="45" dir="1" index="0" bw="1" slack="0"/>
</pin_list>
<bind>
<StgValue><ssdm name="_ssdm_op_PartSelect.i30.i32.i32.i32"/></StgValue>
</bind>
</comp>

<comp id="46" class="1001" name="const_46">
<pin_list>
<pin id="47" dir="1" index="0" bw="1" slack="0"/>
</pin_list>
<bind>
<StgValue><ssdm name=""/></StgValue>
</bind>
</comp>

<comp id="48" class="1001" name="const_48">
<pin_list>
<pin id="49" dir="1" index="0" bw="1" slack="0"/>
</pin_list>
<bind>
<StgValue><ssdm name="_ssdm_op_ReadReq.m_axi.i32P1A"/></StgValue>
</bind>
</comp>

<comp id="50" class="1001" name="const_50">
<pin_list>
<pin id="51" dir="1" index="0" bw="1" slack="0"/>
</pin_list>
<bind>
<StgValue><ssdm name="_ssdm_op_Read.m_axi.i32P1A"/></StgValue>
</bind>
</comp>

<comp id="52" class="1001" name="const_52">
<pin_list>
<pin id="53" dir="1" index="0" bw="1" slack="0"/>
</pin_list>
<bind>
<StgValue><ssdm name="_ssdm_op_WriteReq.m_axi.i32P1A"/></StgValue>
</bind>
</comp>

<comp id="54" class="1001" name="const_54">
<pin_list>
<pin id="55" dir="1" index="0" bw="1" slack="0"/>
</pin_list>
<bind>
<StgValue><ssdm name="_ssdm_op_Write.m_axi.i32P1A"/></StgValue>
</bind>
</comp>

<comp id="56" class="1001" name="const_56">
<pin_list>
<pin id="57" dir="1" index="0" bw="1" slack="0"/>
</pin_list>
<bind>
<StgValue><ssdm name=""/></StgValue>
</bind>
</comp>

<comp id="58" class="1001" name="const_58">
<pin_list>
<pin id="59" dir="1" index="0" bw="1" slack="0"/>
</pin_list>
<bind>
<StgValue><ssdm name="_ssdm_op_WriteResp.m_axi.i32P1A"/></StgValue>
</bind>
</comp>

<comp id="60" class="1001" name="const_60">
<pin_list>
<pin id="61" dir="1" index="0" bw="1" slack="2147483647"/>
</pin_list>
<bind>
<StgValue><ssdm name="_ssdm_op_SpecPipeline"/></StgValue>
</bind>
</comp>

<comp id="62" class="1001" name="const_62">
<pin_list>
<pin id="63" dir="1" index="0" bw="1" slack="2147483647"/>
</pin_list>
<bind>
<StgValue><ssdm name="_ssdm_op_SpecLoopName"/></StgValue>
</bind>
</comp>

<comp id="64" class="1001" name="const_64">
<pin_list>
<pin id="65" dir="1" index="0" bw="1" slack="2147483647"/>
</pin_list>
<bind>
<StgValue><ssdm name="empty_33"/></StgValue>
</bind>
</comp>

<comp id="66" class="1004" name="i_fu_66">
<pin_list>
<pin id="67" dir="0" index="0" bw="1" slack="0"/>
<pin id="68" dir="1" index="1" bw="32" slack="0"/>
</pin_list>
<bind>
<opcode="alloca(26) " fcode="alloca"/>
<opset="i/1 "/>
</bind>
</comp>

<comp id="70" class="1004" name="sum_values_0_lcssa_i_read_read_fu_70">
<pin_list>
<pin id="71" dir="0" index="0" bw="32" slack="0"/>
<pin id="72" dir="0" index="1" bw="32" slack="0"/>
<pin id="73" dir="1" index="2" bw="32" slack="10"/>
</pin_list>
<bind>
<opcode="read(1150) " fcode="read"/>
<opset="sum_values_0_lcssa_i_read/1 "/>
</bind>
</comp>

<comp id="76" class="1004" name="output_data_read_read_fu_76">
<pin_list>
<pin id="77" dir="0" index="0" bw="32" slack="0"/>
<pin id="78" dir="0" index="1" bw="32" slack="0"/>
<pin id="79" dir="1" index="2" bw="32" slack="0"/>
</pin_list>
<bind>
<opcode="read(1150) " fcode="read"/>
<opset="output_data_read/1 "/>
</bind>
</comp>

<comp id="82" class="1004" name="neurons_dense_2_size_read_read_fu_82">
<pin_list>
<pin id="83" dir="0" index="0" bw="32" slack="0"/>
<pin id="84" dir="0" index="1" bw="32" slack="0"/>
<pin id="85" dir="1" index="2" bw="32" slack="0"/>
</pin_list>
<bind>
<opcode="read(1150) " fcode="read"/>
<opset="neurons_dense_2_size_read/1 "/>
</bind>
</comp>

<comp id="88" class="1004" name="grp_readreq_fu_88">
<pin_list>
<pin id="89" dir="0" index="0" bw="1" slack="0"/>
<pin id="90" dir="0" index="1" bw="32" slack="0"/>
<pin id="91" dir="0" index="2" bw="1" slack="0"/>
<pin id="92" dir="1" index="3" bw="1" slack="2147483647"/>
</pin_list>
<bind>
<opcode="readreq(1154) " fcode="readreq"/>
<opset="gmem_load_13_req/2 "/>
</bind>
</comp>

<comp id="95" class="1004" name="gmem_addr_read_read_fu_95">
<pin_list>
<pin id="96" dir="0" index="0" bw="32" slack="0"/>
<pin id="97" dir="0" index="1" bw="32" slack="8"/>
<pin id="98" dir="1" index="2" bw="32" slack="1"/>
</pin_list>
<bind>
<opcode="read(1150) " fcode="read"/>
<opset="gmem_addr_read/10 "/>
</bind>
</comp>

<comp id="100" class="1004" name="gmem_addr_21_req_writereq_fu_100">
<pin_list>
<pin id="101" dir="0" index="0" bw="1" slack="0"/>
<pin id="102" dir="0" index="1" bw="32" slack="24"/>
<pin id="103" dir="0" index="2" bw="1" slack="0"/>
<pin id="104" dir="1" index="3" bw="1" slack="2147483647"/>
</pin_list>
<bind>
<opcode="writereq(1155) " fcode="writereq"/>
<opset="gmem_addr_21_req/26 "/>
</bind>
</comp>

<comp id="107" class="1004" name="write_ln149_write_fu_107">
<pin_list>
<pin id="108" dir="0" index="0" bw="0" slack="0"/>
<pin id="109" dir="0" index="1" bw="32" slack="25"/>
<pin id="110" dir="0" index="2" bw="32" slack="0"/>
<pin id="111" dir="0" index="3" bw="1" slack="0"/>
<pin id="112" dir="1" index="4" bw="0" slack="2147483647"/>
</pin_list>
<bind>
<opcode="write(1151) " fcode="write"/>
<opset="write_ln149/27 "/>
</bind>
</comp>

<comp id="115" class="1004" name="grp_writeresp_fu_115">
<pin_list>
<pin id="116" dir="0" index="0" bw="1" slack="0"/>
<pin id="117" dir="0" index="1" bw="32" slack="26"/>
<pin id="118" dir="1" index="2" bw="1" slack="2147483647"/>
</pin_list>
<bind>
<opcode="writeresp(1158) " fcode="writeresp"/>
<opset="gmem_addr_21_resp/28 "/>
</bind>
</comp>

<comp id="120" class="1004" name="grp_fu_120">
<pin_list>
<pin id="121" dir="0" index="0" bw="32" slack="0"/>
<pin id="122" dir="0" index="1" bw="32" slack="10"/>
<pin id="123" dir="1" index="2" bw="32" slack="1"/>
</pin_list>
<bind>
<opcode="fdiv(16) " fcode="fdiv"/>
<opset="div_i2/11 "/>
</bind>
</comp>

<comp id="124" class="1004" name="store_ln147_store_fu_124">
<pin_list>
<pin id="125" dir="0" index="0" bw="1" slack="0"/>
<pin id="126" dir="0" index="1" bw="32" slack="0"/>
<pin id="127" dir="1" index="2" bw="0" slack="2147483647"/>
</pin_list>
<bind>
<opcode="store(28) " fcode="store"/>
<opset="store_ln147/1 "/>
</bind>
</comp>

<comp id="129" class="1004" name="i_3_load_fu_129">
<pin_list>
<pin id="130" dir="0" index="0" bw="32" slack="0"/>
<pin id="131" dir="1" index="1" bw="32" slack="0"/>
</pin_list>
<bind>
<opcode="load(27) " fcode="load"/>
<opset="i_3/1 "/>
</bind>
</comp>

<comp id="132" class="1004" name="icmp_ln147_fu_132">
<pin_list>
<pin id="133" dir="0" index="0" bw="32" slack="0"/>
<pin id="134" dir="0" index="1" bw="32" slack="0"/>
<pin id="135" dir="1" index="2" bw="1" slack="30"/>
</pin_list>
<bind>
<opcode="icmp(45) " fcode="icmp"/>
<opset="icmp_ln147/1 "/>
</bind>
</comp>

<comp id="138" class="1004" name="add_ln147_fu_138">
<pin_list>
<pin id="139" dir="0" index="0" bw="32" slack="0"/>
<pin id="140" dir="0" index="1" bw="1" slack="0"/>
<pin id="141" dir="1" index="2" bw="32" slack="0"/>
</pin_list>
<bind>
<opcode="add(8) " fcode="add"/>
<opset="add_ln147/1 "/>
</bind>
</comp>

<comp id="144" class="1004" name="shl_ln149_fu_144">
<pin_list>
<pin id="145" dir="0" index="0" bw="32" slack="0"/>
<pin id="146" dir="0" index="1" bw="3" slack="0"/>
<pin id="147" dir="1" index="2" bw="32" slack="0"/>
</pin_list>
<bind>
<opcode="shl(20) " fcode="shl"/>
<opset="shl_ln149/1 "/>
</bind>
</comp>

<comp id="150" class="1004" name="add_ln149_fu_150">
<pin_list>
<pin id="151" dir="0" index="0" bw="32" slack="0"/>
<pin id="152" dir="0" index="1" bw="32" slack="0"/>
<pin id="153" dir="1" index="2" bw="32" slack="0"/>
</pin_list>
<bind>
<opcode="add(8) " fcode="add"/>
<opset="add_ln149/1 "/>
</bind>
</comp>

<comp id="156" class="1004" name="trunc_ln149_1_fu_156">
<pin_list>
<pin id="157" dir="0" index="0" bw="30" slack="0"/>
<pin id="158" dir="0" index="1" bw="32" slack="0"/>
<pin id="159" dir="0" index="2" bw="3" slack="0"/>
<pin id="160" dir="0" index="3" bw="6" slack="0"/>
<pin id="161" dir="1" index="4" bw="30" slack="1"/>
</pin_list>
<bind>
<opcode="partselect(1002) " fcode="partselect"/>
<opset="trunc_ln149_1/1 "/>
</bind>
</comp>

<comp id="166" class="1004" name="store_ln147_store_fu_166">
<pin_list>
<pin id="167" dir="0" index="0" bw="32" slack="0"/>
<pin id="168" dir="0" index="1" bw="32" slack="0"/>
<pin id="169" dir="1" index="2" bw="0" slack="2147483647"/>
</pin_list>
<bind>
<opcode="store(28) " fcode="store"/>
<opset="store_ln147/1 "/>
</bind>
</comp>

<comp id="171" class="1004" name="sext_ln149_fu_171">
<pin_list>
<pin id="172" dir="0" index="0" bw="30" slack="1"/>
<pin id="173" dir="1" index="1" bw="32" slack="0"/>
</pin_list>
<bind>
<opcode="sext(35) " fcode="sext"/>
<opset="sext_ln149/2 "/>
</bind>
</comp>

<comp id="174" class="1004" name="gmem_addr_fu_174">
<pin_list>
<pin id="175" dir="0" index="0" bw="32" slack="0"/>
<pin id="176" dir="0" index="1" bw="30" slack="0"/>
<pin id="177" dir="1" index="2" bw="32" slack="0"/>
</pin_list>
<bind>
<opcode="getelementptr(29) " fcode="getelementptr"/>
<opset="gmem_addr/2 "/>
</bind>
</comp>

<comp id="181" class="1004" name="bitcast_ln149_fu_181">
<pin_list>
<pin id="182" dir="0" index="0" bw="32" slack="1"/>
<pin id="183" dir="1" index="1" bw="32" slack="0"/>
</pin_list>
<bind>
<opcode="bitcast(44) " fcode="bitcast"/>
<opset="bitcast_ln149/11 "/>
</bind>
</comp>

<comp id="185" class="1004" name="bitcast_ln149_1_fu_185">
<pin_list>
<pin id="186" dir="0" index="0" bw="32" slack="1"/>
<pin id="187" dir="1" index="1" bw="32" slack="0"/>
</pin_list>
<bind>
<opcode="bitcast(44) " fcode="bitcast"/>
<opset="bitcast_ln149_1/27 "/>
</bind>
</comp>

<comp id="189" class="1005" name="i_reg_189">
<pin_list>
<pin id="190" dir="0" index="0" bw="32" slack="0"/>
<pin id="191" dir="1" index="1" bw="32" slack="0"/>
</pin_list>
<bind>
<opset="i "/>
</bind>
</comp>

<comp id="196" class="1005" name="sum_values_0_lcssa_i_read_reg_196">
<pin_list>
<pin id="197" dir="0" index="0" bw="32" slack="10"/>
<pin id="198" dir="1" index="1" bw="32" slack="10"/>
</pin_list>
<bind>
<opset="sum_values_0_lcssa_i_read "/>
</bind>
</comp>

<comp id="201" class="1005" name="icmp_ln147_reg_201">
<pin_list>
<pin id="202" dir="0" index="0" bw="1" slack="30"/>
<pin id="203" dir="1" index="1" bw="1" slack="2147483647"/>
</pin_list>
<bind>
<opset="icmp_ln147 "/>
</bind>
</comp>

<comp id="205" class="1005" name="trunc_ln149_1_reg_205">
<pin_list>
<pin id="206" dir="0" index="0" bw="30" slack="1"/>
<pin id="207" dir="1" index="1" bw="30" slack="1"/>
</pin_list>
<bind>
<opset="trunc_ln149_1 "/>
</bind>
</comp>

<comp id="210" class="1005" name="gmem_addr_reg_210">
<pin_list>
<pin id="211" dir="0" index="0" bw="32" slack="1"/>
<pin id="212" dir="1" index="1" bw="32" slack="1"/>
</pin_list>
<bind>
<opset="gmem_addr "/>
</bind>
</comp>

<comp id="219" class="1005" name="gmem_addr_read_reg_219">
<pin_list>
<pin id="220" dir="0" index="0" bw="32" slack="1"/>
<pin id="221" dir="1" index="1" bw="32" slack="1"/>
</pin_list>
<bind>
<opset="gmem_addr_read "/>
</bind>
</comp>

<comp id="224" class="1005" name="bitcast_ln149_reg_224">
<pin_list>
<pin id="225" dir="0" index="0" bw="32" slack="1"/>
<pin id="226" dir="1" index="1" bw="32" slack="1"/>
</pin_list>
<bind>
<opset="bitcast_ln149 "/>
</bind>
</comp>

<comp id="229" class="1005" name="div_i2_reg_229">
<pin_list>
<pin id="230" dir="0" index="0" bw="32" slack="1"/>
<pin id="231" dir="1" index="1" bw="32" slack="1"/>
</pin_list>
<bind>
<opset="div_i2 "/>
</bind>
</comp>

</comp_list>

<net_list>
<net id="69"><net_src comp="8" pin="0"/><net_sink comp="66" pin=0"/></net>

<net id="74"><net_src comp="28" pin="0"/><net_sink comp="70" pin=0"/></net>

<net id="75"><net_src comp="6" pin="0"/><net_sink comp="70" pin=1"/></net>

<net id="80"><net_src comp="30" pin="0"/><net_sink comp="76" pin=0"/></net>

<net id="81"><net_src comp="4" pin="0"/><net_sink comp="76" pin=1"/></net>

<net id="86"><net_src comp="30" pin="0"/><net_sink comp="82" pin=0"/></net>

<net id="87"><net_src comp="2" pin="0"/><net_sink comp="82" pin=1"/></net>

<net id="93"><net_src comp="48" pin="0"/><net_sink comp="88" pin=0"/></net>

<net id="94"><net_src comp="8" pin="0"/><net_sink comp="88" pin=2"/></net>

<net id="99"><net_src comp="50" pin="0"/><net_sink comp="95" pin=0"/></net>

<net id="105"><net_src comp="52" pin="0"/><net_sink comp="100" pin=0"/></net>

<net id="106"><net_src comp="8" pin="0"/><net_sink comp="100" pin=2"/></net>

<net id="113"><net_src comp="54" pin="0"/><net_sink comp="107" pin=0"/></net>

<net id="114"><net_src comp="56" pin="0"/><net_sink comp="107" pin=3"/></net>

<net id="119"><net_src comp="58" pin="0"/><net_sink comp="115" pin=0"/></net>

<net id="128"><net_src comp="14" pin="0"/><net_sink comp="124" pin=0"/></net>

<net id="136"><net_src comp="129" pin="1"/><net_sink comp="132" pin=0"/></net>

<net id="137"><net_src comp="82" pin="2"/><net_sink comp="132" pin=1"/></net>

<net id="142"><net_src comp="129" pin="1"/><net_sink comp="138" pin=0"/></net>

<net id="143"><net_src comp="8" pin="0"/><net_sink comp="138" pin=1"/></net>

<net id="148"><net_src comp="129" pin="1"/><net_sink comp="144" pin=0"/></net>

<net id="149"><net_src comp="42" pin="0"/><net_sink comp="144" pin=1"/></net>

<net id="154"><net_src comp="144" pin="2"/><net_sink comp="150" pin=0"/></net>

<net id="155"><net_src comp="76" pin="2"/><net_sink comp="150" pin=1"/></net>

<net id="162"><net_src comp="44" pin="0"/><net_sink comp="156" pin=0"/></net>

<net id="163"><net_src comp="150" pin="2"/><net_sink comp="156" pin=1"/></net>

<net id="164"><net_src comp="42" pin="0"/><net_sink comp="156" pin=2"/></net>

<net id="165"><net_src comp="46" pin="0"/><net_sink comp="156" pin=3"/></net>

<net id="170"><net_src comp="138" pin="2"/><net_sink comp="166" pin=0"/></net>

<net id="178"><net_src comp="0" pin="0"/><net_sink comp="174" pin=0"/></net>

<net id="179"><net_src comp="171" pin="1"/><net_sink comp="174" pin=1"/></net>

<net id="180"><net_src comp="174" pin="2"/><net_sink comp="88" pin=1"/></net>

<net id="184"><net_src comp="181" pin="1"/><net_sink comp="120" pin=0"/></net>

<net id="188"><net_src comp="185" pin="1"/><net_sink comp="107" pin=2"/></net>

<net id="192"><net_src comp="66" pin="1"/><net_sink comp="189" pin=0"/></net>

<net id="193"><net_src comp="189" pin="1"/><net_sink comp="124" pin=1"/></net>

<net id="194"><net_src comp="189" pin="1"/><net_sink comp="129" pin=0"/></net>

<net id="195"><net_src comp="189" pin="1"/><net_sink comp="166" pin=1"/></net>

<net id="199"><net_src comp="70" pin="2"/><net_sink comp="196" pin=0"/></net>

<net id="200"><net_src comp="196" pin="1"/><net_sink comp="120" pin=1"/></net>

<net id="204"><net_src comp="132" pin="2"/><net_sink comp="201" pin=0"/></net>

<net id="208"><net_src comp="156" pin="4"/><net_sink comp="205" pin=0"/></net>

<net id="209"><net_src comp="205" pin="1"/><net_sink comp="171" pin=0"/></net>

<net id="213"><net_src comp="174" pin="2"/><net_sink comp="210" pin=0"/></net>

<net id="214"><net_src comp="210" pin="1"/><net_sink comp="88" pin=1"/></net>

<net id="215"><net_src comp="210" pin="1"/><net_sink comp="95" pin=1"/></net>

<net id="216"><net_src comp="210" pin="1"/><net_sink comp="100" pin=1"/></net>

<net id="217"><net_src comp="210" pin="1"/><net_sink comp="107" pin=1"/></net>

<net id="218"><net_src comp="210" pin="1"/><net_sink comp="115" pin=1"/></net>

<net id="222"><net_src comp="95" pin="2"/><net_sink comp="219" pin=0"/></net>

<net id="223"><net_src comp="219" pin="1"/><net_sink comp="181" pin=0"/></net>

<net id="227"><net_src comp="181" pin="1"/><net_sink comp="224" pin=0"/></net>

<net id="228"><net_src comp="224" pin="1"/><net_sink comp="120" pin=0"/></net>

<net id="232"><net_src comp="120" pin="2"/><net_sink comp="229" pin=0"/></net>

<net id="233"><net_src comp="229" pin="1"/><net_sink comp="185" pin=0"/></net>

</net_list>

</model> 
---------------- Datapath Model END ------------------

* FSMD analyzer results:
  - Output states:
	Port: gmem | {26 27 28 29 30 31 32 }
 - Input state : 
	Port: cifar10_Pipeline_VITIS_LOOP_147_2 : gmem | {2 3 4 5 6 7 8 9 10 }
	Port: cifar10_Pipeline_VITIS_LOOP_147_2 : neurons_dense_2_size | {1 }
	Port: cifar10_Pipeline_VITIS_LOOP_147_2 : output_data | {1 }
	Port: cifar10_Pipeline_VITIS_LOOP_147_2 : sum_values_0_lcssa_i | {1 }
  - Chain level:
	State 1
		store_ln147 : 1
		i_3 : 1
		icmp_ln147 : 2
		add_ln147 : 2
		br_ln147 : 3
		shl_ln149 : 2
		add_ln149 : 2
		trunc_ln149_1 : 3
		store_ln147 : 3
	State 2
		gmem_addr : 1
		gmem_load_13_req : 2
	State 3
	State 4
	State 5
	State 6
	State 7
	State 8
	State 9
	State 10
	State 11
		div_i2 : 1
	State 12
	State 13
	State 14
	State 15
	State 16
	State 17
	State 18
	State 19
	State 20
	State 21
	State 22
	State 23
	State 24
	State 25
	State 26
	State 27
		write_ln149 : 1
	State 28
	State 29
	State 30
	State 31
	State 32


============================================================
+ Verbose Summary: Datapath Resource usage 
============================================================

* Functional unit list:
|----------|--------------------------------------|---------|---------|
| Operation|            Functional Unit           |    FF   |   LUT   |
|----------|--------------------------------------|---------|---------|
|    add   |           add_ln147_fu_138           |    0    |    39   |
|          |           add_ln149_fu_150           |    0    |    39   |
|----------|--------------------------------------|---------|---------|
|   icmp   |           icmp_ln147_fu_132          |    0    |    39   |
|----------|--------------------------------------|---------|---------|
|          | sum_values_0_lcssa_i_read_read_fu_70 |    0    |    0    |
|   read   |      output_data_read_read_fu_76     |    0    |    0    |
|          | neurons_dense_2_size_read_read_fu_82 |    0    |    0    |
|          |       gmem_addr_read_read_fu_95      |    0    |    0    |
|----------|--------------------------------------|---------|---------|
|  readreq |           grp_readreq_fu_88          |    0    |    0    |
|----------|--------------------------------------|---------|---------|
| writereq |   gmem_addr_21_req_writereq_fu_100   |    0    |    0    |
|----------|--------------------------------------|---------|---------|
|   write  |       write_ln149_write_fu_107       |    0    |    0    |
|----------|--------------------------------------|---------|---------|
| writeresp|         grp_writeresp_fu_115         |    0    |    0    |
|----------|--------------------------------------|---------|---------|
|   fdiv   |              grp_fu_120              |    0    |    0    |
|----------|--------------------------------------|---------|---------|
|    shl   |           shl_ln149_fu_144           |    0    |    0    |
|----------|--------------------------------------|---------|---------|
|partselect|         trunc_ln149_1_fu_156         |    0    |    0    |
|----------|--------------------------------------|---------|---------|
|   sext   |           sext_ln149_fu_171          |    0    |    0    |
|----------|--------------------------------------|---------|---------|
|   Total  |                                      |    0    |   117   |
|----------|--------------------------------------|---------|---------|

Memories:
N/A

* Register list:
+---------------------------------+--------+
|                                 |   FF   |
+---------------------------------+--------+
|      bitcast_ln149_reg_224      |   32   |
|          div_i2_reg_229         |   32   |
|      gmem_addr_read_reg_219     |   32   |
|        gmem_addr_reg_210        |   32   |
|            i_reg_189            |   32   |
|        icmp_ln147_reg_201       |    1   |
|sum_values_0_lcssa_i_read_reg_196|   32   |
|      trunc_ln149_1_reg_205      |   30   |
+---------------------------------+--------+
|              Total              |   223  |
+---------------------------------+--------+

* Multiplexer (MUX) list: 
|-------------------|------|------|------|--------||---------||---------||---------|
|        Comp       |  Pin | Size |  BW  | S x BW ||  Delay  ||    FF   ||   LUT   |
|-------------------|------|------|------|--------||---------||---------||---------|
| grp_readreq_fu_88 |  p1  |   2  |  32  |   64   ||    0    ||    9    |
|     grp_fu_120    |  p0  |   2  |  32  |   64   ||    0    ||    9    |
|-------------------|------|------|------|--------||---------||---------||---------|
|       Total       |      |      |      |   128  ||  3.176  ||    0    ||    18   |
|-------------------|------|------|------|--------||---------||---------||---------|



* Summary:
+-----------+--------+--------+--------+
|           |  Delay |   FF   |   LUT  |
+-----------+--------+--------+--------+
|  Function |    -   |    0   |   117  |
|   Memory  |    -   |    -   |    -   |
|Multiplexer|    3   |    0   |   18   |
|  Register |    -   |   223  |    -   |
+-----------+--------+--------+--------+
|   Total   |    3   |   223  |   135  |
+-----------+--------+--------+--------+
