

================================================================
== Vitis HLS Report for 'cifar10_Pipeline_VITIS_LOOP_147_2'
================================================================
* Date:           Mon May  4 21:06:53 2026

* Version:        2025.2 (Build 6295257 on Nov 14 2025)
* Project:        proj_cifar10
* Solution:       fsolution (Vivado IP Flow Target)
* Product family: zynq
* Target device:  xc7z020-clg484-1


================================================================
== Performance Estimates
================================================================
+ Timing: 
    * Summary: 
    +--------+----------+----------+------------+
    |  Clock |  Target  | Estimated| Uncertainty|
    +--------+----------+----------+------------+
    |ap_clk  |  10.00 ns|  7.300 ns|     2.70 ns|
    +--------+----------+----------+------------+

+ Latency: 
    * Summary: 
    +---------+---------+----------+----------+-----+-----+-------------------+
    |  Latency (cycles) |  Latency (absolute) |  Interval |      Pipeline     |
    |   min   |   max   |    min   |    max   | min | max |        Type       |
    +---------+---------+----------+----------+-----+-----+-------------------+
    |       33|        ?|  0.330 us|         ?|    0|    0|  loop pipeline stp|
    +---------+---------+----------+----------+-----+-----+-------------------+

    + Detail: 
        * Instance: 
        N/A

        * Loop: 
        +--------------------+---------+---------+----------+-----------+-----------+-------+----------+
        |                    |  Latency (cycles) | Iteration|  Initiation Interval  |  Trip |          |
        |      Loop Name     |   min   |   max   |  Latency |  achieved |   target  | Count | Pipelined|
        +--------------------+---------+---------+----------+-----------+-----------+-------+----------+
        |- VITIS_LOOP_147_2  |       31|        ?|        32|          1|          1|  1 ~ ?|       yes|
        +--------------------+---------+---------+----------+-----------+-----------+-------+----------+

============================================================
+ Verbose Summary: Synthesis Manager
============================================================
InlineROM: 1
ExposeGlobal: 0
============================================================
+ Verbose Summary: CDFG Model
============================================================
IsTopModel: 0
ResetActiveHigh: 1
IsCombinational: 0
IsDatapathOnly: 0
HasWiredReturn: 1
HasMFsm: 2
HasVarLatency: 1
IsPipeline: 0
IsRtlPipelined: 0
IsInstanceOverlapped: 0
IsDontTouch: 0
HasImplIP: 0
IsGatedGlobalClock: 0

+ Individual pipeline summary: 
  * Pipeline-0: initiation interval (II) = 1, depth = 32


============================================================
+ Verbose Summary: Schedule
============================================================
* Number of FSM states : 32
* Pipeline : 1
  Pipeline-0 : II = 1, D = 32, States = { 1 2 3 4 5 6 7 8 9 10 11 12 13 14 15 16 17 18 19 20 21 22 23 24 25 26 27 28 29 30 31 32 }
* Dataflow Pipeline: 0

* FSM state transitions: 
1 --> 2 
2 --> 3 
3 --> 4 
4 --> 5 
5 --> 6 
6 --> 7 
7 --> 8 
8 --> 9 
9 --> 10 
10 --> 11 
11 --> 12 
12 --> 13 
13 --> 14 
14 --> 15 
15 --> 16 
16 --> 17 
17 --> 18 
18 --> 19 
19 --> 20 
20 --> 21 
21 --> 22 
22 --> 23 
23 --> 24 
24 --> 25 
25 --> 26 
26 --> 27 
27 --> 28 
28 --> 29 
29 --> 30 
30 --> 31 
31 --> 32 
32 --> 

* FSM state operations: 

State 1 <SV = 0> <Delay = 5.72>
ST_1 : Operation 35 [1/1] (0.00ns)   --->   "%i = alloca i32 1" [cpu_functions.cpp:147->cpu_functions.cpp:196]   --->   Operation 35 'alloca' 'i' <Predicate = true> <Delay = 0.00>
ST_1 : Operation 36 [1/1] (0.00ns)   --->   "%specinterface_ln0 = specinterface void @_ssdm_op_SpecInterface, i32 %gmem, void @empty_0, i32 0, i32 0, void @empty_14, i32 0, i32 0, void @empty, void @empty_20, void @empty_14, i32 16, i32 16, i32 16, i32 16, void @empty_14, void @empty_14, i32 4294967295, i32 0, i32 0, i32 4"   --->   Operation 36 'specinterface' 'specinterface_ln0' <Predicate = true> <Delay = 0.00>
ST_1 : Operation 37 [1/1] (0.00ns)   --->   "%sum_values_0_lcssa_i_read = read i32 @_ssdm_op_Read.ap_auto.float, i32 %sum_values_0_lcssa_i"   --->   Operation 37 'read' 'sum_values_0_lcssa_i_read' <Predicate = true> <Delay = 0.00>
ST_1 : Operation 38 [1/1] (0.00ns)   --->   "%output_data_read = read i32 @_ssdm_op_Read.ap_auto.i32, i32 %output_data"   --->   Operation 38 'read' 'output_data_read' <Predicate = true> <Delay = 0.00>
ST_1 : Operation 39 [1/1] (0.00ns)   --->   "%neurons_dense_2_size_read = read i32 @_ssdm_op_Read.ap_auto.i32, i32 %neurons_dense_2_size"   --->   Operation 39 'read' 'neurons_dense_2_size_read' <Predicate = true> <Delay = 0.00>
ST_1 : Operation 40 [1/1] (1.58ns)   --->   "%store_ln147 = store i32 0, i32 %i" [cpu_functions.cpp:147->cpu_functions.cpp:196]   --->   Operation 40 'store' 'store_ln147' <Predicate = true> <Delay = 1.58>
ST_1 : Operation 41 [1/1] (0.00ns)   --->   "%br_ln0 = br void %for.inc12.i"   --->   Operation 41 'br' 'br_ln0' <Predicate = true> <Delay = 0.00>
ST_1 : Operation 42 [1/1] (0.00ns)   --->   "%i_3 = load i32 %i" [cpu_functions.cpp:147->cpu_functions.cpp:196]   --->   Operation 42 'load' 'i_3' <Predicate = true> <Delay = 0.00>
ST_1 : Operation 43 [1/1] (0.00ns)   --->   "%specbitsmap_ln0 = specbitsmap void @_ssdm_op_SpecBitsMap, i32 %gmem"   --->   Operation 43 'specbitsmap' 'specbitsmap_ln0' <Predicate = true> <Delay = 0.00>
ST_1 : Operation 44 [1/1] (2.55ns)   --->   "%icmp_ln147 = icmp_eq  i32 %i_3, i32 %neurons_dense_2_size_read" [cpu_functions.cpp:147->cpu_functions.cpp:196]   --->   Operation 44 'icmp' 'icmp_ln147' <Predicate = true> <Delay = 2.55> <CoreInst = "Cmp">   --->   Core 9 'Cmp' <Latency = 0> <II = 1> <Delay = 2.55> <FuncUnit> <Opcode : 'seteq' 'setne' 'setle' 'setge' 'setlt' 'setgt'> <InPorts = 2> <OutPorts = 1>
ST_1 : Operation 45 [1/1] (0.00ns)   --->   "%empty = speclooptripcount i32 @_ssdm_op_SpecLoopTripCount, i64 1, i64 18446744073709551615, i64 0"   --->   Operation 45 'speclooptripcount' 'empty' <Predicate = true> <Delay = 0.00>
ST_1 : Operation 46 [1/1] (2.55ns)   --->   "%add_ln147 = add i32 %i_3, i32 1" [cpu_functions.cpp:147->cpu_functions.cpp:196]   --->   Operation 46 'add' 'add_ln147' <Predicate = true> <Delay = 2.55> <CoreInst = "Adder">   --->   Core 1 'Adder' <Latency = 0> <II = 1> <Delay = 2.55> <FuncUnit> <Opcode : 'add' 'sub'> <InPorts = 2> <OutPorts = 1>
ST_1 : Operation 47 [1/1] (0.00ns)   --->   "%br_ln147 = br i1 %icmp_ln147, void %for.inc12.i.split, void %_Z7softmaxPKfPfi.exit.exitStub" [cpu_functions.cpp:147->cpu_functions.cpp:196]   --->   Operation 47 'br' 'br_ln147' <Predicate = true> <Delay = 0.00>
ST_1 : Operation 48 [1/1] (0.00ns) (grouped into LUT with out node add_ln149)   --->   "%shl_ln149 = shl i32 %i_3, i32 2" [cpu_functions.cpp:149->cpu_functions.cpp:196]   --->   Operation 48 'shl' 'shl_ln149' <Predicate = (!icmp_ln147)> <Delay = 0.00>
ST_1 : Operation 49 [1/1] (2.55ns) (out node of the LUT)   --->   "%add_ln149 = add i32 %shl_ln149, i32 %output_data_read" [cpu_functions.cpp:149->cpu_functions.cpp:196]   --->   Operation 49 'add' 'add_ln149' <Predicate = (!icmp_ln147)> <Delay = 2.55> <CoreInst = "Adder">   --->   Core 1 'Adder' <Latency = 0> <II = 1> <Delay = 2.55> <FuncUnit> <Opcode : 'add' 'sub'> <InPorts = 2> <OutPorts = 1>
ST_1 : Operation 50 [1/1] (0.00ns)   --->   "%trunc_ln149_1 = partselect i30 @_ssdm_op_PartSelect.i30.i32.i32.i32, i32 %add_ln149, i32 2, i32 31" [cpu_functions.cpp:149->cpu_functions.cpp:196]   --->   Operation 50 'partselect' 'trunc_ln149_1' <Predicate = (!icmp_ln147)> <Delay = 0.00>
ST_1 : Operation 51 [1/1] (1.58ns)   --->   "%store_ln147 = store i32 %add_ln147, i32 %i" [cpu_functions.cpp:147->cpu_functions.cpp:196]   --->   Operation 51 'store' 'store_ln147' <Predicate = (!icmp_ln147)> <Delay = 1.58>

State 2 <SV = 1> <Delay = 7.30>
ST_2 : Operation 52 [1/1] (0.00ns)   --->   "%sext_ln149 = sext i30 %trunc_ln149_1" [cpu_functions.cpp:149->cpu_functions.cpp:196]   --->   Operation 52 'sext' 'sext_ln149' <Predicate = true> <Delay = 0.00>
ST_2 : Operation 53 [1/1] (0.00ns)   --->   "%gmem_addr = getelementptr i32 %gmem, i32 %sext_ln149" [cpu_functions.cpp:149->cpu_functions.cpp:196]   --->   Operation 53 'getelementptr' 'gmem_addr' <Predicate = true> <Delay = 0.00>
ST_2 : Operation 54 [8/8] (7.30ns)   --->   "%gmem_load_13_req = readreq i1 @_ssdm_op_ReadReq.m_axi.i32P1A, i32 %gmem_addr, i32 1" [cpu_functions.cpp:149->cpu_functions.cpp:196]   --->   Operation 54 'readreq' 'gmem_load_13_req' <Predicate = true> <Delay = 7.30> <CoreInst = "m_axi">   --->   Core 111 'm_axi' <Latency = 6> <II = 1> <Delay = 1.00> <Adapter> <Opcode : 'readrequnaligned' 'writerequnaligned' 'read' 'write' 'readreq' 'writereq' 'writeresp'>

State 3 <SV = 2> <Delay = 0.00>
ST_3 : Operation 55 [7/8] (7.30ns)   --->   "%gmem_load_13_req = readreq i1 @_ssdm_op_ReadReq.m_axi.i32P1A, i32 %gmem_addr, i32 1" [cpu_functions.cpp:149->cpu_functions.cpp:196]   --->   Operation 55 'readreq' 'gmem_load_13_req' <Predicate = true> <Delay = 7.30> <CoreInst = "m_axi">   --->   Core 111 'm_axi' <Latency = 6> <II = 1> <Delay = 1.00> <Adapter> <Opcode : 'readrequnaligned' 'writerequnaligned' 'read' 'write' 'readreq' 'writereq' 'writeresp'>

State 4 <SV = 3> <Delay = 0.00>
ST_4 : Operation 56 [6/8] (7.30ns)   --->   "%gmem_load_13_req = readreq i1 @_ssdm_op_ReadReq.m_axi.i32P1A, i32 %gmem_addr, i32 1" [cpu_functions.cpp:149->cpu_functions.cpp:196]   --->   Operation 56 'readreq' 'gmem_load_13_req' <Predicate = true> <Delay = 7.30> <CoreInst = "m_axi">   --->   Core 111 'm_axi' <Latency = 6> <II = 1> <Delay = 1.00> <Adapter> <Opcode : 'readrequnaligned' 'writerequnaligned' 'read' 'write' 'readreq' 'writereq' 'writeresp'>

State 5 <SV = 4> <Delay = 0.00>
ST_5 : Operation 57 [5/8] (7.30ns)   --->   "%gmem_load_13_req = readreq i1 @_ssdm_op_ReadReq.m_axi.i32P1A, i32 %gmem_addr, i32 1" [cpu_functions.cpp:149->cpu_functions.cpp:196]   --->   Operation 57 'readreq' 'gmem_load_13_req' <Predicate = true> <Delay = 7.30> <CoreInst = "m_axi">   --->   Core 111 'm_axi' <Latency = 6> <II = 1> <Delay = 1.00> <Adapter> <Opcode : 'readrequnaligned' 'writerequnaligned' 'read' 'write' 'readreq' 'writereq' 'writeresp'>

State 6 <SV = 5> <Delay = 0.00>
ST_6 : Operation 58 [4/8] (7.30ns)   --->   "%gmem_load_13_req = readreq i1 @_ssdm_op_ReadReq.m_axi.i32P1A, i32 %gmem_addr, i32 1" [cpu_functions.cpp:149->cpu_functions.cpp:196]   --->   Operation 58 'readreq' 'gmem_load_13_req' <Predicate = true> <Delay = 7.30> <CoreInst = "m_axi">   --->   Core 111 'm_axi' <Latency = 6> <II = 1> <Delay = 1.00> <Adapter> <Opcode : 'readrequnaligned' 'writerequnaligned' 'read' 'write' 'readreq' 'writereq' 'writeresp'>

State 7 <SV = 6> <Delay = 0.00>
ST_7 : Operation 59 [3/8] (7.30ns)   --->   "%gmem_load_13_req = readreq i1 @_ssdm_op_ReadReq.m_axi.i32P1A, i32 %gmem_addr, i32 1" [cpu_functions.cpp:149->cpu_functions.cpp:196]   --->   Operation 59 'readreq' 'gmem_load_13_req' <Predicate = true> <Delay = 7.30> <CoreInst = "m_axi">   --->   Core 111 'm_axi' <Latency = 6> <II = 1> <Delay = 1.00> <Adapter> <Opcode : 'readrequnaligned' 'writerequnaligned' 'read' 'write' 'readreq' 'writereq' 'writeresp'>

State 8 <SV = 7> <Delay = 0.00>
ST_8 : Operation 60 [2/8] (7.30ns)   --->   "%gmem_load_13_req = readreq i1 @_ssdm_op_ReadReq.m_axi.i32P1A, i32 %gmem_addr, i32 1" [cpu_functions.cpp:149->cpu_functions.cpp:196]   --->   Operation 60 'readreq' 'gmem_load_13_req' <Predicate = true> <Delay = 7.30> <CoreInst = "m_axi">   --->   Core 111 'm_axi' <Latency = 6> <II = 1> <Delay = 1.00> <Adapter> <Opcode : 'readrequnaligned' 'writerequnaligned' 'read' 'write' 'readreq' 'writereq' 'writeresp'>

State 9 <SV = 8> <Delay = 7.30>
ST_9 : Operation 61 [1/8] ( I:7.30ns O:7.30ns )   --->   "%gmem_load_13_req = readreq i1 @_ssdm_op_ReadReq.m_axi.i32P1A, i32 %gmem_addr, i32 1" [cpu_functions.cpp:149->cpu_functions.cpp:196]   --->   Operation 61 'readreq' 'gmem_load_13_req' <Predicate = true> <Delay = 7.30> <CoreInst = "m_axi">   --->   Core 111 'm_axi' <Latency = 6> <II = 1> <Delay = 1.00> <Adapter> <Opcode : 'readrequnaligned' 'writerequnaligned' 'read' 'write' 'readreq' 'writereq' 'writeresp'>

State 10 <SV = 9> <Delay = 7.30>
ST_10 : Operation 62 [1/1] ( I:7.30ns O:7.30ns )   --->   "%gmem_addr_read = read i32 @_ssdm_op_Read.m_axi.i32P1A, i32 %gmem_addr" [cpu_functions.cpp:149->cpu_functions.cpp:196]   --->   Operation 62 'read' 'gmem_addr_read' <Predicate = true> <Delay = 7.30> <CoreInst = "m_axi">   --->   Core 111 'm_axi' <Latency = 3> <II = 1> <Delay = 1.00> <Adapter> <Opcode : 'readrequnaligned' 'writerequnaligned' 'read' 'write' 'readreq' 'writereq' 'writeresp'>

State 11 <SV = 10> <Delay = 6.07>
ST_11 : Operation 63 [1/1] (0.00ns)   --->   "%bitcast_ln149 = bitcast i32 %gmem_addr_read" [cpu_functions.cpp:149->cpu_functions.cpp:196]   --->   Operation 63 'bitcast' 'bitcast_ln149' <Predicate = true> <Delay = 0.00>
ST_11 : Operation 64 [16/16] (6.07ns)   --->   "%div_i2 = fdiv i32 %bitcast_ln149, i32 %sum_values_0_lcssa_i_read" [cpu_functions.cpp:149->cpu_functions.cpp:196]   --->   Operation 64 'fdiv' 'div_i2' <Predicate = true> <Delay = 6.07> <CoreInst = "FDiv">   --->   Core 20 'FDiv' <Latency = 15> <II = 1> <Delay = 6.07> <FuncUnit> <Opcode : 'fdiv' 'frem'> <InPorts = 2> <OutPorts = 1>

State 12 <SV = 11> <Delay = 6.07>
ST_12 : Operation 65 [15/16] (6.07ns)   --->   "%div_i2 = fdiv i32 %bitcast_ln149, i32 %sum_values_0_lcssa_i_read" [cpu_functions.cpp:149->cpu_functions.cpp:196]   --->   Operation 65 'fdiv' 'div_i2' <Predicate = true> <Delay = 6.07> <CoreInst = "FDiv">   --->   Core 20 'FDiv' <Latency = 15> <II = 1> <Delay = 6.07> <FuncUnit> <Opcode : 'fdiv' 'frem'> <InPorts = 2> <OutPorts = 1>

State 13 <SV = 12> <Delay = 6.07>
ST_13 : Operation 66 [14/16] (6.07ns)   --->   "%div_i2 = fdiv i32 %bitcast_ln149, i32 %sum_values_0_lcssa_i_read" [cpu_functions.cpp:149->cpu_functions.cpp:196]   --->   Operation 66 'fdiv' 'div_i2' <Predicate = true> <Delay = 6.07> <CoreInst = "FDiv">   --->   Core 20 'FDiv' <Latency = 15> <II = 1> <Delay = 6.07> <FuncUnit> <Opcode : 'fdiv' 'frem'> <InPorts = 2> <OutPorts = 1>

State 14 <SV = 13> <Delay = 6.07>
ST_14 : Operation 67 [13/16] (6.07ns)   --->   "%div_i2 = fdiv i32 %bitcast_ln149, i32 %sum_values_0_lcssa_i_read" [cpu_functions.cpp:149->cpu_functions.cpp:196]   --->   Operation 67 'fdiv' 'div_i2' <Predicate = true> <Delay = 6.07> <CoreInst = "FDiv">   --->   Core 20 'FDiv' <Latency = 15> <II = 1> <Delay = 6.07> <FuncUnit> <Opcode : 'fdiv' 'frem'> <InPorts = 2> <OutPorts = 1>

State 15 <SV = 14> <Delay = 6.07>
ST_15 : Operation 68 [12/16] (6.07ns)   --->   "%div_i2 = fdiv i32 %bitcast_ln149, i32 %sum_values_0_lcssa_i_read" [cpu_functions.cpp:149->cpu_functions.cpp:196]   --->   Operation 68 'fdiv' 'div_i2' <Predicate = true> <Delay = 6.07> <CoreInst = "FDiv">   --->   Core 20 'FDiv' <Latency = 15> <II = 1> <Delay = 6.07> <FuncUnit> <Opcode : 'fdiv' 'frem'> <InPorts = 2> <OutPorts = 1>

State 16 <SV = 15> <Delay = 6.07>
ST_16 : Operation 69 [11/16] (6.07ns)   --->   "%div_i2 = fdiv i32 %bitcast_ln149, i32 %sum_values_0_lcssa_i_read" [cpu_functions.cpp:149->cpu_functions.cpp:196]   --->   Operation 69 'fdiv' 'div_i2' <Predicate = true> <Delay = 6.07> <CoreInst = "FDiv">   --->   Core 20 'FDiv' <Latency = 15> <II = 1> <Delay = 6.07> <FuncUnit> <Opcode : 'fdiv' 'frem'> <InPorts = 2> <OutPorts = 1>

State 17 <SV = 16> <Delay = 6.07>
ST_17 : Operation 70 [10/16] (6.07ns)   --->   "%div_i2 = fdiv i32 %bitcast_ln149, i32 %sum_values_0_lcssa_i_read" [cpu_functions.cpp:149->cpu_functions.cpp:196]   --->   Operation 70 'fdiv' 'div_i2' <Predicate = true> <Delay = 6.07> <CoreInst = "FDiv">   --->   Core 20 'FDiv' <Latency = 15> <II = 1> <Delay = 6.07> <FuncUnit> <Opcode : 'fdiv' 'frem'> <InPorts = 2> <OutPorts = 1>

State 18 <SV = 17> <Delay = 6.07>
ST_18 : Operation 71 [9/16] (6.07ns)   --->   "%div_i2 = fdiv i32 %bitcast_ln149, i32 %sum_values_0_lcssa_i_read" [cpu_functions.cpp:149->cpu_functions.cpp:196]   --->   Operation 71 'fdiv' 'div_i2' <Predicate = true> <Delay = 6.07> <CoreInst = "FDiv">   --->   Core 20 'FDiv' <Latency = 15> <II = 1> <Delay = 6.07> <FuncUnit> <Opcode : 'fdiv' 'frem'> <InPorts = 2> <OutPorts = 1>

State 19 <SV = 18> <Delay = 6.07>
ST_19 : Operation 72 [8/16] (6.07ns)   --->   "%div_i2 = fdiv i32 %bitcast_ln149, i32 %sum_values_0_lcssa_i_read" [cpu_functions.cpp:149->cpu_functions.cpp:196]   --->   Operation 72 'fdiv' 'div_i2' <Predicate = true> <Delay = 6.07> <CoreInst = "FDiv">   --->   Core 20 'FDiv' <Latency = 15> <II = 1> <Delay = 6.07> <FuncUnit> <Opcode : 'fdiv' 'frem'> <InPorts = 2> <OutPorts = 1>

State 20 <SV = 19> <Delay = 6.07>
ST_20 : Operation 73 [7/16] (6.07ns)   --->   "%div_i2 = fdiv i32 %bitcast_ln149, i32 %sum_values_0_lcssa_i_read" [cpu_functions.cpp:149->cpu_functions.cpp:196]   --->   Operation 73 'fdiv' 'div_i2' <Predicate = true> <Delay = 6.07> <CoreInst = "FDiv">   --->   Core 20 'FDiv' <Latency = 15> <II = 1> <Delay = 6.07> <FuncUnit> <Opcode : 'fdiv' 'frem'> <InPorts = 2> <OutPorts = 1>

State 21 <SV = 20> <Delay = 6.07>
ST_21 : Operation 74 [6/16] (6.07ns)   --->   "%div_i2 = fdiv i32 %bitcast_ln149, i32 %sum_values_0_lcssa_i_read" [cpu_functions.cpp:149->cpu_functions.cpp:196]   --->   Operation 74 'fdiv' 'div_i2' <Predicate = true> <Delay = 6.07> <CoreInst = "FDiv">   --->   Core 20 'FDiv' <Latency = 15> <II = 1> <Delay = 6.07> <FuncUnit> <Opcode : 'fdiv' 'frem'> <InPorts = 2> <OutPorts = 1>

State 22 <SV = 21> <Delay = 6.07>
ST_22 : Operation 75 [5/16] (6.07ns)   --->   "%div_i2 = fdiv i32 %bitcast_ln149, i32 %sum_values_0_lcssa_i_read" [cpu_functions.cpp:149->cpu_functions.cpp:196]   --->   Operation 75 'fdiv' 'div_i2' <Predicate = true> <Delay = 6.07> <CoreInst = "FDiv">   --->   Core 20 'FDiv' <Latency = 15> <II = 1> <Delay = 6.07> <FuncUnit> <Opcode : 'fdiv' 'frem'> <InPorts = 2> <OutPorts = 1>

State 23 <SV = 22> <Delay = 6.07>
ST_23 : Operation 76 [4/16] (6.07ns)   --->   "%div_i2 = fdiv i32 %bitcast_ln149, i32 %sum_values_0_lcssa_i_read" [cpu_functions.cpp:149->cpu_functions.cpp:196]   --->   Operation 76 'fdiv' 'div_i2' <Predicate = true> <Delay = 6.07> <CoreInst = "FDiv">   --->   Core 20 'FDiv' <Latency = 15> <II = 1> <Delay = 6.07> <FuncUnit> <Opcode : 'fdiv' 'frem'> <InPorts = 2> <OutPorts = 1>

State 24 <SV = 23> <Delay = 6.07>
ST_24 : Operation 77 [3/16] (6.07ns)   --->   "%div_i2 = fdiv i32 %bitcast_ln149, i32 %sum_values_0_lcssa_i_read" [cpu_functions.cpp:149->cpu_functions.cpp:196]   --->   Operation 77 'fdiv' 'div_i2' <Predicate = true> <Delay = 6.07> <CoreInst = "FDiv">   --->   Core 20 'FDiv' <Latency = 15> <II = 1> <Delay = 6.07> <FuncUnit> <Opcode : 'fdiv' 'frem'> <InPorts = 2> <OutPorts = 1>

State 25 <SV = 24> <Delay = 6.07>
ST_25 : Operation 78 [2/16] (6.07ns)   --->   "%div_i2 = fdiv i32 %bitcast_ln149, i32 %sum_values_0_lcssa_i_read" [cpu_functions.cpp:149->cpu_functions.cpp:196]   --->   Operation 78 'fdiv' 'div_i2' <Predicate = true> <Delay = 6.07> <CoreInst = "FDiv">   --->   Core 20 'FDiv' <Latency = 15> <II = 1> <Delay = 6.07> <FuncUnit> <Opcode : 'fdiv' 'frem'> <InPorts = 2> <OutPorts = 1>

State 26 <SV = 25> <Delay = 7.30>
ST_26 : Operation 79 [1/16] (6.07ns)   --->   "%div_i2 = fdiv i32 %bitcast_ln149, i32 %sum_values_0_lcssa_i_read" [cpu_functions.cpp:149->cpu_functions.cpp:196]   --->   Operation 79 'fdiv' 'div_i2' <Predicate = true> <Delay = 6.07> <CoreInst = "FDiv">   --->   Core 20 'FDiv' <Latency = 15> <II = 1> <Delay = 6.07> <FuncUnit> <Opcode : 'fdiv' 'frem'> <InPorts = 2> <OutPorts = 1>
ST_26 : Operation 80 [1/1] ( I:7.30ns O:7.30ns )   --->   "%gmem_addr_21_req = writereq i1 @_ssdm_op_WriteReq.m_axi.i32P1A, i32 %gmem_addr, i32 1" [cpu_functions.cpp:149->cpu_functions.cpp:196]   --->   Operation 80 'writereq' 'gmem_addr_21_req' <Predicate = true> <Delay = 7.30> <CoreInst = "m_axi">   --->   Core 111 'm_axi' <Latency = 9> <II = 1> <Delay = 1.00> <Adapter> <Opcode : 'readrequnaligned' 'writerequnaligned' 'read' 'write' 'readreq' 'writereq' 'writeresp'>

State 27 <SV = 26> <Delay = 7.30>
ST_27 : Operation 81 [1/1] (0.00ns)   --->   "%bitcast_ln149_1 = bitcast i32 %div_i2" [cpu_functions.cpp:149->cpu_functions.cpp:196]   --->   Operation 81 'bitcast' 'bitcast_ln149_1' <Predicate = true> <Delay = 0.00>
ST_27 : Operation 82 [1/1] ( I:7.30ns O:7.30ns )   --->   "%write_ln149 = write void @_ssdm_op_Write.m_axi.i32P1A, i32 %gmem_addr, i32 %bitcast_ln149_1, i4 15" [cpu_functions.cpp:149->cpu_functions.cpp:196]   --->   Operation 82 'write' 'write_ln149' <Predicate = true> <Delay = 7.30> <CoreInst = "m_axi">   --->   Core 111 'm_axi' <Latency = 5> <II = 1> <Delay = 1.00> <Adapter> <Opcode : 'readrequnaligned' 'writerequnaligned' 'read' 'write' 'readreq' 'writereq' 'writeresp'>

State 28 <SV = 27> <Delay = 0.00>
ST_28 : Operation 83 [5/5] (7.30ns)   --->   "%gmem_addr_21_resp = writeresp i1 @_ssdm_op_WriteResp.m_axi.i32P1A, i32 %gmem_addr" [cpu_functions.cpp:149->cpu_functions.cpp:196]   --->   Operation 83 'writeresp' 'gmem_addr_21_resp' <Predicate = true> <Delay = 7.30> <CoreInst = "m_axi">   --->   Core 111 'm_axi' <Latency = 3> <II = 1> <Delay = 1.00> <Adapter> <Opcode : 'readrequnaligned' 'writerequnaligned' 'read' 'write' 'readreq' 'writereq' 'writeresp'>

State 29 <SV = 28> <Delay = 0.00>
ST_29 : Operation 84 [4/5] (7.30ns)   --->   "%gmem_addr_21_resp = writeresp i1 @_ssdm_op_WriteResp.m_axi.i32P1A, i32 %gmem_addr" [cpu_functions.cpp:149->cpu_functions.cpp:196]   --->   Operation 84 'writeresp' 'gmem_addr_21_resp' <Predicate = true> <Delay = 7.30> <CoreInst = "m_axi">   --->   Core 111 'm_axi' <Latency = 3> <II = 1> <Delay = 1.00> <Adapter> <Opcode : 'readrequnaligned' 'writerequnaligned' 'read' 'write' 'readreq' 'writereq' 'writeresp'>

State 30 <SV = 29> <Delay = 0.00>
ST_30 : Operation 85 [3/5] (7.30ns)   --->   "%gmem_addr_21_resp = writeresp i1 @_ssdm_op_WriteResp.m_axi.i32P1A, i32 %gmem_addr" [cpu_functions.cpp:149->cpu_functions.cpp:196]   --->   Operation 85 'writeresp' 'gmem_addr_21_resp' <Predicate = true> <Delay = 7.30> <CoreInst = "m_axi">   --->   Core 111 'm_axi' <Latency = 3> <II = 1> <Delay = 1.00> <Adapter> <Opcode : 'readrequnaligned' 'writerequnaligned' 'read' 'write' 'readreq' 'writereq' 'writeresp'>

State 31 <SV = 30> <Delay = 1.58>
ST_31 : Operation 86 [2/5] (7.30ns)   --->   "%gmem_addr_21_resp = writeresp i1 @_ssdm_op_WriteResp.m_axi.i32P1A, i32 %gmem_addr" [cpu_functions.cpp:149->cpu_functions.cpp:196]   --->   Operation 86 'writeresp' 'gmem_addr_21_resp' <Predicate = true> <Delay = 7.30> <CoreInst = "m_axi">   --->   Core 111 'm_axi' <Latency = 3> <II = 1> <Delay = 1.00> <Adapter> <Opcode : 'readrequnaligned' 'writerequnaligned' 'read' 'write' 'readreq' 'writereq' 'writeresp'>
ST_31 : Operation 91 [1/1] (1.58ns)   --->   "%ret_ln0 = ret"   --->   Operation 91 'ret' 'ret_ln0' <Predicate = (icmp_ln147)> <Delay = 1.58>

State 32 <SV = 31> <Delay = 7.30>
ST_32 : Operation 87 [1/1] (0.00ns)   --->   "%specpipeline_ln147 = specpipeline void @_ssdm_op_SpecPipeline, i32 4294967295, i32 0, i32 0, i32 0, i32 4294967295, void @empty_14" [cpu_functions.cpp:147->cpu_functions.cpp:196]   --->   Operation 87 'specpipeline' 'specpipeline_ln147' <Predicate = true> <Delay = 0.00>
ST_32 : Operation 88 [1/1] (0.00ns)   --->   "%specloopname_ln147 = specloopname void @_ssdm_op_SpecLoopName, void @empty_33" [cpu_functions.cpp:147->cpu_functions.cpp:196]   --->   Operation 88 'specloopname' 'specloopname_ln147' <Predicate = true> <Delay = 0.00>
ST_32 : Operation 89 [1/5] ( I:7.30ns O:7.30ns )   --->   "%gmem_addr_21_resp = writeresp i1 @_ssdm_op_WriteResp.m_axi.i32P1A, i32 %gmem_addr" [cpu_functions.cpp:149->cpu_functions.cpp:196]   --->   Operation 89 'writeresp' 'gmem_addr_21_resp' <Predicate = true> <Delay = 7.30> <CoreInst = "m_axi">   --->   Core 111 'm_axi' <Latency = 3> <II = 1> <Delay = 1.00> <Adapter> <Opcode : 'readrequnaligned' 'writerequnaligned' 'read' 'write' 'readreq' 'writereq' 'writeresp'>
ST_32 : Operation 90 [1/1] (0.00ns)   --->   "%br_ln147 = br void %for.inc12.i" [cpu_functions.cpp:147->cpu_functions.cpp:196]   --->   Operation 90 'br' 'br_ln147' <Predicate = true> <Delay = 0.00>


============================================================
+ Verbose Summary: Timing violations
============================================================
Target clock period: 10.000ns, clock uncertainty: 2.700ns.

 <State 1>: 5.728ns
The critical path consists of the following:
	'store' operation ('store_ln147', cpu_functions.cpp:147->cpu_functions.cpp:196) of constant 0 32 bit on local variable 'i', cpu_functions.cpp:147->cpu_functions.cpp:196 [10]  (1.588 ns)
	'load' operation 32 bit ('i', cpu_functions.cpp:147->cpu_functions.cpp:196) on local variable 'i', cpu_functions.cpp:147->cpu_functions.cpp:196 [13]  (0.000 ns)
	'add' operation 32 bit ('add_ln147', cpu_functions.cpp:147->cpu_functions.cpp:196) [17]  (2.552 ns)
	'store' operation ('store_ln147', cpu_functions.cpp:147->cpu_functions.cpp:196) of variable 'add_ln147', cpu_functions.cpp:147->cpu_functions.cpp:196 32 bit on local variable 'i', cpu_functions.cpp:147->cpu_functions.cpp:196 [35]  (1.588 ns)

 <State 2>: 7.300ns
The critical path consists of the following:
	'getelementptr' operation 32 bit ('gmem_addr', cpu_functions.cpp:149->cpu_functions.cpp:196) [26]  (0.000 ns)
	bus request operation ('gmem_load_13_req', cpu_functions.cpp:149->cpu_functions.cpp:196) on port 'gmem' (cpu_functions.cpp:149->cpu_functions.cpp:196) [27]  (0.000 ns)
	blocking operation 7.3 ns on control path)

 <State 3>: 0.000ns
The critical path consists of the following:

 <State 4>: 0.000ns
The critical path consists of the following:

 <State 5>: 0.000ns
The critical path consists of the following:

 <State 6>: 0.000ns
The critical path consists of the following:

 <State 7>: 0.000ns
The critical path consists of the following:

 <State 8>: 0.000ns
The critical path consists of the following:

 <State 9>: 7.300ns
The critical path consists of the following:
	bus request operation ('gmem_load_13_req', cpu_functions.cpp:149->cpu_functions.cpp:196) on port 'gmem' (cpu_functions.cpp:149->cpu_functions.cpp:196) [27]  (7.300 ns)

 <State 10>: 7.300ns
The critical path consists of the following:
	bus read operation ('gmem_addr_read', cpu_functions.cpp:149->cpu_functions.cpp:196) on port 'gmem' (cpu_functions.cpp:149->cpu_functions.cpp:196) [28]  (7.300 ns)

 <State 11>: 6.075ns
The critical path consists of the following:
	'fdiv' operation 32 bit ('div_i2', cpu_functions.cpp:149->cpu_functions.cpp:196) [30]  (6.075 ns)

 <State 12>: 6.075ns
The critical path consists of the following:
	'fdiv' operation 32 bit ('div_i2', cpu_functions.cpp:149->cpu_functions.cpp:196) [30]  (6.075 ns)

 <State 13>: 6.075ns
The critical path consists of the following:
	'fdiv' operation 32 bit ('div_i2', cpu_functions.cpp:149->cpu_functions.cpp:196) [30]  (6.075 ns)

 <State 14>: 6.075ns
The critical path consists of the following:
	'fdiv' operation 32 bit ('div_i2', cpu_functions.cpp:149->cpu_functions.cpp:196) [30]  (6.075 ns)

 <State 15>: 6.075ns
The critical path consists of the following:
	'fdiv' operation 32 bit ('div_i2', cpu_functions.cpp:149->cpu_functions.cpp:196) [30]  (6.075 ns)

 <State 16>: 6.075ns
The critical path consists of the following:
	'fdiv' operation 32 bit ('div_i2', cpu_functions.cpp:149->cpu_functions.cpp:196) [30]  (6.075 ns)

 <State 17>: 6.075ns
The critical path consists of the following:
	'fdiv' operation 32 bit ('div_i2', cpu_functions.cpp:149->cpu_functions.cpp:196) [30]  (6.075 ns)

 <State 18>: 6.075ns
The critical path consists of the following:
	'fdiv' operation 32 bit ('div_i2', cpu_functions.cpp:149->cpu_functions.cpp:196) [30]  (6.075 ns)

 <State 19>: 6.075ns
The critical path consists of the following:
	'fdiv' operation 32 bit ('div_i2', cpu_functions.cpp:149->cpu_functions.cpp:196) [30]  (6.075 ns)

 <State 20>: 6.075ns
The critical path consists of the following:
	'fdiv' operation 32 bit ('div_i2', cpu_functions.cpp:149->cpu_functions.cpp:196) [30]  (6.075 ns)

 <State 21>: 6.075ns
The critical path consists of the following:
	'fdiv' operation 32 bit ('div_i2', cpu_functions.cpp:149->cpu_functions.cpp:196) [30]  (6.075 ns)

 <State 22>: 6.075ns
The critical path consists of the following:
	'fdiv' operation 32 bit ('div_i2', cpu_functions.cpp:149->cpu_functions.cpp:196) [30]  (6.075 ns)

 <State 23>: 6.075ns
The critical path consists of the following:
	'fdiv' operation 32 bit ('div_i2', cpu_functions.cpp:149->cpu_functions.cpp:196) [30]  (6.075 ns)

 <State 24>: 6.075ns
The critical path consists of the following:
	'fdiv' operation 32 bit ('div_i2', cpu_functions.cpp:149->cpu_functions.cpp:196) [30]  (6.075 ns)

 <State 25>: 6.075ns
The critical path consists of the following:
	'fdiv' operation 32 bit ('div_i2', cpu_functions.cpp:149->cpu_functions.cpp:196) [30]  (6.075 ns)

 <State 26>: 7.300ns
The critical path consists of the following:
	bus request operation ('gmem_addr_21_req', cpu_functions.cpp:149->cpu_functions.cpp:196) on port 'gmem' (cpu_functions.cpp:149->cpu_functions.cpp:196) [32]  (7.300 ns)

 <State 27>: 7.300ns
The critical path consists of the following:
	bus write operation ('write_ln149', cpu_functions.cpp:149->cpu_functions.cpp:196) on port 'gmem' (cpu_functions.cpp:149->cpu_functions.cpp:196) [33]  (7.300 ns)

 <State 28>: 0.000ns
The critical path consists of the following:

 <State 29>: 0.000ns
The critical path consists of the following:

 <State 30>: 0.000ns
The critical path consists of the following:

 <State 31>: 1.588ns
The critical path consists of the following:

 <State 32>: 7.300ns
The critical path consists of the following:
	bus response operation ('gmem_addr_21_resp', cpu_functions.cpp:149->cpu_functions.cpp:196) on port 'gmem' (cpu_functions.cpp:149->cpu_functions.cpp:196) [34]  (7.300 ns)


============================================================
+ Verbose Summary: Binding
============================================================
N/A
* FSMD analyzer results:
  - Output states:
 - Input state : 
  - Chain level:
	State 1
	State 2
	State 3
	State 4
	State 5
	State 6
	State 7
	State 8
	State 9
	State 10
	State 11
	State 12
	State 13
	State 14
	State 15
	State 16
	State 17
	State 18
	State 19
	State 20
	State 21
	State 22
	State 23
	State 24
	State 25
	State 26
	State 27
	State 28
	State 29
	State 30
	State 31
	State 32


============================================================
+ Verbose Summary: Datapath Resource usage 
============================================================
N/A
