

================================================================
== Vitis HLS Report for 'cifar10_Pipeline_VITIS_LOOP_93_3_VITIS_LOOP_95_43'
================================================================
* Date:           Mon May  4 21:06:53 2026

* Version:        2025.2 (Build 6295257 on Nov 14 2025)
* Project:        proj_cifar10
* Solution:       fsolution (Vivado IP Flow Target)
* Product family: zynq
* Target device:  xc7z020-clg484-1


================================================================
== Performance Estimates
================================================================
+ Timing: 
    * Summary: 
    +--------+----------+----------+------------+
    |  Clock |  Target  | Estimated| Uncertainty|
    +--------+----------+----------+------------+
    |ap_clk  |  10.00 ns|  7.300 ns|     2.70 ns|
    +--------+----------+----------+------------+

+ Latency: 
    * Summary: 
    +---------+---------+----------+----------+-----+-----+-------------------+
    |  Latency (cycles) |  Latency (absolute) |  Interval |      Pipeline     |
    |   min   |   max   |    min   |    max   | min | max |        Type       |
    +---------+---------+----------+----------+-----+-----+-------------------+
    |        ?|        ?|         ?|         ?|    0|    0|  loop pipeline stp|
    +---------+---------+----------+----------+-----+-----+-------------------+

    + Detail: 
        * Instance: 
        N/A

        * Loop: 
        +-----------------------------------+---------+---------+----------+-----------+-----------+------+----------+
        |                                   |  Latency (cycles) | Iteration|  Initiation Interval  | Trip |          |
        |             Loop Name             |   min   |   max   |  Latency |  achieved |   target  | Count| Pipelined|
        +-----------------------------------+---------+---------+----------+-----------+-----------+------+----------+
        |- VITIS_LOOP_93_3_VITIS_LOOP_95_4  |        ?|        ?|        17|          2|          1|     ?|       yes|
        +-----------------------------------+---------+---------+----------+-----------+-----------+------+----------+

============================================================
+ Verbose Summary: Synthesis Manager
============================================================
InlineROM: 1
ExposeGlobal: 0
============================================================
+ Verbose Summary: CDFG Model
============================================================
IsTopModel: 0
ResetActiveHigh: 1
IsCombinational: 0
IsDatapathOnly: 0
HasWiredReturn: 1
HasMFsm: 2
HasVarLatency: 1
IsPipeline: 0
IsRtlPipelined: 0
IsInstanceOverlapped: 0
IsDontTouch: 0
HasImplIP: 0
IsGatedGlobalClock: 0

+ Individual pipeline summary: 
  * Pipeline-0: initiation interval (II) = 2, depth = 18


============================================================
+ Verbose Summary: Schedule
============================================================
* Number of FSM states : 18
* Pipeline : 1
  Pipeline-0 : II = 2, D = 18, States = { 1 2 3 4 5 6 7 8 9 10 11 12 13 14 15 16 17 18 }
* Dataflow Pipeline: 0

* FSM state transitions: 
1 --> 2 
2 --> 3 
3 --> 4 
4 --> 5 
5 --> 6 
6 --> 7 
7 --> 8 
8 --> 9 
9 --> 10 
10 --> 11 
11 --> 12 
12 --> 13 
13 --> 14 
14 --> 15 
15 --> 16 
16 --> 17 
17 --> 18 
18 --> 

* FSM state operations: 

State 1 <SV = 0> <Delay = 1.58>
ST_1 : Operation 20 [1/1] (0.00ns)   --->   "%p_a = alloca i32 1" [cpu_functions.cpp:97->cpu_functions.cpp:181]   --->   Operation 20 'alloca' 'p_a' <Predicate = true> <Delay = 0.00>
ST_1 : Operation 21 [1/1] (0.00ns)   --->   "%y = alloca i32 1" [cpu_functions.cpp:95->cpu_functions.cpp:181]   --->   Operation 21 'alloca' 'y' <Predicate = true> <Delay = 0.00>
ST_1 : Operation 22 [1/1] (0.00ns)   --->   "%x = alloca i32 1" [cpu_functions.cpp:93->cpu_functions.cpp:181]   --->   Operation 22 'alloca' 'x' <Predicate = true> <Delay = 0.00>
ST_1 : Operation 23 [1/1] (0.00ns)   --->   "%indvar_flatten187 = alloca i32 1"   --->   Operation 23 'alloca' 'indvar_flatten187' <Predicate = true> <Delay = 0.00>
ST_1 : Operation 24 [1/1] (0.00ns)   --->   "%specinterface_ln0 = specinterface void @_ssdm_op_SpecInterface, i32 %gmem, void @empty_0, i32 0, i32 0, void @empty_14, i32 0, i32 0, void @empty, void @empty_20, void @empty_14, i32 16, i32 16, i32 16, i32 16, void @empty_14, void @empty_14, i32 4294967295, i32 0, i32 0, i32 4"   --->   Operation 24 'specinterface' 'specinterface_ln0' <Predicate = true> <Delay = 0.00>
ST_1 : Operation 25 [1/1] (0.00ns)   --->   "%conv_2_output_read = read i32 @_ssdm_op_Read.ap_auto.i32, i32 %conv_2_output"   --->   Operation 25 'read' 'conv_2_output_read' <Predicate = true> <Delay = 0.00>
ST_1 : Operation 26 [1/1] (0.00ns)   --->   "%tmp = read i30 @_ssdm_op_Read.ap_auto.i30, i30 %empty"   --->   Operation 26 'read' 'tmp' <Predicate = true> <Delay = 0.00>
ST_1 : Operation 27 [1/1] (0.00ns)   --->   "%tmp_31 = read i30 @_ssdm_op_Read.ap_auto.i30, i30 %empty_89"   --->   Operation 27 'read' 'tmp_31' <Predicate = true> <Delay = 0.00>
ST_1 : Operation 28 [1/1] (0.00ns)   --->   "%tmp_32 = read i30 @_ssdm_op_Read.ap_auto.i30, i30 %empty_88"   --->   Operation 28 'read' 'tmp_32' <Predicate = true> <Delay = 0.00>
ST_1 : Operation 29 [1/1] (0.00ns)   --->   "%stride_2_size_read = read i32 @_ssdm_op_Read.ap_auto.i32, i32 %stride_2_size"   --->   Operation 29 'read' 'stride_2_size_read' <Predicate = true> <Delay = 0.00>
ST_1 : Operation 30 [1/1] (0.00ns)   --->   "%mul_ln180_read = read i64 @_ssdm_op_Read.ap_auto.i64, i64 %mul_ln180"   --->   Operation 30 'read' 'mul_ln180_read' <Predicate = true> <Delay = 0.00>
ST_1 : Operation 31 [1/1] (0.00ns)   --->   "%max_value_4_read = read i32 @_ssdm_op_Read.ap_auto.float, i32 %max_value_4"   --->   Operation 31 'read' 'max_value_4_read' <Predicate = true> <Delay = 0.00>
ST_1 : Operation 32 [1/1] (1.58ns)   --->   "%store_ln0 = store i64 0, i64 %indvar_flatten187"   --->   Operation 32 'store' 'store_ln0' <Predicate = true> <Delay = 1.58>
ST_1 : Operation 33 [1/1] (1.58ns)   --->   "%store_ln93 = store i32 0, i32 %x" [cpu_functions.cpp:93->cpu_functions.cpp:181]   --->   Operation 33 'store' 'store_ln93' <Predicate = true> <Delay = 1.58>
ST_1 : Operation 34 [1/1] (1.58ns)   --->   "%store_ln95 = store i32 0, i32 %y" [cpu_functions.cpp:95->cpu_functions.cpp:181]   --->   Operation 34 'store' 'store_ln95' <Predicate = true> <Delay = 1.58>
ST_1 : Operation 35 [1/1] (1.58ns)   --->   "%store_ln97 = store i32 %max_value_4_read, i32 %p_a" [cpu_functions.cpp:97->cpu_functions.cpp:181]   --->   Operation 35 'store' 'store_ln97' <Predicate = true> <Delay = 1.58>
ST_1 : Operation 36 [1/1] (1.58ns)   --->   "%br_ln0 = br void %for.body12.i102"   --->   Operation 36 'br' 'br_ln0' <Predicate = true> <Delay = 1.58>

State 2 <SV = 1> <Delay = 3.53>
ST_2 : Operation 37 [1/1] (0.00ns)   --->   "%first_iter_5 = phi i1 1, void %newFuncRoot, i1 0, void %for.body12.i102.split"   --->   Operation 37 'phi' 'first_iter_5' <Predicate = true> <Delay = 0.00>
ST_2 : Operation 38 [1/1] (0.00ns)   --->   "%y_1 = load i32 %y" [cpu_functions.cpp:95->cpu_functions.cpp:181]   --->   Operation 38 'load' 'y_1' <Predicate = true> <Delay = 0.00>
ST_2 : Operation 39 [1/1] (0.00ns)   --->   "%indvar_flatten187_load = load i64 %indvar_flatten187" [cpu_functions.cpp:93->cpu_functions.cpp:181]   --->   Operation 39 'load' 'indvar_flatten187_load' <Predicate = true> <Delay = 0.00>
ST_2 : Operation 40 [1/1] (0.00ns)   --->   "%specbitsmap_ln0 = specbitsmap void @_ssdm_op_SpecBitsMap, i32 %gmem"   --->   Operation 40 'specbitsmap' 'specbitsmap_ln0' <Predicate = true> <Delay = 0.00>
ST_2 : Operation 41 [1/1] (3.52ns)   --->   "%icmp_ln93 = icmp_eq  i64 %indvar_flatten187_load, i64 %mul_ln180_read" [cpu_functions.cpp:93->cpu_functions.cpp:181]   --->   Operation 41 'icmp' 'icmp_ln93' <Predicate = true> <Delay = 3.52> <CoreInst = "Cmp">   --->   Core 9 'Cmp' <Latency = 0> <II = 1> <Delay = 3.52> <FuncUnit> <Opcode : 'seteq' 'setne' 'setle' 'setge' 'setlt' 'setgt'> <InPorts = 2> <OutPorts = 1>
ST_2 : Operation 42 [1/1] (3.52ns)   --->   "%add_ln93 = add i64 %indvar_flatten187_load, i64 1" [cpu_functions.cpp:93->cpu_functions.cpp:181]   --->   Operation 42 'add' 'add_ln93' <Predicate = true> <Delay = 3.52> <CoreInst = "Adder">   --->   Core 1 'Adder' <Latency = 0> <II = 1> <Delay = 3.52> <FuncUnit> <Opcode : 'add' 'sub'> <InPorts = 2> <OutPorts = 1>
ST_2 : Operation 43 [1/1] (0.00ns)   --->   "%br_ln93 = br i1 %icmp_ln93, void %for.inc20.i105, void %for.inc28.i115.exitStub" [cpu_functions.cpp:93->cpu_functions.cpp:181]   --->   Operation 43 'br' 'br_ln93' <Predicate = true> <Delay = 0.00>
ST_2 : Operation 44 [1/1] (2.55ns)   --->   "%icmp_ln95 = icmp_eq  i32 %y_1, i32 %stride_2_size_read" [cpu_functions.cpp:95->cpu_functions.cpp:181]   --->   Operation 44 'icmp' 'icmp_ln95' <Predicate = (!icmp_ln93)> <Delay = 2.55> <CoreInst = "Cmp">   --->   Core 9 'Cmp' <Latency = 0> <II = 1> <Delay = 2.55> <FuncUnit> <Opcode : 'seteq' 'setne' 'setle' 'setge' 'setlt' 'setgt'> <InPorts = 2> <OutPorts = 1>
ST_2 : Operation 45 [1/1] (0.97ns)   --->   "%or_ln87 = or i1 %icmp_ln95, i1 %first_iter_5" [cpu_functions.cpp:87->cpu_functions.cpp:181]   --->   Operation 45 'or' 'or_ln87' <Predicate = (!icmp_ln93)> <Delay = 0.97> <CoreInst = "LogicGate">   --->   Core 74 'LogicGate' <Latency = 0> <II = 1> <Delay = 0.97> <FuncUnit> <Opcode : 'and' 'or' 'xor'> <InPorts = 2> <OutPorts = 1>
ST_2 : Operation 46 [1/1] (0.00ns)   --->   "%br_ln95 = br i1 %or_ln87, void %for.body12.i102.split, void %for.first.iter.for.body12.i102" [cpu_functions.cpp:95->cpu_functions.cpp:181]   --->   Operation 46 'br' 'br_ln95' <Predicate = (!icmp_ln93)> <Delay = 0.00>

State 3 <SV = 2> <Delay = 5.74>
ST_3 : Operation 47 [1/1] (0.00ns)   --->   "%x_load = load i32 %x" [cpu_functions.cpp:93->cpu_functions.cpp:181]   --->   Operation 47 'load' 'x_load' <Predicate = (!icmp_ln93)> <Delay = 0.00>
ST_3 : Operation 48 [1/1] (2.55ns)   --->   "%add_ln93_1 = add i32 %x_load, i32 1" [cpu_functions.cpp:93->cpu_functions.cpp:181]   --->   Operation 48 'add' 'add_ln93_1' <Predicate = (!icmp_ln93 & icmp_ln95)> <Delay = 2.55> <CoreInst = "Adder">   --->   Core 1 'Adder' <Latency = 0> <II = 1> <Delay = 2.55> <FuncUnit> <Opcode : 'add' 'sub'> <InPorts = 2> <OutPorts = 1>
ST_3 : Operation 49 [1/1] (0.69ns)   --->   "%select_ln93 = select i1 %icmp_ln95, i32 %add_ln93_1, i32 %x_load" [cpu_functions.cpp:93->cpu_functions.cpp:181]   --->   Operation 49 'select' 'select_ln93' <Predicate = (!icmp_ln93)> <Delay = 0.69> <CoreInst = "Sel">   --->   Core 73 'Sel' <Latency = 0> <II = 1> <Delay = 0.69> <FuncUnit> <Opcode : 'select'> <InPorts = 3> <OutPorts = 1>
ST_3 : Operation 50 [1/1] (0.00ns)   --->   "%trunc_ln95 = trunc i32 %select_ln93" [cpu_functions.cpp:95->cpu_functions.cpp:181]   --->   Operation 50 'trunc' 'trunc_ln95' <Predicate = (!icmp_ln93)> <Delay = 0.00>
ST_3 : Operation 51 [1/1] (2.49ns)   --->   "%tmp2 = add i30 %trunc_ln95, i30 %tmp_32" [cpu_functions.cpp:95->cpu_functions.cpp:181]   --->   Operation 51 'add' 'tmp2' <Predicate = (!icmp_ln93)> <Delay = 2.49> <CoreInst = "Adder">   --->   Core 1 'Adder' <Latency = 0> <II = 1> <Delay = 2.49> <FuncUnit> <Opcode : 'add' 'sub'> <InPorts = 2> <OutPorts = 1>
ST_3 : Operation 52 [1/1] (2.55ns)   --->   "%add_ln95 = add i32 %y_1, i32 1" [cpu_functions.cpp:95->cpu_functions.cpp:181]   --->   Operation 52 'add' 'add_ln95' <Predicate = (!icmp_ln93 & !icmp_ln95)> <Delay = 2.55> <CoreInst = "Adder">   --->   Core 1 'Adder' <Latency = 0> <II = 1> <Delay = 2.55> <FuncUnit> <Opcode : 'add' 'sub'> <InPorts = 2> <OutPorts = 1>
ST_3 : Operation 53 [1/1] (0.69ns)   --->   "%select_ln95 = select i1 %icmp_ln95, i32 1, i32 %add_ln95" [cpu_functions.cpp:95->cpu_functions.cpp:181]   --->   Operation 53 'select' 'select_ln95' <Predicate = (!icmp_ln93)> <Delay = 0.69> <CoreInst = "Sel">   --->   Core 73 'Sel' <Latency = 0> <II = 1> <Delay = 0.69> <FuncUnit> <Opcode : 'select'> <InPorts = 3> <OutPorts = 1>
ST_3 : Operation 54 [1/1] (1.58ns)   --->   "%store_ln93 = store i64 %add_ln93, i64 %indvar_flatten187" [cpu_functions.cpp:93->cpu_functions.cpp:181]   --->   Operation 54 'store' 'store_ln93' <Predicate = (!icmp_ln93)> <Delay = 1.58>
ST_3 : Operation 55 [1/1] (1.58ns)   --->   "%store_ln93 = store i32 %select_ln93, i32 %x" [cpu_functions.cpp:93->cpu_functions.cpp:181]   --->   Operation 55 'store' 'store_ln93' <Predicate = (!icmp_ln93)> <Delay = 1.58>
ST_3 : Operation 56 [1/1] (1.58ns)   --->   "%store_ln95 = store i32 %select_ln95, i32 %y" [cpu_functions.cpp:95->cpu_functions.cpp:181]   --->   Operation 56 'store' 'store_ln95' <Predicate = (!icmp_ln93)> <Delay = 1.58>
ST_3 : Operation 57 [1/1] (0.00ns)   --->   "%br_ln95 = br void %for.body12.i102" [cpu_functions.cpp:95->cpu_functions.cpp:181]   --->   Operation 57 'br' 'br_ln95' <Predicate = (!icmp_ln93)> <Delay = 0.00>

State 4 <SV = 3> <Delay = 6.91>
ST_4 : Operation 58 [2/2] (6.91ns)   --->   "%tmp3_cast = mul i30 %tmp2, i30 %tmp_31" [cpu_functions.cpp:95->cpu_functions.cpp:181]   --->   Operation 58 'mul' 'tmp3_cast' <Predicate = true> <Delay = 6.91> <CoreInst = "Multiplier">   --->   Core 3 'Multiplier' <Latency = 1> <II = 1> <Delay = 6.91> <FuncUnit> <Opcode : 'mul'> <InPorts = 2> <OutPorts = 1>

State 5 <SV = 4> <Delay = 6.91>
ST_5 : Operation 59 [1/2] (6.91ns)   --->   "%tmp3_cast = mul i30 %tmp2, i30 %tmp_31" [cpu_functions.cpp:95->cpu_functions.cpp:181]   --->   Operation 59 'mul' 'tmp3_cast' <Predicate = true> <Delay = 6.91> <CoreInst = "Multiplier">   --->   Core 3 'Multiplier' <Latency = 1> <II = 1> <Delay = 6.91> <FuncUnit> <Opcode : 'mul'> <InPorts = 2> <OutPorts = 1>

State 6 <SV = 5> <Delay = 5.04>
ST_6 : Operation 60 [1/1] (2.49ns)   --->   "%add_ln95_1 = add i30 %tmp3_cast, i30 %tmp" [cpu_functions.cpp:95->cpu_functions.cpp:181]   --->   Operation 60 'add' 'add_ln95_1' <Predicate = true> <Delay = 2.49> <CoreInst = "Adder">   --->   Core 1 'Adder' <Latency = 0> <II = 1> <Delay = 2.49> <FuncUnit> <Opcode : 'add' 'sub'> <InPorts = 2> <OutPorts = 1>
ST_6 : Operation 61 [1/1] (0.00ns)   --->   "%shl_ln = bitconcatenate i32 @_ssdm_op_BitConcatenate.i32.i30.i2, i30 %add_ln95_1, i2 0" [cpu_functions.cpp:95->cpu_functions.cpp:181]   --->   Operation 61 'bitconcatenate' 'shl_ln' <Predicate = true> <Delay = 0.00>
ST_6 : Operation 62 [1/1] (2.55ns)   --->   "%add_ln95_2 = add i32 %shl_ln, i32 %conv_2_output_read" [cpu_functions.cpp:95->cpu_functions.cpp:181]   --->   Operation 62 'add' 'add_ln95_2' <Predicate = true> <Delay = 2.55> <CoreInst = "Adder">   --->   Core 1 'Adder' <Latency = 0> <II = 1> <Delay = 2.55> <FuncUnit> <Opcode : 'add' 'sub'> <InPorts = 2> <OutPorts = 1>
ST_6 : Operation 63 [1/1] (0.00ns)   --->   "%trunc_ln95_2 = partselect i30 @_ssdm_op_PartSelect.i30.i32.i32.i32, i32 %add_ln95_2, i32 2, i32 31" [cpu_functions.cpp:95->cpu_functions.cpp:181]   --->   Operation 63 'partselect' 'trunc_ln95_2' <Predicate = true> <Delay = 0.00>

State 7 <SV = 6> <Delay = 7.30>
ST_7 : Operation 64 [1/1] (0.00ns)   --->   "%specloopname_ln0 = specloopname void @_ssdm_op_SpecLoopName, void @VITIS_LOOP_93_3_VITIS_LOOP_95_4_str"   --->   Operation 64 'specloopname' 'specloopname_ln0' <Predicate = true> <Delay = 0.00>
ST_7 : Operation 65 [1/1] (0.00ns)   --->   "%sext_ln95 = sext i30 %trunc_ln95_2" [cpu_functions.cpp:95->cpu_functions.cpp:181]   --->   Operation 65 'sext' 'sext_ln95' <Predicate = true> <Delay = 0.00>
ST_7 : Operation 66 [1/1] (0.00ns)   --->   "%gmem_addr = getelementptr i32 %gmem, i32 %sext_ln95" [cpu_functions.cpp:95->cpu_functions.cpp:181]   --->   Operation 66 'getelementptr' 'gmem_addr' <Predicate = true> <Delay = 0.00>
ST_7 : Operation 67 [8/8] (7.30ns)   --->   "%empty_94 = readreq i1 @_ssdm_op_ReadReq.m_axi.p1i32, i32 %gmem_addr, i32 %stride_2_size_read" [cpu_functions.cpp:95->cpu_functions.cpp:181]   --->   Operation 67 'readreq' 'empty_94' <Predicate = (or_ln87)> <Delay = 7.30> <CoreInst = "m_axi">   --->   Core 111 'm_axi' <Latency = 6> <II = 1> <Delay = 1.00> <Adapter> <Opcode : 'readrequnaligned' 'writerequnaligned' 'read' 'write' 'readreq' 'writereq' 'writeresp'>

State 8 <SV = 7> <Delay = 0.00>
ST_8 : Operation 68 [7/8] (7.30ns)   --->   "%empty_94 = readreq i1 @_ssdm_op_ReadReq.m_axi.p1i32, i32 %gmem_addr, i32 %stride_2_size_read" [cpu_functions.cpp:95->cpu_functions.cpp:181]   --->   Operation 68 'readreq' 'empty_94' <Predicate = (or_ln87)> <Delay = 7.30> <CoreInst = "m_axi">   --->   Core 111 'm_axi' <Latency = 6> <II = 1> <Delay = 1.00> <Adapter> <Opcode : 'readrequnaligned' 'writerequnaligned' 'read' 'write' 'readreq' 'writereq' 'writeresp'>

State 9 <SV = 8> <Delay = 0.00>
ST_9 : Operation 69 [6/8] (7.30ns)   --->   "%empty_94 = readreq i1 @_ssdm_op_ReadReq.m_axi.p1i32, i32 %gmem_addr, i32 %stride_2_size_read" [cpu_functions.cpp:95->cpu_functions.cpp:181]   --->   Operation 69 'readreq' 'empty_94' <Predicate = (or_ln87)> <Delay = 7.30> <CoreInst = "m_axi">   --->   Core 111 'm_axi' <Latency = 6> <II = 1> <Delay = 1.00> <Adapter> <Opcode : 'readrequnaligned' 'writerequnaligned' 'read' 'write' 'readreq' 'writereq' 'writeresp'>

State 10 <SV = 9> <Delay = 0.00>
ST_10 : Operation 70 [5/8] (7.30ns)   --->   "%empty_94 = readreq i1 @_ssdm_op_ReadReq.m_axi.p1i32, i32 %gmem_addr, i32 %stride_2_size_read" [cpu_functions.cpp:95->cpu_functions.cpp:181]   --->   Operation 70 'readreq' 'empty_94' <Predicate = (or_ln87)> <Delay = 7.30> <CoreInst = "m_axi">   --->   Core 111 'm_axi' <Latency = 6> <II = 1> <Delay = 1.00> <Adapter> <Opcode : 'readrequnaligned' 'writerequnaligned' 'read' 'write' 'readreq' 'writereq' 'writeresp'>

State 11 <SV = 10> <Delay = 0.00>
ST_11 : Operation 71 [4/8] (7.30ns)   --->   "%empty_94 = readreq i1 @_ssdm_op_ReadReq.m_axi.p1i32, i32 %gmem_addr, i32 %stride_2_size_read" [cpu_functions.cpp:95->cpu_functions.cpp:181]   --->   Operation 71 'readreq' 'empty_94' <Predicate = (or_ln87)> <Delay = 7.30> <CoreInst = "m_axi">   --->   Core 111 'm_axi' <Latency = 6> <II = 1> <Delay = 1.00> <Adapter> <Opcode : 'readrequnaligned' 'writerequnaligned' 'read' 'write' 'readreq' 'writereq' 'writeresp'>

State 12 <SV = 11> <Delay = 0.00>
ST_12 : Operation 72 [3/8] (7.30ns)   --->   "%empty_94 = readreq i1 @_ssdm_op_ReadReq.m_axi.p1i32, i32 %gmem_addr, i32 %stride_2_size_read" [cpu_functions.cpp:95->cpu_functions.cpp:181]   --->   Operation 72 'readreq' 'empty_94' <Predicate = (or_ln87)> <Delay = 7.30> <CoreInst = "m_axi">   --->   Core 111 'm_axi' <Latency = 6> <II = 1> <Delay = 1.00> <Adapter> <Opcode : 'readrequnaligned' 'writerequnaligned' 'read' 'write' 'readreq' 'writereq' 'writeresp'>

State 13 <SV = 12> <Delay = 0.00>
ST_13 : Operation 73 [2/8] (7.30ns)   --->   "%empty_94 = readreq i1 @_ssdm_op_ReadReq.m_axi.p1i32, i32 %gmem_addr, i32 %stride_2_size_read" [cpu_functions.cpp:95->cpu_functions.cpp:181]   --->   Operation 73 'readreq' 'empty_94' <Predicate = (or_ln87)> <Delay = 7.30> <CoreInst = "m_axi">   --->   Core 111 'm_axi' <Latency = 6> <II = 1> <Delay = 1.00> <Adapter> <Opcode : 'readrequnaligned' 'writerequnaligned' 'read' 'write' 'readreq' 'writereq' 'writeresp'>

State 14 <SV = 13> <Delay = 7.30>
ST_14 : Operation 74 [1/8] ( I:7.30ns O:7.30ns )   --->   "%empty_94 = readreq i1 @_ssdm_op_ReadReq.m_axi.p1i32, i32 %gmem_addr, i32 %stride_2_size_read" [cpu_functions.cpp:95->cpu_functions.cpp:181]   --->   Operation 74 'readreq' 'empty_94' <Predicate = (or_ln87)> <Delay = 7.30> <CoreInst = "m_axi">   --->   Core 111 'm_axi' <Latency = 6> <II = 1> <Delay = 1.00> <Adapter> <Opcode : 'readrequnaligned' 'writerequnaligned' 'read' 'write' 'readreq' 'writereq' 'writeresp'>
ST_14 : Operation 75 [1/1] (0.00ns)   --->   "%br_ln95 = br void %for.body12.i102.split" [cpu_functions.cpp:95->cpu_functions.cpp:181]   --->   Operation 75 'br' 'br_ln95' <Predicate = (or_ln87)> <Delay = 0.00>

State 15 <SV = 14> <Delay = 7.30>
ST_15 : Operation 76 [1/1] ( I:7.30ns O:7.30ns )   --->   "%gmem_addr_read = read i32 @_ssdm_op_Read.m_axi.i32.p1i32, i32 %gmem_addr" [cpu_functions.cpp:97->cpu_functions.cpp:181]   --->   Operation 76 'read' 'gmem_addr_read' <Predicate = (!icmp_ln93)> <Delay = 7.30> <CoreInst = "m_axi">   --->   Core 111 'm_axi' <Latency = 3> <II = 1> <Delay = 1.00> <Adapter> <Opcode : 'readrequnaligned' 'writerequnaligned' 'read' 'write' 'readreq' 'writereq' 'writeresp'>
ST_15 : Operation 77 [1/1] (0.00ns)   --->   "%tmp_25 = partselect i8 @_ssdm_op_PartSelect.i8.i32.i32.i32, i32 %gmem_addr_read, i32 23, i32 30" [cpu_functions.cpp:97->cpu_functions.cpp:181]   --->   Operation 77 'partselect' 'tmp_25' <Predicate = (!icmp_ln93)> <Delay = 0.00>
ST_15 : Operation 78 [1/1] (0.00ns)   --->   "%trunc_ln97_1 = trunc i32 %gmem_addr_read" [cpu_functions.cpp:97->cpu_functions.cpp:181]   --->   Operation 78 'trunc' 'trunc_ln97_1' <Predicate = (!icmp_ln93)> <Delay = 0.00>

State 16 <SV = 15> <Delay = 5.43>
ST_16 : Operation 79 [1/1] (0.00ns)   --->   "%p_a_load_1 = load i32 %p_a" [cpu_functions.cpp:97->cpu_functions.cpp:181]   --->   Operation 79 'load' 'p_a_load_1' <Predicate = (!icmp_ln93)> <Delay = 0.00>
ST_16 : Operation 80 [1/1] (0.00ns)   --->   "%p_b = bitcast i32 %gmem_addr_read" [cpu_functions.cpp:97->cpu_functions.cpp:181]   --->   Operation 80 'bitcast' 'p_b' <Predicate = (!icmp_ln93)> <Delay = 0.00>
ST_16 : Operation 81 [1/1] (0.00ns)   --->   "%bitcast_ln97 = bitcast i32 %p_a_load_1" [cpu_functions.cpp:97->cpu_functions.cpp:181]   --->   Operation 81 'bitcast' 'bitcast_ln97' <Predicate = (!icmp_ln93)> <Delay = 0.00>
ST_16 : Operation 82 [1/1] (0.00ns)   --->   "%tmp_24 = partselect i8 @_ssdm_op_PartSelect.i8.i32.i32.i32, i32 %bitcast_ln97, i32 23, i32 30" [cpu_functions.cpp:97->cpu_functions.cpp:181]   --->   Operation 82 'partselect' 'tmp_24' <Predicate = (!icmp_ln93)> <Delay = 0.00>
ST_16 : Operation 83 [1/1] (0.00ns)   --->   "%trunc_ln97 = trunc i32 %bitcast_ln97" [cpu_functions.cpp:97->cpu_functions.cpp:181]   --->   Operation 83 'trunc' 'trunc_ln97' <Predicate = (!icmp_ln93)> <Delay = 0.00>
ST_16 : Operation 84 [1/1] (1.91ns)   --->   "%icmp_ln97 = icmp_ne  i8 %tmp_24, i8 255" [cpu_functions.cpp:97->cpu_functions.cpp:181]   --->   Operation 84 'icmp' 'icmp_ln97' <Predicate = (!icmp_ln93)> <Delay = 1.91> <CoreInst = "Cmp">   --->   Core 9 'Cmp' <Latency = 0> <II = 1> <Delay = 1.91> <FuncUnit> <Opcode : 'seteq' 'setne' 'setle' 'setge' 'setlt' 'setgt'> <InPorts = 2> <OutPorts = 1>
ST_16 : Operation 85 [1/1] (2.28ns)   --->   "%icmp_ln97_1 = icmp_eq  i23 %trunc_ln97, i23 0" [cpu_functions.cpp:97->cpu_functions.cpp:181]   --->   Operation 85 'icmp' 'icmp_ln97_1' <Predicate = (!icmp_ln93)> <Delay = 2.28> <CoreInst = "Cmp">   --->   Core 9 'Cmp' <Latency = 0> <II = 1> <Delay = 2.28> <FuncUnit> <Opcode : 'seteq' 'setne' 'setle' 'setge' 'setlt' 'setgt'> <InPorts = 2> <OutPorts = 1>
ST_16 : Operation 86 [1/1] (1.91ns)   --->   "%icmp_ln97_2 = icmp_ne  i8 %tmp_25, i8 255" [cpu_functions.cpp:97->cpu_functions.cpp:181]   --->   Operation 86 'icmp' 'icmp_ln97_2' <Predicate = (!icmp_ln93)> <Delay = 1.91> <CoreInst = "Cmp">   --->   Core 9 'Cmp' <Latency = 0> <II = 1> <Delay = 1.91> <FuncUnit> <Opcode : 'seteq' 'setne' 'setle' 'setge' 'setlt' 'setgt'> <InPorts = 2> <OutPorts = 1>
ST_16 : Operation 87 [1/1] (2.28ns)   --->   "%icmp_ln97_3 = icmp_eq  i23 %trunc_ln97_1, i23 0" [cpu_functions.cpp:97->cpu_functions.cpp:181]   --->   Operation 87 'icmp' 'icmp_ln97_3' <Predicate = (!icmp_ln93)> <Delay = 2.28> <CoreInst = "Cmp">   --->   Core 9 'Cmp' <Latency = 0> <II = 1> <Delay = 2.28> <FuncUnit> <Opcode : 'seteq' 'setne' 'setle' 'setge' 'setlt' 'setgt'> <InPorts = 2> <OutPorts = 1>
ST_16 : Operation 88 [2/2] (5.43ns)   --->   "%tmp_26 = fcmp_ogt  i32 %p_a_load_1, i32 %p_b" [cpu_functions.cpp:97->cpu_functions.cpp:181]   --->   Operation 88 'fcmp' 'tmp_26' <Predicate = (!icmp_ln93)> <Delay = 5.43> <CoreInst = "FCompare">   --->   Core 19 'FCompare' <Latency = 1> <II = 1> <Delay = 5.43> <FuncUnit> <Opcode : 'fcmp'> <InPorts = 2> <OutPorts = 1>
ST_16 : Operation 97 [1/1] (0.00ns)   --->   "%p_a_load = load i32 %p_a"   --->   Operation 97 'load' 'p_a_load' <Predicate = (icmp_ln93)> <Delay = 0.00>
ST_16 : Operation 98 [1/1] (0.00ns)   --->   "%write_ln0 = write void @_ssdm_op_Write.ap_auto.floatP0A, i32 %max_value_9_out, i32 %p_a_load"   --->   Operation 98 'write' 'write_ln0' <Predicate = (icmp_ln93)> <Delay = 0.00>
ST_16 : Operation 99 [1/1] (1.58ns)   --->   "%ret_ln0 = ret"   --->   Operation 99 'ret' 'ret_ln0' <Predicate = (icmp_ln93)> <Delay = 1.58>

State 17 <SV = 16> <Delay = 7.10>
ST_17 : Operation 89 [1/1] (0.00ns) (grouped into LUT with out node and_ln97_1)   --->   "%or_ln97 = or i1 %icmp_ln97_1, i1 %icmp_ln97" [cpu_functions.cpp:97->cpu_functions.cpp:181]   --->   Operation 89 'or' 'or_ln97' <Predicate = (!icmp_ln93)> <Delay = 0.00> <CoreInst = "LogicGate">   --->   Core 74 'LogicGate' <Latency = 0> <II = 1> <Delay = 0.97> <FuncUnit> <Opcode : 'and' 'or' 'xor'> <InPorts = 2> <OutPorts = 1>
ST_17 : Operation 90 [1/1] (0.00ns) (grouped into LUT with out node and_ln97_1)   --->   "%or_ln97_1 = or i1 %icmp_ln97_3, i1 %icmp_ln97_2" [cpu_functions.cpp:97->cpu_functions.cpp:181]   --->   Operation 90 'or' 'or_ln97_1' <Predicate = (!icmp_ln93)> <Delay = 0.00> <CoreInst = "LogicGate">   --->   Core 74 'LogicGate' <Latency = 0> <II = 1> <Delay = 0.97> <FuncUnit> <Opcode : 'and' 'or' 'xor'> <InPorts = 2> <OutPorts = 1>
ST_17 : Operation 91 [1/1] (0.00ns) (grouped into LUT with out node and_ln97_1)   --->   "%and_ln97 = and i1 %or_ln97, i1 %or_ln97_1" [cpu_functions.cpp:97->cpu_functions.cpp:181]   --->   Operation 91 'and' 'and_ln97' <Predicate = (!icmp_ln93)> <Delay = 0.00> <CoreInst = "LogicGate">   --->   Core 74 'LogicGate' <Latency = 0> <II = 1> <Delay = 0.97> <FuncUnit> <Opcode : 'and' 'or' 'xor'> <InPorts = 2> <OutPorts = 1>
ST_17 : Operation 92 [1/2] (5.43ns)   --->   "%tmp_26 = fcmp_ogt  i32 %p_a_load_1, i32 %p_b" [cpu_functions.cpp:97->cpu_functions.cpp:181]   --->   Operation 92 'fcmp' 'tmp_26' <Predicate = (!icmp_ln93)> <Delay = 5.43> <CoreInst = "FCompare">   --->   Core 19 'FCompare' <Latency = 1> <II = 1> <Delay = 5.43> <FuncUnit> <Opcode : 'fcmp'> <InPorts = 2> <OutPorts = 1>
ST_17 : Operation 93 [1/1] (0.97ns) (out node of the LUT)   --->   "%and_ln97_1 = and i1 %and_ln97, i1 %tmp_26" [cpu_functions.cpp:97->cpu_functions.cpp:181]   --->   Operation 93 'and' 'and_ln97_1' <Predicate = (!icmp_ln93)> <Delay = 0.97> <CoreInst = "LogicGate">   --->   Core 74 'LogicGate' <Latency = 0> <II = 1> <Delay = 0.97> <FuncUnit> <Opcode : 'and' 'or' 'xor'> <InPorts = 2> <OutPorts = 1>
ST_17 : Operation 94 [1/1] (0.69ns) (out node of the LUT)   --->   "%max_value = select i1 %and_ln97_1, i32 %p_a_load_1, i32 %p_b" [cpu_functions.cpp:97->cpu_functions.cpp:181]   --->   Operation 94 'select' 'max_value' <Predicate = (!icmp_ln93)> <Delay = 0.69> <CoreInst = "Sel">   --->   Core 73 'Sel' <Latency = 0> <II = 1> <Delay = 0.69> <FuncUnit> <Opcode : 'select'> <InPorts = 3> <OutPorts = 1>

State 18 <SV = 17> <Delay = 7.01>
ST_18 : Operation 95 [1/1] (0.00ns)   --->   "%specpipeline_ln87 = specpipeline void @_ssdm_op_SpecPipeline, i32 4294967295, i32 0, i32 0, i32 0, i32 4294967295, void @empty_14" [cpu_functions.cpp:87->cpu_functions.cpp:181]   --->   Operation 95 'specpipeline' 'specpipeline_ln87' <Predicate = (!icmp_ln93)> <Delay = 0.00>
ST_18 : Operation 96 [1/1] (1.58ns)   --->   "%store_ln97 = store i32 %max_value, i32 %p_a" [cpu_functions.cpp:97->cpu_functions.cpp:181]   --->   Operation 96 'store' 'store_ln97' <Predicate = (!icmp_ln93)> <Delay = 1.58>


============================================================
+ Verbose Summary: Timing violations
============================================================
Target clock period: 10.000ns, clock uncertainty: 2.700ns.

 <State 1>: 1.588ns
The critical path consists of the following:
	'alloca' operation 64 bit ('indvar_flatten187') [13]  (0.000 ns)
	'store' operation ('store_ln0') of constant 0 64 bit on local variable 'indvar_flatten187' [22]  (1.588 ns)

 <State 2>: 3.530ns
The critical path consists of the following:
	'load' operation 32 bit ('y', cpu_functions.cpp:95->cpu_functions.cpp:181) on local variable 'y', cpu_functions.cpp:95->cpu_functions.cpp:181 [29]  (0.000 ns)
	'icmp' operation 1 bit ('icmp_ln95', cpu_functions.cpp:95->cpu_functions.cpp:181) [38]  (2.552 ns)
	'or' operation 1 bit ('or_ln87', cpu_functions.cpp:87->cpu_functions.cpp:181) [39]  (0.978 ns)

 <State 3>: 5.743ns
The critical path consists of the following:
	'load' operation 32 bit ('x_load', cpu_functions.cpp:93->cpu_functions.cpp:181) on local variable 'x', cpu_functions.cpp:93->cpu_functions.cpp:181 [36]  (0.000 ns)
	'add' operation 32 bit ('add_ln93_1', cpu_functions.cpp:93->cpu_functions.cpp:181) [40]  (2.552 ns)
	'select' operation 32 bit ('select_ln93', cpu_functions.cpp:93->cpu_functions.cpp:181) [41]  (0.698 ns)
	'add' operation 30 bit ('tmp2', cpu_functions.cpp:95->cpu_functions.cpp:181) [43]  (2.493 ns)

 <State 4>: 6.912ns
The critical path consists of the following:
	'mul' operation 30 bit ('tmp3_cast', cpu_functions.cpp:95->cpu_functions.cpp:181) [44]  (6.912 ns)

 <State 5>: 6.912ns
The critical path consists of the following:
	'mul' operation 30 bit ('tmp3_cast', cpu_functions.cpp:95->cpu_functions.cpp:181) [44]  (6.912 ns)

 <State 6>: 5.045ns
The critical path consists of the following:
	'add' operation 30 bit ('add_ln95_1', cpu_functions.cpp:95->cpu_functions.cpp:181) [45]  (2.493 ns)
	'add' operation 32 bit ('add_ln95_2', cpu_functions.cpp:95->cpu_functions.cpp:181) [47]  (2.552 ns)

 <State 7>: 7.300ns
The critical path consists of the following:
	'getelementptr' operation 32 bit ('gmem_addr', cpu_functions.cpp:95->cpu_functions.cpp:181) [50]  (0.000 ns)
	bus request operation ('empty_94', cpu_functions.cpp:95->cpu_functions.cpp:181) on port 'gmem' (cpu_functions.cpp:95->cpu_functions.cpp:181) [53]  (0.000 ns)
	blocking operation 7.3 ns on control path)

 <State 8>: 0.000ns
The critical path consists of the following:

 <State 9>: 0.000ns
The critical path consists of the following:

 <State 10>: 0.000ns
The critical path consists of the following:

 <State 11>: 0.000ns
The critical path consists of the following:

 <State 12>: 0.000ns
The critical path consists of the following:

 <State 13>: 0.000ns
The critical path consists of the following:

 <State 14>: 7.300ns
The critical path consists of the following:
	bus request operation ('empty_94', cpu_functions.cpp:95->cpu_functions.cpp:181) on port 'gmem' (cpu_functions.cpp:95->cpu_functions.cpp:181) [53]  (7.300 ns)

 <State 15>: 7.300ns
The critical path consists of the following:
	bus read operation ('gmem_addr_read', cpu_functions.cpp:97->cpu_functions.cpp:181) on port 'gmem' (cpu_functions.cpp:97->cpu_functions.cpp:181) [58]  (7.300 ns)

 <State 16>: 5.431ns
The critical path consists of the following:
	'load' operation 32 bit ('p_a_load_1', cpu_functions.cpp:97->cpu_functions.cpp:181) on local variable '_a', cpu_functions.cpp:97->cpu_functions.cpp:181 [56]  (0.000 ns)
	'fcmp' operation 1 bit ('tmp_26', cpu_functions.cpp:97->cpu_functions.cpp:181) [72]  (5.431 ns)

 <State 17>: 7.107ns
The critical path consists of the following:
	'fcmp' operation 1 bit ('tmp_26', cpu_functions.cpp:97->cpu_functions.cpp:181) [72]  (5.431 ns)
	'and' operation 1 bit ('and_ln97_1', cpu_functions.cpp:97->cpu_functions.cpp:181) [73]  (0.978 ns)
	'select' operation 32 bit ('max_value', cpu_functions.cpp:97->cpu_functions.cpp:181) [74]  (0.698 ns)

 <State 18>: 7.019ns
The critical path consists of the following:
	'store' operation ('store_ln97', cpu_functions.cpp:97->cpu_functions.cpp:181) of variable 'max_value', cpu_functions.cpp:97->cpu_functions.cpp:181 32 bit on local variable '_a', cpu_functions.cpp:97->cpu_functions.cpp:181 [80]  (1.588 ns)
	'load' operation 32 bit ('p_a_load_1', cpu_functions.cpp:97->cpu_functions.cpp:181) on local variable '_a', cpu_functions.cpp:97->cpu_functions.cpp:181 [56]  (0.000 ns)
	'fcmp' operation 1 bit ('tmp_26', cpu_functions.cpp:97->cpu_functions.cpp:181) [72]  (5.431 ns)


============================================================
+ Verbose Summary: Binding
============================================================
N/A
* FSMD analyzer results:
  - Output states:
 - Input state : 
  - Chain level:
	State 1
	State 2
	State 3
	State 4
	State 5
	State 6
	State 7
	State 8
	State 9
	State 10
	State 11
	State 12
	State 13
	State 14
	State 15
	State 16
	State 17
	State 18


============================================================
+ Verbose Summary: Datapath Resource usage 
============================================================
N/A
