

================================================================
== Vitis HLS Report for 'cifar10_Pipeline_VITIS_LOOP_71_1'
================================================================
* Date:           Mon May  4 21:06:55 2026

* Version:        2025.2 (Build 6295257 on Nov 14 2025)
* Project:        proj_cifar10
* Solution:       fsolution (Vivado IP Flow Target)
* Product family: zynq
* Target device:  xc7z020-clg484-1


================================================================
== Performance Estimates
================================================================
+ Timing: 
    * Summary: 
    +--------+----------+----------+------------+
    |  Clock |  Target  | Estimated| Uncertainty|
    +--------+----------+----------+------------+
    |ap_clk  |  10.00 ns|  7.300 ns|     2.70 ns|
    +--------+----------+----------+------------+

+ Latency: 
    * Summary: 
    +---------+---------+----------+----------+-----+-----+-------------------+
    |  Latency (cycles) |  Latency (absolute) |  Interval |      Pipeline     |
    |   min   |   max   |    min   |    max   | min | max |        Type       |
    +---------+---------+----------+----------+-----+-----+-------------------+
    |       19|        ?|  0.190 us|         ?|    0|    0|  loop pipeline stp|
    +---------+---------+----------+----------+-----+-----+-------------------+

    + Detail: 
        * Instance: 
        N/A

        * Loop: 
        +-------------------+---------+---------+----------+-----------+-----------+-------+----------+
        |                   |  Latency (cycles) | Iteration|  Initiation Interval  |  Trip |          |
        |     Loop Name     |   min   |   max   |  Latency |  achieved |   target  | Count | Pipelined|
        +-------------------+---------+---------+----------+-----------+-----------+-------+----------+
        |- VITIS_LOOP_71_1  |       17|        ?|        18|          1|          1|  1 ~ ?|       yes|
        +-------------------+---------+---------+----------+-----------+-----------+-------+----------+



================================================================
== Utilization Estimates
================================================================
* Summary: 
+-----------------+---------+-----+--------+-------+-----+
|       Name      | BRAM_18K| DSP |   FF   |  LUT  | URAM|
+-----------------+---------+-----+--------+-------+-----+
|DSP              |        -|    -|       -|      -|    -|
|Expression       |        -|    -|       0|    204|    -|
|FIFO             |        -|    -|       -|      -|    -|
|Instance         |        -|    -|       -|      -|    -|
|Memory           |        -|    -|       -|      -|    -|
|Multiplexer      |        -|    -|       0|     81|    -|
|Register         |        -|    -|     322|     32|    -|
+-----------------+---------+-----+--------+-------+-----+
|Total            |        0|    0|     322|    317|    0|
+-----------------+---------+-----+--------+-------+-----+
|Available        |      280|  220|  106400|  53200|    0|
+-----------------+---------+-----+--------+-------+-----+
|Utilization (%)  |        0|    0|      ~0|     ~0|    0|
+-----------------+---------+-----+--------+-------+-----+

+ Detail: 
    * Instance: 
    N/A

    * DSP: 
    N/A

    * Memory: 
    N/A

    * FIFO: 
    N/A

    * Expression: 
    +--------------------------------+----------+----+---+----+------------+------------+
    |          Variable Name         | Operation| DSP| FF| LUT| Bitwidth P0| Bitwidth P1|
    +--------------------------------+----------+----+---+----+------------+------------+
    |add_ln71_fu_141_p2              |         +|   0|  0|  39|          32|           1|
    |add_ln73_fu_153_p2              |         +|   0|  0|  39|          32|          32|
    |and_ln73_fu_216_p2              |       and|   0|  0|   2|           1|           1|
    |icmp_ln71_fu_135_p2             |      icmp|   0|  0|  39|          32|          32|
    |icmp_ln73_1_fu_207_p2           |      icmp|   0|  0|  30|          23|           1|
    |icmp_ln73_fu_202_p2             |      icmp|   0|  0|  15|           8|           2|
    |ap_block_pp0_stage0_00001_grp1  |        or|   0|  0|   2|           1|           1|
    |ap_block_pp0_stage0_11001       |        or|   0|  0|   2|           1|           1|
    |or_ln73_fu_212_p2               |        or|   0|  0|   2|           1|           1|
    |empty_97_fu_222_p3              |    select|   0|  0|  32|           1|          32|
    |ap_enable_pp0                   |       xor|   0|  0|   2|           1|           2|
    +--------------------------------+----------+----+---+----+------------+------------+
    |Total                           |          |   0|  0| 204|         133|         106|
    +--------------------------------+----------+----+---+----+------------+------------+

    * Multiplexer: 
    +-------------------------+----+-----------+-----+-----------+
    |           Name          | LUT| Input Size| Bits| Total Bits|
    +-------------------------+----+-----------+-----+-----------+
    |ap_done_int              |   9|          2|    1|          2|
    |ap_enable_reg_pp0_iter1  |   9|          2|    1|          2|
    |ap_sig_allocacmp_i_2     |   9|          2|   32|         64|
    |gmem_blk_n_AR            |   9|          2|    1|          2|
    |gmem_blk_n_AW            |   9|          2|    1|          2|
    |gmem_blk_n_B             |   9|          2|    1|          2|
    |gmem_blk_n_R             |   9|          2|    1|          2|
    |gmem_blk_n_W             |   9|          2|    1|          2|
    |i_fu_74                  |   9|          2|   32|         64|
    +-------------------------+----+-----------+-----+-----------+
    |Total                    |  81|         18|   71|        142|
    +-------------------------+----+-----------+-----+-----------+

    * Register: 
    +---------------------------------------+----+----+-----+-----------+
    |                  Name                 | FF | LUT| Bits| Const Bits|
    +---------------------------------------+----+----+-----+-----------+
    |ap_CS_fsm                              |   1|   0|    1|          0|
    |ap_done_reg                            |   1|   0|    1|          0|
    |ap_enable_reg_pp0_iter1                |   1|   0|    1|          0|
    |ap_enable_reg_pp0_iter10               |   1|   0|    1|          0|
    |ap_enable_reg_pp0_iter11               |   1|   0|    1|          0|
    |ap_enable_reg_pp0_iter12               |   1|   0|    1|          0|
    |ap_enable_reg_pp0_iter13               |   1|   0|    1|          0|
    |ap_enable_reg_pp0_iter14               |   1|   0|    1|          0|
    |ap_enable_reg_pp0_iter15               |   1|   0|    1|          0|
    |ap_enable_reg_pp0_iter16               |   1|   0|    1|          0|
    |ap_enable_reg_pp0_iter17               |   1|   0|    1|          0|
    |ap_enable_reg_pp0_iter2                |   1|   0|    1|          0|
    |ap_enable_reg_pp0_iter3                |   1|   0|    1|          0|
    |ap_enable_reg_pp0_iter4                |   1|   0|    1|          0|
    |ap_enable_reg_pp0_iter5                |   1|   0|    1|          0|
    |ap_enable_reg_pp0_iter6                |   1|   0|    1|          0|
    |ap_enable_reg_pp0_iter7                |   1|   0|    1|          0|
    |ap_enable_reg_pp0_iter8                |   1|   0|    1|          0|
    |ap_enable_reg_pp0_iter9                |   1|   0|    1|          0|
    |ap_loop_exit_ready_pp0_iter10_reg      |   1|   0|    1|          0|
    |ap_loop_exit_ready_pp0_iter11_reg      |   1|   0|    1|          0|
    |ap_loop_exit_ready_pp0_iter12_reg      |   1|   0|    1|          0|
    |ap_loop_exit_ready_pp0_iter13_reg      |   1|   0|    1|          0|
    |ap_loop_exit_ready_pp0_iter14_reg      |   1|   0|    1|          0|
    |ap_loop_exit_ready_pp0_iter15_reg      |   1|   0|    1|          0|
    |ap_loop_exit_ready_pp0_iter16_reg      |   1|   0|    1|          0|
    |ap_loop_exit_ready_pp0_iter1_reg       |   1|   0|    1|          0|
    |ap_loop_exit_ready_pp0_iter2_reg       |   1|   0|    1|          0|
    |ap_loop_exit_ready_pp0_iter3_reg       |   1|   0|    1|          0|
    |ap_loop_exit_ready_pp0_iter4_reg       |   1|   0|    1|          0|
    |ap_loop_exit_ready_pp0_iter5_reg       |   1|   0|    1|          0|
    |ap_loop_exit_ready_pp0_iter6_reg       |   1|   0|    1|          0|
    |ap_loop_exit_ready_pp0_iter7_reg       |   1|   0|    1|          0|
    |ap_loop_exit_ready_pp0_iter8_reg       |   1|   0|    1|          0|
    |ap_loop_exit_ready_pp0_iter9_reg       |   1|   0|    1|          0|
    |empty_97_reg_285                       |  32|   0|   32|          0|
    |gmem_addr_read_reg_254                 |  32|   0|   32|          0|
    |gmem_addr_read_reg_254_pp0_iter10_reg  |  32|   0|   32|          0|
    |gmem_addr_reg_245                      |  32|   0|   32|          0|
    |i_fu_74                                |  32|   0|   32|          0|
    |icmp_ln73_1_reg_280                    |   1|   0|    1|          0|
    |icmp_ln73_reg_275                      |   1|   0|    1|          0|
    |tmp_22_reg_260                         |   8|   0|    8|          0|
    |trunc_ln73_2_reg_240                   |  30|   0|   30|          0|
    |trunc_ln73_reg_265                     |  23|   0|   23|          0|
    |gmem_addr_reg_245                      |  64|  32|   32|          0|
    +---------------------------------------+----+----+-----+-----------+
    |Total                                  | 322|  32|  290|          0|
    +---------------------------------------+----+----+-----+-----------+



================================================================
== Interface
================================================================
* Summary: 
+-----------------------+-----+-----+------------+----------------------------------+--------------+
|       RTL Ports       | Dir | Bits|  Protocol  |           Source Object          |    C Type    |
+-----------------------+-----+-----+------------+----------------------------------+--------------+
|ap_clk                 |   in|    1|  ap_ctrl_hs|  cifar10_Pipeline_VITIS_LOOP_71_1|  return value|
|ap_rst                 |   in|    1|  ap_ctrl_hs|  cifar10_Pipeline_VITIS_LOOP_71_1|  return value|
|ap_start               |   in|    1|  ap_ctrl_hs|  cifar10_Pipeline_VITIS_LOOP_71_1|  return value|
|ap_done                |  out|    1|  ap_ctrl_hs|  cifar10_Pipeline_VITIS_LOOP_71_1|  return value|
|ap_idle                |  out|    1|  ap_ctrl_hs|  cifar10_Pipeline_VITIS_LOOP_71_1|  return value|
|ap_ready               |  out|    1|  ap_ctrl_hs|  cifar10_Pipeline_VITIS_LOOP_71_1|  return value|
|grp_fu_1758_p_din0     |  out|   32|  ap_ctrl_hs|  cifar10_Pipeline_VITIS_LOOP_71_1|  return value|
|grp_fu_1758_p_din1     |  out|   32|  ap_ctrl_hs|  cifar10_Pipeline_VITIS_LOOP_71_1|  return value|
|grp_fu_1758_p_opcode   |  out|    5|  ap_ctrl_hs|  cifar10_Pipeline_VITIS_LOOP_71_1|  return value|
|grp_fu_1758_p_dout0    |   in|    1|  ap_ctrl_hs|  cifar10_Pipeline_VITIS_LOOP_71_1|  return value|
|grp_fu_1758_p_ce       |  out|    1|  ap_ctrl_hs|  cifar10_Pipeline_VITIS_LOOP_71_1|  return value|
|m_axi_gmem_0_AWVALID   |  out|    1|       m_axi|                              gmem|       pointer|
|m_axi_gmem_0_AWREADY   |   in|    1|       m_axi|                              gmem|       pointer|
|m_axi_gmem_0_AWADDR    |  out|   32|       m_axi|                              gmem|       pointer|
|m_axi_gmem_0_AWID      |  out|    1|       m_axi|                              gmem|       pointer|
|m_axi_gmem_0_AWLEN     |  out|   32|       m_axi|                              gmem|       pointer|
|m_axi_gmem_0_AWSIZE    |  out|    3|       m_axi|                              gmem|       pointer|
|m_axi_gmem_0_AWBURST   |  out|    2|       m_axi|                              gmem|       pointer|
|m_axi_gmem_0_AWLOCK    |  out|    2|       m_axi|                              gmem|       pointer|
|m_axi_gmem_0_AWCACHE   |  out|    4|       m_axi|                              gmem|       pointer|
|m_axi_gmem_0_AWPROT    |  out|    3|       m_axi|                              gmem|       pointer|
|m_axi_gmem_0_AWQOS     |  out|    4|       m_axi|                              gmem|       pointer|
|m_axi_gmem_0_AWREGION  |  out|    4|       m_axi|                              gmem|       pointer|
|m_axi_gmem_0_AWUSER    |  out|    1|       m_axi|                              gmem|       pointer|
|m_axi_gmem_0_WVALID    |  out|    1|       m_axi|                              gmem|       pointer|
|m_axi_gmem_0_WREADY    |   in|    1|       m_axi|                              gmem|       pointer|
|m_axi_gmem_0_WDATA     |  out|   32|       m_axi|                              gmem|       pointer|
|m_axi_gmem_0_WSTRB     |  out|    4|       m_axi|                              gmem|       pointer|
|m_axi_gmem_0_WLAST     |  out|    1|       m_axi|                              gmem|       pointer|
|m_axi_gmem_0_WID       |  out|    1|       m_axi|                              gmem|       pointer|
|m_axi_gmem_0_WUSER     |  out|    1|       m_axi|                              gmem|       pointer|
|m_axi_gmem_0_ARVALID   |  out|    1|       m_axi|                              gmem|       pointer|
|m_axi_gmem_0_ARREADY   |   in|    1|       m_axi|                              gmem|       pointer|
|m_axi_gmem_0_ARADDR    |  out|   32|       m_axi|                              gmem|       pointer|
|m_axi_gmem_0_ARID      |  out|    1|       m_axi|                              gmem|       pointer|
|m_axi_gmem_0_ARLEN     |  out|   32|       m_axi|                              gmem|       pointer|
|m_axi_gmem_0_ARSIZE    |  out|    3|       m_axi|                              gmem|       pointer|
|m_axi_gmem_0_ARBURST   |  out|    2|       m_axi|                              gmem|       pointer|
|m_axi_gmem_0_ARLOCK    |  out|    2|       m_axi|                              gmem|       pointer|
|m_axi_gmem_0_ARCACHE   |  out|    4|       m_axi|                              gmem|       pointer|
|m_axi_gmem_0_ARPROT    |  out|    3|       m_axi|                              gmem|       pointer|
|m_axi_gmem_0_ARQOS     |  out|    4|       m_axi|                              gmem|       pointer|
|m_axi_gmem_0_ARREGION  |  out|    4|       m_axi|                              gmem|       pointer|
|m_axi_gmem_0_ARUSER    |  out|    1|       m_axi|                              gmem|       pointer|
|m_axi_gmem_0_RVALID    |   in|    1|       m_axi|                              gmem|       pointer|
|m_axi_gmem_0_RREADY    |  out|    1|       m_axi|                              gmem|       pointer|
|m_axi_gmem_0_RDATA     |   in|   32|       m_axi|                              gmem|       pointer|
|m_axi_gmem_0_RLAST     |   in|    1|       m_axi|                              gmem|       pointer|
|m_axi_gmem_0_RID       |   in|    1|       m_axi|                              gmem|       pointer|
|m_axi_gmem_0_RFIFONUM  |   in|    9|       m_axi|                              gmem|       pointer|
|m_axi_gmem_0_RUSER     |   in|    1|       m_axi|                              gmem|       pointer|
|m_axi_gmem_0_RRESP     |   in|    2|       m_axi|                              gmem|       pointer|
|m_axi_gmem_0_BVALID    |   in|    1|       m_axi|                              gmem|       pointer|
|m_axi_gmem_0_BREADY    |  out|    1|       m_axi|                              gmem|       pointer|
|m_axi_gmem_0_BRESP     |   in|    2|       m_axi|                              gmem|       pointer|
|m_axi_gmem_0_BID       |   in|    1|       m_axi|                              gmem|       pointer|
|m_axi_gmem_0_BUSER     |   in|    1|       m_axi|                              gmem|       pointer|
|neurons_dense_1_size   |   in|   32|     ap_none|              neurons_dense_1_size|        scalar|
|dense_layer_1_output   |   in|   32|     ap_none|              dense_layer_1_output|        scalar|
+-----------------------+-----+-----+------------+----------------------------------+--------------+

============================================================
+ Verbose Summary: Synthesis Manager
============================================================
InlineROM: 1
ExposeGlobal: 0
============================================================
+ Verbose Summary: CDFG Model
============================================================
IsTopModel: 0
ResetActiveHigh: 1
IsCombinational: 2
IsDatapathOnly: 2
HasWiredReturn: 1
HasMFsm: 2
HasVarLatency: 1
IsPipeline: 0
IsRtlPipelined: 0
IsInstanceOverlapped: 0
IsDontTouch: 0
HasImplIP: 0
IsGatedGlobalClock: 0

+ Individual pipeline summary: 
  * Pipeline-0: initiation interval (II) = 1, depth = 18


============================================================
+ Verbose Summary: Schedule
============================================================
* Number of FSM states : 18
* Pipeline : 1
  Pipeline-0 : II = 1, D = 18, States = { 1 2 3 4 5 6 7 8 9 10 11 12 13 14 15 16 17 18 }
* Dataflow Pipeline: 0

* FSM state transitions: 
1 --> 2 
2 --> 3 
3 --> 4 
4 --> 5 
5 --> 6 
6 --> 7 
7 --> 8 
8 --> 9 
9 --> 10 
10 --> 11 
11 --> 12 
12 --> 13 
13 --> 14 
14 --> 15 
15 --> 16 
16 --> 17 
17 --> 18 
18 --> 

* FSM state operations: 

State 1 <SV = 0> <Delay = 5.72>
ST_1 : Operation 21 [1/1] (0.00ns)   --->   "%i = alloca i32 1" [cpu_functions.cpp:71->cpu_functions.cpp:187]   --->   Operation 21 'alloca' 'i' <Predicate = true> <Delay = 0.00>
ST_1 : Operation 22 [1/1] (0.00ns)   --->   "%specinterface_ln0 = specinterface void @_ssdm_op_SpecInterface, i32 %gmem, void @empty_0, i32 0, i32 0, void @empty_14, i32 0, i32 0, void @empty, void @empty_20, void @empty_14, i32 16, i32 16, i32 16, i32 16, void @empty_14, void @empty_14, i32 4294967295, i32 0, i32 0, i32 4"   --->   Operation 22 'specinterface' 'specinterface_ln0' <Predicate = true> <Delay = 0.00>
ST_1 : Operation 23 [1/1] (0.00ns)   --->   "%dense_layer_1_output_read = read i32 @_ssdm_op_Read.ap_auto.i32, i32 %dense_layer_1_output"   --->   Operation 23 'read' 'dense_layer_1_output_read' <Predicate = true> <Delay = 0.00>
ST_1 : Operation 24 [1/1] (0.00ns)   --->   "%neurons_dense_1_size_read = read i32 @_ssdm_op_Read.ap_auto.i32, i32 %neurons_dense_1_size"   --->   Operation 24 'read' 'neurons_dense_1_size_read' <Predicate = true> <Delay = 0.00>
ST_1 : Operation 25 [1/1] (1.58ns)   --->   "%store_ln71 = store i32 0, i32 %i" [cpu_functions.cpp:71->cpu_functions.cpp:187]   --->   Operation 25 'store' 'store_ln71' <Predicate = true> <Delay = 1.58>
ST_1 : Operation 26 [1/1] (0.00ns)   --->   "%br_ln0 = br void %for.body.i"   --->   Operation 26 'br' 'br_ln0' <Predicate = true> <Delay = 0.00>
ST_1 : Operation 27 [1/1] (0.00ns)   --->   "%i_2 = load i32 %i" [cpu_functions.cpp:71->cpu_functions.cpp:187]   --->   Operation 27 'load' 'i_2' <Predicate = true> <Delay = 0.00>
ST_1 : Operation 28 [1/1] (0.00ns)   --->   "%specbitsmap_ln0 = specbitsmap void @_ssdm_op_SpecBitsMap, i32 %gmem"   --->   Operation 28 'specbitsmap' 'specbitsmap_ln0' <Predicate = true> <Delay = 0.00>
ST_1 : Operation 29 [1/1] (2.55ns)   --->   "%icmp_ln71 = icmp_eq  i32 %i_2, i32 %neurons_dense_1_size_read" [cpu_functions.cpp:71->cpu_functions.cpp:187]   --->   Operation 29 'icmp' 'icmp_ln71' <Predicate = true> <Delay = 2.55> <CoreInst = "Cmp">   --->   Core 9 'Cmp' <Latency = 0> <II = 1> <Delay = 2.55> <FuncUnit> <Opcode : 'seteq' 'setne' 'setle' 'setge' 'setlt' 'setgt'> <InPorts = 2> <OutPorts = 1>
ST_1 : Operation 30 [1/1] (0.00ns)   --->   "%empty = speclooptripcount i32 @_ssdm_op_SpecLoopTripCount, i64 1, i64 18446744073709551615, i64 0"   --->   Operation 30 'speclooptripcount' 'empty' <Predicate = true> <Delay = 0.00>
ST_1 : Operation 31 [1/1] (2.55ns)   --->   "%add_ln71 = add i32 %i_2, i32 1" [cpu_functions.cpp:71->cpu_functions.cpp:187]   --->   Operation 31 'add' 'add_ln71' <Predicate = true> <Delay = 2.55> <CoreInst = "Adder">   --->   Core 1 'Adder' <Latency = 0> <II = 1> <Delay = 2.55> <FuncUnit> <Opcode : 'add' 'sub'> <InPorts = 2> <OutPorts = 1>
ST_1 : Operation 32 [1/1] (0.00ns)   --->   "%br_ln71 = br i1 %icmp_ln71, void %for.body.i.split, void %_Z11relu_linearPKfPfi.exit.loopexit.exitStub" [cpu_functions.cpp:71->cpu_functions.cpp:187]   --->   Operation 32 'br' 'br_ln71' <Predicate = true> <Delay = 0.00>
ST_1 : Operation 33 [1/1] (0.00ns) (grouped into LUT with out node add_ln73)   --->   "%shl_ln73 = shl i32 %i_2, i32 2" [cpu_functions.cpp:73->cpu_functions.cpp:187]   --->   Operation 33 'shl' 'shl_ln73' <Predicate = (!icmp_ln71)> <Delay = 0.00>
ST_1 : Operation 34 [1/1] (2.55ns) (out node of the LUT)   --->   "%add_ln73 = add i32 %shl_ln73, i32 %dense_layer_1_output_read" [cpu_functions.cpp:73->cpu_functions.cpp:187]   --->   Operation 34 'add' 'add_ln73' <Predicate = (!icmp_ln71)> <Delay = 2.55> <CoreInst = "Adder">   --->   Core 1 'Adder' <Latency = 0> <II = 1> <Delay = 2.55> <FuncUnit> <Opcode : 'add' 'sub'> <InPorts = 2> <OutPorts = 1>
ST_1 : Operation 35 [1/1] (0.00ns)   --->   "%trunc_ln73_2 = partselect i30 @_ssdm_op_PartSelect.i30.i32.i32.i32, i32 %add_ln73, i32 2, i32 31" [cpu_functions.cpp:73->cpu_functions.cpp:187]   --->   Operation 35 'partselect' 'trunc_ln73_2' <Predicate = (!icmp_ln71)> <Delay = 0.00>
ST_1 : Operation 36 [1/1] (1.58ns)   --->   "%store_ln71 = store i32 %add_ln71, i32 %i" [cpu_functions.cpp:71->cpu_functions.cpp:187]   --->   Operation 36 'store' 'store_ln71' <Predicate = (!icmp_ln71)> <Delay = 1.58>

State 2 <SV = 1> <Delay = 7.30>
ST_2 : Operation 37 [1/1] (0.00ns)   --->   "%sext_ln73 = sext i30 %trunc_ln73_2" [cpu_functions.cpp:73->cpu_functions.cpp:187]   --->   Operation 37 'sext' 'sext_ln73' <Predicate = true> <Delay = 0.00>
ST_2 : Operation 38 [1/1] (0.00ns)   --->   "%gmem_addr = getelementptr i32 %gmem, i32 %sext_ln73" [cpu_functions.cpp:73->cpu_functions.cpp:187]   --->   Operation 38 'getelementptr' 'gmem_addr' <Predicate = true> <Delay = 0.00>
ST_2 : Operation 39 [8/8] (7.30ns)   --->   "%gmem_load_7_req = readreq i1 @_ssdm_op_ReadReq.m_axi.i32P1A, i32 %gmem_addr, i32 1" [cpu_functions.cpp:73->cpu_functions.cpp:187]   --->   Operation 39 'readreq' 'gmem_load_7_req' <Predicate = true> <Delay = 7.30> <CoreInst = "m_axi">   --->   Core 111 'm_axi' <Latency = 6> <II = 1> <Delay = 1.00> <Adapter> <Opcode : 'readrequnaligned' 'writerequnaligned' 'read' 'write' 'readreq' 'writereq' 'writeresp'>

State 3 <SV = 2> <Delay = 0.00>
ST_3 : Operation 40 [7/8] (7.30ns)   --->   "%gmem_load_7_req = readreq i1 @_ssdm_op_ReadReq.m_axi.i32P1A, i32 %gmem_addr, i32 1" [cpu_functions.cpp:73->cpu_functions.cpp:187]   --->   Operation 40 'readreq' 'gmem_load_7_req' <Predicate = true> <Delay = 7.30> <CoreInst = "m_axi">   --->   Core 111 'm_axi' <Latency = 6> <II = 1> <Delay = 1.00> <Adapter> <Opcode : 'readrequnaligned' 'writerequnaligned' 'read' 'write' 'readreq' 'writereq' 'writeresp'>

State 4 <SV = 3> <Delay = 0.00>
ST_4 : Operation 41 [6/8] (7.30ns)   --->   "%gmem_load_7_req = readreq i1 @_ssdm_op_ReadReq.m_axi.i32P1A, i32 %gmem_addr, i32 1" [cpu_functions.cpp:73->cpu_functions.cpp:187]   --->   Operation 41 'readreq' 'gmem_load_7_req' <Predicate = true> <Delay = 7.30> <CoreInst = "m_axi">   --->   Core 111 'm_axi' <Latency = 6> <II = 1> <Delay = 1.00> <Adapter> <Opcode : 'readrequnaligned' 'writerequnaligned' 'read' 'write' 'readreq' 'writereq' 'writeresp'>

State 5 <SV = 4> <Delay = 0.00>
ST_5 : Operation 42 [5/8] (7.30ns)   --->   "%gmem_load_7_req = readreq i1 @_ssdm_op_ReadReq.m_axi.i32P1A, i32 %gmem_addr, i32 1" [cpu_functions.cpp:73->cpu_functions.cpp:187]   --->   Operation 42 'readreq' 'gmem_load_7_req' <Predicate = true> <Delay = 7.30> <CoreInst = "m_axi">   --->   Core 111 'm_axi' <Latency = 6> <II = 1> <Delay = 1.00> <Adapter> <Opcode : 'readrequnaligned' 'writerequnaligned' 'read' 'write' 'readreq' 'writereq' 'writeresp'>

State 6 <SV = 5> <Delay = 0.00>
ST_6 : Operation 43 [4/8] (7.30ns)   --->   "%gmem_load_7_req = readreq i1 @_ssdm_op_ReadReq.m_axi.i32P1A, i32 %gmem_addr, i32 1" [cpu_functions.cpp:73->cpu_functions.cpp:187]   --->   Operation 43 'readreq' 'gmem_load_7_req' <Predicate = true> <Delay = 7.30> <CoreInst = "m_axi">   --->   Core 111 'm_axi' <Latency = 6> <II = 1> <Delay = 1.00> <Adapter> <Opcode : 'readrequnaligned' 'writerequnaligned' 'read' 'write' 'readreq' 'writereq' 'writeresp'>

State 7 <SV = 6> <Delay = 0.00>
ST_7 : Operation 44 [3/8] (7.30ns)   --->   "%gmem_load_7_req = readreq i1 @_ssdm_op_ReadReq.m_axi.i32P1A, i32 %gmem_addr, i32 1" [cpu_functions.cpp:73->cpu_functions.cpp:187]   --->   Operation 44 'readreq' 'gmem_load_7_req' <Predicate = true> <Delay = 7.30> <CoreInst = "m_axi">   --->   Core 111 'm_axi' <Latency = 6> <II = 1> <Delay = 1.00> <Adapter> <Opcode : 'readrequnaligned' 'writerequnaligned' 'read' 'write' 'readreq' 'writereq' 'writeresp'>

State 8 <SV = 7> <Delay = 0.00>
ST_8 : Operation 45 [2/8] (7.30ns)   --->   "%gmem_load_7_req = readreq i1 @_ssdm_op_ReadReq.m_axi.i32P1A, i32 %gmem_addr, i32 1" [cpu_functions.cpp:73->cpu_functions.cpp:187]   --->   Operation 45 'readreq' 'gmem_load_7_req' <Predicate = true> <Delay = 7.30> <CoreInst = "m_axi">   --->   Core 111 'm_axi' <Latency = 6> <II = 1> <Delay = 1.00> <Adapter> <Opcode : 'readrequnaligned' 'writerequnaligned' 'read' 'write' 'readreq' 'writereq' 'writeresp'>

State 9 <SV = 8> <Delay = 7.30>
ST_9 : Operation 46 [1/8] ( I:7.30ns O:7.30ns )   --->   "%gmem_load_7_req = readreq i1 @_ssdm_op_ReadReq.m_axi.i32P1A, i32 %gmem_addr, i32 1" [cpu_functions.cpp:73->cpu_functions.cpp:187]   --->   Operation 46 'readreq' 'gmem_load_7_req' <Predicate = true> <Delay = 7.30> <CoreInst = "m_axi">   --->   Core 111 'm_axi' <Latency = 6> <II = 1> <Delay = 1.00> <Adapter> <Opcode : 'readrequnaligned' 'writerequnaligned' 'read' 'write' 'readreq' 'writereq' 'writeresp'>

State 10 <SV = 9> <Delay = 7.30>
ST_10 : Operation 47 [1/1] ( I:7.30ns O:7.30ns )   --->   "%gmem_addr_read = read i32 @_ssdm_op_Read.m_axi.i32P1A, i32 %gmem_addr" [cpu_functions.cpp:73->cpu_functions.cpp:187]   --->   Operation 47 'read' 'gmem_addr_read' <Predicate = true> <Delay = 7.30> <CoreInst = "m_axi">   --->   Core 111 'm_axi' <Latency = 3> <II = 1> <Delay = 1.00> <Adapter> <Opcode : 'readrequnaligned' 'writerequnaligned' 'read' 'write' 'readreq' 'writereq' 'writeresp'>
ST_10 : Operation 48 [1/1] (0.00ns)   --->   "%tmp_22 = partselect i8 @_ssdm_op_PartSelect.i8.i32.i32.i32, i32 %gmem_addr_read, i32 23, i32 30" [cpu_functions.cpp:73->cpu_functions.cpp:187]   --->   Operation 48 'partselect' 'tmp_22' <Predicate = true> <Delay = 0.00>
ST_10 : Operation 49 [1/1] (0.00ns)   --->   "%trunc_ln73 = trunc i32 %gmem_addr_read" [cpu_functions.cpp:73->cpu_functions.cpp:187]   --->   Operation 49 'trunc' 'trunc_ln73' <Predicate = true> <Delay = 0.00>

State 11 <SV = 10> <Delay = 5.43>
ST_11 : Operation 50 [1/1] (0.00ns)   --->   "%bitcast_ln73 = bitcast i32 %gmem_addr_read" [cpu_functions.cpp:73->cpu_functions.cpp:187]   --->   Operation 50 'bitcast' 'bitcast_ln73' <Predicate = true> <Delay = 0.00>
ST_11 : Operation 51 [1/1] (1.91ns)   --->   "%icmp_ln73 = icmp_ne  i8 %tmp_22, i8 255" [cpu_functions.cpp:73->cpu_functions.cpp:187]   --->   Operation 51 'icmp' 'icmp_ln73' <Predicate = true> <Delay = 1.91> <CoreInst = "Cmp">   --->   Core 9 'Cmp' <Latency = 0> <II = 1> <Delay = 1.91> <FuncUnit> <Opcode : 'seteq' 'setne' 'setle' 'setge' 'setlt' 'setgt'> <InPorts = 2> <OutPorts = 1>
ST_11 : Operation 52 [1/1] (2.28ns)   --->   "%icmp_ln73_1 = icmp_eq  i23 %trunc_ln73, i23 0" [cpu_functions.cpp:73->cpu_functions.cpp:187]   --->   Operation 52 'icmp' 'icmp_ln73_1' <Predicate = true> <Delay = 2.28> <CoreInst = "Cmp">   --->   Core 9 'Cmp' <Latency = 0> <II = 1> <Delay = 2.28> <FuncUnit> <Opcode : 'seteq' 'setne' 'setle' 'setge' 'setlt' 'setgt'> <InPorts = 2> <OutPorts = 1>
ST_11 : Operation 53 [2/2] (5.43ns)   --->   "%tmp_23 = fcmp_ogt  i32 %bitcast_ln73, i32 0" [cpu_functions.cpp:73->cpu_functions.cpp:187]   --->   Operation 53 'fcmp' 'tmp_23' <Predicate = true> <Delay = 5.43> <CoreInst = "FCompare">   --->   Core 19 'FCompare' <Latency = 1> <II = 1> <Delay = 5.43> <FuncUnit> <Opcode : 'fcmp'> <InPorts = 2> <OutPorts = 1>

State 12 <SV = 11> <Delay = 7.30>
ST_12 : Operation 54 [1/1] (0.00ns) (grouped into LUT with out node and_ln73)   --->   "%or_ln73 = or i1 %icmp_ln73_1, i1 %icmp_ln73" [cpu_functions.cpp:73->cpu_functions.cpp:187]   --->   Operation 54 'or' 'or_ln73' <Predicate = true> <Delay = 0.00> <CoreInst = "LogicGate">   --->   Core 74 'LogicGate' <Latency = 0> <II = 1> <Delay = 0.97> <FuncUnit> <Opcode : 'and' 'or' 'xor'> <InPorts = 2> <OutPorts = 1>
ST_12 : Operation 55 [1/2] (5.43ns)   --->   "%tmp_23 = fcmp_ogt  i32 %bitcast_ln73, i32 0" [cpu_functions.cpp:73->cpu_functions.cpp:187]   --->   Operation 55 'fcmp' 'tmp_23' <Predicate = true> <Delay = 5.43> <CoreInst = "FCompare">   --->   Core 19 'FCompare' <Latency = 1> <II = 1> <Delay = 5.43> <FuncUnit> <Opcode : 'fcmp'> <InPorts = 2> <OutPorts = 1>
ST_12 : Operation 56 [1/1] (0.97ns) (out node of the LUT)   --->   "%and_ln73 = and i1 %or_ln73, i1 %tmp_23" [cpu_functions.cpp:73->cpu_functions.cpp:187]   --->   Operation 56 'and' 'and_ln73' <Predicate = true> <Delay = 0.97> <CoreInst = "LogicGate">   --->   Core 74 'LogicGate' <Latency = 0> <II = 1> <Delay = 0.97> <FuncUnit> <Opcode : 'and' 'or' 'xor'> <InPorts = 2> <OutPorts = 1>
ST_12 : Operation 57 [1/1] (0.69ns)   --->   "%empty_97 = select i1 %and_ln73, i32 %gmem_addr_read, i32 0" [cpu_functions.cpp:73->cpu_functions.cpp:187]   --->   Operation 57 'select' 'empty_97' <Predicate = true> <Delay = 0.69> <CoreInst = "Sel">   --->   Core 73 'Sel' <Latency = 0> <II = 1> <Delay = 0.69> <FuncUnit> <Opcode : 'select'> <InPorts = 3> <OutPorts = 1>
ST_12 : Operation 58 [1/1] ( I:7.30ns O:7.30ns )   --->   "%gmem_addr_13_req = writereq i1 @_ssdm_op_WriteReq.m_axi.i32P1A, i32 %gmem_addr, i32 1" [cpu_functions.cpp:73->cpu_functions.cpp:187]   --->   Operation 58 'writereq' 'gmem_addr_13_req' <Predicate = true> <Delay = 7.30> <CoreInst = "m_axi">   --->   Core 111 'm_axi' <Latency = 9> <II = 1> <Delay = 1.00> <Adapter> <Opcode : 'readrequnaligned' 'writerequnaligned' 'read' 'write' 'readreq' 'writereq' 'writeresp'>

State 13 <SV = 12> <Delay = 7.30>
ST_13 : Operation 59 [1/1] ( I:7.30ns O:7.30ns )   --->   "%write_ln73 = write void @_ssdm_op_Write.m_axi.i32P1A, i32 %gmem_addr, i32 %empty_97, i4 15" [cpu_functions.cpp:73->cpu_functions.cpp:187]   --->   Operation 59 'write' 'write_ln73' <Predicate = true> <Delay = 7.30> <CoreInst = "m_axi">   --->   Core 111 'm_axi' <Latency = 5> <II = 1> <Delay = 1.00> <Adapter> <Opcode : 'readrequnaligned' 'writerequnaligned' 'read' 'write' 'readreq' 'writereq' 'writeresp'>

State 14 <SV = 13> <Delay = 0.00>
ST_14 : Operation 60 [5/5] (7.30ns)   --->   "%gmem_addr_13_resp = writeresp i1 @_ssdm_op_WriteResp.m_axi.i32P1A, i32 %gmem_addr" [cpu_functions.cpp:73->cpu_functions.cpp:187]   --->   Operation 60 'writeresp' 'gmem_addr_13_resp' <Predicate = true> <Delay = 7.30> <CoreInst = "m_axi">   --->   Core 111 'm_axi' <Latency = 3> <II = 1> <Delay = 1.00> <Adapter> <Opcode : 'readrequnaligned' 'writerequnaligned' 'read' 'write' 'readreq' 'writereq' 'writeresp'>

State 15 <SV = 14> <Delay = 0.00>
ST_15 : Operation 61 [4/5] (7.30ns)   --->   "%gmem_addr_13_resp = writeresp i1 @_ssdm_op_WriteResp.m_axi.i32P1A, i32 %gmem_addr" [cpu_functions.cpp:73->cpu_functions.cpp:187]   --->   Operation 61 'writeresp' 'gmem_addr_13_resp' <Predicate = true> <Delay = 7.30> <CoreInst = "m_axi">   --->   Core 111 'm_axi' <Latency = 3> <II = 1> <Delay = 1.00> <Adapter> <Opcode : 'readrequnaligned' 'writerequnaligned' 'read' 'write' 'readreq' 'writereq' 'writeresp'>

State 16 <SV = 15> <Delay = 0.00>
ST_16 : Operation 62 [3/5] (7.30ns)   --->   "%gmem_addr_13_resp = writeresp i1 @_ssdm_op_WriteResp.m_axi.i32P1A, i32 %gmem_addr" [cpu_functions.cpp:73->cpu_functions.cpp:187]   --->   Operation 62 'writeresp' 'gmem_addr_13_resp' <Predicate = true> <Delay = 7.30> <CoreInst = "m_axi">   --->   Core 111 'm_axi' <Latency = 3> <II = 1> <Delay = 1.00> <Adapter> <Opcode : 'readrequnaligned' 'writerequnaligned' 'read' 'write' 'readreq' 'writereq' 'writeresp'>

State 17 <SV = 16> <Delay = 1.58>
ST_17 : Operation 63 [2/5] (7.30ns)   --->   "%gmem_addr_13_resp = writeresp i1 @_ssdm_op_WriteResp.m_axi.i32P1A, i32 %gmem_addr" [cpu_functions.cpp:73->cpu_functions.cpp:187]   --->   Operation 63 'writeresp' 'gmem_addr_13_resp' <Predicate = true> <Delay = 7.30> <CoreInst = "m_axi">   --->   Core 111 'm_axi' <Latency = 3> <II = 1> <Delay = 1.00> <Adapter> <Opcode : 'readrequnaligned' 'writerequnaligned' 'read' 'write' 'readreq' 'writereq' 'writeresp'>
ST_17 : Operation 68 [1/1] (1.58ns)   --->   "%ret_ln0 = ret"   --->   Operation 68 'ret' 'ret_ln0' <Predicate = (icmp_ln71)> <Delay = 1.58>

State 18 <SV = 17> <Delay = 7.30>
ST_18 : Operation 64 [1/1] (0.00ns)   --->   "%specpipeline_ln71 = specpipeline void @_ssdm_op_SpecPipeline, i32 4294967295, i32 0, i32 0, i32 0, i32 4294967295, void @empty_14" [cpu_functions.cpp:71->cpu_functions.cpp:187]   --->   Operation 64 'specpipeline' 'specpipeline_ln71' <Predicate = true> <Delay = 0.00>
ST_18 : Operation 65 [1/1] (0.00ns)   --->   "%specloopname_ln71 = specloopname void @_ssdm_op_SpecLoopName, void @empty_9" [cpu_functions.cpp:71->cpu_functions.cpp:187]   --->   Operation 65 'specloopname' 'specloopname_ln71' <Predicate = true> <Delay = 0.00>
ST_18 : Operation 66 [1/5] ( I:7.30ns O:7.30ns )   --->   "%gmem_addr_13_resp = writeresp i1 @_ssdm_op_WriteResp.m_axi.i32P1A, i32 %gmem_addr" [cpu_functions.cpp:73->cpu_functions.cpp:187]   --->   Operation 66 'writeresp' 'gmem_addr_13_resp' <Predicate = true> <Delay = 7.30> <CoreInst = "m_axi">   --->   Core 111 'm_axi' <Latency = 3> <II = 1> <Delay = 1.00> <Adapter> <Opcode : 'readrequnaligned' 'writerequnaligned' 'read' 'write' 'readreq' 'writereq' 'writeresp'>
ST_18 : Operation 67 [1/1] (0.00ns)   --->   "%br_ln71 = br void %for.body.i" [cpu_functions.cpp:71->cpu_functions.cpp:187]   --->   Operation 67 'br' 'br_ln71' <Predicate = true> <Delay = 0.00>


============================================================
+ Verbose Summary: Binding
============================================================
STG Binding: 
---------------- STG Properties BEGIN ----------------
- Is combinational: 0
- Is one-state seq: 0
- Is datapath-only: 0
- Is pipelined: 0
- Is top level: 0
Port [ Return ] is wired: 1; IO mode=ap_ctrl_hs:ce=0
Port [ gmem]:  wired=1; compound=1; hidden=0; nouse=0; global=0; static=0; extern=0; dir=2; type=4; pingpong=0; private_global=0; IO mode=m_axi:ce=0
Port [ neurons_dense_1_size]:  wired=1; compound=0; hidden=0; nouse=0; global=0; static=0; extern=0; dir=0; type=0; pingpong=0; private_global=0; IO mode=ap_none:ce=0
Port [ dense_layer_1_output]:  wired=1; compound=0; hidden=0; nouse=0; global=0; static=0; extern=0; dir=0; type=0; pingpong=0; private_global=0; IO mode=ap_none:ce=0
---------------- STG Properties END ------------------

---------------- Datapath Model BEGIN ----------------

<LifeTime>
<method=bitvector/>
i                         (alloca           ) [ 0100000000000000000]
specinterface_ln0         (specinterface    ) [ 0000000000000000000]
dense_layer_1_output_read (read             ) [ 0000000000000000000]
neurons_dense_1_size_read (read             ) [ 0000000000000000000]
store_ln71                (store            ) [ 0000000000000000000]
br_ln0                    (br               ) [ 0000000000000000000]
i_2                       (load             ) [ 0000000000000000000]
specbitsmap_ln0           (specbitsmap      ) [ 0000000000000000000]
icmp_ln71                 (icmp             ) [ 0111111111111111110]
empty                     (speclooptripcount) [ 0000000000000000000]
add_ln71                  (add              ) [ 0000000000000000000]
br_ln71                   (br               ) [ 0000000000000000000]
shl_ln73                  (shl              ) [ 0000000000000000000]
add_ln73                  (add              ) [ 0000000000000000000]
trunc_ln73_2              (partselect       ) [ 0110000000000000000]
store_ln71                (store            ) [ 0000000000000000000]
sext_ln73                 (sext             ) [ 0000000000000000000]
gmem_addr                 (getelementptr    ) [ 0101111111111111111]
gmem_load_7_req           (readreq          ) [ 0000000000000000000]
gmem_addr_read            (read             ) [ 0100000000011000000]
tmp_22                    (partselect       ) [ 0100000000010000000]
trunc_ln73                (trunc            ) [ 0100000000010000000]
bitcast_ln73              (bitcast          ) [ 0100000000001000000]
icmp_ln73                 (icmp             ) [ 0100000000001000000]
icmp_ln73_1               (icmp             ) [ 0100000000001000000]
or_ln73                   (or               ) [ 0000000000000000000]
tmp_23                    (fcmp             ) [ 0000000000000000000]
and_ln73                  (and              ) [ 0000000000000000000]
empty_97                  (select           ) [ 0100000000000100000]
gmem_addr_13_req          (writereq         ) [ 0000000000000000000]
write_ln73                (write            ) [ 0000000000000000000]
specpipeline_ln71         (specpipeline     ) [ 0000000000000000000]
specloopname_ln71         (specloopname     ) [ 0000000000000000000]
gmem_addr_13_resp         (writeresp        ) [ 0000000000000000000]
br_ln71                   (br               ) [ 0000000000000000000]
ret_ln0                   (ret              ) [ 0000000000000000000]
</LifeTime>

<model>

<comp_list>
<comp id="0" class="1000" name="gmem">
<pin_list>
<pin id="1" dir="1" index="0" bw="1" slack="0"/>
</pin_list>
<bind>
<StgValue><ssdm name="gmem"/><MemPortTyVec>2 </MemPortTyVec>
</StgValue>
</bind>
</comp>

<comp id="2" class="1000" name="neurons_dense_1_size">
<pin_list>
<pin id="3" dir="1" index="0" bw="1" slack="0"/>
</pin_list>
<bind>
<StgValue><ssdm name="neurons_dense_1_size"/></StgValue>
</bind>
</comp>

<comp id="4" class="1000" name="dense_layer_1_output">
<pin_list>
<pin id="5" dir="1" index="0" bw="1" slack="0"/>
</pin_list>
<bind>
<StgValue><ssdm name="dense_layer_1_output"/></StgValue>
</bind>
</comp>

<comp id="6" class="1001" name="const_6">
<pin_list>
<pin id="7" dir="1" index="0" bw="1" slack="0"/>
</pin_list>
<bind>
<StgValue><ssdm name=""/></StgValue>
</bind>
</comp>

<comp id="8" class="1001" name="const_8">
<pin_list>
<pin id="9" dir="1" index="0" bw="1" slack="2147483647"/>
</pin_list>
<bind>
<StgValue><ssdm name="_ssdm_op_SpecInterface"/></StgValue>
</bind>
</comp>

<comp id="10" class="1001" name="const_10">
<pin_list>
<pin id="11" dir="1" index="0" bw="1" slack="2147483647"/>
</pin_list>
<bind>
<StgValue><ssdm name="empty_0"/></StgValue>
</bind>
</comp>

<comp id="12" class="1001" name="const_12">
<pin_list>
<pin id="13" dir="1" index="0" bw="1" slack="0"/>
</pin_list>
<bind>
<StgValue><ssdm name=""/></StgValue>
</bind>
</comp>

<comp id="14" class="1001" name="const_14">
<pin_list>
<pin id="15" dir="1" index="0" bw="1" slack="2147483647"/>
</pin_list>
<bind>
<StgValue><ssdm name="empty_14"/></StgValue>
</bind>
</comp>

<comp id="16" class="1001" name="const_16">
<pin_list>
<pin id="17" dir="1" index="0" bw="1" slack="2147483647"/>
</pin_list>
<bind>
<StgValue><ssdm name="empty"/></StgValue>
</bind>
</comp>

<comp id="18" class="1001" name="const_18">
<pin_list>
<pin id="19" dir="1" index="0" bw="1" slack="2147483647"/>
</pin_list>
<bind>
<StgValue><ssdm name="empty_20"/></StgValue>
</bind>
</comp>

<comp id="20" class="1001" name="const_20">
<pin_list>
<pin id="21" dir="1" index="0" bw="1" slack="2147483647"/>
</pin_list>
<bind>
<StgValue><ssdm name=""/></StgValue>
</bind>
</comp>

<comp id="22" class="1001" name="const_22">
<pin_list>
<pin id="23" dir="1" index="0" bw="1" slack="2147483647"/>
</pin_list>
<bind>
<StgValue><ssdm name=""/></StgValue>
</bind>
</comp>

<comp id="24" class="1001" name="const_24">
<pin_list>
<pin id="25" dir="1" index="0" bw="1" slack="2147483647"/>
</pin_list>
<bind>
<StgValue><ssdm name=""/></StgValue>
</bind>
</comp>

<comp id="26" class="1001" name="const_26">
<pin_list>
<pin id="27" dir="1" index="0" bw="1" slack="0"/>
</pin_list>
<bind>
<StgValue><ssdm name="_ssdm_op_Read.ap_auto.i32"/></StgValue>
</bind>
</comp>

<comp id="28" class="1001" name="const_28">
<pin_list>
<pin id="29" dir="1" index="0" bw="1" slack="2147483647"/>
</pin_list>
<bind>
<StgValue><ssdm name="_ssdm_op_SpecBitsMap"/></StgValue>
</bind>
</comp>

<comp id="30" class="1001" name="const_30">
<pin_list>
<pin id="31" dir="1" index="0" bw="1" slack="2147483647"/>
</pin_list>
<bind>
<StgValue><ssdm name="_ssdm_op_SpecLoopTripCount"/></StgValue>
</bind>
</comp>

<comp id="32" class="1001" name="const_32">
<pin_list>
<pin id="33" dir="1" index="0" bw="1" slack="2147483647"/>
</pin_list>
<bind>
<StgValue><ssdm name=""/></StgValue>
</bind>
</comp>

<comp id="34" class="1001" name="const_34">
<pin_list>
<pin id="35" dir="1" index="0" bw="1" slack="2147483647"/>
</pin_list>
<bind>
<StgValue><ssdm name=""/></StgValue>
</bind>
</comp>

<comp id="36" class="1001" name="const_36">
<pin_list>
<pin id="37" dir="1" index="0" bw="1" slack="2147483647"/>
</pin_list>
<bind>
<StgValue><ssdm name=""/></StgValue>
</bind>
</comp>

<comp id="38" class="1001" name="const_38">
<pin_list>
<pin id="39" dir="1" index="0" bw="1" slack="0"/>
</pin_list>
<bind>
<StgValue><ssdm name=""/></StgValue>
</bind>
</comp>

<comp id="40" class="1001" name="const_40">
<pin_list>
<pin id="41" dir="1" index="0" bw="1" slack="0"/>
</pin_list>
<bind>
<StgValue><ssdm name="_ssdm_op_PartSelect.i30.i32.i32.i32"/></StgValue>
</bind>
</comp>

<comp id="42" class="1001" name="const_42">
<pin_list>
<pin id="43" dir="1" index="0" bw="1" slack="0"/>
</pin_list>
<bind>
<StgValue><ssdm name=""/></StgValue>
</bind>
</comp>

<comp id="44" class="1001" name="const_44">
<pin_list>
<pin id="45" dir="1" index="0" bw="1" slack="0"/>
</pin_list>
<bind>
<StgValue><ssdm name="_ssdm_op_ReadReq.m_axi.i32P1A"/></StgValue>
</bind>
</comp>

<comp id="46" class="1001" name="const_46">
<pin_list>
<pin id="47" dir="1" index="0" bw="1" slack="0"/>
</pin_list>
<bind>
<StgValue><ssdm name="_ssdm_op_Read.m_axi.i32P1A"/></StgValue>
</bind>
</comp>

<comp id="48" class="1001" name="const_48">
<pin_list>
<pin id="49" dir="1" index="0" bw="1" slack="0"/>
</pin_list>
<bind>
<StgValue><ssdm name="_ssdm_op_PartSelect.i8.i32.i32.i32"/></StgValue>
</bind>
</comp>

<comp id="50" class="1001" name="const_50">
<pin_list>
<pin id="51" dir="1" index="0" bw="1" slack="0"/>
</pin_list>
<bind>
<StgValue><ssdm name=""/></StgValue>
</bind>
</comp>

<comp id="52" class="1001" name="const_52">
<pin_list>
<pin id="53" dir="1" index="0" bw="1" slack="0"/>
</pin_list>
<bind>
<StgValue><ssdm name=""/></StgValue>
</bind>
</comp>

<comp id="54" class="1001" name="const_54">
<pin_list>
<pin id="55" dir="1" index="0" bw="1" slack="0"/>
</pin_list>
<bind>
<StgValue><ssdm name=""/></StgValue>
</bind>
</comp>

<comp id="56" class="1001" name="const_56">
<pin_list>
<pin id="57" dir="1" index="0" bw="1" slack="0"/>
</pin_list>
<bind>
<StgValue><ssdm name=""/></StgValue>
</bind>
</comp>

<comp id="58" class="1001" name="const_58">
<pin_list>
<pin id="59" dir="1" index="0" bw="1" slack="0"/>
</pin_list>
<bind>
<StgValue><ssdm name=""/></StgValue>
</bind>
</comp>

<comp id="60" class="1001" name="const_60">
<pin_list>
<pin id="61" dir="1" index="0" bw="1" slack="0"/>
</pin_list>
<bind>
<StgValue><ssdm name="_ssdm_op_WriteReq.m_axi.i32P1A"/></StgValue>
</bind>
</comp>

<comp id="62" class="1001" name="const_62">
<pin_list>
<pin id="63" dir="1" index="0" bw="1" slack="0"/>
</pin_list>
<bind>
<StgValue><ssdm name="_ssdm_op_Write.m_axi.i32P1A"/></StgValue>
</bind>
</comp>

<comp id="64" class="1001" name="const_64">
<pin_list>
<pin id="65" dir="1" index="0" bw="1" slack="0"/>
</pin_list>
<bind>
<StgValue><ssdm name=""/></StgValue>
</bind>
</comp>

<comp id="66" class="1001" name="const_66">
<pin_list>
<pin id="67" dir="1" index="0" bw="1" slack="0"/>
</pin_list>
<bind>
<StgValue><ssdm name="_ssdm_op_WriteResp.m_axi.i32P1A"/></StgValue>
</bind>
</comp>

<comp id="68" class="1001" name="const_68">
<pin_list>
<pin id="69" dir="1" index="0" bw="1" slack="2147483647"/>
</pin_list>
<bind>
<StgValue><ssdm name="_ssdm_op_SpecPipeline"/></StgValue>
</bind>
</comp>

<comp id="70" class="1001" name="const_70">
<pin_list>
<pin id="71" dir="1" index="0" bw="1" slack="2147483647"/>
</pin_list>
<bind>
<StgValue><ssdm name="_ssdm_op_SpecLoopName"/></StgValue>
</bind>
</comp>

<comp id="72" class="1001" name="const_72">
<pin_list>
<pin id="73" dir="1" index="0" bw="1" slack="2147483647"/>
</pin_list>
<bind>
<StgValue><ssdm name="empty_9"/></StgValue>
</bind>
</comp>

<comp id="74" class="1004" name="i_fu_74">
<pin_list>
<pin id="75" dir="0" index="0" bw="1" slack="0"/>
<pin id="76" dir="1" index="1" bw="32" slack="0"/>
</pin_list>
<bind>
<opcode="alloca(26) " fcode="alloca"/>
<opset="i/1 "/>
</bind>
</comp>

<comp id="78" class="1004" name="dense_layer_1_output_read_read_fu_78">
<pin_list>
<pin id="79" dir="0" index="0" bw="32" slack="0"/>
<pin id="80" dir="0" index="1" bw="32" slack="0"/>
<pin id="81" dir="1" index="2" bw="32" slack="0"/>
</pin_list>
<bind>
<opcode="read(1150) " fcode="read"/>
<opset="dense_layer_1_output_read/1 "/>
</bind>
</comp>

<comp id="84" class="1004" name="neurons_dense_1_size_read_read_fu_84">
<pin_list>
<pin id="85" dir="0" index="0" bw="32" slack="0"/>
<pin id="86" dir="0" index="1" bw="32" slack="0"/>
<pin id="87" dir="1" index="2" bw="32" slack="0"/>
</pin_list>
<bind>
<opcode="read(1150) " fcode="read"/>
<opset="neurons_dense_1_size_read/1 "/>
</bind>
</comp>

<comp id="90" class="1004" name="grp_readreq_fu_90">
<pin_list>
<pin id="91" dir="0" index="0" bw="1" slack="0"/>
<pin id="92" dir="0" index="1" bw="32" slack="0"/>
<pin id="93" dir="0" index="2" bw="1" slack="0"/>
<pin id="94" dir="1" index="3" bw="1" slack="2147483647"/>
</pin_list>
<bind>
<opcode="readreq(1154) " fcode="readreq"/>
<opset="gmem_load_7_req/2 "/>
</bind>
</comp>

<comp id="97" class="1004" name="gmem_addr_read_read_fu_97">
<pin_list>
<pin id="98" dir="0" index="0" bw="32" slack="0"/>
<pin id="99" dir="0" index="1" bw="32" slack="8"/>
<pin id="100" dir="1" index="2" bw="32" slack="0"/>
</pin_list>
<bind>
<opcode="read(1150) " fcode="read"/>
<opset="gmem_addr_read/10 "/>
</bind>
</comp>

<comp id="102" class="1004" name="gmem_addr_13_req_writereq_fu_102">
<pin_list>
<pin id="103" dir="0" index="0" bw="1" slack="0"/>
<pin id="104" dir="0" index="1" bw="32" slack="10"/>
<pin id="105" dir="0" index="2" bw="1" slack="0"/>
<pin id="106" dir="1" index="3" bw="1" slack="2147483647"/>
</pin_list>
<bind>
<opcode="writereq(1155) " fcode="writereq"/>
<opset="gmem_addr_13_req/12 "/>
</bind>
</comp>

<comp id="109" class="1004" name="write_ln73_write_fu_109">
<pin_list>
<pin id="110" dir="0" index="0" bw="0" slack="0"/>
<pin id="111" dir="0" index="1" bw="32" slack="11"/>
<pin id="112" dir="0" index="2" bw="32" slack="1"/>
<pin id="113" dir="0" index="3" bw="1" slack="0"/>
<pin id="114" dir="1" index="4" bw="0" slack="2147483647"/>
</pin_list>
<bind>
<opcode="write(1151) " fcode="write"/>
<opset="write_ln73/13 "/>
</bind>
</comp>

<comp id="117" class="1004" name="grp_writeresp_fu_117">
<pin_list>
<pin id="118" dir="0" index="0" bw="1" slack="0"/>
<pin id="119" dir="0" index="1" bw="32" slack="12"/>
<pin id="120" dir="1" index="2" bw="1" slack="2147483647"/>
</pin_list>
<bind>
<opcode="writeresp(1158) " fcode="writeresp"/>
<opset="gmem_addr_13_resp/14 "/>
</bind>
</comp>

<comp id="122" class="1004" name="grp_fu_122">
<pin_list>
<pin id="123" dir="0" index="0" bw="32" slack="0"/>
<pin id="124" dir="0" index="1" bw="32" slack="0"/>
<pin id="125" dir="1" index="2" bw="1" slack="0"/>
</pin_list>
<bind>
<opcode="fcmp(46) " fcode="fcmp"/>
<opset="tmp_23/11 "/>
</bind>
</comp>

<comp id="127" class="1004" name="store_ln71_store_fu_127">
<pin_list>
<pin id="128" dir="0" index="0" bw="1" slack="0"/>
<pin id="129" dir="0" index="1" bw="32" slack="0"/>
<pin id="130" dir="1" index="2" bw="0" slack="2147483647"/>
</pin_list>
<bind>
<opcode="store(28) " fcode="store"/>
<opset="store_ln71/1 "/>
</bind>
</comp>

<comp id="132" class="1004" name="i_2_load_fu_132">
<pin_list>
<pin id="133" dir="0" index="0" bw="32" slack="0"/>
<pin id="134" dir="1" index="1" bw="32" slack="0"/>
</pin_list>
<bind>
<opcode="load(27) " fcode="load"/>
<opset="i_2/1 "/>
</bind>
</comp>

<comp id="135" class="1004" name="icmp_ln71_fu_135">
<pin_list>
<pin id="136" dir="0" index="0" bw="32" slack="0"/>
<pin id="137" dir="0" index="1" bw="32" slack="0"/>
<pin id="138" dir="1" index="2" bw="1" slack="16"/>
</pin_list>
<bind>
<opcode="icmp(45) " fcode="icmp"/>
<opset="icmp_ln71/1 "/>
</bind>
</comp>

<comp id="141" class="1004" name="add_ln71_fu_141">
<pin_list>
<pin id="142" dir="0" index="0" bw="32" slack="0"/>
<pin id="143" dir="0" index="1" bw="1" slack="0"/>
<pin id="144" dir="1" index="2" bw="32" slack="0"/>
</pin_list>
<bind>
<opcode="add(8) " fcode="add"/>
<opset="add_ln71/1 "/>
</bind>
</comp>

<comp id="147" class="1004" name="shl_ln73_fu_147">
<pin_list>
<pin id="148" dir="0" index="0" bw="32" slack="0"/>
<pin id="149" dir="0" index="1" bw="3" slack="0"/>
<pin id="150" dir="1" index="2" bw="32" slack="0"/>
</pin_list>
<bind>
<opcode="shl(20) " fcode="shl"/>
<opset="shl_ln73/1 "/>
</bind>
</comp>

<comp id="153" class="1004" name="add_ln73_fu_153">
<pin_list>
<pin id="154" dir="0" index="0" bw="32" slack="0"/>
<pin id="155" dir="0" index="1" bw="32" slack="0"/>
<pin id="156" dir="1" index="2" bw="32" slack="0"/>
</pin_list>
<bind>
<opcode="add(8) " fcode="add"/>
<opset="add_ln73/1 "/>
</bind>
</comp>

<comp id="159" class="1004" name="trunc_ln73_2_fu_159">
<pin_list>
<pin id="160" dir="0" index="0" bw="30" slack="0"/>
<pin id="161" dir="0" index="1" bw="32" slack="0"/>
<pin id="162" dir="0" index="2" bw="3" slack="0"/>
<pin id="163" dir="0" index="3" bw="6" slack="0"/>
<pin id="164" dir="1" index="4" bw="30" slack="1"/>
</pin_list>
<bind>
<opcode="partselect(1002) " fcode="partselect"/>
<opset="trunc_ln73_2/1 "/>
</bind>
</comp>

<comp id="169" class="1004" name="store_ln71_store_fu_169">
<pin_list>
<pin id="170" dir="0" index="0" bw="32" slack="0"/>
<pin id="171" dir="0" index="1" bw="32" slack="0"/>
<pin id="172" dir="1" index="2" bw="0" slack="2147483647"/>
</pin_list>
<bind>
<opcode="store(28) " fcode="store"/>
<opset="store_ln71/1 "/>
</bind>
</comp>

<comp id="174" class="1004" name="sext_ln73_fu_174">
<pin_list>
<pin id="175" dir="0" index="0" bw="30" slack="1"/>
<pin id="176" dir="1" index="1" bw="32" slack="0"/>
</pin_list>
<bind>
<opcode="sext(35) " fcode="sext"/>
<opset="sext_ln73/2 "/>
</bind>
</comp>

<comp id="177" class="1004" name="gmem_addr_fu_177">
<pin_list>
<pin id="178" dir="0" index="0" bw="32" slack="0"/>
<pin id="179" dir="0" index="1" bw="32" slack="0"/>
<pin id="180" dir="1" index="2" bw="32" slack="0"/>
</pin_list>
<bind>
<opcode="getelementptr(29) " fcode="getelementptr"/>
<opset="gmem_addr/2 "/>
</bind>
</comp>

<comp id="184" class="1004" name="tmp_22_fu_184">
<pin_list>
<pin id="185" dir="0" index="0" bw="8" slack="0"/>
<pin id="186" dir="0" index="1" bw="32" slack="0"/>
<pin id="187" dir="0" index="2" bw="6" slack="0"/>
<pin id="188" dir="0" index="3" bw="6" slack="0"/>
<pin id="189" dir="1" index="4" bw="8" slack="1"/>
</pin_list>
<bind>
<opcode="partselect(1002) " fcode="partselect"/>
<opset="tmp_22/10 "/>
</bind>
</comp>

<comp id="194" class="1004" name="trunc_ln73_fu_194">
<pin_list>
<pin id="195" dir="0" index="0" bw="32" slack="0"/>
<pin id="196" dir="1" index="1" bw="23" slack="1"/>
</pin_list>
<bind>
<opcode="trunc(33) " fcode="trunc"/>
<opset="trunc_ln73/10 "/>
</bind>
</comp>

<comp id="198" class="1004" name="bitcast_ln73_fu_198">
<pin_list>
<pin id="199" dir="0" index="0" bw="32" slack="1"/>
<pin id="200" dir="1" index="1" bw="32" slack="0"/>
</pin_list>
<bind>
<opcode="bitcast(44) " fcode="bitcast"/>
<opset="bitcast_ln73/11 "/>
</bind>
</comp>

<comp id="202" class="1004" name="icmp_ln73_fu_202">
<pin_list>
<pin id="203" dir="0" index="0" bw="8" slack="1"/>
<pin id="204" dir="0" index="1" bw="8" slack="0"/>
<pin id="205" dir="1" index="2" bw="1" slack="1"/>
</pin_list>
<bind>
<opcode="icmp(45) " fcode="icmp"/>
<opset="icmp_ln73/11 "/>
</bind>
</comp>

<comp id="207" class="1004" name="icmp_ln73_1_fu_207">
<pin_list>
<pin id="208" dir="0" index="0" bw="23" slack="1"/>
<pin id="209" dir="0" index="1" bw="23" slack="0"/>
<pin id="210" dir="1" index="2" bw="1" slack="1"/>
</pin_list>
<bind>
<opcode="icmp(45) " fcode="icmp"/>
<opset="icmp_ln73_1/11 "/>
</bind>
</comp>

<comp id="212" class="1004" name="or_ln73_fu_212">
<pin_list>
<pin id="213" dir="0" index="0" bw="1" slack="1"/>
<pin id="214" dir="0" index="1" bw="1" slack="1"/>
<pin id="215" dir="1" index="2" bw="1" slack="0"/>
</pin_list>
<bind>
<opcode="or(24) " fcode="or"/>
<opset="or_ln73/12 "/>
</bind>
</comp>

<comp id="216" class="1004" name="and_ln73_fu_216">
<pin_list>
<pin id="217" dir="0" index="0" bw="1" slack="0"/>
<pin id="218" dir="0" index="1" bw="1" slack="0"/>
<pin id="219" dir="1" index="2" bw="1" slack="0"/>
</pin_list>
<bind>
<opcode="and(23) " fcode="and"/>
<opset="and_ln73/12 "/>
</bind>
</comp>

<comp id="222" class="1004" name="empty_97_fu_222">
<pin_list>
<pin id="223" dir="0" index="0" bw="1" slack="0"/>
<pin id="224" dir="0" index="1" bw="32" slack="2"/>
<pin id="225" dir="0" index="2" bw="32" slack="0"/>
<pin id="226" dir="1" index="3" bw="32" slack="1"/>
</pin_list>
<bind>
<opcode="select(49) " fcode="select"/>
<opset="empty_97/12 "/>
</bind>
</comp>

<comp id="229" class="1005" name="i_reg_229">
<pin_list>
<pin id="230" dir="0" index="0" bw="32" slack="0"/>
<pin id="231" dir="1" index="1" bw="32" slack="0"/>
</pin_list>
<bind>
<opset="i "/>
</bind>
</comp>

<comp id="236" class="1005" name="icmp_ln71_reg_236">
<pin_list>
<pin id="237" dir="0" index="0" bw="1" slack="16"/>
<pin id="238" dir="1" index="1" bw="1" slack="2147483647"/>
</pin_list>
<bind>
<opset="icmp_ln71 "/>
</bind>
</comp>

<comp id="240" class="1005" name="trunc_ln73_2_reg_240">
<pin_list>
<pin id="241" dir="0" index="0" bw="30" slack="1"/>
<pin id="242" dir="1" index="1" bw="30" slack="1"/>
</pin_list>
<bind>
<opset="trunc_ln73_2 "/>
</bind>
</comp>

<comp id="245" class="1005" name="gmem_addr_reg_245">
<pin_list>
<pin id="246" dir="0" index="0" bw="32" slack="1"/>
<pin id="247" dir="1" index="1" bw="32" slack="1"/>
</pin_list>
<bind>
<opset="gmem_addr "/>
</bind>
</comp>

<comp id="254" class="1005" name="gmem_addr_read_reg_254">
<pin_list>
<pin id="255" dir="0" index="0" bw="32" slack="1"/>
<pin id="256" dir="1" index="1" bw="32" slack="1"/>
</pin_list>
<bind>
<opset="gmem_addr_read "/>
</bind>
</comp>

<comp id="260" class="1005" name="tmp_22_reg_260">
<pin_list>
<pin id="261" dir="0" index="0" bw="8" slack="1"/>
<pin id="262" dir="1" index="1" bw="8" slack="1"/>
</pin_list>
<bind>
<opset="tmp_22 "/>
</bind>
</comp>

<comp id="265" class="1005" name="trunc_ln73_reg_265">
<pin_list>
<pin id="266" dir="0" index="0" bw="23" slack="1"/>
<pin id="267" dir="1" index="1" bw="23" slack="1"/>
</pin_list>
<bind>
<opset="trunc_ln73 "/>
</bind>
</comp>

<comp id="270" class="1005" name="bitcast_ln73_reg_270">
<pin_list>
<pin id="271" dir="0" index="0" bw="32" slack="1"/>
<pin id="272" dir="1" index="1" bw="32" slack="1"/>
</pin_list>
<bind>
<opset="bitcast_ln73 "/>
</bind>
</comp>

<comp id="275" class="1005" name="icmp_ln73_reg_275">
<pin_list>
<pin id="276" dir="0" index="0" bw="1" slack="1"/>
<pin id="277" dir="1" index="1" bw="1" slack="1"/>
</pin_list>
<bind>
<opset="icmp_ln73 "/>
</bind>
</comp>

<comp id="280" class="1005" name="icmp_ln73_1_reg_280">
<pin_list>
<pin id="281" dir="0" index="0" bw="1" slack="1"/>
<pin id="282" dir="1" index="1" bw="1" slack="1"/>
</pin_list>
<bind>
<opset="icmp_ln73_1 "/>
</bind>
</comp>

<comp id="285" class="1005" name="empty_97_reg_285">
<pin_list>
<pin id="286" dir="0" index="0" bw="32" slack="1"/>
<pin id="287" dir="1" index="1" bw="32" slack="1"/>
</pin_list>
<bind>
<opset="empty_97 "/>
</bind>
</comp>

</comp_list>

<net_list>
<net id="77"><net_src comp="6" pin="0"/><net_sink comp="74" pin=0"/></net>

<net id="82"><net_src comp="26" pin="0"/><net_sink comp="78" pin=0"/></net>

<net id="83"><net_src comp="4" pin="0"/><net_sink comp="78" pin=1"/></net>

<net id="88"><net_src comp="26" pin="0"/><net_sink comp="84" pin=0"/></net>

<net id="89"><net_src comp="2" pin="0"/><net_sink comp="84" pin=1"/></net>

<net id="95"><net_src comp="44" pin="0"/><net_sink comp="90" pin=0"/></net>

<net id="96"><net_src comp="6" pin="0"/><net_sink comp="90" pin=2"/></net>

<net id="101"><net_src comp="46" pin="0"/><net_sink comp="97" pin=0"/></net>

<net id="107"><net_src comp="60" pin="0"/><net_sink comp="102" pin=0"/></net>

<net id="108"><net_src comp="6" pin="0"/><net_sink comp="102" pin=2"/></net>

<net id="115"><net_src comp="62" pin="0"/><net_sink comp="109" pin=0"/></net>

<net id="116"><net_src comp="64" pin="0"/><net_sink comp="109" pin=3"/></net>

<net id="121"><net_src comp="66" pin="0"/><net_sink comp="117" pin=0"/></net>

<net id="126"><net_src comp="58" pin="0"/><net_sink comp="122" pin=1"/></net>

<net id="131"><net_src comp="12" pin="0"/><net_sink comp="127" pin=0"/></net>

<net id="139"><net_src comp="132" pin="1"/><net_sink comp="135" pin=0"/></net>

<net id="140"><net_src comp="84" pin="2"/><net_sink comp="135" pin=1"/></net>

<net id="145"><net_src comp="132" pin="1"/><net_sink comp="141" pin=0"/></net>

<net id="146"><net_src comp="6" pin="0"/><net_sink comp="141" pin=1"/></net>

<net id="151"><net_src comp="132" pin="1"/><net_sink comp="147" pin=0"/></net>

<net id="152"><net_src comp="38" pin="0"/><net_sink comp="147" pin=1"/></net>

<net id="157"><net_src comp="147" pin="2"/><net_sink comp="153" pin=0"/></net>

<net id="158"><net_src comp="78" pin="2"/><net_sink comp="153" pin=1"/></net>

<net id="165"><net_src comp="40" pin="0"/><net_sink comp="159" pin=0"/></net>

<net id="166"><net_src comp="153" pin="2"/><net_sink comp="159" pin=1"/></net>

<net id="167"><net_src comp="38" pin="0"/><net_sink comp="159" pin=2"/></net>

<net id="168"><net_src comp="42" pin="0"/><net_sink comp="159" pin=3"/></net>

<net id="173"><net_src comp="141" pin="2"/><net_sink comp="169" pin=0"/></net>

<net id="181"><net_src comp="0" pin="0"/><net_sink comp="177" pin=0"/></net>

<net id="182"><net_src comp="174" pin="1"/><net_sink comp="177" pin=1"/></net>

<net id="183"><net_src comp="177" pin="2"/><net_sink comp="90" pin=1"/></net>

<net id="190"><net_src comp="48" pin="0"/><net_sink comp="184" pin=0"/></net>

<net id="191"><net_src comp="97" pin="2"/><net_sink comp="184" pin=1"/></net>

<net id="192"><net_src comp="50" pin="0"/><net_sink comp="184" pin=2"/></net>

<net id="193"><net_src comp="52" pin="0"/><net_sink comp="184" pin=3"/></net>

<net id="197"><net_src comp="97" pin="2"/><net_sink comp="194" pin=0"/></net>

<net id="201"><net_src comp="198" pin="1"/><net_sink comp="122" pin=0"/></net>

<net id="206"><net_src comp="54" pin="0"/><net_sink comp="202" pin=1"/></net>

<net id="211"><net_src comp="56" pin="0"/><net_sink comp="207" pin=1"/></net>

<net id="220"><net_src comp="212" pin="2"/><net_sink comp="216" pin=0"/></net>

<net id="221"><net_src comp="122" pin="2"/><net_sink comp="216" pin=1"/></net>

<net id="227"><net_src comp="216" pin="2"/><net_sink comp="222" pin=0"/></net>

<net id="228"><net_src comp="12" pin="0"/><net_sink comp="222" pin=2"/></net>

<net id="232"><net_src comp="74" pin="1"/><net_sink comp="229" pin=0"/></net>

<net id="233"><net_src comp="229" pin="1"/><net_sink comp="127" pin=1"/></net>

<net id="234"><net_src comp="229" pin="1"/><net_sink comp="132" pin=0"/></net>

<net id="235"><net_src comp="229" pin="1"/><net_sink comp="169" pin=1"/></net>

<net id="239"><net_src comp="135" pin="2"/><net_sink comp="236" pin=0"/></net>

<net id="243"><net_src comp="159" pin="4"/><net_sink comp="240" pin=0"/></net>

<net id="244"><net_src comp="240" pin="1"/><net_sink comp="174" pin=0"/></net>

<net id="248"><net_src comp="177" pin="2"/><net_sink comp="245" pin=0"/></net>

<net id="249"><net_src comp="245" pin="1"/><net_sink comp="90" pin=1"/></net>

<net id="250"><net_src comp="245" pin="1"/><net_sink comp="97" pin=1"/></net>

<net id="251"><net_src comp="245" pin="1"/><net_sink comp="102" pin=1"/></net>

<net id="252"><net_src comp="245" pin="1"/><net_sink comp="109" pin=1"/></net>

<net id="253"><net_src comp="245" pin="1"/><net_sink comp="117" pin=1"/></net>

<net id="257"><net_src comp="97" pin="2"/><net_sink comp="254" pin=0"/></net>

<net id="258"><net_src comp="254" pin="1"/><net_sink comp="198" pin=0"/></net>

<net id="259"><net_src comp="254" pin="1"/><net_sink comp="222" pin=1"/></net>

<net id="263"><net_src comp="184" pin="4"/><net_sink comp="260" pin=0"/></net>

<net id="264"><net_src comp="260" pin="1"/><net_sink comp="202" pin=0"/></net>

<net id="268"><net_src comp="194" pin="1"/><net_sink comp="265" pin=0"/></net>

<net id="269"><net_src comp="265" pin="1"/><net_sink comp="207" pin=0"/></net>

<net id="273"><net_src comp="198" pin="1"/><net_sink comp="270" pin=0"/></net>

<net id="274"><net_src comp="270" pin="1"/><net_sink comp="122" pin=0"/></net>

<net id="278"><net_src comp="202" pin="2"/><net_sink comp="275" pin=0"/></net>

<net id="279"><net_src comp="275" pin="1"/><net_sink comp="212" pin=1"/></net>

<net id="283"><net_src comp="207" pin="2"/><net_sink comp="280" pin=0"/></net>

<net id="284"><net_src comp="280" pin="1"/><net_sink comp="212" pin=0"/></net>

<net id="288"><net_src comp="222" pin="3"/><net_sink comp="285" pin=0"/></net>

<net id="289"><net_src comp="285" pin="1"/><net_sink comp="109" pin=2"/></net>

</net_list>

</model> 
---------------- Datapath Model END ------------------

* FSMD analyzer results:
  - Output states:
	Port: gmem | {12 13 14 15 16 17 18 }
 - Input state : 
	Port: cifar10_Pipeline_VITIS_LOOP_71_1 : gmem | {2 3 4 5 6 7 8 9 10 }
	Port: cifar10_Pipeline_VITIS_LOOP_71_1 : neurons_dense_1_size | {1 }
	Port: cifar10_Pipeline_VITIS_LOOP_71_1 : dense_layer_1_output | {1 }
  - Chain level:
	State 1
		store_ln71 : 1
		i_2 : 1
		icmp_ln71 : 2
		add_ln71 : 2
		br_ln71 : 3
		shl_ln73 : 2
		add_ln73 : 2
		trunc_ln73_2 : 3
		store_ln71 : 3
	State 2
		gmem_addr : 1
		gmem_load_7_req : 2
	State 3
	State 4
	State 5
	State 6
	State 7
	State 8
	State 9
	State 10
	State 11
		tmp_23 : 1
	State 12
		and_ln73 : 1
		empty_97 : 1
	State 13
	State 14
	State 15
	State 16
	State 17
	State 18


============================================================
+ Verbose Summary: Datapath Resource usage 
============================================================

* Functional unit list:
|----------|--------------------------------------|---------|---------|
| Operation|            Functional Unit           |    FF   |   LUT   |
|----------|--------------------------------------|---------|---------|
|          |           icmp_ln71_fu_135           |    0    |    39   |
|   icmp   |           icmp_ln73_fu_202           |    0    |    15   |
|          |          icmp_ln73_1_fu_207          |    0    |    30   |
|----------|--------------------------------------|---------|---------|
|    add   |            add_ln71_fu_141           |    0    |    39   |
|          |            add_ln73_fu_153           |    0    |    39   |
|----------|--------------------------------------|---------|---------|
|  select  |            empty_97_fu_222           |    0    |    32   |
|----------|--------------------------------------|---------|---------|
|    or    |            or_ln73_fu_212            |    0    |    2    |
|----------|--------------------------------------|---------|---------|
|    and   |            and_ln73_fu_216           |    0    |    2    |
|----------|--------------------------------------|---------|---------|
|          | dense_layer_1_output_read_read_fu_78 |    0    |    0    |
|   read   | neurons_dense_1_size_read_read_fu_84 |    0    |    0    |
|          |       gmem_addr_read_read_fu_97      |    0    |    0    |
|----------|--------------------------------------|---------|---------|
|  readreq |           grp_readreq_fu_90          |    0    |    0    |
|----------|--------------------------------------|---------|---------|
| writereq |   gmem_addr_13_req_writereq_fu_102   |    0    |    0    |
|----------|--------------------------------------|---------|---------|
|   write  |        write_ln73_write_fu_109       |    0    |    0    |
|----------|--------------------------------------|---------|---------|
| writeresp|         grp_writeresp_fu_117         |    0    |    0    |
|----------|--------------------------------------|---------|---------|
|   fcmp   |              grp_fu_122              |    0    |    0    |
|----------|--------------------------------------|---------|---------|
|    shl   |            shl_ln73_fu_147           |    0    |    0    |
|----------|--------------------------------------|---------|---------|
|partselect|          trunc_ln73_2_fu_159         |    0    |    0    |
|          |             tmp_22_fu_184            |    0    |    0    |
|----------|--------------------------------------|---------|---------|
|   sext   |           sext_ln73_fu_174           |    0    |    0    |
|----------|--------------------------------------|---------|---------|
|   trunc  |           trunc_ln73_fu_194          |    0    |    0    |
|----------|--------------------------------------|---------|---------|
|   Total  |                                      |    0    |   198   |
|----------|--------------------------------------|---------|---------|

Memories:
N/A

* Register list:
+----------------------+--------+
|                      |   FF   |
+----------------------+--------+
| bitcast_ln73_reg_270 |   32   |
|   empty_97_reg_285   |   32   |
|gmem_addr_read_reg_254|   32   |
|   gmem_addr_reg_245  |   32   |
|       i_reg_229      |   32   |
|   icmp_ln71_reg_236  |    1   |
|  icmp_ln73_1_reg_280 |    1   |
|   icmp_ln73_reg_275  |    1   |
|    tmp_22_reg_260    |    8   |
| trunc_ln73_2_reg_240 |   30   |
|  trunc_ln73_reg_265  |   23   |
+----------------------+--------+
|         Total        |   224  |
+----------------------+--------+

* Multiplexer (MUX) list: 
|-------------------|------|------|------|--------||---------||---------||---------|
|        Comp       |  Pin | Size |  BW  | S x BW ||  Delay  ||    FF   ||   LUT   |
|-------------------|------|------|------|--------||---------||---------||---------|
| grp_readreq_fu_90 |  p1  |   2  |  32  |   64   ||    0    ||    9    |
|     grp_fu_122    |  p0  |   2  |  32  |   64   ||    0    ||    9    |
|-------------------|------|------|------|--------||---------||---------||---------|
|       Total       |      |      |      |   128  ||  3.176  ||    0    ||    18   |
|-------------------|------|------|------|--------||---------||---------||---------|



* Summary:
+-----------+--------+--------+--------+
|           |  Delay |   FF   |   LUT  |
+-----------+--------+--------+--------+
|  Function |    -   |    0   |   198  |
|   Memory  |    -   |    -   |    -   |
|Multiplexer|    3   |    0   |   18   |
|  Register |    -   |   224  |    -   |
+-----------+--------+--------+--------+
|   Total   |    3   |   224  |   216  |
+-----------+--------+--------+--------+
