

================================================================
== Vitis HLS Report for 'convolution_Pipeline_VITIS_LOOP_26_2'
================================================================
* Date:           Mon May  4 21:06:52 2026

* Version:        2025.2 (Build 6295257 on Nov 14 2025)
* Project:        proj_cifar10
* Solution:       fsolution (Vivado IP Flow Target)
* Product family: zynq
* Target device:  xc7z020-clg484-1


================================================================
== Performance Estimates
================================================================
+ Timing: 
    * Summary: 
    +--------+----------+----------+------------+
    |  Clock |  Target  | Estimated| Uncertainty|
    +--------+----------+----------+------------+
    |ap_clk  |  10.00 ns|  7.300 ns|     2.70 ns|
    +--------+----------+----------+------------+

+ Latency: 
    * Summary: 
    +---------+---------+----------+----------+-----+-----+-------------------+
    |  Latency (cycles) |  Latency (absolute) |  Interval |      Pipeline     |
    |   min   |   max   |    min   |    max   | min | max |        Type       |
    +---------+---------+----------+----------+-----+-----+-------------------+
    |        ?|        ?|         ?|         ?|    0|    0|  loop pipeline stp|
    +---------+---------+----------+----------+-----+-----+-------------------+

    + Detail: 
        * Instance: 
        N/A

        * Loop: 
        +-------------------+---------+---------+----------+-----------+-----------+------+----------+
        |                   |  Latency (cycles) | Iteration|  Initiation Interval  | Trip |          |
        |     Loop Name     |   min   |   max   |  Latency |  achieved |   target  | Count| Pipelined|
        +-------------------+---------+---------+----------+-----------+-----------+------+----------+
        |- VITIS_LOOP_26_2  |        ?|        ?|        61|          6|          1|     ?|       yes|
        +-------------------+---------+---------+----------+-----------+-----------+------+----------+

============================================================
+ Verbose Summary: Synthesis Manager
============================================================
InlineROM: 1
ExposeGlobal: 0
============================================================
+ Verbose Summary: CDFG Model
============================================================
IsTopModel: 0
ResetActiveHigh: 1
IsCombinational: 0
IsDatapathOnly: 0
HasWiredReturn: 1
HasMFsm: 2
HasVarLatency: 1
IsPipeline: 0
IsRtlPipelined: 0
IsInstanceOverlapped: 0
IsDontTouch: 0
HasImplIP: 0
IsGatedGlobalClock: 0

+ Individual pipeline summary: 
  * Pipeline-0: initiation interval (II) = 6, depth = 61


============================================================
+ Verbose Summary: Schedule
============================================================
* Number of FSM states : 61
* Pipeline : 1
  Pipeline-0 : II = 6, D = 61, States = { 1 2 3 4 5 6 7 8 9 10 11 12 13 14 15 16 17 18 19 20 21 22 23 24 25 26 27 28 29 30 31 32 33 34 35 36 37 38 39 40 41 42 43 44 45 46 47 48 49 50 51 52 53 54 55 56 57 58 59 60 61 }
* Dataflow Pipeline: 0

* FSM state transitions: 
1 --> 2 
2 --> 3 
3 --> 4 
4 --> 5 
5 --> 6 
6 --> 7 
7 --> 8 
8 --> 9 
9 --> 10 
10 --> 11 
11 --> 12 
12 --> 13 
13 --> 14 
14 --> 15 
15 --> 16 
16 --> 17 
17 --> 18 
18 --> 19 
19 --> 20 
20 --> 21 
21 --> 22 
22 --> 23 
23 --> 24 
24 --> 25 
25 --> 26 
26 --> 27 
27 --> 28 
28 --> 29 
29 --> 30 
30 --> 31 
31 --> 32 
32 --> 33 
33 --> 34 
34 --> 35 
35 --> 36 
36 --> 37 
37 --> 38 
38 --> 39 
39 --> 40 
40 --> 41 
41 --> 42 
42 --> 43 
43 --> 44 
44 --> 45 
45 --> 46 
46 --> 47 
47 --> 48 
48 --> 49 
49 --> 50 
50 --> 51 
51 --> 52 
52 --> 53 
53 --> 54 
54 --> 55 
55 --> 56 
56 --> 57 
57 --> 58 
58 --> 59 
59 --> 60 
60 --> 61 
61 --> 

* FSM state operations: 

State 1 <SV = 0> <Delay = 5.92>
ST_1 : Operation 64 [1/1] (0.00ns)   --->   "%sum = alloca i32 1" [cpu_functions.cpp:16]   --->   Operation 64 'alloca' 'sum' <Predicate = true> <Delay = 0.00>
ST_1 : Operation 65 [1/1] (0.00ns)   --->   "%k = alloca i32 1" [cpu_functions.cpp:26]   --->   Operation 65 'alloca' 'k' <Predicate = true> <Delay = 0.00>
ST_1 : Operation 66 [1/1] (0.00ns)   --->   "%A_read = read i32 @_ssdm_op_Read.ap_auto.i32, i32 %A"   --->   Operation 66 'read' 'A_read' <Predicate = true> <Delay = 0.00>
ST_1 : Operation 67 [1/1] (0.00ns)   --->   "%n_read = read i30 @_ssdm_op_Read.ap_auto.i30, i30 %n"   --->   Operation 67 'read' 'n_read' <Predicate = true> <Delay = 0.00>
ST_1 : Operation 68 [1/1] (0.00ns)   --->   "%add_ln31_read = read i32 @_ssdm_op_Read.ap_auto.i32, i32 %add_ln31"   --->   Operation 68 'read' 'add_ln31_read' <Predicate = true> <Delay = 0.00>
ST_1 : Operation 69 [1/1] (0.00ns)   --->   "%y_read = read i32 @_ssdm_op_Read.ap_auto.i32, i32 %y"   --->   Operation 69 'read' 'y_read' <Predicate = true> <Delay = 0.00>
ST_1 : Operation 70 [1/1] (0.00ns)   --->   "%x_read = read i32 @_ssdm_op_Read.ap_auto.i32, i32 %x"   --->   Operation 70 'read' 'x_read' <Predicate = true> <Delay = 0.00>
ST_1 : Operation 71 [1/1] (0.00ns)   --->   "%kernel_rad_read = read i31 @_ssdm_op_Read.ap_auto.i31, i31 %kernel_rad"   --->   Operation 71 'read' 'kernel_rad_read' <Predicate = true> <Delay = 0.00>
ST_1 : Operation 72 [1/1] (0.00ns)   --->   "%kernel_size_read = read i32 @_ssdm_op_Read.ap_auto.i32, i32 %kernel_size"   --->   Operation 72 'read' 'kernel_size_read' <Predicate = true> <Delay = 0.00>
ST_1 : Operation 73 [1/1] (0.00ns)   --->   "%sext_ln26_read = read i30 @_ssdm_op_Read.ap_auto.i30, i30 %sext_ln26"   --->   Operation 73 'read' 'sext_ln26_read' <Predicate = true> <Delay = 0.00>
ST_1 : Operation 74 [1/1] (0.00ns)   --->   "%squared_kernel_size_read = read i32 @_ssdm_op_Read.ap_auto.i32, i32 %squared_kernel_size"   --->   Operation 74 'read' 'squared_kernel_size_read' <Predicate = true> <Delay = 0.00>
ST_1 : Operation 75 [1/1] (0.00ns)   --->   "%kernel_rad_cast = sext i31 %kernel_rad_read"   --->   Operation 75 'sext' 'kernel_rad_cast' <Predicate = true> <Delay = 0.00>
ST_1 : Operation 76 [1/1] (0.00ns)   --->   "%sext_ln26_cast = sext i30 %sext_ln26_read"   --->   Operation 76 'sext' 'sext_ln26_cast' <Predicate = true> <Delay = 0.00>
ST_1 : Operation 77 [1/1] (0.00ns)   --->   "%specinterface_ln0 = specinterface void @_ssdm_op_SpecInterface, i32 %gmem, void @empty_0, i32 0, i32 0, void @empty_14, i32 0, i32 0, void @empty, void @empty_20, void @empty_14, i32 16, i32 16, i32 16, i32 16, void @empty_14, void @empty_14, i32 4294967295, i32 0, i32 0, i32 4"   --->   Operation 77 'specinterface' 'specinterface_ln0' <Predicate = true> <Delay = 0.00>
ST_1 : Operation 78 [1/1] (1.58ns)   --->   "%store_ln26 = store i32 0, i32 %k" [cpu_functions.cpp:26]   --->   Operation 78 'store' 'store_ln26' <Predicate = true> <Delay = 1.58>
ST_1 : Operation 79 [1/1] (1.58ns)   --->   "%store_ln16 = store i32 0, i32 %sum" [cpu_functions.cpp:16]   --->   Operation 79 'store' 'store_ln16' <Predicate = true> <Delay = 1.58>
ST_1 : Operation 80 [1/1] (0.00ns)   --->   "%br_ln0 = br void %for.body6"   --->   Operation 80 'br' 'br_ln0' <Predicate = true> <Delay = 0.00>
ST_1 : Operation 81 [1/1] (0.00ns)   --->   "%k_1 = load i32 %k" [cpu_functions.cpp:35]   --->   Operation 81 'load' 'k_1' <Predicate = true> <Delay = 0.00>
ST_1 : Operation 82 [1/1] (2.55ns)   --->   "%icmp_ln26 = icmp_eq  i32 %k_1, i32 %squared_kernel_size_read" [cpu_functions.cpp:26]   --->   Operation 82 'icmp' 'icmp_ln26' <Predicate = true> <Delay = 2.55> <CoreInst = "Cmp">   --->   Core 9 'Cmp' <Latency = 0> <II = 1> <Delay = 2.55> <FuncUnit> <Opcode : 'seteq' 'setne' 'setle' 'setge' 'setlt' 'setgt'> <InPorts = 2> <OutPorts = 1>
ST_1 : Operation 83 [1/1] (0.00ns)   --->   "%br_ln26 = br i1 %icmp_ln26, void %for.body6.split, void %for.inc36.exitStub" [cpu_functions.cpp:26]   --->   Operation 83 'br' 'br_ln26' <Predicate = true> <Delay = 0.00>
ST_1 : Operation 84 [36/36] (4.33ns)   --->   "%udiv_ln29 = udiv i32 %k_1, i32 %kernel_size_read" [cpu_functions.cpp:29]   --->   Operation 84 'udiv' 'udiv_ln29' <Predicate = (!icmp_ln26)> <Delay = 4.33> <CoreInst = "Divider">   --->   Core 6 'Divider' <Latency = 35> <II = 1> <Delay = 4.33> <FuncUnit> <Opcode : 'udiv' 'sdiv' 'urem' 'srem'> <InPorts = 2> <OutPorts = 1>

State 2 <SV = 1> <Delay = 4.33>
ST_2 : Operation 85 [35/36] (4.33ns)   --->   "%udiv_ln29 = udiv i32 %k_1, i32 %kernel_size_read" [cpu_functions.cpp:29]   --->   Operation 85 'udiv' 'udiv_ln29' <Predicate = (!icmp_ln26)> <Delay = 4.33> <CoreInst = "Divider">   --->   Core 6 'Divider' <Latency = 35> <II = 1> <Delay = 4.33> <FuncUnit> <Opcode : 'udiv' 'sdiv' 'urem' 'srem'> <InPorts = 2> <OutPorts = 1>
ST_2 : Operation 86 [36/36] (4.33ns)   --->   "%urem_ln30 = urem i32 %k_1, i32 %kernel_size_read" [cpu_functions.cpp:30]   --->   Operation 86 'urem' 'urem_ln30' <Predicate = (!icmp_ln26)> <Delay = 4.33> <CoreInst = "Divider">   --->   Core 6 'Divider' <Latency = 35> <II = 1> <Delay = 4.33> <FuncUnit> <Opcode : 'udiv' 'sdiv' 'urem' 'srem'> <InPorts = 2> <OutPorts = 1>

State 3 <SV = 2> <Delay = 4.33>
ST_3 : Operation 87 [34/36] (4.33ns)   --->   "%udiv_ln29 = udiv i32 %k_1, i32 %kernel_size_read" [cpu_functions.cpp:29]   --->   Operation 87 'udiv' 'udiv_ln29' <Predicate = (!icmp_ln26)> <Delay = 4.33> <CoreInst = "Divider">   --->   Core 6 'Divider' <Latency = 35> <II = 1> <Delay = 4.33> <FuncUnit> <Opcode : 'udiv' 'sdiv' 'urem' 'srem'> <InPorts = 2> <OutPorts = 1>
ST_3 : Operation 88 [35/36] (4.33ns)   --->   "%urem_ln30 = urem i32 %k_1, i32 %kernel_size_read" [cpu_functions.cpp:30]   --->   Operation 88 'urem' 'urem_ln30' <Predicate = (!icmp_ln26)> <Delay = 4.33> <CoreInst = "Divider">   --->   Core 6 'Divider' <Latency = 35> <II = 1> <Delay = 4.33> <FuncUnit> <Opcode : 'udiv' 'sdiv' 'urem' 'srem'> <InPorts = 2> <OutPorts = 1>

State 4 <SV = 3> <Delay = 4.33>
ST_4 : Operation 89 [33/36] (4.33ns)   --->   "%udiv_ln29 = udiv i32 %k_1, i32 %kernel_size_read" [cpu_functions.cpp:29]   --->   Operation 89 'udiv' 'udiv_ln29' <Predicate = (!icmp_ln26)> <Delay = 4.33> <CoreInst = "Divider">   --->   Core 6 'Divider' <Latency = 35> <II = 1> <Delay = 4.33> <FuncUnit> <Opcode : 'udiv' 'sdiv' 'urem' 'srem'> <InPorts = 2> <OutPorts = 1>
ST_4 : Operation 90 [34/36] (4.33ns)   --->   "%urem_ln30 = urem i32 %k_1, i32 %kernel_size_read" [cpu_functions.cpp:30]   --->   Operation 90 'urem' 'urem_ln30' <Predicate = (!icmp_ln26)> <Delay = 4.33> <CoreInst = "Divider">   --->   Core 6 'Divider' <Latency = 35> <II = 1> <Delay = 4.33> <FuncUnit> <Opcode : 'udiv' 'sdiv' 'urem' 'srem'> <InPorts = 2> <OutPorts = 1>

State 5 <SV = 4> <Delay = 4.33>
ST_5 : Operation 91 [32/36] (4.33ns)   --->   "%udiv_ln29 = udiv i32 %k_1, i32 %kernel_size_read" [cpu_functions.cpp:29]   --->   Operation 91 'udiv' 'udiv_ln29' <Predicate = (!icmp_ln26)> <Delay = 4.33> <CoreInst = "Divider">   --->   Core 6 'Divider' <Latency = 35> <II = 1> <Delay = 4.33> <FuncUnit> <Opcode : 'udiv' 'sdiv' 'urem' 'srem'> <InPorts = 2> <OutPorts = 1>
ST_5 : Operation 92 [33/36] (4.33ns)   --->   "%urem_ln30 = urem i32 %k_1, i32 %kernel_size_read" [cpu_functions.cpp:30]   --->   Operation 92 'urem' 'urem_ln30' <Predicate = (!icmp_ln26)> <Delay = 4.33> <CoreInst = "Divider">   --->   Core 6 'Divider' <Latency = 35> <II = 1> <Delay = 4.33> <FuncUnit> <Opcode : 'udiv' 'sdiv' 'urem' 'srem'> <InPorts = 2> <OutPorts = 1>

State 6 <SV = 5> <Delay = 4.33>
ST_6 : Operation 93 [1/1] (2.55ns)   --->   "%k_2 = add i32 %k_1, i32 1" [cpu_functions.cpp:26]   --->   Operation 93 'add' 'k_2' <Predicate = true> <Delay = 2.55> <CoreInst = "Adder">   --->   Core 1 'Adder' <Latency = 0> <II = 1> <Delay = 2.55> <FuncUnit> <Opcode : 'add' 'sub'> <InPorts = 2> <OutPorts = 1>
ST_6 : Operation 94 [31/36] (4.33ns)   --->   "%udiv_ln29 = udiv i32 %k_1, i32 %kernel_size_read" [cpu_functions.cpp:29]   --->   Operation 94 'udiv' 'udiv_ln29' <Predicate = (!icmp_ln26)> <Delay = 4.33> <CoreInst = "Divider">   --->   Core 6 'Divider' <Latency = 35> <II = 1> <Delay = 4.33> <FuncUnit> <Opcode : 'udiv' 'sdiv' 'urem' 'srem'> <InPorts = 2> <OutPorts = 1>
ST_6 : Operation 95 [32/36] (4.33ns)   --->   "%urem_ln30 = urem i32 %k_1, i32 %kernel_size_read" [cpu_functions.cpp:30]   --->   Operation 95 'urem' 'urem_ln30' <Predicate = (!icmp_ln26)> <Delay = 4.33> <CoreInst = "Divider">   --->   Core 6 'Divider' <Latency = 35> <II = 1> <Delay = 4.33> <FuncUnit> <Opcode : 'udiv' 'sdiv' 'urem' 'srem'> <InPorts = 2> <OutPorts = 1>
ST_6 : Operation 96 [1/1] (2.55ns)   --->   "%add_ln35 = add i32 %k_1, i32 %sext_ln26_cast" [cpu_functions.cpp:35]   --->   Operation 96 'add' 'add_ln35' <Predicate = (!icmp_ln26)> <Delay = 2.55> <CoreInst = "Adder">   --->   Core 1 'Adder' <Latency = 0> <II = 1> <Delay = 2.55> <FuncUnit> <Opcode : 'add' 'sub'> <InPorts = 2> <OutPorts = 1>
ST_6 : Operation 97 [1/1] (1.58ns)   --->   "%store_ln26 = store i32 %k_2, i32 %k" [cpu_functions.cpp:26]   --->   Operation 97 'store' 'store_ln26' <Predicate = (!icmp_ln26)> <Delay = 1.58>

State 7 <SV = 6> <Delay = 4.33>
ST_7 : Operation 98 [30/36] (4.33ns)   --->   "%udiv_ln29 = udiv i32 %k_1, i32 %kernel_size_read" [cpu_functions.cpp:29]   --->   Operation 98 'udiv' 'udiv_ln29' <Predicate = (!icmp_ln26)> <Delay = 4.33> <CoreInst = "Divider">   --->   Core 6 'Divider' <Latency = 35> <II = 1> <Delay = 4.33> <FuncUnit> <Opcode : 'udiv' 'sdiv' 'urem' 'srem'> <InPorts = 2> <OutPorts = 1>
ST_7 : Operation 99 [31/36] (4.33ns)   --->   "%urem_ln30 = urem i32 %k_1, i32 %kernel_size_read" [cpu_functions.cpp:30]   --->   Operation 99 'urem' 'urem_ln30' <Predicate = (!icmp_ln26)> <Delay = 4.33> <CoreInst = "Divider">   --->   Core 6 'Divider' <Latency = 35> <II = 1> <Delay = 4.33> <FuncUnit> <Opcode : 'udiv' 'sdiv' 'urem' 'srem'> <InPorts = 2> <OutPorts = 1>

State 8 <SV = 7> <Delay = 4.33>
ST_8 : Operation 100 [29/36] (4.33ns)   --->   "%udiv_ln29 = udiv i32 %k_1, i32 %kernel_size_read" [cpu_functions.cpp:29]   --->   Operation 100 'udiv' 'udiv_ln29' <Predicate = (!icmp_ln26)> <Delay = 4.33> <CoreInst = "Divider">   --->   Core 6 'Divider' <Latency = 35> <II = 1> <Delay = 4.33> <FuncUnit> <Opcode : 'udiv' 'sdiv' 'urem' 'srem'> <InPorts = 2> <OutPorts = 1>
ST_8 : Operation 101 [30/36] (4.33ns)   --->   "%urem_ln30 = urem i32 %k_1, i32 %kernel_size_read" [cpu_functions.cpp:30]   --->   Operation 101 'urem' 'urem_ln30' <Predicate = (!icmp_ln26)> <Delay = 4.33> <CoreInst = "Divider">   --->   Core 6 'Divider' <Latency = 35> <II = 1> <Delay = 4.33> <FuncUnit> <Opcode : 'udiv' 'sdiv' 'urem' 'srem'> <InPorts = 2> <OutPorts = 1>

State 9 <SV = 8> <Delay = 4.33>
ST_9 : Operation 102 [28/36] (4.33ns)   --->   "%udiv_ln29 = udiv i32 %k_1, i32 %kernel_size_read" [cpu_functions.cpp:29]   --->   Operation 102 'udiv' 'udiv_ln29' <Predicate = (!icmp_ln26)> <Delay = 4.33> <CoreInst = "Divider">   --->   Core 6 'Divider' <Latency = 35> <II = 1> <Delay = 4.33> <FuncUnit> <Opcode : 'udiv' 'sdiv' 'urem' 'srem'> <InPorts = 2> <OutPorts = 1>
ST_9 : Operation 103 [29/36] (4.33ns)   --->   "%urem_ln30 = urem i32 %k_1, i32 %kernel_size_read" [cpu_functions.cpp:30]   --->   Operation 103 'urem' 'urem_ln30' <Predicate = (!icmp_ln26)> <Delay = 4.33> <CoreInst = "Divider">   --->   Core 6 'Divider' <Latency = 35> <II = 1> <Delay = 4.33> <FuncUnit> <Opcode : 'udiv' 'sdiv' 'urem' 'srem'> <InPorts = 2> <OutPorts = 1>

State 10 <SV = 9> <Delay = 4.33>
ST_10 : Operation 104 [27/36] (4.33ns)   --->   "%udiv_ln29 = udiv i32 %k_1, i32 %kernel_size_read" [cpu_functions.cpp:29]   --->   Operation 104 'udiv' 'udiv_ln29' <Predicate = (!icmp_ln26)> <Delay = 4.33> <CoreInst = "Divider">   --->   Core 6 'Divider' <Latency = 35> <II = 1> <Delay = 4.33> <FuncUnit> <Opcode : 'udiv' 'sdiv' 'urem' 'srem'> <InPorts = 2> <OutPorts = 1>
ST_10 : Operation 105 [28/36] (4.33ns)   --->   "%urem_ln30 = urem i32 %k_1, i32 %kernel_size_read" [cpu_functions.cpp:30]   --->   Operation 105 'urem' 'urem_ln30' <Predicate = (!icmp_ln26)> <Delay = 4.33> <CoreInst = "Divider">   --->   Core 6 'Divider' <Latency = 35> <II = 1> <Delay = 4.33> <FuncUnit> <Opcode : 'udiv' 'sdiv' 'urem' 'srem'> <InPorts = 2> <OutPorts = 1>

State 11 <SV = 10> <Delay = 4.33>
ST_11 : Operation 106 [26/36] (4.33ns)   --->   "%udiv_ln29 = udiv i32 %k_1, i32 %kernel_size_read" [cpu_functions.cpp:29]   --->   Operation 106 'udiv' 'udiv_ln29' <Predicate = (!icmp_ln26)> <Delay = 4.33> <CoreInst = "Divider">   --->   Core 6 'Divider' <Latency = 35> <II = 1> <Delay = 4.33> <FuncUnit> <Opcode : 'udiv' 'sdiv' 'urem' 'srem'> <InPorts = 2> <OutPorts = 1>
ST_11 : Operation 107 [27/36] (4.33ns)   --->   "%urem_ln30 = urem i32 %k_1, i32 %kernel_size_read" [cpu_functions.cpp:30]   --->   Operation 107 'urem' 'urem_ln30' <Predicate = (!icmp_ln26)> <Delay = 4.33> <CoreInst = "Divider">   --->   Core 6 'Divider' <Latency = 35> <II = 1> <Delay = 4.33> <FuncUnit> <Opcode : 'udiv' 'sdiv' 'urem' 'srem'> <InPorts = 2> <OutPorts = 1>

State 12 <SV = 11> <Delay = 4.33>
ST_12 : Operation 108 [25/36] (4.33ns)   --->   "%udiv_ln29 = udiv i32 %k_1, i32 %kernel_size_read" [cpu_functions.cpp:29]   --->   Operation 108 'udiv' 'udiv_ln29' <Predicate = (!icmp_ln26)> <Delay = 4.33> <CoreInst = "Divider">   --->   Core 6 'Divider' <Latency = 35> <II = 1> <Delay = 4.33> <FuncUnit> <Opcode : 'udiv' 'sdiv' 'urem' 'srem'> <InPorts = 2> <OutPorts = 1>
ST_12 : Operation 109 [26/36] (4.33ns)   --->   "%urem_ln30 = urem i32 %k_1, i32 %kernel_size_read" [cpu_functions.cpp:30]   --->   Operation 109 'urem' 'urem_ln30' <Predicate = (!icmp_ln26)> <Delay = 4.33> <CoreInst = "Divider">   --->   Core 6 'Divider' <Latency = 35> <II = 1> <Delay = 4.33> <FuncUnit> <Opcode : 'udiv' 'sdiv' 'urem' 'srem'> <InPorts = 2> <OutPorts = 1>

State 13 <SV = 12> <Delay = 4.33>
ST_13 : Operation 110 [24/36] (4.33ns)   --->   "%udiv_ln29 = udiv i32 %k_1, i32 %kernel_size_read" [cpu_functions.cpp:29]   --->   Operation 110 'udiv' 'udiv_ln29' <Predicate = (!icmp_ln26)> <Delay = 4.33> <CoreInst = "Divider">   --->   Core 6 'Divider' <Latency = 35> <II = 1> <Delay = 4.33> <FuncUnit> <Opcode : 'udiv' 'sdiv' 'urem' 'srem'> <InPorts = 2> <OutPorts = 1>
ST_13 : Operation 111 [25/36] (4.33ns)   --->   "%urem_ln30 = urem i32 %k_1, i32 %kernel_size_read" [cpu_functions.cpp:30]   --->   Operation 111 'urem' 'urem_ln30' <Predicate = (!icmp_ln26)> <Delay = 4.33> <CoreInst = "Divider">   --->   Core 6 'Divider' <Latency = 35> <II = 1> <Delay = 4.33> <FuncUnit> <Opcode : 'udiv' 'sdiv' 'urem' 'srem'> <InPorts = 2> <OutPorts = 1>

State 14 <SV = 13> <Delay = 4.33>
ST_14 : Operation 112 [23/36] (4.33ns)   --->   "%udiv_ln29 = udiv i32 %k_1, i32 %kernel_size_read" [cpu_functions.cpp:29]   --->   Operation 112 'udiv' 'udiv_ln29' <Predicate = (!icmp_ln26)> <Delay = 4.33> <CoreInst = "Divider">   --->   Core 6 'Divider' <Latency = 35> <II = 1> <Delay = 4.33> <FuncUnit> <Opcode : 'udiv' 'sdiv' 'urem' 'srem'> <InPorts = 2> <OutPorts = 1>
ST_14 : Operation 113 [24/36] (4.33ns)   --->   "%urem_ln30 = urem i32 %k_1, i32 %kernel_size_read" [cpu_functions.cpp:30]   --->   Operation 113 'urem' 'urem_ln30' <Predicate = (!icmp_ln26)> <Delay = 4.33> <CoreInst = "Divider">   --->   Core 6 'Divider' <Latency = 35> <II = 1> <Delay = 4.33> <FuncUnit> <Opcode : 'udiv' 'sdiv' 'urem' 'srem'> <InPorts = 2> <OutPorts = 1>

State 15 <SV = 14> <Delay = 4.33>
ST_15 : Operation 114 [22/36] (4.33ns)   --->   "%udiv_ln29 = udiv i32 %k_1, i32 %kernel_size_read" [cpu_functions.cpp:29]   --->   Operation 114 'udiv' 'udiv_ln29' <Predicate = (!icmp_ln26)> <Delay = 4.33> <CoreInst = "Divider">   --->   Core 6 'Divider' <Latency = 35> <II = 1> <Delay = 4.33> <FuncUnit> <Opcode : 'udiv' 'sdiv' 'urem' 'srem'> <InPorts = 2> <OutPorts = 1>
ST_15 : Operation 115 [23/36] (4.33ns)   --->   "%urem_ln30 = urem i32 %k_1, i32 %kernel_size_read" [cpu_functions.cpp:30]   --->   Operation 115 'urem' 'urem_ln30' <Predicate = (!icmp_ln26)> <Delay = 4.33> <CoreInst = "Divider">   --->   Core 6 'Divider' <Latency = 35> <II = 1> <Delay = 4.33> <FuncUnit> <Opcode : 'udiv' 'sdiv' 'urem' 'srem'> <InPorts = 2> <OutPorts = 1>

State 16 <SV = 15> <Delay = 4.33>
ST_16 : Operation 116 [21/36] (4.33ns)   --->   "%udiv_ln29 = udiv i32 %k_1, i32 %kernel_size_read" [cpu_functions.cpp:29]   --->   Operation 116 'udiv' 'udiv_ln29' <Predicate = (!icmp_ln26)> <Delay = 4.33> <CoreInst = "Divider">   --->   Core 6 'Divider' <Latency = 35> <II = 1> <Delay = 4.33> <FuncUnit> <Opcode : 'udiv' 'sdiv' 'urem' 'srem'> <InPorts = 2> <OutPorts = 1>
ST_16 : Operation 117 [22/36] (4.33ns)   --->   "%urem_ln30 = urem i32 %k_1, i32 %kernel_size_read" [cpu_functions.cpp:30]   --->   Operation 117 'urem' 'urem_ln30' <Predicate = (!icmp_ln26)> <Delay = 4.33> <CoreInst = "Divider">   --->   Core 6 'Divider' <Latency = 35> <II = 1> <Delay = 4.33> <FuncUnit> <Opcode : 'udiv' 'sdiv' 'urem' 'srem'> <InPorts = 2> <OutPorts = 1>

State 17 <SV = 16> <Delay = 4.33>
ST_17 : Operation 118 [20/36] (4.33ns)   --->   "%udiv_ln29 = udiv i32 %k_1, i32 %kernel_size_read" [cpu_functions.cpp:29]   --->   Operation 118 'udiv' 'udiv_ln29' <Predicate = (!icmp_ln26)> <Delay = 4.33> <CoreInst = "Divider">   --->   Core 6 'Divider' <Latency = 35> <II = 1> <Delay = 4.33> <FuncUnit> <Opcode : 'udiv' 'sdiv' 'urem' 'srem'> <InPorts = 2> <OutPorts = 1>
ST_17 : Operation 119 [21/36] (4.33ns)   --->   "%urem_ln30 = urem i32 %k_1, i32 %kernel_size_read" [cpu_functions.cpp:30]   --->   Operation 119 'urem' 'urem_ln30' <Predicate = (!icmp_ln26)> <Delay = 4.33> <CoreInst = "Divider">   --->   Core 6 'Divider' <Latency = 35> <II = 1> <Delay = 4.33> <FuncUnit> <Opcode : 'udiv' 'sdiv' 'urem' 'srem'> <InPorts = 2> <OutPorts = 1>

State 18 <SV = 17> <Delay = 4.33>
ST_18 : Operation 120 [19/36] (4.33ns)   --->   "%udiv_ln29 = udiv i32 %k_1, i32 %kernel_size_read" [cpu_functions.cpp:29]   --->   Operation 120 'udiv' 'udiv_ln29' <Predicate = (!icmp_ln26)> <Delay = 4.33> <CoreInst = "Divider">   --->   Core 6 'Divider' <Latency = 35> <II = 1> <Delay = 4.33> <FuncUnit> <Opcode : 'udiv' 'sdiv' 'urem' 'srem'> <InPorts = 2> <OutPorts = 1>
ST_18 : Operation 121 [20/36] (4.33ns)   --->   "%urem_ln30 = urem i32 %k_1, i32 %kernel_size_read" [cpu_functions.cpp:30]   --->   Operation 121 'urem' 'urem_ln30' <Predicate = (!icmp_ln26)> <Delay = 4.33> <CoreInst = "Divider">   --->   Core 6 'Divider' <Latency = 35> <II = 1> <Delay = 4.33> <FuncUnit> <Opcode : 'udiv' 'sdiv' 'urem' 'srem'> <InPorts = 2> <OutPorts = 1>

State 19 <SV = 18> <Delay = 4.33>
ST_19 : Operation 122 [18/36] (4.33ns)   --->   "%udiv_ln29 = udiv i32 %k_1, i32 %kernel_size_read" [cpu_functions.cpp:29]   --->   Operation 122 'udiv' 'udiv_ln29' <Predicate = (!icmp_ln26)> <Delay = 4.33> <CoreInst = "Divider">   --->   Core 6 'Divider' <Latency = 35> <II = 1> <Delay = 4.33> <FuncUnit> <Opcode : 'udiv' 'sdiv' 'urem' 'srem'> <InPorts = 2> <OutPorts = 1>
ST_19 : Operation 123 [19/36] (4.33ns)   --->   "%urem_ln30 = urem i32 %k_1, i32 %kernel_size_read" [cpu_functions.cpp:30]   --->   Operation 123 'urem' 'urem_ln30' <Predicate = (!icmp_ln26)> <Delay = 4.33> <CoreInst = "Divider">   --->   Core 6 'Divider' <Latency = 35> <II = 1> <Delay = 4.33> <FuncUnit> <Opcode : 'udiv' 'sdiv' 'urem' 'srem'> <InPorts = 2> <OutPorts = 1>

State 20 <SV = 19> <Delay = 4.33>
ST_20 : Operation 124 [17/36] (4.33ns)   --->   "%udiv_ln29 = udiv i32 %k_1, i32 %kernel_size_read" [cpu_functions.cpp:29]   --->   Operation 124 'udiv' 'udiv_ln29' <Predicate = (!icmp_ln26)> <Delay = 4.33> <CoreInst = "Divider">   --->   Core 6 'Divider' <Latency = 35> <II = 1> <Delay = 4.33> <FuncUnit> <Opcode : 'udiv' 'sdiv' 'urem' 'srem'> <InPorts = 2> <OutPorts = 1>
ST_20 : Operation 125 [18/36] (4.33ns)   --->   "%urem_ln30 = urem i32 %k_1, i32 %kernel_size_read" [cpu_functions.cpp:30]   --->   Operation 125 'urem' 'urem_ln30' <Predicate = (!icmp_ln26)> <Delay = 4.33> <CoreInst = "Divider">   --->   Core 6 'Divider' <Latency = 35> <II = 1> <Delay = 4.33> <FuncUnit> <Opcode : 'udiv' 'sdiv' 'urem' 'srem'> <InPorts = 2> <OutPorts = 1>

State 21 <SV = 20> <Delay = 4.33>
ST_21 : Operation 126 [16/36] (4.33ns)   --->   "%udiv_ln29 = udiv i32 %k_1, i32 %kernel_size_read" [cpu_functions.cpp:29]   --->   Operation 126 'udiv' 'udiv_ln29' <Predicate = (!icmp_ln26)> <Delay = 4.33> <CoreInst = "Divider">   --->   Core 6 'Divider' <Latency = 35> <II = 1> <Delay = 4.33> <FuncUnit> <Opcode : 'udiv' 'sdiv' 'urem' 'srem'> <InPorts = 2> <OutPorts = 1>
ST_21 : Operation 127 [17/36] (4.33ns)   --->   "%urem_ln30 = urem i32 %k_1, i32 %kernel_size_read" [cpu_functions.cpp:30]   --->   Operation 127 'urem' 'urem_ln30' <Predicate = (!icmp_ln26)> <Delay = 4.33> <CoreInst = "Divider">   --->   Core 6 'Divider' <Latency = 35> <II = 1> <Delay = 4.33> <FuncUnit> <Opcode : 'udiv' 'sdiv' 'urem' 'srem'> <InPorts = 2> <OutPorts = 1>

State 22 <SV = 21> <Delay = 4.33>
ST_22 : Operation 128 [15/36] (4.33ns)   --->   "%udiv_ln29 = udiv i32 %k_1, i32 %kernel_size_read" [cpu_functions.cpp:29]   --->   Operation 128 'udiv' 'udiv_ln29' <Predicate = (!icmp_ln26)> <Delay = 4.33> <CoreInst = "Divider">   --->   Core 6 'Divider' <Latency = 35> <II = 1> <Delay = 4.33> <FuncUnit> <Opcode : 'udiv' 'sdiv' 'urem' 'srem'> <InPorts = 2> <OutPorts = 1>
ST_22 : Operation 129 [16/36] (4.33ns)   --->   "%urem_ln30 = urem i32 %k_1, i32 %kernel_size_read" [cpu_functions.cpp:30]   --->   Operation 129 'urem' 'urem_ln30' <Predicate = (!icmp_ln26)> <Delay = 4.33> <CoreInst = "Divider">   --->   Core 6 'Divider' <Latency = 35> <II = 1> <Delay = 4.33> <FuncUnit> <Opcode : 'udiv' 'sdiv' 'urem' 'srem'> <InPorts = 2> <OutPorts = 1>

State 23 <SV = 22> <Delay = 4.33>
ST_23 : Operation 130 [14/36] (4.33ns)   --->   "%udiv_ln29 = udiv i32 %k_1, i32 %kernel_size_read" [cpu_functions.cpp:29]   --->   Operation 130 'udiv' 'udiv_ln29' <Predicate = (!icmp_ln26)> <Delay = 4.33> <CoreInst = "Divider">   --->   Core 6 'Divider' <Latency = 35> <II = 1> <Delay = 4.33> <FuncUnit> <Opcode : 'udiv' 'sdiv' 'urem' 'srem'> <InPorts = 2> <OutPorts = 1>
ST_23 : Operation 131 [15/36] (4.33ns)   --->   "%urem_ln30 = urem i32 %k_1, i32 %kernel_size_read" [cpu_functions.cpp:30]   --->   Operation 131 'urem' 'urem_ln30' <Predicate = (!icmp_ln26)> <Delay = 4.33> <CoreInst = "Divider">   --->   Core 6 'Divider' <Latency = 35> <II = 1> <Delay = 4.33> <FuncUnit> <Opcode : 'udiv' 'sdiv' 'urem' 'srem'> <InPorts = 2> <OutPorts = 1>

State 24 <SV = 23> <Delay = 4.33>
ST_24 : Operation 132 [13/36] (4.33ns)   --->   "%udiv_ln29 = udiv i32 %k_1, i32 %kernel_size_read" [cpu_functions.cpp:29]   --->   Operation 132 'udiv' 'udiv_ln29' <Predicate = (!icmp_ln26)> <Delay = 4.33> <CoreInst = "Divider">   --->   Core 6 'Divider' <Latency = 35> <II = 1> <Delay = 4.33> <FuncUnit> <Opcode : 'udiv' 'sdiv' 'urem' 'srem'> <InPorts = 2> <OutPorts = 1>
ST_24 : Operation 133 [14/36] (4.33ns)   --->   "%urem_ln30 = urem i32 %k_1, i32 %kernel_size_read" [cpu_functions.cpp:30]   --->   Operation 133 'urem' 'urem_ln30' <Predicate = (!icmp_ln26)> <Delay = 4.33> <CoreInst = "Divider">   --->   Core 6 'Divider' <Latency = 35> <II = 1> <Delay = 4.33> <FuncUnit> <Opcode : 'udiv' 'sdiv' 'urem' 'srem'> <InPorts = 2> <OutPorts = 1>

State 25 <SV = 24> <Delay = 4.33>
ST_25 : Operation 134 [12/36] (4.33ns)   --->   "%udiv_ln29 = udiv i32 %k_1, i32 %kernel_size_read" [cpu_functions.cpp:29]   --->   Operation 134 'udiv' 'udiv_ln29' <Predicate = (!icmp_ln26)> <Delay = 4.33> <CoreInst = "Divider">   --->   Core 6 'Divider' <Latency = 35> <II = 1> <Delay = 4.33> <FuncUnit> <Opcode : 'udiv' 'sdiv' 'urem' 'srem'> <InPorts = 2> <OutPorts = 1>
ST_25 : Operation 135 [13/36] (4.33ns)   --->   "%urem_ln30 = urem i32 %k_1, i32 %kernel_size_read" [cpu_functions.cpp:30]   --->   Operation 135 'urem' 'urem_ln30' <Predicate = (!icmp_ln26)> <Delay = 4.33> <CoreInst = "Divider">   --->   Core 6 'Divider' <Latency = 35> <II = 1> <Delay = 4.33> <FuncUnit> <Opcode : 'udiv' 'sdiv' 'urem' 'srem'> <InPorts = 2> <OutPorts = 1>

State 26 <SV = 25> <Delay = 4.33>
ST_26 : Operation 136 [11/36] (4.33ns)   --->   "%udiv_ln29 = udiv i32 %k_1, i32 %kernel_size_read" [cpu_functions.cpp:29]   --->   Operation 136 'udiv' 'udiv_ln29' <Predicate = (!icmp_ln26)> <Delay = 4.33> <CoreInst = "Divider">   --->   Core 6 'Divider' <Latency = 35> <II = 1> <Delay = 4.33> <FuncUnit> <Opcode : 'udiv' 'sdiv' 'urem' 'srem'> <InPorts = 2> <OutPorts = 1>
ST_26 : Operation 137 [12/36] (4.33ns)   --->   "%urem_ln30 = urem i32 %k_1, i32 %kernel_size_read" [cpu_functions.cpp:30]   --->   Operation 137 'urem' 'urem_ln30' <Predicate = (!icmp_ln26)> <Delay = 4.33> <CoreInst = "Divider">   --->   Core 6 'Divider' <Latency = 35> <II = 1> <Delay = 4.33> <FuncUnit> <Opcode : 'udiv' 'sdiv' 'urem' 'srem'> <InPorts = 2> <OutPorts = 1>

State 27 <SV = 26> <Delay = 4.33>
ST_27 : Operation 138 [10/36] (4.33ns)   --->   "%udiv_ln29 = udiv i32 %k_1, i32 %kernel_size_read" [cpu_functions.cpp:29]   --->   Operation 138 'udiv' 'udiv_ln29' <Predicate = (!icmp_ln26)> <Delay = 4.33> <CoreInst = "Divider">   --->   Core 6 'Divider' <Latency = 35> <II = 1> <Delay = 4.33> <FuncUnit> <Opcode : 'udiv' 'sdiv' 'urem' 'srem'> <InPorts = 2> <OutPorts = 1>
ST_27 : Operation 139 [11/36] (4.33ns)   --->   "%urem_ln30 = urem i32 %k_1, i32 %kernel_size_read" [cpu_functions.cpp:30]   --->   Operation 139 'urem' 'urem_ln30' <Predicate = (!icmp_ln26)> <Delay = 4.33> <CoreInst = "Divider">   --->   Core 6 'Divider' <Latency = 35> <II = 1> <Delay = 4.33> <FuncUnit> <Opcode : 'udiv' 'sdiv' 'urem' 'srem'> <InPorts = 2> <OutPorts = 1>

State 28 <SV = 27> <Delay = 4.33>
ST_28 : Operation 140 [9/36] (4.33ns)   --->   "%udiv_ln29 = udiv i32 %k_1, i32 %kernel_size_read" [cpu_functions.cpp:29]   --->   Operation 140 'udiv' 'udiv_ln29' <Predicate = (!icmp_ln26)> <Delay = 4.33> <CoreInst = "Divider">   --->   Core 6 'Divider' <Latency = 35> <II = 1> <Delay = 4.33> <FuncUnit> <Opcode : 'udiv' 'sdiv' 'urem' 'srem'> <InPorts = 2> <OutPorts = 1>
ST_28 : Operation 141 [10/36] (4.33ns)   --->   "%urem_ln30 = urem i32 %k_1, i32 %kernel_size_read" [cpu_functions.cpp:30]   --->   Operation 141 'urem' 'urem_ln30' <Predicate = (!icmp_ln26)> <Delay = 4.33> <CoreInst = "Divider">   --->   Core 6 'Divider' <Latency = 35> <II = 1> <Delay = 4.33> <FuncUnit> <Opcode : 'udiv' 'sdiv' 'urem' 'srem'> <InPorts = 2> <OutPorts = 1>

State 29 <SV = 28> <Delay = 4.33>
ST_29 : Operation 142 [8/36] (4.33ns)   --->   "%udiv_ln29 = udiv i32 %k_1, i32 %kernel_size_read" [cpu_functions.cpp:29]   --->   Operation 142 'udiv' 'udiv_ln29' <Predicate = (!icmp_ln26)> <Delay = 4.33> <CoreInst = "Divider">   --->   Core 6 'Divider' <Latency = 35> <II = 1> <Delay = 4.33> <FuncUnit> <Opcode : 'udiv' 'sdiv' 'urem' 'srem'> <InPorts = 2> <OutPorts = 1>
ST_29 : Operation 143 [9/36] (4.33ns)   --->   "%urem_ln30 = urem i32 %k_1, i32 %kernel_size_read" [cpu_functions.cpp:30]   --->   Operation 143 'urem' 'urem_ln30' <Predicate = (!icmp_ln26)> <Delay = 4.33> <CoreInst = "Divider">   --->   Core 6 'Divider' <Latency = 35> <II = 1> <Delay = 4.33> <FuncUnit> <Opcode : 'udiv' 'sdiv' 'urem' 'srem'> <InPorts = 2> <OutPorts = 1>

State 30 <SV = 29> <Delay = 4.33>
ST_30 : Operation 144 [7/36] (4.33ns)   --->   "%udiv_ln29 = udiv i32 %k_1, i32 %kernel_size_read" [cpu_functions.cpp:29]   --->   Operation 144 'udiv' 'udiv_ln29' <Predicate = (!icmp_ln26)> <Delay = 4.33> <CoreInst = "Divider">   --->   Core 6 'Divider' <Latency = 35> <II = 1> <Delay = 4.33> <FuncUnit> <Opcode : 'udiv' 'sdiv' 'urem' 'srem'> <InPorts = 2> <OutPorts = 1>
ST_30 : Operation 145 [8/36] (4.33ns)   --->   "%urem_ln30 = urem i32 %k_1, i32 %kernel_size_read" [cpu_functions.cpp:30]   --->   Operation 145 'urem' 'urem_ln30' <Predicate = (!icmp_ln26)> <Delay = 4.33> <CoreInst = "Divider">   --->   Core 6 'Divider' <Latency = 35> <II = 1> <Delay = 4.33> <FuncUnit> <Opcode : 'udiv' 'sdiv' 'urem' 'srem'> <InPorts = 2> <OutPorts = 1>

State 31 <SV = 30> <Delay = 4.33>
ST_31 : Operation 146 [6/36] (4.33ns)   --->   "%udiv_ln29 = udiv i32 %k_1, i32 %kernel_size_read" [cpu_functions.cpp:29]   --->   Operation 146 'udiv' 'udiv_ln29' <Predicate = (!icmp_ln26)> <Delay = 4.33> <CoreInst = "Divider">   --->   Core 6 'Divider' <Latency = 35> <II = 1> <Delay = 4.33> <FuncUnit> <Opcode : 'udiv' 'sdiv' 'urem' 'srem'> <InPorts = 2> <OutPorts = 1>
ST_31 : Operation 147 [7/36] (4.33ns)   --->   "%urem_ln30 = urem i32 %k_1, i32 %kernel_size_read" [cpu_functions.cpp:30]   --->   Operation 147 'urem' 'urem_ln30' <Predicate = (!icmp_ln26)> <Delay = 4.33> <CoreInst = "Divider">   --->   Core 6 'Divider' <Latency = 35> <II = 1> <Delay = 4.33> <FuncUnit> <Opcode : 'udiv' 'sdiv' 'urem' 'srem'> <InPorts = 2> <OutPorts = 1>

State 32 <SV = 31> <Delay = 4.33>
ST_32 : Operation 148 [5/36] (4.33ns)   --->   "%udiv_ln29 = udiv i32 %k_1, i32 %kernel_size_read" [cpu_functions.cpp:29]   --->   Operation 148 'udiv' 'udiv_ln29' <Predicate = (!icmp_ln26)> <Delay = 4.33> <CoreInst = "Divider">   --->   Core 6 'Divider' <Latency = 35> <II = 1> <Delay = 4.33> <FuncUnit> <Opcode : 'udiv' 'sdiv' 'urem' 'srem'> <InPorts = 2> <OutPorts = 1>
ST_32 : Operation 149 [6/36] (4.33ns)   --->   "%urem_ln30 = urem i32 %k_1, i32 %kernel_size_read" [cpu_functions.cpp:30]   --->   Operation 149 'urem' 'urem_ln30' <Predicate = (!icmp_ln26)> <Delay = 4.33> <CoreInst = "Divider">   --->   Core 6 'Divider' <Latency = 35> <II = 1> <Delay = 4.33> <FuncUnit> <Opcode : 'udiv' 'sdiv' 'urem' 'srem'> <InPorts = 2> <OutPorts = 1>

State 33 <SV = 32> <Delay = 4.33>
ST_33 : Operation 150 [4/36] (4.33ns)   --->   "%udiv_ln29 = udiv i32 %k_1, i32 %kernel_size_read" [cpu_functions.cpp:29]   --->   Operation 150 'udiv' 'udiv_ln29' <Predicate = (!icmp_ln26)> <Delay = 4.33> <CoreInst = "Divider">   --->   Core 6 'Divider' <Latency = 35> <II = 1> <Delay = 4.33> <FuncUnit> <Opcode : 'udiv' 'sdiv' 'urem' 'srem'> <InPorts = 2> <OutPorts = 1>
ST_33 : Operation 151 [5/36] (4.33ns)   --->   "%urem_ln30 = urem i32 %k_1, i32 %kernel_size_read" [cpu_functions.cpp:30]   --->   Operation 151 'urem' 'urem_ln30' <Predicate = (!icmp_ln26)> <Delay = 4.33> <CoreInst = "Divider">   --->   Core 6 'Divider' <Latency = 35> <II = 1> <Delay = 4.33> <FuncUnit> <Opcode : 'udiv' 'sdiv' 'urem' 'srem'> <InPorts = 2> <OutPorts = 1>

State 34 <SV = 33> <Delay = 4.33>
ST_34 : Operation 152 [3/36] (4.33ns)   --->   "%udiv_ln29 = udiv i32 %k_1, i32 %kernel_size_read" [cpu_functions.cpp:29]   --->   Operation 152 'udiv' 'udiv_ln29' <Predicate = (!icmp_ln26)> <Delay = 4.33> <CoreInst = "Divider">   --->   Core 6 'Divider' <Latency = 35> <II = 1> <Delay = 4.33> <FuncUnit> <Opcode : 'udiv' 'sdiv' 'urem' 'srem'> <InPorts = 2> <OutPorts = 1>
ST_34 : Operation 153 [4/36] (4.33ns)   --->   "%urem_ln30 = urem i32 %k_1, i32 %kernel_size_read" [cpu_functions.cpp:30]   --->   Operation 153 'urem' 'urem_ln30' <Predicate = (!icmp_ln26)> <Delay = 4.33> <CoreInst = "Divider">   --->   Core 6 'Divider' <Latency = 35> <II = 1> <Delay = 4.33> <FuncUnit> <Opcode : 'udiv' 'sdiv' 'urem' 'srem'> <InPorts = 2> <OutPorts = 1>

State 35 <SV = 34> <Delay = 4.33>
ST_35 : Operation 154 [2/36] (4.33ns)   --->   "%udiv_ln29 = udiv i32 %k_1, i32 %kernel_size_read" [cpu_functions.cpp:29]   --->   Operation 154 'udiv' 'udiv_ln29' <Predicate = (!icmp_ln26)> <Delay = 4.33> <CoreInst = "Divider">   --->   Core 6 'Divider' <Latency = 35> <II = 1> <Delay = 4.33> <FuncUnit> <Opcode : 'udiv' 'sdiv' 'urem' 'srem'> <InPorts = 2> <OutPorts = 1>
ST_35 : Operation 155 [3/36] (4.33ns)   --->   "%urem_ln30 = urem i32 %k_1, i32 %kernel_size_read" [cpu_functions.cpp:30]   --->   Operation 155 'urem' 'urem_ln30' <Predicate = (!icmp_ln26)> <Delay = 4.33> <CoreInst = "Divider">   --->   Core 6 'Divider' <Latency = 35> <II = 1> <Delay = 4.33> <FuncUnit> <Opcode : 'udiv' 'sdiv' 'urem' 'srem'> <InPorts = 2> <OutPorts = 1>

State 36 <SV = 35> <Delay = 4.33>
ST_36 : Operation 156 [1/36] (4.33ns)   --->   "%udiv_ln29 = udiv i32 %k_1, i32 %kernel_size_read" [cpu_functions.cpp:29]   --->   Operation 156 'udiv' 'udiv_ln29' <Predicate = (!icmp_ln26)> <Delay = 4.33> <CoreInst = "Divider">   --->   Core 6 'Divider' <Latency = 35> <II = 1> <Delay = 4.33> <FuncUnit> <Opcode : 'udiv' 'sdiv' 'urem' 'srem'> <InPorts = 2> <OutPorts = 1>
ST_36 : Operation 157 [2/36] (4.33ns)   --->   "%urem_ln30 = urem i32 %k_1, i32 %kernel_size_read" [cpu_functions.cpp:30]   --->   Operation 157 'urem' 'urem_ln30' <Predicate = (!icmp_ln26)> <Delay = 4.33> <CoreInst = "Divider">   --->   Core 6 'Divider' <Latency = 35> <II = 1> <Delay = 4.33> <FuncUnit> <Opcode : 'udiv' 'sdiv' 'urem' 'srem'> <InPorts = 2> <OutPorts = 1>

State 37 <SV = 36> <Delay = 4.37>
ST_37 : Operation 158 [1/36] (4.33ns)   --->   "%urem_ln30 = urem i32 %k_1, i32 %kernel_size_read" [cpu_functions.cpp:30]   --->   Operation 158 'urem' 'urem_ln30' <Predicate = (!icmp_ln26)> <Delay = 4.33> <CoreInst = "Divider">   --->   Core 6 'Divider' <Latency = 35> <II = 1> <Delay = 4.33> <FuncUnit> <Opcode : 'udiv' 'sdiv' 'urem' 'srem'> <InPorts = 2> <OutPorts = 1>
ST_37 : Operation 159 [1/1] (0.00ns) (grouped into TernaryAdder)   --->   "%kx = sub i32 %x_read, i32 %kernel_rad_cast"   --->   Operation 159 'sub' 'kx' <Predicate = (!icmp_ln26)> <Delay = 0.00> <CoreInst = "TAddSub">   --->   Core 10 'TAddSub' <Latency = 0> <II = 1> <Delay = 2.18> <IPBlock> <Opcode : 'add' 'sub'> <InPorts = 3> <OutPorts = 1> <Sync> <CReg>
ST_37 : Operation 160 [1/1] (4.37ns) (root node of TernaryAdder)   --->   "%newSecond = add i32 %udiv_ln29, i32 %kx" [cpu_functions.cpp:29]   --->   Operation 160 'add' 'newSecond' <Predicate = (!icmp_ln26)> <Delay = 4.37> <CoreInst = "TAddSub">   --->   Core 10 'TAddSub' <Latency = 0> <II = 1> <Delay = 2.18> <IPBlock> <Opcode : 'add' 'sub'> <InPorts = 3> <OutPorts = 1> <Sync> <CReg>

State 38 <SV = 37> <Delay = 6.92>
ST_38 : Operation 161 [1/1] (0.00ns) (grouped into TernaryAdder)   --->   "%ky = sub i32 %y_read, i32 %kernel_rad_cast"   --->   Operation 161 'sub' 'ky' <Predicate = (!icmp_ln26)> <Delay = 0.00> <CoreInst = "TAddSub">   --->   Core 10 'TAddSub' <Latency = 0> <II = 1> <Delay = 2.18> <IPBlock> <Opcode : 'add' 'sub'> <InPorts = 3> <OutPorts = 1> <Sync> <CReg>
ST_38 : Operation 162 [1/1] (4.37ns) (root node of TernaryAdder)   --->   "%newSecond17 = add i32 %urem_ln30, i32 %ky" [cpu_functions.cpp:30]   --->   Operation 162 'add' 'newSecond17' <Predicate = (!icmp_ln26)> <Delay = 4.37> <CoreInst = "TAddSub">   --->   Core 10 'TAddSub' <Latency = 0> <II = 1> <Delay = 2.18> <IPBlock> <Opcode : 'add' 'sub'> <InPorts = 3> <OutPorts = 1> <Sync> <CReg>
ST_38 : Operation 163 [1/1] (0.00ns)   --->   "%trunc_ln31 = trunc i32 %newSecond17" [cpu_functions.cpp:31]   --->   Operation 163 'trunc' 'trunc_ln31' <Predicate = (!icmp_ln26)> <Delay = 0.00>
ST_38 : Operation 164 [1/1] (2.55ns)   --->   "%icmp_ln31 = icmp_sgt  i32 %newSecond, i32 %add_ln31_read" [cpu_functions.cpp:31]   --->   Operation 164 'icmp' 'icmp_ln31' <Predicate = (!icmp_ln26)> <Delay = 2.55> <CoreInst = "Cmp">   --->   Core 9 'Cmp' <Latency = 0> <II = 1> <Delay = 2.55> <FuncUnit> <Opcode : 'seteq' 'setne' 'setle' 'setge' 'setlt' 'setgt'> <InPorts = 2> <OutPorts = 1>
ST_38 : Operation 165 [1/1] (2.55ns)   --->   "%icmp_ln31_1 = icmp_sgt  i32 %newSecond17, i32 %add_ln31_read" [cpu_functions.cpp:31]   --->   Operation 165 'icmp' 'icmp_ln31_1' <Predicate = (!icmp_ln26)> <Delay = 2.55> <CoreInst = "Cmp">   --->   Core 9 'Cmp' <Latency = 0> <II = 1> <Delay = 2.55> <FuncUnit> <Opcode : 'seteq' 'setne' 'setle' 'setge' 'setlt' 'setgt'> <InPorts = 2> <OutPorts = 1>

State 39 <SV = 38> <Delay = 6.91>
ST_39 : Operation 166 [1/1] (0.00ns)   --->   "%specpipeline_ln16 = specpipeline void @_ssdm_op_SpecPipeline, i32 4294967295, i32 0, i32 0, i32 0, i32 4294967295, void @empty_14" [cpu_functions.cpp:16]   --->   Operation 166 'specpipeline' 'specpipeline_ln16' <Predicate = (!icmp_ln26)> <Delay = 0.00>
ST_39 : Operation 167 [1/1] (0.00ns)   --->   "%specloopname_ln26 = specloopname void @_ssdm_op_SpecLoopName, void @empty_32" [cpu_functions.cpp:26]   --->   Operation 167 'specloopname' 'specloopname_ln26' <Predicate = (!icmp_ln26)> <Delay = 0.00>
ST_39 : Operation 168 [1/1] (0.00ns) (grouped into LUT with out node or_ln31_2)   --->   "%or_ln31 = or i32 %newSecond17, i32 %newSecond" [cpu_functions.cpp:31]   --->   Operation 168 'or' 'or_ln31' <Predicate = (!icmp_ln26)> <Delay = 0.00> <CoreInst = "LogicGate">   --->   Core 74 'LogicGate' <Latency = 0> <II = 1> <Delay = 0.99> <FuncUnit> <Opcode : 'and' 'or' 'xor'> <InPorts = 2> <OutPorts = 1>
ST_39 : Operation 169 [1/1] (0.00ns) (grouped into LUT with out node or_ln31_2)   --->   "%tmp = bitselect i1 @_ssdm_op_BitSelect.i1.i32.i32, i32 %or_ln31, i32 31" [cpu_functions.cpp:31]   --->   Operation 169 'bitselect' 'tmp' <Predicate = (!icmp_ln26)> <Delay = 0.00>
ST_39 : Operation 170 [1/1] (0.00ns) (grouped into LUT with out node or_ln31_2)   --->   "%or_ln31_1 = or i1 %icmp_ln31, i1 %icmp_ln31_1" [cpu_functions.cpp:31]   --->   Operation 170 'or' 'or_ln31_1' <Predicate = (!icmp_ln26)> <Delay = 0.00> <CoreInst = "LogicGate">   --->   Core 74 'LogicGate' <Latency = 0> <II = 1> <Delay = 0.97> <FuncUnit> <Opcode : 'and' 'or' 'xor'> <InPorts = 2> <OutPorts = 1>
ST_39 : Operation 171 [1/1] (0.99ns) (out node of the LUT)   --->   "%or_ln31_2 = or i1 %or_ln31_1, i1 %tmp" [cpu_functions.cpp:31]   --->   Operation 171 'or' 'or_ln31_2' <Predicate = (!icmp_ln26)> <Delay = 0.99> <CoreInst = "LogicGate">   --->   Core 74 'LogicGate' <Latency = 0> <II = 1> <Delay = 0.97> <FuncUnit> <Opcode : 'and' 'or' 'xor'> <InPorts = 2> <OutPorts = 1>
ST_39 : Operation 172 [1/1] (1.58ns)   --->   "%br_ln31 = br i1 %or_ln31_2, void %if.then, void %for.inc" [cpu_functions.cpp:31]   --->   Operation 172 'br' 'br_ln31' <Predicate = (!icmp_ln26)> <Delay = 1.58>
ST_39 : Operation 173 [1/1] (0.00ns)   --->   "%trunc_ln33 = trunc i32 %newSecond" [cpu_functions.cpp:33]   --->   Operation 173 'trunc' 'trunc_ln33' <Predicate = (!icmp_ln26 & !or_ln31_2)> <Delay = 0.00>
ST_39 : Operation 174 [2/2] (6.91ns)   --->   "%mul_ln33 = mul i30 %trunc_ln33, i30 %n_read" [cpu_functions.cpp:33]   --->   Operation 174 'mul' 'mul_ln33' <Predicate = (!icmp_ln26 & !or_ln31_2)> <Delay = 6.91> <CoreInst = "Multiplier">   --->   Core 3 'Multiplier' <Latency = 1> <II = 1> <Delay = 6.91> <FuncUnit> <Opcode : 'mul'> <InPorts = 2> <OutPorts = 1>

State 40 <SV = 39> <Delay = 6.91>
ST_40 : Operation 175 [1/2] (6.91ns)   --->   "%mul_ln33 = mul i30 %trunc_ln33, i30 %n_read" [cpu_functions.cpp:33]   --->   Operation 175 'mul' 'mul_ln33' <Predicate = (!icmp_ln26 & !or_ln31_2)> <Delay = 6.91> <CoreInst = "Multiplier">   --->   Core 3 'Multiplier' <Latency = 1> <II = 1> <Delay = 6.91> <FuncUnit> <Opcode : 'mul'> <InPorts = 2> <OutPorts = 1>

State 41 <SV = 40> <Delay = 5.04>
ST_41 : Operation 176 [1/1] (2.49ns)   --->   "%add_ln33 = add i30 %mul_ln33, i30 %trunc_ln31" [cpu_functions.cpp:33]   --->   Operation 176 'add' 'add_ln33' <Predicate = (!icmp_ln26 & !or_ln31_2)> <Delay = 2.49> <CoreInst = "Adder">   --->   Core 1 'Adder' <Latency = 0> <II = 1> <Delay = 2.49> <FuncUnit> <Opcode : 'add' 'sub'> <InPorts = 2> <OutPorts = 1>
ST_41 : Operation 177 [1/1] (0.00ns)   --->   "%shl_ln = bitconcatenate i32 @_ssdm_op_BitConcatenate.i32.i30.i2, i30 %add_ln33, i2 0" [cpu_functions.cpp:33]   --->   Operation 177 'bitconcatenate' 'shl_ln' <Predicate = (!icmp_ln26 & !or_ln31_2)> <Delay = 0.00>
ST_41 : Operation 178 [1/1] (2.55ns)   --->   "%add_ln33_1 = add i32 %shl_ln, i32 %A_read" [cpu_functions.cpp:33]   --->   Operation 178 'add' 'add_ln33_1' <Predicate = (!icmp_ln26 & !or_ln31_2)> <Delay = 2.55> <CoreInst = "Adder">   --->   Core 1 'Adder' <Latency = 0> <II = 1> <Delay = 2.55> <FuncUnit> <Opcode : 'add' 'sub'> <InPorts = 2> <OutPorts = 1>
ST_41 : Operation 179 [1/1] (0.00ns)   --->   "%trunc_ln33_1 = partselect i30 @_ssdm_op_PartSelect.i30.i32.i32.i32, i32 %add_ln33_1, i32 2, i32 31" [cpu_functions.cpp:33]   --->   Operation 179 'partselect' 'trunc_ln33_1' <Predicate = (!icmp_ln26 & !or_ln31_2)> <Delay = 0.00>

State 42 <SV = 41> <Delay = 7.30>
ST_42 : Operation 180 [1/1] (0.00ns)   --->   "%sext_ln33 = sext i30 %trunc_ln33_1" [cpu_functions.cpp:33]   --->   Operation 180 'sext' 'sext_ln33' <Predicate = (!icmp_ln26 & !or_ln31_2)> <Delay = 0.00>
ST_42 : Operation 181 [1/1] (0.00ns)   --->   "%gmem_addr = getelementptr i32 %gmem, i32 %sext_ln33" [cpu_functions.cpp:33]   --->   Operation 181 'getelementptr' 'gmem_addr' <Predicate = (!icmp_ln26 & !or_ln31_2)> <Delay = 0.00>
ST_42 : Operation 182 [8/8] (7.30ns)   --->   "%gmem_load_req = readreq i1 @_ssdm_op_ReadReq.m_axi.i32P1A, i32 %gmem_addr, i32 1" [cpu_functions.cpp:33]   --->   Operation 182 'readreq' 'gmem_load_req' <Predicate = (!icmp_ln26 & !or_ln31_2)> <Delay = 7.30> <CoreInst = "m_axi">   --->   Core 111 'm_axi' <Latency = 6> <II = 1> <Delay = 1.00> <Adapter> <Opcode : 'readrequnaligned' 'writerequnaligned' 'read' 'write' 'readreq' 'writereq' 'writeresp'>

State 43 <SV = 42> <Delay = 7.30>
ST_43 : Operation 183 [7/8] (7.30ns)   --->   "%gmem_load_req = readreq i1 @_ssdm_op_ReadReq.m_axi.i32P1A, i32 %gmem_addr, i32 1" [cpu_functions.cpp:33]   --->   Operation 183 'readreq' 'gmem_load_req' <Predicate = (!icmp_ln26 & !or_ln31_2)> <Delay = 7.30> <CoreInst = "m_axi">   --->   Core 111 'm_axi' <Latency = 6> <II = 1> <Delay = 1.00> <Adapter> <Opcode : 'readrequnaligned' 'writerequnaligned' 'read' 'write' 'readreq' 'writereq' 'writeresp'>
ST_43 : Operation 184 [1/1] (0.00ns)   --->   "%gmem_addr_1 = getelementptr i32 %gmem, i32 %add_ln35" [cpu_functions.cpp:35]   --->   Operation 184 'getelementptr' 'gmem_addr_1' <Predicate = true> <Delay = 0.00>
ST_43 : Operation 185 [8/8] (7.30ns)   --->   "%gmem_load_1_req = readreq i1 @_ssdm_op_ReadReq.m_axi.i32P1A, i32 %gmem_addr_1, i32 1" [cpu_functions.cpp:35]   --->   Operation 185 'readreq' 'gmem_load_1_req' <Predicate = true> <Delay = 7.30> <CoreInst = "m_axi">   --->   Core 111 'm_axi' <Latency = 6> <II = 1> <Delay = 1.00> <Adapter> <Opcode : 'readrequnaligned' 'writerequnaligned' 'read' 'write' 'readreq' 'writereq' 'writeresp'>

State 44 <SV = 43> <Delay = 0.00>
ST_44 : Operation 186 [6/8] (7.30ns)   --->   "%gmem_load_req = readreq i1 @_ssdm_op_ReadReq.m_axi.i32P1A, i32 %gmem_addr, i32 1" [cpu_functions.cpp:33]   --->   Operation 186 'readreq' 'gmem_load_req' <Predicate = (!icmp_ln26 & !or_ln31_2)> <Delay = 7.30> <CoreInst = "m_axi">   --->   Core 111 'm_axi' <Latency = 6> <II = 1> <Delay = 1.00> <Adapter> <Opcode : 'readrequnaligned' 'writerequnaligned' 'read' 'write' 'readreq' 'writereq' 'writeresp'>
ST_44 : Operation 187 [7/8] (7.30ns)   --->   "%gmem_load_1_req = readreq i1 @_ssdm_op_ReadReq.m_axi.i32P1A, i32 %gmem_addr_1, i32 1" [cpu_functions.cpp:35]   --->   Operation 187 'readreq' 'gmem_load_1_req' <Predicate = true> <Delay = 7.30> <CoreInst = "m_axi">   --->   Core 111 'm_axi' <Latency = 6> <II = 1> <Delay = 1.00> <Adapter> <Opcode : 'readrequnaligned' 'writerequnaligned' 'read' 'write' 'readreq' 'writereq' 'writeresp'>

State 45 <SV = 44> <Delay = 0.00>
ST_45 : Operation 188 [5/8] (7.30ns)   --->   "%gmem_load_req = readreq i1 @_ssdm_op_ReadReq.m_axi.i32P1A, i32 %gmem_addr, i32 1" [cpu_functions.cpp:33]   --->   Operation 188 'readreq' 'gmem_load_req' <Predicate = (!icmp_ln26 & !or_ln31_2)> <Delay = 7.30> <CoreInst = "m_axi">   --->   Core 111 'm_axi' <Latency = 6> <II = 1> <Delay = 1.00> <Adapter> <Opcode : 'readrequnaligned' 'writerequnaligned' 'read' 'write' 'readreq' 'writereq' 'writeresp'>
ST_45 : Operation 189 [6/8] (7.30ns)   --->   "%gmem_load_1_req = readreq i1 @_ssdm_op_ReadReq.m_axi.i32P1A, i32 %gmem_addr_1, i32 1" [cpu_functions.cpp:35]   --->   Operation 189 'readreq' 'gmem_load_1_req' <Predicate = true> <Delay = 7.30> <CoreInst = "m_axi">   --->   Core 111 'm_axi' <Latency = 6> <II = 1> <Delay = 1.00> <Adapter> <Opcode : 'readrequnaligned' 'writerequnaligned' 'read' 'write' 'readreq' 'writereq' 'writeresp'>

State 46 <SV = 45> <Delay = 0.00>
ST_46 : Operation 190 [4/8] (7.30ns)   --->   "%gmem_load_req = readreq i1 @_ssdm_op_ReadReq.m_axi.i32P1A, i32 %gmem_addr, i32 1" [cpu_functions.cpp:33]   --->   Operation 190 'readreq' 'gmem_load_req' <Predicate = (!icmp_ln26 & !or_ln31_2)> <Delay = 7.30> <CoreInst = "m_axi">   --->   Core 111 'm_axi' <Latency = 6> <II = 1> <Delay = 1.00> <Adapter> <Opcode : 'readrequnaligned' 'writerequnaligned' 'read' 'write' 'readreq' 'writereq' 'writeresp'>
ST_46 : Operation 191 [5/8] (7.30ns)   --->   "%gmem_load_1_req = readreq i1 @_ssdm_op_ReadReq.m_axi.i32P1A, i32 %gmem_addr_1, i32 1" [cpu_functions.cpp:35]   --->   Operation 191 'readreq' 'gmem_load_1_req' <Predicate = true> <Delay = 7.30> <CoreInst = "m_axi">   --->   Core 111 'm_axi' <Latency = 6> <II = 1> <Delay = 1.00> <Adapter> <Opcode : 'readrequnaligned' 'writerequnaligned' 'read' 'write' 'readreq' 'writereq' 'writeresp'>

State 47 <SV = 46> <Delay = 0.00>
ST_47 : Operation 192 [3/8] (7.30ns)   --->   "%gmem_load_req = readreq i1 @_ssdm_op_ReadReq.m_axi.i32P1A, i32 %gmem_addr, i32 1" [cpu_functions.cpp:33]   --->   Operation 192 'readreq' 'gmem_load_req' <Predicate = (!icmp_ln26 & !or_ln31_2)> <Delay = 7.30> <CoreInst = "m_axi">   --->   Core 111 'm_axi' <Latency = 6> <II = 1> <Delay = 1.00> <Adapter> <Opcode : 'readrequnaligned' 'writerequnaligned' 'read' 'write' 'readreq' 'writereq' 'writeresp'>
ST_47 : Operation 193 [4/8] (7.30ns)   --->   "%gmem_load_1_req = readreq i1 @_ssdm_op_ReadReq.m_axi.i32P1A, i32 %gmem_addr_1, i32 1" [cpu_functions.cpp:35]   --->   Operation 193 'readreq' 'gmem_load_1_req' <Predicate = true> <Delay = 7.30> <CoreInst = "m_axi">   --->   Core 111 'm_axi' <Latency = 6> <II = 1> <Delay = 1.00> <Adapter> <Opcode : 'readrequnaligned' 'writerequnaligned' 'read' 'write' 'readreq' 'writereq' 'writeresp'>

State 48 <SV = 47> <Delay = 0.00>
ST_48 : Operation 194 [2/8] (7.30ns)   --->   "%gmem_load_req = readreq i1 @_ssdm_op_ReadReq.m_axi.i32P1A, i32 %gmem_addr, i32 1" [cpu_functions.cpp:33]   --->   Operation 194 'readreq' 'gmem_load_req' <Predicate = (!icmp_ln26 & !or_ln31_2)> <Delay = 7.30> <CoreInst = "m_axi">   --->   Core 111 'm_axi' <Latency = 6> <II = 1> <Delay = 1.00> <Adapter> <Opcode : 'readrequnaligned' 'writerequnaligned' 'read' 'write' 'readreq' 'writereq' 'writeresp'>
ST_48 : Operation 195 [3/8] (7.30ns)   --->   "%gmem_load_1_req = readreq i1 @_ssdm_op_ReadReq.m_axi.i32P1A, i32 %gmem_addr_1, i32 1" [cpu_functions.cpp:35]   --->   Operation 195 'readreq' 'gmem_load_1_req' <Predicate = true> <Delay = 7.30> <CoreInst = "m_axi">   --->   Core 111 'm_axi' <Latency = 6> <II = 1> <Delay = 1.00> <Adapter> <Opcode : 'readrequnaligned' 'writerequnaligned' 'read' 'write' 'readreq' 'writereq' 'writeresp'>

State 49 <SV = 48> <Delay = 7.30>
ST_49 : Operation 196 [1/8] ( I:7.30ns O:7.30ns )   --->   "%gmem_load_req = readreq i1 @_ssdm_op_ReadReq.m_axi.i32P1A, i32 %gmem_addr, i32 1" [cpu_functions.cpp:33]   --->   Operation 196 'readreq' 'gmem_load_req' <Predicate = (!icmp_ln26 & !or_ln31_2)> <Delay = 7.30> <CoreInst = "m_axi">   --->   Core 111 'm_axi' <Latency = 6> <II = 1> <Delay = 1.00> <Adapter> <Opcode : 'readrequnaligned' 'writerequnaligned' 'read' 'write' 'readreq' 'writereq' 'writeresp'>
ST_49 : Operation 197 [2/8] (7.30ns)   --->   "%gmem_load_1_req = readreq i1 @_ssdm_op_ReadReq.m_axi.i32P1A, i32 %gmem_addr_1, i32 1" [cpu_functions.cpp:35]   --->   Operation 197 'readreq' 'gmem_load_1_req' <Predicate = true> <Delay = 7.30> <CoreInst = "m_axi">   --->   Core 111 'm_axi' <Latency = 6> <II = 1> <Delay = 1.00> <Adapter> <Opcode : 'readrequnaligned' 'writerequnaligned' 'read' 'write' 'readreq' 'writereq' 'writeresp'>

State 50 <SV = 49> <Delay = 7.30>
ST_50 : Operation 198 [1/1] ( I:7.30ns O:7.30ns )   --->   "%gmem_addr_read = read i32 @_ssdm_op_Read.m_axi.i32P1A, i32 %gmem_addr" [cpu_functions.cpp:33]   --->   Operation 198 'read' 'gmem_addr_read' <Predicate = (!icmp_ln26 & !or_ln31_2)> <Delay = 7.30> <CoreInst = "m_axi">   --->   Core 111 'm_axi' <Latency = 3> <II = 1> <Delay = 1.00> <Adapter> <Opcode : 'readrequnaligned' 'writerequnaligned' 'read' 'write' 'readreq' 'writereq' 'writeresp'>
ST_50 : Operation 199 [1/8] ( I:7.30ns O:7.30ns )   --->   "%gmem_load_1_req = readreq i1 @_ssdm_op_ReadReq.m_axi.i32P1A, i32 %gmem_addr_1, i32 1" [cpu_functions.cpp:35]   --->   Operation 199 'readreq' 'gmem_load_1_req' <Predicate = true> <Delay = 7.30> <CoreInst = "m_axi">   --->   Core 111 'm_axi' <Latency = 6> <II = 1> <Delay = 1.00> <Adapter> <Opcode : 'readrequnaligned' 'writerequnaligned' 'read' 'write' 'readreq' 'writereq' 'writeresp'>

State 51 <SV = 50> <Delay = 7.30>
ST_51 : Operation 200 [1/1] (0.00ns)   --->   "%value = bitcast i32 %gmem_addr_read" [cpu_functions.cpp:33]   --->   Operation 200 'bitcast' 'value' <Predicate = (!icmp_ln26 & !or_ln31_2)> <Delay = 0.00>
ST_51 : Operation 201 [1/1] (1.58ns)   --->   "%br_ln34 = br void %for.inc" [cpu_functions.cpp:34]   --->   Operation 201 'br' 'br_ln34' <Predicate = (!icmp_ln26 & !or_ln31_2)> <Delay = 1.58>
ST_51 : Operation 202 [1/1] ( I:7.30ns O:7.30ns )   --->   "%gmem_addr_1_read = read i32 @_ssdm_op_Read.m_axi.i32P1A, i32 %gmem_addr_1" [cpu_functions.cpp:35]   --->   Operation 202 'read' 'gmem_addr_1_read' <Predicate = true> <Delay = 7.30> <CoreInst = "m_axi">   --->   Core 111 'm_axi' <Latency = 3> <II = 1> <Delay = 1.00> <Adapter> <Opcode : 'readrequnaligned' 'writerequnaligned' 'read' 'write' 'readreq' 'writereq' 'writeresp'>

State 52 <SV = 51> <Delay = 5.70>
ST_52 : Operation 203 [1/1] (0.00ns)   --->   "%value_1 = phi i32 %value, void %if.then, i32 0, void %for.body6.split"   --->   Operation 203 'phi' 'value_1' <Predicate = true> <Delay = 0.00>
ST_52 : Operation 204 [1/1] (0.00ns)   --->   "%bitcast_ln35 = bitcast i32 %gmem_addr_1_read" [cpu_functions.cpp:35]   --->   Operation 204 'bitcast' 'bitcast_ln35' <Predicate = true> <Delay = 0.00>
ST_52 : Operation 205 [4/4] (5.70ns)   --->   "%mul = fmul i32 %value_1, i32 %bitcast_ln35" [cpu_functions.cpp:35]   --->   Operation 205 'fmul' 'mul' <Predicate = true> <Delay = 5.70> <CoreInst = "FMul_maxdsp">   --->   Core 30 'FMul_maxdsp' <Latency = 3> <II = 1> <Delay = 5.70> <FuncUnit> <Opcode : 'fmul'> <InPorts = 2> <OutPorts = 1>

State 53 <SV = 52> <Delay = 5.70>
ST_53 : Operation 206 [3/4] (5.70ns)   --->   "%mul = fmul i32 %value_1, i32 %bitcast_ln35" [cpu_functions.cpp:35]   --->   Operation 206 'fmul' 'mul' <Predicate = true> <Delay = 5.70> <CoreInst = "FMul_maxdsp">   --->   Core 30 'FMul_maxdsp' <Latency = 3> <II = 1> <Delay = 5.70> <FuncUnit> <Opcode : 'fmul'> <InPorts = 2> <OutPorts = 1>

State 54 <SV = 53> <Delay = 5.70>
ST_54 : Operation 207 [2/4] (5.70ns)   --->   "%mul = fmul i32 %value_1, i32 %bitcast_ln35" [cpu_functions.cpp:35]   --->   Operation 207 'fmul' 'mul' <Predicate = true> <Delay = 5.70> <CoreInst = "FMul_maxdsp">   --->   Core 30 'FMul_maxdsp' <Latency = 3> <II = 1> <Delay = 5.70> <FuncUnit> <Opcode : 'fmul'> <InPorts = 2> <OutPorts = 1>

State 55 <SV = 54> <Delay = 5.70>
ST_55 : Operation 208 [1/4] (5.70ns)   --->   "%mul = fmul i32 %value_1, i32 %bitcast_ln35" [cpu_functions.cpp:35]   --->   Operation 208 'fmul' 'mul' <Predicate = true> <Delay = 5.70> <CoreInst = "FMul_maxdsp">   --->   Core 30 'FMul_maxdsp' <Latency = 3> <II = 1> <Delay = 5.70> <FuncUnit> <Opcode : 'fmul'> <InPorts = 2> <OutPorts = 1>
ST_55 : Operation 217 [1/1] (0.00ns)   --->   "%sum_load_1 = load i32 %sum"   --->   Operation 217 'load' 'sum_load_1' <Predicate = (icmp_ln26)> <Delay = 0.00>
ST_55 : Operation 218 [1/1] (0.00ns)   --->   "%write_ln0 = write void @_ssdm_op_Write.ap_auto.floatP0A, i32 %sum_out, i32 %sum_load_1"   --->   Operation 218 'write' 'write_ln0' <Predicate = (icmp_ln26)> <Delay = 0.00>
ST_55 : Operation 219 [1/1] (1.58ns)   --->   "%ret_ln0 = ret"   --->   Operation 219 'ret' 'ret_ln0' <Predicate = (icmp_ln26)> <Delay = 1.58>

State 56 <SV = 55> <Delay = 7.25>
ST_56 : Operation 209 [1/1] (0.00ns)   --->   "%sum_load = load i32 %sum" [cpu_functions.cpp:35]   --->   Operation 209 'load' 'sum_load' <Predicate = true> <Delay = 0.00>
ST_56 : Operation 210 [5/5] (7.25ns)   --->   "%sum_1 = fadd i32 %sum_load, i32 %mul" [cpu_functions.cpp:35]   --->   Operation 210 'fadd' 'sum_1' <Predicate = true> <Delay = 7.25> <CoreInst = "FAddSub_fulldsp">   --->   Core 18 'FAddSub_fulldsp' <Latency = 4> <II = 1> <Delay = 7.25> <FuncUnit> <Opcode : 'fadd' 'fsub'> <InPorts = 2> <OutPorts = 1>

State 57 <SV = 56> <Delay = 7.25>
ST_57 : Operation 211 [4/5] (7.25ns)   --->   "%sum_1 = fadd i32 %sum_load, i32 %mul" [cpu_functions.cpp:35]   --->   Operation 211 'fadd' 'sum_1' <Predicate = true> <Delay = 7.25> <CoreInst = "FAddSub_fulldsp">   --->   Core 18 'FAddSub_fulldsp' <Latency = 4> <II = 1> <Delay = 7.25> <FuncUnit> <Opcode : 'fadd' 'fsub'> <InPorts = 2> <OutPorts = 1>

State 58 <SV = 57> <Delay = 7.25>
ST_58 : Operation 212 [3/5] (7.25ns)   --->   "%sum_1 = fadd i32 %sum_load, i32 %mul" [cpu_functions.cpp:35]   --->   Operation 212 'fadd' 'sum_1' <Predicate = true> <Delay = 7.25> <CoreInst = "FAddSub_fulldsp">   --->   Core 18 'FAddSub_fulldsp' <Latency = 4> <II = 1> <Delay = 7.25> <FuncUnit> <Opcode : 'fadd' 'fsub'> <InPorts = 2> <OutPorts = 1>

State 59 <SV = 58> <Delay = 7.25>
ST_59 : Operation 213 [2/5] (7.25ns)   --->   "%sum_1 = fadd i32 %sum_load, i32 %mul" [cpu_functions.cpp:35]   --->   Operation 213 'fadd' 'sum_1' <Predicate = true> <Delay = 7.25> <CoreInst = "FAddSub_fulldsp">   --->   Core 18 'FAddSub_fulldsp' <Latency = 4> <II = 1> <Delay = 7.25> <FuncUnit> <Opcode : 'fadd' 'fsub'> <InPorts = 2> <OutPorts = 1>

State 60 <SV = 59> <Delay = 7.25>
ST_60 : Operation 214 [1/5] (7.25ns)   --->   "%sum_1 = fadd i32 %sum_load, i32 %mul" [cpu_functions.cpp:35]   --->   Operation 214 'fadd' 'sum_1' <Predicate = true> <Delay = 7.25> <CoreInst = "FAddSub_fulldsp">   --->   Core 18 'FAddSub_fulldsp' <Latency = 4> <II = 1> <Delay = 7.25> <FuncUnit> <Opcode : 'fadd' 'fsub'> <InPorts = 2> <OutPorts = 1>

State 61 <SV = 60> <Delay = 1.58>
ST_61 : Operation 215 [1/1] (1.58ns)   --->   "%store_ln16 = store i32 %sum_1, i32 %sum" [cpu_functions.cpp:16]   --->   Operation 215 'store' 'store_ln16' <Predicate = true> <Delay = 1.58>
ST_61 : Operation 216 [1/1] (0.00ns)   --->   "%br_ln26 = br void %for.body6" [cpu_functions.cpp:26]   --->   Operation 216 'br' 'br_ln26' <Predicate = true> <Delay = 0.00>


============================================================
+ Verbose Summary: Timing violations
============================================================
Target clock period: 10.000ns, clock uncertainty: 2.700ns.

 <State 1>: 5.924ns
The critical path consists of the following:
	'store' operation ('store_ln26', cpu_functions.cpp:26) of constant 0 32 bit on local variable 'k', cpu_functions.cpp:26 [26]  (1.588 ns)
	'load' operation 32 bit ('k', cpu_functions.cpp:35) on local variable 'k', cpu_functions.cpp:26 [30]  (0.000 ns)
	'udiv' operation 32 bit ('udiv_ln29', cpu_functions.cpp:29) [37]  (4.336 ns)

 <State 2>: 4.336ns
The critical path consists of the following:
	'udiv' operation 32 bit ('udiv_ln29', cpu_functions.cpp:29) [37]  (4.336 ns)

 <State 3>: 4.336ns
The critical path consists of the following:
	'udiv' operation 32 bit ('udiv_ln29', cpu_functions.cpp:29) [37]  (4.336 ns)

 <State 4>: 4.336ns
The critical path consists of the following:
	'udiv' operation 32 bit ('udiv_ln29', cpu_functions.cpp:29) [37]  (4.336 ns)

 <State 5>: 4.336ns
The critical path consists of the following:
	'udiv' operation 32 bit ('udiv_ln29', cpu_functions.cpp:29) [37]  (4.336 ns)

 <State 6>: 4.336ns
The critical path consists of the following:
	'udiv' operation 32 bit ('udiv_ln29', cpu_functions.cpp:29) [37]  (4.336 ns)

 <State 7>: 4.336ns
The critical path consists of the following:
	'udiv' operation 32 bit ('udiv_ln29', cpu_functions.cpp:29) [37]  (4.336 ns)

 <State 8>: 4.336ns
The critical path consists of the following:
	'udiv' operation 32 bit ('udiv_ln29', cpu_functions.cpp:29) [37]  (4.336 ns)

 <State 9>: 4.336ns
The critical path consists of the following:
	'udiv' operation 32 bit ('udiv_ln29', cpu_functions.cpp:29) [37]  (4.336 ns)

 <State 10>: 4.336ns
The critical path consists of the following:
	'udiv' operation 32 bit ('udiv_ln29', cpu_functions.cpp:29) [37]  (4.336 ns)

 <State 11>: 4.336ns
The critical path consists of the following:
	'udiv' operation 32 bit ('udiv_ln29', cpu_functions.cpp:29) [37]  (4.336 ns)

 <State 12>: 4.336ns
The critical path consists of the following:
	'udiv' operation 32 bit ('udiv_ln29', cpu_functions.cpp:29) [37]  (4.336 ns)

 <State 13>: 4.336ns
The critical path consists of the following:
	'udiv' operation 32 bit ('udiv_ln29', cpu_functions.cpp:29) [37]  (4.336 ns)

 <State 14>: 4.336ns
The critical path consists of the following:
	'udiv' operation 32 bit ('udiv_ln29', cpu_functions.cpp:29) [37]  (4.336 ns)

 <State 15>: 4.336ns
The critical path consists of the following:
	'udiv' operation 32 bit ('udiv_ln29', cpu_functions.cpp:29) [37]  (4.336 ns)

 <State 16>: 4.336ns
The critical path consists of the following:
	'udiv' operation 32 bit ('udiv_ln29', cpu_functions.cpp:29) [37]  (4.336 ns)

 <State 17>: 4.336ns
The critical path consists of the following:
	'udiv' operation 32 bit ('udiv_ln29', cpu_functions.cpp:29) [37]  (4.336 ns)

 <State 18>: 4.336ns
The critical path consists of the following:
	'udiv' operation 32 bit ('udiv_ln29', cpu_functions.cpp:29) [37]  (4.336 ns)

 <State 19>: 4.336ns
The critical path consists of the following:
	'udiv' operation 32 bit ('udiv_ln29', cpu_functions.cpp:29) [37]  (4.336 ns)

 <State 20>: 4.336ns
The critical path consists of the following:
	'udiv' operation 32 bit ('udiv_ln29', cpu_functions.cpp:29) [37]  (4.336 ns)

 <State 21>: 4.336ns
The critical path consists of the following:
	'udiv' operation 32 bit ('udiv_ln29', cpu_functions.cpp:29) [37]  (4.336 ns)

 <State 22>: 4.336ns
The critical path consists of the following:
	'udiv' operation 32 bit ('udiv_ln29', cpu_functions.cpp:29) [37]  (4.336 ns)

 <State 23>: 4.336ns
The critical path consists of the following:
	'udiv' operation 32 bit ('udiv_ln29', cpu_functions.cpp:29) [37]  (4.336 ns)

 <State 24>: 4.336ns
The critical path consists of the following:
	'udiv' operation 32 bit ('udiv_ln29', cpu_functions.cpp:29) [37]  (4.336 ns)

 <State 25>: 4.336ns
The critical path consists of the following:
	'udiv' operation 32 bit ('udiv_ln29', cpu_functions.cpp:29) [37]  (4.336 ns)

 <State 26>: 4.336ns
The critical path consists of the following:
	'udiv' operation 32 bit ('udiv_ln29', cpu_functions.cpp:29) [37]  (4.336 ns)

 <State 27>: 4.336ns
The critical path consists of the following:
	'udiv' operation 32 bit ('udiv_ln29', cpu_functions.cpp:29) [37]  (4.336 ns)

 <State 28>: 4.336ns
The critical path consists of the following:
	'udiv' operation 32 bit ('udiv_ln29', cpu_functions.cpp:29) [37]  (4.336 ns)

 <State 29>: 4.336ns
The critical path consists of the following:
	'udiv' operation 32 bit ('udiv_ln29', cpu_functions.cpp:29) [37]  (4.336 ns)

 <State 30>: 4.336ns
The critical path consists of the following:
	'udiv' operation 32 bit ('udiv_ln29', cpu_functions.cpp:29) [37]  (4.336 ns)

 <State 31>: 4.336ns
The critical path consists of the following:
	'udiv' operation 32 bit ('udiv_ln29', cpu_functions.cpp:29) [37]  (4.336 ns)

 <State 32>: 4.336ns
The critical path consists of the following:
	'udiv' operation 32 bit ('udiv_ln29', cpu_functions.cpp:29) [37]  (4.336 ns)

 <State 33>: 4.336ns
The critical path consists of the following:
	'udiv' operation 32 bit ('udiv_ln29', cpu_functions.cpp:29) [37]  (4.336 ns)

 <State 34>: 4.336ns
The critical path consists of the following:
	'udiv' operation 32 bit ('udiv_ln29', cpu_functions.cpp:29) [37]  (4.336 ns)

 <State 35>: 4.336ns
The critical path consists of the following:
	'udiv' operation 32 bit ('udiv_ln29', cpu_functions.cpp:29) [37]  (4.336 ns)

 <State 36>: 4.336ns
The critical path consists of the following:
	'udiv' operation 32 bit ('udiv_ln29', cpu_functions.cpp:29) [37]  (4.336 ns)

 <State 37>: 4.371ns
The critical path consists of the following:
	'sub' operation 32 bit ('kx') [39]  (0.000 ns)
	'add' operation 32 bit ('newSecond', cpu_functions.cpp:29) [40]  (4.371 ns)

 <State 38>: 6.923ns
The critical path consists of the following:
	'sub' operation 32 bit ('ky') [41]  (0.000 ns)
	'add' operation 32 bit ('newSecond17', cpu_functions.cpp:30) [42]  (4.371 ns)
	'icmp' operation 1 bit ('icmp_ln31_1', cpu_functions.cpp:31) [45]  (2.552 ns)

 <State 39>: 6.912ns
The critical path consists of the following:
	'mul' operation 30 bit ('mul_ln33', cpu_functions.cpp:33) [53]  (6.912 ns)

 <State 40>: 6.912ns
The critical path consists of the following:
	'mul' operation 30 bit ('mul_ln33', cpu_functions.cpp:33) [53]  (6.912 ns)

 <State 41>: 5.045ns
The critical path consists of the following:
	'add' operation 30 bit ('add_ln33', cpu_functions.cpp:33) [54]  (2.493 ns)
	'add' operation 32 bit ('add_ln33_1', cpu_functions.cpp:33) [56]  (2.552 ns)

 <State 42>: 7.300ns
The critical path consists of the following:
	'getelementptr' operation 32 bit ('gmem_addr', cpu_functions.cpp:33) [59]  (0.000 ns)
	bus request operation ('gmem_load_req', cpu_functions.cpp:33) on port 'gmem' (cpu_functions.cpp:33) [60]  (0.000 ns)
	blocking operation 7.3 ns on control path)

 <State 43>: 7.300ns
The critical path consists of the following:
	'getelementptr' operation 32 bit ('gmem_addr_1', cpu_functions.cpp:35) [68]  (0.000 ns)
	bus request operation ('gmem_load_1_req', cpu_functions.cpp:35) on port 'gmem' (cpu_functions.cpp:35) [69]  (0.000 ns)
	blocking operation 7.3 ns on control path)

 <State 44>: 0.000ns
The critical path consists of the following:

 <State 45>: 0.000ns
The critical path consists of the following:

 <State 46>: 0.000ns
The critical path consists of the following:

 <State 47>: 0.000ns
The critical path consists of the following:

 <State 48>: 0.000ns
The critical path consists of the following:

 <State 49>: 7.300ns
The critical path consists of the following:
	bus request operation ('gmem_load_req', cpu_functions.cpp:33) on port 'gmem' (cpu_functions.cpp:33) [60]  (7.300 ns)

 <State 50>: 7.300ns
The critical path consists of the following:
	bus request operation ('gmem_load_1_req', cpu_functions.cpp:35) on port 'gmem' (cpu_functions.cpp:35) [69]  (7.300 ns)

 <State 51>: 7.300ns
The critical path consists of the following:
	bus read operation ('gmem_addr_1_read', cpu_functions.cpp:35) on port 'gmem' (cpu_functions.cpp:35) [70]  (7.300 ns)

 <State 52>: 5.702ns
The critical path consists of the following:
	'phi' operation 32 bit ('value') with incoming values : ('value', cpu_functions.cpp:33) [65]  (0.000 ns)
	'fmul' operation 32 bit ('mul', cpu_functions.cpp:35) [72]  (5.702 ns)

 <State 53>: 5.702ns
The critical path consists of the following:
	'fmul' operation 32 bit ('mul', cpu_functions.cpp:35) [72]  (5.702 ns)

 <State 54>: 5.702ns
The critical path consists of the following:
	'fmul' operation 32 bit ('mul', cpu_functions.cpp:35) [72]  (5.702 ns)

 <State 55>: 5.702ns
The critical path consists of the following:
	'fmul' operation 32 bit ('mul', cpu_functions.cpp:35) [72]  (5.702 ns)

 <State 56>: 7.256ns
The critical path consists of the following:
	'load' operation 32 bit ('sum_load', cpu_functions.cpp:35) on local variable 'sum', cpu_functions.cpp:16 [66]  (0.000 ns)
	'fadd' operation 32 bit ('sum', cpu_functions.cpp:35) [73]  (7.256 ns)

 <State 57>: 7.256ns
The critical path consists of the following:
	'fadd' operation 32 bit ('sum', cpu_functions.cpp:35) [73]  (7.256 ns)

 <State 58>: 7.256ns
The critical path consists of the following:
	'fadd' operation 32 bit ('sum', cpu_functions.cpp:35) [73]  (7.256 ns)

 <State 59>: 7.256ns
The critical path consists of the following:
	'fadd' operation 32 bit ('sum', cpu_functions.cpp:35) [73]  (7.256 ns)

 <State 60>: 7.256ns
The critical path consists of the following:
	'fadd' operation 32 bit ('sum', cpu_functions.cpp:35) [73]  (7.256 ns)

 <State 61>: 1.588ns
The critical path consists of the following:
	'store' operation ('store_ln16', cpu_functions.cpp:16) of variable 'sum', cpu_functions.cpp:35 32 bit on local variable 'sum', cpu_functions.cpp:16 [75]  (1.588 ns)


============================================================
+ Verbose Summary: Binding
============================================================
N/A
* FSMD analyzer results:
  - Output states:
 - Input state : 
  - Chain level:
	State 1
	State 2
	State 3
	State 4
	State 5
	State 6
	State 7
	State 8
	State 9
	State 10
	State 11
	State 12
	State 13
	State 14
	State 15
	State 16
	State 17
	State 18
	State 19
	State 20
	State 21
	State 22
	State 23
	State 24
	State 25
	State 26
	State 27
	State 28
	State 29
	State 30
	State 31
	State 32
	State 33
	State 34
	State 35
	State 36
	State 37
	State 38
	State 39
	State 40
	State 41
	State 42
	State 43
	State 44
	State 45
	State 46
	State 47
	State 48
	State 49
	State 50
	State 51
	State 52
	State 53
	State 54
	State 55
	State 56
	State 57
	State 58
	State 59
	State 60
	State 61


============================================================
+ Verbose Summary: Datapath Resource usage 
============================================================
N/A
