

================================================================
== Vitis HLS Report for 'correlation_2D'
================================================================
* Date:           Mon May  4 23:40:55 2026

* Version:        2025.2 (Build 6295257 on Nov 14 2025)
* Project:        proj_correlation_2D
* Solution:       fsolution (Vivado IP Flow Target)
* Product family: zynq
* Target device:  xc7z020-clg484-1


================================================================
== Performance Estimates
================================================================
+ Timing: 
    * Summary: 
    +--------+----------+----------+------------+
    |  Clock |  Target  | Estimated| Uncertainty|
    +--------+----------+----------+------------+
    |ap_clk  |  10.00 ns|  7.297 ns|     2.70 ns|
    +--------+----------+----------+------------+

+ Latency: 
    * Summary: 
    +---------+---------+----------+----------+-----+-----+---------+
    |  Latency (cycles) |  Latency (absolute) |  Interval | Pipeline|
    |   min   |   max   |    min   |    max   | min | max |   Type  |
    +---------+---------+----------+----------+-----+-----+---------+
    |        ?|        ?|         ?|         ?|    ?|    ?|       no|
    +---------+---------+----------+----------+-----+-----+---------+

    + Detail: 
        * Instance: 
        +--------------------------------------------------------------------+---------------------------------------------------------+---------+---------+----------+----------+-----+-----+-------------------+
        |                                                                    |                                                         |  Latency (cycles) |  Latency (absolute) |  Interval |      Pipeline     |
        |                              Instance                              |                          Module                         |   min   |   max   |    min   |    max   | min | max |        Type       |
        +--------------------------------------------------------------------+---------------------------------------------------------+---------+---------+----------+----------+-----+-----+-------------------+
        |grp_correlation_2D_Pipeline_VITIS_LOOP_9_1_VITIS_LOOP_10_2_fu_87    |correlation_2D_Pipeline_VITIS_LOOP_9_1_VITIS_LOOP_10_2   |        ?|        ?|         ?|         ?|    0|    0|  loop pipeline stp|
        |grp_correlation_2D_Pipeline_VITIS_LOOP_9_1_VITIS_LOOP_10_21_fu_94   |correlation_2D_Pipeline_VITIS_LOOP_9_1_VITIS_LOOP_10_21  |        ?|        ?|         ?|         ?|    0|    0|  loop pipeline stp|
        |grp_correlation_2D_Pipeline_VITIS_LOOP_31_1_VITIS_LOOP_32_2_fu_101  |correlation_2D_Pipeline_VITIS_LOOP_31_1_VITIS_LOOP_32_2  |        ?|        ?|         ?|         ?|    0|    0|  loop pipeline stp|
        +--------------------------------------------------------------------+---------------------------------------------------------+---------+---------+----------+----------+-----+-----+-------------------+

        * Loop: 
        N/A



================================================================
== Utilization Estimates
================================================================
* Summary: 
+-----------------+---------+-----+--------+-------+-----+
|       Name      | BRAM_18K| DSP |   FF   |  LUT  | URAM|
+-----------------+---------+-----+--------+-------+-----+
|DSP              |        -|    -|       -|      -|    -|
|Expression       |        -|    -|       0|     72|    -|
|FIFO             |        -|    -|       -|      -|    -|
|Instance         |        -|   26|    3225|   4904|    -|
|Memory           |        -|    -|       -|      -|    -|
|Multiplexer      |        -|    -|       0|    436|    -|
|Register         |        -|    -|     806|      -|    -|
+-----------------+---------+-----+--------+-------+-----+
|Total            |        0|   26|    4031|   5412|    0|
+-----------------+---------+-----+--------+-------+-----+
|Available        |      280|  220|  106400|  53200|    0|
+-----------------+---------+-----+--------+-------+-----+
|Utilization (%)  |        0|   11|       3|     10|    0|
+-----------------+---------+-----+--------+-------+-----+

+ Detail: 
    * Instance: 
    +--------------------------------------------------------------------+---------------------------------------------------------+---------+----+-----+------+-----+
    |                              Instance                              |                          Module                         | BRAM_18K| DSP|  FF |  LUT | URAM|
    +--------------------------------------------------------------------+---------------------------------------------------------+---------+----+-----+------+-----+
    |grp_correlation_2D_Pipeline_VITIS_LOOP_31_1_VITIS_LOOP_32_2_fu_101  |correlation_2D_Pipeline_VITIS_LOOP_31_1_VITIS_LOOP_32_2  |        0|   0|  264|   291|    0|
    |grp_correlation_2D_Pipeline_VITIS_LOOP_9_1_VITIS_LOOP_10_2_fu_87    |correlation_2D_Pipeline_VITIS_LOOP_9_1_VITIS_LOOP_10_2   |        0|   3|  896|  1385|    0|
    |grp_correlation_2D_Pipeline_VITIS_LOOP_9_1_VITIS_LOOP_10_21_fu_94   |correlation_2D_Pipeline_VITIS_LOOP_9_1_VITIS_LOOP_10_21  |        0|   3|  896|  1385|    0|
    |faddfsub_32ns_32ns_32_5_full_dsp_1_U18                              |faddfsub_32ns_32ns_32_5_full_dsp_1                       |        0|   2|  205|   390|    0|
    |fdiv_32ns_32ns_32_16_no_dsp_1_U23                                   |fdiv_32ns_32ns_32_16_no_dsp_1                            |        0|   0|    0|     0|    0|
    |fdiv_32ns_32ns_32_16_no_dsp_1_U24                                   |fdiv_32ns_32ns_32_16_no_dsp_1                            |        0|   0|    0|     0|    0|
    |fmul_32ns_32ns_32_4_max_dsp_1_U20                                   |fmul_32ns_32ns_32_4_max_dsp_1                            |        0|   3|  143|   321|    0|
    |fmul_32ns_32ns_32_4_max_dsp_1_U21                                   |fmul_32ns_32ns_32_4_max_dsp_1                            |        0|   3|  143|   321|    0|
    |fmul_32ns_32ns_32_4_max_dsp_1_U22                                   |fmul_32ns_32ns_32_4_max_dsp_1                            |        0|   3|  143|   321|    0|
    |fpext_32ns_64_2_no_dsp_1_U28                                        |fpext_32ns_64_2_no_dsp_1                                 |        0|   0|    0|     0|    0|
    |fpext_32ns_64_2_no_dsp_1_U29                                        |fpext_32ns_64_2_no_dsp_1                                 |        0|   0|    0|     0|    0|
    |fptrunc_64ns_32_2_no_dsp_1_U26                                      |fptrunc_64ns_32_2_no_dsp_1                               |        0|   0|    0|     0|    0|
    |fptrunc_64ns_32_2_no_dsp_1_U27                                      |fptrunc_64ns_32_2_no_dsp_1                               |        0|   0|    0|     0|    0|
    |fsqrt_32ns_32ns_32_16_no_dsp_1_U30                                  |fsqrt_32ns_32ns_32_16_no_dsp_1                           |        0|   0|    0|     0|    0|
    |fsub_32ns_32ns_32_5_full_dsp_1_U19                                  |fsub_32ns_32ns_32_5_full_dsp_1                           |        0|   2|  205|   390|    0|
    |mul_31ns_32ns_63_2_1_U31                                            |mul_31ns_32ns_63_2_1                                     |        0|   4|  165|    50|    0|
    |mul_32s_32s_32_2_1_U32                                              |mul_32s_32s_32_2_1                                       |        0|   3|  165|    50|    0|
    |sitofp_32ns_32_6_no_dsp_1_U25                                       |sitofp_32ns_32_6_no_dsp_1                                |        0|   0|    0|     0|    0|
    +--------------------------------------------------------------------+---------------------------------------------------------+---------+----+-----+------+-----+
    |Total                                                               |                                                         |        0|  26| 3225|  4904|    0|
    +--------------------------------------------------------------------+---------------------------------------------------------+---------+----+-----+------+-----+

    * DSP: 
    N/A

    * Memory: 
    N/A

    * FIFO: 
    N/A

    * Expression: 
    +---------------------------------+----------+----+---+----+------------+------------+
    |          Variable Name          | Operation| DSP| FF| LUT| Bitwidth P0| Bitwidth P1|
    +---------------------------------+----------+----+---+----+------------+------------+
    |empty_5_fu_187_p2                |      icmp|   0|  0|  39|          32|           1|
    |ap_block_state6_on_subcall_done  |        or|   0|  0|   2|           1|           1|
    |smax_fu_192_p3                   |    select|   0|  0|  31|           1|          31|
    +---------------------------------+----------+----+---+----+------------+------------+
    |Total                            |          |   0|  0|  72|          34|          33|
    +---------------------------------+----------+----+---+----+------------+------------+

    * Multiplexer: 
    +-------------------+-----+-----------+-----+-----------+
    |        Name       | LUT | Input Size| Bits| Total Bits|
    +-------------------+-----+-----------+-----+-----------+
    |ap_NS_fsm          |  329|         71|    1|         71|
    |grp_fu_112_ce      |    9|          2|    1|          2|
    |grp_fu_112_opcode  |   14|          3|    2|          6|
    |grp_fu_112_p0      |   14|          3|   32|         96|
    |grp_fu_112_p1      |   14|          3|   32|         96|
    |grp_fu_120_p0      |   14|          3|   32|         96|
    |grp_fu_120_p1      |   14|          3|   32|         96|
    |grp_fu_135_p0      |   14|          3|   32|         96|
    |grp_fu_135_p1      |   14|          3|   32|         96|
    +-------------------+-----+-----------+-----+-----------+
    |Total              |  436|         94|  196|        655|
    +-------------------+-----+-----------+-----+-----------+

    * Register: 
    +---------------------------------------------------------------------------------+----+----+-----+-----------+
    |                                       Name                                      | FF | LUT| Bits| Const Bits|
    +---------------------------------------------------------------------------------+----+----+-----+-----------+
    |ap_CS_fsm                                                                        |  70|   0|   70|          0|
    |bitcast_ln11_1_reg_311                                                           |  32|   0|   32|          0|
    |bitcast_ln11_reg_295                                                             |  32|   0|   32|          0|
    |conv11_i_reg_340                                                                 |  32|   0|   32|          0|
    |conv9_i1_reg_351                                                                 |  32|   0|   32|          0|
    |conv9_i_reg_346                                                                  |  32|   0|   32|          0|
    |conv_i1_reg_329                                                                  |  64|   0|   64|          0|
    |conv_i_reg_317                                                                   |  64|   0|   64|          0|
    |conv_reg_396                                                                     |  32|   0|   32|          0|
    |empty_reg_250                                                                    |  31|   0|   31|          0|
    |grp_correlation_2D_Pipeline_VITIS_LOOP_31_1_VITIS_LOOP_32_2_fu_101_ap_start_reg  |   1|   0|    1|          0|
    |grp_correlation_2D_Pipeline_VITIS_LOOP_9_1_VITIS_LOOP_10_21_fu_94_ap_start_reg   |   1|   0|    1|          0|
    |grp_correlation_2D_Pipeline_VITIS_LOOP_9_1_VITIS_LOOP_10_2_fu_87_ap_start_reg    |   1|   0|    1|          0|
    |mean_a_matrix_reg_356                                                            |  32|   0|   32|          0|
    |mean_b_matrix_reg_361                                                            |  32|   0|   32|          0|
    |mul1_reg_380                                                                     |  32|   0|   32|          0|
    |mul2_reg_385                                                                     |  32|   0|   32|          0|
    |mul_ln15_reg_285                                                                 |  32|   0|   32|          0|
    |mul_ln20_reg_322                                                                 |  63|   0|   63|          0|
    |reg_177                                                                          |  32|   0|   32|          0|
    |result_mean_a_reg_366                                                            |  32|   0|   32|          0|
    |result_mean_b_reg_373                                                            |  32|   0|   32|          0|
    |size_read_reg_242                                                                |  32|   0|   32|          0|
    |smax_reg_290                                                                     |  31|   0|   31|          0|
    +---------------------------------------------------------------------------------+----+----+-----+-----------+
    |Total                                                                            | 806|   0|  806|          0|
    +---------------------------------------------------------------------------------+----+----+-----+-----------+



================================================================
== Interface
================================================================
* Summary: 
+----------+-----+-----+------------+----------------+--------------+
| RTL Ports| Dir | Bits|  Protocol  |  Source Object |    C Type    |
+----------+-----+-----+------------+----------------+--------------+
|ap_clk    |   in|    1|  ap_ctrl_hs|  correlation_2D|  return value|
|ap_rst    |   in|    1|  ap_ctrl_hs|  correlation_2D|  return value|
|ap_start  |   in|    1|  ap_ctrl_hs|  correlation_2D|  return value|
|ap_done   |  out|    1|  ap_ctrl_hs|  correlation_2D|  return value|
|ap_idle   |  out|    1|  ap_ctrl_hs|  correlation_2D|  return value|
|ap_ready  |  out|    1|  ap_ctrl_hs|  correlation_2D|  return value|
|A         |   in|   32|     ap_none|               A|       pointer|
|B         |   in|   32|     ap_none|               B|       pointer|
|R         |  out|   32|      ap_vld|               R|       pointer|
|R_ap_vld  |  out|    1|      ap_vld|               R|       pointer|
|size      |   in|   32|     ap_none|            size|        scalar|
+----------+-----+-----+------------+----------------+--------------+

