

================================================================
== Vitis HLS Report for 'correlation_2D_Pipeline_VITIS_LOOP_9_1_VITIS_LOOP_10_2'
================================================================
* Date:           Mon May  4 23:40:55 2026

* Version:        2025.2 (Build 6295257 on Nov 14 2025)
* Project:        proj_correlation_2D
* Solution:       fsolution (Vivado IP Flow Target)
* Product family: zynq
* Target device:  xc7z020-clg484-1


================================================================
== Performance Estimates
================================================================
+ Timing: 
    * Summary: 
    +--------+----------+----------+------------+
    |  Clock |  Target  | Estimated| Uncertainty|
    +--------+----------+----------+------------+
    |ap_clk  |  10.00 ns|  7.297 ns|     2.70 ns|
    +--------+----------+----------+------------+

+ Latency: 
    * Summary: 
    +---------+---------+----------+----------+-----+-----+-------------------+
    |  Latency (cycles) |  Latency (absolute) |  Interval |      Pipeline     |
    |   min   |   max   |    min   |    max   | min | max |        Type       |
    +---------+---------+----------+----------+-----+-----+-------------------+
    |        ?|        ?|         ?|         ?|    0|    0|  loop pipeline stp|
    +---------+---------+----------+----------+-----+-----+-------------------+

    + Detail: 
        * Instance: 
        N/A

        * Loop: 
        +----------------------------------+---------+---------+----------+-----------+-----------+------+----------+
        |                                  |  Latency (cycles) | Iteration|  Initiation Interval  | Trip |          |
        |             Loop Name            |   min   |   max   |  Latency |  achieved |   target  | Count| Pipelined|
        +----------------------------------+---------+---------+----------+-----------+-----------+------+----------+
        |- VITIS_LOOP_9_1_VITIS_LOOP_10_2  |        ?|        ?|         9|          8|          1|     ?|       yes|
        +----------------------------------+---------+---------+----------+-----------+-----------+------+----------+



================================================================
== Utilization Estimates
================================================================
* Summary: 
+-----------------+---------+-----+--------+-------+-----+
|       Name      | BRAM_18K| DSP |   FF   |  LUT  | URAM|
+-----------------+---------+-----+--------+-------+-----+
|DSP              |        -|    -|       -|      -|    -|
|Expression       |        -|    -|       0|    142|    -|
|FIFO             |        -|    -|       -|      -|    -|
|Instance         |        -|    3|     630|   1141|    -|
|Memory           |        -|    -|       -|      -|    -|
|Multiplexer      |        -|    -|       0|    102|    -|
|Register         |        -|    -|     266|      -|    -|
+-----------------+---------+-----+--------+-------+-----+
|Total            |        0|    3|     896|   1385|    0|
+-----------------+---------+-----+--------+-------+-----+
|Available        |      280|  220|  106400|  53200|    0|
+-----------------+---------+-----+--------+-------+-----+
|Utilization (%)  |        0|    1|      ~0|      2|    0|
+-----------------+---------+-----+--------+-------+-----+

+ Detail: 
    * Instance: 
    +-----------------------------------+--------------------------------+---------+----+-----+------+-----+
    |              Instance             |             Module             | BRAM_18K| DSP|  FF |  LUT | URAM|
    +-----------------------------------+--------------------------------+---------+----+-----+------+-----+
    |dadd_64ns_64ns_64_7_full_dsp_1_U1  |dadd_64ns_64ns_64_7_full_dsp_1  |        0|   3|  630|  1141|    0|
    +-----------------------------------+--------------------------------+---------+----+-----+------+-----+
    |Total                              |                                |        0|   3|  630|  1141|    0|
    +-----------------------------------+--------------------------------+---------+----+-----+------+-----+

    * DSP: 
    N/A

    * Memory: 
    N/A

    * FIFO: 
    N/A

    * Expression: 
    +-------------------+----------+----+---+----+------------+------------+
    |   Variable Name   | Operation| DSP| FF| LUT| Bitwidth P0| Bitwidth P1|
    +-------------------+----------+----+---+----+------------+------------+
    |add_ln9_fu_81_p2   |         +|   0|  0|  70|          63|           1|
    |icmp_ln9_fu_76_p2  |      icmp|   0|  0|  70|          63|          63|
    |ap_enable_pp0      |       xor|   0|  0|   2|           1|           2|
    +-------------------+----------+----+---+----+------------+------------+
    |Total              |          |   0|  0| 142|         127|          66|
    +-------------------+----------+----+---+----+------------+------------+

    * Multiplexer: 
    +-----------------------------+----+-----------+-----+-----------+
    |             Name            | LUT| Input Size| Bits| Total Bits|
    +-----------------------------+----+-----------+-----+-----------+
    |ap_NS_fsm                    |  48|          9|    1|          9|
    |ap_done_int                  |   9|          2|    1|          2|
    |ap_enable_reg_pp0_iter0      |   9|          2|    1|          2|
    |ap_enable_reg_pp0_iter0_reg  |   9|          2|    1|          2|
    |ap_enable_reg_pp0_iter1      |   9|          2|    1|          2|
    |indvar_flatten_fu_36         |   9|          2|   63|        126|
    |suma_valores_1_fu_32         |   9|          2|   64|        128|
    +-----------------------------+----+-----------+-----+-----------+
    |Total                        | 102|         21|  132|        271|
    +-----------------------------+----+-----------+-----+-----------+

    * Register: 
    +-----------------------------+----+----+-----+-----------+
    |             Name            | FF | LUT| Bits| Const Bits|
    +-----------------------------+----+----+-----+-----------+
    |add_ln9_reg_132              |  63|   0|   63|          0|
    |ap_CS_fsm                    |   8|   0|    8|          0|
    |ap_done_reg                  |   1|   0|    1|          0|
    |ap_enable_reg_pp0_iter0_reg  |   1|   0|    1|          0|
    |ap_enable_reg_pp0_iter1      |   1|   0|    1|          0|
    |icmp_ln9_reg_128             |   1|   0|    1|          0|
    |indvar_flatten_fu_36         |  63|   0|   63|          0|
    |suma_valores_1_fu_32         |  64|   0|   64|          0|
    |suma_valores_reg_142         |  64|   0|   64|          0|
    +-----------------------------+----+----+-----+-----------+
    |Total                        | 266|   0|  266|          0|
    +-----------------------------+----+----+-----+-----------+



================================================================
== Interface
================================================================
* Summary: 
+---------------------------+-----+-----+------------+--------------------------------------------------------+--------------+
|         RTL Ports         | Dir | Bits|  Protocol  |                      Source Object                     |    C Type    |
+---------------------------+-----+-----+------------+--------------------------------------------------------+--------------+
|ap_clk                     |   in|    1|  ap_ctrl_hs|  correlation_2D_Pipeline_VITIS_LOOP_9_1_VITIS_LOOP_10_2|  return value|
|ap_rst                     |   in|    1|  ap_ctrl_hs|  correlation_2D_Pipeline_VITIS_LOOP_9_1_VITIS_LOOP_10_2|  return value|
|ap_start                   |   in|    1|  ap_ctrl_hs|  correlation_2D_Pipeline_VITIS_LOOP_9_1_VITIS_LOOP_10_2|  return value|
|ap_done                    |  out|    1|  ap_ctrl_hs|  correlation_2D_Pipeline_VITIS_LOOP_9_1_VITIS_LOOP_10_2|  return value|
|ap_idle                    |  out|    1|  ap_ctrl_hs|  correlation_2D_Pipeline_VITIS_LOOP_9_1_VITIS_LOOP_10_2|  return value|
|ap_ready                   |  out|    1|  ap_ctrl_hs|  correlation_2D_Pipeline_VITIS_LOOP_9_1_VITIS_LOOP_10_2|  return value|
|mul_ln20                   |   in|   63|     ap_none|                                                mul_ln20|        scalar|
|conv_i                     |   in|   64|     ap_none|                                                  conv_i|        scalar|
|suma_valores_1_out         |  out|   64|      ap_vld|                                      suma_valores_1_out|       pointer|
|suma_valores_1_out_ap_vld  |  out|    1|      ap_vld|                                      suma_valores_1_out|       pointer|
+---------------------------+-----+-----+------------+--------------------------------------------------------+--------------+

