

================================================================
== Vitis HLS Report for 'correlation_2D_Pipeline_VITIS_LOOP_31_1_VITIS_LOOP_32_2'
================================================================
* Date:           Mon May  4 23:40:55 2026

* Version:        2025.2 (Build 6295257 on Nov 14 2025)
* Project:        proj_correlation_2D
* Solution:       fsolution (Vivado IP Flow Target)
* Product family: zynq
* Target device:  xc7z020-clg484-1


================================================================
== Performance Estimates
================================================================
+ Timing: 
    * Summary: 
    +--------+----------+----------+------------+
    |  Clock |  Target  | Estimated| Uncertainty|
    +--------+----------+----------+------------+
    |ap_clk  |  10.00 ns|  7.256 ns|     2.70 ns|
    +--------+----------+----------+------------+

+ Latency: 
    * Summary: 
    +---------+---------+----------+----------+-----+-----+-------------------+
    |  Latency (cycles) |  Latency (absolute) |  Interval |      Pipeline     |
    |   min   |   max   |    min   |    max   | min | max |        Type       |
    +---------+---------+----------+----------+-----+-----+-------------------+
    |        ?|        ?|         ?|         ?|    0|    0|  loop pipeline stp|
    +---------+---------+----------+----------+-----+-----+-------------------+

    + Detail: 
        * Instance: 
        N/A

        * Loop: 
        +-----------------------------------+---------+---------+----------+-----------+-----------+------+----------+
        |                                   |  Latency (cycles) | Iteration|  Initiation Interval  | Trip |          |
        |             Loop Name             |   min   |   max   |  Latency |  achieved |   target  | Count| Pipelined|
        +-----------------------------------+---------+---------+----------+-----------+-----------+------+----------+
        |- VITIS_LOOP_31_1_VITIS_LOOP_32_2  |        ?|        ?|         9|          6|          1|     ?|       yes|
        +-----------------------------------+---------+---------+----------+-----------+-----------+------+----------+



================================================================
== Utilization Estimates
================================================================
* Summary: 
+-----------------+---------+-----+--------+-------+-----+
|       Name      | BRAM_18K| DSP |   FF   |  LUT  | URAM|
+-----------------+---------+-----+--------+-------+-----+
|DSP              |        -|    -|       -|      -|    -|
|Expression       |        -|    -|       0|    142|    -|
|FIFO             |        -|    -|       -|      -|    -|
|Instance         |        -|    -|       -|      -|    -|
|Memory           |        -|    -|       -|      -|    -|
|Multiplexer      |        -|    -|       0|    149|    -|
|Register         |        -|    -|     264|      -|    -|
+-----------------+---------+-----+--------+-------+-----+
|Total            |        0|    0|     264|    291|    0|
+-----------------+---------+-----+--------+-------+-----+
|Available        |      280|  220|  106400|  53200|    0|
+-----------------+---------+-----+--------+-------+-----+
|Utilization (%)  |        0|    0|      ~0|     ~0|    0|
+-----------------+---------+-----+--------+-------+-----+

+ Detail: 
    * Instance: 
    N/A

    * DSP: 
    N/A

    * Memory: 
    N/A

    * FIFO: 
    N/A

    * Expression: 
    +---------------------+----------+----+---+----+------------+------------+
    |    Variable Name    | Operation| DSP| FF| LUT| Bitwidth P0| Bitwidth P1|
    +---------------------+----------+----+---+----+------------+------------+
    |add_ln31_fu_137_p2   |         +|   0|  0|  70|          63|           1|
    |icmp_ln31_fu_132_p2  |      icmp|   0|  0|  70|          63|          63|
    |ap_enable_pp0        |       xor|   0|  0|   2|           1|           2|
    +---------------------+----------+----+---+----+------------+------------+
    |Total                |          |   0|  0| 142|         127|          66|
    +---------------------+----------+----+---+----+------------+------------+

    * Multiplexer: 
    +-----------------------------+----+-----------+-----+-----------+
    |             Name            | LUT| Input Size| Bits| Total Bits|
    +-----------------------------+----+-----------+-----+-----------+
    |acumulate_value_a_a_1_fu_40  |   9|          2|   32|         64|
    |acumulate_value_a_b_1_fu_44  |   9|          2|   32|         64|
    |acumulate_value_b_b_1_fu_48  |   9|          2|   32|         64|
    |ap_NS_fsm                    |  37|          7|    1|          7|
    |ap_done_int                  |   9|          2|    1|          2|
    |ap_enable_reg_pp0_iter0      |   9|          2|    1|          2|
    |ap_enable_reg_pp0_iter0_reg  |   9|          2|    1|          2|
    |ap_enable_reg_pp0_iter1      |   9|          2|    1|          2|
    |grp_fu_101_p0                |  20|          4|   32|        128|
    |grp_fu_101_p1                |  20|          4|   32|        128|
    |indvar_flatten15_fu_52       |   9|          2|   63|        126|
    +-----------------------------+----+-----------+-----+-----------+
    |Total                        | 149|         31|  228|        589|
    +-----------------------------+----+-----------+-----+-----------+

    * Register: 
    +-----------------------------+----+----+-----+-----------+
    |             Name            | FF | LUT| Bits| Const Bits|
    +-----------------------------+----+----+-----+-----------+
    |acumulate_value_a_a_1_fu_40  |  32|   0|   32|          0|
    |acumulate_value_a_b_1_fu_44  |  32|   0|   32|          0|
    |acumulate_value_b_b_1_fu_48  |  32|   0|   32|          0|
    |add_ln31_reg_241             |  63|   0|   63|          0|
    |ap_CS_fsm                    |   6|   0|    6|          0|
    |ap_done_reg                  |   1|   0|    1|          0|
    |ap_enable_reg_pp0_iter0_reg  |   1|   0|    1|          0|
    |ap_enable_reg_pp0_iter1      |   1|   0|    1|          0|
    |icmp_ln31_reg_237            |   1|   0|    1|          0|
    |indvar_flatten15_fu_52       |  63|   0|   63|          0|
    |reg_105                      |  32|   0|   32|          0|
    +-----------------------------+----+----+-----+-----------+
    |Total                        | 264|   0|  264|          0|
    +-----------------------------+----+----+-----+-----------+



================================================================
== Interface
================================================================
* Summary: 
+----------------------------------+-----+-----+------------+---------------------------------------------------------+--------------+
|             RTL Ports            | Dir | Bits|  Protocol  |                      Source Object                      |    C Type    |
+----------------------------------+-----+-----+------------+---------------------------------------------------------+--------------+
|ap_clk                            |   in|    1|  ap_ctrl_hs|  correlation_2D_Pipeline_VITIS_LOOP_31_1_VITIS_LOOP_32_2|  return value|
|ap_rst                            |   in|    1|  ap_ctrl_hs|  correlation_2D_Pipeline_VITIS_LOOP_31_1_VITIS_LOOP_32_2|  return value|
|ap_start                          |   in|    1|  ap_ctrl_hs|  correlation_2D_Pipeline_VITIS_LOOP_31_1_VITIS_LOOP_32_2|  return value|
|ap_done                           |  out|    1|  ap_ctrl_hs|  correlation_2D_Pipeline_VITIS_LOOP_31_1_VITIS_LOOP_32_2|  return value|
|ap_idle                           |  out|    1|  ap_ctrl_hs|  correlation_2D_Pipeline_VITIS_LOOP_31_1_VITIS_LOOP_32_2|  return value|
|ap_ready                          |  out|    1|  ap_ctrl_hs|  correlation_2D_Pipeline_VITIS_LOOP_31_1_VITIS_LOOP_32_2|  return value|
|grp_fu_112_p_din0                 |  out|   32|  ap_ctrl_hs|  correlation_2D_Pipeline_VITIS_LOOP_31_1_VITIS_LOOP_32_2|  return value|
|grp_fu_112_p_din1                 |  out|   32|  ap_ctrl_hs|  correlation_2D_Pipeline_VITIS_LOOP_31_1_VITIS_LOOP_32_2|  return value|
|grp_fu_112_p_opcode               |  out|    1|  ap_ctrl_hs|  correlation_2D_Pipeline_VITIS_LOOP_31_1_VITIS_LOOP_32_2|  return value|
|grp_fu_112_p_dout0                |   in|   32|  ap_ctrl_hs|  correlation_2D_Pipeline_VITIS_LOOP_31_1_VITIS_LOOP_32_2|  return value|
|grp_fu_112_p_ce                   |  out|    1|  ap_ctrl_hs|  correlation_2D_Pipeline_VITIS_LOOP_31_1_VITIS_LOOP_32_2|  return value|
|mul_ln20                          |   in|   63|     ap_none|                                                 mul_ln20|        scalar|
|mul                               |   in|   32|     ap_none|                                                      mul|        scalar|
|mul1                              |   in|   32|     ap_none|                                                     mul1|        scalar|
|mul2                              |   in|   32|     ap_none|                                                     mul2|        scalar|
|acumulate_value_b_b_1_out         |  out|   32|      ap_vld|                                acumulate_value_b_b_1_out|       pointer|
|acumulate_value_b_b_1_out_ap_vld  |  out|    1|      ap_vld|                                acumulate_value_b_b_1_out|       pointer|
|acumulate_value_a_b_1_out         |  out|   32|      ap_vld|                                acumulate_value_a_b_1_out|       pointer|
|acumulate_value_a_b_1_out_ap_vld  |  out|    1|      ap_vld|                                acumulate_value_a_b_1_out|       pointer|
|acumulate_value_a_a_1_out         |  out|   32|      ap_vld|                                acumulate_value_a_a_1_out|       pointer|
|acumulate_value_a_a_1_out_ap_vld  |  out|    1|      ap_vld|                                acumulate_value_a_a_1_out|       pointer|
+----------------------------------+-----+-----+------------+---------------------------------------------------------+--------------+

