

================================================================
== Vitis HLS Report for 'ccsds_wavelet_transform'
================================================================
* Date:           Tue May  5 16:58:43 2026

* Version:        2025.2 (Build 6295257 on Nov 14 2025)
* Project:        proj_wavelet
* Solution:       solution (Vivado IP Flow Target)
* Product family: zynq
* Target device:  xc7z020-clg484-1


================================================================
== Performance Estimates
================================================================
+ Timing: 
    * Summary: 
    +--------+----------+----------+------------+
    |  Clock |  Target  | Estimated| Uncertainty|
    +--------+----------+----------+------------+
    |ap_clk  |  10.00 ns|  8.608 ns|     2.70 ns|
    +--------+----------+----------+------------+

+ Latency: 
    * Summary: 
    +---------+---------+----------+----------+-----+-----+---------+
    |  Latency (cycles) |  Latency (absolute) |  Interval | Pipeline|
    |   min   |   max   |    min   |    max   | min | max |   Type  |
    +---------+---------+----------+----------+-----+-----+---------+
    |        ?|        ?|         ?|         ?|    ?|    ?|       no|
    +---------+---------+----------+----------+-----+-----+---------+

    + Detail: 
        * Instance: 
        +------------------------------------------------------------+--------------------------------------------------+---------+---------+----------+----------+-----+-----+-------------------+
        |                                                            |                                                  |  Latency (cycles) |  Latency (absolute) |  Interval |      Pipeline     |
        |                          Instance                          |                      Module                      |   min   |   max   |    min   |    max   | min | max |        Type       |
        +------------------------------------------------------------+--------------------------------------------------+---------+---------+----------+----------+-----+-----+-------------------+
        |grp_ccsds_wavelet_transform_Pipeline_VITIS_LOOP_55_1_fu_76  |ccsds_wavelet_transform_Pipeline_VITIS_LOOP_55_1  |        ?|        ?|         ?|         ?|    0|    0|  loop pipeline stp|
        +------------------------------------------------------------+--------------------------------------------------+---------+---------+----------+----------+-----+-----+-------------------+

        * Loop: 
        N/A



================================================================
== Utilization Estimates
================================================================
* Summary: 
+-----------------+---------+-----+--------+-------+-----+
|       Name      | BRAM_18K| DSP |   FF   |  LUT  | URAM|
+-----------------+---------+-----+--------+-------+-----+
|DSP              |        -|    -|       -|      -|    -|
|Expression       |        -|    -|       0|     39|    -|
|FIFO             |        -|    -|       -|      -|    -|
|Instance         |        4|   28|    7868|   9521|    -|
|Memory           |        -|    -|       -|      -|    -|
|Multiplexer      |        -|    -|       0|     65|    -|
|Register         |        -|    -|     196|      -|    -|
+-----------------+---------+-----+--------+-------+-----+
|Total            |        4|   28|    8064|   9625|    0|
+-----------------+---------+-----+--------+-------+-----+
|Available        |      280|  220|  106400|  53200|    0|
+-----------------+---------+-----+--------+-------+-----+
|Utilization (%)  |        1|   12|       7|     18|    0|
+-----------------+---------+-----+--------+-------+-----+

+ Detail: 
    * Instance: 
    +------------------------------------------------------------+--------------------------------------------------+---------+----+------+------+-----+
    |                          Instance                          |                      Module                      | BRAM_18K| DSP|  FF  |  LUT | URAM|
    +------------------------------------------------------------+--------------------------------------------------+---------+----+------+------+-----+
    |grp_ccsds_wavelet_transform_Pipeline_VITIS_LOOP_55_1_fu_76  |ccsds_wavelet_transform_Pipeline_VITIS_LOOP_55_1  |        0|  28|  6264|  7467|    0|
    |control_s_axi_U                                             |control_s_axi                                     |        0|   0|   214|   360|    0|
    |gmem0_m_axi_U                                               |gmem0_m_axi                                       |        4|   0|   725|   843|    0|
    |gmem1_m_axi_U                                               |gmem1_m_axi                                       |        0|   0|   665|   851|    0|
    +------------------------------------------------------------+--------------------------------------------------+---------+----+------+------+-----+
    |Total                                                       |                                                  |        4|  28|  7868|  9521|    0|
    +------------------------------------------------------------+--------------------------------------------------+---------+----+------+------+-----+

    * DSP: 
    N/A

    * Memory: 
    N/A

    * FIFO: 
    N/A

    * Expression: 
    +-------------------+----------+----+---+----+------------+------------+
    |   Variable Name   | Operation| DSP| FF| LUT| Bitwidth P0| Bitwidth P1|
    +-------------------+----------+----+---+----+------------+------------+
    |add_ln65_fu_93_p2  |         +|   0|  0|  39|          32|           2|
    +-------------------+----------+----+---+----+------------+------------+
    |Total              |          |   0|  0|  39|          32|           2|
    +-------------------+----------+----+---+----+------------+------------+

    * Multiplexer: 
    +-----------------+----+-----------+-----+-----------+
    |       Name      | LUT| Input Size| Bits| Total Bits|
    +-----------------+----+-----------+-----+-----------+
    |ap_NS_fsm        |  20|          4|    1|          4|
    |gmem0_0_ARVALID  |   9|          2|    1|          2|
    |gmem0_0_RREADY   |   9|          2|    1|          2|
    |gmem1_0_AWVALID  |   9|          2|    1|          2|
    |gmem1_0_BREADY   |   9|          2|    1|          2|
    |gmem1_0_WVALID   |   9|          2|    1|          2|
    +-----------------+----+-----------+-----+-----------+
    |Total            |  65|         14|    6|         14|
    +-----------------+----+-----------+-----+-----------+

    * Register: 
    +-------------------------------------------------------------------------+----+----+-----+-----------+
    |                                   Name                                  | FF | LUT| Bits| Const Bits|
    +-------------------------------------------------------------------------+----+----+-----+-----------+
    |A_read_reg_111                                                           |  64|   0|   64|          0|
    |B_read_reg_106                                                           |  64|   0|   64|          0|
    |add_ln65_reg_116                                                         |  32|   0|   32|          0|
    |ap_CS_fsm                                                                |   3|   0|    3|          0|
    |grp_ccsds_wavelet_transform_Pipeline_VITIS_LOOP_55_1_fu_76_ap_start_reg  |   1|   0|    1|          0|
    |size_read_reg_100                                                        |  32|   0|   32|          0|
    +-------------------------------------------------------------------------+----+----+-----+-----------+
    |Total                                                                    | 196|   0|  196|          0|
    +-------------------------------------------------------------------------+----+----+-----+-----------+



================================================================
== Interface
================================================================
* Summary: 
+-----------------------+-----+-----+------------+-------------------------+--------------+
|       RTL Ports       | Dir | Bits|  Protocol  |      Source Object      |    C Type    |
+-----------------------+-----+-----+------------+-------------------------+--------------+
|s_axi_control_AWVALID  |   in|    1|       s_axi|                  control|        scalar|
|s_axi_control_AWREADY  |  out|    1|       s_axi|                  control|        scalar|
|s_axi_control_AWADDR   |   in|    6|       s_axi|                  control|        scalar|
|s_axi_control_WVALID   |   in|    1|       s_axi|                  control|        scalar|
|s_axi_control_WREADY   |  out|    1|       s_axi|                  control|        scalar|
|s_axi_control_WDATA    |   in|   32|       s_axi|                  control|        scalar|
|s_axi_control_WSTRB    |   in|    4|       s_axi|                  control|        scalar|
|s_axi_control_ARVALID  |   in|    1|       s_axi|                  control|        scalar|
|s_axi_control_ARREADY  |  out|    1|       s_axi|                  control|        scalar|
|s_axi_control_ARADDR   |   in|    6|       s_axi|                  control|        scalar|
|s_axi_control_RVALID   |  out|    1|       s_axi|                  control|        scalar|
|s_axi_control_RREADY   |   in|    1|       s_axi|                  control|        scalar|
|s_axi_control_RDATA    |  out|   32|       s_axi|                  control|        scalar|
|s_axi_control_RRESP    |  out|    2|       s_axi|                  control|        scalar|
|s_axi_control_BVALID   |  out|    1|       s_axi|                  control|        scalar|
|s_axi_control_BREADY   |   in|    1|       s_axi|                  control|        scalar|
|s_axi_control_BRESP    |  out|    2|       s_axi|                  control|        scalar|
|ap_clk                 |   in|    1|  ap_ctrl_hs|  ccsds_wavelet_transform|  return value|
|ap_rst_n               |   in|    1|  ap_ctrl_hs|  ccsds_wavelet_transform|  return value|
|interrupt              |  out|    1|  ap_ctrl_hs|  ccsds_wavelet_transform|  return value|
|m_axi_gmem0_AWVALID    |  out|    1|       m_axi|                    gmem0|       pointer|
|m_axi_gmem0_AWREADY    |   in|    1|       m_axi|                    gmem0|       pointer|
|m_axi_gmem0_AWADDR     |  out|   64|       m_axi|                    gmem0|       pointer|
|m_axi_gmem0_AWID       |  out|    1|       m_axi|                    gmem0|       pointer|
|m_axi_gmem0_AWLEN      |  out|    8|       m_axi|                    gmem0|       pointer|
|m_axi_gmem0_AWSIZE     |  out|    3|       m_axi|                    gmem0|       pointer|
|m_axi_gmem0_AWBURST    |  out|    2|       m_axi|                    gmem0|       pointer|
|m_axi_gmem0_AWLOCK     |  out|    2|       m_axi|                    gmem0|       pointer|
|m_axi_gmem0_AWCACHE    |  out|    4|       m_axi|                    gmem0|       pointer|
|m_axi_gmem0_AWPROT     |  out|    3|       m_axi|                    gmem0|       pointer|
|m_axi_gmem0_AWQOS      |  out|    4|       m_axi|                    gmem0|       pointer|
|m_axi_gmem0_AWREGION   |  out|    4|       m_axi|                    gmem0|       pointer|
|m_axi_gmem0_AWUSER     |  out|    1|       m_axi|                    gmem0|       pointer|
|m_axi_gmem0_WVALID     |  out|    1|       m_axi|                    gmem0|       pointer|
|m_axi_gmem0_WREADY     |   in|    1|       m_axi|                    gmem0|       pointer|
|m_axi_gmem0_WDATA      |  out|   64|       m_axi|                    gmem0|       pointer|
|m_axi_gmem0_WSTRB      |  out|    8|       m_axi|                    gmem0|       pointer|
|m_axi_gmem0_WLAST      |  out|    1|       m_axi|                    gmem0|       pointer|
|m_axi_gmem0_WID        |  out|    1|       m_axi|                    gmem0|       pointer|
|m_axi_gmem0_WUSER      |  out|    1|       m_axi|                    gmem0|       pointer|
|m_axi_gmem0_ARVALID    |  out|    1|       m_axi|                    gmem0|       pointer|
|m_axi_gmem0_ARREADY    |   in|    1|       m_axi|                    gmem0|       pointer|
|m_axi_gmem0_ARADDR     |  out|   64|       m_axi|                    gmem0|       pointer|
|m_axi_gmem0_ARID       |  out|    1|       m_axi|                    gmem0|       pointer|
|m_axi_gmem0_ARLEN      |  out|    8|       m_axi|                    gmem0|       pointer|
|m_axi_gmem0_ARSIZE     |  out|    3|       m_axi|                    gmem0|       pointer|
|m_axi_gmem0_ARBURST    |  out|    2|       m_axi|                    gmem0|       pointer|
|m_axi_gmem0_ARLOCK     |  out|    2|       m_axi|                    gmem0|       pointer|
|m_axi_gmem0_ARCACHE    |  out|    4|       m_axi|                    gmem0|       pointer|
|m_axi_gmem0_ARPROT     |  out|    3|       m_axi|                    gmem0|       pointer|
|m_axi_gmem0_ARQOS      |  out|    4|       m_axi|                    gmem0|       pointer|
|m_axi_gmem0_ARREGION   |  out|    4|       m_axi|                    gmem0|       pointer|
|m_axi_gmem0_ARUSER     |  out|    1|       m_axi|                    gmem0|       pointer|
|m_axi_gmem0_RVALID     |   in|    1|       m_axi|                    gmem0|       pointer|
|m_axi_gmem0_RREADY     |  out|    1|       m_axi|                    gmem0|       pointer|
|m_axi_gmem0_RDATA      |   in|   64|       m_axi|                    gmem0|       pointer|
|m_axi_gmem0_RLAST      |   in|    1|       m_axi|                    gmem0|       pointer|
|m_axi_gmem0_RID        |   in|    1|       m_axi|                    gmem0|       pointer|
|m_axi_gmem0_RUSER      |   in|    1|       m_axi|                    gmem0|       pointer|
|m_axi_gmem0_RRESP      |   in|    2|       m_axi|                    gmem0|       pointer|
|m_axi_gmem0_BVALID     |   in|    1|       m_axi|                    gmem0|       pointer|
|m_axi_gmem0_BREADY     |  out|    1|       m_axi|                    gmem0|       pointer|
|m_axi_gmem0_BRESP      |   in|    2|       m_axi|                    gmem0|       pointer|
|m_axi_gmem0_BID        |   in|    1|       m_axi|                    gmem0|       pointer|
|m_axi_gmem0_BUSER      |   in|    1|       m_axi|                    gmem0|       pointer|
|m_axi_gmem1_AWVALID    |  out|    1|       m_axi|                    gmem1|       pointer|
|m_axi_gmem1_AWREADY    |   in|    1|       m_axi|                    gmem1|       pointer|
|m_axi_gmem1_AWADDR     |  out|   64|       m_axi|                    gmem1|       pointer|
|m_axi_gmem1_AWID       |  out|    1|       m_axi|                    gmem1|       pointer|
|m_axi_gmem1_AWLEN      |  out|    8|       m_axi|                    gmem1|       pointer|
|m_axi_gmem1_AWSIZE     |  out|    3|       m_axi|                    gmem1|       pointer|
|m_axi_gmem1_AWBURST    |  out|    2|       m_axi|                    gmem1|       pointer|
|m_axi_gmem1_AWLOCK     |  out|    2|       m_axi|                    gmem1|       pointer|
|m_axi_gmem1_AWCACHE    |  out|    4|       m_axi|                    gmem1|       pointer|
|m_axi_gmem1_AWPROT     |  out|    3|       m_axi|                    gmem1|       pointer|
|m_axi_gmem1_AWQOS      |  out|    4|       m_axi|                    gmem1|       pointer|
|m_axi_gmem1_AWREGION   |  out|    4|       m_axi|                    gmem1|       pointer|
|m_axi_gmem1_AWUSER     |  out|    1|       m_axi|                    gmem1|       pointer|
|m_axi_gmem1_WVALID     |  out|    1|       m_axi|                    gmem1|       pointer|
|m_axi_gmem1_WREADY     |   in|    1|       m_axi|                    gmem1|       pointer|
|m_axi_gmem1_WDATA      |  out|   64|       m_axi|                    gmem1|       pointer|
|m_axi_gmem1_WSTRB      |  out|    8|       m_axi|                    gmem1|       pointer|
|m_axi_gmem1_WLAST      |  out|    1|       m_axi|                    gmem1|       pointer|
|m_axi_gmem1_WID        |  out|    1|       m_axi|                    gmem1|       pointer|
|m_axi_gmem1_WUSER      |  out|    1|       m_axi|                    gmem1|       pointer|
|m_axi_gmem1_ARVALID    |  out|    1|       m_axi|                    gmem1|       pointer|
|m_axi_gmem1_ARREADY    |   in|    1|       m_axi|                    gmem1|       pointer|
|m_axi_gmem1_ARADDR     |  out|   64|       m_axi|                    gmem1|       pointer|
|m_axi_gmem1_ARID       |  out|    1|       m_axi|                    gmem1|       pointer|
|m_axi_gmem1_ARLEN      |  out|    8|       m_axi|                    gmem1|       pointer|
|m_axi_gmem1_ARSIZE     |  out|    3|       m_axi|                    gmem1|       pointer|
|m_axi_gmem1_ARBURST    |  out|    2|       m_axi|                    gmem1|       pointer|
|m_axi_gmem1_ARLOCK     |  out|    2|       m_axi|                    gmem1|       pointer|
|m_axi_gmem1_ARCACHE    |  out|    4|       m_axi|                    gmem1|       pointer|
|m_axi_gmem1_ARPROT     |  out|    3|       m_axi|                    gmem1|       pointer|
|m_axi_gmem1_ARQOS      |  out|    4|       m_axi|                    gmem1|       pointer|
|m_axi_gmem1_ARREGION   |  out|    4|       m_axi|                    gmem1|       pointer|
|m_axi_gmem1_ARUSER     |  out|    1|       m_axi|                    gmem1|       pointer|
|m_axi_gmem1_RVALID     |   in|    1|       m_axi|                    gmem1|       pointer|
|m_axi_gmem1_RREADY     |  out|    1|       m_axi|                    gmem1|       pointer|
|m_axi_gmem1_RDATA      |   in|   64|       m_axi|                    gmem1|       pointer|
|m_axi_gmem1_RLAST      |   in|    1|       m_axi|                    gmem1|       pointer|
|m_axi_gmem1_RID        |   in|    1|       m_axi|                    gmem1|       pointer|
|m_axi_gmem1_RUSER      |   in|    1|       m_axi|                    gmem1|       pointer|
|m_axi_gmem1_RRESP      |   in|    2|       m_axi|                    gmem1|       pointer|
|m_axi_gmem1_BVALID     |   in|    1|       m_axi|                    gmem1|       pointer|
|m_axi_gmem1_BREADY     |  out|    1|       m_axi|                    gmem1|       pointer|
|m_axi_gmem1_BRESP      |   in|    2|       m_axi|                    gmem1|       pointer|
|m_axi_gmem1_BID        |   in|    1|       m_axi|                    gmem1|       pointer|
|m_axi_gmem1_BUSER      |   in|    1|       m_axi|                    gmem1|       pointer|
+-----------------------+-----+-----+------------+-------------------------+--------------+

