

================================================================
== Synthesis Summary Report of 'ccsds_wavelet_transform'
================================================================
+ General Information: 
    * Date:           Tue May  5 16:58:43 2026
    * Version:        2025.2 (Build 6295257 on Nov 14 2025)
    * Project:        proj_wavelet
    * Solution:       solution (Vivado IP Flow Target)
    * Product family: zynq
    * Target device:  xc7z020-clg484-1
    

* Performance & Resource Estimates: 
+-----------------------------------------------------+--------+---------------------+----------+---------+------+----------+---------+-----+-------+--------+----------+-----------+------------+-----+
|                       Modules                       |  Issue |                     | Iteration|         | Trip |          |    Latency    |       |        |          |           |            |     |
|                       & Loops                       |  Type  |    Violation Type   |  Latency | Interval| Count| Pipelined| (cycles)| (ns)| Slack |  BRAM  |    DSP   |     FF    |     LUT    | URAM|
+-----------------------------------------------------+--------+---------------------+----------+---------+------+----------+---------+-----+-------+--------+----------+-----------+------------+-----+
|+ ccsds_wavelet_transform                            |  Timing|                    -|         -|        -|     -|        no|        -|    -|  -1.31|  4 (1%)|  28 (12%)|  8064 (7%)|  9631 (18%)|    -|
| + ccsds_wavelet_transform_Pipeline_VITIS_LOOP_55_1  |  Timing|                    -|         -|        -|     -|       yes|        -|    -|  -1.31|       -|  28 (12%)|  6264 (5%)|  7473 (14%)|    -|
|  o VITIS_LOOP_55_1                                  |      II|  Resource Limitation|        88|        9|     -|       yes|        -|    -|   7.30|       -|         -|          -|           -|    -|
+-----------------------------------------------------+--------+---------------------+----------+---------+------+----------+---------+-----+-------+--------+----------+-----------+------------+-----+
    II Violation Information: docs.amd.com/access/sources/dita/topic?Doc_Version=2025.2%20English&url=ug1448-hls-guidance&resourceid=200-880.html
    Name Prefix: '+' for module, 'o' for loop, '*' for dataflow


================================================================
== HW Interfaces
================================================================
* M_AXI
+-------------+------------+------------+---------------+---------+--------+----------+-----------+--------------+--------------+-------------+-------------+-------------------+
| Interface   | Read/Write | Data Width | Address Width | Latency | Offset | Register | Max Widen | Max Read     | Max Write    | Num Read    | Num Write   | Resource Estimate |
|             |            | (SW->HW)   |               |         |        |          | Bitwidth  | Burst Length | Burst Length | Outstanding | Outstanding |                   |
+-------------+------------+------------+---------------+---------+--------+----------+-----------+--------------+--------------+-------------+-------------+-------------------+
| m_axi_gmem0 | READ_ONLY  | 64 -> 64   | 64            | 0       | slave  | 0        | 0         | 16           | 16           | 16          | 16          | BRAM=4            |
| m_axi_gmem1 | WRITE_ONLY | 64 -> 64   | 64            | 0       | slave  | 0        | 0         | 16           | 16           | 16          | 16          |                   |
+-------------+------------+------------+---------------+---------+--------+----------+-----------+--------------+--------------+-------------+-------------+-------------------+

* S_AXILITE Interfaces
+---------------+------------+---------------+--------+----------+
| Interface     | Data Width | Address Width | Offset | Register |
+---------------+------------+---------------+--------+----------+
| s_axi_control | 32         | 6             | 16     | 0        |
+---------------+------------+---------------+--------+----------+

* S_AXILITE Registers
+---------------+----------+--------+-------+--------+----------------------------------+----------------------------------------------------------------------+
| Interface     | Register | Offset | Width | Access | Description                      | Bit Fields                                                           |
+---------------+----------+--------+-------+--------+----------------------------------+----------------------------------------------------------------------+
| s_axi_control | CTRL     | 0x00   | 32    | RW     | Control signals                  | 0=AP_START 1=AP_DONE 2=AP_IDLE 3=AP_READY 7=AUTO_RESTART 9=INTERRUPT |
| s_axi_control | GIER     | 0x04   | 32    | RW     | Global Interrupt Enable Register | 0=Enable                                                             |
| s_axi_control | IP_IER   | 0x08   | 32    | RW     | IP Interrupt Enable Register     | 0=CHAN0_INT_EN 1=CHAN1_INT_EN                                        |
| s_axi_control | IP_ISR   | 0x0c   | 32    | RW     | IP Interrupt Status Register     | 0=CHAN0_INT_ST 1=CHAN1_INT_ST                                        |
| s_axi_control | A_1      | 0x10   | 32    | W      | Data signal of A                 |                                                                      |
| s_axi_control | A_2      | 0x14   | 32    | W      | Data signal of A                 |                                                                      |
| s_axi_control | B_1      | 0x1c   | 32    | W      | Data signal of B                 |                                                                      |
| s_axi_control | B_2      | 0x20   | 32    | W      | Data signal of B                 |                                                                      |
| s_axi_control | size     | 0x28   | 32    | W      | Data signal of size              |                                                                      |
+---------------+----------+--------+-------+--------+----------------------------------+----------------------------------------------------------------------+

* TOP LEVEL CONTROL
+-----------+------------+-----------+
| Interface | Type       | Ports     |
+-----------+------------+-----------+
| ap_clk    | clock      | ap_clk    |
| ap_rst_n  | reset      | ap_rst_n  |
| interrupt | interrupt  | interrupt |
| ap_ctrl   | ap_ctrl_hs |           |
+-----------+------------+-----------+


================================================================
== SW I/O Information
================================================================
* Top Function Arguments
+----------+-----------+----------------+
| Argument | Direction | Datatype       |
+----------+-----------+----------------+
| A        | in        | double const * |
| B        | out       | double*        |
| size     | in        | int const      |
+----------+-----------+----------------+

* SW-to-HW Mapping
+----------+---------------+-----------+----------+--------------------------------+
| Argument | HW Interface  | HW Type   | HW Usage | HW Info                        |
+----------+---------------+-----------+----------+--------------------------------+
| A        | m_axi_gmem0   | interface |          | channel=0                      |
| A        | s_axi_control | register  | offset   | name=A_1 offset=0x10 range=32  |
| A        | s_axi_control | register  | offset   | name=A_2 offset=0x14 range=32  |
| B        | m_axi_gmem1   | interface |          | channel=0                      |
| B        | s_axi_control | register  | offset   | name=B_1 offset=0x1c range=32  |
| B        | s_axi_control | register  | offset   | name=B_2 offset=0x20 range=32  |
| size     | s_axi_control | register  |          | name=size offset=0x28 range=32 |
+----------+---------------+-----------+----------+--------------------------------+


================================================================
== M_AXI Burst Information
================================================================
 Note: All burst requests might be further partitioned into multiple requests during RTL generation based on max_read_burst_length or max_write_burst_length settings.

* All M_AXI Variable Accesses
+--------------+----------+-------------------------+-----------+--------------+-----------------+-------------------------+------------+------------------------------+
| HW Interface | Variable | Access Location         | Direction | Burst Status | Loop            | Loop Location           | Resolution | Problem                      |
+--------------+----------+-------------------------+-----------+--------------+-----------------+-------------------------+------------+------------------------------+
| m_axi_gmem0  | A        | cpu_functions.cpp:70:55 | read      | Fail         | VITIS_LOOP_59_2 | cpu_functions.cpp:59:20 | 214-229    | Could not analyze pattern    |
| m_axi_gmem0  | A        | cpu_functions.cpp:87:57 | read      | Fail         | VITIS_LOOP_77_3 | cpu_functions.cpp:77:20 | 214-229    | Could not analyze pattern    |
| m_axi_gmem1  | B        | cpu_functions.cpp:74:8  | write     | Fail         |                 |                         | 214-231    | Access is clobbered by store |
| m_axi_gmem1  | B        | cpu_functions.cpp:90:13 | write     | Fail         |                 |                         | 214-231    | Access is clobbered by store |
+--------------+----------+-------------------------+-----------+--------------+-----------------+-------------------------+------------+------------------------------+

    * Resolution URL: docs.amd.com/access/sources/dita/topic?Doc_Version=2025.2%20English&url=ug1448-hls-guidance&resourceid=XXX-YYY.html (replace XXX-YYY with column value)

================================================================
== Bind Op Report
================================================================
+-----------------------------------------------------+-----+--------+------------------+--------+----------+---------+
| Name                                                | DSP | Pragma | Variable         | Op     | Impl     | Latency |
+-----------------------------------------------------+-----+--------+------------------+--------+----------+---------+
| + ccsds_wavelet_transform                           | 28  |        |                  |        |          |         |
|   add_ln65_fu_93_p2                                 |     |        | add_ln65         | add    | fabric   | 0       |
|  + ccsds_wavelet_transform_Pipeline_VITIS_LOOP_55_1 | 28  |        |                  |        |          |         |
|    icmp_ln55_fu_213_p2                              |     |        | icmp_ln55        | seteq  | auto     | 0       |
|    add_ln55_fu_797_p2                               |     |        | add_ln55         | add    | fabric   | 0       |
|    x_position_fu_225_p2                             |     |        | x_position       | add    | fabric   | 0       |
|    x_position_1_fu_256_p2                           |     |        | x_position_1     | sub    | fabric   | 0       |
|    icmp_ln65_fu_261_p2                              |     |        | icmp_ln65        | setgt  | auto     | 0       |
|    select_ln65_fu_265_p3                            |     |        | select_ln65      | select | auto_sel | 0       |
|    empty_18_fu_271_p3                               |     |        | empty_18         | select | auto_sel | 0       |
|    add_ln70_fu_291_p2                               |     |        | add_ln70         | add    | fabric   | 0       |
|    dmul_64ns_64ns_64_7_max_dsp_1_U3                 | 11  |        | mul              | dmul   | maxdsp   | 6       |
|    dadd_64ns_64ns_64_7_full_dsp_1_U1                | 3   |        | sum_value_low    | dadd   | fulldsp  | 6       |
|    x_position_3_fu_306_p2                           |     |        | x_position_3     | add    | fabric   | 0       |
|    x_position_4_fu_338_p2                           |     |        | x_position_4     | sub    | fabric   | 0       |
|    icmp_ln65_1_fu_343_p2                            |     |        | icmp_ln65_1      | setgt  | auto     | 0       |
|    select_ln65_1_fu_347_p3                          |     |        | select_ln65_1    | select | auto_sel | 0       |
|    empty_19_fu_353_p3                               |     |        | empty_19         | select | auto_sel | 0       |
|    add_ln70_1_fu_373_p2                             |     |        | add_ln70_1       | add    | fabric   | 0       |
|    dmul_64ns_64ns_64_7_max_dsp_1_U3                 | 11  |        | mul19_1          | dmul   | maxdsp   | 6       |
|    dadd_64ns_64ns_64_7_full_dsp_1_U1                | 3   |        | sum_value_low_1  | dadd   | fulldsp  | 6       |
|    x_position_7_fu_388_p2                           |     |        | x_position_7     | add    | fabric   | 0       |
|    x_position_6_fu_393_p2                           |     |        | x_position_6     | sub    | fabric   | 0       |
|    icmp_ln65_2_fu_415_p2                            |     |        | icmp_ln65_2      | setgt  | auto     | 0       |
|    x_position_8_fu_419_p2                           |     |        | x_position_8     | add    | fabric   | 0       |
|    select_ln65_2_fu_423_p3                          |     |        | select_ln65_2    | select | auto_sel | 0       |
|    empty_20_fu_430_p3                               |     |        | empty_20         | select | auto_sel | 0       |
|    add_ln70_2_fu_449_p2                             |     |        | add_ln70_2       | add    | fabric   | 0       |
|    dmul_64ns_64ns_64_7_max_dsp_1_U3                 | 11  |        | mul19_2          | dmul   | maxdsp   | 6       |
|    dadd_64ns_64ns_64_7_full_dsp_1_U1                | 3   |        | sum_value_low_2  | dadd   | fulldsp  | 6       |
|    x_position_10_fu_464_p2                          |     |        | x_position_10    | add    | fabric   | 0       |
|    x_position_9_fu_469_p2                           |     |        | x_position_9     | sub    | fabric   | 0       |
|    icmp_ln65_3_fu_491_p2                            |     |        | icmp_ln65_3      | setgt  | auto     | 0       |
|    x_position_11_fu_495_p2                          |     |        | x_position_11    | add    | fabric   | 0       |
|    select_ln65_3_fu_499_p3                          |     |        | select_ln65_3    | select | auto_sel | 0       |
|    empty_21_fu_506_p3                               |     |        | empty_21         | select | auto_sel | 0       |
|    add_ln70_3_fu_525_p2                             |     |        | add_ln70_3       | add    | fabric   | 0       |
|    dmul_64ns_64ns_64_7_max_dsp_1_U3                 | 11  |        | mul19_3          | dmul   | maxdsp   | 6       |
|    dadd_64ns_64ns_64_7_full_dsp_1_U1                | 3   |        | sum_value_low_3  | dadd   | fulldsp  | 6       |
|    x_position_13_fu_557_p2                          |     |        | x_position_13    | sub    | fabric   | 0       |
|    icmp_ln65_4_fu_562_p2                            |     |        | icmp_ln65_4      | setgt  | auto     | 0       |
|    x_position_14_fu_566_p2                          |     |        | x_position_14    | sub    | fabric   | 0       |
|    select_ln65_4_fu_570_p3                          |     |        | select_ln65_4    | select | auto_sel | 0       |
|    empty_22_fu_577_p3                               |     |        | empty_22         | select | auto_sel | 0       |
|    add_ln70_4_fu_597_p2                             |     |        | add_ln70_4       | add    | fabric   | 0       |
|    dmul_64ns_64ns_64_7_max_dsp_1_U3                 | 11  |        | mul19_4          | dmul   | maxdsp   | 6       |
|    dadd_64ns_64ns_64_7_full_dsp_1_U1                | 3   |        | sum_value_low_4  | dadd   | fulldsp  | 6       |
|    x_position_16_fu_633_p2                          |     |        | x_position_16    | sub    | fabric   | 0       |
|    icmp_ln65_5_fu_639_p2                            |     |        | icmp_ln65_5      | setgt  | auto     | 0       |
|    x_position_17_fu_644_p2                          |     |        | x_position_17    | sub    | fabric   | 0       |
|    select_ln65_5_fu_649_p3                          |     |        | select_ln65_5    | select | auto_sel | 0       |
|    empty_23_fu_657_p3                               |     |        | empty_23         | select | auto_sel | 0       |
|    add_ln70_5_fu_676_p2                             |     |        | add_ln70_5       | add    | fabric   | 0       |
|    dmul_64ns_64ns_64_7_max_dsp_1_U3                 | 11  |        | mul19_5          | dmul   | maxdsp   | 6       |
|    dadd_64ns_64ns_64_7_full_dsp_1_U1                | 3   |        | sum_value_low_5  | dadd   | fulldsp  | 6       |
|    x_position_19_fu_691_p2                          |     |        | x_position_19    | add    | fabric   | 0       |
|    x_position_18_fu_696_p2                          |     |        | x_position_18    | sub    | fabric   | 0       |
|    icmp_ln65_6_fu_718_p2                            |     |        | icmp_ln65_6      | setgt  | auto     | 0       |
|    x_position_20_fu_722_p2                          |     |        | x_position_20    | add    | fabric   | 0       |
|    select_ln65_6_fu_726_p3                          |     |        | select_ln65_6    | select | auto_sel | 0       |
|    empty_24_fu_733_p3                               |     |        | empty_24         | select | auto_sel | 0       |
|    add_ln70_6_fu_752_p2                             |     |        | add_ln70_6       | add    | fabric   | 0       |
|    dmul_64ns_64ns_64_7_max_dsp_1_U3                 | 11  |        | mul19_6          | dmul   | maxdsp   | 6       |
|    dadd_64ns_64ns_64_7_full_dsp_1_U1                | 3   |        | sum_value_low_6  | dadd   | fulldsp  | 6       |
|    x_position_22_fu_767_p2                          |     |        | x_position_22    | add    | fabric   | 0       |
|    x_position_21_fu_772_p2                          |     |        | x_position_21    | sub    | fabric   | 0       |
|    icmp_ln65_7_fu_777_p2                            |     |        | icmp_ln65_7      | setgt  | auto     | 0       |
|    x_position_23_fu_819_p2                          |     |        | x_position_23    | add    | fabric   | 0       |
|    select_ln65_7_fu_823_p3                          |     |        | select_ln65_7    | select | auto_sel | 0       |
|    empty_25_fu_829_p3                               |     |        | empty_25         | select | auto_sel | 0       |
|    add_ln70_7_fu_848_p2                             |     |        | add_ln70_7       | add    | fabric   | 0       |
|    dmul_64ns_64ns_64_7_max_dsp_1_U3                 | 11  |        | mul19_7          | dmul   | maxdsp   | 6       |
|    dadd_64ns_64ns_64_7_full_dsp_1_U1                | 3   |        | sum_value_low_7  | dadd   | fulldsp  | 6       |
|    x_position_25_fu_782_p2                          |     |        | x_position_25    | add    | fabric   | 0       |
|    x_position_24_fu_787_p2                          |     |        | x_position_24    | sub    | fabric   | 0       |
|    icmp_ln65_8_fu_792_p2                            |     |        | icmp_ln65_8      | setgt  | auto     | 0       |
|    x_position_26_fu_870_p2                          |     |        | x_position_26    | add    | fabric   | 0       |
|    select_ln65_8_fu_874_p3                          |     |        | select_ln65_8    | select | auto_sel | 0       |
|    empty_26_fu_880_p3                               |     |        | empty_26         | select | auto_sel | 0       |
|    add_ln70_8_fu_899_p2                             |     |        | add_ln70_8       | add    | fabric   | 0       |
|    dmul_64ns_64ns_64_7_max_dsp_1_U3                 | 11  |        | mul19_8          | dmul   | maxdsp   | 6       |
|    dadd_64ns_64ns_64_7_full_dsp_1_U2                | 3   |        | sum_value_low_8  | dadd   | fulldsp  | 6       |
|    add_ln74_fu_1002_p2                              |     |        | add_ln74         | add    | fabric   | 0       |
|    dmul_64ns_64ns_64_7_max_dsp_1_U4                 | 11  |        | mul1             | dmul   | maxdsp   | 6       |
|    dadd_64ns_64ns_64_7_full_dsp_1_U1                | 3   |        | sum_value_high   | dadd   | fulldsp  | 6       |
|    dmul_64ns_64ns_64_7_max_dsp_1_U4                 | 11  |        | mul50_1          | dmul   | maxdsp   | 6       |
|    dadd_64ns_64ns_64_7_full_dsp_1_U2                | 3   |        | sum_value_high_1 | dadd   | fulldsp  | 6       |
|    dmul_64ns_64ns_64_7_max_dsp_1_U4                 | 11  |        | mul50_2          | dmul   | maxdsp   | 6       |
|    dadd_64ns_64ns_64_7_full_dsp_1_U2                | 3   |        | sum_value_high_2 | dadd   | fulldsp  | 6       |
|    dmul_64ns_64ns_64_7_max_dsp_1_U4                 | 11  |        | mul50_3          | dmul   | maxdsp   | 6       |
|    dadd_64ns_64ns_64_7_full_dsp_1_U2                | 3   |        | sum_value_high_3 | dadd   | fulldsp  | 6       |
|    dmul_64ns_64ns_64_7_max_dsp_1_U4                 | 11  |        | mul50_4          | dmul   | maxdsp   | 6       |
|    dadd_64ns_64ns_64_7_full_dsp_1_U2                | 3   |        | sum_value_high_4 | dadd   | fulldsp  | 6       |
|    dmul_64ns_64ns_64_7_max_dsp_1_U4                 | 11  |        | mul50_5          | dmul   | maxdsp   | 6       |
|    dadd_64ns_64ns_64_7_full_dsp_1_U2                | 3   |        | sum_value_high_5 | dadd   | fulldsp  | 6       |
|    dmul_64ns_64ns_64_7_max_dsp_1_U4                 | 11  |        | mul50_6          | dmul   | maxdsp   | 6       |
|    dadd_64ns_64ns_64_7_full_dsp_1_U2                | 3   |        | sum_value_high_6 | dadd   | fulldsp  | 6       |
|    add_ln90_fu_1017_p2                              |     |        | add_ln90         | add    | fabric   | 0       |
|    add_ln90_1_fu_1033_p2                            |     |        | add_ln90_1       | add    | fabric   | 0       |
+-----------------------------------------------------+-----+--------+------------------+--------+----------+---------+


================================================================
== Storage Report
================================================================
+---------------------------+-----------+-----------+------+------+--------+----------+------+---------+------------------+
| Name                      | Usage     | Type      | BRAM | URAM | Pragma | Variable | Impl | Latency | Bitwidth, Depth, |
|                           |           |           |      |      |        |          |      |         | Banks            |
+---------------------------+-----------+-----------+------+------+--------+----------+------+---------+------------------+
| + ccsds_wavelet_transform |           |           | 4    | 0    |        |          |      |         |                  |
|   control_s_axi_U         | interface | s_axilite |      |      |        |          |      |         |                  |
|   gmem0_m_axi_U           | interface | m_axi     | 4    |      |        |          |      |         |                  |
|   gmem1_m_axi_U           | interface | m_axi     |      |      |        |          |      |         |                  |
+---------------------------+-----------+-----------+------+------+--------+----------+------+---------+------------------+


================================================================
== Pragma Report
================================================================
* Inferred Pragmas
+----------+---------+--------------------------------------------------------------------------------------------------+-------------------------------+
| Type     | Options | Location                                                                                         | Inferred From                 |
+----------+---------+--------------------------------------------------------------------------------------------------+-------------------------------+
| PIPELINE |         | loop VITIS_LOOP_55_1 (cpu_functions.cpp:55:19) in ccsds_wavelet_transform (cpu_functions.cpp:55) | syn.compile.pipeline_loops=64 |
+----------+---------+--------------------------------------------------------------------------------------------------+-------------------------------+

* Valid Pragma Syntax
+-----------+---------------------------+---------------------------------------------+
| Type      | Options                   | Location                                    |
+-----------+---------------------------+---------------------------------------------+
| INTERFACE | m_axi bundle=gmem0 port=A | in ccsds_wavelet_transform (run_hls.tcl:8)  |
| INTERFACE | m_axi bundle=gmem1 port=B | in ccsds_wavelet_transform (run_hls.tcl:9)  |
| INTERFACE | s_axilite port=return     | in ccsds_wavelet_transform (run_hls.tcl:11) |
| INTERFACE | s_axilite port=size       | in ccsds_wavelet_transform (run_hls.tcl:10) |
+-----------+---------------------------+---------------------------------------------+


