#-----------------------------------------------------------
# Vivado v2025.2 (64-bit)
# SW Build 6299465 on Fri Nov 14 12:34:56 MST 2025
# IP Build 6300035 on Fri Nov 14 10:48:45 MST 2025
# SharedData Build 6298862 on Thu Nov 13 04:50:51 MST 2025
# Start of session at: Mon May  4 23:44:00 2026
# Process ID         : 137186
# Current directory  : /home/albasg/Documentos/semestre-2/pd/project/GPU4S_Bench/gpu4s_benchmark/correlation_2D/cpu_functions
# Command line       : vivado -mode batch -source run_vivado.tcl
# Log file           : /home/albasg/Documentos/semestre-2/pd/project/GPU4S_Bench/gpu4s_benchmark/correlation_2D/cpu_functions/vivado.log
# Journal file       : /home/albasg/Documentos/semestre-2/pd/project/GPU4S_Bench/gpu4s_benchmark/correlation_2D/cpu_functions/vivado.jou
# Running On         : luthier-ku
# Platform           : Ubuntu
# Operating System   : Ubuntu 24.04.4 LTS
# Processor Detail   : 13th Gen Intel(R) Core(TM) i7-1365U
# CPU Frequency      : 1223.723 MHz
# CPU Physical cores : 10
# CPU Logical cores  : 12
# Host memory        : 33282 MB
# Swap memory        : 536 MB
# Total Virtual      : 33819 MB
# Available Virtual  : 28431 MB
#-----------------------------------------------------------
source run_vivado.tcl
# create_project vivado_correlation_2D ./vivado_correlation_2D -part xc7z020clg484-1 -force
# file mkdir vivado_reports
# foreach ip_tcl [glob ./proj_correlation_2D/fsolution/syn/verilog/*_ip.tcl] {
#     source $ip_tcl
# }
## set vivado_ver [version -short]
## set fpo_ver 7.1
## if {[regexp -nocase {2015\.1.*} $vivado_ver match]} {
##     set fpo_ver 7.0
## }
## create_ip -name floating_point -version $fpo_ver -vendor xilinx.com -library ip -module_name correlation_2D_fsub_32ns_32ns_32_5_full_dsp_1_ip
INFO: [IP_Flow 19-234] Refreshing IP repositories
INFO: [IP_Flow 19-1704] No user IP repositories specified
INFO: [IP_Flow 19-2313] Loaded Vivado IP repository '/home/albasg/software/vivado/2025.2/data/ip'.
## set_property -dict [list CONFIG.a_precision_type Single \
##                           CONFIG.a_tuser_width 1 \
##                           CONFIG.add_sub_value Subtract \
##                           CONFIG.b_tuser_width 1 \
##                           CONFIG.c_a_exponent_width 8 \
##                           CONFIG.c_a_fraction_width 24 \
##                           CONFIG.c_compare_operation Programmable \
##                           CONFIG.c_has_divide_by_zero false \
##                           CONFIG.c_has_invalid_op false \
##                           CONFIG.c_has_overflow false \
##                           CONFIG.c_has_underflow false \
##                           CONFIG.c_latency 3 \
##                           CONFIG.c_mult_usage Full_Usage \
##                           CONFIG.c_optimization Speed_Optimized \
##                           CONFIG.c_rate 1 \
##                           CONFIG.c_result_exponent_width 8 \
##                           CONFIG.c_result_fraction_width 24 \
##                           CONFIG.component_name correlation_2D_fsub_32ns_32ns_32_5_full_dsp_1_ip \
##                           CONFIG.flow_control NonBlocking \
##                           CONFIG.has_a_tlast false \
##                           CONFIG.has_a_tuser false \
##                           CONFIG.has_aclken true \
##                           CONFIG.has_aresetn false \
##                           CONFIG.has_b_tlast false \
##                           CONFIG.has_b_tuser false \
##                           CONFIG.has_operation_tlast false \
##                           CONFIG.has_operation_tuser false \
##                           CONFIG.has_result_tready false \
##                           CONFIG.maximum_latency false \
##                           CONFIG.operation_tuser_width 1 \
##                           CONFIG.operation_type Add_Subtract \
##                           CONFIG.result_precision_type Single \
##                           CONFIG.result_tlast_behv Null] -objects [get_ips correlation_2D_fsub_32ns_32ns_32_5_full_dsp_1_ip] -quiet
## set_property generate_synth_checkpoint false [get_files correlation_2D_fsub_32ns_32ns_32_5_full_dsp_1_ip.xci]
## generate_target {synthesis simulation} [get_files correlation_2D_fsub_32ns_32ns_32_5_full_dsp_1_ip.xci]
INFO: [IP_Flow 19-1686] Generating 'Synthesis' target for IP 'correlation_2D_fsub_32ns_32ns_32_5_full_dsp_1_ip'...
INFO: [IP_Flow 19-1686] Generating 'Simulation' target for IP 'correlation_2D_fsub_32ns_32ns_32_5_full_dsp_1_ip'...
## set vivado_ver [version -short]
## set fpo_ver 7.1
## if {[regexp -nocase {2015\.1.*} $vivado_ver match]} {
##     set fpo_ver 7.0
## }
## create_ip -name floating_point -version $fpo_ver -vendor xilinx.com -library ip -module_name correlation_2D_fdiv_32ns_32ns_32_16_no_dsp_1_ip
## set_property -dict [list CONFIG.a_precision_type Single \
##                           CONFIG.a_tuser_width 1 \
##                           CONFIG.add_sub_value Both \
##                           CONFIG.b_tuser_width 1 \
##                           CONFIG.c_a_exponent_width 8 \
##                           CONFIG.c_a_fraction_width 24 \
##                           CONFIG.c_compare_operation Programmable \
##                           CONFIG.c_has_divide_by_zero false \
##                           CONFIG.c_has_invalid_op false \
##                           CONFIG.c_has_overflow false \
##                           CONFIG.c_has_underflow false \
##                           CONFIG.c_latency 14 \
##                           CONFIG.c_mult_usage No_Usage \
##                           CONFIG.c_optimization Speed_Optimized \
##                           CONFIG.c_rate 1 \
##                           CONFIG.c_result_exponent_width 8 \
##                           CONFIG.c_result_fraction_width 24 \
##                           CONFIG.component_name correlation_2D_fdiv_32ns_32ns_32_16_no_dsp_1_ip \
##                           CONFIG.flow_control NonBlocking \
##                           CONFIG.has_a_tlast false \
##                           CONFIG.has_a_tuser false \
##                           CONFIG.has_aclken true \
##                           CONFIG.has_aresetn false \
##                           CONFIG.has_b_tlast false \
##                           CONFIG.has_b_tuser false \
##                           CONFIG.has_operation_tlast false \
##                           CONFIG.has_operation_tuser false \
##                           CONFIG.has_result_tready false \
##                           CONFIG.maximum_latency false \
##                           CONFIG.operation_tuser_width 1 \
##                           CONFIG.operation_type Divide \
##                           CONFIG.result_precision_type Single \
##                           CONFIG.result_tlast_behv Null] -objects [get_ips correlation_2D_fdiv_32ns_32ns_32_16_no_dsp_1_ip] -quiet
## set_property generate_synth_checkpoint false [get_files correlation_2D_fdiv_32ns_32ns_32_16_no_dsp_1_ip.xci]
## generate_target {synthesis simulation} [get_files correlation_2D_fdiv_32ns_32ns_32_16_no_dsp_1_ip.xci]
INFO: [IP_Flow 19-1686] Generating 'Synthesis' target for IP 'correlation_2D_fdiv_32ns_32ns_32_16_no_dsp_1_ip'...
INFO: [IP_Flow 19-1686] Generating 'Simulation' target for IP 'correlation_2D_fdiv_32ns_32ns_32_16_no_dsp_1_ip'...
## set vivado_ver [version -short]
## set fpo_ver 7.1
## if {[regexp -nocase {2015\.1.*} $vivado_ver match]} {
##     set fpo_ver 7.0
## }
## create_ip -name floating_point -version $fpo_ver -vendor xilinx.com -library ip -module_name correlation_2D_fpext_32ns_64_2_no_dsp_1_ip
## set_property -dict [list CONFIG.a_precision_type Single \
##                           CONFIG.a_tuser_width 1 \
##                           CONFIG.add_sub_value Both \
##                           CONFIG.b_tuser_width 1 \
##                           CONFIG.c_a_exponent_width 8 \
##                           CONFIG.c_a_fraction_width 24 \
##                           CONFIG.c_compare_operation Programmable \
##                           CONFIG.c_has_divide_by_zero false \
##                           CONFIG.c_has_invalid_op false \
##                           CONFIG.c_has_overflow false \
##                           CONFIG.c_has_underflow false \
##                           CONFIG.c_latency 0 \
##                           CONFIG.c_mult_usage No_Usage \
##                           CONFIG.c_optimization Speed_Optimized \
##                           CONFIG.c_rate 1 \
##                           CONFIG.c_result_exponent_width 11 \
##                           CONFIG.c_result_fraction_width 53 \
##                           CONFIG.component_name correlation_2D_fpext_32ns_64_2_no_dsp_1_ip \
##                           CONFIG.flow_control NonBlocking \
##                           CONFIG.has_a_tlast false \
##                           CONFIG.has_a_tuser false \
##                           CONFIG.has_aclken false \
##                           CONFIG.has_aresetn false \
##                           CONFIG.has_b_tlast false \
##                           CONFIG.has_b_tuser false \
##                           CONFIG.has_operation_tlast false \
##                           CONFIG.has_operation_tuser false \
##                           CONFIG.has_result_tready false \
##                           CONFIG.maximum_latency false \
##                           CONFIG.operation_tuser_width 1 \
##                           CONFIG.operation_type Float_to_Float \
##                           CONFIG.result_precision_type Double \
##                           CONFIG.result_tlast_behv Null] -objects [get_ips correlation_2D_fpext_32ns_64_2_no_dsp_1_ip] -quiet
## set_property generate_synth_checkpoint false [get_files correlation_2D_fpext_32ns_64_2_no_dsp_1_ip.xci]
## generate_target {synthesis simulation} [get_files correlation_2D_fpext_32ns_64_2_no_dsp_1_ip.xci]
INFO: [IP_Flow 19-1686] Generating 'Synthesis' target for IP 'correlation_2D_fpext_32ns_64_2_no_dsp_1_ip'...
INFO: [IP_Flow 19-1686] Generating 'Simulation' target for IP 'correlation_2D_fpext_32ns_64_2_no_dsp_1_ip'...
## set vivado_ver [version -short]
## set fpo_ver 7.1
## if {[regexp -nocase {2015\.1.*} $vivado_ver match]} {
##     set fpo_ver 7.0
## }
## create_ip -name floating_point -version $fpo_ver -vendor xilinx.com -library ip -module_name correlation_2D_fptrunc_64ns_32_2_no_dsp_1_ip
## set_property -dict [list CONFIG.a_precision_type Double \
##                           CONFIG.a_tuser_width 1 \
##                           CONFIG.add_sub_value Both \
##                           CONFIG.b_tuser_width 1 \
##                           CONFIG.c_a_exponent_width 11 \
##                           CONFIG.c_a_fraction_width 53 \
##                           CONFIG.c_compare_operation Programmable \
##                           CONFIG.c_has_divide_by_zero false \
##                           CONFIG.c_has_invalid_op false \
##                           CONFIG.c_has_overflow false \
##                           CONFIG.c_has_underflow false \
##                           CONFIG.c_latency 0 \
##                           CONFIG.c_mult_usage No_Usage \
##                           CONFIG.c_optimization Speed_Optimized \
##                           CONFIG.c_rate 1 \
##                           CONFIG.c_result_exponent_width 8 \
##                           CONFIG.c_result_fraction_width 24 \
##                           CONFIG.component_name correlation_2D_fptrunc_64ns_32_2_no_dsp_1_ip \
##                           CONFIG.flow_control NonBlocking \
##                           CONFIG.has_a_tlast false \
##                           CONFIG.has_a_tuser false \
##                           CONFIG.has_aclken false \
##                           CONFIG.has_aresetn false \
##                           CONFIG.has_b_tlast false \
##                           CONFIG.has_b_tuser false \
##                           CONFIG.has_operation_tlast false \
##                           CONFIG.has_operation_tuser false \
##                           CONFIG.has_result_tready false \
##                           CONFIG.maximum_latency false \
##                           CONFIG.operation_tuser_width 1 \
##                           CONFIG.operation_type Float_to_Float \
##                           CONFIG.result_precision_type Single \
##                           CONFIG.result_tlast_behv Null] -objects [get_ips correlation_2D_fptrunc_64ns_32_2_no_dsp_1_ip] -quiet
## set_property generate_synth_checkpoint false [get_files correlation_2D_fptrunc_64ns_32_2_no_dsp_1_ip.xci]
## generate_target {synthesis simulation} [get_files correlation_2D_fptrunc_64ns_32_2_no_dsp_1_ip.xci]
INFO: [IP_Flow 19-1686] Generating 'Synthesis' target for IP 'correlation_2D_fptrunc_64ns_32_2_no_dsp_1_ip'...
INFO: [IP_Flow 19-1686] Generating 'Simulation' target for IP 'correlation_2D_fptrunc_64ns_32_2_no_dsp_1_ip'...
## set vivado_ver [version -short]
## set fpo_ver 7.1
## if {[regexp -nocase {2015\.1.*} $vivado_ver match]} {
##     set fpo_ver 7.0
## }
## create_ip -name floating_point -version $fpo_ver -vendor xilinx.com -library ip -module_name correlation_2D_faddfsub_32ns_32ns_32_5_full_dsp_1_ip
## set_property -dict [list CONFIG.a_precision_type Single \
##                           CONFIG.a_tuser_width 1 \
##                           CONFIG.add_sub_value Both \
##                           CONFIG.b_tuser_width 1 \
##                           CONFIG.c_a_exponent_width 8 \
##                           CONFIG.c_a_fraction_width 24 \
##                           CONFIG.c_compare_operation Programmable \
##                           CONFIG.c_has_divide_by_zero false \
##                           CONFIG.c_has_invalid_op false \
##                           CONFIG.c_has_overflow false \
##                           CONFIG.c_has_underflow false \
##                           CONFIG.c_latency 3 \
##                           CONFIG.c_mult_usage Full_Usage \
##                           CONFIG.c_optimization Speed_Optimized \
##                           CONFIG.c_rate 1 \
##                           CONFIG.c_result_exponent_width 8 \
##                           CONFIG.c_result_fraction_width 24 \
##                           CONFIG.component_name correlation_2D_faddfsub_32ns_32ns_32_5_full_dsp_1_ip \
##                           CONFIG.flow_control NonBlocking \
##                           CONFIG.has_a_tlast false \
##                           CONFIG.has_a_tuser false \
##                           CONFIG.has_aclken true \
##                           CONFIG.has_aresetn false \
##                           CONFIG.has_b_tlast false \
##                           CONFIG.has_b_tuser false \
##                           CONFIG.has_operation_tlast false \
##                           CONFIG.has_operation_tuser false \
##                           CONFIG.has_result_tready false \
##                           CONFIG.maximum_latency false \
##                           CONFIG.operation_tuser_width 1 \
##                           CONFIG.operation_type Add_Subtract \
##                           CONFIG.result_precision_type Single \
##                           CONFIG.result_tlast_behv Null] -objects [get_ips correlation_2D_faddfsub_32ns_32ns_32_5_full_dsp_1_ip] -quiet
## set_property generate_synth_checkpoint false [get_files correlation_2D_faddfsub_32ns_32ns_32_5_full_dsp_1_ip.xci]
## generate_target {synthesis simulation} [get_files correlation_2D_faddfsub_32ns_32ns_32_5_full_dsp_1_ip.xci]
INFO: [IP_Flow 19-1686] Generating 'Synthesis' target for IP 'correlation_2D_faddfsub_32ns_32ns_32_5_full_dsp_1_ip'...
INFO: [IP_Flow 19-1686] Generating 'Simulation' target for IP 'correlation_2D_faddfsub_32ns_32ns_32_5_full_dsp_1_ip'...
## set vivado_ver [version -short]
## set fpo_ver 7.1
## if {[regexp -nocase {2015\.1.*} $vivado_ver match]} {
##     set fpo_ver 7.0
## }
## create_ip -name floating_point -version $fpo_ver -vendor xilinx.com -library ip -module_name correlation_2D_dadd_64ns_64ns_64_7_full_dsp_1_ip
INFO: [Common 17-365] Interrupt caught but 'source' cannot be canceled. Please wait for command to finish.
INFO: [Common 17-365] Interrupt caught but 'source' cannot be canceled. Please wait for command to finish.
INFO: [Common 17-365] Interrupt caught but 'source' cannot be canceled. Please wait for command to finish.
INFO: [Common 17-365] Interrupt caught but 'source' cannot be canceled. Please wait for command to finish.
INFO: [Common 17-681] Processing pending cancel.

    while executing
"create_ip -name floating_point -version $fpo_ver -vendor xilinx.com -library ip -module_name correlation_2D_dadd_64ns_64ns_64_7_full_dsp_1_ip"
    (file "./proj_correlation_2D/fsolution/syn/verilog/correlation_2D_dadd_64ns_64ns_64_7_full_dsp_1_ip.tcl" line 7)
    invoked from within
"source $ip_tcl"
    ("foreach" body line 2)
    invoked from within
"foreach ip_tcl [glob ./proj_correlation_2D/fsolution/syn/verilog/*_ip.tcl] {
    source $ip_tcl
}"
    (file "run_vivado.tcl" line 5)
INFO: [Common 17-206] Exiting Vivado at Mon May  4 23:44:23 2026...
